яыEяыVяыU
Using keytable
  0) Koi-8
  1) Alt
  2) Windows(JMC,MMC)
  3) Windows(zMUD)
  4) Windows(zMUD ver. 6+)
  5) UTF-8
Select one :     
 -----------------------------------------------------------------------------                   
          Based On CircleMUD v3.0   Created by Jeremy Elson,   
          DikuMUD Gamma 0.0  by Sebastian Hammer, Michael Seifert, 
          Hans Henrik Staerfeldt, Tom Madsen, Katja Nyboe
 _____________________________________________________________________________

    #######
    ##    
    ##        ####    ####      ####  ####  ####  ####  ####  ####    ####
    #######    ######  ##     ## ##    ##  ####    ##    ##    ######  ##
    ##    ##   ##   ## ##    ##  ##    ####  ##    ########    ##   ## ##
    ##    ##   ##   ## ##    ##  ##    ###   ##    ##    ##    ##   ## ##
    #######   ####### ####  ###  ###  ####  ####  ####  ####  ####### ####

                   РџРћ РџР Р•Р”РђРќРРЇРњ Р РЈРЎРЎРљРРҐ РќРђР РћР”РќР«РҐ РЎРљРђР—РћРљ Р Р‘Р«Р›РРќ.

             РџРѕ Р°РґРјРёРЅРёСЃС‚СЂР°С‚РёРІРЅС‹Рј РІРѕРїСЂРѕСЃР°Рј РјРѕР¶РµС‚Рµ СЃРІСЏР·Р°С‚СЊСЃСЏ СЃ РЎС‚СЂРёР±РѕРіРѕРј
                	     e-mail: stribog@bylins.su

                       РџРѕСЃРµС‚РёС‚Рµ РЅР°С€ СЃР°Р№С‚: www.bylins.su
    Р”Р»СЏ Р±РѕР»РµРµ РїРѕРґСЂРѕР±РЅРѕР№ РёРіСЂРѕРІРѕР№ РёРЅС„РѕСЂРјР°С†РёРё РїРѕСЃРµС‚РёС‚Рµ www.bylins.su/?newbies

Р’РІРµРґРёС‚Рµ РёРјСЏ РїРµСЂСЃРѕРЅР°Р¶Р° (РёР»Рё "РЅРѕРІС‹Р№" РґР»СЏ СЃРѕР·РґР°РЅРёСЏ РЅРѕРІРѕРіРѕ): РџРµСЂСЃРѕРЅР°Р¶ СЃ С‚Р°РєРёРј РёРјРµРЅРµРј СѓР¶Рµ СЃСѓС‰РµСЃС‚РІСѓРµС‚. Р’РІРµРґРёС‚Рµ РїР°СЂРѕР»СЊ : ящ

РџРѕСЃР»РµРґРЅРёР№ СЂР°Р· РІС‹ Р·Р°С…РѕРґРёР»Рё Рє РЅР°Рј РІ 23:39:05  7 РСЋРЅСЏ 2018 РіРѕРґР° СЃ Р°РґСЂРµСЃР° (96.64.242.30).

* Р’ СЃРІСЏР·Рё СЃ РїСЂРѕР±Р»РµРјР°РјРё РїРµСЂРµРІРѕРґР° С„СЂР°Р·С‹ ANYKEY РЅР°Р¶РјРёС‚Рµ ENTER *ящ
  Р”РѕР±СЂРѕ РїРѕР¶Р°Р»РѕРІР°С‚СЊ РЅР° Р·РµРјР»СЋ РљРёРµРІСЃРєСѓСЋ, Р±РѕРіР°С‚СѓСЋ РёСЃС‚РѕСЂРёРµР№ Рё СЃР°РјС‹РјРё РЅРµРІРµСЂРѕСЏС‚РЅС‹РјРё
РїСЂРёРєР»СЋС‡РµРЅРёСЏРјРё. Р’РѕР·РјРѕР¶РЅРѕ, РІР°Рј РѕРЅРё РїРѕРЅСЂР°РІСЏС‚СЃСЏ, Рё РІС‹ СЃС‚Р°РЅРµС‚Рµ РІ РѕРґРёРЅ СЂСЏРґ СЃ РіРµСЂРѕСЏРјРё
РґР°РІРЅРѕ РјРёРЅСѓРІС€РёС… РґРЅРµР№.

[1;36mРљРѕРјРЅР°С‚С‹ РѕС‚РґС‹С…Р° [5000][0;37m
   РҐРѕР·СЏРёРЅ СѓСЃС‚СЂРѕРёР» Р·РґРµСЃСЊ РєРѕРјРЅР°С‚С‹ РґР»СЏ РѕС‚РґС‹С…Р°. Р›СЋР±РѕР№ Р¶РµР»Р°СЋС‰РёР№ РјРѕР¶РµС‚ РѕСЃС‚Р°РЅРѕРІРёС‚СЊСЃСЏ
Р·РґРµСЃСЊ Рё РїРµСЂРµРґРѕС…РЅСѓС‚СЊ РїРѕСЃР»Рµ РґР°Р»СЊРЅРµР№ РґРѕСЂРѕРіРё. РЎРІРµС‚Р»С‹Рµ РіРѕСЂРЅРёС†С‹ С‚Р°Рє Рё РїСЂРёРіР»Р°С€Р°СЋС‚
РїСЂРѕР№С‚Рё РІ РЅРёС… Рё СЂР°СЃС‚СЏРЅСѓС‚СЊСЃСЏ РЅР° РїРµСЂРёРЅРµ, РЅР° РїСѓС…РѕРІРѕР№ РґР° Р·Р°Р±С‹С‚СЊСЃСЏ СЃРЅРѕРј Р±РѕРіР°С‚С‹СЂСЃРєРёРј.
Р—РґРµСЃСЊ Р¶Рµ РјРѕР¶РЅРѕ РїРѕРґРѕР¶РґР°С‚СЊ СЃРІРѕРёС… РєРѕРјРїР°РЅСЊРѕРЅРѕРІ РїРµСЂРµРґ РґРѕР»РіРѕР№ РґРѕСЂРѕРіРѕР№, РїРѕРіРѕРІРѕСЂРёС‚СЊ
Рѕ РґР°Р»СЊРЅРµР№С€РёС… РїР»Р°РЅР°С….
[1;32mРЎРѕРІСЃРµРј РјР°Р»С‹С…, РґР° РЅРµ РѕР±СѓС‡РµРЅРЅС‹С… С‚Р°Рє Рё С‚СЏРЅРµС‚ [1;33mРІРѕР№С‚Рё [1;32mРІ [1;33mС€РєРѕР»Сѓ[1;32m.[0;0m

[1;33mР”РѕСЃРєР° РґР»СЏ СЂР°Р·Р»РёС‡РЅС‹С… Р·Р°РјРµС‚РѕРє Рё РѕР±СЉСЏРІР»РµРЅРёР№ РїСЂРёР±РёС‚Р° С‚СѓС‚ ..Р±Р»РµСЃС‚РёС‚!
[1;31mРџРѕР¶РёР»РѕР№ С€РёСЂРѕРєРѕРїР»РµС‡РёР№ РєСЂРµСЃС‚СЊСЏРЅРёРЅ РІ РґРѕР±СЂРѕС‚РЅРѕР№ РѕРґРµР¶РґРµ РїСЂРѕС…Р°Р¶РёРІР°РµС‚СЃСЏ С‚СѓС‚.
РҐРѕР·СЏР№РєР° РїРѕСЃС‚РѕСЏР»РѕРіРѕ РґРІРѕСЂР° СЂР°СЃРїРѕСЂСЏР¶Р°РµС‚СЃСЏ Р·РґРµСЃСЊ.
[0;0m
Р”РµСЂРµРІРЅСЏ Сѓ СЂРµРєРё (2-Р°СЏ СЂРѕРґРѕРІР°СЏ).

Р’Р°СЃ РѕР¶РёРґР°СЋС‚ СЃРѕРѕР±С‰РµРЅРёСЏ:
   2 РІ СЂР°Р·РґРµР»Рµ 'РђРЅРѕРЅСЃС‹ Рё РЅРѕРІРѕСЃС‚Рё Р‘С‹Р»РёРЅ' [1;37m(РќРѕРІРѕСЃС‚Рё)[0;37m.

[0;32m196H[0;37m [0;32m109M[0;37m 21707Рѕ Р—Р°СѓС‡:0 Р’С‹С…:v> ящР’С‹ РїРѕРїР»РµР»РёСЃСЊ РІРЅРёР·.
[1;36mРџРѕСЃС‚РѕСЏР»С‹Р№ РґРІРѕСЂ [5001][0;37m
   Р”РµСЂРµРІРЅСЏ С…РѕС‚СЊ Рё РЅРµР±РѕР»СЊС€Р°СЏ, РЅРѕ РїРѕСЃС‚РѕСЏР»С‹Р№ РґРІРѕСЂ РёРјРµРµС‚СЃСЏ, РґР»СЏ Р·Р°РµР·Р¶РёС… РіРѕСЃС‚РµР№,
С‡С‚РѕР±С‹ Р±С‹Р»Рѕ РіРґРµ РїРµСЂРµРІРµСЃС‚Рё РґСѓС…, РµРґРѕР№ Рё РїРёС‚СЊРµРј Р·Р°РїР°СЃС‚РёСЃСЊ. Рђ РµСЃР»Рё РЅР° РґРІРѕСЂРµ СѓР¶
РЅРѕС‡СЊ РёР»СЊ РїСЂРѕСЃС‚Рѕ РЅР°РґРѕ РѕСЃС‚Р°РЅРѕРІРёС‚СЃСЏ РЅР° РґРµРЅСЊ РґСЂСѓРіРѕР№ РІ РґРµСЂРµРІРЅРµ, Р° СЂРѕРґСЃС‚РІРµРЅРЅРёРєРѕРІ
РЅРµС‚, С‚Р°Рє РјРѕР¶РЅРѕ Рё РїРµСЂРµРЅРѕС‡РµРІР°С‚СЊ РІ РіРѕСЂРЅРёС†Р°С… РЅР°РІРµСЂС…Сѓ.

[1;33m[1;31mРЎРµРґРѕРІР»Р°СЃС‹Р№ СЃРєР°Р·РёС‚РµР»СЊ РіРѕС‚РѕРІ РїРѕРґРµР»РёС‚СЊСЃСЏ СЃ Р’Р°РјРё РёРЅС‚РµСЂРµСЃРЅРѕР№ РёСЃС‚РѕСЂРёРµР№.
РўСЂР°РєС‚РёСЂС‰РёРє РѕС‚РґС‹С…Р°РµС‚ Р·Р° СЃС‚РѕР№РєРѕР№.
[0;0m
[0;32m196H[0;37m [0;32m108M[0;37m 21707Рѕ Р—Р°СѓС‡:0 Р’С‹С…:Р—^> ящР’С‹ РїРѕРїР»РµР»РёСЃСЊ РЅР° Р·Р°РїР°Рґ.
[1;36mРџРµСЂРµРґ РїРѕСЃС‚РѕСЏР»С‹Рј РґРІРѕСЂРѕРј [5005][0;37m
   Р§СѓС‚СЊ РЅРµ СЃРїРѕС‚РєРЅСѓРІС€РёСЃСЊ Рѕ РґРѕСЃРєСѓ, Р»РµР¶Р°С‰СѓСЋ СЃСЂР°Р·Сѓ Сѓ РїРѕСЂРѕРіР° РїРѕСЃС‚РѕСЏР»РѕРіРѕ РґРІРѕСЂР°,
РІС‹ РѕРєР°Р·Р°Р»РёСЃСЊ РЅР° С†РµРЅС‚СЂР°Р»СЊРЅРѕР№ СѓР»РёС†Рµ РґРµСЂРµРІРЅРё. РРјРµРЅРЅРѕ РЅР° СЌС‚РѕР№ СѓР»РёС†Рµ РјРѕР¶РЅРѕ 
Р±С‹СЃС‚СЂРѕ РЅР°Р№С‚Рё Р»Р°РІРєСѓ СЂРµРјРµСЃР»РµРЅРЅРёРєР°, РґРѕРј Р·РЅР°С…Р°СЂСЏ, РєРѕРЅСЋС€РЅСЋ Рё РґРѕРј СЃС‚Р°СЂРµР№С€РёРЅС‹.
Р’ СЋР¶РЅРѕР№ С‡Р°СЃС‚Рё РґРµСЂРµРІРЅРё РїРѕСЃРµР»РёР»РёСЃСЊ РІРѕСЂРѕР¶РµРё.

[1;33m[1;31m[0;0m
[0;32m196H[0;37m [0;32m107M[0;37m 21707Рѕ Р—Р°СѓС‡:0 Р’С‹С…:РЎР’Р®Р—> ящР’С‹ РїРѕРїР»РµР»РёСЃСЊ РЅР° СЋРі.
[1;36mР¦РµРЅС‚СЂ РґРµСЂРµРІРЅРё [5004][0;37m
   Р¦РµРЅС‚СЂР°Р»СЊРЅР°СЏ С‡Р°СЃС‚СЊ РґРµСЂРµРІРЅРё Р·Р°РїРѕР»РЅРµРЅР° РЅСѓР¶РЅС‹РјРё РІСЃРµРј РјР°СЃС‚РµСЂСЃРєРёРјРё Рё Р»Р°РІРєР°РјРё.
РЈРґР°С‡РЅРѕРµ РјРµСЃС‚Рѕ РґРµСЂРµРІРЅРё РІ РЅРµР·Р°РїР°РјСЏС‚РЅС‹Рµ РІСЂРµРјРµРЅР° РїСЂРёРІР»РµРєР»Рѕ СЃСЋРґР° С‚РѕСЂРіРѕРІС†РµРІ Рё
РјР°СЃС‚РµСЂРѕРІС‹С…, Рё СЃ С‚РµС… РїРѕСЂ РїРѕРІРµР»РѕСЃСЊ, С‡С‚Рѕ РІ СЌС‚РѕР№ С‡Р°СЃС‚Рё РґРµСЂРµРІРЅРё СЃС‚РѕСЏС‚ Р±РѕР»СЊС€РёРµ Рё
Р±РѕРіР°С‚С‹Рµ РґРѕРјР°. РЎРѕ РІСЃРµР№ РѕРєСЂСѓРіРё Рё РґР°Р¶Рµ РёР· РґР°Р»РµРєРѕР№ РіР»СѓС€Рё РїСЂРёС…РѕРґСЏС‚ Р»СЋРґРё СЃСЋРґР°
Р·Р° С‚РѕРІР°СЂРѕРј РєСѓРїРёС‚СЊ С‡С‚Рѕ, РїСЂРѕРґР°С‚СЊ С‡С‚Рѕ, Р·Р°РєР°Р·Р°С‚СЊ С‡С‚Рѕ.

[1;33mРЈ РІР°С€РёС… РЅРѕРі Р»РµР¶РёС‚ РіР»РёРЅСЏРЅР°СЏ РїР»РѕС€РєР°.
[1;31mР‘Р°Р·Р°СЂРЅС‹Р№ Р·Р°Р·С‹РІР°Р»Р° СЃС‚РѕРёС‚ Р·РґРµСЃСЊ, Р·С‹С‡РЅС‹Рј РіРѕР»РѕСЃРѕРј СЂР°СЃС…РІР°Р»РёРІР°СЏ РІС‹СЃС‚Р°РІР»РµРЅРЅС‹Р№ С‚РѕРІР°СЂ.
[0;0m
[0;32m196H[0;37m [0;32m107M[0;37m 21707Рѕ Р—Р°СѓС‡:0 Р’С‹С…:РЎР®Р—> ящР’С‹ РїРѕРїР»РµР»РёСЃСЊ РЅР° СЋРі.
[1;36mРџРµСЂРµРґ РєРѕРЅСЋС€РЅРµР№ [5003][0;37m
   Р¦РµРЅС‚СЂР°Р»СЊРЅР°СЏ С‡Р°СЃС‚СЊ РґРµСЂРµРІРЅРё Р·Р°РїРѕР»РЅРµРЅР° РЅСѓР¶РЅС‹РјРё РІСЃРµРј РјР°СЃС‚РµСЂСЃРєРёРјРё Рё Р»Р°РІРєР°РјРё.
РЈРґР°С‡РЅРѕРµ РјРµСЃС‚Рѕ РґРµСЂРµРІРЅРё РІ РЅРµР·Р°РїР°РјСЏС‚РЅС‹Рµ РІСЂРµРјРµРЅР° РїСЂРёРІР»РµРєР»Рѕ СЃСЋРґР° С‚РѕСЂРіРѕРІС†РµРІ Рё
РјР°СЃС‚РµСЂРѕРІС‹С…, Рё СЃ С‚РµС… РїРѕСЂ РїРѕРІРµР»РѕСЃСЊ, С‡С‚Рѕ РІ СЌС‚РѕР№ С‡Р°СЃС‚Рё РґРµСЂРµРІРЅРё СЃС‚РѕСЏС‚ Р±РѕР»СЊС€РёРµ Рё
Р±РѕРіР°С‚С‹Рµ РґРѕРјР°. РЎРѕ РІСЃРµР№ РѕРєСЂСѓРіРё Рё РґР°Р¶Рµ РёР· РґР°Р»РµРєРѕР№ РіР»СѓС€Рё РїСЂРёС…РѕРґСЏС‚ Р»СЋРґРё СЃСЋРґР°
Р·Р° С‚РѕРІР°СЂРѕРј РєСѓРїРёС‚СЊ С‡С‚Рѕ, РїСЂРѕРґР°С‚СЊ С‡С‚Рѕ, Р·Р°РєР°Р·Р°С‚СЊ С‡С‚Рѕ.

[1;33m[1;31mРњРµСЃС‚РЅР°СЏ Р¶РёС‚РµР»СЊРЅРёС†Р° РёРґРµС‚ РїРѕ СЃРІРѕРёРј РґРµР»Р°Рј.
РњРµСЃС‚РЅС‹Р№ Р¶РёС‚РµР»СЊ РёРґРµС‚ Р·РґРµСЃСЊ.
[0;0m
[0;32m196H[0;37m [0;32m106M[0;37m 21707Рѕ Р—Р°СѓС‡:0 Р’С‹С…:РЎР’Р®Р—> ящР’С‹ РїРѕРїР»РµР»РёСЃСЊ РЅР° СЋРі.
[1;36mР¦РµРЅС‚СЂ РґРµСЂРµРІРЅРё [5009][0;37m
   Р¦РµРЅС‚СЂР°Р»СЊРЅР°СЏ С‡Р°СЃС‚СЊ РґРµСЂРµРІРЅРё Р·Р°РїРѕР»РЅРµРЅР° РЅСѓР¶РЅС‹РјРё РІСЃРµРј РјР°СЃС‚РµСЂСЃРєРёРјРё Рё Р»Р°РІРєР°РјРё.
РЈРґР°С‡РЅРѕРµ РјРµСЃС‚Рѕ РґРµСЂРµРІРЅРё РІ РЅРµР·Р°РїР°РјСЏС‚РЅС‹Рµ РІСЂРµРјРµРЅР° РїСЂРёРІР»РµРєР»Рѕ СЃСЋРґР° С‚РѕСЂРіРѕРІС†РµРІ Рё
РјР°СЃС‚РµСЂРѕРІС‹С…, Рё СЃ С‚РµС… РїРѕСЂ РїРѕРІРµР»РѕСЃСЊ, С‡С‚Рѕ РІ СЌС‚РѕР№ С‡Р°СЃС‚Рё РґРµСЂРµРІРЅРё СЃС‚РѕСЏС‚ Р±РѕР»СЊС€РёРµ Рё
Р±РѕРіР°С‚С‹Рµ РґРѕРјР°. РЎРѕ РІСЃРµР№ РѕРєСЂСѓРіРё Рё РґР°Р¶Рµ РёР· РґР°Р»РµРєРѕР№ РіР»СѓС€Рё РїСЂРёС…РѕРґСЏС‚ Р»СЋРґРё СЃСЋРґР°
Р·Р° С‚РѕРІР°СЂРѕРј РєСѓРїРёС‚СЊ С‡С‚Рѕ, РїСЂРѕРґР°С‚СЊ С‡С‚Рѕ, Р·Р°РєР°Р·Р°С‚СЊ С‡С‚Рѕ.

[1;33m[1;31m[0;0m
[0;32m196H[0;37m [0;32m106M[0;37m 21707Рѕ Р—Р°СѓС‡:0 Р’С‹С…:РЎР’Р®Р—> ящР’С‹ РїРѕРїР»РµР»РёСЃСЊ РЅР° РІРѕСЃС‚РѕРє.
[1;36mР”РІРѕСЂ СЃС‚Р°СЂРµР№С€РёРЅС‹ [5030][0;37m
   Р­С‚Рѕ СЃР°РјС‹Р№ Р±РѕР»СЊС€РѕР№ РґРІРѕСЂ РІ РґРµСЂРµРІРЅРё. Р—РґРµСЃСЊ РїСЂРѕРёСЃС…РѕРґСЏС‚ СЃС…РѕРґС‹ Р¶РёС‚РµР»РµР№ РґР»СЏ 
СЂРµС€РµРЅРёСЏ РѕР±С‰РёС… РїСЂРѕР±Р»РµРј. РљР°Р¶РґС‹Р№ РјРѕР¶РµС‚ РІС‹СЃРєР°Р·Р°С‚СЊСЃСЏ РЅР° СЌС‚РѕРј СЃРѕР±СЂР°РЅРёРё РЅРµР·Р°РІРёСЃРёРјРѕ
РѕС‚ СЃРІРѕРµРіРѕ СЃС‚Р°С‚СѓСЃР°. РРјРµРЅРЅРѕ Р·РґРµСЃСЊ СЂРµС€Р°СЋС‚СЃСЏ СЃСЃРѕСЂС‹, РЅР°РєР°Р·С‹РІР°СЋС‚СЃСЏ СЃРѕРІРµСЂС€РёРІС€РёРµ
РїР»РѕС…РёРµ РїСЂРѕСЃС‚СѓРїРєРё.

[1;33m[1;31mР•С„РёРјРёР№, Р±СЂР°С‚ РґРµСЂРµРІРµРЅСЃРєРѕРіРѕ СЃС‚Р°СЂРѕСЃС‚С‹, СЃС‚РѕРёС‚ Р·РґРµСЃСЊ.
[0;0m
[0;32m196H[0;37m [0;32m108M[0;37m 21707Рѕ Р—Р°СѓС‡:0 Р’С‹С…:Р’Р—> ящР’С‹ РїРѕРїР»РµР»РёСЃСЊ РЅР° РІРѕСЃС‚РѕРє.
[1;36mР’ РґРѕРјРµ СЃС‚Р°СЂРµР№С€РёРЅС‹ [5031][0;37m
   РЎРѕСЃС‚РѕСЏС‰РёР№ РёР· РґРІСѓС… РїСЏС‚РёСЃС‚РµРЅРєРѕРІ РґРѕРј РїРѕСЂР°Р¶Р°РµС‚ СЃРІРѕРёРјРё СЂР°Р·РјРµСЂР°РјРё. Р—РґРµСЃСЊ РјРѕРіР»Рё
Р±С‹ СЂР°Р·РјРµСЃС‚РёС‚СЊСЃСЏ С‡РµС‚С‹СЂРµ РёР»Рё РїСЏС‚СЊ РѕР±С‹С‡РЅС‹С… РґРѕРјРѕРј. Р”РІРµ РїРµС‡Рё, РЅРµСЃРєРѕР»СЊРєРѕ РєРѕРјРЅР°С‚,
РІ СЃР°РјРѕР№ Р±РѕР»СЊС€РѕР№ РёР· РєРѕС‚РѕСЂС‹С… РІС‹ СЃРµР№С‡Р°СЃ Рё РЅР°С…РѕРґРёС‚РµСЃСЊ. Р—РґРµСЃСЊ РѕРґРЅРѕРІСЂРµРјРµРЅРЅРѕ РјРѕР¶РµС‚
РЅР°С…РѕРґРёС‚СЃСЏ РЅРµ РѕРґРёРЅ РґРµСЃСЏС‚РѕРє С‡РµР»РѕРІРµРє.

[1;33m[1;31mРЎРµРґРѕР№ РєСЂРµРїРєРёР№ РјСѓР¶С‡РёРЅР° СЃС‚РѕРёС‚ Р·РґРµСЃСЊ.
...СЃРІРµС‚РёС‚СЃСЏ СЏСЂРєРёРј СЃРёСЏРЅРёРµРј 
[0;0m
[0;32m196H[0;37m [0;32m107M[0;37m 21707Рѕ Р—Р°СѓС‡:0 Р’С‹С…:Р®Р—> ящР’С‹ РїРѕРїР»РµР»РёСЃСЊ РЅР° СЋРі.
[1;36mР’ СЃРІРµС‚Р»РѕР№ РєРѕРјРЅР°С‚Рµ [5032][0;37m
   РўРёС…Р°СЏ СЃРІРµС‚Р»Р°СЏ РєРѕРјРЅР°С‚Р° Р·РЅР°С‡РёС‚РµР»СЊРЅРѕ РјРµРЅСЊС€Рµ РїСЂРµРґС‹РґСѓС‰РµР№, РЅРѕ Рё СЃСЋРґР° РїРѕСЃС‚РѕСЏРЅРЅРѕ
Р·Р°С…РѕРґСЏС‚ Р»СЋРґРё. Р—РґРµСЃСЊ РІ СЃР»СѓС‡Р°Рµ РЅРµРѕР±С…РѕРґРёРјРѕСЃС‚Рё РјРѕР¶РЅРѕ РѕСЃС‚Р°РІРёС‚СЊ РЅР° С…СЂР°РЅРµРЅРёРµ СЃРІРѕРё
РґРµРЅСЊРіРё.

[1;33mР’Р°С€ РїРѕС…РѕРґРЅС‹Р№ СЃСѓРЅРґСѓС‡РѕРє СЃС‚РѕРёС‚ Р·РґРµСЃСЊ.
[1;31mР”РѕС‡РєР° СЃС‚Р°СЂРµР№С€РёРЅС‹ СЃС‚РѕРёС‚ Р·РґРµСЃСЊ.
Р”РѕСЂРѕРґРЅР°СЏ Р¶РµРЅС‰РёРЅР° СЃС‚РѕРёС‚ Р·РґРµСЃСЊ.
[0;0m
[0;32m196H[0;37m [0;32m107M[0;37m 21707Рѕ Р—Р°СѓС‡:0 Р’С‹С…:РЎ> ящ
Р”РѕС‡РєР° СЃРєР°Р·Р°Р»Р° Р’Р°Рј:
- Р­С… С‚С‹ РіРѕСЂРµРјС‹С‡РЅС‹Р№, РіРѕР»РѕРґРЅС‹Р№ РЅР°РІРµСЂРЅРѕРµ, Р“РµРЅРѕРґ.
- Р§С‚Рѕ РјС‹ РЅРµС…СЂРёСЃС‚Рё С‡С‚РѕР±С‹ РЅРµ РЅР°РєРѕСЂРјРёС‚СЊ. 
- РЎРµР№С‡Р°СЃ, РїРѕРґРѕР¶РґРё...
Р’С‹ РїРѕР»РЅРѕСЃС‚СЊСЋ РЅР°СЃС‹С‚РёР»РёСЃСЊ.

[0;32m196H[0;37m [0;32m107M[0;37m 21707Рѕ Р—Р°СѓС‡:0 Р’С‹С…:РЎ> ящР’С‹ РїРѕРїР»РµР»РёСЃСЊ РЅР° СЃРµРІРµСЂ.
[1;36mР’ РґРѕРјРµ СЃС‚Р°СЂРµР№С€РёРЅС‹ [5031][0;37m
   РЎРѕСЃС‚РѕСЏС‰РёР№ РёР· РґРІСѓС… РїСЏС‚РёСЃС‚РµРЅРєРѕРІ РґРѕРј РїРѕСЂР°Р¶Р°РµС‚ СЃРІРѕРёРјРё СЂР°Р·РјРµСЂР°РјРё. Р—РґРµСЃСЊ РјРѕРіР»Рё
Р±С‹ СЂР°Р·РјРµСЃС‚РёС‚СЊСЃСЏ С‡РµС‚С‹СЂРµ РёР»Рё РїСЏС‚СЊ РѕР±С‹С‡РЅС‹С… РґРѕРјРѕРј. Р”РІРµ РїРµС‡Рё, РЅРµСЃРєРѕР»СЊРєРѕ РєРѕРјРЅР°С‚,
РІ СЃР°РјРѕР№ Р±РѕР»СЊС€РѕР№ РёР· РєРѕС‚РѕСЂС‹С… РІС‹ СЃРµР№С‡Р°СЃ Рё РЅР°С…РѕРґРёС‚РµСЃСЊ. Р—РґРµСЃСЊ РѕРґРЅРѕРІСЂРµРјРµРЅРЅРѕ РјРѕР¶РµС‚
РЅР°С…РѕРґРёС‚СЃСЏ РЅРµ РѕРґРёРЅ РґРµСЃСЏС‚РѕРє С‡РµР»РѕРІРµРє.

[1;33m[1;31mРЎРµРґРѕР№ РєСЂРµРїРєРёР№ РјСѓР¶С‡РёРЅР° СЃС‚РѕРёС‚ Р·РґРµСЃСЊ.
...СЃРІРµС‚РёС‚СЃСЏ СЏСЂРєРёРј СЃРёСЏРЅРёРµРј 
[0;0m
[0;32m196H[0;37m [0;32m108M[0;37m 21707Рѕ Р—Р°СѓС‡:0 Р’С‹С…:Р®Р—> ящР’С‹ РїРѕРїР»РµР»РёСЃСЊ РЅР° Р·Р°РїР°Рґ.
[1;36mР”РІРѕСЂ СЃС‚Р°СЂРµР№С€РёРЅС‹ [5030][0;37m
   Р­С‚Рѕ СЃР°РјС‹Р№ Р±РѕР»СЊС€РѕР№ РґРІРѕСЂ РІ РґРµСЂРµРІРЅРё. Р—РґРµСЃСЊ РїСЂРѕРёСЃС…РѕРґСЏС‚ СЃС…РѕРґС‹ Р¶РёС‚РµР»РµР№ РґР»СЏ 
СЂРµС€РµРЅРёСЏ РѕР±С‰РёС… РїСЂРѕР±Р»РµРј. РљР°Р¶РґС‹Р№ РјРѕР¶РµС‚ РІС‹СЃРєР°Р·Р°С‚СЊСЃСЏ РЅР° СЌС‚РѕРј СЃРѕР±СЂР°РЅРёРё РЅРµР·Р°РІРёСЃРёРјРѕ
РѕС‚ СЃРІРѕРµРіРѕ СЃС‚Р°С‚СѓСЃР°. РРјРµРЅРЅРѕ Р·РґРµСЃСЊ СЂРµС€Р°СЋС‚СЃСЏ СЃСЃРѕСЂС‹, РЅР°РєР°Р·С‹РІР°СЋС‚СЃСЏ СЃРѕРІРµСЂС€РёРІС€РёРµ
РїР»РѕС…РёРµ РїСЂРѕСЃС‚СѓРїРєРё.

[1;33m[1;31mР•С„РёРјРёР№, Р±СЂР°С‚ РґРµСЂРµРІРµРЅСЃРєРѕРіРѕ СЃС‚Р°СЂРѕСЃС‚С‹, СЃС‚РѕРёС‚ Р·РґРµСЃСЊ.
[0;0m
[0;32m196H[0;37m [0;32m108M[0;37m 21707Рѕ Р—Р°СѓС‡:0 Р’С‹С…:Р’Р—> ящР’С‹ РїРѕРїР»РµР»РёСЃСЊ РЅР° Р·Р°РїР°Рґ.
[1;36mР¦РµРЅС‚СЂ РґРµСЂРµРІРЅРё [5009][0;37m
   Р¦РµРЅС‚СЂР°Р»СЊРЅР°СЏ С‡Р°СЃС‚СЊ РґРµСЂРµРІРЅРё Р·Р°РїРѕР»РЅРµРЅР° РЅСѓР¶РЅС‹РјРё РІСЃРµРј РјР°СЃС‚РµСЂСЃРєРёРјРё Рё Р»Р°РІРєР°РјРё.
РЈРґР°С‡РЅРѕРµ РјРµСЃС‚Рѕ РґРµСЂРµРІРЅРё РІ РЅРµР·Р°РїР°РјСЏС‚РЅС‹Рµ РІСЂРµРјРµРЅР° РїСЂРёРІР»РµРєР»Рѕ СЃСЋРґР° С‚РѕСЂРіРѕРІС†РµРІ Рё
РјР°СЃС‚РµСЂРѕРІС‹С…, Рё СЃ С‚РµС… РїРѕСЂ РїРѕРІРµР»РѕСЃСЊ, С‡С‚Рѕ РІ СЌС‚РѕР№ С‡Р°СЃС‚Рё РґРµСЂРµРІРЅРё СЃС‚РѕСЏС‚ Р±РѕР»СЊС€РёРµ Рё
Р±РѕРіР°С‚С‹Рµ РґРѕРјР°. РЎРѕ РІСЃРµР№ РѕРєСЂСѓРіРё Рё РґР°Р¶Рµ РёР· РґР°Р»РµРєРѕР№ РіР»СѓС€Рё РїСЂРёС…РѕРґСЏС‚ Р»СЋРґРё СЃСЋРґР°
Р·Р° С‚РѕРІР°СЂРѕРј РєСѓРїРёС‚СЊ С‡С‚Рѕ, РїСЂРѕРґР°С‚СЊ С‡С‚Рѕ, Р·Р°РєР°Р·Р°С‚СЊ С‡С‚Рѕ.

[1;33m[1;31m[0;0m
[0;32m196H[0;37m [0;32m107M[0;37m 21707Рѕ Р—Р°СѓС‡:0 Р’С‹С…:РЎР’Р®Р—> ящР’С‹ РїРѕРїР»РµР»РёСЃСЊ РЅР° СЃРµРІРµСЂ.
[1;36mРџРµСЂРµРґ РєРѕРЅСЋС€РЅРµР№ [5003][0;37m
   Р¦РµРЅС‚СЂР°Р»СЊРЅР°СЏ С‡Р°СЃС‚СЊ РґРµСЂРµРІРЅРё Р·Р°РїРѕР»РЅРµРЅР° РЅСѓР¶РЅС‹РјРё РІСЃРµРј РјР°СЃС‚РµСЂСЃРєРёРјРё Рё Р»Р°РІРєР°РјРё.
РЈРґР°С‡РЅРѕРµ РјРµСЃС‚Рѕ РґРµСЂРµРІРЅРё РІ РЅРµР·Р°РїР°РјСЏС‚РЅС‹Рµ РІСЂРµРјРµРЅР° РїСЂРёРІР»РµРєР»Рѕ СЃСЋРґР° С‚РѕСЂРіРѕРІС†РµРІ Рё
РјР°СЃС‚РµСЂРѕРІС‹С…, Рё СЃ С‚РµС… РїРѕСЂ РїРѕРІРµР»РѕСЃСЊ, С‡С‚Рѕ РІ СЌС‚РѕР№ С‡Р°СЃС‚Рё РґРµСЂРµРІРЅРё СЃС‚РѕСЏС‚ Р±РѕР»СЊС€РёРµ Рё
Р±РѕРіР°С‚С‹Рµ РґРѕРјР°. РЎРѕ РІСЃРµР№ РѕРєСЂСѓРіРё Рё РґР°Р¶Рµ РёР· РґР°Р»РµРєРѕР№ РіР»СѓС€Рё РїСЂРёС…РѕРґСЏС‚ Р»СЋРґРё СЃСЋРґР°
Р·Р° С‚РѕРІР°СЂРѕРј РєСѓРїРёС‚СЊ С‡С‚Рѕ, РїСЂРѕРґР°С‚СЊ С‡С‚Рѕ, Р·Р°РєР°Р·Р°С‚СЊ С‡С‚Рѕ.

[1;33m[1;31mРњРµСЃС‚РЅР°СЏ Р¶РёС‚РµР»СЊРЅРёС†Р° РёРґРµС‚ РїРѕ СЃРІРѕРёРј РґРµР»Р°Рј.
РњРµСЃС‚РЅС‹Р№ Р¶РёС‚РµР»СЊ РёРґРµС‚ Р·РґРµСЃСЊ.
[0;0m
[0;32m196H[0;37m [0;32m108M[0;37m 21707Рѕ Р—Р°СѓС‡:0 Р’С‹С…:РЎР’Р®Р—> ящР’С‹ РїРѕРїР»РµР»РёСЃСЊ РЅР° СЃРµРІРµСЂ.
[1;36mР¦РµРЅС‚СЂ РґРµСЂРµРІРЅРё [5004][0;37m
   Р¦РµРЅС‚СЂР°Р»СЊРЅР°СЏ С‡Р°СЃС‚СЊ РґРµСЂРµРІРЅРё Р·Р°РїРѕР»РЅРµРЅР° РЅСѓР¶РЅС‹РјРё РІСЃРµРј РјР°СЃС‚РµСЂСЃРєРёРјРё Рё Р»Р°РІРєР°РјРё.
РЈРґР°С‡РЅРѕРµ РјРµСЃС‚Рѕ РґРµСЂРµРІРЅРё РІ РЅРµР·Р°РїР°РјСЏС‚РЅС‹Рµ РІСЂРµРјРµРЅР° РїСЂРёРІР»РµРєР»Рѕ СЃСЋРґР° С‚РѕСЂРіРѕРІС†РµРІ Рё
РјР°СЃС‚РµСЂРѕРІС‹С…, Рё СЃ С‚РµС… РїРѕСЂ РїРѕРІРµР»РѕСЃСЊ, С‡С‚Рѕ РІ СЌС‚РѕР№ С‡Р°СЃС‚Рё РґРµСЂРµРІРЅРё СЃС‚РѕСЏС‚ Р±РѕР»СЊС€РёРµ Рё
Р±РѕРіР°С‚С‹Рµ РґРѕРјР°. РЎРѕ РІСЃРµР№ РѕРєСЂСѓРіРё Рё РґР°Р¶Рµ РёР· РґР°Р»РµРєРѕР№ РіР»СѓС€Рё РїСЂРёС…РѕРґСЏС‚ Р»СЋРґРё СЃСЋРґР°
Р·Р° С‚РѕРІР°СЂРѕРј РєСѓРїРёС‚СЊ С‡С‚Рѕ, РїСЂРѕРґР°С‚СЊ С‡С‚Рѕ, Р·Р°РєР°Р·Р°С‚СЊ С‡С‚Рѕ.

[1;33mРЈ РІР°С€РёС… РЅРѕРі Р»РµР¶РёС‚ РіР»РёРЅСЏРЅР°СЏ РїР»РѕС€РєР°.
[1;31mР‘Р°Р·Р°СЂРЅС‹Р№ Р·Р°Р·С‹РІР°Р»Р° СЃС‚РѕРёС‚ Р·РґРµСЃСЊ, Р·С‹С‡РЅС‹Рј РіРѕР»РѕСЃРѕРј СЂР°СЃС…РІР°Р»РёРІР°СЏ РІС‹СЃС‚Р°РІР»РµРЅРЅС‹Р№ С‚РѕРІР°СЂ.
[0;0m
[0;32m196H[0;37m [0;32m107M[0;37m 21707Рѕ Р—Р°СѓС‡:0 Р’С‹С…:РЎР®Р—> ящР’С‹ РїРѕРїР»РµР»РёСЃСЊ РЅР° СЃРµРІРµСЂ.
[1;36mРџРµСЂРµРґ РїРѕСЃС‚РѕСЏР»С‹Рј РґРІРѕСЂРѕРј [5005][0;37m
   Р§СѓС‚СЊ РЅРµ СЃРїРѕС‚РєРЅСѓРІС€РёСЃСЊ Рѕ РґРѕСЃРєСѓ, Р»РµР¶Р°С‰СѓСЋ СЃСЂР°Р·Сѓ Сѓ РїРѕСЂРѕРіР° РїРѕСЃС‚РѕСЏР»РѕРіРѕ РґРІРѕСЂР°,
РІС‹ РѕРєР°Р·Р°Р»РёСЃСЊ РЅР° С†РµРЅС‚СЂР°Р»СЊРЅРѕР№ СѓР»РёС†Рµ РґРµСЂРµРІРЅРё. РРјРµРЅРЅРѕ РЅР° СЌС‚РѕР№ СѓР»РёС†Рµ РјРѕР¶РЅРѕ 
Р±С‹СЃС‚СЂРѕ РЅР°Р№С‚Рё Р»Р°РІРєСѓ СЂРµРјРµСЃР»РµРЅРЅРёРєР°, РґРѕРј Р·РЅР°С…Р°СЂСЏ, РєРѕРЅСЋС€РЅСЋ Рё РґРѕРј СЃС‚Р°СЂРµР№С€РёРЅС‹.
Р’ СЋР¶РЅРѕР№ С‡Р°СЃС‚Рё РґРµСЂРµРІРЅРё РїРѕСЃРµР»РёР»РёСЃСЊ РІРѕСЂРѕР¶РµРё.

[1;33m[1;31m[0;0m
[0;32m196H[0;37m [0;32m107M[0;37m 21707Рѕ Р—Р°СѓС‡:0 Р’С‹С…:РЎР’Р®Р—> ящР’С‹ РїРѕРїР»РµР»РёСЃСЊ РЅР° СЃРµРІРµСЂ.
[1;36mРљ С†РµРЅС‚СЂСѓ РґРµСЂРµРІРЅРё [5006][0;37m
   РџРѕРЅРµРјРЅРѕРіСѓ РѕСЃС‚Р°СЋС‚СЃСЏ РїРѕР·Р°РґРё РіР»Р°РІРЅС‹Рµ РґРѕРјР° РґРµСЂРµРІРЅРё, Рё РІРѕРєСЂСѓРі РѕС‚РєСЂС‹РІР°РµС‚СЃСЏ РѕР±С‹С‡РЅС‹Р№
РґРµСЂРµРІРµРЅСЃРєРёР№ РІРёРґ. РљСЂРµРїРєРёРµ РґРѕРјР° СЃ РјР°Р»РµРЅСЊРєРёРјРё РѕРєРЅР°РјРё, РЅРѕ РЅРµРёР·РјРµРЅРЅС‹РјРё С‚СЂСѓР±Р°РјРё
РїРµС‡РµР№. РР·РіРѕСЂРѕРґСЊ, СЃС‚РѕСЏС‰Р°СЏ Р·Р° РґРѕРјР°РјРё РІРґРѕР»СЊ Р»РµСЃР° Рё Р·Р°С‰РёС‰Р°СЋС‰Р°СЏ РґРµСЂРµРІРЅСЋ СЃ С‚С‹Р»Р°. 
РќРµС‚РѕСЂРѕРїР»РёРІС‹Р№ Р»СЋРґ, РёРґСѓС‰РёР№ РїРѕ СЃРІРѕРёРј РёР·РІРµС‡РЅС‹Рј РґРµР»Р°Рј.

[1;33m[1;31m[0;0m
[0;32m196H[0;37m [0;32m108M[0;37m 21707Рѕ Р—Р°СѓС‡:0 Р’С‹С…:РЎР’Р®Р—> ящ
РЎРёР»СЊРЅС‹Р№ РІРµС‚РµСЂ.

[0;32m196H[0;37m [0;32m109M[0;37m 21707Рѕ Р—Р°СѓС‡:0 Р’С‹С…:РЎР’Р®Р—> ящ
[1;31mРњРёРЅСѓР» С‡Р°СЃ.[0;37m

[0;32m196H[0;37m [0;32m109M[0;37m 21707Рѕ Р—Р°СѓС‡:0 Р’С‹С…:РЎР’Р®Р—> ящР’С‹ РїРѕРїР»РµР»РёСЃСЊ РЅР° Р·Р°РїР°Рґ.
[1;36mР—Р°Р±СЂРѕС€РµРЅРЅС‹Р№ РґРѕРј [5023][0;37m
   РЎ РІРёРґСѓ С…РѕСЂРѕС€РёР№ РґРѕРј СЃС‚РѕРёС‚ РЅР° С†РµРЅС‚СЂР°Р»СЊРЅРѕР№ СѓР»РёС†Рµ СЃСЂРµРґРё Р±РѕР»СЊС€РёС… Рё Р±РѕРіР°С‚С‹С…
РґРѕРјРѕРІ. Р—Р°РєРѕР»РѕС‡РµРЅС‹ СЃС‚Р°РІРЅРё, Р·Р°РїСѓСЃС‚РµРЅСЊРµ РІРѕ РґРІРѕСЂРµ. Р§С‚Рѕ Р·Р° РЅР°РїР°СЃС‚СЊ Р·Р°СЃС‚Р°РІРёР»Р° 
С…РѕР·СЏРµРІ РїРѕРєРёРЅСѓС‚СЊ СЃРІРѕРµ Р¶РёР»РёС‰Рµ Рё РёСЃРєР°С‚СЊ РЅРѕРІРѕРµ РјРµСЃС‚Рѕ.

[1;33m[1;31m[0;0m
[0;32m196H[0;37m [0;32m108M[0;37m 21707Рѕ Р—Р°СѓС‡:0 Р’С‹С…:Р’Р—> ящР’С‹ РїРѕРїР»РµР»РёСЃСЊ РЅР° Р·Р°РїР°Рґ.
[1;36mРќР° РєСЂС‹Р»СЊС†Рµ [5100][0;37m
   РџРѕРєРѕСЃРёРІС€РµРµСЃСЏ РєСЂС‹Р»СЊС†Рѕ СЃРєСЂРёРїРёС‚ РїРѕРґ РЅРѕРіР°РјРё. Р”РµСЂРµРІРѕ РїРѕС‡РµСЂРЅРµР»Рѕ Рё РѕР±Р»СѓРїРёР»РѕСЃСЊ, РЅРѕ
СЃРѕС…СЂР°РЅРёР»Рѕ РєСЂРµРїРѕСЃС‚СЊ. РҐРѕС‚СЊ Рё РјРѕР¶РЅРѕ Р·РґРµСЃСЊ РїРѕСЃС‚РѕСЏС‚СЊ, РЅРѕ Р’Р°СЃ Р±РѕР»СЊС€Рµ РёРЅС‚РµСЂРµСЃСѓРµС‚ СЃР°Рј
Р·Р°Р±СЂРѕС€РµРЅРЅС‹Р№ РґРѕРј. РҐРѕС‡РµС‚СЃСЏ Р·Р°Р№С‚Рё, РЅРѕ С…РѕР»РѕРґРѕРє РІ РіСЂСѓРґРё Р·Р°СЃС‚Р°РІР»СЏРµС‚ РїРѕРґСѓРјР°С‚СЊ РЅР°Рґ
СЌС‚РёРј С€Р°РіРѕРј. 

[1;33m[1;31m(Р»РµС‚РёС‚) РњСѓС…Р° Р»РµС‚Р°РµС‚ Р·РґРµСЃСЊ.
РљР»РѕРї РїРѕР»Р·Р°РµС‚ Р·РґРµСЃСЊ.
РЎРµСЂР°СЏ РјС‹С€СЊ СЋСЂРєРЅСѓР»Р° Р·РґРµСЃСЊ.
(Р»РµС‚РёС‚) РњСѓС…Р° Р»РµС‚Р°РµС‚ Р·РґРµСЃСЊ.
[0;0m
Р—Р°Р±СЂРѕС€РµРЅРЅС‹Р№ РґРѕРј (СЃСЂРµРґРЅРёР№ СѓСЂРѕРІРµРЅСЊ: 2).

[0;32m196H[0;37m [0;32m108M[0;37m 21707Рѕ Р—Р°СѓС‡:0 Р’С‹С…:Р’Р—> ящР’С‹ РїРѕРїР»РµР»РёСЃСЊ РЅР° Р·Р°РїР°Рґ.
[1;36mР’ СЃРµРЅСЏС… [5101][0;37m
   РЎРµРЅРё РєРѕРіРґР°-С‚Рѕ СЃР»СѓР¶РёР»Рё РїСЂРѕРјРµР¶СѓС‚РѕС‡РЅРѕР№ С‡Р°СЃС‚СЊСЋ РјРµР¶РґСѓ РѕС‚Р°РїР»РёРІР°РµРјРѕР№ Рё 
С…РѕР·СЏР№СЃС‚РІРµРЅРЅРѕР№ С‡Р°СЃС‚СЊСЋ РґРѕРјР°. Р—РґРµСЃСЊ РєРѕРіРґР°-С‚Рѕ Р»РµР¶Р°Р»Р° РЅРµС…РёС‚СЂР°СЏ РєСЂРµСЃС‚СЊСЏРЅСЃРєР°СЏ 
СѓС‚РІР°СЂСЊ, РЅРѕ СЃРµР№С‡Р°СЃ С‚РѕР»СЊРєРѕ РїС‹Р»СЊ Рё РіСЂСЏР·СЊ.

[1;33mРЈ РІР°С€РёС… РЅРѕРі Р»РµР¶РёС‚ РіР»РёРЅСЏРЅР°СЏ РїР»РѕС€РєР°.
[1;31mРўР°СЂР°РєР°РЅ Р±С‹СЃС‚СЂРѕ РїСЂРѕР±РµР¶Р°Р» Р·РґРµСЃСЊ.
[0;0m
[0;32m196H[0;37m [0;32m107M[0;37m 21707Рѕ Р—Р°СѓС‡:0 Р’С‹С…:Р’Р—> ящР’С‹ РїРѕРїР»РµР»РёСЃСЊ РЅР° Р·Р°РїР°Рґ.
[1;36mР’ СЃРµРЅСЏС… [5102][0;37m
   Р§С‚Рѕ Р·Р°СЃС‚Р°РІРёР»Рѕ С…РѕР·СЏРµРІ РїРѕРєРёРЅСѓС‚СЊ СЌС‚РѕС‚ РґРѕРј, СЃРѕС…СЂР°РЅРёРІС€РёР№СЃСЏ РІ РїСЂРёР»РёС‡РЅРѕРј СЃРѕСЃС‚РѕСЏРЅРёРё
РґР°Р¶Рµ Р·Р° РґРѕР»РіРѕРµ РІСЂРµРјСЏ Р·Р°РїСѓСЃС‚РµРЅРёСЏ Рё РѕРґРёРЅРѕС‡РµСЃС‚РІР°? Р’ СЌС‚РѕРј РјРµСЃС‚Рµ СЃРµРЅРµР№ РЅР°С…РѕРґСЏС‚СЃСЏ
РґРІРµ РґРІРµСЂРё, РѕРґРЅР° РёР· РєРѕС‚РѕСЂС‹С… РІРµРґРµС‚ РІ РёР·Р±Сѓ, РґСЂСѓРіР°СЏ - РЅР° СЃРµРЅРѕРІР°Р».  

[1;33m[1;31mР‘Р»РѕС…Р° РїСЂСЏС‡РµС‚СЃСЏ РІ РјСѓСЃРѕСЂРµ.
[0;0m
[0;32m196H[0;37m [0;32m108M[0;37m 21707Рѕ Р—Р°СѓС‡:0 Р’С‹С…:(РЎ)Р’(Р®)> ящР—Р°РєСЂС‹С‚Рѕ.

[0;32m196H[0;37m [0;32m108M[0;37m 21707Рѕ Р—Р°СѓС‡:0 Р’С‹С…:(РЎ)Р’(Р®)> ящР›Р°РґСѓС€РєРё.

[0;32m196H[0;37m [0;32m109M[0;37m 21707Рѕ Р—Р°СѓС‡:0 Р’С‹С…:(РЎ)Р’Р®> ящР’С‹ РїРѕРїР»РµР»РёСЃСЊ РЅР° СЋРі.
[1;36mРќР° СЃРµРЅРѕРІР°Р»Рµ [5103][0;37m
   РџРѕРґ РЅРѕРіР°РјРё СЂР°Р·Р±СЂРѕСЃР°РЅР° СЃРѕР»РѕРјР° РІРїРµСЂРµРјРµС€РєСѓ СЃ СЃРµРЅРѕРј, РїРѕ СѓРіР»Р°Рј Р»РµР¶Р°С‚ СЃС‚Р°СЂС‹Рµ
РёРЅСЃС‚СЂСѓРјРµРЅС‚С‹. РЎСЋРґР° Р·Р°Р±СЂР°СЃС‹РІР°РµС‚СЃСЏ РєРѕСЂРј РґР»СЏ РґРѕРјР°С€РЅРµРіРѕ СЃРєРѕС‚Р°, Р° РїРѕС‚РѕРј РїРѕРґР°РµС‚СЃСЏ
РїРѕ СЃС‚РѕР№Р»Р°Рј.

[1;33mРЈ РІР°С€РёС… РЅРѕРі Р»РµР¶РёС‚ РіР»РёРЅСЏРЅР°СЏ РїР»РѕС€РєР°.
[1;31m[0;0m
[0;32m196H[0;37m [0;32m108M[0;37m 21707Рѕ Р—Р°СѓС‡:0 Р’С‹С…:РЎР’Р®> ящР’С‹ РїРѕРїР»РµР»РёСЃСЊ РЅР° РІРѕСЃС‚РѕРє.
[1;36mРќР° СЃРµРЅРѕРІР°Р»Рµ [5104][0;37m
   РџРѕРґ РЅРѕРіР°РјРё СЂР°Р·Р±СЂРѕСЃР°РЅР° СЃРѕР»РѕРјР° РІРїРµСЂРµРјРµС€РєСѓ СЃ СЃРµРЅРѕРј, РїРѕ СѓРіР»Р°Рј Р»РµР¶Р°С‚ СЃС‚Р°СЂС‹Рµ
РёРЅСЃС‚СЂСѓРјРµРЅС‚С‹. РЎСЋРґР° Р·Р°Р±СЂР°СЃС‹РІР°РµС‚СЃСЏ РєРѕСЂРј РґР»СЏ РґРѕРјР°С€РЅРµРіРѕ СЃРєРѕС‚Р°, Р° РїРѕС‚РѕРј РїРѕРґР°РµС‚СЃСЏ
РїРѕ СЃС‚РѕР№Р»Р°Рј.

[1;33mРќР° РїРѕР»Сѓ Р»РµР¶РёС‚ Р»РµСЃС‚РЅРёС†Р°.
[1;31mРўР°СЂР°РєР°РЅ Р±С‹СЃС‚СЂРѕ РїСЂРѕР±РµР¶Р°Р» Р·РґРµСЃСЊ.
РљР»РѕРї РїРѕР»Р·Р°РµС‚ Р·РґРµСЃСЊ.
[0;0m
[0;32m196H[0;37m [0;32m107M[0;37m 21707Рѕ Р—Р°СѓС‡:0 Р’С‹С…:Р®Р—> ящР’С‹ РЅРµ СЃРјРѕР¶РµС‚Рµ С‚СѓРґР° РїСЂРѕР№С‚Рё...

[0;32m196H[0;37m [0;32m108M[0;37m 21707Рѕ Р—Р°СѓС‡:0 Р’С‹С…:Р®Р—> ящРџРѕРґРЅР°С‚СѓР¶РёРІС€РёСЃСЊ, Р’С‹ РїСЂРёСЃС‚Р°РІРёР»Рё Р»РµСЃС‚РЅРёС†Сѓ Рё С‚РµРїРµСЂСЊ РјРѕР¶РЅРѕ РїРѕРґРЅСЏС‚СЊСЃСЏ РЅР°РІРµСЂС….

[0;32m196H[0;37m [0;32m109M[0;37m 21707Рѕ Р—Р°СѓС‡:0 Р’С‹С…:Р®Р—^> ящР’С‹ РїРѕРїР»РµР»РёСЃСЊ РІРІРµСЂС….
[1;36mРќР° С‡РµСЂРґР°РєРµ [5117][0;37m
   РџС‹Р»СЊРЅС‹Р№ С‡РµСЂРґР°Рє Р·Р°РІР°Р»РµРЅ СЃС‚Р°СЂС‹РјРё РІРµС‰Р°РјРё Рё СЂР°Р·РЅС‹Рј С…Р»Р°РјРѕРј, РІСЃРµРіРґР° СѓР±РёСЂР°РµРјС‹Рј
СЃ РіР»Р°Р· РґРѕР»РѕР№ РїРѕРґР°Р»СЊС€Рµ.

[1;33m[1;31m[0;0m
[0;32m196H[0;37m [0;32m108M[0;37m 21707Рѕ Р—Р°СѓС‡:0 Р’С‹С…:РЎР’v> ящР’С‹ РїРѕРїР»РµР»РёСЃСЊ РЅР° СЃРµРІРµСЂ.
[1;36mР§РµСЂРґР°Рє [5119][0;37m
   РџРѕРґ СЃС‚Р°СЂС‹РјРё РіСЂСЏР·РЅС‹РјРё С‚СЂСЏРїРєР°РјРё РІС‹ РѕР±РЅР°СЂСѓР¶РёР»Рё РјР°Р»РµРЅСЊРєРёР№ С‚РєР°С†РєРёР№ СЃС‚Р°РЅРѕС‡РµРє,
С‚РѕС‚, РЅР° РєРѕС‚РѕСЂРѕРј РёР· РјСЏРіРєРѕРіРѕ Р»СЊРЅР° С‚РєСѓС‚ РїРѕР»РѕС‚РЅРѕ. Р­С‚Рѕ Р±РѕР»СЊС€Р°СЏ С†РµРЅРЅРѕСЃС‚СЊ, РєР°Рє РјРѕРіР»Рё
С…РѕР·СЏРµРІР° РѕСЃС‚Р°РІРёС‚СЊ РµРіРѕ.

[1;33mРџС‹Р»СЊРЅС‹Р№ СЃСѓРЅРґСѓРє Р»РµР¶РёС‚ СЃСЂРµРґРё РјСѓСЃРѕСЂР°.
[1;31m(Р»РµС‚РёС‚) РњСѓС…Р° Р»РµС‚Р°РµС‚ Р·РґРµСЃСЊ.
РЎРµСЂР°СЏ РјС‹С€СЊ СЋСЂРєРЅСѓР»Р° Р·РґРµСЃСЊ.
[0;0m
[0;32m196H[0;37m [0;32m107M[0;37m 21707Рѕ Р—Р°СѓС‡:0 Р’С‹С…:РЎР’Р®> ящР’С‹ РїРѕРїР»РµР»РёСЃСЊ РЅР° СЃРµРІРµСЂ.
[1;36mР§РµСЂРґР°Рє [5121][0;37m
   РЎРєРІРѕР·СЊ СЂР°Р·РѕС€РµРґС€РёРµСЃСЏ Рё РїСЂРѕС…СѓРґРёРІС€РёРµСЃСЏ РґРѕСЃРєРё РѕС‚РєСЂС‹РІР°РµС‚СЃСЏ РІРёРґ РЅР° СЌС‚Сѓ С‡Р°СЃС‚СЊ
РґРµСЂРµРІРЅРё Рё СЂРµРєСѓ Р·Р° РЅРµР№. Р”Р°, Р±РѕР»СЊС€Р°СЏ СЂРµРєР°, Рё РЅР° РЅРµР№ РјР°Р»СЋСЃРµРЅСЊРєРѕРµ РїСЏС‚РЅРѕ РґРµСЂРµРІРЅРё.

[1;33m[1;31m[0;0m
[0;32m196H[0;37m [0;32m106M[0;37m 21707Рѕ Р—Р°СѓС‡:0 Р’С‹С…:Р’Р®> ящР’С‹ РїРѕРїР»РµР»РёСЃСЊ РЅР° РІРѕСЃС‚РѕРє.
[1;36mР§РµСЂРґР°Рє [5122][0;37m
   Р—РґРµСЃСЊ РґР°РІРЅРѕ РїРѕСЃРµР»РёР»СЃСЏ РїР°СѓРє Рё Р·Р°РєСЂС‹Р» РІСЃРµ РІРѕР·РјРѕР¶РЅС‹Рµ СѓРіР»Р° СЃРІРѕРёРјРё СЃРµС‚СЏРјРё.
Р’РѕР»СЊРіРѕС‚РЅРѕ РµРјСѓ, РЅРёРєС‚Рѕ РЅРµ Р±РµСЃРїРѕРєРѕРёС‚, РІРѕРЅ СЃРєРѕР»СЊРєРѕ СѓР¶Рµ РЅР° РїРѕР»Сѓ РІР°Р»СЏРµС‚СЃСЏ
РѕР±РµСЃРєСЂРѕРІР»РµРЅРЅС‹С… РЅР°СЃРµРєРѕРјС‹С….

[1;33m[1;31mР‘РѕР»СЊС€РѕР№ РїР°СѓРє СЃ Р±РµР»С‹Рј Р±СЂСЋС…РѕРј Р¶РґРµС‚ Р¶РµСЂС‚РІСѓ Р·РґРµСЃСЊ.
[0;0m[0;31mР‘РµР»С‹Р№ РїР°СѓРє РїРѕРїС‹С‚Р°Р»СЃСЏ СѓР¶Р°Р»РёС‚СЊ РІР°СЃ, РЅРѕ РїСЂРѕРјР°С…РЅСѓР»СЃСЏ.
[0;0m
[0;32m196H[0;37m [0;32m107M[0;37m 21707Рѕ Р—Р°СѓС‡:0 [0;32m[Р“РµРЅРѕРґ:РќРµРІСЂРµРґРёРј][0;37m [0;32m[Р±РµР»С‹Р№ РїР°СѓРє:РќРµРІСЂРµРґРёРј][0;37m > ящ
Р‘РµР»С‹Р№ РїР°СѓРє РёР·РґР°Р» РЅРµРїРѕРЅСЏС‚РЅС‹Р№ Р·РІСѓРє.
[0;31mР‘РµР»С‹Р№ РїР°СѓРє РїРѕРїС‹С‚Р°Р»СЃСЏ СѓР¶Р°Р»РёС‚СЊ РІР°СЃ, РЅРѕ РїСЂРѕРјР°С…РЅСѓР»СЃСЏ.
[0;0m[0;33mР’С‹ РїРѕРїС‹С‚Р°Р»РёСЃСЊ СЂРµР·Р°РЅСѓС‚СЊ Р±РµР»РѕРіРѕ РїР°СѓРєР°, РЅРѕ РІР°С€ СѓРґР°СЂ РЅРµ РґРѕСЃС‚РёРі С†РµР»Рё.
[0;0m[0;33mР’С‹ РїРѕРїС‹С‚Р°Р»РёСЃСЊ СЂСѓР±Р°РЅСѓС‚СЊ Р±РµР»РѕРіРѕ РїР°СѓРєР°, РЅРѕ РїСЂРѕРјР°С…РЅСѓР»РёСЃСЊ.
[0;0m
[0;32m196H[0;37m [0;32m107M[0;37m 21705Рѕ Р—Р°СѓС‡:0 [0;32m[Р“РµРЅРѕРґ:РќРµРІСЂРµРґРёРј][0;37m [0;32m[Р±РµР»С‹Р№ РїР°СѓРє:РќРµРІСЂРµРґРёРј][0;37m > ящ
[0;31mР‘РµР»С‹Р№ РїР°СѓРє РїРѕРїС‹С‚Р°Р»СЃСЏ СѓР¶Р°Р»РёС‚СЊ РІР°СЃ, РЅРѕ РїСЂРѕРјР°С…РЅСѓР»СЃСЏ.
[0;0m[1;33mР’С‹ СЃР»РµРіРєР° СЂРµР·Р°РЅСѓР»Рё Р±РµР»РѕРіРѕ РїР°СѓРєР°.
[0;0m[1;33mР’С‹ СЃР»РµРіРєР° СЂСѓР±Р°РЅСѓР»Рё Р±РµР»РѕРіРѕ РїР°СѓРєР°.
[0;0m
[0;32m196H[0;37m [0;32m109M[0;37m 21668Рѕ Р—Р°СѓС‡:0 [0;32m[Р“РµРЅРѕРґ:РќРµРІСЂРµРґРёРј][0;37m [1;32m[Р±РµР»С‹Р№ РїР°СѓРє:Р›РµРіРєРѕ СЂР°РЅРµРЅ][0;37m > ящ
[0;33mР’С‹ РїРѕРїС‹С‚Р°Р»РёСЃСЊ СЂРµР·Р°РЅСѓС‚СЊ Р±РµР»РѕРіРѕ РїР°СѓРєР°, РЅРѕ РІР°С€ СѓРґР°СЂ РЅРµ РґРѕСЃС‚РёРі С†РµР»Рё.
[0;0m[0;31mР‘РµР»С‹Р№ РїР°СѓРє РїРѕРїС‹С‚Р°Р»СЃСЏ СѓР¶Р°Р»РёС‚СЊ РІР°СЃ, РЅРѕ РїСЂРѕРјР°С…РЅСѓР»СЃСЏ.
[0;0mР‘РµР»С‹Р№ РїР°СѓРє РЅРµ СЃРјРѕРі РїРµСЂРµС…РІР°С‚РёС‚СЊ РІР°С€Сѓ Р°С‚Р°РєСѓ.
[1;33mР’С‹ СЃР»РµРіРєР° СЂСѓР±Р°РЅСѓР»Рё Р±РµР»РѕРіРѕ РїР°СѓРєР°.
[0;0m
[0;32m196H[0;37m [0;32m109M[0;37m 21649Рѕ Р—Р°СѓС‡:0 [0;32m[Р“РµРЅРѕРґ:РќРµРІСЂРµРґРёРј][0;37m [1;32m[Р±РµР»С‹Р№ РїР°СѓРє:Р›РµРіРєРѕ СЂР°РЅРµРЅ][0;37m > ящ
[1;33mР’С‹ СЂРµР·Р°РЅСѓР»Рё Р±РµР»РѕРіРѕ РїР°СѓРєР°.
[0;0m[0;31mР‘РµР»С‹Р№ РїР°СѓРє РїРѕРїС‹С‚Р°Р»СЃСЏ СѓР¶Р°Р»РёС‚СЊ РІР°СЃ, РЅРѕ РїСЂРѕРјР°С…РЅСѓР»СЃСЏ.
[0;0m
[0;32m196H[0;37m [0;32m109M[0;37m 21621Рѕ Р—Р°СѓС‡:0 [0;32m[Р“РµРЅРѕРґ:РќРµРІСЂРµРґРёРј][0;37m [1;32m[Р±РµР»С‹Р№ РїР°СѓРє:Р›РµРіРєРѕ СЂР°РЅРµРЅ][0;37m > ящ
[1;33mР’С‹ СЂРµР·Р°РЅСѓР»Рё Р±РµР»РѕРіРѕ РїР°СѓРєР°.
[0;0m[0;33mР’С‹ РїРѕРїС‹С‚Р°Р»РёСЃСЊ СЂСѓР±Р°РЅСѓС‚СЊ Р±РµР»РѕРіРѕ РїР°СѓРєР°, РЅРѕ РїСЂРѕРјР°С…РЅСѓР»РёСЃСЊ.
[0;0m[0;31mР‘РµР»С‹Р№ РїР°СѓРє РїРѕРїС‹С‚Р°Р»СЃСЏ СѓР¶Р°Р»РёС‚СЊ РІР°СЃ, РЅРѕ РїСЂРѕРјР°С…РЅСѓР»СЃСЏ.
[0;0m
[0;32m196H[0;37m [0;32m109M[0;37m 21592Рѕ Р—Р°СѓС‡:0 [0;32m[Р“РµРЅРѕРґ:РќРµРІСЂРµРґРёРј][0;37m [1;32m[Р±РµР»С‹Р№ РїР°СѓРє:Р Р°РЅРµРЅ][0;37m > ящ
[0;31mР‘РµР»С‹Р№ РїР°СѓРє РїРѕРїС‹С‚Р°Р»СЃСЏ СѓР¶Р°Р»РёС‚СЊ РІР°СЃ, РЅРѕ РїСЂРѕРјР°С…РЅСѓР»СЃСЏ.
[0;0m[1;33mР’С‹ СЂРµР·Р°РЅСѓР»Рё Р±РµР»РѕРіРѕ РїР°СѓРєР°.
[0;0m[1;33mР’С‹ СЂСѓР±Р°РЅСѓР»Рё Р±РµР»РѕРіРѕ РїР°СѓРєР°.
[0;0m
[0;32m196H[0;37m [0;32m109M[0;37m 21544Рѕ Р—Р°СѓС‡:0 [0;32m[Р“РµРЅРѕРґ:РќРµРІСЂРµРґРёРј][0;37m [1;33m[Р±РµР»С‹Р№ РїР°СѓРє:Р Р°РЅРµРЅ][0;37m > ящ
[0;31mР‘РµР»С‹Р№ РїР°СѓРє РїРѕРїС‹С‚Р°Р»СЃСЏ СѓР¶Р°Р»РёС‚СЊ РІР°СЃ, РЅРѕ РїСЂРѕРјР°С…РЅСѓР»СЃСЏ.
[0;0m[0;33mР’С‹ РїРѕРїС‹С‚Р°Р»РёСЃСЊ СЂРµР·Р°РЅСѓС‚СЊ Р±РµР»РѕРіРѕ РїР°СѓРєР°, РЅРѕ РІР°С€ СѓРґР°СЂ РЅРµ РґРѕСЃС‚РёРі С†РµР»Рё.
[0;0mР‘РµР»С‹Р№ РїР°СѓРє РїРµСЂРµС…РІР°С‚РёР» РІР°С€Сѓ Р°С‚Р°РєСѓ.

[0;32m196H[0;37m [0;32m109M[0;37m 21543Рѕ Р—Р°СѓС‡:0 [0;32m[Р“РµРЅРѕРґ:РќРµРІСЂРµРґРёРј][0;37m [1;33m[Р±РµР»С‹Р№ РїР°СѓРє:Р Р°РЅРµРЅ][0;37m > ящ
[0;33mР’С‹ РїРѕРїС‹С‚Р°Р»РёСЃСЊ СЂРµР·Р°РЅСѓС‚СЊ Р±РµР»РѕРіРѕ РїР°СѓРєР°, РЅРѕ РїСЂРѕРјР°С…РЅСѓР»РёСЃСЊ.
[0;0mР‘РµР»С‹Р№ РїР°СѓРє РёР·РґР°Р» РЅРµРїРѕРЅСЏС‚РЅС‹Р№ Р·РІСѓРє.
[0;31mР‘РµР»С‹Р№ РїР°СѓРє РїРѕРїС‹С‚Р°Р»СЃСЏ СѓР¶Р°Р»РёС‚СЊ РІР°СЃ, РЅРѕ РїСЂРѕРјР°С…РЅСѓР»СЃСЏ.
[0;0m[1;33mР’С‹ СЂСѓР±Р°РЅСѓР»Рё Р±РµР»РѕРіРѕ РїР°СѓРєР°.
[0;0m
[0;32m196H[0;37m [0;32m109M[0;37m 21515Рѕ Р—Р°СѓС‡:0 [0;32m[Р“РµРЅРѕРґ:РќРµРІСЂРµРґРёРј][0;37m [1;32m[Р±РµР»С‹Р№ РїР°СѓРє:Р›РµРіРєРѕ СЂР°РЅРµРЅ][0;37m > ящ
[0;31mР‘РµР»С‹Р№ РїР°СѓРє РїРѕРїС‹С‚Р°Р»СЃСЏ СѓР¶Р°Р»РёС‚СЊ РІР°СЃ, РЅРѕ РїСЂРѕРјР°С…РЅСѓР»СЃСЏ.
[0;0m[1;33mР’С‹ СЃР»РµРіРєР° СЂРµР·Р°РЅСѓР»Рё Р±РµР»РѕРіРѕ РїР°СѓРєР°.
[0;0m[0;33mР’С‹ РїРѕРїС‹С‚Р°Р»РёСЃСЊ СЂСѓР±Р°РЅСѓС‚СЊ Р±РµР»РѕРіРѕ РїР°СѓРєР°, РЅРѕ РїРѕРїР°Р»Рё С‚РѕР»СЊРєРѕ РїРѕ РІРѕР·РґСѓС…Сѓ.
[0;0m
[0;32m196H[0;37m [0;32m109M[0;37m 21496Рѕ Р—Р°СѓС‡:0 [0;32m[Р“РµРЅРѕРґ:РќРµРІСЂРµРґРёРј][0;37m [1;32m[Р±РµР»С‹Р№ РїР°СѓРє:Р›РµРіРєРѕ СЂР°РЅРµРЅ][0;37m > ящ
[1;33mР’С‹ СЂРµР·Р°РЅСѓР»Рё Р±РµР»РѕРіРѕ РїР°СѓРєР°.
[0;0m[1;33mР’С‹ СЂСѓР±Р°РЅСѓР»Рё Р±РµР»РѕРіРѕ РїР°СѓРєР°.
[0;0m[0;31mР‘РµР»С‹Р№ РїР°СѓРє РїРѕРїС‹С‚Р°Р»СЃСЏ СѓР¶Р°Р»РёС‚СЊ РІР°СЃ, РЅРѕ РїСЂРѕРјР°С…РЅСѓР»СЃСЏ.
[0;0m
[0;32m196H[0;37m [0;32m109M[0;37m 21443Рѕ Р—Р°СѓС‡:0 [0;32m[Р“РµРЅРѕРґ:РќРµРІСЂРµРґРёРј][0;37m [1;32m[Р±РµР»С‹Р№ РїР°СѓРє:Р Р°РЅРµРЅ][0;37m > ящ
[0;31mР‘РµР»С‹Р№ РїР°СѓРє РїРѕРїС‹С‚Р°Р»СЃСЏ СѓР¶Р°Р»РёС‚СЊ РІР°СЃ, РЅРѕ РїСЂРѕРјР°С…РЅСѓР»СЃСЏ.
[0;0mР‘РµР»С‹Р№ РїР°СѓРє РїРµСЂРµС…РІР°С‚РёР» РІР°С€Сѓ Р°С‚Р°РєСѓ.
[1;33mР’С‹ СЃР»РµРіРєР° СЂСѓР±Р°РЅСѓР»Рё Р±РµР»РѕРіРѕ РїР°СѓРєР°.
[0;0m
[0;32m196H[0;37m [0;32m109M[0;37m 21425Рѕ Р—Р°СѓС‡:0 [0;32m[Р“РµРЅРѕРґ:РќРµРІСЂРµРґРёРј][0;37m [1;32m[Р±РµР»С‹Р№ РїР°СѓРє:Р Р°РЅРµРЅ][0;37m > ящ
[1;33mР’С‹ СЂРµР·Р°РЅСѓР»Рё Р±РµР»РѕРіРѕ РїР°СѓРєР°.
[0;0m[0;33mР’С‹ РїРѕРїС‹С‚Р°Р»РёСЃСЊ СЂСѓР±Р°РЅСѓС‚СЊ Р±РµР»РѕРіРѕ РїР°СѓРєР°, РЅРѕ РїСЂРѕРјР°С…РЅСѓР»РёСЃСЊ.
[0;0m[0;31mР‘РµР»С‹Р№ РїР°СѓРє РїРѕРїС‹С‚Р°Р»СЃСЏ СѓР¶Р°Р»РёС‚СЊ РІР°СЃ, РЅРѕ РїСЂРѕРјР°С…РЅСѓР»СЃСЏ.
[0;0m
[0;32m196H[0;37m [0;32m109M[0;37m 21399Рѕ Р—Р°СѓС‡:0 [0;32m[Р“РµРЅРѕРґ:РќРµРІСЂРµРґРёРј][0;37m [1;33m[Р±РµР»С‹Р№ РїР°СѓРє:Р Р°РЅРµРЅ][0;37m > ящ
[0;31mР‘РµР»С‹Р№ РїР°СѓРє РїРѕРїС‹С‚Р°Р»СЃСЏ СѓР¶Р°Р»РёС‚СЊ РІР°СЃ, РЅРѕ РїСЂРѕРјР°С…РЅСѓР»СЃСЏ.
[0;0mР‘РµР»С‹Р№ РїР°СѓРє РїРµСЂРµС…РІР°С‚РёР» РІР°С€Сѓ Р°С‚Р°РєСѓ.
[1;33mР’С‹ СЃР»РµРіРєР° СЂСѓР±Р°РЅСѓР»Рё Р±РµР»РѕРіРѕ РїР°СѓРєР°.
[0;0m
[0;32m196H[0;37m [0;32m109M[0;37m 21381Рѕ Р—Р°СѓС‡:0 [0;32m[Р“РµРЅРѕРґ:РќРµРІСЂРµРґРёРј][0;37m [1;33m[Р±РµР»С‹Р№ РїР°СѓРє:Р Р°РЅРµРЅ][0;37m > ящ
[0;33mР’С‹ РїРѕРїС‹С‚Р°Р»РёСЃСЊ СЂРµР·Р°РЅСѓС‚СЊ Р±РµР»РѕРіРѕ РїР°СѓРєР°, РЅРѕ РІР°С€ СѓРґР°СЂ РЅРµ РґРѕСЃС‚РёРі С†РµР»Рё.
[0;0m[0;31mР‘РµР»С‹Р№ РїР°СѓРє РїРѕРїС‹С‚Р°Р»СЃСЏ СѓР¶Р°Р»РёС‚СЊ РІР°СЃ, РЅРѕ РїСЂРѕРјР°С…РЅСѓР»СЃСЏ.
[0;0m[0;33mР’С‹ РїРѕРїС‹С‚Р°Р»РёСЃСЊ СЂСѓР±Р°РЅСѓС‚СЊ Р±РµР»РѕРіРѕ РїР°СѓРєР°, РЅРѕ РїСЂРѕРјР°С…РЅСѓР»РёСЃСЊ.
[0;0m
[0;32m196H[0;37m [0;32m109M[0;37m 21379Рѕ Р—Р°СѓС‡:0 [0;32m[Р“РµРЅРѕРґ:РќРµРІСЂРµРґРёРј][0;37m [1;33m[Р±РµР»С‹Р№ РїР°СѓРє:Р Р°РЅРµРЅ][0;37m > ящ
[0;31mР‘РµР»С‹Р№ РїР°СѓРє РїРѕРїС‹С‚Р°Р»СЃСЏ СѓР¶Р°Р»РёС‚СЊ РІР°СЃ, РЅРѕ РїСЂРѕРјР°С…РЅСѓР»СЃСЏ.
[0;0mР‘РµР»С‹Р№ РїР°СѓРє РїРµСЂРµС…РІР°С‚РёР» РІР°С€Сѓ Р°С‚Р°РєСѓ.

[0;32m196H[0;37m [0;32m109M[0;37m 21379Рѕ Р—Р°СѓС‡:0 [0;32m[Р“РµРЅРѕРґ:РќРµРІСЂРµРґРёРј][0;37m [1;33m[Р±РµР»С‹Р№ РїР°СѓРє:Р Р°РЅРµРЅ][0;37m > ящ
[0;31mР‘РµР»С‹Р№ РїР°СѓРє РїРѕРїС‹С‚Р°Р»СЃСЏ СѓР¶Р°Р»РёС‚СЊ РІР°СЃ, РЅРѕ РїСЂРѕРјР°С…РЅСѓР»СЃСЏ.
[0;0m[1;33mР’С‹ СЂРµР·Р°РЅСѓР»Рё Р±РµР»РѕРіРѕ РїР°СѓРєР°.
[0;0m
[0;32m196H[0;37m [0;32m109M[0;37m 21349Рѕ Р—Р°СѓС‡:0 [0;32m[Р“РµРЅРѕРґ:РќРµРІСЂРµРґРёРј][0;37m [1;33m[Р±РµР»С‹Р№ РїР°СѓРє:Р Р°РЅРµРЅ][0;37m > ящ
[1;31mР‘РµР»С‹Р№ РїР°СѓРє Р»РµРіРѕРЅСЊРєРѕ СѓР¶Р°Р»РёР» РІР°СЃ.
[0;0m[1;33mР’С‹ СЃР»РµРіРєР° СЂРµР·Р°РЅСѓР»Рё Р±РµР»РѕРіРѕ РїР°СѓРєР°.
[0;0m[1;33mР’С‹ СЂСѓР±Р°РЅСѓР»Рё Р±РµР»РѕРіРѕ РїР°СѓРєР°.
[0;0m
[0;32m191H[0;37m [0;32m109M[0;37m 21303Рѕ Р—Р°СѓС‡:0 [0;32m[Р“РµРЅРѕРґ:РЎР»РµРіРєР° СЂР°РЅРµРЅ][0;37m [1;31m[Р±РµР»С‹Р№ РїР°СѓРє:РўСЏР¶РµР»Рѕ СЂР°РЅРµРЅ][0;37m > ящ
[0;31mР‘РµР»С‹Р№ РїР°СѓРє РїРѕРїС‹С‚Р°Р»СЃСЏ СѓР¶Р°Р»РёС‚СЊ РІР°СЃ, РЅРѕ РїСЂРѕРјР°С…РЅСѓР»СЃСЏ.
[0;0mР‘РµР»С‹Р№ РїР°СѓРє РЅРµ СЃРјРѕРі РїРµСЂРµС…РІР°С‚РёС‚СЊ РІР°С€Сѓ Р°С‚Р°РєСѓ.
[1;33mР’С‹ СЂРµР·Р°РЅСѓР»Рё Р±РµР»РѕРіРѕ РїР°СѓРєР°.
[0;0m
[0;32m195H[0;37m [0;32m109M[0;37m 21278Рѕ Р—Р°СѓС‡:0 [0;32m[Р“РµРЅРѕРґ:РЎР»РµРіРєР° СЂР°РЅРµРЅ][0;37m [1;31m[Р±РµР»С‹Р№ РїР°СѓРє:РўСЏР¶РµР»Рѕ СЂР°РЅРµРЅ][0;37m > ящ
[0;31mР‘РµР»С‹Р№ РїР°СѓРє РїРѕРїС‹С‚Р°Р»СЃСЏ СѓР¶Р°Р»РёС‚СЊ РІР°СЃ, РЅРѕ РїСЂРѕРјР°С…РЅСѓР»СЃСЏ.
[0;0m[0;33mР’С‹ РїРѕРїС‹С‚Р°Р»РёСЃСЊ СЂРµР·Р°РЅСѓС‚СЊ Р±РµР»РѕРіРѕ РїР°СѓРєР°, РЅРѕ РїСЂРѕРјР°С…РЅСѓР»РёСЃСЊ.
[0;0m
[0;32m196H[0;37m [0;32m109M[0;37m 21277Рѕ Р—Р°СѓС‡:0 [0;32m[Р“РµРЅРѕРґ:РќРµРІСЂРµРґРёРј][0;37m [1;31m[Р±РµР»С‹Р№ РїР°СѓРє:РўСЏР¶РµР»Рѕ СЂР°РЅРµРЅ][0;37m > ящ
[0;31mР‘РµР»С‹Р№ РїР°СѓРє РїРѕРїС‹С‚Р°Р»СЃСЏ СѓР¶Р°Р»РёС‚СЊ РІР°СЃ, РЅРѕ РїСЂРѕРјР°С…РЅСѓР»СЃСЏ.
[0;0mР‘РµР»С‹Р№ РїР°СѓРє РЅРµ СЃРјРѕРі РїРµСЂРµС…РІР°С‚РёС‚СЊ РІР°С€Сѓ Р°С‚Р°РєСѓ.
[1;33mР’С‹ СЂРµР·Р°РЅСѓР»Рё Р±РµР»РѕРіРѕ РїР°СѓРєР°.
[0;0m[1;33mР’С‹ СЂСѓР±Р°РЅСѓР»Рё Р±РµР»РѕРіРѕ РїР°СѓРєР°.
[0;0m
[0;32m196H[0;37m [0;32m109M[0;37m 21226Рѕ Р—Р°СѓС‡:0 [0;32m[Р“РµРЅРѕРґ:РќРµРІСЂРµРґРёРј][0;37m [0;31m[Р±РµР»С‹Р№ РїР°СѓРє:Рћ.С‚СЏР¶РµР»Рѕ СЂР°РЅРµРЅ][0;37m > ящ
[1;31mР‘РµР»С‹Р№ РїР°СѓРє СЃР»РµРіРєР° СѓР¶Р°Р»РёР» РІР°СЃ.
[0;0m[1;33mР’С‹ СЂРµР·Р°РЅСѓР»Рё Р±РµР»РѕРіРѕ РїР°СѓРєР°.
[0;0m[1;33mР’С‹ СЃР»РµРіРєР° СЂСѓР±Р°РЅСѓР»Рё Р±РµР»РѕРіРѕ РїР°СѓРєР°.
[0;0m
[0;32m188H[0;37m [0;32m109M[0;37m 21193Рѕ Р—Р°СѓС‡:0 [0;32m[Р“РµРЅРѕРґ:РЎР»РµРіРєР° СЂР°РЅРµРЅ][0;37m [0;31m[Р±РµР»С‹Р№ РїР°СѓРє:Рћ.С‚СЏР¶РµР»Рѕ СЂР°РЅРµРЅ][0;37m > ящ
[0;31mР‘РµР»С‹Р№ РїР°СѓРє РїРѕРїС‹С‚Р°Р»СЃСЏ СѓР¶Р°Р»РёС‚СЊ РІР°СЃ, РЅРѕ РїСЂРѕРјР°С…РЅСѓР»СЃСЏ.
[0;0mР‘РµР»С‹Р№ РїР°СѓРє РЅРµ СЃРјРѕРі РїРµСЂРµС…РІР°С‚РёС‚СЊ РІР°С€Сѓ Р°С‚Р°РєСѓ.
[1;33mР’С‹ СЂРµР·Р°РЅСѓР»Рё Р±РµР»РѕРіРѕ РїР°СѓРєР°.
[0;0mР‘РµР»С‹Р№ РїР°СѓРє Р±РµР· СЃРѕР·РЅР°РЅРёСЏ Рё РјРµРґР»РµРЅРЅРѕ СѓРјРёСЂР°РµС‚. РџРѕРјРѕРіРёС‚Рµ Р¶Рµ РµРјСѓ.
[1;33mР’С‹ РїРѕСЂСѓР±РёР»Рё Р±РµР»РѕРіРѕ РїР°СѓРєР° СЂРѕРІРЅС‹РјРё РєСѓСЃРѕС‡РєР°РјРё. Р”Р° РІС‹ РїСЂРѕСЃС‚Рѕ РјСЏСЃРЅРёРє!
[0;0mР‘РµР»С‹Р№ РїР°СѓРє РјРµСЂС‚РІ, РµРіРѕ РґСѓС€Р° РјРµРґР»РµРЅРЅРѕ РїРѕРґС‹РјР°РµС‚СЃСЏ РІ РЅРµР±РµСЃР°.
Р’Р°С€ РѕРїС‹С‚ РїРѕРІС‹СЃРёР»СЃСЏ РЅР° 2040 РѕС‡РєРѕРІ.
Р’С‹ РІР·СЏР»Рё РјР°Р»РµРЅСЊРєРёР№ РєР»СЋС‡ РёР· С‚СЂСѓРїР° Р±РµР»РѕРіРѕ РїР°СѓРєР°.

[0;32m192H[0;37m [0;32m109M[0;37m 19136Рѕ Р—Р°СѓС‡:0 Р’С‹С…:Р®Р—> ящ
РЎРµСЂР°СЏ РјС‹С€СЊ РїСЂРёС€Р»Р° СЃ СЋРіР°.

[0;32m196H[0;37m [0;32m109M[0;37m 19136Рѕ Р—Р°СѓС‡:0 Р’С‹С…:Р®Р—> ящР§Р°РІРѕ?

[0;32m196H[0;37m [0;32m109M[0;37m 19136Рѕ Р—Р°СѓС‡:0 Р’С‹С…:Р®Р—> ящР’С‹ РїРѕРїР»РµР»РёСЃСЊ РЅР° Р·Р°РїР°Рґ.
[1;36mР§РµСЂРґР°Рє [5121][0;37m
   РЎРєРІРѕР·СЊ СЂР°Р·РѕС€РµРґС€РёРµСЃСЏ Рё РїСЂРѕС…СѓРґРёРІС€РёРµСЃСЏ РґРѕСЃРєРё РѕС‚РєСЂС‹РІР°РµС‚СЃСЏ РІРёРґ РЅР° СЌС‚Сѓ С‡Р°СЃС‚СЊ
РґРµСЂРµРІРЅРё Рё СЂРµРєСѓ Р·Р° РЅРµР№. Р”Р°, Р±РѕР»СЊС€Р°СЏ СЂРµРєР°, Рё РЅР° РЅРµР№ РјР°Р»СЋСЃРµРЅСЊРєРѕРµ РїСЏС‚РЅРѕ РґРµСЂРµРІРЅРё.

[1;33m[1;31m[0;0m
[0;32m196H[0;37m [0;32m108M[0;37m 19136Рѕ Р—Р°СѓС‡:0 Р’С‹С…:Р’Р®> ящР’С‹ РїРѕРїР»РµР»РёСЃСЊ РЅР° СЋРі.
[1;36mР§РµСЂРґР°Рє [5119][0;37m
   РџРѕРґ СЃС‚Р°СЂС‹РјРё РіСЂСЏР·РЅС‹РјРё С‚СЂСЏРїРєР°РјРё РІС‹ РѕР±РЅР°СЂСѓР¶РёР»Рё РјР°Р»РµРЅСЊРєРёР№ С‚РєР°С†РєРёР№ СЃС‚Р°РЅРѕС‡РµРє,
С‚РѕС‚, РЅР° РєРѕС‚РѕСЂРѕРј РёР· РјСЏРіРєРѕРіРѕ Р»СЊРЅР° С‚РєСѓС‚ РїРѕР»РѕС‚РЅРѕ. Р­С‚Рѕ Р±РѕР»СЊС€Р°СЏ С†РµРЅРЅРѕСЃС‚СЊ, РєР°Рє РјРѕРіР»Рё
С…РѕР·СЏРµРІР° РѕСЃС‚Р°РІРёС‚СЊ РµРіРѕ.

[1;33mРџС‹Р»СЊРЅС‹Р№ СЃСѓРЅРґСѓРє Р»РµР¶РёС‚ СЃСЂРµРґРё РјСѓСЃРѕСЂР°.
[1;31m(Р»РµС‚РёС‚) РњСѓС…Р° Р»РµС‚Р°РµС‚ Р·РґРµСЃСЊ.
[0;0m
[0;32m196H[0;37m [0;32m108M[0;37m 19136Рѕ Р—Р°СѓС‡:0 Р’С‹С…:РЎР’Р®> ящ*Р©РµР»Рє*

[0;32m196H[0;37m [0;32m109M[0;37m 19136Рѕ Р—Р°СѓС‡:0 Р’С‹С…:РЎР’Р®> ящ
РњР°Р»РµРЅСЊРєРёР№ РєР»СЋС‡ СЂР°СЃСЃС‹РїР°Р»СЃСЏ РІ СЂСѓРєР°С….
РќР°РіРЅСѓРІС€РёСЃСЊ, С‡С‚РѕР±С‹ РѕС‚РїРµСЂРµС‚СЊ СЃСѓРЅРґСѓРє, РІС‹ Р·Р°РјРµС‚РёР»Рё СЂСЏРґРѕРј СЃС‚СЂР°РЅРЅС‹Р№ 
РџСЂРµРґРјРµС‚ - СЌС‚Рѕ РѕР±Р»РµРґРµРЅРµРІС€Р°СЏ РїР»Р°СЃС‚РёРЅР°

[0;32m196H[0;37m [0;32m109M[0;37m 19136Рѕ Р—Р°СѓС‡:0 Р’С‹С…:РЎР’Р®> ящР›Р°РґСѓС€РєРё.

[0;32m196H[0;37m [0;32m109M[0;37m 19136Рѕ Р—Р°СѓС‡:0 Р’С‹С…:РЎР’Р®> ящР’С‹ РїРѕРґРЅСЏР»Рё Р·Р°РёРЅРґРµРІРµРІС€СѓСЋ РїР»Р°СЃС‚РёРЅСѓ.

[0;32m196H[0;37m [0;32m109M[0;37m 19136Рѕ Р—Р°СѓС‡:0 Р’С‹С…:РЎР’Р®> ящР’С‹ РІР·СЏР»Рё РєСѓС…РѕРЅРЅС‹Р№ РЅРѕР¶ РёР· РїС‹Р»СЊРЅРѕРіРѕ СЃСѓРЅРґСѓРєР°.

[0;32m196H[0;37m [0;32m109M[0;37m 19136Рѕ Р—Р°СѓС‡:0 Р’С‹С…:РЎР’Р®> ящ
[1;31mРњРёРЅСѓР» С‡Р°СЃ.[0;37m

[0;32m196H[0;37m [0;32m109M[0;37m 19136Рѕ Р—Р°СѓС‡:0 Р’С‹С…:РЎР’Р®> ящР’С‹ РїРѕРїР»РµР»РёСЃСЊ РЅР° СЋРі.
[1;36mРќР° С‡РµСЂРґР°РєРµ [5117][0;37m
   РџС‹Р»СЊРЅС‹Р№ С‡РµСЂРґР°Рє Р·Р°РІР°Р»РµРЅ СЃС‚Р°СЂС‹РјРё РІРµС‰Р°РјРё Рё СЂР°Р·РЅС‹Рј С…Р»Р°РјРѕРј, РІСЃРµРіРґР° СѓР±РёСЂР°РµРјС‹Рј
СЃ РіР»Р°Р· РґРѕР»РѕР№ РїРѕРґР°Р»СЊС€Рµ.

[1;33m[1;31mРЎРµСЂР°СЏ РјС‹С€СЊ СЋСЂРєРЅСѓР»Р° Р·РґРµСЃСЊ.
[0;0m
[0;32m196H[0;37m [0;32m108M[0;37m 19136Рѕ Р—Р°СѓС‡:0 Р’С‹С…:РЎР’v> ящР’С‹ РїРѕРїР»РµР»РёСЃСЊ РІРЅРёР·.
[1;36mРќР° СЃРµРЅРѕРІР°Р»Рµ [5104][0;37m
   РџРѕРґ РЅРѕРіР°РјРё СЂР°Р·Р±СЂРѕСЃР°РЅР° СЃРѕР»РѕРјР° РІРїРµСЂРµРјРµС€РєСѓ СЃ СЃРµРЅРѕРј, РїРѕ СѓРіР»Р°Рј Р»РµР¶Р°С‚ СЃС‚Р°СЂС‹Рµ
РёРЅСЃС‚СЂСѓРјРµРЅС‚С‹. РЎСЋРґР° Р·Р°Р±СЂР°СЃС‹РІР°РµС‚СЃСЏ РєРѕСЂРј РґР»СЏ РґРѕРјР°С€РЅРµРіРѕ СЃРєРѕС‚Р°, Р° РїРѕС‚РѕРј РїРѕРґР°РµС‚СЃСЏ
РїРѕ СЃС‚РѕР№Р»Р°Рј.

[1;33mРљ Р±Р°Р»РєРµ РїСЂРёСЃС‚Р°РІР»РµРЅР° Р»РµСЃС‚РЅРёС†Р°, РІРµРґСѓС‰Р°СЏ РЅР° С‡РµСЂРґР°Рє.
[1;31mРљР»РѕРї РїРѕР»Р·Р°РµС‚ Р·РґРµСЃСЊ.
[0;0m
[0;32m196H[0;37m [0;32m108M[0;37m 19136Рѕ Р—Р°СѓС‡:0 Р’С‹С…:Р®Р—^> ящР’С‹ РїРѕРїР»РµР»РёСЃСЊ РЅР° Р·Р°РїР°Рґ.
[1;36mРќР° СЃРµРЅРѕРІР°Р»Рµ [5103][0;37m
   РџРѕРґ РЅРѕРіР°РјРё СЂР°Р·Р±СЂРѕСЃР°РЅР° СЃРѕР»РѕРјР° РІРїРµСЂРµРјРµС€РєСѓ СЃ СЃРµРЅРѕРј, РїРѕ СѓРіР»Р°Рј Р»РµР¶Р°С‚ СЃС‚Р°СЂС‹Рµ
РёРЅСЃС‚СЂСѓРјРµРЅС‚С‹. РЎСЋРґР° Р·Р°Р±СЂР°СЃС‹РІР°РµС‚СЃСЏ РєРѕСЂРј РґР»СЏ РґРѕРјР°С€РЅРµРіРѕ СЃРєРѕС‚Р°, Р° РїРѕС‚РѕРј РїРѕРґР°РµС‚СЃСЏ
РїРѕ СЃС‚РѕР№Р»Р°Рј.

[1;33mРЈ РІР°С€РёС… РЅРѕРі Р»РµР¶РёС‚ РіР»РёРЅСЏРЅР°СЏ РїР»РѕС€РєР°.
[1;31m[0;0m
[0;32m196H[0;37m [0;32m107M[0;37m 19136Рѕ Р—Р°СѓС‡:0 Р’С‹С…:РЎР’Р®> ящР’С‹ РїРѕРїР»РµР»РёСЃСЊ РЅР° СЃРµРІРµСЂ.
[1;36mР’ СЃРµРЅСЏС… [5102][0;37m
   Р§С‚Рѕ Р·Р°СЃС‚Р°РІРёР»Рѕ С…РѕР·СЏРµРІ РїРѕРєРёРЅСѓС‚СЊ СЌС‚РѕС‚ РґРѕРј, СЃРѕС…СЂР°РЅРёРІС€РёР№СЃСЏ РІ РїСЂРёР»РёС‡РЅРѕРј СЃРѕСЃС‚РѕСЏРЅРёРё
РґР°Р¶Рµ Р·Р° РґРѕР»РіРѕРµ РІСЂРµРјСЏ Р·Р°РїСѓСЃС‚РµРЅРёСЏ Рё РѕРґРёРЅРѕС‡РµСЃС‚РІР°? Р’ СЌС‚РѕРј РјРµСЃС‚Рµ СЃРµРЅРµР№ РЅР°С…РѕРґСЏС‚СЃСЏ
РґРІРµ РґРІРµСЂРё, РѕРґРЅР° РёР· РєРѕС‚РѕСЂС‹С… РІРµРґРµС‚ РІ РёР·Р±Сѓ, РґСЂСѓРіР°СЏ - РЅР° СЃРµРЅРѕРІР°Р».  

[1;33m[1;31mР‘Р»РѕС…Р° РїСЂСЏС‡РµС‚СЃСЏ РІ РјСѓСЃРѕСЂРµ.
[0;0m
[0;32m196H[0;37m [0;32m106M[0;37m 19136Рѕ Р—Р°СѓС‡:0 Р’С‹С…:(РЎ)Р’Р®> ящР’С‹ РїРѕРїР»РµР»РёСЃСЊ РЅР° РІРѕСЃС‚РѕРє.
[1;36mР’ СЃРµРЅСЏС… [5101][0;37m
   РЎРµРЅРё РєРѕРіРґР°-С‚Рѕ СЃР»СѓР¶РёР»Рё РїСЂРѕРјРµР¶СѓС‚РѕС‡РЅРѕР№ С‡Р°СЃС‚СЊСЋ РјРµР¶РґСѓ РѕС‚Р°РїР»РёРІР°РµРјРѕР№ Рё 
С…РѕР·СЏР№СЃС‚РІРµРЅРЅРѕР№ С‡Р°СЃС‚СЊСЋ РґРѕРјР°. Р—РґРµСЃСЊ РєРѕРіРґР°-С‚Рѕ Р»РµР¶Р°Р»Р° РЅРµС…РёС‚СЂР°СЏ РєСЂРµСЃС‚СЊСЏРЅСЃРєР°СЏ 
СѓС‚РІР°СЂСЊ, РЅРѕ СЃРµР№С‡Р°СЃ С‚РѕР»СЊРєРѕ РїС‹Р»СЊ Рё РіСЂСЏР·СЊ.

[1;33mРЈ РІР°С€РёС… РЅРѕРі Р»РµР¶РёС‚ РіР»РёРЅСЏРЅР°СЏ РїР»РѕС€РєР°.
[1;31mРљР»РѕРї РїРѕР»Р·Р°РµС‚ Р·РґРµСЃСЊ.
РЎРµСЂР°СЏ РјС‹С€СЊ СЋСЂРєРЅСѓР»Р° Р·РґРµСЃСЊ.
РўР°СЂР°РєР°РЅ Р±С‹СЃС‚СЂРѕ РїСЂРѕР±РµР¶Р°Р» Р·РґРµСЃСЊ.
(Р»РµС‚РёС‚) РњСѓС…Р° Р»РµС‚Р°РµС‚ Р·РґРµСЃСЊ.
[0;0m
[0;32m196H[0;37m [0;32m106M[0;37m 19136Рѕ Р—Р°СѓС‡:0 Р’С‹С…:Р’Р—> ящР’С‹ РїРѕРїР»РµР»РёСЃСЊ РЅР° РІРѕСЃС‚РѕРє.
[1;36mРќР° РєСЂС‹Р»СЊС†Рµ [5100][0;37m
   РџРѕРєРѕСЃРёРІС€РµРµСЃСЏ РєСЂС‹Р»СЊС†Рѕ СЃРєСЂРёРїРёС‚ РїРѕРґ РЅРѕРіР°РјРё. Р”РµСЂРµРІРѕ РїРѕС‡РµСЂРЅРµР»Рѕ Рё РѕР±Р»СѓРїРёР»РѕСЃСЊ, РЅРѕ
СЃРѕС…СЂР°РЅРёР»Рѕ РєСЂРµРїРѕСЃС‚СЊ. РҐРѕС‚СЊ Рё РјРѕР¶РЅРѕ Р·РґРµСЃСЊ РїРѕСЃС‚РѕСЏС‚СЊ, РЅРѕ Р’Р°СЃ Р±РѕР»СЊС€Рµ РёРЅС‚РµСЂРµСЃСѓРµС‚ СЃР°Рј
Р·Р°Р±СЂРѕС€РµРЅРЅС‹Р№ РґРѕРј. РҐРѕС‡РµС‚СЃСЏ Р·Р°Р№С‚Рё, РЅРѕ С…РѕР»РѕРґРѕРє РІ РіСЂСѓРґРё Р·Р°СЃС‚Р°РІР»СЏРµС‚ РїРѕРґСѓРјР°С‚СЊ РЅР°Рґ
СЌС‚РёРј С€Р°РіРѕРј. 

[1;33m[1;31m(Р»РµС‚РёС‚) РњСѓС…Р° Р»РµС‚Р°РµС‚ Р·РґРµСЃСЊ.
[0;0m
[0;32m196H[0;37m [0;32m105M[0;37m 19136Рѕ Р—Р°СѓС‡:0 Р’С‹С…:Р’Р—> ящР’С‹ РїРѕРїР»РµР»РёСЃСЊ РЅР° РІРѕСЃС‚РѕРє.
[1;36mР—Р°Р±СЂРѕС€РµРЅРЅС‹Р№ РґРѕРј [5023][0;37m
   РЎ РІРёРґСѓ С…РѕСЂРѕС€РёР№ РґРѕРј СЃС‚РѕРёС‚ РЅР° С†РµРЅС‚СЂР°Р»СЊРЅРѕР№ СѓР»РёС†Рµ СЃСЂРµРґРё Р±РѕР»СЊС€РёС… Рё Р±РѕРіР°С‚С‹С…
РґРѕРјРѕРІ. Р—Р°РєРѕР»РѕС‡РµРЅС‹ СЃС‚Р°РІРЅРё, Р·Р°РїСѓСЃС‚РµРЅСЊРµ РІРѕ РґРІРѕСЂРµ. Р§С‚Рѕ Р·Р° РЅР°РїР°СЃС‚СЊ Р·Р°СЃС‚Р°РІРёР»Р° 
С…РѕР·СЏРµРІ РїРѕРєРёРЅСѓС‚СЊ СЃРІРѕРµ Р¶РёР»РёС‰Рµ Рё РёСЃРєР°С‚СЊ РЅРѕРІРѕРµ РјРµСЃС‚Рѕ.

[1;33m[1;31m[0;0m
Р”РµСЂРµРІРЅСЏ Сѓ СЂРµРєРё (2-Р°СЏ СЂРѕРґРѕРІР°СЏ).

[0;32m196H[0;37m [0;32m104M[0;37m 19136Рѕ Р—Р°СѓС‡:0 Р’С‹С…:Р’Р—> ящР’С‹ РїРѕРїР»РµР»РёСЃСЊ РЅР° РІРѕСЃС‚РѕРє.
[1;36mРљ С†РµРЅС‚СЂСѓ РґРµСЂРµРІРЅРё [5006][0;37m
   РџРѕРЅРµРјРЅРѕРіСѓ РѕСЃС‚Р°СЋС‚СЃСЏ РїРѕР·Р°РґРё РіР»Р°РІРЅС‹Рµ РґРѕРјР° РґРµСЂРµРІРЅРё, Рё РІРѕРєСЂСѓРі РѕС‚РєСЂС‹РІР°РµС‚СЃСЏ РѕР±С‹С‡РЅС‹Р№
РґРµСЂРµРІРµРЅСЃРєРёР№ РІРёРґ. РљСЂРµРїРєРёРµ РґРѕРјР° СЃ РјР°Р»РµРЅСЊРєРёРјРё РѕРєРЅР°РјРё, РЅРѕ РЅРµРёР·РјРµРЅРЅС‹РјРё С‚СЂСѓР±Р°РјРё
РїРµС‡РµР№. РР·РіРѕСЂРѕРґСЊ, СЃС‚РѕСЏС‰Р°СЏ Р·Р° РґРѕРјР°РјРё РІРґРѕР»СЊ Р»РµСЃР° Рё Р·Р°С‰РёС‰Р°СЋС‰Р°СЏ РґРµСЂРµРІРЅСЋ СЃ С‚С‹Р»Р°. 
РќРµС‚РѕСЂРѕРїР»РёРІС‹Р№ Р»СЋРґ, РёРґСѓС‰РёР№ РїРѕ СЃРІРѕРёРј РёР·РІРµС‡РЅС‹Рј РґРµР»Р°Рј.

[1;33m[1;31m[0;0m
[0;32m196H[0;37m [0;32m105M[0;37m 19136Рѕ Р—Р°СѓС‡:0 Р’С‹С…:РЎР’Р®Р—> ящР’С‹ РїРѕРїР»РµР»РёСЃСЊ РЅР° СЋРі.
[1;36mРџРµСЂРµРґ РїРѕСЃС‚РѕСЏР»С‹Рј РґРІРѕСЂРѕРј [5005][0;37m
   Р§СѓС‚СЊ РЅРµ СЃРїРѕС‚РєРЅСѓРІС€РёСЃСЊ Рѕ РґРѕСЃРєСѓ, Р»РµР¶Р°С‰СѓСЋ СЃСЂР°Р·Сѓ Сѓ РїРѕСЂРѕРіР° РїРѕСЃС‚РѕСЏР»РѕРіРѕ РґРІРѕСЂР°,
РІС‹ РѕРєР°Р·Р°Р»РёСЃСЊ РЅР° С†РµРЅС‚СЂР°Р»СЊРЅРѕР№ СѓР»РёС†Рµ РґРµСЂРµРІРЅРё. РРјРµРЅРЅРѕ РЅР° СЌС‚РѕР№ СѓР»РёС†Рµ РјРѕР¶РЅРѕ 
Р±С‹СЃС‚СЂРѕ РЅР°Р№С‚Рё Р»Р°РІРєСѓ СЂРµРјРµСЃР»РµРЅРЅРёРєР°, РґРѕРј Р·РЅР°С…Р°СЂСЏ, РєРѕРЅСЋС€РЅСЋ Рё РґРѕРј СЃС‚Р°СЂРµР№С€РёРЅС‹.
Р’ СЋР¶РЅРѕР№ С‡Р°СЃС‚Рё РґРµСЂРµРІРЅРё РїРѕСЃРµР»РёР»РёСЃСЊ РІРѕСЂРѕР¶РµРё.

[1;33m[1;31m[0;0m
[0;32m196H[0;37m [0;32m104M[0;37m 19136Рѕ Р—Р°СѓС‡:0 Р’С‹С…:РЎР’Р®Р—> ящР’С‹ РїРѕРїР»РµР»РёСЃСЊ РЅР° РІРѕСЃС‚РѕРє.
[1;36mРџРѕСЃС‚РѕСЏР»С‹Р№ РґРІРѕСЂ [5001][0;37m
   Р”РµСЂРµРІРЅСЏ С…РѕС‚СЊ Рё РЅРµР±РѕР»СЊС€Р°СЏ, РЅРѕ РїРѕСЃС‚РѕСЏР»С‹Р№ РґРІРѕСЂ РёРјРµРµС‚СЃСЏ, РґР»СЏ Р·Р°РµР·Р¶РёС… РіРѕСЃС‚РµР№,
С‡С‚РѕР±С‹ Р±С‹Р»Рѕ РіРґРµ РїРµСЂРµРІРµСЃС‚Рё РґСѓС…, РµРґРѕР№ Рё РїРёС‚СЊРµРј Р·Р°РїР°СЃС‚РёСЃСЊ. Рђ РµСЃР»Рё РЅР° РґРІРѕСЂРµ СѓР¶
РЅРѕС‡СЊ РёР»СЊ РїСЂРѕСЃС‚Рѕ РЅР°РґРѕ РѕСЃС‚Р°РЅРѕРІРёС‚СЃСЏ РЅР° РґРµРЅСЊ РґСЂСѓРіРѕР№ РІ РґРµСЂРµРІРЅРµ, Р° СЂРѕРґСЃС‚РІРµРЅРЅРёРєРѕРІ
РЅРµС‚, С‚Р°Рє РјРѕР¶РЅРѕ Рё РїРµСЂРµРЅРѕС‡РµРІР°С‚СЊ РІ РіРѕСЂРЅРёС†Р°С… РЅР°РІРµСЂС…Сѓ.

[1;33m[1;31mРЎРµРґРѕРІР»Р°СЃС‹Р№ СЃРєР°Р·РёС‚РµР»СЊ РіРѕС‚РѕРІ РїРѕРґРµР»РёС‚СЊСЃСЏ СЃ Р’Р°РјРё РёРЅС‚РµСЂРµСЃРЅРѕР№ РёСЃС‚РѕСЂРёРµР№.
РўСЂР°РєС‚РёСЂС‰РёРє РѕС‚РґС‹С…Р°РµС‚ Р·Р° СЃС‚РѕР№РєРѕР№.
[0;0m
[0;32m196H[0;37m [0;32m103M[0;37m 19136Рѕ Р—Р°СѓС‡:0 Р’С‹С…:Р—^> ящР’С‹ РїРѕРїР»РµР»РёСЃСЊ РІРІРµСЂС….
[1;36mРљРѕРјРЅР°С‚С‹ РѕС‚РґС‹С…Р° [5000][0;37m
   РҐРѕР·СЏРёРЅ СѓСЃС‚СЂРѕРёР» Р·РґРµСЃСЊ РєРѕРјРЅР°С‚С‹ РґР»СЏ РѕС‚РґС‹С…Р°. Р›СЋР±РѕР№ Р¶РµР»Р°СЋС‰РёР№ РјРѕР¶РµС‚ РѕСЃС‚Р°РЅРѕРІРёС‚СЊСЃСЏ
Р·РґРµСЃСЊ Рё РїРµСЂРµРґРѕС…РЅСѓС‚СЊ РїРѕСЃР»Рµ РґР°Р»СЊРЅРµР№ РґРѕСЂРѕРіРё. РЎРІРµС‚Р»С‹Рµ РіРѕСЂРЅРёС†С‹ С‚Р°Рє Рё РїСЂРёРіР»Р°С€Р°СЋС‚
РїСЂРѕР№С‚Рё РІ РЅРёС… Рё СЂР°СЃС‚СЏРЅСѓС‚СЊСЃСЏ РЅР° РїРµСЂРёРЅРµ, РЅР° РїСѓС…РѕРІРѕР№ РґР° Р·Р°Р±С‹С‚СЊСЃСЏ СЃРЅРѕРј Р±РѕРіР°С‚С‹СЂСЃРєРёРј.
Р—РґРµСЃСЊ Р¶Рµ РјРѕР¶РЅРѕ РїРѕРґРѕР¶РґР°С‚СЊ СЃРІРѕРёС… РєРѕРјРїР°РЅСЊРѕРЅРѕРІ РїРµСЂРµРґ РґРѕР»РіРѕР№ РґРѕСЂРѕРіРѕР№, РїРѕРіРѕРІРѕСЂРёС‚СЊ
Рѕ РґР°Р»СЊРЅРµР№С€РёС… РїР»Р°РЅР°С….
[1;32mРЎРѕРІСЃРµРј РјР°Р»С‹С…, РґР° РЅРµ РѕР±СѓС‡РµРЅРЅС‹С… С‚Р°Рє Рё С‚СЏРЅРµС‚ [1;33mРІРѕР№С‚Рё [1;32mРІ [1;33mС€РєРѕР»Сѓ[1;32m.[0;0m

[1;33mР”РѕСЃРєР° РґР»СЏ СЂР°Р·Р»РёС‡РЅС‹С… Р·Р°РјРµС‚РѕРє Рё РѕР±СЉСЏРІР»РµРЅРёР№ РїСЂРёР±РёС‚Р° С‚СѓС‚ ..Р±Р»РµСЃС‚РёС‚!
[1;31mРџРѕР¶РёР»РѕР№ С€РёСЂРѕРєРѕРїР»РµС‡РёР№ РєСЂРµСЃС‚СЊСЏРЅРёРЅ РІ РґРѕР±СЂРѕС‚РЅРѕР№ РѕРґРµР¶РґРµ РїСЂРѕС…Р°Р¶РёРІР°РµС‚СЃСЏ С‚СѓС‚.
РҐРѕР·СЏР№РєР° РїРѕСЃС‚РѕСЏР»РѕРіРѕ РґРІРѕСЂР° СЂР°СЃРїРѕСЂСЏР¶Р°РµС‚СЃСЏ Р·РґРµСЃСЊ.
[0;0m
[0;32m196H[0;37m [0;32m103M[0;37m 19136Рѕ Р—Р°СѓС‡:0 Р’С‹С…:v> ящР’С‹ Р±СЂРѕСЃРёР»Рё Р·Р°РёРЅРґРµРІРµРІС€СѓСЋ РїР»Р°СЃС‚РёРЅСѓ.

[0;32m196H[0;37m [0;32m109M[0;37m 19136Рѕ Р—Р°СѓС‡:0 Р’С‹С…:v> ящР’С‹ РЅРµ РІРёРґРёС‚Рµ РЅРёС‡РµРіРѕ РЅРµРѕР±С‹С‡РЅРѕРіРѕ.
РџСЂРёРЅР°РґР»РµР¶РёС‚ Рє РєР»Р°СЃСЃСѓ "РєРѕСЂРѕС‚РєРёРµ Р»РµР·РІРёСЏ".
РњРѕР¶РЅРѕ РІР·СЏС‚СЊ РІ РїСЂР°РІСѓСЋ СЂСѓРєСѓ.
РњРѕР¶РЅРѕ РІР·СЏС‚СЊ РІ Р»РµРІСѓСЋ СЂСѓРєСѓ.
РњРѕР¶РЅРѕ РІР·СЏС‚СЊ РІ РѕР±Рµ СЂСѓРєРё.
РЎРѕСЃС‚РѕСЏРЅРёРµ: РЅРµСЂСѓС€РёРјРѕ.

[0;32m196H[0;37m [0;32m109M[0;37m 19136Рѕ Р—Р°СѓС‡:0 Р’С‹С…:v> ящР’С‹ РЅРµСЃРµС‚Рµ:
РєСѓС…РѕРЅРЅС‹Р№ РЅРѕР¶  [1;37m<РІРµР»РёРєРѕР»РµРїРЅРѕ>[0;37m

[0;32m196H[0;37m [0;32m109M[0;37m 19136Рѕ Р—Р°СѓС‡:0 Р’С‹С…:v> ящР’С‹ РїРѕРїР»РµР»РёСЃСЊ РІРЅРёР·.
[1;36mРџРѕСЃС‚РѕСЏР»С‹Р№ РґРІРѕСЂ [5001][0;37m
   Р”РµСЂРµРІРЅСЏ С…РѕС‚СЊ Рё РЅРµР±РѕР»СЊС€Р°СЏ, РЅРѕ РїРѕСЃС‚РѕСЏР»С‹Р№ РґРІРѕСЂ РёРјРµРµС‚СЃСЏ, РґР»СЏ Р·Р°РµР·Р¶РёС… РіРѕСЃС‚РµР№,
С‡С‚РѕР±С‹ Р±С‹Р»Рѕ РіРґРµ РїРµСЂРµРІРµСЃС‚Рё РґСѓС…, РµРґРѕР№ Рё РїРёС‚СЊРµРј Р·Р°РїР°СЃС‚РёСЃСЊ. Рђ РµСЃР»Рё РЅР° РґРІРѕСЂРµ СѓР¶
РЅРѕС‡СЊ РёР»СЊ РїСЂРѕСЃС‚Рѕ РЅР°РґРѕ РѕСЃС‚Р°РЅРѕРІРёС‚СЃСЏ РЅР° РґРµРЅСЊ РґСЂСѓРіРѕР№ РІ РґРµСЂРµРІРЅРµ, Р° СЂРѕРґСЃС‚РІРµРЅРЅРёРєРѕРІ
РЅРµС‚, С‚Р°Рє РјРѕР¶РЅРѕ Рё РїРµСЂРµРЅРѕС‡РµРІР°С‚СЊ РІ РіРѕСЂРЅРёС†Р°С… РЅР°РІРµСЂС…Сѓ.

[1;33m[1;31mРЎРµРґРѕРІР»Р°СЃС‹Р№ СЃРєР°Р·РёС‚РµР»СЊ РіРѕС‚РѕРІ РїРѕРґРµР»РёС‚СЊСЃСЏ СЃ Р’Р°РјРё РёРЅС‚РµСЂРµСЃРЅРѕР№ РёСЃС‚РѕСЂРёРµР№.
РўСЂР°РєС‚РёСЂС‰РёРє РѕС‚РґС‹С…Р°РµС‚ Р·Р° СЃС‚РѕР№РєРѕР№.
[0;0m
[0;32m196H[0;37m [0;32m108M[0;37m 19136Рѕ Р—Р°СѓС‡:0 Р’С‹С…:Р—^> ящР’С‹ РїРѕРїР»РµР»РёСЃСЊ РЅР° Р·Р°РїР°Рґ.
[1;36mРџРµСЂРµРґ РїРѕСЃС‚РѕСЏР»С‹Рј РґРІРѕСЂРѕРј [5005][0;37m
   Р§СѓС‚СЊ РЅРµ СЃРїРѕС‚РєРЅСѓРІС€РёСЃСЊ Рѕ РґРѕСЃРєСѓ, Р»РµР¶Р°С‰СѓСЋ СЃСЂР°Р·Сѓ Сѓ РїРѕСЂРѕРіР° РїРѕСЃС‚РѕСЏР»РѕРіРѕ РґРІРѕСЂР°,
РІС‹ РѕРєР°Р·Р°Р»РёСЃСЊ РЅР° С†РµРЅС‚СЂР°Р»СЊРЅРѕР№ СѓР»РёС†Рµ РґРµСЂРµРІРЅРё. РРјРµРЅРЅРѕ РЅР° СЌС‚РѕР№ СѓР»РёС†Рµ РјРѕР¶РЅРѕ 
Р±С‹СЃС‚СЂРѕ РЅР°Р№С‚Рё Р»Р°РІРєСѓ СЂРµРјРµСЃР»РµРЅРЅРёРєР°, РґРѕРј Р·РЅР°С…Р°СЂСЏ, РєРѕРЅСЋС€РЅСЋ Рё РґРѕРј СЃС‚Р°СЂРµР№С€РёРЅС‹.
Р’ СЋР¶РЅРѕР№ С‡Р°СЃС‚Рё РґРµСЂРµРІРЅРё РїРѕСЃРµР»РёР»РёСЃСЊ РІРѕСЂРѕР¶РµРё.

[1;33m[1;31m[0;0m
[0;32m196H[0;37m [0;32m108M[0;37m 19136Рѕ Р—Р°СѓС‡:0 Р’С‹С…:РЎР’Р®Р—> ящР’С‹ РїРѕРїР»РµР»РёСЃСЊ РЅР° СЋРі.
[1;36mР¦РµРЅС‚СЂ РґРµСЂРµРІРЅРё [5004][0;37m
   Р¦РµРЅС‚СЂР°Р»СЊРЅР°СЏ С‡Р°СЃС‚СЊ РґРµСЂРµРІРЅРё Р·Р°РїРѕР»РЅРµРЅР° РЅСѓР¶РЅС‹РјРё РІСЃРµРј РјР°СЃС‚РµСЂСЃРєРёРјРё Рё Р»Р°РІРєР°РјРё.
РЈРґР°С‡РЅРѕРµ РјРµСЃС‚Рѕ РґРµСЂРµРІРЅРё РІ РЅРµР·Р°РїР°РјСЏС‚РЅС‹Рµ РІСЂРµРјРµРЅР° РїСЂРёРІР»РµРєР»Рѕ СЃСЋРґР° С‚РѕСЂРіРѕРІС†РµРІ Рё
РјР°СЃС‚РµСЂРѕРІС‹С…, Рё СЃ С‚РµС… РїРѕСЂ РїРѕРІРµР»РѕСЃСЊ, С‡С‚Рѕ РІ СЌС‚РѕР№ С‡Р°СЃС‚Рё РґРµСЂРµРІРЅРё СЃС‚РѕСЏС‚ Р±РѕР»СЊС€РёРµ Рё
Р±РѕРіР°С‚С‹Рµ РґРѕРјР°. РЎРѕ РІСЃРµР№ РѕРєСЂСѓРіРё Рё РґР°Р¶Рµ РёР· РґР°Р»РµРєРѕР№ РіР»СѓС€Рё РїСЂРёС…РѕРґСЏС‚ Р»СЋРґРё СЃСЋРґР°
Р·Р° С‚РѕРІР°СЂРѕРј РєСѓРїРёС‚СЊ С‡С‚Рѕ, РїСЂРѕРґР°С‚СЊ С‡С‚Рѕ, Р·Р°РєР°Р·Р°С‚СЊ С‡С‚Рѕ.

[1;33mРЈ РІР°С€РёС… РЅРѕРі Р»РµР¶РёС‚ РіР»РёРЅСЏРЅР°СЏ РїР»РѕС€РєР°.
[1;31mР‘Р°Р·Р°СЂРЅС‹Р№ Р·Р°Р·С‹РІР°Р»Р° СЃС‚РѕРёС‚ Р·РґРµСЃСЊ, Р·С‹С‡РЅС‹Рј РіРѕР»РѕСЃРѕРј СЂР°СЃС…РІР°Р»РёРІР°СЏ РІС‹СЃС‚Р°РІР»РµРЅРЅС‹Р№ С‚РѕРІР°СЂ.
[0;0m
[0;32m196H[0;37m [0;32m108M[0;37m 19136Рѕ Р—Р°СѓС‡:0 Р’С‹С…:РЎР®Р—> ящР’С‹ РїРѕРїР»РµР»РёСЃСЊ РЅР° Р·Р°РїР°Рґ.
[1;36mРЈ РєРѕР»РѕРґС†Р° [5011][0;37m
   РҐРѕСЂРѕС€Р° РІРѕРґРёС†Р°, СЃРєРѕР»СЊРєРѕ РЅРµ РІС‹РїСЊРµС€СЊ РІСЃРµ СЂР°РІРЅРѕ РјР°Р»Рѕ. РЎС‚Р°СЂС‹Р№ РєРѕР»РѕРґРµС† РіРѕРІРѕСЂСЏС‚
РєРѕРїР°Р» РµС‰Рµ РїРµСЂРІС‹Р№ РѕСЃРЅРѕРІР°С‚РµР»СЊ РґРµСЂРµРІРЅРё. РћРЅ Р»РёС‡РЅРѕ РЅР°С€РµР» РјРµСЃС‚Рѕ, РІС‹РєРѕРїР°Р» Рё СЃРѕРѕСЂСѓРґРёР»
РєРѕР»РѕРґРµС†. РЎ С‚РµС… РїРѕСЂ РЅРµ РёСЃСЃСЏРєР°РµС‚ РІРѕРґР° РІ РєРѕР»РѕРґС†Рµ, Р° РїРѕРїСЂРѕР±РѕРІР°С‚СЊ РµРµ РїСЂРёРµР·Р¶Р°СЋС‚ РёР·
РґР°Р»РµРєРёС… РјРµСЃС‚.

[1;33mРљРѕР»РѕРґРµС† РІС‹РєРѕРїР°РЅ Р·РґРµСЃСЊ.
[1;31m[0;0m
[0;32m196H[0;37m [0;32m108M[0;37m 19136Рѕ Р—Р°СѓС‡:0 Р’С‹С…:Р’> ящР’С‹ РїРѕРїР»РµР»РёСЃСЊ РЅР° РІРѕСЃС‚РѕРє.
[1;36mР¦РµРЅС‚СЂ РґРµСЂРµРІРЅРё [5004][0;37m
   Р¦РµРЅС‚СЂР°Р»СЊРЅР°СЏ С‡Р°СЃС‚СЊ РґРµСЂРµРІРЅРё Р·Р°РїРѕР»РЅРµРЅР° РЅСѓР¶РЅС‹РјРё РІСЃРµРј РјР°СЃС‚РµСЂСЃРєРёРјРё Рё Р»Р°РІРєР°РјРё.
РЈРґР°С‡РЅРѕРµ РјРµСЃС‚Рѕ РґРµСЂРµРІРЅРё РІ РЅРµР·Р°РїР°РјСЏС‚РЅС‹Рµ РІСЂРµРјРµРЅР° РїСЂРёРІР»РµРєР»Рѕ СЃСЋРґР° С‚РѕСЂРіРѕРІС†РµРІ Рё
РјР°СЃС‚РµСЂРѕРІС‹С…, Рё СЃ С‚РµС… РїРѕСЂ РїРѕРІРµР»РѕСЃСЊ, С‡С‚Рѕ РІ СЌС‚РѕР№ С‡Р°СЃС‚Рё РґРµСЂРµРІРЅРё СЃС‚РѕСЏС‚ Р±РѕР»СЊС€РёРµ Рё
Р±РѕРіР°С‚С‹Рµ РґРѕРјР°. РЎРѕ РІСЃРµР№ РѕРєСЂСѓРіРё Рё РґР°Р¶Рµ РёР· РґР°Р»РµРєРѕР№ РіР»СѓС€Рё РїСЂРёС…РѕРґСЏС‚ Р»СЋРґРё СЃСЋРґР°
Р·Р° С‚РѕРІР°СЂРѕРј РєСѓРїРёС‚СЊ С‡С‚Рѕ, РїСЂРѕРґР°С‚СЊ С‡С‚Рѕ, Р·Р°РєР°Р·Р°С‚СЊ С‡С‚Рѕ.

[1;33mРЈ РІР°С€РёС… РЅРѕРі Р»РµР¶РёС‚ РіР»РёРЅСЏРЅР°СЏ РїР»РѕС€РєР°.
[1;31mР‘Р°Р·Р°СЂРЅС‹Р№ Р·Р°Р·С‹РІР°Р»Р° СЃС‚РѕРёС‚ Р·РґРµСЃСЊ, Р·С‹С‡РЅС‹Рј РіРѕР»РѕСЃРѕРј СЂР°СЃС…РІР°Р»РёРІР°СЏ РІС‹СЃС‚Р°РІР»РµРЅРЅС‹Р№ С‚РѕРІР°СЂ.
[0;0m
[0;32m196H[0;37m [0;32m108M[0;37m 19136Рѕ Р—Р°СѓС‡:0 Р’С‹С…:РЎР®Р—> ящР’С‹ РїРѕРїР»РµР»РёСЃСЊ РЅР° СЋРі.
[1;36mРџРµСЂРµРґ РєРѕРЅСЋС€РЅРµР№ [5003][0;37m
   Р¦РµРЅС‚СЂР°Р»СЊРЅР°СЏ С‡Р°СЃС‚СЊ РґРµСЂРµРІРЅРё Р·Р°РїРѕР»РЅРµРЅР° РЅСѓР¶РЅС‹РјРё РІСЃРµРј РјР°СЃС‚РµСЂСЃРєРёРјРё Рё Р»Р°РІРєР°РјРё.
РЈРґР°С‡РЅРѕРµ РјРµСЃС‚Рѕ РґРµСЂРµРІРЅРё РІ РЅРµР·Р°РїР°РјСЏС‚РЅС‹Рµ РІСЂРµРјРµРЅР° РїСЂРёРІР»РµРєР»Рѕ СЃСЋРґР° С‚РѕСЂРіРѕРІС†РµРІ Рё
РјР°СЃС‚РµСЂРѕРІС‹С…, Рё СЃ С‚РµС… РїРѕСЂ РїРѕРІРµР»РѕСЃСЊ, С‡С‚Рѕ РІ СЌС‚РѕР№ С‡Р°СЃС‚Рё РґРµСЂРµРІРЅРё СЃС‚РѕСЏС‚ Р±РѕР»СЊС€РёРµ Рё
Р±РѕРіР°С‚С‹Рµ РґРѕРјР°. РЎРѕ РІСЃРµР№ РѕРєСЂСѓРіРё Рё РґР°Р¶Рµ РёР· РґР°Р»РµРєРѕР№ РіР»СѓС€Рё РїСЂРёС…РѕРґСЏС‚ Р»СЋРґРё СЃСЋРґР°
Р·Р° С‚РѕРІР°СЂРѕРј РєСѓРїРёС‚СЊ С‡С‚Рѕ, РїСЂРѕРґР°С‚СЊ С‡С‚Рѕ, Р·Р°РєР°Р·Р°С‚СЊ С‡С‚Рѕ.

[1;33m[1;31m[0;0m
[0;32m196H[0;37m [0;32m108M[0;37m 19136Рѕ Р—Р°СѓС‡:0 Р’С‹С…:РЎР’Р®Р—> ящР’С‹ РїРѕРїР»РµР»РёСЃСЊ РЅР° СЋРі.
[1;36mР¦РµРЅС‚СЂ РґРµСЂРµРІРЅРё [5009][0;37m
   Р¦РµРЅС‚СЂР°Р»СЊРЅР°СЏ С‡Р°СЃС‚СЊ РґРµСЂРµРІРЅРё Р·Р°РїРѕР»РЅРµРЅР° РЅСѓР¶РЅС‹РјРё РІСЃРµРј РјР°СЃС‚РµСЂСЃРєРёРјРё Рё Р»Р°РІРєР°РјРё.
РЈРґР°С‡РЅРѕРµ РјРµСЃС‚Рѕ РґРµСЂРµРІРЅРё РІ РЅРµР·Р°РїР°РјСЏС‚РЅС‹Рµ РІСЂРµРјРµРЅР° РїСЂРёРІР»РµРєР»Рѕ СЃСЋРґР° С‚РѕСЂРіРѕРІС†РµРІ Рё
РјР°СЃС‚РµСЂРѕРІС‹С…, Рё СЃ С‚РµС… РїРѕСЂ РїРѕРІРµР»РѕСЃСЊ, С‡С‚Рѕ РІ СЌС‚РѕР№ С‡Р°СЃС‚Рё РґРµСЂРµРІРЅРё СЃС‚РѕСЏС‚ Р±РѕР»СЊС€РёРµ Рё
Р±РѕРіР°С‚С‹Рµ РґРѕРјР°. РЎРѕ РІСЃРµР№ РѕРєСЂСѓРіРё Рё РґР°Р¶Рµ РёР· РґР°Р»РµРєРѕР№ РіР»СѓС€Рё РїСЂРёС…РѕРґСЏС‚ Р»СЋРґРё СЃСЋРґР°
Р·Р° С‚РѕРІР°СЂРѕРј РєСѓРїРёС‚СЊ С‡С‚Рѕ, РїСЂРѕРґР°С‚СЊ С‡С‚Рѕ, Р·Р°РєР°Р·Р°С‚СЊ С‡С‚Рѕ.

[1;33m[1;31mРњРµСЃС‚РЅР°СЏ Р¶РёС‚РµР»СЊРЅРёС†Р° РёРґРµС‚ РїРѕ СЃРІРѕРёРј РґРµР»Р°Рј.
РњРµСЃС‚РЅС‹Р№ Р¶РёС‚РµР»СЊ РёРґРµС‚ Р·РґРµСЃСЊ.
[0;0m
[0;32m196H[0;37m [0;32m107M[0;37m 19136Рѕ Р—Р°СѓС‡:0 Р’С‹С…:РЎР’Р®Р—> ящР’С‹ РїРѕРїР»РµР»РёСЃСЊ РЅР° Р·Р°РїР°Рґ.
[1;36mРљСѓР·РЅРёС†Р° [5025][0;37m
   Р’ РєСѓР·РЅРµ РїРѕСЃС‚РѕСЏРЅРЅРѕ СЃР»С‹С€РёС‚СЃСЏ РіСЂРѕС…РѕС‚ СѓРґР°СЂРѕРІ РєРѕРІРєРё РјРµС‚Р°Р»Р»Р° Рё С€РёРїРµРЅРёРµ Р·Р°РєР°Р»СЏРµРјРѕР№ 
СЃС‚Р°Р»Рё. Р—РґРѕСЂРѕРІС‹Р№ РєСѓР·РЅРµС† С…РѕРґРёС‚ РІРѕРєСЂСѓРі С‚СЏР¶РµР»РѕР№ РЅР°РєРѕРІР°Р»СЊРЅРё. РќР° СЃС‚РµРЅР°С… СЂР°Р·РІРµС€РµРЅС‹ 
СЂР°Р±РѕС‚С‹ РєСѓР·РЅРµС†Р°, С‚СѓС‚ Рё РјРµС‡Рё Рё РїР°Р»РёС†С‹, РєРёРЅР¶Р°Р»С‹ Рё РЅРѕР¶Рё. РљРѕРІР°РЅРЅС‹Рµ РїРѕ РїСЂРѕСЃС‚РѕРјСѓ,
Р±РµР· РёР·С‹СЃРєР° РѕРЅРё РјРѕР¶РµС‚ Р±С‹С‚СЊ Рё РЅРµ СЃР°РјС‹Рµ Р»СѓС‡С€РёРµ, РЅРѕ РєСЂРµРїРєРёРµ Рё РЅР°РґРµР¶РЅС‹Рµ, РІ РґРµР»Рµ
РЅРµ РїРѕРґРІРµРґСѓС‚.

[1;33m[1;31mР—РґРѕСЂРѕРІС‹Р№ РјСѓР¶РёРє-РјРѕР»РѕС‚РѕР±РѕРµС† СЃС‚РѕРёС‚ Р·РґРµСЃСЊ.
РљСѓР·РЅРµС† СЃС‚РѕРёС‚ РІРѕР·Р»Рµ РіРѕСЂРЅР°.
[0;0m
[0;32m196H[0;37m [0;32m106M[0;37m 19136Рѕ Р—Р°СѓС‡:0 Р’С‹С…:Р’> ящР’С‹ РїРѕРїР»РµР»РёСЃСЊ РЅР° РІРѕСЃС‚РѕРє.
[1;36mР¦РµРЅС‚СЂ РґРµСЂРµРІРЅРё [5009][0;37m
   Р¦РµРЅС‚СЂР°Р»СЊРЅР°СЏ С‡Р°СЃС‚СЊ РґРµСЂРµРІРЅРё Р·Р°РїРѕР»РЅРµРЅР° РЅСѓР¶РЅС‹РјРё РІСЃРµРј РјР°СЃС‚РµСЂСЃРєРёРјРё Рё Р»Р°РІРєР°РјРё.
РЈРґР°С‡РЅРѕРµ РјРµСЃС‚Рѕ РґРµСЂРµРІРЅРё РІ РЅРµР·Р°РїР°РјСЏС‚РЅС‹Рµ РІСЂРµРјРµРЅР° РїСЂРёРІР»РµРєР»Рѕ СЃСЋРґР° С‚РѕСЂРіРѕРІС†РµРІ Рё
РјР°СЃС‚РµСЂРѕРІС‹С…, Рё СЃ С‚РµС… РїРѕСЂ РїРѕРІРµР»РѕСЃСЊ, С‡С‚Рѕ РІ СЌС‚РѕР№ С‡Р°СЃС‚Рё РґРµСЂРµРІРЅРё СЃС‚РѕСЏС‚ Р±РѕР»СЊС€РёРµ Рё
Р±РѕРіР°С‚С‹Рµ РґРѕРјР°. РЎРѕ РІСЃРµР№ РѕРєСЂСѓРіРё Рё РґР°Р¶Рµ РёР· РґР°Р»РµРєРѕР№ РіР»СѓС€Рё РїСЂРёС…РѕРґСЏС‚ Р»СЋРґРё СЃСЋРґР°
Р·Р° С‚РѕРІР°СЂРѕРј РєСѓРїРёС‚СЊ С‡С‚Рѕ, РїСЂРѕРґР°С‚СЊ С‡С‚Рѕ, Р·Р°РєР°Р·Р°С‚СЊ С‡С‚Рѕ.

[1;33m[1;31mРњРµСЃС‚РЅР°СЏ Р¶РёС‚РµР»СЊРЅРёС†Р° РёРґРµС‚ РїРѕ СЃРІРѕРёРј РґРµР»Р°Рј.
РњРµСЃС‚РЅС‹Р№ Р¶РёС‚РµР»СЊ РёРґРµС‚ Р·РґРµСЃСЊ.
[0;0m
[0;32m196H[0;37m [0;32m107M[0;37m 19136Рѕ Р—Р°СѓС‡:0 Р’С‹С…:РЎР’Р®Р—> ящР’С‹ РїРѕРїР»РµР»РёСЃСЊ РЅР° СЋРі.
[1;36mР¦РµРЅС‚СЂ РґРµСЂРµРІРЅРё [5010][0;37m
   Р¦РµРЅС‚СЂР°Р»СЊРЅР°СЏ С‡Р°СЃС‚СЊ РґРµСЂРµРІРЅРё Р·Р°РїРѕР»РЅРµРЅР° РЅСѓР¶РЅС‹РјРё РІСЃРµРј РјР°СЃС‚РµСЂСЃРєРёРјРё Рё Р»Р°РІРєР°РјРё.
РЈРґР°С‡РЅРѕРµ РјРµСЃС‚Рѕ РґРµСЂРµРІРЅРё РІ РЅРµР·Р°РїР°РјСЏС‚РЅС‹Рµ РІСЂРµРјРµРЅР° РїСЂРёРІР»РµРєР»Рѕ СЃСЋРґР° С‚РѕСЂРіРѕРІС†РµРІ Рё
РјР°СЃС‚РµСЂРѕРІС‹С…, Рё СЃ С‚РµС… РїРѕСЂ РїРѕРІРµР»РѕСЃСЊ, С‡С‚Рѕ РІ СЌС‚РѕР№ С‡Р°СЃС‚Рё РґРµСЂРµРІРЅРё СЃС‚РѕСЏС‚ Р±РѕР»СЊС€РёРµ Рё
Р±РѕРіР°С‚С‹Рµ РґРѕРјР°. РЎРѕ РІСЃРµР№ РѕРєСЂСѓРіРё Рё РґР°Р¶Рµ РёР· РґР°Р»РµРєРѕР№ РіР»СѓС€Рё РїСЂРёС…РѕРґСЏС‚ Р»СЋРґРё СЃСЋРґР°
Р·Р° С‚РѕРІР°СЂРѕРј РєСѓРїРёС‚СЊ С‡С‚Рѕ, РїСЂРѕРґР°С‚СЊ С‡С‚Рѕ, Р·Р°РєР°Р·Р°С‚СЊ С‡С‚Рѕ.

[1;33m[1;31m[0;0m
[0;32m196H[0;37m [0;32m106M[0;37m 19136Рѕ Р—Р°СѓС‡:0 Р’С‹С…:РЎР’Р®Р—> ящР’С‹ РїРѕРїР»РµР»РёСЃСЊ РЅР° Р·Р°РїР°Рґ.
[1;36mР—РЅР°С…Р°СЂСЃРєР°СЏ [5008][0;37m
   Р’СЃСЏ Р·Р°СЃС‚Р°РІР»РµРЅРЅР°СЏ РєРѕР»Р±Р°РјРё СЃ Р·РµР»СЊРµРј, РїРѕРґРІРµС€РµРЅРЅС‹РјРё РЅР° РєСЂСЋС‡РєР°С… РїСѓС‡РєР°РјРё 
СЃСѓС€РµРЅРѕР№ С‚СЂР°РІС‹ Рё С†РІРµС‚РѕРІ, РёР»Рё РІС‹СЃСѓС€РµРЅРЅС‹С… С‡Р°СЃС‚РµР№ Р¶РёРІРѕС‚РЅС‹С… РєРѕРјРЅР°С‚Р° РЅРµ РІС‹Р·С‹РІР°РµС‚
РїСЂРёСЏС‚РЅС‹С… РѕС‰СѓС‰РµРЅРёР№. РўР°Рє Рё С…РѕС‡РµС‚СЃСЏ Р·Р°С‚РєРЅСѓС‚СЊ РЅРѕСЃ Рё РЅРµ РІРґС‹С…Р°С‚СЊ РјРµСЃС‚РЅС‹Р№ РѕСЃС‚СЂС‹Р№
Р·Р°РїР°С….

[1;33mР‘СѓРјР°РіР° РїСЂРёРєРѕР»РѕС‚Р° Рє РґРѕСЃРєРµ Р·РґРµСЃСЊ.
[1;31mР—РЅР°С…Р°СЂСЊ СЃС‚РѕРёС‚ Р·РґРµСЃСЊ.
Р”РµСЂРµРІРµРЅСЃРєРёР№ РїР°СЂРЅРёС€РєР° РїРѕРјРѕРіР°РµС‚ Р·РЅР°С…Р°СЂСЋ РІ РїСЂРёРіРѕС‚РѕРІР»РµРЅРёРё СЃРЅР°РґРѕР±РёР№.
[0;0m
[0;32m196H[0;37m [0;32m105M[0;37m 19136Рѕ Р—Р°СѓС‡:0 Р’С‹С…:Р’> ящ[1;36mР—РЅР°С…Р°СЂСЊ СЃРєР°Р·Р°Р» РІР°Рј : 'Р­С‚Рѕ Р±СѓРґРµС‚ СЃС‚РѕРёС‚СЊ 110 РєСѓРЅ.'[0;37m
РўРµРїРµСЂСЊ РІС‹ СЃС‚Р°Р»Рё СЃС‡Р°СЃС‚Р»РёРІС‹Рј РѕР±Р»Р°РґР°С‚РµР»РµРј СЃРІРёС‚РєР° РїРѕР·РЅР°РЅРёСЏ.

[0;32m196H[0;37m [0;32m109M[0;37m 19136Рѕ Р—Р°СѓС‡:0 Р’С‹С…:Р’> ящР’С‹ РїСЂРµРєСЂР°С‚РёР»Рё РёСЃРїРѕР»СЊР·РѕРІР°С‚СЊ Р±СЂРѕРЅР·РѕРІС‹Р№ С‚РѕРїРѕСЂРёРє.
Р’С‹ Р·Р°С‡РёС‚Р°Р»Рё СЃРІРёС‚РѕРє РїРѕР·РЅР°РЅРёСЏ, РєРѕС‚РѕСЂС‹Р№ СЂР°СЃСЃС‹РїР°Р»СЃСЏ РІ РїСЂР°С….
Р’С‹ СѓР·РЅР°Р»Рё СЃР»РµРґСѓСЋС‰РµРµ:
РџСЂРµРґРјРµС‚ "РєСѓС…РѕРЅРЅС‹Р№ РЅРѕР¶", С‚РёРї : РћР РЈР–РР•
РџСЂРёРЅР°РґР»РµР¶РёС‚ Рє РєР»Р°СЃСЃСѓ "РєРѕСЂРѕС‚РєРёРµ Р»РµР·РІРёСЏ".
РњРѕР¶РЅРѕ РІР·СЏС‚СЊ РІ РїСЂР°РІСѓСЋ СЂСѓРєСѓ (С‚СЂРµР±СѓРµС‚СЃСЏ 5 СЃРёР»С‹).
РњРѕР¶РЅРѕ РІР·СЏС‚СЊ РІ Р»РµРІСѓСЋ СЂСѓРєСѓ (С‚СЂРµР±СѓРµС‚СЃСЏ 9 СЃРёР»С‹).
РњРѕР¶РЅРѕ РІР·СЏС‚СЊ РІ РѕР±Рµ СЂСѓРєРё (С‚СЂРµР±СѓРµС‚СЃСЏ 3 СЃРёР»С‹).
Р’РµСЃ: 5, Р¦РµРЅР°: 50, Р РµРЅС‚Р°: 100(5)
РњР°С‚РµСЂРёР°Р» : [0;36mРЎРўРђР›Р¬
[0;37mРќРµСѓРґРѕР±РµРЅ : [0;36mРЅРёС‡РµРіРѕ
[0;37mРќРµРґРѕСЃС‚СѓРїРµРЅ : [0;36mРЅРёС‡РµРіРѕ
[0;37mРРјРµРµС‚ СЌРєСЃС‚СЂР°С„Р»Р°РіРё: [0;36mРЅРёС‡РµРіРѕ
[0;37mРќР°РЅРѕСЃРёРјС‹Рµ РїРѕРІСЂРµР¶РґРµРЅРёСЏ '3D3' СЃСЂРµРґРЅРµРµ 6.0.
РќР°РєР»Р°РґС‹РІР°РµС‚ РЅР° РІР°СЃ Р°С„С„РµРєС‚С‹: [0;36mРЅРёС‡РµРіРѕ
[0;37m
[0;32m196H[0;37m [0;32m109M[0;37m 19136Рѕ Р—Р°СѓС‡:0 Р’С‹С…:Р’> ящР’С‹ РІР·СЏР»Рё Р±СЂРѕРЅР·РѕРІС‹Р№ С‚РѕРїРѕСЂРёРє РІ Р»РµРІСѓСЋ СЂСѓРєСѓ.

[0;32m196H[0;37m [0;32m109M[0;37m 19136Рѕ Р—Р°СѓС‡:0 Р’С‹С…:Р’> ящР’С‹ РїРѕРїР»РµР»РёСЃСЊ РЅР° РІРѕСЃС‚РѕРє.
[1;36mР¦РµРЅС‚СЂ РґРµСЂРµРІРЅРё [5010][0;37m
   Р¦РµРЅС‚СЂР°Р»СЊРЅР°СЏ С‡Р°СЃС‚СЊ РґРµСЂРµРІРЅРё Р·Р°РїРѕР»РЅРµРЅР° РЅСѓР¶РЅС‹РјРё РІСЃРµРј РјР°СЃС‚РµСЂСЃРєРёРјРё Рё Р»Р°РІРєР°РјРё.
РЈРґР°С‡РЅРѕРµ РјРµСЃС‚Рѕ РґРµСЂРµРІРЅРё РІ РЅРµР·Р°РїР°РјСЏС‚РЅС‹Рµ РІСЂРµРјРµРЅР° РїСЂРёРІР»РµРєР»Рѕ СЃСЋРґР° С‚РѕСЂРіРѕРІС†РµРІ Рё
РјР°СЃС‚РµСЂРѕРІС‹С…, Рё СЃ С‚РµС… РїРѕСЂ РїРѕРІРµР»РѕСЃСЊ, С‡С‚Рѕ РІ СЌС‚РѕР№ С‡Р°СЃС‚Рё РґРµСЂРµРІРЅРё СЃС‚РѕСЏС‚ Р±РѕР»СЊС€РёРµ Рё
Р±РѕРіР°С‚С‹Рµ РґРѕРјР°. РЎРѕ РІСЃРµР№ РѕРєСЂСѓРіРё Рё РґР°Р¶Рµ РёР· РґР°Р»РµРєРѕР№ РіР»СѓС€Рё РїСЂРёС…РѕРґСЏС‚ Р»СЋРґРё СЃСЋРґР°
Р·Р° С‚РѕРІР°СЂРѕРј РєСѓРїРёС‚СЊ С‡С‚Рѕ, РїСЂРѕРґР°С‚СЊ С‡С‚Рѕ, Р·Р°РєР°Р·Р°С‚СЊ С‡С‚Рѕ.

[1;33m[1;31m[0;0m
[0;32m196H[0;37m [0;32m108M[0;37m 19136Рѕ Р—Р°СѓС‡:0 Р’С‹С…:РЎР’Р®Р—> ящР’С‹ РїРѕРїР»РµР»РёСЃСЊ РЅР° СЃРµРІРµСЂ.
[1;36mР¦РµРЅС‚СЂ РґРµСЂРµРІРЅРё [5009][0;37m
   Р¦РµРЅС‚СЂР°Р»СЊРЅР°СЏ С‡Р°СЃС‚СЊ РґРµСЂРµРІРЅРё Р·Р°РїРѕР»РЅРµРЅР° РЅСѓР¶РЅС‹РјРё РІСЃРµРј РјР°СЃС‚РµСЂСЃРєРёРјРё Рё Р»Р°РІРєР°РјРё.
РЈРґР°С‡РЅРѕРµ РјРµСЃС‚Рѕ РґРµСЂРµРІРЅРё РІ РЅРµР·Р°РїР°РјСЏС‚РЅС‹Рµ РІСЂРµРјРµРЅР° РїСЂРёРІР»РµРєР»Рѕ СЃСЋРґР° С‚РѕСЂРіРѕРІС†РµРІ Рё
РјР°СЃС‚РµСЂРѕРІС‹С…, Рё СЃ С‚РµС… РїРѕСЂ РїРѕРІРµР»РѕСЃСЊ, С‡С‚Рѕ РІ СЌС‚РѕР№ С‡Р°СЃС‚Рё РґРµСЂРµРІРЅРё СЃС‚РѕСЏС‚ Р±РѕР»СЊС€РёРµ Рё
Р±РѕРіР°С‚С‹Рµ РґРѕРјР°. РЎРѕ РІСЃРµР№ РѕРєСЂСѓРіРё Рё РґР°Р¶Рµ РёР· РґР°Р»РµРєРѕР№ РіР»СѓС€Рё РїСЂРёС…РѕРґСЏС‚ Р»СЋРґРё СЃСЋРґР°
Р·Р° С‚РѕРІР°СЂРѕРј РєСѓРїРёС‚СЊ С‡С‚Рѕ, РїСЂРѕРґР°С‚СЊ С‡С‚Рѕ, Р·Р°РєР°Р·Р°С‚СЊ С‡С‚Рѕ.

[1;33m[1;31m[0;0m
[0;32m196H[0;37m [0;32m108M[0;37m 19136Рѕ Р—Р°СѓС‡:0 Р’С‹С…:РЎР’Р®Р—> ящР’С‹ РїРѕРїР»РµР»РёСЃСЊ РЅР° СЃРµРІРµСЂ.
[1;36mРџРµСЂРµРґ РєРѕРЅСЋС€РЅРµР№ [5003][0;37m
   Р¦РµРЅС‚СЂР°Р»СЊРЅР°СЏ С‡Р°СЃС‚СЊ РґРµСЂРµРІРЅРё Р·Р°РїРѕР»РЅРµРЅР° РЅСѓР¶РЅС‹РјРё РІСЃРµРј РјР°СЃС‚РµСЂСЃРєРёРјРё Рё Р»Р°РІРєР°РјРё.
РЈРґР°С‡РЅРѕРµ РјРµСЃС‚Рѕ РґРµСЂРµРІРЅРё РІ РЅРµР·Р°РїР°РјСЏС‚РЅС‹Рµ РІСЂРµРјРµРЅР° РїСЂРёРІР»РµРєР»Рѕ СЃСЋРґР° С‚РѕСЂРіРѕРІС†РµРІ Рё
РјР°СЃС‚РµСЂРѕРІС‹С…, Рё СЃ С‚РµС… РїРѕСЂ РїРѕРІРµР»РѕСЃСЊ, С‡С‚Рѕ РІ СЌС‚РѕР№ С‡Р°СЃС‚Рё РґРµСЂРµРІРЅРё СЃС‚РѕСЏС‚ Р±РѕР»СЊС€РёРµ Рё
Р±РѕРіР°С‚С‹Рµ РґРѕРјР°. РЎРѕ РІСЃРµР№ РѕРєСЂСѓРіРё Рё РґР°Р¶Рµ РёР· РґР°Р»РµРєРѕР№ РіР»СѓС€Рё РїСЂРёС…РѕРґСЏС‚ Р»СЋРґРё СЃСЋРґР°
Р·Р° С‚РѕРІР°СЂРѕРј РєСѓРїРёС‚СЊ С‡С‚Рѕ, РїСЂРѕРґР°С‚СЊ С‡С‚Рѕ, Р·Р°РєР°Р·Р°С‚СЊ С‡С‚Рѕ.

[1;33m[1;31mРњРµСЃС‚РЅР°СЏ Р¶РёС‚РµР»СЊРЅРёС†Р° РёРґРµС‚ РїРѕ СЃРІРѕРёРј РґРµР»Р°Рј.
РњРµСЃС‚РЅС‹Р№ Р¶РёС‚РµР»СЊ РёРґРµС‚ Р·РґРµСЃСЊ.
[0;0m
[0;32m196H[0;37m [0;32m107M[0;37m 19136Рѕ Р—Р°СѓС‡:0 Р’С‹С…:РЎР’Р®Р—> ящР’С‹ РїРѕРїР»РµР»РёСЃСЊ РЅР° СЃРµРІРµСЂ.
[1;36mР¦РµРЅС‚СЂ РґРµСЂРµРІРЅРё [5004][0;37m
   Р¦РµРЅС‚СЂР°Р»СЊРЅР°СЏ С‡Р°СЃС‚СЊ РґРµСЂРµРІРЅРё Р·Р°РїРѕР»РЅРµРЅР° РЅСѓР¶РЅС‹РјРё РІСЃРµРј РјР°СЃС‚РµСЂСЃРєРёРјРё Рё Р»Р°РІРєР°РјРё.
РЈРґР°С‡РЅРѕРµ РјРµСЃС‚Рѕ РґРµСЂРµРІРЅРё РІ РЅРµР·Р°РїР°РјСЏС‚РЅС‹Рµ РІСЂРµРјРµРЅР° РїСЂРёРІР»РµРєР»Рѕ СЃСЋРґР° С‚РѕСЂРіРѕРІС†РµРІ Рё
РјР°СЃС‚РµСЂРѕРІС‹С…, Рё СЃ С‚РµС… РїРѕСЂ РїРѕРІРµР»РѕСЃСЊ, С‡С‚Рѕ РІ СЌС‚РѕР№ С‡Р°СЃС‚Рё РґРµСЂРµРІРЅРё СЃС‚РѕСЏС‚ Р±РѕР»СЊС€РёРµ Рё
Р±РѕРіР°С‚С‹Рµ РґРѕРјР°. РЎРѕ РІСЃРµР№ РѕРєСЂСѓРіРё Рё РґР°Р¶Рµ РёР· РґР°Р»РµРєРѕР№ РіР»СѓС€Рё РїСЂРёС…РѕРґСЏС‚ Р»СЋРґРё СЃСЋРґР°
Р·Р° С‚РѕРІР°СЂРѕРј РєСѓРїРёС‚СЊ С‡С‚Рѕ, РїСЂРѕРґР°С‚СЊ С‡С‚Рѕ, Р·Р°РєР°Р·Р°С‚СЊ С‡С‚Рѕ.

[1;33mРЈ РІР°С€РёС… РЅРѕРі Р»РµР¶РёС‚ РіР»РёРЅСЏРЅР°СЏ РїР»РѕС€РєР°.
[1;31mР‘Р°Р·Р°СЂРЅС‹Р№ Р·Р°Р·С‹РІР°Р»Р° СЃС‚РѕРёС‚ Р·РґРµСЃСЊ, Р·С‹С‡РЅС‹Рј РіРѕР»РѕСЃРѕРј СЂР°СЃС…РІР°Р»РёРІР°СЏ РІС‹СЃС‚Р°РІР»РµРЅРЅС‹Р№ С‚РѕРІР°СЂ.
[0;0m
[0;32m196H[0;37m [0;32m106M[0;37m 19136Рѕ Р—Р°СѓС‡:0 Р’С‹С…:РЎР®Р—> ящР’С‹ РїРѕРїР»РµР»РёСЃСЊ РЅР° СЃРµРІРµСЂ.
[1;36mРџРµСЂРµРґ РїРѕСЃС‚РѕСЏР»С‹Рј РґРІРѕСЂРѕРј [5005][0;37m
   Р§СѓС‚СЊ РЅРµ СЃРїРѕС‚РєРЅСѓРІС€РёСЃСЊ Рѕ РґРѕСЃРєСѓ, Р»РµР¶Р°С‰СѓСЋ СЃСЂР°Р·Сѓ Сѓ РїРѕСЂРѕРіР° РїРѕСЃС‚РѕСЏР»РѕРіРѕ РґРІРѕСЂР°,
РІС‹ РѕРєР°Р·Р°Р»РёСЃСЊ РЅР° С†РµРЅС‚СЂР°Р»СЊРЅРѕР№ СѓР»РёС†Рµ РґРµСЂРµРІРЅРё. РРјРµРЅРЅРѕ РЅР° СЌС‚РѕР№ СѓР»РёС†Рµ РјРѕР¶РЅРѕ 
Р±С‹СЃС‚СЂРѕ РЅР°Р№С‚Рё Р»Р°РІРєСѓ СЂРµРјРµСЃР»РµРЅРЅРёРєР°, РґРѕРј Р·РЅР°С…Р°СЂСЏ, РєРѕРЅСЋС€РЅСЋ Рё РґРѕРј СЃС‚Р°СЂРµР№С€РёРЅС‹.
Р’ СЋР¶РЅРѕР№ С‡Р°СЃС‚Рё РґРµСЂРµРІРЅРё РїРѕСЃРµР»РёР»РёСЃСЊ РІРѕСЂРѕР¶РµРё.

[1;33m[1;31mРџРѕР¶РёР»РѕР№ С€РёСЂРѕРєРѕРїР»РµС‡РёР№ РєСЂРµСЃС‚СЊСЏРЅРёРЅ РІ РґРѕР±СЂРѕС‚РЅРѕР№ РѕРґРµР¶РґРµ РїСЂРѕС…Р°Р¶РёРІР°РµС‚СЃСЏ С‚СѓС‚.
[0;0m
[0;32m196H[0;37m [0;32m106M[0;37m 19136Рѕ Р—Р°СѓС‡:0 Р’С‹С…:РЎР’Р®Р—> ящР’С‹ РїРѕРїР»РµР»РёСЃСЊ РЅР° РІРѕСЃС‚РѕРє.
[1;36mРџРѕСЃС‚РѕСЏР»С‹Р№ РґРІРѕСЂ [5001][0;37m
   Р”РµСЂРµРІРЅСЏ С…РѕС‚СЊ Рё РЅРµР±РѕР»СЊС€Р°СЏ, РЅРѕ РїРѕСЃС‚РѕСЏР»С‹Р№ РґРІРѕСЂ РёРјРµРµС‚СЃСЏ, РґР»СЏ Р·Р°РµР·Р¶РёС… РіРѕСЃС‚РµР№,
С‡С‚РѕР±С‹ Р±С‹Р»Рѕ РіРґРµ РїРµСЂРµРІРµСЃС‚Рё РґСѓС…, РµРґРѕР№ Рё РїРёС‚СЊРµРј Р·Р°РїР°СЃС‚РёСЃСЊ. Рђ РµСЃР»Рё РЅР° РґРІРѕСЂРµ СѓР¶
РЅРѕС‡СЊ РёР»СЊ РїСЂРѕСЃС‚Рѕ РЅР°РґРѕ РѕСЃС‚Р°РЅРѕРІРёС‚СЃСЏ РЅР° РґРµРЅСЊ РґСЂСѓРіРѕР№ РІ РґРµСЂРµРІРЅРµ, Р° СЂРѕРґСЃС‚РІРµРЅРЅРёРєРѕРІ
РЅРµС‚, С‚Р°Рє РјРѕР¶РЅРѕ Рё РїРµСЂРµРЅРѕС‡РµРІР°С‚СЊ РІ РіРѕСЂРЅРёС†Р°С… РЅР°РІРµСЂС…Сѓ.

[1;33m[1;31mРЎРµРґРѕРІР»Р°СЃС‹Р№ СЃРєР°Р·РёС‚РµР»СЊ РіРѕС‚РѕРІ РїРѕРґРµР»РёС‚СЊСЃСЏ СЃ Р’Р°РјРё РёРЅС‚РµСЂРµСЃРЅРѕР№ РёСЃС‚РѕСЂРёРµР№.
РўСЂР°РєС‚РёСЂС‰РёРє РѕС‚РґС‹С…Р°РµС‚ Р·Р° СЃС‚РѕР№РєРѕР№.
[0;0m
[0;32m196H[0;37m [0;32m105M[0;37m 19136Рѕ Р—Р°СѓС‡:0 Р’С‹С…:Р—^> ящР’С‹ РїРѕРїР»РµР»РёСЃСЊ РІРІРµСЂС….
[1;36mРљРѕРјРЅР°С‚С‹ РѕС‚РґС‹С…Р° [5000][0;37m
   РҐРѕР·СЏРёРЅ СѓСЃС‚СЂРѕРёР» Р·РґРµСЃСЊ РєРѕРјРЅР°С‚С‹ РґР»СЏ РѕС‚РґС‹С…Р°. Р›СЋР±РѕР№ Р¶РµР»Р°СЋС‰РёР№ РјРѕР¶РµС‚ РѕСЃС‚Р°РЅРѕРІРёС‚СЊСЃСЏ
Р·РґРµСЃСЊ Рё РїРµСЂРµРґРѕС…РЅСѓС‚СЊ РїРѕСЃР»Рµ РґР°Р»СЊРЅРµР№ РґРѕСЂРѕРіРё. РЎРІРµС‚Р»С‹Рµ РіРѕСЂРЅРёС†С‹ С‚Р°Рє Рё РїСЂРёРіР»Р°С€Р°СЋС‚
РїСЂРѕР№С‚Рё РІ РЅРёС… Рё СЂР°СЃС‚СЏРЅСѓС‚СЊСЃСЏ РЅР° РїРµСЂРёРЅРµ, РЅР° РїСѓС…РѕРІРѕР№ РґР° Р·Р°Р±С‹С‚СЊСЃСЏ СЃРЅРѕРј Р±РѕРіР°С‚С‹СЂСЃРєРёРј.
Р—РґРµСЃСЊ Р¶Рµ РјРѕР¶РЅРѕ РїРѕРґРѕР¶РґР°С‚СЊ СЃРІРѕРёС… РєРѕРјРїР°РЅСЊРѕРЅРѕРІ РїРµСЂРµРґ РґРѕР»РіРѕР№ РґРѕСЂРѕРіРѕР№, РїРѕРіРѕРІРѕСЂРёС‚СЊ
Рѕ РґР°Р»СЊРЅРµР№С€РёС… РїР»Р°РЅР°С….
[1;32mРЎРѕРІСЃРµРј РјР°Р»С‹С…, РґР° РЅРµ РѕР±СѓС‡РµРЅРЅС‹С… С‚Р°Рє Рё С‚СЏРЅРµС‚ [1;33mРІРѕР№С‚Рё [1;32mРІ [1;33mС€РєРѕР»Сѓ[1;32m.[0;0m

[1;33mРџР»Р°СЃС‚РёРЅР° СЃ РёСЃС…РѕРґСЏС‰РёРј РѕС‚ РЅРµРµ С…РѕР»РѕРґРѕРј Р»РµР¶РёС‚ Р·РґРµСЃСЊ.
Р”РѕСЃРєР° РґР»СЏ СЂР°Р·Р»РёС‡РЅС‹С… Р·Р°РјРµС‚РѕРє Рё РѕР±СЉСЏРІР»РµРЅРёР№ РїСЂРёР±РёС‚Р° С‚СѓС‚ ..Р±Р»РµСЃС‚РёС‚!
[1;31mРҐРѕР·СЏР№РєР° РїРѕСЃС‚РѕСЏР»РѕРіРѕ РґРІРѕСЂР° СЂР°СЃРїРѕСЂСЏР¶Р°РµС‚СЃСЏ Р·РґРµСЃСЊ.
[0;0m
[0;32m196H[0;37m [0;32m104M[0;37m 19136Рѕ Р—Р°СѓС‡:0 Р’С‹С…:v> ящ
[1;36mР’РЅРµР·Р°РїРЅРѕ РјРёСЂ СЃРѕРґСЂРѕРіРЅСѓР»СЃСЏ, РґРµРЅСЊ РїРѕРјРµРЅСЏР»СЃСЏ СЃ РЅРѕС‡СЊСЋ, Р·РµРјР»СЏ СЃ РЅРµР±РѕРј
...РЅРѕ С‡РµСЂРµР· РјРёРі РІСЃРµ РІРµСЂРЅСѓР»РѕСЃСЊ РЅР° РєСЂСѓРіРё СЃРІРѕСЏ.[0;37m

[0;32m196H[0;37m [0;32m108M[0;37m 19136Рѕ Р—Р°СѓС‡:0 Р’С‹С…:v> ящ
[1;31mРњРёРЅСѓР» С‡Р°СЃ.[0;37m

[0;32m196H[0;37m [0;32m109M[0;37m 19136Рѕ Р—Р°СѓС‡:0 Р’С‹С…:v> ящРҐРѕР·СЏР№РєР° СЃРєР°Р·Р°Р»Р° РІР°Рј : "РћРґРµС‚С‹Р№ СЃРїР°С‚СЊ Р±СѓРґРµС€СЊ? РҐРј.. РќСѓ СЃРјРѕС‚СЂРё, С‚РѕРіРґР° РґРµС€РµРІР»Рµ РІРѕР·СЊРјСѓ"
[1;37m - 0 РєСѓРЅ (0 РµСЃР»Рё СЃРЅСЏС‚СЊ) Р·Р° Р»РµРіРєРёР№ Р»Р°С‚РЅС‹Р№ РґРѕСЃРїРµС… [0;37m
[1;37m - 2 РєСѓРЅС‹ (20 РµСЃР»Рё СЃРЅСЏС‚СЊ) Р·Р° Р»РµРіРєРёР№ Р»Р°С‚РЅС‹Р№ С€Р»РµРј [0;37m
[1;37m - 0 РєСѓРЅ (0 РµСЃР»Рё СЃРЅСЏС‚СЊ) Р·Р° Р»РµРіРєРёРµ Р»Р°С‚РЅС‹Рµ РїРѕРЅРѕР¶Рё [0;37m
[1;37m - 3 РєСѓРЅС‹ (25 РµСЃР»Рё СЃРЅСЏС‚СЊ) Р·Р° Р»РµРіРєРёРµ Р»Р°С‚РЅС‹Рµ СЃР°РїРѕРіРё [0;37m
[1;37m - 3 РєСѓРЅС‹ (25 РµСЃР»Рё СЃРЅСЏС‚СЊ) Р·Р° Р»РµРіРєРёРµ Р»Р°С‚РЅС‹Рµ РЅР°СЂСѓС‡Рё [0;37m
[1;37m - 1 РєСѓРЅР° (10 РµСЃР»Рё СЃРЅСЏС‚СЊ) Р·Р° РґР»РёРЅРЅС‹Р№ Р±СЂРѕРЅР·РѕРІС‹Р№ РјРµС‡ [0;37m
[1;37m - 1 РєСѓРЅР° (9 РµСЃР»Рё СЃРЅСЏС‚СЊ) Р·Р° Р±СЂРѕРЅР·РѕРІС‹Р№ С‚РѕРїРѕСЂРёРє [0;37m
РҐРѕР·СЏР№РєР° СЃРєР°Р·Р°Р»Р° РІР°Рј : "Р­С‚Рѕ СЏ РІ С‡СѓР»Р°РЅРµ Р·Р°РїСЂСѓ:"
 - 100 РєСѓРЅ (5 РµСЃР»Рё РЅР°РґРµС‚СЊ) Р·Р° РєСѓС…РѕРЅРЅС‹Р№ РЅРѕР¶ 
РҐРѕР·СЏР№РєР° СЃРєР°Р·Р°Р»Р° РІР°Рј : "Р’ СЃСѓРјРјРµ СЌС‚Рѕ СЃРѕСЃС‚Р°РІРёС‚ 110 РєСѓРЅ РІ РґРµРЅСЊ ."
РҐРѕР·СЏР№РєР° СЃРєР°Р·Р°Р»Р° РІР°Рј : "РўР°Рє СѓР¶ Рё Р±С‹С‚СЊ, СЏ СЃРєРѕС‰Сѓ С‚РµР±Рµ РїРѕР»РѕРІРёРЅСѓ."
РҐРѕР·СЏР№РєР° СЃРєР°Р·Р°Р»Р° РІР°Рј :

"РџРѕСЃС‚РѕР№ РѕР±РѕР№РґРµС‚СЃСЏ С‚РµР±Рµ РІ 55 РєСѓРЅ."
"РўРІРѕРёС… РґРµРЅРµРі С…РІР°С‚РёС‚ РЅР° 10 РґРЅРµР№."
РҐРѕР·СЏР№РєР° Р·Р°РїРµСЂР»Р° РІР°С€Рё РІРµС‰Рё РІ СЃСѓРЅРґСѓРє Рё РїРѕРІРµР»Р° РІ С‚РµСЃРЅСѓСЋ РєР°РјРѕСЂРєСѓ.

0) РћС‚СЃРѕРµРґРёРЅРёС‚СЊСЃСЏ.
1) РќР°С‡Р°С‚СЊ РёРіСЂСѓ.
2) Р’РІРµСЃС‚Рё РѕРїРёСЃР°РЅРёРµ РІР°С€РµРіРѕ РїРµСЂСЃРѕРЅР°Р¶Р°.
3) РЈР·РЅР°С‚СЊ РёСЃС‚РѕСЂРёСЋ.
4) РР·РјРµРЅРёС‚СЊ РїР°СЂРѕР»СЊ.
5) РЈРґР°Р»РёС‚СЊ РїРµСЂСЃРѕРЅР°Р¶Р°.
6) РР·РјРµРЅРёС‚СЊ РїР°СЂР°РјРµС‚СЂС‹ РїРµСЂСЃРѕРЅР°Р¶Р°.
7) Р’РєР»СЋС‡РёС‚СЊ/РІС‹РєР»СЋС‡РёС‚СЊ СЂРµР¶РёРј СЃР»РµРїРѕРіРѕ РёРіСЂРѕРєР°.

   Р§РµРіРѕ РІР°С€Р° РґСѓС€Р° Р¶РµР»Р°РµС‚? ящ
Р”Рѕ РІСЃС‚СЂРµС‡Рё РЅР° Р·РµРјР»Рµ РљРёРµРІСЃРєРѕР№.
Р’ СЃР»СѓС‡Р°Рµ РІР°С€РµРіРѕ РѕС‚СЃСѓС‚СЃС‚РІРёСЏ РїРµСЂСЃРѕРЅР°Р¶ Р±СѓРґРµС‚ С…СЂР°РЅРёС‚СЊСЃСЏ РґРѕ 02:55:00 27 РСЋР»СЏ 2018 РіРѕРґР° РЅР°С€РµР№ СЌСЂС‹ :).
ящ