ˇ˚Eˇ˚Vˇ˚U
Using keytable
  0) Koi-8
  1) Alt
  2) Windows(JMC,MMC)
  3) Windows(zMUD)
  4) Windows(zMUD ver. 6+)
  5) UTF-8
Select one :     
 -----------------------------------------------------------------------------                   
          Based On CircleMUD v3.0   Created by Jeremy Elson,   
          DikuMUD Gamma 0.0  by Sebastian Hammer, Michael Seifert, 
          Hans Henrik Staerfeldt, Tom Madsen, Katja Nyboe
 _____________________________________________________________________________

    #######
    ##    
    ##        ####    ####      ####  ####  ####  ####  ####  ####    ####
    #######    ######  ##     ## ##    ##  ####    ##    ##    ######  ##
    ##    ##   ##   ## ##    ##  ##    ####  ##    ########    ##   ## ##
    ##    ##   ##   ## ##    ##  ##    ###   ##    ##    ##    ##   ## ##
    #######   ####### ####  ###  ###  ####  ####  ####  ####  ####### ####

                   –ü–û –ü–†–ï–î–ê–ù–ò–Ø–ú –†–£–°–°–ö–ò–• –ù–ê–†–û–î–ù–´–• –°–ö–ê–ó–û–ö –ò –ë–´–õ–ò–ù.

             –ü–æ –∞–¥–º–∏–Ω–∏—Å—Ç—Ä–∞—Ç–∏–≤–Ω—ã–º –≤–æ–ø—Ä–æ—Å–∞–º –º–æ–∂–µ—Ç–µ —Å–≤—è–∑–∞—Ç—å—Å—è —Å –°—Ç—Ä–∏–±–æ–≥–æ–º
                	     e-mail: stribog@bylins.su

                       –ü–æ—Å–µ—Ç–∏—Ç–µ –Ω–∞—à —Å–∞–π—Ç: www.bylins.su
    –î–ª—è –±–æ–ª–µ–µ –ø–æ–¥—Ä–æ–±–Ω–æ–π –∏–≥—Ä–æ–≤–æ–π –∏–Ω—Ñ–æ—Ä–º–∞—Ü–∏–∏ –ø–æ—Å–µ—Ç–∏—Ç–µ www.bylins.su/?newbies

–í–≤–µ–¥–∏—Ç–µ –∏–º—è –ø–µ—Ä—Å–æ–Ω–∞–∂–∞ (–∏–ª–∏ "–Ω–æ–≤—ã–π" –¥–ª—è —Å–æ–∑–¥–∞–Ω–∏—è –Ω–æ–≤–æ–≥–æ): –ü–µ—Ä—Å–æ–Ω–∞–∂ —Å —Ç–∞–∫–∏–º –∏–º–µ–Ω–µ–º —É–∂–µ —Å—É—â–µ—Å—Ç–≤—É–µ—Ç. –í–≤–µ–¥–∏—Ç–µ –ø–∞—Ä–æ–ª—å : ˇ˘

–ü–æ—Å–ª–µ–¥–Ω–∏–π —Ä–∞–∑ –≤—ã –∑–∞—Ö–æ–¥–∏–ª–∏ –∫ –Ω–∞–º –≤ 06:14:52 11 –§–µ–≤—Ä–∞–ª—è 2018 –≥–æ–¥–∞ —Å –∞–¥—Ä–µ—Å–∞ (73.202.200.191).

* –í —Å–≤—è–∑–∏ —Å –ø—Ä–æ–±–ª–µ–º–∞–º–∏ –ø–µ—Ä–µ–≤–æ–¥–∞ —Ñ—Ä–∞–∑—ã ANYKEY –Ω–∞–∂–º–∏—Ç–µ ENTER *ˇ˘
  –î–æ–±—Ä–æ –ø–æ–∂–∞–ª–æ–≤–∞—Ç—å –Ω–∞ –∑–µ–º–ª—é –ö–∏–µ–≤—Å–∫—É—é, –±–æ–≥–∞—Ç—É—é –∏—Å—Ç–æ—Ä–∏–µ–π –∏ —Å–∞–º—ã–º–∏ –Ω–µ–≤–µ—Ä–æ—è—Ç–Ω—ã–º–∏
–ø—Ä–∏–∫–ª—é—á–µ–Ω–∏—è–º–∏. –í–æ–∑–º–æ–∂–Ω–æ, –≤–∞–º –æ–Ω–∏ –ø–æ–Ω—Ä–∞–≤—è—Ç—Å—è, –∏ –≤—ã —Å—Ç–∞–Ω–µ—Ç–µ –≤ –æ–¥–∏–Ω —Ä—è–¥ —Å –≥–µ—Ä–æ—è–º–∏
–¥–∞–≤–Ω–æ –º–∏–Ω—É–≤—à–∏—Ö –¥–Ω–µ–π.

[1;36m–ö–æ–º–Ω–∞—Ç—ã –æ—Ç–¥—ã—Ö–∞ [5000][0;37m
   –•–æ–∑—è–∏–Ω —É—Å—Ç—Ä–æ–∏–ª –∑–¥–µ—Å—å –∫–æ–º–Ω–∞—Ç—ã –¥–ª—è –æ—Ç–¥—ã—Ö–∞. –õ—é–±–æ–π –∂–µ–ª–∞—é—â–∏–π –º–æ–∂–µ—Ç –æ—Å—Ç–∞–Ω–æ–≤–∏—Ç—å—Å—è
–∑–¥–µ—Å—å –∏ –ø–µ—Ä–µ–¥–æ—Ö–Ω—É—Ç—å –ø–æ—Å–ª–µ –¥–∞–ª—å–Ω–µ–π –¥–æ—Ä–æ–≥–∏. –°–≤–µ—Ç–ª—ã–µ –≥–æ—Ä–Ω–∏—Ü—ã —Ç–∞–∫ –∏ –ø—Ä–∏–≥–ª–∞—à–∞—é—Ç
–ø—Ä–æ–π—Ç–∏ –≤ –Ω–∏—Ö –∏ —Ä–∞—Å—Ç—è–Ω—É—Ç—å—Å—è –Ω–∞ –ø–µ—Ä–∏–Ω–µ, –Ω–∞ –ø—É—Ö–æ–≤–æ–π –¥–∞ –∑–∞–±—ã—Ç—å—Å—è —Å–Ω–æ–º –±–æ–≥–∞—Ç—ã—Ä—Å–∫–∏–º.
–ó–¥–µ—Å—å –∂–µ –º–æ–∂–Ω–æ –ø–æ–¥–æ–∂–¥–∞—Ç—å —Å–≤–æ–∏—Ö –∫–æ–º–ø–∞–Ω—å–æ–Ω–æ–≤ –ø–µ—Ä–µ–¥ –¥–æ–ª–≥–æ–π –¥–æ—Ä–æ–≥–æ–π, –ø–æ–≥–æ–≤–æ—Ä–∏—Ç—å
–æ –¥–∞–ª—å–Ω–µ–π—à–∏—Ö –ø–ª–∞–Ω–∞—Ö.
[1;32m–°–æ–≤—Å–µ–º –º–∞–ª—ã—Ö, –¥–∞ –Ω–µ –æ–±—É—á–µ–Ω–Ω—ã—Ö —Ç–∞–∫ –∏ —Ç—è–Ω–µ—Ç [1;33m–≤–æ–π—Ç–∏ [1;32m–≤ [1;33m—à–∫–æ–ª—É[1;32m.[0;0m

[1;33m–î–æ—Å–∫–∞ –¥–ª—è —Ä–∞–∑–ª–∏—á–Ω—ã—Ö –∑–∞–º–µ—Ç–æ–∫ –∏ –æ–±—ä—è–≤–ª–µ–Ω–∏–π –ø—Ä–∏–±–∏—Ç–∞ —Ç—É—Ç ..–±–ª–µ—Å—Ç–∏—Ç!
[1;31m–•–æ–∑—è–π–∫–∞ –ø–æ—Å—Ç–æ—è–ª–æ–≥–æ –¥–≤–æ—Ä–∞ —Ä–∞—Å–ø–æ—Ä—è–∂–∞–µ—Ç—Å—è –∑–¥–µ—Å—å.
[0;0m
–î–µ—Ä–µ–≤–Ω—è —É —Ä–µ–∫–∏ (2-–∞—è —Ä–æ–¥–æ–≤–∞—è).

–í–∞—Å –æ–∂–∏–¥–∞—é—Ç —Å–æ–æ–±—â–µ–Ω–∏—è:
   5 –≤ —Ä–∞–∑–¥–µ–ª–µ '–ë–∞–∑–∞—Ä–Ω–∞—è –ø–ª–æ—â–∞–¥—å' [1;37m(–í–µ—á–µ)[0;37m.

[0;32m143H[0;37m [0;32m101M[0;37m 6787–æ –ó–∞—É—á:0 –í—ã—Ö:v> ˇ˘[1;36m–ö–æ–º–Ω–∞—Ç—ã –æ—Ç–¥—ã—Ö–∞ [5000][0;37m
   –•–æ–∑—è–∏–Ω —É—Å—Ç—Ä–æ–∏–ª –∑–¥–µ—Å—å –∫–æ–º–Ω–∞—Ç—ã –¥–ª—è –æ—Ç–¥—ã—Ö–∞. –õ—é–±–æ–π –∂–µ–ª–∞—é—â–∏–π –º–æ–∂–µ—Ç –æ—Å—Ç–∞–Ω–æ–≤–∏—Ç—å—Å—è
–∑–¥–µ—Å—å –∏ –ø–µ—Ä–µ–¥–æ—Ö–Ω—É—Ç—å –ø–æ—Å–ª–µ –¥–∞–ª—å–Ω–µ–π –¥–æ—Ä–æ–≥–∏. –°–≤–µ—Ç–ª—ã–µ –≥–æ—Ä–Ω–∏—Ü—ã —Ç–∞–∫ –∏ –ø—Ä–∏–≥–ª–∞—à–∞—é—Ç
–ø—Ä–æ–π—Ç–∏ –≤ –Ω–∏—Ö –∏ —Ä–∞—Å—Ç—è–Ω—É—Ç—å—Å—è –Ω–∞ –ø–µ—Ä–∏–Ω–µ, –Ω–∞ –ø—É—Ö–æ–≤–æ–π –¥–∞ –∑–∞–±—ã—Ç—å—Å—è —Å–Ω–æ–º –±–æ–≥–∞—Ç—ã—Ä—Å–∫–∏–º.
–ó–¥–µ—Å—å –∂–µ –º–æ–∂–Ω–æ –ø–æ–¥–æ–∂–¥–∞—Ç—å —Å–≤–æ–∏—Ö –∫–æ–º–ø–∞–Ω—å–æ–Ω–æ–≤ –ø–µ—Ä–µ–¥ –¥–æ–ª–≥–æ–π –¥–æ—Ä–æ–≥–æ–π, –ø–æ–≥–æ–≤–æ—Ä–∏—Ç—å
–æ –¥–∞–ª—å–Ω–µ–π—à–∏—Ö –ø–ª–∞–Ω–∞—Ö.
[1;32m–°–æ–≤—Å–µ–º –º–∞–ª—ã—Ö, –¥–∞ –Ω–µ –æ–±—É—á–µ–Ω–Ω—ã—Ö —Ç–∞–∫ –∏ —Ç—è–Ω–µ—Ç [1;33m–≤–æ–π—Ç–∏ [1;32m–≤ [1;33m—à–∫–æ–ª—É[1;32m.[0;0m

[1;33m–î–æ—Å–∫–∞ –¥–ª—è —Ä–∞–∑–ª–∏—á–Ω—ã—Ö –∑–∞–º–µ—Ç–æ–∫ –∏ –æ–±—ä—è–≤–ª–µ–Ω–∏–π –ø—Ä–∏–±–∏—Ç–∞ —Ç—É—Ç ..–±–ª–µ—Å—Ç–∏—Ç!
[1;31m–•–æ–∑—è–π–∫–∞ –ø–æ—Å—Ç–æ—è–ª–æ–≥–æ –¥–≤–æ—Ä–∞ —Ä–∞—Å–ø–æ—Ä—è–∂–∞–µ—Ç—Å—è –∑–¥–µ—Å—å.
[0;0m
–î–µ—Ä–µ–≤–Ω—è —É —Ä–µ–∫–∏ (2-–∞—è —Ä–æ–¥–æ–≤–∞—è).

[0;32m143H[0;37m [0;32m101M[0;37m 6787–æ –ó–∞—É—á:0 –í—ã—Ö:v> ˇ˘–í—ã –ø–æ–ø–ª–µ–ª–∏—Å—å –≤–Ω–∏–∑.
[1;36m–ü–æ—Å—Ç–æ—è–ª—ã–π –¥–≤–æ—Ä [5001][0;37m
   –î–µ—Ä–µ–≤–Ω—è —Ö–æ—Ç—å –∏ –Ω–µ–±–æ–ª—å—à–∞—è, –Ω–æ –ø–æ—Å—Ç–æ—è–ª—ã–π –¥–≤–æ—Ä –∏–º–µ–µ—Ç—Å—è, –¥–ª—è –∑–∞–µ–∑–∂–∏—Ö –≥–æ—Å—Ç–µ–π,
—á—Ç–æ–±—ã –±—ã–ª–æ –≥–¥–µ –ø–µ—Ä–µ–≤–µ—Å—Ç–∏ –¥—É—Ö, –µ–¥–æ–π –∏ –ø–∏—Ç—å–µ–º –∑–∞–ø–∞—Å—Ç–∏—Å—å. –ê –µ—Å–ª–∏ –Ω–∞ –¥–≤–æ—Ä–µ —É–∂
–Ω–æ—á—å –∏–ª—å –ø—Ä–æ—Å—Ç–æ –Ω–∞–¥–æ –æ—Å—Ç–∞–Ω–æ–≤–∏—Ç—Å—è –Ω–∞ –¥–µ–Ω—å –¥—Ä—É–≥–æ–π –≤ –¥–µ—Ä–µ–≤–Ω–µ, –∞ —Ä–æ–¥—Å—Ç–≤–µ–Ω–Ω–∏–∫–æ–≤
–Ω–µ—Ç, —Ç–∞–∫ –º–æ–∂–Ω–æ –∏ –ø–µ—Ä–µ–Ω–æ—á–µ–≤–∞—Ç—å –≤ –≥–æ—Ä–Ω–∏—Ü–∞—Ö –Ω–∞–≤–µ—Ä—Ö—É.

[1;33m[1;31m–°–µ–¥–æ–≤–ª–∞—Å—ã–π —Å–∫–∞–∑–∏—Ç–µ–ª—å –≥–æ—Ç–æ–≤ –ø–æ–¥–µ–ª–∏—Ç—å—Å—è —Å –í–∞–º–∏ –∏–Ω—Ç–µ—Ä–µ—Å–Ω–æ–π –∏—Å—Ç–æ—Ä–∏–µ–π.
–¢—Ä–∞–∫—Ç–∏—Ä—â–∏–∫ –æ—Ç–¥—ã—Ö–∞–µ—Ç –∑–∞ —Å—Ç–æ–π–∫–æ–π.
[0;0m
[0;32m143H[0;37m [0;32m100M[0;37m 6787–æ –ó–∞—É—á:0 –í—ã—Ö:–ó^> ˇ˘–í—ã –ø–æ–ø–ª–µ–ª–∏—Å—å –Ω–∞ –∑–∞–ø–∞–¥.
[1;36m–ü–µ—Ä–µ–¥ –ø–æ—Å—Ç–æ—è–ª—ã–º –¥–≤–æ—Ä–æ–º [5005][0;37m
   –ß—É—Ç—å –Ω–µ —Å–ø–æ—Ç–∫–Ω—É–≤—à–∏—Å—å –æ –¥–æ—Å–∫—É, –ª–µ–∂–∞—â—É—é —Å—Ä–∞–∑—É —É –ø–æ—Ä–æ–≥–∞ –ø–æ—Å—Ç–æ—è–ª–æ–≥–æ –¥–≤–æ—Ä–∞,
–≤—ã –æ–∫–∞–∑–∞–ª–∏—Å—å –Ω–∞ —Ü–µ–Ω—Ç—Ä–∞–ª—å–Ω–æ–π —É–ª–∏—Ü–µ –¥–µ—Ä–µ–≤–Ω–∏. –ò–º–µ–Ω–Ω–æ –Ω–∞ —ç—Ç–æ–π —É–ª–∏—Ü–µ –º–æ–∂–Ω–æ 
–±—ã—Å—Ç—Ä–æ –Ω–∞–π—Ç–∏ –ª–∞–≤–∫—É —Ä–µ–º–µ—Å–ª–µ–Ω–Ω–∏–∫–∞, –¥–æ–º –∑–Ω–∞—Ö–∞—Ä—è, –∫–æ–Ω—é—à–Ω—é –∏ –¥–æ–º —Å—Ç–∞—Ä–µ–π—à–∏–Ω—ã.
–í —é–∂–Ω–æ–π —á–∞—Å—Ç–∏ –¥–µ—Ä–µ–≤–Ω–∏ –ø–æ—Å–µ–ª–∏–ª–∏—Å—å –≤–æ—Ä–æ–∂–µ–∏.

[1;33m[1;31m[0;0m
[0;32m143H[0;37m [0;32m99M[0;37m 6787–æ –ó–∞—É—á:0 –í—ã—Ö:–°–í–Æ–ó> ˇ˘–í—ã –ø–æ–ø–ª–µ–ª–∏—Å—å –Ω–∞ —é–≥.
[1;36m–¶–µ–Ω—Ç—Ä –¥–µ—Ä–µ–≤–Ω–∏ [5004][0;37m
   –¶–µ–Ω—Ç—Ä–∞–ª—å–Ω–∞—è —á–∞—Å—Ç—å –¥–µ—Ä–µ–≤–Ω–∏ –∑–∞–ø–æ–ª–Ω–µ–Ω–∞ –Ω—É–∂–Ω—ã–º–∏ –≤—Å–µ–º –º–∞—Å—Ç–µ—Ä—Å–∫–∏–º–∏ –∏ –ª–∞–≤–∫–∞–º–∏.
–£–¥–∞—á–Ω–æ–µ –º–µ—Å—Ç–æ –¥–µ—Ä–µ–≤–Ω–∏ –≤ –Ω–µ–∑–∞–ø–∞–º—è—Ç–Ω—ã–µ –≤—Ä–µ–º–µ–Ω–∞ –ø—Ä–∏–≤–ª–µ–∫–ª–æ —Å—é–¥–∞ —Ç–æ—Ä–≥–æ–≤—Ü–µ–≤ –∏
–º–∞—Å—Ç–µ—Ä–æ–≤—ã—Ö, –∏ —Å —Ç–µ—Ö –ø–æ—Ä –ø–æ–≤–µ–ª–æ—Å—å, —á—Ç–æ –≤ —ç—Ç–æ–π —á–∞—Å—Ç–∏ –¥–µ—Ä–µ–≤–Ω–∏ —Å—Ç–æ—è—Ç –±–æ–ª—å—à–∏–µ –∏
–±–æ–≥–∞—Ç—ã–µ –¥–æ–º–∞. –°–æ –≤—Å–µ–π –æ–∫—Ä—É–≥–∏ –∏ –¥–∞–∂–µ –∏–∑ –¥–∞–ª–µ–∫–æ–π –≥–ª—É—à–∏ –ø—Ä–∏—Ö–æ–¥—è—Ç –ª—é–¥–∏ —Å—é–¥–∞
–∑–∞ —Ç–æ–≤–∞—Ä–æ–º –∫—É–ø–∏—Ç—å —á—Ç–æ, –ø—Ä–æ–¥–∞—Ç—å —á—Ç–æ, –∑–∞–∫–∞–∑–∞—Ç—å —á—Ç–æ.

[1;33m[1;31m–ë–∞–∑–∞—Ä–Ω—ã–π –∑–∞–∑—ã–≤–∞–ª–∞ —Å—Ç–æ–∏—Ç –∑–¥–µ—Å—å, –∑—ã—á–Ω—ã–º –≥–æ–ª–æ—Å–æ–º —Ä–∞—Å—Ö–≤–∞–ª–∏–≤–∞—è –≤—ã—Å—Ç–∞–≤–ª–µ–Ω–Ω—ã–π —Ç–æ–≤–∞—Ä.
[0;0m
[0;32m143H[0;37m [0;32m100M[0;37m 6787–æ –ó–∞—É—á:0 –í—ã—Ö:–°–Æ–ó> ˇ˘–í—ã –ø–æ–ø–ª–µ–ª–∏—Å—å –Ω–∞ —é–≥.
[1;36m–ü–µ—Ä–µ–¥ –∫–æ–Ω—é—à–Ω–µ–π [5003][0;37m
   –¶–µ–Ω—Ç—Ä–∞–ª—å–Ω–∞—è —á–∞—Å—Ç—å –¥–µ—Ä–µ–≤–Ω–∏ –∑–∞–ø–æ–ª–Ω–µ–Ω–∞ –Ω—É–∂–Ω—ã–º–∏ –≤—Å–µ–º –º–∞—Å—Ç–µ—Ä—Å–∫–∏–º–∏ –∏ –ª–∞–≤–∫–∞–º–∏.
–£–¥–∞—á–Ω–æ–µ –º–µ—Å—Ç–æ –¥–µ—Ä–µ–≤–Ω–∏ –≤ –Ω–µ–∑–∞–ø–∞–º—è—Ç–Ω—ã–µ –≤—Ä–µ–º–µ–Ω–∞ –ø—Ä–∏–≤–ª–µ–∫–ª–æ —Å—é–¥–∞ —Ç–æ—Ä–≥–æ–≤—Ü–µ–≤ –∏
–º–∞—Å—Ç–µ—Ä–æ–≤—ã—Ö, –∏ —Å —Ç–µ—Ö –ø–æ—Ä –ø–æ–≤–µ–ª–æ—Å—å, —á—Ç–æ –≤ —ç—Ç–æ–π —á–∞—Å—Ç–∏ –¥–µ—Ä–µ–≤–Ω–∏ —Å—Ç–æ—è—Ç –±–æ–ª—å—à–∏–µ –∏
–±–æ–≥–∞—Ç—ã–µ –¥–æ–º–∞. –°–æ –≤—Å–µ–π –æ–∫—Ä—É–≥–∏ –∏ –¥–∞–∂–µ –∏–∑ –¥–∞–ª–µ–∫–æ–π –≥–ª—É—à–∏ –ø—Ä–∏—Ö–æ–¥—è—Ç –ª—é–¥–∏ —Å—é–¥–∞
–∑–∞ —Ç–æ–≤–∞—Ä–æ–º –∫—É–ø–∏—Ç—å —á—Ç–æ, –ø—Ä–æ–¥–∞—Ç—å —á—Ç–æ, –∑–∞–∫–∞–∑–∞—Ç—å —á—Ç–æ.

[1;33m[1;31m[0;0m
[0;32m143H[0;37m [0;32m99M[0;37m 6787–æ –ó–∞—É—á:0 –í—ã—Ö:–°–í–Æ–ó> ˇ˘–í—ã –ø–æ–ø–ª–µ–ª–∏—Å—å –Ω–∞ —é–≥.
[1;36m–¶–µ–Ω—Ç—Ä –¥–µ—Ä–µ–≤–Ω–∏ [5009][0;37m
   –¶–µ–Ω—Ç—Ä–∞–ª—å–Ω–∞—è —á–∞—Å—Ç—å –¥–µ—Ä–µ–≤–Ω–∏ –∑–∞–ø–æ–ª–Ω–µ–Ω–∞ –Ω—É–∂–Ω—ã–º–∏ –≤—Å–µ–º –º–∞—Å—Ç–µ—Ä—Å–∫–∏–º–∏ –∏ –ª–∞–≤–∫–∞–º–∏.
–£–¥–∞—á–Ω–æ–µ –º–µ—Å—Ç–æ –¥–µ—Ä–µ–≤–Ω–∏ –≤ –Ω–µ–∑–∞–ø–∞–º—è—Ç–Ω—ã–µ –≤—Ä–µ–º–µ–Ω–∞ –ø—Ä–∏–≤–ª–µ–∫–ª–æ —Å—é–¥–∞ —Ç–æ—Ä–≥–æ–≤—Ü–µ–≤ –∏
–º–∞—Å—Ç–µ—Ä–æ–≤—ã—Ö, –∏ —Å —Ç–µ—Ö –ø–æ—Ä –ø–æ–≤–µ–ª–æ—Å—å, —á—Ç–æ –≤ —ç—Ç–æ–π —á–∞—Å—Ç–∏ –¥–µ—Ä–µ–≤–Ω–∏ —Å—Ç–æ—è—Ç –±–æ–ª—å—à–∏–µ –∏
–±–æ–≥–∞—Ç—ã–µ –¥–æ–º–∞. –°–æ –≤—Å–µ–π –æ–∫—Ä—É–≥–∏ –∏ –¥–∞–∂–µ –∏–∑ –¥–∞–ª–µ–∫–æ–π –≥–ª—É—à–∏ –ø—Ä–∏—Ö–æ–¥—è—Ç –ª—é–¥–∏ —Å—é–¥–∞
–∑–∞ —Ç–æ–≤–∞—Ä–æ–º –∫—É–ø–∏—Ç—å —á—Ç–æ, –ø—Ä–æ–¥–∞—Ç—å —á—Ç–æ, –∑–∞–∫–∞–∑–∞—Ç—å —á—Ç–æ.

[1;33m[1;31m[0;0m
[0;32m143H[0;37m [0;32m98M[0;37m 6787–æ –ó–∞—É—á:0 –í—ã—Ö:–°–í–Æ–ó> ˇ˘–í—ã –ø–æ–ø–ª–µ–ª–∏—Å—å –Ω–∞ –≤–æ—Å—Ç–æ–∫.
[1;36m–î–≤–æ—Ä —Å—Ç–∞—Ä–µ–π—à–∏–Ω—ã [5030][0;37m
   –≠—Ç–æ —Å–∞–º—ã–π –±–æ–ª—å—à–æ–π –¥–≤–æ—Ä –≤ –¥–µ—Ä–µ–≤–Ω–∏. –ó–¥–µ—Å—å –ø—Ä–æ–∏—Å—Ö–æ–¥—è—Ç —Å—Ö–æ–¥—ã –∂–∏—Ç–µ–ª–µ–π –¥–ª—è 
—Ä–µ—à–µ–Ω–∏—è –æ–±—â–∏—Ö –ø—Ä–æ–±–ª–µ–º. –ö–∞–∂–¥—ã–π –º–æ–∂–µ—Ç –≤—ã—Å–∫–∞–∑–∞—Ç—å—Å—è –Ω–∞ —ç—Ç–æ–º —Å–æ–±—Ä–∞–Ω–∏–∏ –Ω–µ–∑–∞–≤–∏—Å–∏–º–æ
–æ—Ç —Å–≤–æ–µ–≥–æ —Å—Ç–∞—Ç—É—Å–∞. –ò–º–µ–Ω–Ω–æ –∑–¥–µ—Å—å —Ä–µ—à–∞—é—Ç—Å—è —Å—Å–æ—Ä—ã, –Ω–∞–∫–∞–∑—ã–≤–∞—é—Ç—Å—è —Å–æ–≤–µ—Ä—à–∏–≤—à–∏–µ
–ø–ª–æ—Ö–∏–µ –ø—Ä–æ—Å—Ç—É–ø–∫–∏.

[1;33m[1;31m–ï—Ñ–∏–º–∏–π, –±—Ä–∞—Ç –¥–µ—Ä–µ–≤–µ–Ω—Å–∫–æ–≥–æ —Å—Ç–∞—Ä–æ—Å—Ç—ã, —Å—Ç–æ–∏—Ç –∑–¥–µ—Å—å.
[0;0m
[0;32m143H[0;37m [0;32m98M[0;37m 6787–æ –ó–∞—É—á:0 –í—ã—Ö:–í–ó> ˇ˘–í—ã –ø–æ–ø–ª–µ–ª–∏—Å—å –Ω–∞ –≤–æ—Å—Ç–æ–∫.
[1;36m–í –¥–æ–º–µ —Å—Ç–∞—Ä–µ–π—à–∏–Ω—ã [5031][0;37m
   –°–æ—Å—Ç–æ—è—â–∏–π –∏–∑ –¥–≤—É—Ö –ø—è—Ç–∏—Å—Ç–µ–Ω–∫–æ–≤ –¥–æ–º –ø–æ—Ä–∞–∂–∞–µ—Ç —Å–≤–æ–∏–º–∏ —Ä–∞–∑–º–µ—Ä–∞–º–∏. –ó–¥–µ—Å—å –º–æ–≥–ª–∏
–±—ã —Ä–∞–∑–º–µ—Å—Ç–∏—Ç—å—Å—è —á–µ—Ç—ã—Ä–µ –∏–ª–∏ –ø—è—Ç—å –æ–±—ã—á–Ω—ã—Ö –¥–æ–º–æ–º. –î–≤–µ –ø–µ—á–∏, –Ω–µ—Å–∫–æ–ª—å–∫–æ –∫–æ–º–Ω–∞—Ç,
–≤ —Å–∞–º–æ–π –±–æ–ª—å—à–æ–π –∏–∑ –∫–æ—Ç–æ—Ä—ã—Ö –≤—ã —Å–µ–π—á–∞—Å –∏ –Ω–∞—Ö–æ–¥–∏—Ç–µ—Å—å. –ó–¥–µ—Å—å –æ–¥–Ω–æ–≤—Ä–µ–º–µ–Ω–Ω–æ –º–æ–∂–µ—Ç
–Ω–∞—Ö–æ–¥–∏—Ç—Å—è –Ω–µ –æ–¥–∏–Ω –¥–µ—Å—è—Ç–æ–∫ —á–µ–ª–æ–≤–µ–∫.

[1;33m[1;31m–°–µ–¥–æ–π –∫—Ä–µ–ø–∫–∏–π –º—É–∂—á–∏–Ω–∞ —Å—Ç–æ–∏—Ç –∑–¥–µ—Å—å.
...—Å–≤–µ—Ç–∏—Ç—Å—è —è—Ä–∫–∏–º —Å–∏—è–Ω–∏–µ–º 
[0;0m
[0;32m143H[0;37m [0;32m97M[0;37m 6787–æ –ó–∞—É—á:0 –í—ã—Ö:–Æ–ó> ˇ˘–í—ã –ø–æ–ø–ª–µ–ª–∏—Å—å –Ω–∞ —é–≥.
[1;36m–í —Å–≤–µ—Ç–ª–æ–π –∫–æ–º–Ω–∞—Ç–µ [5032][0;37m
   –¢–∏—Ö–∞—è —Å–≤–µ—Ç–ª–∞—è –∫–æ–º–Ω–∞—Ç–∞ –∑–Ω–∞—á–∏—Ç–µ–ª—å–Ω–æ –º–µ–Ω—å—à–µ –ø—Ä–µ–¥—ã–¥—É—â–µ–π, –Ω–æ –∏ —Å—é–¥–∞ –ø–æ—Å—Ç–æ—è–Ω–Ω–æ
–∑–∞—Ö–æ–¥—è—Ç –ª—é–¥–∏. –ó–¥–µ—Å—å –≤ —Å–ª—É—á–∞–µ –Ω–µ–æ–±—Ö–æ–¥–∏–º–æ—Å—Ç–∏ –º–æ–∂–Ω–æ –æ—Å—Ç–∞–≤–∏—Ç—å –Ω–∞ —Ö—Ä–∞–Ω–µ–Ω–∏–µ —Å–≤–æ–∏
–¥–µ–Ω—å–≥–∏.

[1;33m–í–∞—à –ø–æ—Ö–æ–¥–Ω—ã–π —Å—É–Ω–¥—É—á–æ–∫ —Å—Ç–æ–∏—Ç –∑–¥–µ—Å—å.
[1;31m–î–æ—á–∫–∞ —Å—Ç–∞—Ä–µ–π—à–∏–Ω—ã —Å—Ç–æ–∏—Ç –∑–¥–µ—Å—å.
–î–æ—Ä–æ–¥–Ω–∞—è –∂–µ–Ω—â–∏–Ω–∞ —Å—Ç–æ–∏—Ç –∑–¥–µ—Å—å.
[0;0m
[0;32m143H[0;37m [0;32m96M[0;37m 6787–æ –ó–∞—É—á:0 –í—ã—Ö:–°> ˇ˘
–î–æ—á–∫–∞ —Å–∫–∞–∑–∞–ª–∞ –í–∞–º:
- –≠—Ö —Ç—ã –≥–æ—Ä–µ–º—ã—á–Ω—ã–π, –≥–æ–ª–æ–¥–Ω—ã–π –Ω–∞–≤–µ—Ä–Ω–æ–µ, –ì–µ–Ω–æ–¥.
- –ß—Ç–æ –º—ã –Ω–µ—Ö—Ä–∏—Å—Ç–∏ —á—Ç–æ–±—ã –Ω–µ –Ω–∞–∫–æ—Ä–º–∏—Ç—å. 
- –°–µ–π—á–∞—Å, –ø–æ–¥–æ–∂–¥–∏...
–í—ã –ø–æ–ª–Ω–æ—Å—Ç—å—é –Ω–∞—Å—ã—Ç–∏–ª–∏—Å—å.

[0;32m143H[0;37m [0;32m96M[0;37m 6787–æ –ó–∞—É—á:0 –í—ã—Ö:–°> ˇ˘–í—ã –∑–∞–¥—É–º–∞–ª–∏—Å—å: "–ß–µ–≥–æ –±—ã —Ç–∞–∫–æ–≥–æ —Å–∫–∞–∑–∞—Ç—å?"

[0;32m143H[0;37m [0;32m98M[0;37m 6787–æ –ó–∞—É—á:0 –í—ã—Ö:–°> ˇ˘–ù–∞ –≤–∞—Å –Ω–∞–¥–µ—Ç–æ:
<–Ω–∞ —Ç–µ–ª–µ>                   –ª–µ–≥–∫–∏–π –ª–∞—Ç–Ω—ã–π –¥–æ—Å–ø–µ—Ö  [1;37m<–≤–µ–ª–∏–∫–æ–ª–µ–ø–Ω–æ>[0;37m
<–Ω–∞ –≥–æ–ª–æ–≤–µ>                 –ª–µ–≥–∫–∏–π –ª–∞—Ç–Ω—ã–π —à–ª–µ–º  [1;37m<–≤–µ–ª–∏–∫–æ–ª–µ–ø–Ω–æ>[0;37m
<–Ω–∞ –Ω–æ–≥–∞—Ö>                  –ª–µ–≥–∫–∏–µ –ª–∞—Ç–Ω—ã–µ –ø–æ–Ω–æ–∂–∏  [1;37m<–≤–µ–ª–∏–∫–æ–ª–µ–ø–Ω–æ>[0;37m
<–Ω–∞ –ø–æ—è—Å–µ>                  —Ö–æ–ª—â–æ–≤—ã–π –º–µ—à–æ–∫  [1;37m<–≤–µ–ª–∏–∫–æ–ª–µ–ø–Ω–æ>[0;37m (–ø—É—Å—Ç)
<–≤ –ø—Ä–∞–≤–æ–π —Ä—É–∫–µ>             –¥–ª–∏–Ω–Ω—ã–π –±—Ä–æ–Ω–∑–æ–≤—ã–π –º–µ—á  [1;32m<–æ—á–µ–Ω—å —Ö–æ—Ä–æ—à–æ>[0;37m

[0;32m143H[0;37m [0;32m99M[0;37m 6787–æ –ó–∞—É—á:0 –í—ã—Ö:–°> ˇ˘–í—ã –ø–æ–ø–ª–µ–ª–∏—Å—å –Ω–∞ —Å–µ–≤–µ—Ä.
[1;36m–í –¥–æ–º–µ —Å—Ç–∞—Ä–µ–π—à–∏–Ω—ã [5031][0;37m
   –°–æ—Å—Ç–æ—è—â–∏–π –∏–∑ –¥–≤—É—Ö –ø—è—Ç–∏—Å—Ç–µ–Ω–∫–æ–≤ –¥–æ–º –ø–æ—Ä–∞–∂–∞–µ—Ç —Å–≤–æ–∏–º–∏ —Ä–∞–∑–º–µ—Ä–∞–º–∏. –ó–¥–µ—Å—å –º–æ–≥–ª–∏
–±—ã —Ä–∞–∑–º–µ—Å—Ç–∏—Ç—å—Å—è —á–µ—Ç—ã—Ä–µ –∏–ª–∏ –ø—è—Ç—å –æ–±—ã—á–Ω—ã—Ö –¥–æ–º–æ–º. –î–≤–µ –ø–µ—á–∏, –Ω–µ—Å–∫–æ–ª—å–∫–æ –∫–æ–º–Ω–∞—Ç,
–≤ —Å–∞–º–æ–π –±–æ–ª—å—à–æ–π –∏–∑ –∫–æ—Ç–æ—Ä—ã—Ö –≤—ã —Å–µ–π—á–∞—Å –∏ –Ω–∞—Ö–æ–¥–∏—Ç–µ—Å—å. –ó–¥–µ—Å—å –æ–¥–Ω–æ–≤—Ä–µ–º–µ–Ω–Ω–æ –º–æ–∂–µ—Ç
–Ω–∞—Ö–æ–¥–∏—Ç—Å—è –Ω–µ –æ–¥–∏–Ω –¥–µ—Å—è—Ç–æ–∫ —á–µ–ª–æ–≤–µ–∫.

[1;33m[1;31m–°–µ–¥–æ–π –∫—Ä–µ–ø–∫–∏–π –º—É–∂—á–∏–Ω–∞ —Å—Ç–æ–∏—Ç –∑–¥–µ—Å—å.
...—Å–≤–µ—Ç–∏—Ç—Å—è —è—Ä–∫–∏–º —Å–∏—è–Ω–∏–µ–º 
[0;0m
[0;32m143H[0;37m [0;32m100M[0;37m 6787–æ –ó–∞—É—á:0 –í—ã—Ö:–Æ–ó> ˇ˘–í—ã –ø–æ–ø–ª–µ–ª–∏—Å—å –Ω–∞ –∑–∞–ø–∞–¥.
[1;36m–î–≤–æ—Ä —Å—Ç–∞—Ä–µ–π—à–∏–Ω—ã [5030][0;37m
   –≠—Ç–æ —Å–∞–º—ã–π –±–æ–ª—å—à–æ–π –¥–≤–æ—Ä –≤ –¥–µ—Ä–µ–≤–Ω–∏. –ó–¥–µ—Å—å –ø—Ä–æ–∏—Å—Ö–æ–¥—è—Ç —Å—Ö–æ–¥—ã –∂–∏—Ç–µ–ª–µ–π –¥–ª—è 
—Ä–µ—à–µ–Ω–∏—è –æ–±—â–∏—Ö –ø—Ä–æ–±–ª–µ–º. –ö–∞–∂–¥—ã–π –º–æ–∂–µ—Ç –≤—ã—Å–∫–∞–∑–∞—Ç—å—Å—è –Ω–∞ —ç—Ç–æ–º —Å–æ–±—Ä–∞–Ω–∏–∏ –Ω–µ–∑–∞–≤–∏—Å–∏–º–æ
–æ—Ç —Å–≤–æ–µ–≥–æ —Å—Ç–∞—Ç—É—Å–∞. –ò–º–µ–Ω–Ω–æ –∑–¥–µ—Å—å —Ä–µ—à–∞—é—Ç—Å—è —Å—Å–æ—Ä—ã, –Ω–∞–∫–∞–∑—ã–≤–∞—é—Ç—Å—è —Å–æ–≤–µ—Ä—à–∏–≤—à–∏–µ
–ø–ª–æ—Ö–∏–µ –ø—Ä–æ—Å—Ç—É–ø–∫–∏.

[1;33m[1;31m–ï—Ñ–∏–º–∏–π, –±—Ä–∞—Ç –¥–µ—Ä–µ–≤–µ–Ω—Å–∫–æ–≥–æ —Å—Ç–∞—Ä–æ—Å—Ç—ã, —Å—Ç–æ–∏—Ç –∑–¥–µ—Å—å.
[0;0m
[0;32m143H[0;37m [0;32m99M[0;37m 6787–æ –ó–∞—É—á:0 –í—ã—Ö:–í–ó> ˇ˘–í—ã –ø–æ–ø–ª–µ–ª–∏—Å—å –Ω–∞ –∑–∞–ø–∞–¥.
[1;36m–¶–µ–Ω—Ç—Ä –¥–µ—Ä–µ–≤–Ω–∏ [5009][0;37m
   –¶–µ–Ω—Ç—Ä–∞–ª—å–Ω–∞—è —á–∞—Å—Ç—å –¥–µ—Ä–µ–≤–Ω–∏ –∑–∞–ø–æ–ª–Ω–µ–Ω–∞ –Ω—É–∂–Ω—ã–º–∏ –≤—Å–µ–º –º–∞—Å—Ç–µ—Ä—Å–∫–∏–º–∏ –∏ –ª–∞–≤–∫–∞–º–∏.
–£–¥–∞—á–Ω–æ–µ –º–µ—Å—Ç–æ –¥–µ—Ä–µ–≤–Ω–∏ –≤ –Ω–µ–∑–∞–ø–∞–º—è—Ç–Ω—ã–µ –≤—Ä–µ–º–µ–Ω–∞ –ø—Ä–∏–≤–ª–µ–∫–ª–æ —Å—é–¥–∞ —Ç–æ—Ä–≥–æ–≤—Ü–µ–≤ –∏
–º–∞—Å—Ç–µ—Ä–æ–≤—ã—Ö, –∏ —Å —Ç–µ—Ö –ø–æ—Ä –ø–æ–≤–µ–ª–æ—Å—å, —á—Ç–æ –≤ —ç—Ç–æ–π —á–∞—Å—Ç–∏ –¥–µ—Ä–µ–≤–Ω–∏ —Å—Ç–æ—è—Ç –±–æ–ª—å—à–∏–µ –∏
–±–æ–≥–∞—Ç—ã–µ –¥–æ–º–∞. –°–æ –≤—Å–µ–π –æ–∫—Ä—É–≥–∏ –∏ –¥–∞–∂–µ –∏–∑ –¥–∞–ª–µ–∫–æ–π –≥–ª—É—à–∏ –ø—Ä–∏—Ö–æ–¥—è—Ç –ª—é–¥–∏ —Å—é–¥–∞
–∑–∞ —Ç–æ–≤–∞—Ä–æ–º –∫—É–ø–∏—Ç—å —á—Ç–æ, –ø—Ä–æ–¥–∞—Ç—å —á—Ç–æ, –∑–∞–∫–∞–∑–∞—Ç—å —á—Ç–æ.

[1;33m[1;31m[0;0m
[0;32m143H[0;37m [0;32m98M[0;37m 6787–æ –ó–∞—É—á:0 –í—ã—Ö:–°–í–Æ–ó> ˇ˘–í—ã –ø–æ–ø–ª–µ–ª–∏—Å—å –Ω–∞ —Å–µ–≤–µ—Ä.
[1;36m–ü–µ—Ä–µ–¥ –∫–æ–Ω—é—à–Ω–µ–π [5003][0;37m
   –¶–µ–Ω—Ç—Ä–∞–ª—å–Ω–∞—è —á–∞—Å—Ç—å –¥–µ—Ä–µ–≤–Ω–∏ –∑–∞–ø–æ–ª–Ω–µ–Ω–∞ –Ω—É–∂–Ω—ã–º–∏ –≤—Å–µ–º –º–∞—Å—Ç–µ—Ä—Å–∫–∏–º–∏ –∏ –ª–∞–≤–∫–∞–º–∏.
–£–¥–∞—á–Ω–æ–µ –º–µ—Å—Ç–æ –¥–µ—Ä–µ–≤–Ω–∏ –≤ –Ω–µ–∑–∞–ø–∞–º—è—Ç–Ω—ã–µ –≤—Ä–µ–º–µ–Ω–∞ –ø—Ä–∏–≤–ª–µ–∫–ª–æ —Å—é–¥–∞ —Ç–æ—Ä–≥–æ–≤—Ü–µ–≤ –∏
–º–∞—Å—Ç–µ—Ä–æ–≤—ã—Ö, –∏ —Å —Ç–µ—Ö –ø–æ—Ä –ø–æ–≤–µ–ª–æ—Å—å, —á—Ç–æ –≤ —ç—Ç–æ–π —á–∞—Å—Ç–∏ –¥–µ—Ä–µ–≤–Ω–∏ —Å—Ç–æ—è—Ç –±–æ–ª—å—à–∏–µ –∏
–±–æ–≥–∞—Ç—ã–µ –¥–æ–º–∞. –°–æ –≤—Å–µ–π –æ–∫—Ä—É–≥–∏ –∏ –¥–∞–∂–µ –∏–∑ –¥–∞–ª–µ–∫–æ–π –≥–ª—É—à–∏ –ø—Ä–∏—Ö–æ–¥—è—Ç –ª—é–¥–∏ —Å—é–¥–∞
–∑–∞ —Ç–æ–≤–∞—Ä–æ–º –∫—É–ø–∏—Ç—å —á—Ç–æ, –ø—Ä–æ–¥–∞—Ç—å —á—Ç–æ, –∑–∞–∫–∞–∑–∞—Ç—å —á—Ç–æ.

[1;33m[1;31m[0;0m
[0;32m143H[0;37m [0;32m98M[0;37m 6787–æ –ó–∞—É—á:0 –í—ã—Ö:–°–í–Æ–ó> ˇ˘–í—ã –ø–æ–ø–ª–µ–ª–∏—Å—å –Ω–∞ —Å–µ–≤–µ—Ä.
[1;36m–¶–µ–Ω—Ç—Ä –¥–µ—Ä–µ–≤–Ω–∏ [5004][0;37m
   –¶–µ–Ω—Ç—Ä–∞–ª—å–Ω–∞—è —á–∞—Å—Ç—å –¥–µ—Ä–µ–≤–Ω–∏ –∑–∞–ø–æ–ª–Ω–µ–Ω–∞ –Ω—É–∂–Ω—ã–º–∏ –≤—Å–µ–º –º–∞—Å—Ç–µ—Ä—Å–∫–∏–º–∏ –∏ –ª–∞–≤–∫–∞–º–∏.
–£–¥–∞—á–Ω–æ–µ –º–µ—Å—Ç–æ –¥–µ—Ä–µ–≤–Ω–∏ –≤ –Ω–µ–∑–∞–ø–∞–º—è—Ç–Ω—ã–µ –≤—Ä–µ–º–µ–Ω–∞ –ø—Ä–∏–≤–ª–µ–∫–ª–æ —Å—é–¥–∞ —Ç–æ—Ä–≥–æ–≤—Ü–µ–≤ –∏
–º–∞—Å—Ç–µ—Ä–æ–≤—ã—Ö, –∏ —Å —Ç–µ—Ö –ø–æ—Ä –ø–æ–≤–µ–ª–æ—Å—å, —á—Ç–æ –≤ —ç—Ç–æ–π —á–∞—Å—Ç–∏ –¥–µ—Ä–µ–≤–Ω–∏ —Å—Ç–æ—è—Ç –±–æ–ª—å—à–∏–µ –∏
–±–æ–≥–∞—Ç—ã–µ –¥–æ–º–∞. –°–æ –≤—Å–µ–π –æ–∫—Ä—É–≥–∏ –∏ –¥–∞–∂–µ –∏–∑ –¥–∞–ª–µ–∫–æ–π –≥–ª—É—à–∏ –ø—Ä–∏—Ö–æ–¥—è—Ç –ª—é–¥–∏ —Å—é–¥–∞
–∑–∞ —Ç–æ–≤–∞—Ä–æ–º –∫—É–ø–∏—Ç—å —á—Ç–æ, –ø—Ä–æ–¥–∞—Ç—å —á—Ç–æ, –∑–∞–∫–∞–∑–∞—Ç—å —á—Ç–æ.

[1;33m[1;31m–ë–∞–∑–∞—Ä–Ω—ã–π –∑–∞–∑—ã–≤–∞–ª–∞ —Å—Ç–æ–∏—Ç –∑–¥–µ—Å—å, –∑—ã—á–Ω—ã–º –≥–æ–ª–æ—Å–æ–º —Ä–∞—Å—Ö–≤–∞–ª–∏–≤–∞—è –≤—ã—Å—Ç–∞–≤–ª–µ–Ω–Ω—ã–π —Ç–æ–≤–∞—Ä.
[0;0m
[0;32m143H[0;37m [0;32m97M[0;37m 6787–æ –ó–∞—É—á:0 –í—ã—Ö:–°–Æ–ó> ˇ˘–í—ã –ø–æ–ø–ª–µ–ª–∏—Å—å –Ω–∞ —Å–µ–≤–µ—Ä.
[1;36m–ü–µ—Ä–µ–¥ –ø–æ—Å—Ç–æ—è–ª—ã–º –¥–≤–æ—Ä–æ–º [5005][0;37m
   –ß—É—Ç—å –Ω–µ —Å–ø–æ—Ç–∫–Ω—É–≤—à–∏—Å—å –æ –¥–æ—Å–∫—É, –ª–µ–∂–∞—â—É—é —Å—Ä–∞–∑—É —É –ø–æ—Ä–æ–≥–∞ –ø–æ—Å—Ç–æ—è–ª–æ–≥–æ –¥–≤–æ—Ä–∞,
–≤—ã –æ–∫–∞–∑–∞–ª–∏—Å—å –Ω–∞ —Ü–µ–Ω—Ç—Ä–∞–ª—å–Ω–æ–π —É–ª–∏—Ü–µ –¥–µ—Ä–µ–≤–Ω–∏. –ò–º–µ–Ω–Ω–æ –Ω–∞ —ç—Ç–æ–π —É–ª–∏—Ü–µ –º–æ–∂–Ω–æ 
–±—ã—Å—Ç—Ä–æ –Ω–∞–π—Ç–∏ –ª–∞–≤–∫—É —Ä–µ–º–µ—Å–ª–µ–Ω–Ω–∏–∫–∞, –¥–æ–º –∑–Ω–∞—Ö–∞—Ä—è, –∫–æ–Ω—é—à–Ω—é –∏ –¥–æ–º —Å—Ç–∞—Ä–µ–π—à–∏–Ω—ã.
–í —é–∂–Ω–æ–π —á–∞—Å—Ç–∏ –¥–µ—Ä–µ–≤–Ω–∏ –ø–æ—Å–µ–ª–∏–ª–∏—Å—å –≤–æ—Ä–æ–∂–µ–∏.

[1;33m[1;31m[0;0m
[0;32m143H[0;37m [0;32m96M[0;37m 6787–æ –ó–∞—É—á:0 –í—ã—Ö:–°–í–Æ–ó> ˇ˘–í—ã –ø–æ–ø–ª–µ–ª–∏—Å—å –Ω–∞ —Å–µ–≤–µ—Ä.
[1;36m–ö —Ü–µ–Ω—Ç—Ä—É –¥–µ—Ä–µ–≤–Ω–∏ [5006][0;37m
   –ü–æ–Ω–µ–º–Ω–æ–≥—É –æ—Å—Ç–∞—é—Ç—Å—è –ø–æ–∑–∞–¥–∏ –≥–ª–∞–≤–Ω—ã–µ –¥–æ–º–∞ –¥–µ—Ä–µ–≤–Ω–∏, –∏ –≤–æ–∫—Ä—É–≥ –æ—Ç–∫—Ä—ã–≤–∞–µ—Ç—Å—è –æ–±—ã—á–Ω—ã–π
–¥–µ—Ä–µ–≤–µ–Ω—Å–∫–∏–π –≤–∏–¥. –ö—Ä–µ–ø–∫–∏–µ –¥–æ–º–∞ —Å –º–∞–ª–µ–Ω—å–∫–∏–º–∏ –æ–∫–Ω–∞–º–∏, –Ω–æ –Ω–µ–∏–∑–º–µ–Ω–Ω—ã–º–∏ —Ç—Ä—É–±–∞–º–∏
–ø–µ—á–µ–π. –ò–∑–≥–æ—Ä–æ–¥—å, —Å—Ç–æ—è—â–∞—è –∑–∞ –¥–æ–º–∞–º–∏ –≤–¥–æ–ª—å –ª–µ—Å–∞ –∏ –∑–∞—â–∏—â–∞—é—â–∞—è –¥–µ—Ä–µ–≤–Ω—é —Å —Ç—ã–ª–∞. 
–ù–µ—Ç–æ—Ä–æ–ø–ª–∏–≤—ã–π –ª—é–¥, –∏–¥—É—â–∏–π –ø–æ —Å–≤–æ–∏–º –∏–∑–≤–µ—á–Ω—ã–º –¥–µ–ª–∞–º.

[1;33m[1;31m[0;0m
[0;32m143H[0;37m [0;32m95M[0;37m 6787–æ –ó–∞—É—á:0 –í—ã—Ö:–°–í–Æ–ó> ˇ˘–í—ã –ø–æ–ø–ª–µ–ª–∏—Å—å –Ω–∞ –∑–∞–ø–∞–¥.
[1;36m–ó–∞–±—Ä–æ—à–µ–Ω–Ω—ã–π –¥–æ–º [5023][0;37m
   –° –≤–∏–¥—É —Ö–æ—Ä–æ—à–∏–π –¥–æ–º —Å—Ç–æ–∏—Ç –Ω–∞ —Ü–µ–Ω—Ç—Ä–∞–ª—å–Ω–æ–π —É–ª–∏—Ü–µ —Å—Ä–µ–¥–∏ –±–æ–ª—å—à–∏—Ö –∏ –±–æ–≥–∞—Ç—ã—Ö
–¥–æ–º–æ–≤. –ó–∞–∫–æ–ª–æ—á–µ–Ω—ã —Å—Ç–∞–≤–Ω–∏, –∑–∞–ø—É—Å—Ç–µ–Ω—å–µ –≤–æ –¥–≤–æ—Ä–µ. –ß—Ç–æ –∑–∞ –Ω–∞–ø–∞—Å—Ç—å –∑–∞—Å—Ç–∞–≤–∏–ª–∞ 
—Ö–æ–∑—è–µ–≤ –ø–æ–∫–∏–Ω—É—Ç—å —Å–≤–æ–µ –∂–∏–ª–∏—â–µ –∏ –∏—Å–∫–∞—Ç—å –Ω–æ–≤–æ–µ –º–µ—Å—Ç–æ.

[1;33m[1;31m[0;0m
[0;32m143H[0;37m [0;32m95M[0;37m 6787–æ –ó–∞—É—á:0 –í—ã—Ö:–í–ó> ˇ˘–í—ã –ø–æ–ø–ª–µ–ª–∏—Å—å –Ω–∞ –∑–∞–ø–∞–¥.
[1;36m–ù–∞ –∫—Ä—ã–ª—å—Ü–µ [5100][0;37m
   –ü–æ–∫–æ—Å–∏–≤—à–µ–µ—Å—è –∫—Ä—ã–ª—å—Ü–æ —Å–∫—Ä–∏–ø–∏—Ç –ø–æ–¥ –Ω–æ–≥–∞–º–∏. –î–µ—Ä–µ–≤–æ –ø–æ—á–µ—Ä–Ω–µ–ª–æ –∏ –æ–±–ª—É–ø–∏–ª–æ—Å—å, –Ω–æ
—Å–æ—Ö—Ä–∞–Ω–∏–ª–æ –∫—Ä–µ–ø–æ—Å—Ç—å. –•–æ—Ç—å –∏ –º–æ–∂–Ω–æ –∑–¥–µ—Å—å –ø–æ—Å—Ç–æ—è—Ç—å, –Ω–æ –í–∞—Å –±–æ–ª—å—à–µ –∏–Ω—Ç–µ—Ä–µ—Å—É–µ—Ç —Å–∞–º
–∑–∞–±—Ä–æ—à–µ–Ω–Ω—ã–π –¥–æ–º. –•–æ—á–µ—Ç—Å—è –∑–∞–π—Ç–∏, –Ω–æ —Ö–æ–ª–æ–¥–æ–∫ –≤ –≥—Ä—É–¥–∏ –∑–∞—Å—Ç–∞–≤–ª—è–µ—Ç –ø–æ–¥—É–º–∞—Ç—å –Ω–∞–¥
—ç—Ç–∏–º —à–∞–≥–æ–º. 

[1;33m[1;31m–°—Ç—Ä–∞–Ω—Å—Ç–≤—É—é—â–∏–π —Ç–æ—Ä–≥–æ–≤–µ—Ü –º–µ–¥–ª–µ–Ω–Ω–æ –±—Ä–µ–¥–µ—Ç –º–∏–º–æ.
...–æ–∫—É—Ç–∞–Ω —Å–≤–µ—Ä–∫–∞—é—â–∏–º –∫–æ–∫–æ–Ω–æ–º 
–°–≤–µ—Ç–ª—è—á–æ–∫ –ø–æ–ª–∑–∞–µ—Ç –∑–¥–µ—Å—å.
–°–µ—Ä–∞—è –º—ã—à—å —é—Ä–∫–Ω—É–ª–∞ –∑–¥–µ—Å—å.
[0;0m
–ó–∞–±—Ä–æ—à–µ–Ω–Ω—ã–π –¥–æ–º (—Å—Ä–µ–¥–Ω–∏–π —É—Ä–æ–≤–µ–Ω—å: 2).

[0;32m143H[0;37m [0;32m94M[0;37m 6787–æ –ó–∞—É—á:0 –í—ã—Ö:–í–ó> ˇ˘–í—ã –ø–æ–ø–ª–µ–ª–∏—Å—å –Ω–∞ –∑–∞–ø–∞–¥.
[1;36m–í —Å–µ–Ω—è—Ö [5101][0;37m
   –°–µ–Ω–∏ –∫–æ–≥–¥–∞-—Ç–æ —Å–ª—É–∂–∏–ª–∏ –ø—Ä–æ–º–µ–∂—É—Ç–æ—á–Ω–æ–π —á–∞—Å—Ç—å—é –º–µ–∂–¥—É –æ—Ç–∞–ø–ª–∏–≤–∞–µ–º–æ–π –∏ 
—Ö–æ–∑—è–π—Å—Ç–≤–µ–Ω–Ω–æ–π —á–∞—Å—Ç—å—é –¥–æ–º–∞. –ó–¥–µ—Å—å –∫–æ–≥–¥–∞-—Ç–æ –ª–µ–∂–∞–ª–∞ –Ω–µ—Ö–∏—Ç—Ä–∞—è –∫—Ä–µ—Å—Ç—å—è–Ω—Å–∫–∞—è 
—É—Ç–≤–∞—Ä—å, –Ω–æ —Å–µ–π—á–∞—Å —Ç–æ–ª—å–∫–æ –ø—ã–ª—å –∏ –≥—Ä—è–∑—å.

[1;33m[1;31m–°–µ—Ä–∞—è –º—ã—à—å —é—Ä–∫–Ω—É–ª–∞ –∑–¥–µ—Å—å.
(–ª–µ—Ç–∏—Ç) –ú–æ–ª—å –ª–µ—Ç–∞–µ—Ç –∑–¥–µ—Å—å.
–ö–ª–æ–ø –ø–æ–ª–∑–∞–µ—Ç –∑–¥–µ—Å—å.
[0;0m
[0;32m143H[0;37m [0;32m93M[0;37m 6787–æ –ó–∞—É—á:0 –í—ã—Ö:–í–ó> ˇ˘–í—ã –ø–æ–ø–ª–µ–ª–∏—Å—å –Ω–∞ –∑–∞–ø–∞–¥.
[1;36m–í —Å–µ–Ω—è—Ö [5102][0;37m
   –ß—Ç–æ –∑–∞—Å—Ç–∞–≤–∏–ª–æ —Ö–æ–∑—è–µ–≤ –ø–æ–∫–∏–Ω—É—Ç—å —ç—Ç–æ—Ç –¥–æ–º, —Å–æ—Ö—Ä–∞–Ω–∏–≤—à–∏–π—Å—è –≤ –ø—Ä–∏–ª–∏—á–Ω–æ–º —Å–æ—Å—Ç–æ—è–Ω–∏–∏
–¥–∞–∂–µ –∑–∞ –¥–æ–ª–≥–æ–µ –≤—Ä–µ–º—è –∑–∞–ø—É—Å—Ç–µ–Ω–∏—è –∏ –æ–¥–∏–Ω–æ—á–µ—Å—Ç–≤–∞? –í —ç—Ç–æ–º –º–µ—Å—Ç–µ —Å–µ–Ω–µ–π –Ω–∞—Ö–æ–¥—è—Ç—Å—è
–¥–≤–µ –¥–≤–µ—Ä–∏, –æ–¥–Ω–∞ –∏–∑ –∫–æ—Ç–æ—Ä—ã—Ö –≤–µ–¥–µ—Ç –≤ –∏–∑–±—É, –¥—Ä—É–≥–∞—è - –Ω–∞ —Å–µ–Ω–æ–≤–∞–ª.  

[1;33m[1;31m–¢–∞—Ä–∞–∫–∞–Ω –±—ã—Å—Ç—Ä–æ –ø—Ä–æ–±–µ–∂–∞–ª –∑–¥–µ—Å—å.
–¢–∞—Ä–∞–∫–∞–Ω –±—ã—Å—Ç—Ä–æ –ø—Ä–æ–±–µ–∂–∞–ª –∑–¥–µ—Å—å.
[0;0m
[0;32m143H[0;37m [0;32m92M[0;37m 6787–æ –ó–∞—É—á:0 –í—ã—Ö:(–°)–í(–Æ)> ˇ˘–ó–∞–∫—Ä—ã—Ç–æ.

[0;32m143H[0;37m [0;32m92M[0;37m 6787–æ –ó–∞—É—á:0 –í—ã—Ö:(–°)–í(–Æ)> ˇ˘–õ–∞–¥—É—à–∫–∏.

[0;32m143H[0;37m [0;32m95M[0;37m 6787–æ –ó–∞—É—á:0 –í—ã—Ö:(–°)–í–Æ> ˇ˘–í—ã –ø–æ–ø–ª–µ–ª–∏—Å—å –Ω–∞ —é–≥.
[1;36m–ù–∞ —Å–µ–Ω–æ–≤–∞–ª–µ [5103][0;37m
   –ü–æ–¥ –Ω–æ–≥–∞–º–∏ —Ä–∞–∑–±—Ä–æ—Å–∞–Ω–∞ —Å–æ–ª–æ–º–∞ –≤–ø–µ—Ä–µ–º–µ—à–∫—É —Å —Å–µ–Ω–æ–º, –ø–æ —É–≥–ª–∞–º –ª–µ–∂–∞—Ç —Å—Ç–∞—Ä—ã–µ
–∏–Ω—Å—Ç—Ä—É–º–µ–Ω—Ç—ã. –°—é–¥–∞ –∑–∞–±—Ä–∞—Å—ã–≤–∞–µ—Ç—Å—è –∫–æ—Ä–º –¥–ª—è –¥–æ–º–∞—à–Ω–µ–≥–æ —Å–∫–æ—Ç–∞, –∞ –ø–æ—Ç–æ–º –ø–æ–¥–∞–µ—Ç—Å—è
–ø–æ —Å—Ç–æ–π–ª–∞–º.

[1;33m[1;31m–¢–∞—Ä–∞–∫–∞–Ω –±—ã—Å—Ç—Ä–æ –ø—Ä–æ–±–µ–∂–∞–ª –∑–¥–µ—Å—å.
–ë–ª–æ—Ö–∞ –ø—Ä—è—á–µ—Ç—Å—è –≤ –º—É—Å–æ—Ä–µ.
[0;0m
[0;32m143H[0;37m [0;32m96M[0;37m 6787–æ –ó–∞—É—á:0 –í—ã—Ö:–°–í–Æ> ˇ˘–í—ã –ø–æ–ø–ª–µ–ª–∏—Å—å –Ω–∞ —é–≥.
[1;36m–ù–∞ —Å–µ–Ω–æ–≤–∞–ª–µ [5105][0;37m
   –ö–æ–≥–¥–∞-—Ç–æ –≤–µ—Å—å –∑–∞–ø–æ–ª–Ω–µ–Ω–Ω—ã–π –≤–µ—Ä–µ–≤–∫–∞–º–∏ —Å —Å—É—à–µ–Ω–Ω—ã–º –ª—É–∫–æ–º, —á–µ—Å–Ω–æ–∫–æ–º –∏ –¥—Ä—É–≥–∏–º–∏
—Å–ø–µ—Ü–∏—è–º–∏. –°–µ–π—á–∞—Å –¥–∞–∂–µ –∑–∞–ø–∞—Ö–∞ –æ—Ç –Ω–∏—Ö –Ω–µ –æ—Å—Ç–∞–ª–æ—Å—å.

[1;33m[1;31m[0;0m
[0;32m143H[0;37m [0;32m95M[0;37m 6787–æ –ó–∞—É—á:0 –í—ã—Ö:–°–í> ˇ˘–í—ã –ø–æ–ø–ª–µ–ª–∏—Å—å –Ω–∞ –≤–æ—Å—Ç–æ–∫.
[1;36m–ù–∞ —Å–µ–Ω–æ–≤–∞–ª–µ [5106][0;37m
   –ó–¥–µ—Å—å –∫–æ–≥–¥–∞-—Ç–æ —Ö—Ä–∞–Ω–∏–ª–∏—Å—å –º–µ—à–∫–∏ —Å –∑–µ—Ä–Ω–æ–º –∏ –º—É–∫–æ–π. –î–∞–∂–µ —Å–µ–π—á–∞—Å –µ—â–µ –Ω–∞
–ø–æ–ª—É –ø–æ–ø–∞–¥–∞—é—Ç—Å—è —Ä–∞–∑–±—Ä–æ—Å–∞–Ω–Ω—ã–µ –∑–µ—Ä–Ω–∞ –∏ –±–µ–ª—ã–µ –ø—è—Ç–Ω–∞ –æ—Ç –º—É–∫–∏. –î–ª—è —Ä–∞—á–∏—Ç–µ–ª—å–Ω—ã—Ö
—Ö–æ–∑—è–µ–≤ –Ω–µ–ø–æ–∑–≤–æ–ª–∏—Ç–µ–ª—å–Ω–æ, —á—Ç–æ–±—ã —Ö–ª–µ–± —Ç–∞–∫ –±—Ä–æ—Å–∞–ª—Å—è.

[1;33m[1;31m–ë–ª–æ—Ö–∞ –ø—Ä—è—á–µ—Ç—Å—è –≤ –º—É—Å–æ—Ä–µ.
–ë–ª–æ—Ö–∞ –ø—Ä—è—á–µ—Ç—Å—è –≤ –º—É—Å–æ—Ä–µ.
[0;0m
[0;32m143H[0;37m [0;32m94M[0;37m 6787–æ –ó–∞—É—á:0 –í—ã—Ö:–°–ó> ˇ˘–í—ã –ø–æ–ø–ª–µ–ª–∏—Å—å –Ω–∞ –∑–∞–ø–∞–¥.
[1;36m–ù–∞ —Å–µ–Ω–æ–≤–∞–ª–µ [5105][0;37m
   –ö–æ–≥–¥–∞-—Ç–æ –≤–µ—Å—å –∑–∞–ø–æ–ª–Ω–µ–Ω–Ω—ã–π –≤–µ—Ä–µ–≤–∫–∞–º–∏ —Å —Å—É—à–µ–Ω–Ω—ã–º –ª—É–∫–æ–º, —á–µ—Å–Ω–æ–∫–æ–º –∏ –¥—Ä—É–≥–∏–º–∏
—Å–ø–µ—Ü–∏—è–º–∏. –°–µ–π—á–∞—Å –¥–∞–∂–µ –∑–∞–ø–∞—Ö–∞ –æ—Ç –Ω–∏—Ö –Ω–µ –æ—Å—Ç–∞–ª–æ—Å—å.

[1;33m[1;31m[0;0m
[0;32m143H[0;37m [0;32m96M[0;37m 6787–æ –ó–∞—É—á:0 –í—ã—Ö:–°–í> ˇ˘–í—ã –ø–æ–ø–ª–µ–ª–∏—Å—å –Ω–∞ —Å–µ–≤–µ—Ä.
[1;36m–ù–∞ —Å–µ–Ω–æ–≤–∞–ª–µ [5103][0;37m
   –ü–æ–¥ –Ω–æ–≥–∞–º–∏ —Ä–∞–∑–±—Ä–æ—Å–∞–Ω–∞ —Å–æ–ª–æ–º–∞ –≤–ø–µ—Ä–µ–º–µ—à–∫—É —Å —Å–µ–Ω–æ–º, –ø–æ —É–≥–ª–∞–º –ª–µ–∂–∞—Ç —Å—Ç–∞—Ä—ã–µ
–∏–Ω—Å—Ç—Ä—É–º–µ–Ω—Ç—ã. –°—é–¥–∞ –∑–∞–±—Ä–∞—Å—ã–≤–∞–µ—Ç—Å—è –∫–æ—Ä–º –¥–ª—è –¥–æ–º–∞—à–Ω–µ–≥–æ —Å–∫–æ—Ç–∞, –∞ –ø–æ—Ç–æ–º –ø–æ–¥–∞–µ—Ç—Å—è
–ø–æ —Å—Ç–æ–π–ª–∞–º.

[1;33m[1;31m–¢–∞—Ä–∞–∫–∞–Ω –±—ã—Å—Ç—Ä–æ –ø—Ä–æ–±–µ–∂–∞–ª –∑–¥–µ—Å—å.
–ë–ª–æ—Ö–∞ –ø—Ä—è—á–µ—Ç—Å—è –≤ –º—É—Å–æ—Ä–µ.
[0;0m
[0;32m143H[0;37m [0;32m97M[0;37m 6787–æ –ó–∞—É—á:0 –í—ã—Ö:–°–í–Æ> ˇ˘–í—ã –ø–æ–ø–ª–µ–ª–∏—Å—å –Ω–∞ —Å–µ–≤–µ—Ä.
[1;36m–í —Å–µ–Ω—è—Ö [5102][0;37m
   –ß—Ç–æ –∑–∞—Å—Ç–∞–≤–∏–ª–æ —Ö–æ–∑—è–µ–≤ –ø–æ–∫–∏–Ω—É—Ç—å —ç—Ç–æ—Ç –¥–æ–º, —Å–æ—Ö—Ä–∞–Ω–∏–≤—à–∏–π—Å—è –≤ –ø—Ä–∏–ª–∏—á–Ω–æ–º —Å–æ—Å—Ç–æ—è–Ω–∏–∏
–¥–∞–∂–µ –∑–∞ –¥–æ–ª–≥–æ–µ –≤—Ä–µ–º—è –∑–∞–ø—É—Å—Ç–µ–Ω–∏—è –∏ –æ–¥–∏–Ω–æ—á–µ—Å—Ç–≤–∞? –í —ç—Ç–æ–º –º–µ—Å—Ç–µ —Å–µ–Ω–µ–π –Ω–∞—Ö–æ–¥—è—Ç—Å—è
–¥–≤–µ –¥–≤–µ—Ä–∏, –æ–¥–Ω–∞ –∏–∑ –∫–æ—Ç–æ—Ä—ã—Ö –≤–µ–¥–µ—Ç –≤ –∏–∑–±—É, –¥—Ä—É–≥–∞—è - –Ω–∞ —Å–µ–Ω–æ–≤–∞–ª.  

[1;33m[1;31m–¢–∞—Ä–∞–∫–∞–Ω –±—ã—Å—Ç—Ä–æ –ø—Ä–æ–±–µ–∂–∞–ª –∑–¥–µ—Å—å.
–¢–∞—Ä–∞–∫–∞–Ω –±—ã—Å—Ç—Ä–æ –ø—Ä–æ–±–µ–∂–∞–ª –∑–¥–µ—Å—å.
[0;0m
[0;32m143H[0;37m [0;32m97M[0;37m 6787–æ –ó–∞—É—á:0 –í—ã—Ö:(–°)–í–Æ> ˇ˘–õ–∞–¥—É—à–∫–∏.

[0;32m143H[0;37m [0;32m101M[0;37m 6787–æ –ó–∞—É—á:0 –í—ã—Ö:–°–í–Æ> ˇ˘–í—ã –ø–æ–ø–ª–µ–ª–∏—Å—å –Ω–∞ —Å–µ–≤–µ—Ä.
[1;36m–í –∏–∑–±–µ [5107][0;37m
   –ö—Ä–µ–ø–∫–∏–π –ø—è—Ç–∏—Å—Ç–µ–Ω–æ–∫ —Å—Ä—É–±–ª–µ–Ω –æ–ø—ã—Ç–Ω—ã–º–∏ –º–∞—Å—Ç–µ—Ä–∞–º–∏, —Ç–æ–ª—Å—Ç—ã–µ –±—Ä–µ–≤–Ω–∞ –ø–ª–æ—Ç–Ω–æ
–ø–æ–¥–æ–≥–Ω–∞–Ω—ã –¥—Ä—É–≥ –∫ –¥—Ä—É–≥—É, –≤–Ω—É—Ç—Ä–µ–Ω–Ω—è—è —Å—Ç–æ—Ä–æ–Ω–∞ —Å—Ç–µ—Å–∞–Ω–∞ —Ç–∞–∫, —á—Ç–æ —Å–æ–∑–¥–∞—é—Ç—Å—è
–ø–ª–æ—Å–∫–∏–µ –≥–ª–∞–¥–∫–∏–µ —Å—Ç–µ–Ω—ã.

[1;33m[1;31m(–ª–µ—Ç–∏—Ç) –ú—É—Ö–∞ –ª–µ—Ç–∞–µ—Ç –∑–¥–µ—Å—å.
–ë–ª–æ—Ö–∞ –ø—Ä—è—á–µ—Ç—Å—è –≤ –º—É—Å–æ—Ä–µ.
–°–µ—Ä–∞—è –º—ã—à—å —é—Ä–∫–Ω—É–ª–∞ –∑–¥–µ—Å—å.
[0;0m
[0;32m143H[0;37m [0;32m100M[0;37m 6787–æ –ó–∞—É—á:0 –í—ã—Ö:–°–í–Æ> ˇ˘–í—ã –ø–æ–ø–ª–µ–ª–∏—Å—å –Ω–∞ —Å–µ–≤–µ—Ä.
[1;36m–í –∏–∑–±–µ [5108][0;37m
   –í–¥–æ–ª—å —Å—Ç–µ–Ω –ø–æ—Å—Ç–∞–≤–ª–µ–Ω—ã —à–∏—Ä–æ–∫–∏–µ –∫—Ä–µ–ø–∫–∏–µ –ª–∞–≤–∫–∏, –Ω–∞ –∫–æ—Ç–æ—Ä—ã—Ö –º–æ–∂–Ω–æ —Å–∏–¥–µ—Ç—å,
–∞ –≤ —Å–ª—É—á–∞–µ –Ω–µ–æ–±—Ö–æ–¥–∏–º–æ—Å—Ç–∏ –∏ –ø—Ä–∏–ª–µ—á—å. –ù–∞ —Å–¥–µ–ª–∞–Ω–Ω–æ–π –∏–∑ —Ç–æ–ª—Å—Ç–æ–π –¥–æ—Å–∫–∏ –ª–∞–≤–∫–µ
—Ä–∞–∑–º–µ—Å—Ç–∏—Ç—Å—è –∏ –∑–¥–æ—Ä–æ–≤—ã–π –º—É–∂–∏–∫.

[1;33m[1;31m–°–≤–µ—Ç–ª—è—á–æ–∫ –ø–æ–ª–∑–∞–µ—Ç –∑–¥–µ—Å—å.
–ë–ª–æ—Ö–∞ –ø—Ä—è—á–µ—Ç—Å—è –≤ –º—É—Å–æ—Ä–µ.
–°–µ—Ä–∞—è –º—ã—à—å —é—Ä–∫–Ω—É–ª–∞ –∑–¥–µ—Å—å.
–ö–ª–æ–ø –ø–æ–ª–∑–∞–µ—Ç –∑–¥–µ—Å—å.
–¢–∞—Ä–∞–∫–∞–Ω –±—ã—Å—Ç—Ä–æ –ø—Ä–æ–±–µ–∂–∞–ª –∑–¥–µ—Å—å.
[0;0m
[0;32m143H[0;37m [0;32m100M[0;37m 6787–æ –ó–∞—É—á:0 –í—ã—Ö:–í–Æ> ˇ˘–í—ã –ø–æ–ø–ª–µ–ª–∏—Å—å –Ω–∞ –≤–æ—Å—Ç–æ–∫.
[1;36m–í –∏–∑–±–µ [5110][0;37m
   –ù–µ–≤—ã—Å–æ–∫–∏–µ –ø–æ—Ç–æ–ª–∫–∏ –¥–µ—Ä–∂–∞—Ç—Å—è –Ω–∞ —Ç–æ–ª—Å—Ç—ã—Ö –±–∞–ª–∫–∞—Ö. –ü–æ—Ç–æ–ª–∫–∏, —Å–¥–µ–ª–∞–Ω–Ω—ã–µ –∏–∑ —Ç–æ–ª—Å—Ç—ã—Ö
–¥–æ—Å–æ–∫ –≤—ã–¥–µ—Ä–∂–∞—Ç –∏ —Ç—è–∂–µ—Å—Ç—å –¥–æ–º–∞, –∏ –Ω–µ –≤—ã–ø—É—Å—Ç—è—Ç —Ç–µ–ø–ª–æ –≤ —Å—Ç—É–¥–µ–Ω–æ–µ –≤—Ä–µ–º—è. –¢–æ–ª—å–∫–æ
–∫—Ä–µ–ø–∫–∏–π —Ö–æ–∑—è–∏–Ω –º–æ–∂–µ—Ç –ø–æ–∑–≤–æ–ª–∏—Ç—å –ø–æ—Å—Ç–∞–≤–∏—Ç—å –ø–æ—Ç–æ–ª–∫–∏, –æ–±—ã—á–Ω–æ –ø—Ä—è–º–æ –±–∞–ª–∫–∞-–º–∞—Ç–∏—Ü–∞ —Å
—Ä–µ–±—Ä–∞–º–∏-—Å—Ç—Ä–æ–ø–∏–ª–∞–º–∏ –º–æ–∑–æ–ª—è—Ç –≤–∑–≥–ª—è–¥ –∏–∑–Ω—É—Ç—Ä–∏ –¥–æ–º–∞.  

[1;33m[1;31m–ë–ª–æ—Ö–∞ –ø—Ä—è—á–µ—Ç—Å—è –≤ –º—É—Å–æ—Ä–µ.
(–ª–µ—Ç–∏—Ç) –ú–æ–ª—å –ª–µ—Ç–∞–µ—Ç –∑–¥–µ—Å—å.
–¢–∞—Ä–∞–∫–∞–Ω –±—ã—Å—Ç—Ä–æ –ø—Ä–æ–±–µ–∂–∞–ª –∑–¥–µ—Å—å.
[0;0m
[0;32m143H[0;37m [0;32m100M[0;37m 6787–æ –ó–∞—É—á:0 –í—ã—Ö:–Æ–ó> ˇ˘–í—ã –ø–æ–ø–ª–µ–ª–∏—Å—å –Ω–∞ —é–≥.
[1;36m–£ –ø–µ—á–∏ [5109][0;37m
   –ë–æ–ª—å—à–∞—è —Ä—É—Å—Å–∫–∞—è –ø–µ—á—å, —Å–ª–æ–∂–µ–Ω–Ω–∞—è –∏–∑ –∫–∞–ª–µ–Ω–æ–≥–æ –∫–∏—Ä–ø–∏—á–∞, —Å—Ç–æ–∏—Ç –≤ –∏–∑–±–µ –∏ —Å–≤–µ—Ç–∏—Ç
–æ–±–º–∞–∑–∞–Ω–Ω—ã–º–∏ –º–µ–ª–æ–º –±–æ–∫–∞–º–∏. –†—É—Å—Å–∫–∞—è –∑–µ–º–ª—è –±–æ–≥–∞—Ç–∞, –Ω–æ –∏ –∫—Ä–µ–ø–∫–∞ —Å—Ç—É–¥–µ–Ω—ã–º–∏ –º–æ—Ä–æ–∑–∞–º–∏, 
–∏ —Ç–æ–ª—å–∫–æ –Ω–∞ –ø–µ—á–∏ –º–æ–∂–Ω–æ –æ—Ç–æ–≥—Ä–µ—Ç—å—Å—è.

[1;33m[1;31m(–ª–µ—Ç–∏—Ç) –ú–æ–ª—å –ª–µ—Ç–∞–µ—Ç –∑–¥–µ—Å—å.
(–ª–µ—Ç–∏—Ç) –ú–æ–ª—å –ª–µ—Ç–∞–µ—Ç –∑–¥–µ—Å—å.
[0;0m
[0;32m143H[0;37m [0;32m100M[0;37m 6787–æ –ó–∞—É—á:0 –í—ã—Ö:–°–í–ó> ˇ˘[1;30m–í—ã –ø–æ—â–µ–∫–æ—Ç–∞–ª–∏ —Å–µ–±—è... –∞ —á–µ–º –µ—â–µ –≤ —Å–≤–æ–±–æ–¥–Ω–æ–µ –≤—Ä–µ–º—è –∑–∞–Ω–∏–º–∞—Ç—å—Å—è?[0;0m

[0;32m143H[0;37m [0;32m101M[0;37m 6787–æ –ó–∞—É—á:0 –í—ã—Ö:–°–í–ó> ˇ˘[1;30m–í—ã –ø–æ—â–µ–∫–æ—Ç–∞–ª–∏ —Å–µ–±—è... –∞ —á–µ–º –µ—â–µ –≤ —Å–≤–æ–±–æ–¥–Ω–æ–µ –≤—Ä–µ–º—è –∑–∞–Ω–∏–º–∞—Ç—å—Å—è?[0;0m

[0;32m143H[0;37m [0;32m101M[0;37m 6787–æ –ó–∞—É—á:0 –í—ã—Ö:–°–í–ó> ˇ˘–í—ã –ø–æ–ø–ª–µ–ª–∏—Å—å –Ω–∞ –∑–∞–ø–∞–¥.
[1;36m–í –∏–∑–±–µ [5107][0;37m
   –ö—Ä–µ–ø–∫–∏–π –ø—è—Ç–∏—Å—Ç–µ–Ω–æ–∫ —Å—Ä—É–±–ª–µ–Ω –æ–ø—ã—Ç–Ω—ã–º–∏ –º–∞—Å—Ç–µ—Ä–∞–º–∏, —Ç–æ–ª—Å—Ç—ã–µ –±—Ä–µ–≤–Ω–∞ –ø–ª–æ—Ç–Ω–æ
–ø–æ–¥–æ–≥–Ω–∞–Ω—ã –¥—Ä—É–≥ –∫ –¥—Ä—É–≥—É, –≤–Ω—É—Ç—Ä–µ–Ω–Ω—è—è —Å—Ç–æ—Ä–æ–Ω–∞ —Å—Ç–µ—Å–∞–Ω–∞ —Ç–∞–∫, —á—Ç–æ —Å–æ–∑–¥–∞—é—Ç—Å—è
–ø–ª–æ—Å–∫–∏–µ –≥–ª–∞–¥–∫–∏–µ —Å—Ç–µ–Ω—ã.

[1;33m[1;31m–ë–ª–æ—Ö–∞ –ø—Ä—è—á–µ—Ç—Å—è –≤ –º—É—Å–æ—Ä–µ.
–°–µ—Ä–∞—è –º—ã—à—å —é—Ä–∫–Ω—É–ª–∞ –∑–¥–µ—Å—å.
[0;0m
[0;32m143H[0;37m [0;32m100M[0;37m 6787–æ –ó–∞—É—á:0 –í—ã—Ö:–°–í–Æ> ˇ˘–í—ã –ø–æ–ø–ª–µ–ª–∏—Å—å –Ω–∞ –≤–æ—Å—Ç–æ–∫.
[1;36m–£ –ø–µ—á–∏ [5109][0;37m
   –ë–æ–ª—å—à–∞—è —Ä—É—Å—Å–∫–∞—è –ø–µ—á—å, —Å–ª–æ–∂–µ–Ω–Ω–∞—è –∏–∑ –∫–∞–ª–µ–Ω–æ–≥–æ –∫–∏—Ä–ø–∏—á–∞, —Å—Ç–æ–∏—Ç –≤ –∏–∑–±–µ –∏ —Å–≤–µ—Ç–∏—Ç
–æ–±–º–∞–∑–∞–Ω–Ω—ã–º–∏ –º–µ–ª–æ–º –±–æ–∫–∞–º–∏. –†—É—Å—Å–∫–∞—è –∑–µ–º–ª—è –±–æ–≥–∞—Ç–∞, –Ω–æ –∏ –∫—Ä–µ–ø–∫–∞ —Å—Ç—É–¥–µ–Ω—ã–º–∏ –º–æ—Ä–æ–∑–∞–º–∏, 
–∏ —Ç–æ–ª—å–∫–æ –Ω–∞ –ø–µ—á–∏ –º–æ–∂–Ω–æ –æ—Ç–æ–≥—Ä–µ—Ç—å—Å—è.

[1;33m[1;31m(–ª–µ—Ç–∏—Ç) –ú–æ–ª—å –ª–µ—Ç–∞–µ—Ç –∑–¥–µ—Å—å.
(–ª–µ—Ç–∏—Ç) –ú–æ–ª—å –ª–µ—Ç–∞–µ—Ç –∑–¥–µ—Å—å.
[0;0m
[0;32m143H[0;37m [0;32m100M[0;37m 6787–æ –ó–∞—É—á:0 –í—ã—Ö:–°–í–ó> ˇ˘–í—ã –ø–æ–ø–ª–µ–ª–∏—Å—å –Ω–∞ –≤–æ—Å—Ç–æ–∫.
[1;36m–ù–∞ –∫—É—Ö–Ω–µ [5112][0;37m
   –ü–µ—á—å –ø–æ–≤–µ—Ä–Ω—É—Ç–∞ –∫ –∫—É—Ö–Ω–µ —Å–≤–æ–µ–π –ø—É—Å—Ç–æ–π —Ç–æ–ø–∫–æ–π, –∞ –∫–æ–≥–¥–∞-—Ç–æ –∑–¥–µ—Å—å –±—ã–ª–æ —à—É–º–Ω–æ –æ—Ç
—Ö–æ–∑—è–µ–∫, –≥–æ—Ç–æ–≤—è—â–∏—Ö –ø–∏—â—É. –°–ª–µ–≤–∞ –æ—Ç –ø–µ—á–∏ - –º–∞–ª–µ–Ω—å–∫–∞—è –ª–µ—Å—Ç–Ω–∏—Ü–∞ –≤ –ø–æ–¥–ø–æ–ª.  

[1;33m[1;31m[0;0m
[0;32m143H[0;37m [0;32m99M[0;37m 6787–æ –ó–∞—É—á:0 –í—ã—Ö:–°–óv> ˇ˘[1;31m–ú–∏–Ω—É–ª —á–∞—Å.[0;37m
–í—ã –ø–æ–ø–ª–µ–ª–∏—Å—å –Ω–∞ —Å–µ–≤–µ—Ä.
[1;36m–ù–∞ –∫—É—Ö–Ω–µ [5111][0;37m
   –ö–æ–≥–¥–∞-—Ç–æ –∑–¥–µ—Å—å —Å—Ç–æ—è–ª –±–æ–ª—å—à–æ–π —Å—Ç–æ–ª, –∑–∞ –∫–æ—Ç–æ—Ä—ã–º —Å–æ–±–∏—Ä–∞–ª–∞—Å—å –Ω–∞ —Ç—Ä–∞–ø–µ–∑—É –≤—Å—è 
—Å–µ–º—å—è. –°—Ç–æ–ª –∫—Ä–µ–ø–∫–æ –≤–º—è–ª—Å—è –≤ –ø–æ–ª, –æ—Å—Ç–∞–≤–∏–≤ –ø–æ—Å–ª–µ —Å–µ–±—è —Å–ª–µ–¥—ã –Ω–æ–∂–µ–∫.

[1;33m[1;31m(–ª–µ—Ç–∏—Ç) –ö–æ–º–∞—Ä –∂—É–∂–∂–∏—Ç –∑–¥–µ—Å—å.
(–ª–µ—Ç–∏—Ç) –ö–æ–º–∞—Ä –∂—É–∂–∂–∏—Ç –∑–¥–µ—Å—å.
[0;0m[0;31m–ö–æ–º–∞—Ä –ø–æ–ø—ã—Ç–∞–ª—Å—è —É–∂–∞–ª–∏—Ç—å –≤–∞—Å, –Ω–æ –ø—Ä–æ–º–∞—Ö–Ω—É–ª—Å—è.
[0;0m[0;31m–ö–æ–º–∞—Ä –ø–æ–ø—ã—Ç–∞–ª—Å—è —É–∂–∞–ª–∏—Ç—å –≤–∞—Å, –Ω–æ –ø—Ä–æ–º–∞—Ö–Ω—É–ª—Å—è.
[0;0m
[0;32m143H[0;37m [0;32m100M[0;37m 6787–æ –ó–∞—É—á:0 [0;32m[–ì–µ–Ω–æ–¥:–ù–µ–≤—Ä–µ–¥–∏–º][0;37m [0;32m[–∫–æ–º–∞—Ä:–ù–µ–≤—Ä–µ–¥–∏–º][0;37m > ˇ˘
[0;31m–ö–æ–º–∞—Ä –ø–æ–ø—ã—Ç–∞–ª—Å—è —É–∂–∞–ª–∏—Ç—å –≤–∞—Å, –Ω–æ –ø—Ä–æ–º–∞—Ö–Ω—É–ª—Å—è.
[0;0m[1;31m–ö–æ–º–∞—Ä –ª–µ–≥–æ–Ω—å–∫–æ —É–∂–∞–ª–∏–ª –≤–∞—Å.
[0;0m[1;33m–í—ã —Ä–µ–∑–∞–Ω—É–ª–∏ –∫–æ–º–∞—Ä–∞.
[0;0m
[0;32m140H[0;37m [0;32m101M[0;37m 6785–æ –ó–∞—É—á:0 [0;32m[–ì–µ–Ω–æ–¥:–°–ª–µ–≥–∫–∞ —Ä–∞–Ω–µ–Ω][0;37m [1;33m[–∫–æ–º–∞—Ä:–†–∞–Ω–µ–Ω][0;37m > ˇ˘
[0;31m–ö–æ–º–∞—Ä –ø–æ–ø—ã—Ç–∞–ª—Å—è —É–∂–∞–ª–∏—Ç—å –≤–∞—Å, –Ω–æ –ø—Ä–æ–º–∞—Ö–Ω—É–ª—Å—è.
[0;0m[0;31m–ö–æ–º–∞—Ä –ø–æ–ø—ã—Ç–∞–ª—Å—è —É–∂–∞–ª–∏—Ç—å –≤–∞—Å, –Ω–æ –ø—Ä–æ–º–∞—Ö–Ω—É–ª—Å—è.
[0;0m[0;33m–í—ã –ø–æ–ø—ã—Ç–∞–ª–∏—Å—å —Ä–µ–∑–∞–Ω—É—Ç—å –∫–æ–º–∞—Ä–∞, –Ω–æ –ø—Ä–æ–º–∞—Ö–Ω—É–ª–∏—Å—å.
[0;0m
[0;32m143H[0;37m [0;32m101M[0;37m 6784–æ –ó–∞—É—á:0 [0;32m[–ì–µ–Ω–æ–¥:–ù–µ–≤—Ä–µ–¥–∏–º][0;37m [1;33m[–∫–æ–º–∞—Ä:–†–∞–Ω–µ–Ω][0;37m > ˇ˘
[0;31m–ö–æ–º–∞—Ä –ø–æ–ø—ã—Ç–∞–ª—Å—è —É–∂–∞–ª–∏—Ç—å –≤–∞—Å, –Ω–æ –ø—Ä–æ–º–∞—Ö–Ω—É–ª—Å—è.
[0;0m[1;33m–í—ã —Ä–µ–∑–∞–Ω—É–ª–∏ –∫–æ–º–∞—Ä–∞.
[0;0m–ö–æ–º–∞—Ä –±–µ–∑ —Å–æ–∑–Ω–∞–Ω–∏—è, –Ω–æ –≤–æ–∑–º–æ–∂–Ω–æ –æ–Ω –µ—â–µ –ø–æ–≤–æ—é–µ—Ç (–ø–æ–ø–æ–∑–∂–µ :).
[0;31m–ö–æ–º–∞—Ä –ø–æ–ø—ã—Ç–∞–ª—Å—è —É–∂–∞–ª–∏—Ç—å –≤–∞—Å, –Ω–æ –ø—Ä–æ–º–∞—Ö–Ω—É–ª—Å—è.
[0;0m
[0;32m143H[0;37m [0;32m101M[0;37m 6782–æ –ó–∞—É—á:0 [0;32m[–ì–µ–Ω–æ–¥:–ù–µ–≤—Ä–µ–¥–∏–º][0;37m [0;31m[–∫–æ–º–∞—Ä:–û.—Ç—è–∂–µ–ª–æ —Ä–∞–Ω–µ–Ω][0;37m > ˇ˘
[0;31m–ö–æ–º–∞—Ä –ø–æ–ø—ã—Ç–∞–ª—Å—è —É–∂–∞–ª–∏—Ç—å –≤–∞—Å, –Ω–æ –ø—Ä–æ–º–∞—Ö–Ω—É–ª—Å—è.
[0;0m[1;33m–í—ã —Ä–µ–∑–∞–Ω—É–ª–∏ –∫–æ–º–∞—Ä–∞ —Ç–∞–∫, —á—Ç–æ –æ—Ç –Ω–µ–≥–æ –æ—Å—Ç–∞–ª–∏—Å—å —Ä–æ–∂–∫–∏ –¥–∞ –Ω–æ–∂–∫–∏.
[0;0m–ö–æ–º–∞—Ä –º–µ—Ä—Ç–≤, –µ–≥–æ –¥—É—à–∞ –º–µ–¥–ª–µ–Ω–Ω–æ –ø–æ–¥—ã–º–∞–µ—Ç—Å—è –≤ –Ω–µ–±–µ—Å–∞.
–í–∞—à –æ–ø—ã—Ç –ø–æ–≤—ã—Å–∏–ª—Å—è –Ω–∞ 32 –æ—á–∫–∞.
–¢—Ä—É–ø –∫–æ–º–∞—Ä–∞ –ø—É—Å—Ç.
–í—ã –ø–µ—Ä–µ–∫–ª—é—á–∏–ª–∏ –≤–Ω–∏–º–∞–Ω–∏–µ –Ω–∞ –∫–æ–º–∞—Ä–∞.

[0;32m143H[0;37m [0;32m101M[0;37m 6749–æ –ó–∞—É—á:0 [0;32m[–ì–µ–Ω–æ–¥:–ù–µ–≤—Ä–µ–¥–∏–º][0;37m [0;32m[–∫–æ–º–∞—Ä:–ù–µ–≤—Ä–µ–¥–∏–º][0;37m > ˇ˘
[0;31m–ö–æ–º–∞—Ä –ø–æ–ø—ã—Ç–∞–ª—Å—è —É–∂–∞–ª–∏—Ç—å –≤–∞—Å, –Ω–æ –ø—Ä–æ–º–∞—Ö–Ω—É–ª—Å—è.
[0;0m[0;33m–í—ã –ø–æ–ø—ã—Ç–∞–ª–∏—Å—å —Ä–µ–∑–∞–Ω—É—Ç—å –∫–æ–º–∞—Ä–∞, –Ω–æ –ø—Ä–æ–º–∞—Ö–Ω—É–ª–∏—Å—å.
[0;0m
[0;32m143H[0;37m [0;32m101M[0;37m 6748–æ –ó–∞—É—á:0 [0;32m[–ì–µ–Ω–æ–¥:–ù–µ–≤—Ä–µ–¥–∏–º][0;37m [0;32m[–∫–æ–º–∞—Ä:–ù–µ–≤—Ä–µ–¥–∏–º][0;37m > ˇ˘
[0;31m–ö–æ–º–∞—Ä –ø–æ–ø—ã—Ç–∞–ª—Å—è —É–∂–∞–ª–∏—Ç—å –≤–∞—Å, –Ω–æ –ø—Ä–æ–º–∞—Ö–Ω—É–ª—Å—è.
[0;0m[1;33m–í—ã —Ä–µ–∑–∞–Ω—É–ª–∏ –∫–æ–º–∞—Ä–∞.
[0;0m
[0;32m143H[0;37m [0;32m101M[0;37m 6745–æ –ó–∞—É—á:0 [0;32m[–ì–µ–Ω–æ–¥:–ù–µ–≤—Ä–µ–¥–∏–º][0;37m [1;33m[–∫–æ–º–∞—Ä:–†–∞–Ω–µ–Ω][0;37m > ˇ˘
[0;31m–ö–æ–º–∞—Ä –ø–æ–ø—ã—Ç–∞–ª—Å—è —É–∂–∞–ª–∏—Ç—å –≤–∞—Å, –Ω–æ –ø—Ä–æ–º–∞—Ö–Ω—É–ª—Å—è.
[0;0m[0;33m–í—ã –ø–æ–ø—ã—Ç–∞–ª–∏—Å—å —Ä–µ–∑–∞–Ω—É—Ç—å –∫–æ–º–∞—Ä–∞, –Ω–æ –ø—Ä–æ–º–∞—Ö–Ω—É–ª–∏—Å—å.
[0;0m
[0;32m143H[0;37m [0;32m101M[0;37m 6744–æ –ó–∞—É—á:0 [0;32m[–ì–µ–Ω–æ–¥:–ù–µ–≤—Ä–µ–¥–∏–º][0;37m [1;33m[–∫–æ–º–∞—Ä:–†–∞–Ω–µ–Ω][0;37m > ˇ˘
[0;31m–ö–æ–º–∞—Ä –ø–æ–ø—ã—Ç–∞–ª—Å—è —É–∂–∞–ª–∏—Ç—å –≤–∞—Å, –Ω–æ –ø—Ä–æ–º–∞—Ö–Ω—É–ª—Å—è.
[0;0m[1;33m–í—ã —Ä–µ–∑–∞–Ω—É–ª–∏ –∫–æ–º–∞—Ä–∞.
[0;0m–ö–æ–º–∞—Ä –±–µ–∑ —Å–æ–∑–Ω–∞–Ω–∏—è –∏ –º–µ–¥–ª–µ–Ω–Ω–æ —É–º–∏—Ä–∞–µ—Ç. –ü–æ–º–æ–≥–∏—Ç–µ –∂–µ –µ–º—É.

[0;32m143H[0;37m [0;32m101M[0;37m 6742–æ –ó–∞—É—á:0 [0;32m[–ì–µ–Ω–æ–¥:–ù–µ–≤—Ä–µ–¥–∏–º][0;37m [0;31m[–∫–æ–º–∞—Ä:–°–º–µ—Ä—Ç–µ–ª—å–Ω–æ —Ä–∞–Ω–µ–Ω][0;37m > ˇ˘
[1;33m–í—ã –∑–∞—Ä–µ–∑–∞–ª–∏ –∫–æ–º–∞—Ä–∞! –í—ã –ø–æ—Ö–æ–∂–∏ –Ω–∞ –º—è—Å–Ω–∏–∫–∞.
[0;0m–ö–æ–º–∞—Ä –º–µ—Ä—Ç–≤, –µ–≥–æ –¥—É—à–∞ –º–µ–¥–ª–µ–Ω–Ω–æ –ø–æ–¥—ã–º–∞–µ—Ç—Å—è –≤ –Ω–µ–±–µ—Å–∞.
–í–∞—à –æ–ø—ã—Ç –ø–æ–≤—ã—Å–∏–ª—Å—è –Ω–∞ 30 –æ—á–∫–æ–≤.
–¢—Ä—É–ø –∫–æ–º–∞—Ä–∞ –ø—É—Å—Ç.

[0;32m143H[0;37m [0;32m101M[0;37m 6711–æ –ó–∞—É—á:0 –í—ã—Ö:–Æ> ˇ˘–í—ã –ø–æ–ø–ª–µ–ª–∏—Å—å –Ω–∞ —é–≥.
[1;36m–ù–∞ –∫—É—Ö–Ω–µ [5112][0;37m
   –ü–µ—á—å –ø–æ–≤–µ—Ä–Ω—É—Ç–∞ –∫ –∫—É—Ö–Ω–µ —Å–≤–æ–µ–π –ø—É—Å—Ç–æ–π —Ç–æ–ø–∫–æ–π, –∞ –∫–æ–≥–¥–∞-—Ç–æ –∑–¥–µ—Å—å –±—ã–ª–æ —à—É–º–Ω–æ –æ—Ç
—Ö–æ–∑—è–µ–∫, –≥–æ—Ç–æ–≤—è—â–∏—Ö –ø–∏—â—É. –°–ª–µ–≤–∞ –æ—Ç –ø–µ—á–∏ - –º–∞–ª–µ–Ω—å–∫–∞—è –ª–µ—Å—Ç–Ω–∏—Ü–∞ –≤ –ø–æ–¥–ø–æ–ª.  

[1;33m[1;31m–ö–ª–æ–ø –ø–æ–ª–∑–∞–µ—Ç –∑–¥–µ—Å—å.
[0;0m
[0;32m143H[0;37m [0;32m100M[0;37m 6711–æ –ó–∞—É—á:0 –í—ã—Ö:–°–óv> ˇ˘–í—ã –ø–æ–ø–ª–µ–ª–∏—Å—å –Ω–∞ –∑–∞–ø–∞–¥.
[1;36m–£ –ø–µ—á–∏ [5109][0;37m
   –ë–æ–ª—å—à–∞—è —Ä—É—Å—Å–∫–∞—è –ø–µ—á—å, —Å–ª–æ–∂–µ–Ω–Ω–∞—è –∏–∑ –∫–∞–ª–µ–Ω–æ–≥–æ –∫–∏—Ä–ø–∏—á–∞, —Å—Ç–æ–∏—Ç –≤ –∏–∑–±–µ –∏ —Å–≤–µ—Ç–∏—Ç
–æ–±–º–∞–∑–∞–Ω–Ω—ã–º–∏ –º–µ–ª–æ–º –±–æ–∫–∞–º–∏. –†—É—Å—Å–∫–∞—è –∑–µ–º–ª—è –±–æ–≥–∞—Ç–∞, –Ω–æ –∏ –∫—Ä–µ–ø–∫–∞ —Å—Ç—É–¥–µ–Ω—ã–º–∏ –º–æ—Ä–æ–∑–∞–º–∏, 
–∏ —Ç–æ–ª—å–∫–æ –Ω–∞ –ø–µ—á–∏ –º–æ–∂–Ω–æ –æ—Ç–æ–≥—Ä–µ—Ç—å—Å—è.

[1;33m[1;31m(–ª–µ—Ç–∏—Ç) –ú–æ–ª—å –ª–µ—Ç–∞–µ—Ç –∑–¥–µ—Å—å.
(–ª–µ—Ç–∏—Ç) –ú–æ–ª—å –ª–µ—Ç–∞–µ—Ç –∑–¥–µ—Å—å.
[0;0m
[0;32m143H[0;37m [0;32m100M[0;37m 6711–æ –ó–∞—É—á:0 –í—ã—Ö:–°–í–ó> ˇ˘–í—ã –ø–æ–ø–ª–µ–ª–∏—Å—å –Ω–∞ –∑–∞–ø–∞–¥.
[1;36m–í –∏–∑–±–µ [5107][0;37m
   –ö—Ä–µ–ø–∫–∏–π –ø—è—Ç–∏—Å—Ç–µ–Ω–æ–∫ —Å—Ä—É–±–ª–µ–Ω –æ–ø—ã—Ç–Ω—ã–º–∏ –º–∞—Å—Ç–µ—Ä–∞–º–∏, —Ç–æ–ª—Å—Ç—ã–µ –±—Ä–µ–≤–Ω–∞ –ø–ª–æ—Ç–Ω–æ
–ø–æ–¥–æ–≥–Ω–∞–Ω—ã –¥—Ä—É–≥ –∫ –¥—Ä—É–≥—É, –≤–Ω—É—Ç—Ä–µ–Ω–Ω—è—è —Å—Ç–æ—Ä–æ–Ω–∞ —Å—Ç–µ—Å–∞–Ω–∞ —Ç–∞–∫, —á—Ç–æ —Å–æ–∑–¥–∞—é—Ç—Å—è
–ø–ª–æ—Å–∫–∏–µ –≥–ª–∞–¥–∫–∏–µ —Å—Ç–µ–Ω—ã.

[1;33m[1;31m–¢–∞—Ä–∞–∫–∞–Ω –±—ã—Å—Ç—Ä–æ –ø—Ä–æ–±–µ–∂–∞–ª –∑–¥–µ—Å—å.
–ë–ª–æ—Ö–∞ –ø—Ä—è—á–µ—Ç—Å—è –≤ –º—É—Å–æ—Ä–µ.
[0;0m
[0;32m143H[0;37m [0;32m100M[0;37m 6711–æ –ó–∞—É—á:0 –í—ã—Ö:–°–í–Æ> ˇ˘–í—ã –ø–æ–ø–ª–µ–ª–∏—Å—å –Ω–∞ —é–≥.
[1;36m–í —Å–µ–Ω—è—Ö [5102][0;37m
   –ß—Ç–æ –∑–∞—Å—Ç–∞–≤–∏–ª–æ —Ö–æ–∑—è–µ–≤ –ø–æ–∫–∏–Ω—É—Ç—å —ç—Ç–æ—Ç –¥–æ–º, —Å–æ—Ö—Ä–∞–Ω–∏–≤—à–∏–π—Å—è –≤ –ø—Ä–∏–ª–∏—á–Ω–æ–º —Å–æ—Å—Ç–æ—è–Ω–∏–∏
–¥–∞–∂–µ –∑–∞ –¥–æ–ª–≥–æ–µ –≤—Ä–µ–º—è –∑–∞–ø—É—Å—Ç–µ–Ω–∏—è –∏ –æ–¥–∏–Ω–æ—á–µ—Å—Ç–≤–∞? –í —ç—Ç–æ–º –º–µ—Å—Ç–µ —Å–µ–Ω–µ–π –Ω–∞—Ö–æ–¥—è—Ç—Å—è
–¥–≤–µ –¥–≤–µ—Ä–∏, –æ–¥–Ω–∞ –∏–∑ –∫–æ—Ç–æ—Ä—ã—Ö –≤–µ–¥–µ—Ç –≤ –∏–∑–±—É, –¥—Ä—É–≥–∞—è - –Ω–∞ —Å–µ–Ω–æ–≤–∞–ª.  

[1;33m[1;31m–°–µ—Ä–∞—è –º—ã—à—å —é—Ä–∫–Ω—É–ª–∞ –∑–¥–µ—Å—å.
–¢–∞—Ä–∞–∫–∞–Ω –±—ã—Å—Ç—Ä–æ –ø—Ä–æ–±–µ–∂–∞–ª –∑–¥–µ—Å—å.
[0;0m
[0;32m143H[0;37m [0;32m100M[0;37m 6711–æ –ó–∞—É—á:0 –í—ã—Ö:–°–í–Æ> ˇ˘–í—ã –ø–æ–ø–ª–µ–ª–∏—Å—å –Ω–∞ –≤–æ—Å—Ç–æ–∫.
[1;36m–í —Å–µ–Ω—è—Ö [5101][0;37m
   –°–µ–Ω–∏ –∫–æ–≥–¥–∞-—Ç–æ —Å–ª—É–∂–∏–ª–∏ –ø—Ä–æ–º–µ–∂—É—Ç–æ—á–Ω–æ–π —á–∞—Å—Ç—å—é –º–µ–∂–¥—É –æ—Ç–∞–ø–ª–∏–≤–∞–µ–º–æ–π –∏ 
—Ö–æ–∑—è–π—Å—Ç–≤–µ–Ω–Ω–æ–π —á–∞—Å—Ç—å—é –¥–æ–º–∞. –ó–¥–µ—Å—å –∫–æ–≥–¥–∞-—Ç–æ –ª–µ–∂–∞–ª–∞ –Ω–µ—Ö–∏—Ç—Ä–∞—è –∫—Ä–µ—Å—Ç—å—è–Ω—Å–∫–∞—è 
—É—Ç–≤–∞—Ä—å, –Ω–æ —Å–µ–π—á–∞—Å —Ç–æ–ª—å–∫–æ –ø—ã–ª—å –∏ –≥—Ä—è–∑—å.

[1;33m[1;31m(–ª–µ—Ç–∏—Ç) –ú–æ–ª—å –ª–µ—Ç–∞–µ—Ç –∑–¥–µ—Å—å.
–ö–ª–æ–ø –ø–æ–ª–∑–∞–µ—Ç –∑–¥–µ—Å—å.
[0;0m
[0;32m143H[0;37m [0;32m99M[0;37m 6711–æ –ó–∞—É—á:0 –í—ã—Ö:–í–ó> ˇ˘–í—ã –ø–æ–ø–ª–µ–ª–∏—Å—å –Ω–∞ –≤–æ—Å—Ç–æ–∫.
[1;36m–ù–∞ –∫—Ä—ã–ª—å—Ü–µ [5100][0;37m
   –ü–æ–∫–æ—Å–∏–≤—à–µ–µ—Å—è –∫—Ä—ã–ª—å—Ü–æ —Å–∫—Ä–∏–ø–∏—Ç –ø–æ–¥ –Ω–æ–≥–∞–º–∏. –î–µ—Ä–µ–≤–æ –ø–æ—á–µ—Ä–Ω–µ–ª–æ –∏ –æ–±–ª—É–ø–∏–ª–æ—Å—å, –Ω–æ
—Å–æ—Ö—Ä–∞–Ω–∏–ª–æ –∫—Ä–µ–ø–æ—Å—Ç—å. –•–æ—Ç—å –∏ –º–æ–∂–Ω–æ –∑–¥–µ—Å—å –ø–æ—Å—Ç–æ—è—Ç—å, –Ω–æ –í–∞—Å –±–æ–ª—å—à–µ –∏–Ω—Ç–µ—Ä–µ—Å—É–µ—Ç —Å–∞–º
–∑–∞–±—Ä–æ—à–µ–Ω–Ω—ã–π –¥–æ–º. –•–æ—á–µ—Ç—Å—è –∑–∞–π—Ç–∏, –Ω–æ —Ö–æ–ª–æ–¥–æ–∫ –≤ –≥—Ä—É–¥–∏ –∑–∞—Å—Ç–∞–≤–ª—è–µ—Ç –ø–æ–¥—É–º–∞—Ç—å –Ω–∞–¥
—ç—Ç–∏–º —à–∞–≥–æ–º. 

[1;33m[1;31m–°—Ç—Ä–∞–Ω—Å—Ç–≤—É—é—â–∏–π —Ç–æ—Ä–≥–æ–≤–µ—Ü –º–µ–¥–ª–µ–Ω–Ω–æ –±—Ä–µ–¥–µ—Ç –º–∏–º–æ.
...–æ–∫—É—Ç–∞–Ω —Å–≤–µ—Ä–∫–∞—é—â–∏–º –∫–æ–∫–æ–Ω–æ–º 
–°–≤–µ—Ç–ª—è—á–æ–∫ –ø–æ–ª–∑–∞–µ—Ç –∑–¥–µ—Å—å.
–°–µ—Ä–∞—è –º—ã—à—å —é—Ä–∫–Ω—É–ª–∞ –∑–¥–µ—Å—å.
[0;0m
[0;32m143H[0;37m [0;32m99M[0;37m 6711–æ –ó–∞—É—á:0 –í—ã—Ö:–í–ó> ˇ˘–í—ã –ø–æ–ø–ª–µ–ª–∏—Å—å –Ω–∞ –≤–æ—Å—Ç–æ–∫.
[1;36m–ó–∞–±—Ä–æ—à–µ–Ω–Ω—ã–π –¥–æ–º [5023][0;37m
   –° –≤–∏–¥—É —Ö–æ—Ä–æ—à–∏–π –¥–æ–º —Å—Ç–æ–∏—Ç –Ω–∞ —Ü–µ–Ω—Ç—Ä–∞–ª—å–Ω–æ–π —É–ª–∏—Ü–µ —Å—Ä–µ–¥–∏ –±–æ–ª—å—à–∏—Ö –∏ –±–æ–≥–∞—Ç—ã—Ö
–¥–æ–º–æ–≤. –ó–∞–∫–æ–ª–æ—á–µ–Ω—ã —Å—Ç–∞–≤–Ω–∏, –∑–∞–ø—É—Å—Ç–µ–Ω—å–µ –≤–æ –¥–≤–æ—Ä–µ. –ß—Ç–æ –∑–∞ –Ω–∞–ø–∞—Å—Ç—å –∑–∞—Å—Ç–∞–≤–∏–ª–∞ 
—Ö–æ–∑—è–µ–≤ –ø–æ–∫–∏–Ω—É—Ç—å —Å–≤–æ–µ –∂–∏–ª–∏—â–µ –∏ –∏—Å–∫–∞—Ç—å –Ω–æ–≤–æ–µ –º–µ—Å—Ç–æ.

[1;33m[1;31m[0;0m
–î–µ—Ä–µ–≤–Ω—è —É —Ä–µ–∫–∏ (2-–∞—è —Ä–æ–¥–æ–≤–∞—è).

[0;32m143H[0;37m [0;32m98M[0;37m 6711–æ –ó–∞—É—á:0 –í—ã—Ö:–í–ó> ˇ˘–í—ã –ø–æ–ø–ª–µ–ª–∏—Å—å –Ω–∞ –≤–æ—Å—Ç–æ–∫.
[1;36m–ö —Ü–µ–Ω—Ç—Ä—É –¥–µ—Ä–µ–≤–Ω–∏ [5006][0;37m
   –ü–æ–Ω–µ–º–Ω–æ–≥—É –æ—Å—Ç–∞—é—Ç—Å—è –ø–æ–∑–∞–¥–∏ –≥–ª–∞–≤–Ω—ã–µ –¥–æ–º–∞ –¥–µ—Ä–µ–≤–Ω–∏, –∏ –≤–æ–∫—Ä—É–≥ –æ—Ç–∫—Ä—ã–≤–∞–µ—Ç—Å—è –æ–±—ã—á–Ω—ã–π
–¥–µ—Ä–µ–≤–µ–Ω—Å–∫–∏–π –≤–∏–¥. –ö—Ä–µ–ø–∫–∏–µ –¥–æ–º–∞ —Å –º–∞–ª–µ–Ω—å–∫–∏–º–∏ –æ–∫–Ω–∞–º–∏, –Ω–æ –Ω–µ–∏–∑–º–µ–Ω–Ω—ã–º–∏ —Ç—Ä—É–±–∞–º–∏
–ø–µ—á–µ–π. –ò–∑–≥–æ—Ä–æ–¥—å, —Å—Ç–æ—è—â–∞—è –∑–∞ –¥–æ–º–∞–º–∏ –≤–¥–æ–ª—å –ª–µ—Å–∞ –∏ –∑–∞—â–∏—â–∞—é—â–∞—è –¥–µ—Ä–µ–≤–Ω—é —Å —Ç—ã–ª–∞. 
–ù–µ—Ç–æ—Ä–æ–ø–ª–∏–≤—ã–π –ª—é–¥, –∏–¥—É—â–∏–π –ø–æ —Å–≤–æ–∏–º –∏–∑–≤–µ—á–Ω—ã–º –¥–µ–ª–∞–º.

[1;33m[1;31m[0;0m
[0;32m143H[0;37m [0;32m98M[0;37m 6711–æ –ó–∞—É—á:0 –í—ã—Ö:–°–í–Æ–ó> ˇ˘–í—ã –ø–æ–ø–ª–µ–ª–∏—Å—å –Ω–∞ —é–≥.
[1;36m–ü–µ—Ä–µ–¥ –ø–æ—Å—Ç–æ—è–ª—ã–º –¥–≤–æ—Ä–æ–º [5005][0;37m
   –ß—É—Ç—å –Ω–µ —Å–ø–æ—Ç–∫–Ω—É–≤—à–∏—Å—å –æ –¥–æ—Å–∫—É, –ª–µ–∂–∞—â—É—é —Å—Ä–∞–∑—É —É –ø–æ—Ä–æ–≥–∞ –ø–æ—Å—Ç–æ—è–ª–æ–≥–æ –¥–≤–æ—Ä–∞,
–≤—ã –æ–∫–∞–∑–∞–ª–∏—Å—å –Ω–∞ —Ü–µ–Ω—Ç—Ä–∞–ª—å–Ω–æ–π —É–ª–∏—Ü–µ –¥–µ—Ä–µ–≤–Ω–∏. –ò–º–µ–Ω–Ω–æ –Ω–∞ —ç—Ç–æ–π —É–ª–∏—Ü–µ –º–æ–∂–Ω–æ 
–±—ã—Å—Ç—Ä–æ –Ω–∞–π—Ç–∏ –ª–∞–≤–∫—É —Ä–µ–º–µ—Å–ª–µ–Ω–Ω–∏–∫–∞, –¥–æ–º –∑–Ω–∞—Ö–∞—Ä—è, –∫–æ–Ω—é—à–Ω—é –∏ –¥–æ–º —Å—Ç–∞—Ä–µ–π—à–∏–Ω—ã.
–í —é–∂–Ω–æ–π —á–∞—Å—Ç–∏ –¥–µ—Ä–µ–≤–Ω–∏ –ø–æ—Å–µ–ª–∏–ª–∏—Å—å –≤–æ—Ä–æ–∂–µ–∏.

[1;33m[1;31m[0;0m
[0;32m143H[0;37m [0;32m98M[0;37m 6711–æ –ó–∞—É—á:0 –í—ã—Ö:–°–í–Æ–ó> ˇ˘–í—ã –ø–æ–ø–ª–µ–ª–∏—Å—å –Ω–∞ –≤–æ—Å—Ç–æ–∫.
[1;36m–ü–æ—Å—Ç–æ—è–ª—ã–π –¥–≤–æ—Ä [5001][0;37m
   –î–µ—Ä–µ–≤–Ω—è —Ö–æ—Ç—å –∏ –Ω–µ–±–æ–ª—å—à–∞—è, –Ω–æ –ø–æ—Å—Ç–æ—è–ª—ã–π –¥–≤–æ—Ä –∏–º–µ–µ—Ç—Å—è, –¥–ª—è –∑–∞–µ–∑–∂–∏—Ö –≥–æ—Å—Ç–µ–π,
—á—Ç–æ–±—ã –±—ã–ª–æ –≥–¥–µ –ø–µ—Ä–µ–≤–µ—Å—Ç–∏ –¥—É—Ö, –µ–¥–æ–π –∏ –ø–∏—Ç—å–µ–º –∑–∞–ø–∞—Å—Ç–∏—Å—å. –ê –µ—Å–ª–∏ –Ω–∞ –¥–≤–æ—Ä–µ —É–∂
–Ω–æ—á—å –∏–ª—å –ø—Ä–æ—Å—Ç–æ –Ω–∞–¥–æ –æ—Å—Ç–∞–Ω–æ–≤–∏—Ç—Å—è –Ω–∞ –¥–µ–Ω—å –¥—Ä—É–≥–æ–π –≤ –¥–µ—Ä–µ–≤–Ω–µ, –∞ —Ä–æ–¥—Å—Ç–≤–µ–Ω–Ω–∏–∫–æ–≤
–Ω–µ—Ç, —Ç–∞–∫ –º–æ–∂–Ω–æ –∏ –ø–µ—Ä–µ–Ω–æ—á–µ–≤–∞—Ç—å –≤ –≥–æ—Ä–Ω–∏—Ü–∞—Ö –Ω–∞–≤–µ—Ä—Ö—É.

[1;33m[1;31m–°–µ–¥–æ–≤–ª–∞—Å—ã–π —Å–∫–∞–∑–∏—Ç–µ–ª—å –≥–æ—Ç–æ–≤ –ø–æ–¥–µ–ª–∏—Ç—å—Å—è —Å –í–∞–º–∏ –∏–Ω—Ç–µ—Ä–µ—Å–Ω–æ–π –∏—Å—Ç–æ—Ä–∏–µ–π.
–¢—Ä–∞–∫—Ç–∏—Ä—â–∏–∫ –æ—Ç–¥—ã—Ö–∞–µ—Ç –∑–∞ —Å—Ç–æ–π–∫–æ–π.
[0;0m
[0;32m143H[0;37m [0;32m97M[0;37m 6711–æ –ó–∞—É—á:0 –í—ã—Ö:–ó^> ˇ˘–í—ã –ø–æ–ø–ª–µ–ª–∏—Å—å –≤–≤–µ—Ä—Ö.
[1;36m–ö–æ–º–Ω–∞—Ç—ã –æ—Ç–¥—ã—Ö–∞ [5000][0;37m
   –•–æ–∑—è–∏–Ω —É—Å—Ç—Ä–æ–∏–ª –∑–¥–µ—Å—å –∫–æ–º–Ω–∞—Ç—ã –¥–ª—è –æ—Ç–¥—ã—Ö–∞. –õ—é–±–æ–π –∂–µ–ª–∞—é—â–∏–π –º–æ–∂–µ—Ç –æ—Å—Ç–∞–Ω–æ–≤–∏—Ç—å—Å—è
–∑–¥–µ—Å—å –∏ –ø–µ—Ä–µ–¥–æ—Ö–Ω—É—Ç—å –ø–æ—Å–ª–µ –¥–∞–ª—å–Ω–µ–π –¥–æ—Ä–æ–≥–∏. –°–≤–µ—Ç–ª—ã–µ –≥–æ—Ä–Ω–∏—Ü—ã —Ç–∞–∫ –∏ –ø—Ä–∏–≥–ª–∞—à–∞—é—Ç
–ø—Ä–æ–π—Ç–∏ –≤ –Ω–∏—Ö –∏ —Ä–∞—Å—Ç—è–Ω—É—Ç—å—Å—è –Ω–∞ –ø–µ—Ä–∏–Ω–µ, –Ω–∞ –ø—É—Ö–æ–≤–æ–π –¥–∞ –∑–∞–±—ã—Ç—å—Å—è —Å–Ω–æ–º –±–æ–≥–∞—Ç—ã—Ä—Å–∫–∏–º.
–ó–¥–µ—Å—å –∂–µ –º–æ–∂–Ω–æ –ø–æ–¥–æ–∂–¥–∞—Ç—å —Å–≤–æ–∏—Ö –∫–æ–º–ø–∞–Ω—å–æ–Ω–æ–≤ –ø–µ—Ä–µ–¥ –¥–æ–ª–≥–æ–π –¥–æ—Ä–æ–≥–æ–π, –ø–æ–≥–æ–≤–æ—Ä–∏—Ç—å
–æ –¥–∞–ª—å–Ω–µ–π—à–∏—Ö –ø–ª–∞–Ω–∞—Ö.
[1;32m–°–æ–≤—Å–µ–º –º–∞–ª—ã—Ö, –¥–∞ –Ω–µ –æ–±—É—á–µ–Ω–Ω—ã—Ö —Ç–∞–∫ –∏ —Ç—è–Ω–µ—Ç [1;33m–≤–æ–π—Ç–∏ [1;32m–≤ [1;33m—à–∫–æ–ª—É[1;32m.[0;0m

[1;33m–î–æ—Å–∫–∞ –¥–ª—è —Ä–∞–∑–ª–∏—á–Ω—ã—Ö –∑–∞–º–µ—Ç–æ–∫ –∏ –æ–±—ä—è–≤–ª–µ–Ω–∏–π –ø—Ä–∏–±–∏—Ç–∞ —Ç—É—Ç ..–±–ª–µ—Å—Ç–∏—Ç!
[1;31m–•–æ–∑—è–π–∫–∞ –ø–æ—Å—Ç–æ—è–ª–æ–≥–æ –¥–≤–æ—Ä–∞ —Ä–∞—Å–ø–æ—Ä—è–∂–∞–µ—Ç—Å—è –∑–¥–µ—Å—å.
[0;0m
[0;32m143H[0;37m [0;32m97M[0;37m 6711–æ –ó–∞—É—á:0 –í—ã—Ö:v> ˇ˘–•–æ–∑—è–π–∫–∞ —Å–∫–∞–∑–∞–ª–∞ –≤–∞–º : "–û–¥–µ—Ç—ã–π —Å–ø–∞—Ç—å –±—É–¥–µ—à—å? –•–º.. –ù—É —Å–º–æ—Ç—Ä–∏, —Ç–æ–≥–¥–∞ –¥–µ—à–µ–≤–ª–µ –≤–æ–∑—å–º—É"
[1;37m - 0 –∫—É–Ω (0 –µ—Å–ª–∏ —Å–Ω—è—Ç—å) –∑–∞ –ª–µ–≥–∫–∏–π –ª–∞—Ç–Ω—ã–π –¥–æ—Å–ø–µ—Ö [0;37m
[1;37m - 0 –∫—É–Ω (0 –µ—Å–ª–∏ —Å–Ω—è—Ç—å) –∑–∞ –ª–µ–≥–∫–∏–π –ª–∞—Ç–Ω—ã–π —à–ª–µ–º [0;37m
[1;37m - 0 –∫—É–Ω (0 –µ—Å–ª–∏ —Å–Ω—è—Ç—å) –∑–∞ –ª–µ–≥–∫–∏–µ –ª–∞—Ç–Ω—ã–µ –ø–æ–Ω–æ–∂–∏ [0;37m
[1;37m - 0 –∫—É–Ω (0 –µ—Å–ª–∏ —Å–Ω—è—Ç—å) –∑–∞ —Ö–æ–ª—â–æ–≤—ã–π –º–µ—à–æ–∫ [0;37m
[1;37m - 0 –∫—É–Ω (0 –µ—Å–ª–∏ —Å–Ω—è—Ç—å) –∑–∞ –¥–ª–∏–Ω–Ω—ã–π –±—Ä–æ–Ω–∑–æ–≤—ã–π –º–µ—á [0;37m
–•–æ–∑—è–π–∫–∞ —Å–∫–∞–∑–∞–ª–∞ –≤–∞–º : "–≠—Ç–æ —è –≤ —á—É–ª–∞–Ω–µ –∑–∞–ø—Ä—É:"
 - 0 –∫—É–Ω –∑–∞ –ª—É–∫–æ–≤–∏—Ü—É 
 - 0 –∫—É–Ω (0 –µ—Å–ª–∏ –Ω–∞–¥–µ—Ç—å) –∑–∞ —Å–≤–µ—á–∫—É 
 - 0 –∫—É–Ω –∑–∞ –∫–æ–∂–∞–Ω—É—é —Ñ–ª—è–≥—É 
–•–æ–∑—è–π–∫–∞ —Å–∫–∞–∑–∞–ª–∞ –≤–∞–º : "–í —Å—É–º–º–µ —ç—Ç–æ —Å–æ—Å—Ç–∞–≤–∏—Ç 0 –∫—É–Ω –≤ –¥–µ–Ω—å ."
–•–æ–∑—è–π–∫–∞ —Å–∫–∞–∑–∞–ª–∞ –≤–∞–º : "–¢–∞–∫ —É–∂ –∏ –±—ã—Ç—å, —è —Å–∫–æ—â—É —Ç–µ–±–µ –ø–æ–ª–æ–≤–∏–Ω—É."
–¢—ã —Å–º–æ–∂–µ—à—å –∂–∏—Ç—å —É –º–µ–Ω—è –¥–æ –≤—Ç–æ—Ä–æ–≥–æ –ø—Ä–∏—à–µ—Å—Ç–≤–∏—è.
–•–æ–∑—è–π–∫–∞ –∑–∞–ø–µ—Ä–ª–∞ –≤–∞—à–∏ –≤–µ—â–∏ –≤ —Å—É–Ω–¥—É–∫ –∏ –ø–æ–≤–µ–ª–∞ –≤ —Ç–µ—Å–Ω—É—é –∫–∞–º–æ—Ä–∫—É.

0) –û—Ç—Å–æ–µ–¥–∏–Ω–∏—Ç—å—Å—è.
1) –ù–∞—á–∞—Ç—å –∏–≥—Ä—É.
2) –í–≤–µ—Å—Ç–∏ –æ–ø–∏—Å–∞–Ω–∏–µ –≤–∞—à–µ–≥–æ –ø–µ—Ä—Å–æ–Ω–∞–∂–∞.
3) –£–∑–Ω–∞—Ç—å –∏—Å—Ç–æ—Ä–∏—é.
4) –ò–∑–º–µ–Ω–∏—Ç—å –ø–∞—Ä–æ–ª—å.
5) –£–¥–∞–ª–∏—Ç—å –ø–µ—Ä—Å–æ–Ω–∞–∂–∞.
6) –ò–∑–º–µ–Ω–∏—Ç—å –ø–∞—Ä–∞–º–µ—Ç—Ä—ã –ø–µ—Ä—Å–æ–Ω–∞–∂–∞.
7) –í–∫–ª—é—á–∏—Ç—å/–≤—ã–∫–ª—é—á–∏—Ç—å —Ä–µ–∂–∏–º —Å–ª–µ–ø–æ–≥–æ –∏–≥—Ä–æ–∫–∞.

   –ß–µ–≥–æ –≤–∞—à–∞ –¥—É—à–∞ –∂–µ–ª–∞–µ—Ç? ˇ˘
–î–æ –≤—Å—Ç—Ä–µ—á–∏ –Ω–∞ –∑–µ–º–ª–µ –ö–∏–µ–≤—Å–∫–æ–π.
–í —Å–ª—É—á–∞–µ –≤–∞—à–µ–≥–æ –æ—Ç—Å—É—Ç—Å—Ç–≤–∏—è –ø–µ—Ä—Å–æ–Ω–∞–∂ –±—É–¥–µ—Ç —Ö—Ä–∞–Ω–∏—Ç—å—Å—è –¥–æ 07:49:15 18 –ú–∞—Ä—Ç–∞ 2018 –≥–æ–¥–∞ –Ω–∞—à–µ–π —ç—Ä—ã :).
ˇ˘