ˇ˚Eˇ˚Vˇ˚U
Online: 116

Using keytable
  0) Koi-8
  1) Alt
  2) Windows(JMC,MMC)
  3) Windows(zMUD)
  4) Windows(zMUD 'z')
  5) UTF-8
  6) Windows(zMUD <6.39)
  9) TECT...
Select one :     
 -----------------------------------------------------------------------------                   
          Based On CircleMUD v3.0   Created by Jeremy Elson,   
          DikuMUD Gamma 0.0  by Sebastian Hammer, Michael Seifert, 
          Hans Henrik Staerfeldt, Tom Madsen, Katja Nyboe
 _____________________________________________________________________________

    #######
    ##    
    ##        ####    ####      ####  ####  ####  ####  ####  ####    ####
    #######    ######  ##     ## ##    ##  ####    ##    ##    ######  ##
    ##    ##   ##   ## ##    ##  ##    ####  ##    ########    ##   ## ##
    ##    ##   ##   ## ##    ##  ##    ###   ##    ##    ##    ##   ## ##
    #######   ####### ####  ###  ###  ####  ####  ####  ####  ####### ####

                   –ü–û –ü–†–ï–î–ê–ù–ò–Ø–ú –†–£–°–°–ö–ò–• –ù–ê–†–û–î–ù–´–• –°–ö–ê–ó–û–ö –ò –ë–´–õ–ò–ù.

             –ü–æ –∞–¥–º–∏–Ω–∏—Å—Ç—Ä–∞—Ç–∏–≤–Ω—ã–º –≤–æ–ø—Ä–æ—Å–∞–º –º–æ–∂–µ—Ç–µ —Å–≤—è–∑–∞—Ç—å—Å—è —Å –°—Ç—Ä–∏–±–æ–≥–æ–º
                	     e-mail: stribog@bylins.su

                       –ü–æ—Å–µ—Ç–∏—Ç–µ –Ω–∞—à —Å–∞–π—Ç: www.bylins.su
    –î–ª—è –±–æ–ª–µ–µ –ø–æ–¥—Ä–æ–±–Ω–æ–π –∏–≥—Ä–æ–≤–æ–π –∏–Ω—Ñ–æ—Ä–º–∞—Ü–∏–∏ –ø–æ—Å–µ—Ç–∏—Ç–µ www.bylins.su/?newbies

–í–≤–µ–¥–∏—Ç–µ –∏–º—è –ø–µ—Ä—Å–æ–Ω–∞–∂–∞ (–∏–ª–∏ "–Ω–æ–≤—ã–π" –¥–ª—è —Å–æ–∑–¥–∞–Ω–∏—è –Ω–æ–≤–æ–≥–æ): –ü–µ—Ä—Å–æ–Ω–∞–∂ —Å —Ç–∞–∫–∏–º –∏–º–µ–Ω–µ–º —É–∂–µ —Å—É—â–µ—Å—Ç–≤—É–µ—Ç. –í–≤–µ–¥–∏—Ç–µ –ø–∞—Ä–æ–ª—å : ˇ˘

–ü–æ—Å–ª–µ–¥–Ω–∏–π —Ä–∞–∑ –≤—ã –∑–∞—Ö–æ–¥–∏–ª–∏ –∫ –Ω–∞–º –≤ 04:24:48 21 –§–µ–≤—Ä–∞–ª—è 2020 –≥–æ–¥–∞ —Å –∞–¥—Ä–µ—Å–∞ (69.181.167.66).

* –í —Å–≤—è–∑–∏ —Å –ø—Ä–æ–±–ª–µ–º–∞–º–∏ –ø–µ—Ä–µ–≤–æ–¥–∞ —Ñ—Ä–∞–∑—ã ANYKEY –Ω–∞–∂–º–∏—Ç–µ ENTER *ˇ˘
  –î–æ–±—Ä–æ –ø–æ–∂–∞–ª–æ–≤–∞—Ç—å –Ω–∞ –∑–µ–º–ª—é –ö–∏–µ–≤—Å–∫—É—é, –±–æ–≥–∞—Ç—É—é –∏—Å—Ç–æ—Ä–∏–µ–π –∏ —Å–∞–º—ã–º–∏ –Ω–µ–≤–µ—Ä–æ—è—Ç–Ω—ã–º–∏
–ø—Ä–∏–∫–ª—é—á–µ–Ω–∏—è–º–∏. –í–æ–∑–º–æ–∂–Ω–æ, –≤–∞–º –æ–Ω–∏ –ø–æ–Ω—Ä–∞–≤—è—Ç—Å—è, –∏ –≤—ã —Å—Ç–∞–Ω–µ—Ç–µ –≤ –æ–¥–∏–Ω —Ä—è–¥ —Å –≥–µ—Ä–æ—è–º–∏
–¥–∞–≤–Ω–æ –º–∏–Ω—É–≤—à–∏—Ö –¥–Ω–µ–π.

[1;37m–í—ã –Ω–∞—Ö–æ–¥–∏–ª–∏—Å—å –Ω–∞ –ø–æ—Å—Ç–æ–µ 0.02 –¥–Ω–µ–π.
–í–∞—Å –ø—Ä–∏—à–ª–æ—Å—å —Ç–∞—â–∏—Ç—å –¥–æ –∫—Ä–æ–≤–∞—Ç–∏, –∑–∞ —ç—Ç–æ –ø–æ—Å—Ç–æ–π –±—ã–ª –¥–æ—Ä–æ–∂–µ.
–° –≤–∞—Å —Å–æ–¥—Ä–∞–ª–∏ 6 –∫—É–Ω –∑–∞ –ø–æ—Å—Ç–æ–π (296 –∫—É–Ω –≤ –¥–µ–Ω—å).[0;37m
[1;36m–ö–æ–º–Ω–∞—Ç–∞ –æ—Ç–¥—ã—Ö–∞ [6049][0;37m
   –ù–µ–±–æ–ª—å—à–∞—è –æ—Å–≤–µ—â–µ–Ω–Ω–∞—è –ª–∞–º–ø–∞–º–∏ –∫–æ–º–Ω–∞—Ç–∞. –û–∫–æ–ª–æ —Å—Ç–µ–Ω —Å—Ç–æ—è—Ç –Ω–µ–±–æ–ª—å—à–∏–µ –ª–µ–∂–∞–Ω–∫–∏,
–Ω–∞ –∫–æ—Ç–æ—Ä—ã–µ –º–æ–∂–Ω–æ –ø—Ä–∏–ª–µ—á—å. –ü–æ–ª —É—Å—Ç–µ–ª–µ–Ω —à–∫—É—Ä–∞–º–∏ —Ä–∞–∑–ª–∏—á–Ω—ã—Ö –∂–∏–≤–æ—Ç–Ω—ã—Ö, –≤—ã–ª–æ–∂–µ–Ω–Ω—ã—Ö
–≤ —Å–≤–æ–µ–æ–±—Ä–∞–∑–Ω—ã–π —É–∑–æ—Ä. –¢—É—Ç —Å–ø–æ–∫–æ–π–Ω–∞—è –∞—Ç–º–æ—Å—Ñ–µ—Ä–∞ –∏ –≤—ã –∑–∞–º–µ—á–∞–µ—Ç–µ, —á—Ç–æ –∑–¥–µ—Å—å –º–æ–∂–Ω–æ
–ø—Ä–µ–∫—Ä–∞—Å–Ω–æ –æ—Ç–¥–æ—Ö–Ω—É—Ç—å –∏ –ø–æ—Å–ø–∞—Ç—å. –í —Å–µ–≤–µ—Ä–Ω–æ–π —Å—Ç–µ–Ω–µ –≤–∏–¥–Ω–∞ –¥–≤–µ—Ä—å, –≤–µ–¥—É—â–∞—è
–≤ –æ—Ç–¥–µ–ª—å–Ω—ã–µ –ø–æ–∫–æ–∏.
[1;32m–°–æ–≤—Å–µ–º –º–∞–ª—ã—Ö, –¥–∞ –Ω–µ –æ–±—É—á–µ–Ω–Ω—ã—Ö —Ç–∞–∫ –∏ —Ç—è–Ω–µ—Ç [1;33m–≤–æ–π—Ç–∏ [1;32m–≤ [1;33m—à–∫–æ–ª—É[1;32m.[0;0m
[0;36m[ Exits: d ][0;37m
[1;33m–ú–∞–ª–µ–Ω—å–∫–∞—è –ª–æ–¥–∫–∞ –≤–∞–ª—è–µ—Ç—Å—è –∑–¥–µ—Å—å –¥–Ω–æ–º –≤–≤–µ—Ä—Ö.
–î–æ—Å–∫–∞ –¥–ª—è —Ä–∞–∑–ª–∏—á–Ω—ã—Ö –∑–∞–º–µ—Ç–æ–∫ –∏ –æ–±—ä—è–≤–ª–µ–Ω–∏–π –ø—Ä–∏–±–∏—Ç–∞ —Ç—É—Ç ..–±–ª–µ—Å—Ç–∏—Ç!
[1;31m–ù–µ–≤—ã—Å–æ–∫–∏–π –º–æ–ª–æ–¥–æ–π –ø–∞—Ä–µ–Ω—å —Å—Ç–æ–∏—Ç –æ–∫–æ–ª–æ –¥–≤–µ—Ä–∏.
[0;0m
–°—Ç–µ–ø–Ω–∞—è –¥–µ—Ä–µ–≤–Ω—è (3-—è —Ä–æ–¥–æ–≤–∞—è).

[0;32m463H[0;37m [0;32m142M[0;37m 16818–æ –ó–∞—É—á:0 –í—ã—Ö:v> ˇ˘–í—ã –Ω–µ –≤–∏–¥–∏—Ç–µ –Ω–∏—á–µ–≥–æ –ø–æ—Ö–æ–∂–µ–≥–æ –Ω–∞ '—Ö' –≤ —Ö–æ–ª—â–æ–≤–æ–º –º–µ—à–∫–µ.

[0;32m463H[0;37m [0;32m142M[0;37m 16818–æ –ó–∞—É—á:0 –í—ã—Ö:v> ˇ˘–í—ã –Ω–µ—Å–µ—Ç–µ:
–¥—ã—Ä—è–≤–∞—è —à–ª—è–ø–∞  [1;37m<–≤–µ–ª–∏–∫–æ–ª–µ–ø–Ω–æ>[0;37m
–º–∞–ª—ã–π –º–µ—Ö  [1;37m<–≤–µ–ª–∏–∫–æ–ª–µ–ø–Ω–æ>[0;37m
—Ö–æ–ª—â–æ–≤—ã–π –º–µ—à–æ–∫  [1;37m<–≤–µ–ª–∏–∫–æ–ª–µ–ø–Ω–æ>[0;37m (–µ—Å—Ç—å —Å–æ–¥–µ—Ä–∂–∏–º–æ–µ)

[0;32m463H[0;37m [0;32m142M[0;37m 16818–æ –ó–∞—É—á:0 –í—ã—Ö:v> ˇ˘–ü—Ä–æ—Å—Ç–æ–π —Ö–æ–ª—â–æ–≤—ã–π –º–µ—à–æ–∫ —Å –ª—è–º–∫–æ–π, —á—Ç–æ–± –≤–µ—à–∞—Ç—å –Ω–∞ –ø–ª–µ—á–æ.

–ú–æ–∂–Ω–æ –Ω–∞–¥–µ—Ç—å –Ω–∞ –ø–ª–µ—á–∏.
–ú–æ–∂–Ω–æ –Ω–∞–¥–µ—Ç—å –Ω–∞ –ø–æ—è—Å.
–°–æ—Å—Ç–æ—è–Ω–∏–µ: —Å—Ä–µ–¥–Ω–µ.
—Ö–æ–ª—â–æ–≤—ã–π –º–µ—à–æ–∫(–≤ —Ä—É–∫–∞—Ö)
–ó–∞–ø–æ–ª–Ω–µ–Ω —Å–æ–¥–µ—Ä–∂–∏–º—ã–º –º–µ–Ω—å—à–µ, —á–µ–º –Ω–∞ —á–µ—Ç–≤–µ—Ä—Ç—å :
–±—Ä–æ–Ω–∑–æ–≤—ã–π —Å—Ç–∏–ª–µ—Ç  [1;32m<–æ—á–µ–Ω—å —Ö–æ—Ä–æ—à–æ>[0;37m

[0;32m463H[0;37m [0;32m142M[0;37m 16818–æ –ó–∞—É—á:0 –í—ã—Ö:v> ˇ˘–í—ã –ø–æ–ø–ª–µ–ª–∏—Å—å –≤–Ω–∏–∑.
[1;36m–í —Ç—Ä–∞–∫—Ç–∏—Ä–µ [6000][0;37m
   –í –¥–æ–º–µ –≤–µ—Å—å–º–∞ —É—é—Ç–Ω–æ –∏ —Ç–µ–ø–ª–æ. –£ –¥–∞–ª—å–Ω–µ–π —Å—Ç–µ–Ω–∫–∏ —Å–ª–æ–∂–µ–Ω –Ω–µ–±–æ–ª—å—à–æ–π –æ—á–∞–≥
–∏–∑ –æ–±–æ–∂–∂–µ–Ω–Ω—ã—Ö –≥–ª–∏–Ω—è–Ω—ã—Ö –∫–∏—Ä–ø–∏—á–µ–π. –í–≤–µ—Ä—Ö –≤–µ–¥–µ—Ç –ª–µ—Å—Ç–Ω–∏—Ü–∞ –∫ –∫–æ–º–Ω–∞—Ç–µ –¥–ª—è –æ—Ç–¥—ã—Ö–∞.
–ó–∞ –Ω–µ–±–æ–ª—å—à–∏–º–∏ —Å—Ç–æ–ª–∏–∫–∞–º–∏ —Å–∏–¥—è—Ç –º–µ—Å—Ç–Ω—ã–µ –∂–∏—Ç–µ–ª–∏, –æ–±–º–µ–Ω–∏–≤–∞—é—â–∏–µ—Å—è –Ω–æ–≤–æ—Å—Ç—è–º–∏ –∏
—Å–ª—É—Ö–∞–º–∏. –ü—Ä–∏—è—Ç–Ω—ã–µ –∑–∞–ø–∞—Ö–∏ —â–µ–∫–æ—á—É—Ç –≤–∞–º –Ω–æ—Å, –∂–µ–ª—É–¥–æ–∫ –Ω–∞–ø–æ–º–∏–Ω–∞–µ—Ç –≤–∞–º, —á—Ç–æ –≤—ã
–ø—Ä–æ–¥–µ–ª–∞–ª–∏ –¥–æ–ª–≥–∏–π –ø—É—Ç—å, –Ω–æ–≥–∏ —Ç–∞–∫ –∏ –ø—Ä–æ—Å—è—Ç—Å—è –ø—Ä–∏—Å–µ—Å—Ç—å –Ω–∞ –∫–∞–∫–æ–π-–Ω–∏–±—É–¥—å —Å—Ç—É–ª.
[0;36m[ Exits: n u ][0;37m
[1;33m[1;31m–ù–µ–≤—ã—Å–æ–∫–∏–π —Å–µ–¥–æ–π –º—É–∂—á–∏–Ω–∞ —Å—Ç–æ–∏—Ç –∑–¥–µ—Å—å.
[0;0m
[0;32m463H[0;37m [0;32m141M[0;37m 16818–æ –ó–∞—É—á:0 –í—ã—Ö:–°^> ˇ˘[1;36m–¢—Ä–∞–∫—Ç–∏—Ä—â–∏–∫ —Å–∫–∞–∑–∞–ª –≤–∞–º : '–≠—Ç–æ –±—É–¥–µ—Ç —Å—Ç–æ–∏—Ç—å 10 –∫—É–Ω.'[0;37m
–¢–µ–ø–µ—Ä—å –≤—ã —Å—Ç–∞–ª–∏ —Å—á–∞—Å—Ç–ª–∏–≤—ã–º –æ–±–ª–∞–¥–∞—Ç–µ–ª–µ–º –ª–æ–º—Ç—è —Ö–ª–µ–±–∞ (x 10 —à—Ç—É–∫).

[0;32m463H[0;37m [0;32m142M[0;37m 16818–æ –ó–∞—É—á:0 –í—ã—Ö:–°^> ˇ˘–í—ã —Å—ä–µ–ª–∏ –ª–æ–º–æ—Ç—å —Ö–ª–µ–±–∞.
–í—ã –≥–æ—Ç–æ–≤—ã —Å–æ–∂—Ä–∞—Ç—å –±—ã–∫–∞.

[0;32m463H[0;37m [0;32m142M[0;37m 16818–æ –ó–∞—É—á:0 –í—ã—Ö:–°^> ˇ˘–í—ã —Å—ä–µ–ª–∏ –ª–æ–º–æ—Ç—å —Ö–ª–µ–±–∞.
–í—ã –æ—á–µ–Ω—å –≥–æ–ª–æ–¥–Ω—ã.

[0;32m463H[0;37m [0;32m142M[0;37m 16818–æ –ó–∞—É—á:0 –í—ã—Ö:–°^> ˇ˘–í—ã —Å—ä–µ–ª–∏ –ª–æ–º–æ—Ç—å —Ö–ª–µ–±–∞.
–í—ã –æ—á–µ–Ω—å –≥–æ–ª–æ–¥–Ω—ã.

[0;32m463H[0;37m [0;32m142M[0;37m 16818–æ –ó–∞—É—á:0 –í—ã—Ö:–°^> ˇ˘–í—ã —Å—ä–µ–ª–∏ –ª–æ–º–æ—Ç—å —Ö–ª–µ–±–∞.
–í—ã –≥–æ–ª–æ–¥–Ω—ã.

[0;32m463H[0;37m [0;32m142M[0;37m 16818–æ –ó–∞—É—á:0 –í—ã—Ö:–°^> ˇ˘–í—ã —Å—ä–µ–ª–∏ –ª–æ–º–æ—Ç—å —Ö–ª–µ–±–∞.

[0;32m463H[0;37m [0;32m142M[0;37m 16818–æ –ó–∞—É—á:0 –í—ã—Ö:–°^> ˇ˘–í—ã —Å—ä–µ–ª–∏ –ª–æ–º–æ—Ç—å —Ö–ª–µ–±–∞.

[0;32m463H[0;37m [0;32m142M[0;37m 16818–æ –ó–∞—É—á:0 –í—ã—Ö:–°^> ˇ˘–í—ã —Å—ä–µ–ª–∏ –ª–æ–º–æ—Ç—å —Ö–ª–µ–±–∞.

[0;32m463H[0;37m [0;32m142M[0;37m 16818–æ –ó–∞—É—á:0 –í—ã—Ö:–°^> ˇ˘–í—ã —Å—ä–µ–ª–∏ –ª–æ–º–æ—Ç—å —Ö–ª–µ–±–∞.
–í—ã –Ω–∞–µ–ª–∏—Å—å.

[0;32m463H[0;37m [0;32m142M[0;37m 16818–æ –ó–∞—É—á:0 –í—ã—Ö:–°^> ˇ˘–í—ã —Å–ª–∏—à–∫–æ–º —Å—ã—Ç—ã –¥–ª—è —ç—Ç–æ–≥–æ!

[0;32m463H[0;37m [0;32m142M[0;37m 16818–æ –ó–∞—É—á:0 –í—ã—Ö:–°^> ˇ˘–í—ã –ø–æ–ª–æ–∂–∏–ª–∏ –ª–æ–º–æ—Ç—å —Ö–ª–µ–±–∞ –≤ —Ö–æ–ª—â–æ–≤—ã–π –º–µ—à–æ–∫.
–í—ã –ø–æ–ª–æ–∂–∏–ª–∏ –ª–æ–º–æ—Ç—å —Ö–ª–µ–±–∞ –≤ —Ö–æ–ª—â–æ–≤—ã–π –º–µ—à–æ–∫.

[0;32m463H[0;37m [0;32m142M[0;37m 16818–æ –ó–∞—É—á:0 –í—ã—Ö:–°^> ˇ˘–í—ã –≤—ã–ø–∏–ª–∏ –≤–æ–¥—ã –∏–∑ –º–∞–ª–æ–≥–æ –º–µ—Ö–∞.
–í—ã –Ω–µ —á—É–≤—Å—Ç–≤—É–µ—Ç–µ –∂–∞–∂–¥—ã.

[0;32m463H[0;37m [0;32m142M[0;37m 16818–æ –ó–∞—É—á:0 –í—ã—Ö:–°^> ˇ˘–ù–∞ –≤–∞—Å –Ω–∞–¥–µ—Ç–æ:
<–ø—Ä–∞–≤—ã–π —É–∫–∞–∑–∞—Ç–µ–ª—å–Ω—ã–π –ø–∞–ª–µ—Ü> –æ–±—Å–∏–¥–∏–∞–Ω–æ–≤–æ–µ –∫–æ–ª—å—Ü–æ  [1;37m<–≤–µ–ª–∏–∫–æ–ª–µ–ø–Ω–æ>[0;37m
<–Ω–∞ —à–µ–µ>                    –∫–æ—à–∞—á—å—è —à–∫—É—Ä–∞  [1;37m<–≤–µ–ª–∏–∫–æ–ª–µ–ø–Ω–æ>[0;37m
<–Ω–∞ —Ç–µ–ª–µ>                   –ª–µ–≥–∫–∏–π –ª–∞—Ç–Ω—ã–π –¥–æ—Å–ø–µ—Ö  [0;32m<—Ö–æ—Ä–æ—à–æ>[0;37m
<–Ω–∞ –Ω–æ–≥–∞—Ö>                  –ª–µ–≥–∫–∏–µ –ª–∞—Ç–Ω—ã–µ –ø–æ–Ω–æ–∂–∏  [0;32m<—Ö–æ—Ä–æ—à–æ>[0;37m
<–Ω–∞ —Å—Ç—É–ø–Ω—è—Ö>                –¥—Ä–∞–Ω—ã–µ —Å–∞–ø–æ–≥–∏  [1;32m<–æ—á–µ–Ω—å —Ö–æ—Ä–æ—à–æ>[0;37m
<–Ω–∞ –∫–∏—Å—Ç—è—Ö>                 –º–µ—Ö–æ–≤—ã–µ —Ä—É–∫–∞–≤–∏—Ü—ã  [1;37m<–≤–µ–ª–∏–∫–æ–ª–µ–ø–Ω–æ>[0;37m
<–Ω–∞ —Ä—É–∫–∞—Ö>                  –ª–µ–≥–∫–∏–µ –ª–∞—Ç–Ω—ã–µ –Ω–∞—Ä—É—á–∏  [0;32m<—Ö–æ—Ä–æ—à–æ>[0;37m
<–Ω–∞ –ø–ª–µ—á–∞—Ö>                 –ª–µ–≥–∫–∏–µ –ª–∞—Ç–Ω—ã–µ –Ω–∞–ø–ª–µ—á–Ω–∏–∫–∏  [1;32m<–æ—á–µ–Ω—å —Ö–æ—Ä–æ—à–æ>[0;37m
<–Ω–∞ –ø–æ—è—Å–µ>                  –¥–æ—Ä–æ–∂–Ω–∞—è –∫–æ—Ç–æ–º–∫–∞  [1;37m<–≤–µ–ª–∏–∫–æ–ª–µ–ø–Ω–æ>[0;37m (–ø—É—Å—Ç–∞)
<–Ω–∞ –ø—Ä–∞–≤–æ–º –∑–∞–ø—è—Å—Ç—å–µ>        —Ö–æ—Ö–æ–ª–æ–∫ –∫—É–∫—É—à–∫–∏  [1;37m<–≤–µ–ª–∏–∫–æ–ª–µ–ø–Ω–æ>[0;37m
<–Ω–∞ –ª–µ–≤–æ–º –∑–∞–ø—è—Å—Ç—å–µ>         —Ö–æ—Ö–æ–ª–æ–∫ –∫—É–∫—É—à–∫–∏  [0;32m<—Ö–æ—Ä–æ—à–æ>[0;37m
<–≤ –ø—Ä–∞–≤–æ–π —Ä—É–∫–µ>             –∫—Ä–µ–ø–∫–∞—è –ø–∞–ª–∫–∞  [1;37m<–≤–µ–ª–∏–∫–æ–ª–µ–ø–Ω–æ>[0;37m
<–≤ –ª–µ–≤–æ–π —Ä—É–∫–µ>              –º–∞–ª–µ–Ω—å–∫–∞—è —Ç—è–ø–∫–∞  [1;32m<–æ—á–µ–Ω—å —Ö–æ—Ä–æ—à–æ>[0;37m

[0;32m463H[0;37m [0;32m142M[0;37m 16818–æ –ó–∞—É—á:0 –í—ã—Ö:–°^> ˇ˘–°–µ–π—á–∞—Å 9 —á–∞—Å–æ–≤ –≤–µ—á–µ—Ä–∞, –ü—è—Ç–Ω–∏—Ü–∞, –Ω–æ—á—å.
–†–∞–º—Ö–∞—Ç - –ú–µ—Å—è—Ü –ë–æ–∂–µ—Å—Ç–≤–µ–Ω–Ω–æ–≥–æ –ù–∞—á–∞–ª–∞, 22–π –î–µ–Ω—å, –ì–æ–¥ 898, –æ—Å–µ–Ω—å.

[0;32m463H[0;37m [0;32m142M[0;37m 16818–æ –ó–∞—É—á:0 –í—ã—Ö:–°^> ˇ˘–í—ã –ø–æ–ø–ª–µ–ª–∏—Å—å –Ω–∞ —Å–µ–≤–µ—Ä.
[1;36m–ü–µ—Ä–µ–¥ —Ç—Ä–∞–∫—Ç–∏—Ä–æ–º [6001][0;37m
   –í—ã –≤—ã—à–ª–∏ –∫ –Ω–µ–±–æ–ª—å—à–æ–º—É –¥–æ–º—É, –ø–æ—Å—Ç—Ä–æ–µ–Ω–Ω–æ–º—É –∏–∑ —Ç–æ–ª—Å—Ç—ã—Ö –±—Ä–µ–≤–µ–Ω. –ò–∑ –ø—Ä–∏–æ—Ç–∫—Ä—ã—Ç–æ–π
–¥–≤–µ—Ä–∏ –ø–æ—Ç—è–Ω—É–ª–∏—Å—å –º–∞–Ω—è—â–∏–µ –∑–∞–ø–∞—Ö–∏. –í–∞–º –Ω–µ —Ç–µ—Ä–ø–∏—Ç—Å—è –≤–æ–π—Ç–∏ –ø–æ—Å–∫–æ—Ä–µ–µ –≤–Ω—É—Ç—Ä—å.
–û–∫–æ–ª–æ –¥–≤–µ—Ä–∏ —Å—Ç–æ–∏—Ç —Å–æ —Å–∫—É—á–∞—é—â–∏–º –≤–∏–¥–æ–º –º–µ—Å—Ç–Ω—ã–π –≤—ã—à–∏–±–∞–ª–∞. –ü—Ä–∏ –≤–∞—à–µ–º –ø—Ä–∏–±–ª–∏–∂–µ–Ω–∏–∏
–æ–Ω –Ω–∞—Å—Ç–æ—Ä–æ–∂–∏–ª—Å—è –∏ –Ω–µ–¥–æ–±—Ä–æ –ø—Ä–∏—â—É—Ä–∏–ª—Å—è. –ó–¥–µ—Å—å –Ω–µ –ª—é–±—è—Ç –¥–µ–±–æ—à–∏—Ä–æ–≤.
[0;36m[ Exits: e s w ][0;37m
[1;33m[1;31m–ú–æ–ª–æ–¥–æ–π –æ—Ö—Ä–∞–Ω–Ω–∏–∫ —Å –∫–æ–ø–Ω–æ–π —á–µ—Ä–Ω—ã—Ö –≤–æ–ª–æ—Å —Å—Ç–æ–∏—Ç –∑–¥–µ—Å—å.
–û–±–ª–µ–∑–ª—ã–π –ø–µ—Å –ø–æ–Ω—É—Ä–æ –±—Ä–µ–¥–µ—Ç –∑–¥–µ—Å—å.
–®–∏—Ä–æ–∫–æ–ø–ª–µ—á–∏–π –æ—Ö—Ä–∞–Ω–Ω–∏–∫ —Å—Ç–æ–∏—Ç –∑–¥–µ—Å—å.
[0;0m
[0;32m463H[0;37m [0;32m141M[0;37m 16818–æ –ó–∞—É—á:0 –í—ã—Ö:–í–Æ–ó> ˇ˘–í—ã –ø–æ–ø–ª–µ–ª–∏—Å—å –Ω–∞ –∑–∞–ø–∞–¥.
[1;36m–ù–µ–±–æ–ª—å—à–∞—è —É–ª–æ—á–∫–∞ [6002][0;37m
   –í—ã –∏–¥–µ—Ç–µ –ø–æ —Ü–µ–Ω—Ç—Ä–∞–ª—å–Ω–æ–π —É–ª–∏—Ü–µ, –≤ –æ—Ç–ª–∏—á–∏–µ –æ—Ç –¥—Ä—É–≥–∏—Ö –æ—á–∏—â–µ–Ω–Ω–æ–π –æ—Ç –º—É—Å–æ—Ä–∞.
–ù–∞ —é–≥–æ-–≤–æ—Å—Ç–æ–∫–µ –≤–∏–¥–Ω–µ–µ—Ç—Å—è –∫—Ä–µ–ø–∫–∏–π –¥–æ–º, –∏–∑ —Ç—Ä—É–±—ã –∫–æ—Ç–æ—Ä–æ–≥–æ –ø–æ–¥–Ω–∏–º–∞–µ—Ç—Å—è
—Å–∏–∑—ã–π –¥—ã–º–æ–∫. –ú–µ—Å—Ç–Ω—ã–µ –∂–∏—Ç–µ–ª–∏ —Å –∏–Ω—Ç–µ—Ä–µ—Å–æ–º –∏ –Ω–µ–¥–æ–≤–µ—Ä–∏–µ–º –ø–æ—Å–º–∞—Ç—Ä–∏–≤–∞—é—Ç –Ω–∞ –≤–∞—Å.
[0;36m[ Exits: e w ][0;37m
[1;33m[1;31m–°–µ–ª—è–Ω–∏–Ω –∏–¥–µ—Ç —Å –ø–æ–ª—è –¥–æ–º–æ–π.
[0;0m
[0;32m463H[0;37m [0;32m141M[0;37m 16818–æ –ó–∞—É—á:0 –í—ã—Ö:–í–ó> ˇ˘–í—ã –ø–æ–ø–ª–µ–ª–∏—Å—å –Ω–∞ –∑–∞–ø–∞–¥.
[1;36m–¶–µ–Ω—Ç—Ä–∞–ª—å–Ω—ã–π –ø–µ—Ä–µ–∫—Ä–µ—Å—Ç–æ–∫ [6003][0;37m
   –û—Å–º–æ—Ç—Ä–µ–≤—à–∏—Å—å –ø–æ —Å—Ç–æ—Ä–æ–Ω–∞–º, –≤—ã –∑–∞–º–µ—Ç–∏–ª–∏, —á—Ç–æ —É–ª–∏—Ü–∞ —Ä–∞–∑–¥–µ–ª—è–µ—Ç—Å—è –Ω–∞ –¥–≤–∞
–Ω–∞–ø—Ä–∞–≤–ª–µ–Ω–∏—è. –ù–∞ –≤–æ—Å—Ç–æ–∫–µ –≤–∏–¥–Ω–µ–µ—Ç—Å—è –¥–æ–±—Ä–æ—Ç–Ω—ã–π –¥–æ–º, –Ω–∞ –∑–∞–ø–∞–¥ –∂–µ —É–ª–∏—Ü–∞ –≤–µ–¥–µ—Ç
–∫ —Ç–æ—Ä–≥–æ–≤–æ–π —É–ª–∏—Ü–µ. –ü—Ä—è–º–æ –ø–µ—Ä–µ–¥ –≤–∞–º–∏ –Ω–∞ —é–≥–µ —Å—Ç–æ–∏—Ç –∫—Ä–∞—Å–∏–≤—ã–π –¥–æ–º —Å –º–∞—Å—Å–∏–≤–Ω–æ–π
–¥–≤–µ—Ä—å—é.
[0;36m[ Exits: n e s w ][0;37m
[1;33m[1;31m–ú–∞–ª—å—á–∏–∫ –∏–¥–µ—Ç –ø–æ —É–ª–∏—Ü–µ.
–û–±–ª–µ–∑–ª—ã–π –ø–µ—Å –ø–æ–Ω—É—Ä–æ –±—Ä–µ–¥–µ—Ç –∑–¥–µ—Å—å.
–û–±–ª–µ–∑–ª—ã–π –ø–µ—Å –ø–æ–Ω—É—Ä–æ –±—Ä–µ–¥–µ—Ç –∑–¥–µ—Å—å.
[0;0m
[0;32m463H[0;37m [0;32m140M[0;37m 16818–æ –ó–∞—É—á:0 –í—ã—Ö:–°–í–Æ–ó> ˇ˘–í—ã –ø–æ–ø–ª–µ–ª–∏—Å—å –Ω–∞ —é–≥.
[1;36m–ì—Ä–∏–¥–Ω—è [6004][0;37m
   –í–æ–π–¥—è –≤ –¥–æ–º, –≤—ã –∑–∞–º–µ—Ç–∏–ª–∏, —á—Ç–æ –æ–Ω –≤—ã–≥–ª—è–¥–∏—Ç –ª—É—á—à–µ, —á–µ–º –≤—Å–µ –¥—Ä—É–≥–∏–µ. –û–∫–æ–ª–æ
—Å—Ç–µ–Ω—ã —Å—Ç–æ–∏—Ç –±–æ–ª—å—à–∞—è –ª–µ–∂–∞–Ω–∫–∞, –≤ —É–≥–ª—É –∞–∫–∫—É—Ä–∞—Ç–Ω–æ —Å–ª–æ–∂–µ–Ω –æ—á–∞–≥ –∏–∑ –æ–±–æ–∂–µ–Ω–Ω–æ–π
–≥–ª–∏–Ω—ã. –í–¥–æ–ª—å —Å—Ç–µ–Ω—ã —Å—Ç–æ–∏—Ç –¥–æ–±—Ä–æ—Ç–Ω—ã–π –º–∞—Å—Å–∏–≤–Ω—ã–π —à–∫–∞—Ñ.
[0;36m[ Exits: n ][0;37m
[1;33m–í–∞—à –ø–æ—Ö–æ–¥–Ω—ã–π —Å—É–Ω–¥—É—á–æ–∫ —Å—Ç–æ–∏—Ç –∑–¥–µ—Å—å.
[1;31m–ó—Ä–µ–ª–∞—è –∂–µ–Ω—â–∏–Ω–∞ –ø—Ä–∏—Å–µ–ª–∞ –Ω–∞ –ª–µ–∂–∞–Ω–∫—É –æ—Ç–¥–æ—Ö–Ω—É—Ç—å.
[0;0m
[0;32m463H[0;37m [0;32m141M[0;37m 16818–æ –ó–∞—É—á:0 –í—ã—Ö:–°> ˇ˘–í—ã –ø–æ–ø–ª–µ–ª–∏—Å—å –Ω–∞ —Å–µ–≤–µ—Ä.
[1;36m–¶–µ–Ω—Ç—Ä–∞–ª—å–Ω—ã–π –ø–µ—Ä–µ–∫—Ä–µ—Å—Ç–æ–∫ [6003][0;37m
   –û—Å–º–æ—Ç—Ä–µ–≤—à–∏—Å—å –ø–æ —Å—Ç–æ—Ä–æ–Ω–∞–º, –≤—ã –∑–∞–º–µ—Ç–∏–ª–∏, —á—Ç–æ —É–ª–∏—Ü–∞ —Ä–∞–∑–¥–µ–ª—è–µ—Ç—Å—è –Ω–∞ –¥–≤–∞
–Ω–∞–ø—Ä–∞–≤–ª–µ–Ω–∏—è. –ù–∞ –≤–æ—Å—Ç–æ–∫–µ –≤–∏–¥–Ω–µ–µ—Ç—Å—è –¥–æ–±—Ä–æ—Ç–Ω—ã–π –¥–æ–º, –Ω–∞ –∑–∞–ø–∞–¥ –∂–µ —É–ª–∏—Ü–∞ –≤–µ–¥–µ—Ç
–∫ —Ç–æ—Ä–≥–æ–≤–æ–π —É–ª–∏—Ü–µ. –ü—Ä—è–º–æ –ø–µ—Ä–µ–¥ –≤–∞–º–∏ –Ω–∞ —é–≥–µ —Å—Ç–æ–∏—Ç –∫—Ä–∞—Å–∏–≤—ã–π –¥–æ–º —Å –º–∞—Å—Å–∏–≤–Ω–æ–π
–¥–≤–µ—Ä—å—é.
[0;36m[ Exits: n e s w ][0;37m
[1;33m[1;31m–ú–∞–ª—å—á–∏–∫ –∏–¥–µ—Ç –ø–æ —É–ª–∏—Ü–µ.
–û–±–ª–µ–∑–ª—ã–π –ø–µ—Å –ø–æ–Ω—É—Ä–æ –±—Ä–µ–¥–µ—Ç –∑–¥–µ—Å—å.
[0;0m
[0;32m463H[0;37m [0;32m141M[0;37m 16818–æ –ó–∞—É—á:0 –í—ã—Ö:–°–í–Æ–ó> ˇ˘–í—ã –ø–æ–ø–ª–µ–ª–∏—Å—å –Ω–∞ –∑–∞–ø–∞–¥.
[1;36m–¶–µ–Ω—Ç—Ä–∞–ª—å–Ω–∞—è —É–ª–∏—Ü–∞ [6007][0;37m
   –í—ã –∏–¥–µ—Ç–µ –ø–æ —à–∏—Ä–æ–∫–æ–π, —á–∏—Å—Ç–æ–π —É–ª–∏—Ü–µ, –≤–µ–¥—É—â–µ–π –∫ —Ç–æ—Ä–≥–æ–≤–æ–π –ø–ª–æ—â–∞–¥–∏. –ñ–∏—Ç–µ–ª–∏,
–ø—Ä–æ—Ö–æ–¥—è—â–∏–µ –º–∏–º–æ –≤–∞—Å, –Ω–µ –æ–±—Ä–∞—â–∞—é—Ç –Ω–∞ –≤–∞—Å –Ω–∏–∫–∞–∫–æ–≥–æ –≤–Ω–∏–º–∞–Ω–∏—è. –í–∏–¥–Ω–æ, —Ç–∞–∫–∏–µ
–∫–∞–∫ –≤—ã, –∑–∞–µ–∑–∂–∞—é—Ç —Å—é–¥–∞ –¥–æ–≤–æ–ª—å–Ω–æ —á–∞—Å—Ç–æ.
[0;36m[ Exits: e w ][0;37m
[1;33m[1;31m–ú–æ–ª–æ–¥–∞—è —Å–µ–ª—è–Ω–∫–∞ —Ä–∞–∑–≥—É–ª–∏–≤–∞–µ—Ç –ø–æ —É–ª–∏—Ü–∞–º.
[0;0m
[0;32m463H[0;37m [0;32m141M[0;37m 16818–æ –ó–∞—É—á:0 –í—ã—Ö:–í–ó> ˇ˘–í—ã –ø–æ–ø–ª–µ–ª–∏—Å—å –Ω–∞ –∑–∞–ø–∞–¥.
[1;36m–¶–µ–Ω—Ç—Ä–∞–ª—å–Ω–∞—è —É–ª–∏—Ü–∞ [6008][0;37m
   –í—ã –∑–∞–º–µ—Ç–∏–ª–∏, —á—Ç–æ –Ω–∞ —é–≥ –æ—Ç—Ö–æ–¥–∏—Ç –≥—Ä—è–∑–Ω—ã–π –ø—Ä–æ—É–ª–æ–∫, –æ—Ç–∫—É–¥–∞ –¥–æ–ª–µ—Ç–∞—é—Ç
—Ç–æ—à–Ω–æ—Ç–≤–æ—Ä–Ω—ã–µ –∑–∞–ø–∞—Ö–∏. –¶–µ–Ω—Ç—Ä–∞–ª—å–Ω–∞—è –∂–µ —É–ª–∏—Ü–∞ –ø—Ä–æ–¥–æ–ª–∂–∞–µ—Ç—Å—è –¥–∞–ª—å—à–µ –Ω–∞ –≤–æ—Å—Ç–æ–∫
–∏ –∑–∞–ø–∞–¥.
[0;36m[ Exits: e s w ][0;37m
[1;33m[1;31m[0;0m
[0;32m463H[0;37m [0;32m140M[0;37m 16818–æ –ó–∞—É—á:0 –í—ã—Ö:–í–Æ–ó> ˇ˘–í—ã –ø–æ–ø–ª–µ–ª–∏—Å—å –Ω–∞ —é–≥.
[1;36m–ì—Ä—è–∑–Ω—ã–π –ø—Ä–æ—É–ª–æ–∫ [6009][0;37m
   –ü—Ä–æ–π–¥—è –ø–∞—Ä—É —à–∞–≥–æ–≤, –≤—ã –∑–∞–º–µ—Ç–∏–ª–∏, —á—Ç–æ —ç—Ç–∞ –¥–æ—Ä–æ–≥–∞ —Ä–µ–¥–∫–æ —É–±–∏—Ä–∞–µ—Ç—Å—è. –í –Ω–æ—Å
–≤–∞–º —É–¥–∞—Ä–∏–ª–æ —Å—Ç–æ–ª—å–∫–æ –Ω–µ–ø—Ä–∏—è—Ç–Ω—ã—Ö –∑–∞–ø–∞—Ö–æ–≤, —á—Ç–æ –≤–∞—Å —á—É—Ç—å –Ω–µ –≤—ã–≤–µ—Ä–Ω—É–ª–æ
–Ω–∞–∏–∑–Ω–∞–Ω–∫—É. –¢–µ–ø–µ—Ä—å –≤—ã –ø–æ–Ω—è–ª–∏ –ø–æ—á–µ–º—É —ç—Ç–∞ –¥–æ—Ä–æ–≥–∞ —Ç–∞–∫–∞—è –≥—Ä—è–∑–Ω–∞—è –∏ –æ—Ç —ç—Ç–æ–≥–æ
–≤–∞–º —Å—Ç–∞–ª–æ —Ç–æ–ª—å–∫–æ –µ—â–µ —Ö—É–∂–µ.
[0;36m[ Exits: n E s ][0;37m
[1;33m–ó–¥–µ—Å—å –ª–µ–∂–∏—Ç –º–æ—Ä–∫–æ–≤—å.
[1;31m–°–µ–ª—è–Ω–∏–Ω –∏–¥–µ—Ç —Å –ø–æ–ª—è –¥–æ–º–æ–π.
–ó—Ä–µ–ª—ã–π –º—É–∂–∏–∫ —Å –∑–æ—Ä–∫–∏–º–∏ –≥–ª–∞–∑–∞–º–∏ —Ö–æ–¥–∏—Ç –ø–æ —É–ª–∏—Ü–µ.
–ú–∞–ª—å—á–∏–∫ –∏–¥–µ—Ç –ø–æ —É–ª–∏—Ü–µ.
[0;0m
[0;32m463H[0;37m [0;32m141M[0;37m 16818–æ –ó–∞—É—á:0 –í—ã—Ö:–°–í–Æ> ˇ˘–í—ã –ø–æ–ø–ª–µ–ª–∏—Å—å –Ω–∞ –≤–æ—Å—Ç–æ–∫.
[1;36m–ü–æ –º–∞–ª–µ–Ω—å–∫–æ–π —Ç—Ä–æ–ø–∫–µ [6200][0;37m
   –ù–µ–±–æ–ª—å—à–∞—è —Ç—Ä–æ–ø–∏–Ω–∫–∞ –≤–µ–¥–µ—Ç –í–∞—Å. –ï—Å–ª–∏ –≤–Ω–∏–º–∞—Ç–µ–ª—å–Ω–æ –ø—Ä–∏—Å–º–æ—Ç—Ä–µ—Ç—å—Å—è, —Ç–æ –≤–∏–¥–Ω–æ,
—á—Ç–æ —Ç—Ä–æ–ø–∏–Ω–∫–∞ —Å—Ç–∞—Ä–∞—è, –∑–∞—Ä–æ—Å—à–∞—è, –ø–æ—Ö–æ–∂–µ –º–∞–ª–æ–ø–æ—Å–µ—â–∞–µ–º–∞—è –∂–∏—Ç–µ–ª—è–º–∏.
[0;36m[ Exits: e s W ][0;37m
[1;33m–ü—Ä–∏–≥–ª—è–¥–µ–≤—à–∏—Å—å, –≤—ã –≤–∏–¥–∏—Ç–µ —è–≥–æ–¥—É –±–∏—Ä—é—á–∏–Ω—ã.
[1;31m[0;0m
–†–∞–∑–≤–∞–ª–∏–≤—à–∞—è—Å—è –±–∞–Ω—å–∫–∞ (—Å—Ä–µ–¥–Ω–∏–π —É—Ä–æ–≤–µ–Ω—å: 2).

[0;32m463H[0;37m [0;32m141M[0;37m 16818–æ –ó–∞—É—á:0 –í—ã—Ö:–í–Æ–ó> ˇ˘–í—ã –ø–æ–ø–ª–µ–ª–∏—Å—å –Ω–∞ –≤–æ—Å—Ç–æ–∫.
[1;36m–£ –≤—Ö–æ–¥–∞ –≤ –±–∞–Ω—å–∫—É [6201][0;37m
   –¢—Ä–æ–ø–∫–∞ —É–ø–µ—Ä–ª–∞—Å—å –≤ –¥–≤–µ—Ä—å, –≤–µ–¥—É—â—É—é –≤ —Å—Ç–∞—Ä—É—é –ø–æ–ª—É—Ä–∞–∑–≤–∞–ª–∏–≤—à—É—é—Å—è –±–∞–Ω—å–∫—É.
–° –≤–∏–¥—É –∫–∞–∂–µ—Ç—Å—è, —á—Ç–æ –¥–≤–µ—Ä—å –Ω–µ –æ—Ç–∫—Ä—ã—Ç—å, –Ω–∞—Å—Ç–æ–ª—å–∫–æ –µ–µ –ø–µ—Ä–µ–∫–æ—Å–∏–ª–æ. –£ –≤—Ö–æ–¥–∞
–ª–µ–∂–∏—Ç –Ω–µ—Å–∫–æ–ª—å–∫–æ —á—É—Ä–±–∞—á–∫–æ–≤, —Ä–∞–Ω—å—à–µ –∏—Å–ø–æ–ª—å–∑—É–µ–º—ã—Ö –≤–º–µ—Å—Ç–æ —Ç–∞–±—É—Ä–µ—Ç–æ–∫.
[0;36m[ Exits: (e) s w ][0;37m
[1;33m[1;31m–£–ª–∏—Ç–∫–∞ –º–µ–¥–ª–µ–Ω–Ω–æ –ø–æ–ª–∑–µ—Ç –∑–¥–µ—Å—å.
[0;0m
[0;32m463H[0;37m [0;32m141M[0;37m 16818–æ –ó–∞—É—á:0 –í—ã—Ö:(–í)–Æ–ó> ˇ˘[0;33m–í—ã –ø–æ–ø—ã—Ç–∞–ª–∏—Å—å —Å–æ–∫—Ä—É—à–∏—Ç—å —É–ª–∏—Ç–∫—É, –Ω–æ –ø—Ä–æ–º–∞—Ö–Ω—É–ª–∏—Å—å.
[0;0m
[0;32m463H[0;37m [0;32m142M[0;37m 16817–æ –ó–∞—É—á:0 [0;32m[–ì–µ–Ω–æ–¥:–ù–µ–≤—Ä–µ–¥–∏–º][0;37m [0;32m[—É–ª–∏—Ç–∫–∞:–ù–µ–≤—Ä–µ–¥–∏–º–∞][0;37m > ˇ˘
[0;31m–£–ª–∏—Ç–∫–∞ –ø–æ–ø—ã—Ç–∞–ª–∞—Å—å –æ—Ü–∞—Ä–∞–ø–∞—Ç—å –≤–∞—Å, –Ω–æ –ø—Ä–æ–º–∞—Ö–Ω—É–ª–∞—Å—å.
[0;0m[1;33m–í—ã —Å–æ–∫—Ä—É—à–∏–ª–∏ —É–ª–∏—Ç–∫—É.
[0;0m
[0;32m463H[0;37m [0;32m142M[0;37m 16807–æ –ó–∞—É—á:0 [0;32m[–ì–µ–Ω–æ–¥:–ù–µ–≤—Ä–µ–¥–∏–º][0;37m [1;32m[—É–ª–∏—Ç–∫–∞:–õ–µ–≥–∫–æ —Ä–∞–Ω–µ–Ω–∞][0;37m > ˇ˘
[0;31m–£–ª–∏—Ç–∫–∞ –ø–æ–ø—ã—Ç–∞–ª–∞—Å—å –æ—Ü–∞—Ä–∞–ø–∞—Ç—å –≤–∞—Å. –ù—É –µ–µ —Å —Ç–∞–∫–∏–º–∏ —à—É—Ç–∫–∞–º–∏.
[0;0m[1;33m–í—ã —Å–æ–∫—Ä—É—à–∏–ª–∏ —É–ª–∏—Ç–∫—É.
[0;0m[1;33m–í—ã –æ–≥—Ä–µ–ª–∏ —É–ª–∏—Ç–∫—É.
[0;0m
[0;32m463H[0;37m [0;32m142M[0;37m 16790–æ –ó–∞—É—á:0 [0;32m[–ì–µ–Ω–æ–¥:–ù–µ–≤—Ä–µ–¥–∏–º][0;37m [1;32m[—É–ª–∏—Ç–∫–∞:–†–∞–Ω–µ–Ω–∞][0;37m > ˇ˘
[0;31m–£–ª–∏—Ç–∫–∞ –ø–æ–ø—ã—Ç–∞–ª–∞—Å—å –æ—Ü–∞—Ä–∞–ø–∞—Ç—å –≤–∞—Å, –Ω–æ –ø—Ä–æ–º–∞—Ö–Ω—É–ª–∞—Å—å.
[0;0m[0;33m–í–∞—à —Å–æ–∫—Ä—É—à–∞—é—â–∏–π —É–¥–∞—Ä –Ω–µ –¥–æ—Å—Ç–∏–≥ —É–ª–∏—Ç–∫–∏.
[0;0m[1;33m–í—ã –æ–≥—Ä–µ–ª–∏ —É–ª–∏—Ç–∫—É.
[0;0m
[0;32m463H[0;37m [0;32m142M[0;37m 16782–æ –ó–∞—É—á:0 [0;32m[–ì–µ–Ω–æ–¥:–ù–µ–≤—Ä–µ–¥–∏–º][0;37m [1;33m[—É–ª–∏—Ç–∫–∞:–†–∞–Ω–µ–Ω–∞][0;37m > ˇ˘
[0;31m–£–ª–∏—Ç–∫–∞ –ø–æ–ø—ã—Ç–∞–ª–∞—Å—å –æ—Ü–∞—Ä–∞–ø–∞—Ç—å –≤–∞—Å. –ù—É –µ–µ —Å —Ç–∞–∫–∏–º–∏ —à—É—Ç–∫–∞–º–∏.
[0;0m[1;33m–í—ã —Å–æ–∫—Ä—É—à–∏–ª–∏ —É–ª–∏—Ç–∫—É.
[0;0m[1;33m–í—ã –æ–≥—Ä–µ–ª–∏ —É–ª–∏—Ç–∫—É.
[0;0m
[0;32m463H[0;37m [0;32m142M[0;37m 16759–æ –ó–∞—É—á:0 [0;32m[–ì–µ–Ω–æ–¥:–ù–µ–≤—Ä–µ–¥–∏–º][0;37m [1;31m[—É–ª–∏—Ç–∫–∞:–¢—è–∂–µ–ª–æ —Ä–∞–Ω–µ–Ω–∞][0;37m > ˇ˘
[0;31m–£–ª–∏—Ç–∫–∞ –ø–æ–ø—ã—Ç–∞–ª–∞—Å—å –æ—Ü–∞—Ä–∞–ø–∞—Ç—å –≤–∞—Å, –Ω–æ –ø—Ä–æ–º–∞—Ö–Ω—É–ª–∞—Å—å.
[0;0m[1;33m–í—ã —Å–æ–∫—Ä—É—à–∏–ª–∏ —É–ª–∏—Ç–∫—É.
[0;0m
[0;32m463H[0;37m [0;32m142M[0;37m 16749–æ –ó–∞—É—á:0 [0;32m[–ì–µ–Ω–æ–¥:–ù–µ–≤—Ä–µ–¥–∏–º][0;37m [0;31m[—É–ª–∏—Ç–∫–∞:–û.—Ç—è–∂–µ–ª–æ —Ä–∞–Ω–µ–Ω–∞][0;37m > ˇ˘
[0;31m–£–ª–∏—Ç–∫–∞ –ø–æ–ø—ã—Ç–∞–ª–∞—Å—å –æ—Ü–∞—Ä–∞–ø–∞—Ç—å –≤–∞—Å, –Ω–æ –ø—Ä–æ–º–∞—Ö–Ω—É–ª–∞—Å—å.
[0;0m[1;33m–í—ã —Å–æ–∫—Ä—É—à–∏–ª–∏ —É–ª–∏—Ç–∫—É.
[0;0m–£–ª–∏—Ç–∫–∞ —Å–º–µ—Ä—Ç–µ–ª—å–Ω–æ —Ä–∞–Ω–µ–Ω–∞ –∏ —É–º—Ä–µ—Ç, –µ—Å–ª–∏ –µ–π –Ω–µ –ø–æ–º–æ–≥—É—Ç.
[1;33m–° –∫—Ä–∏–∫–æ–º "–ê –≤–æ—Ç —Ç–≤–æ—è –ø–∞–Ω–∞–º–∞!" –≤—ã —Ä–∞–∑–º–æ–∑–∂–∏–ª–∏ –≥–æ–ª–æ–≤—É —É–ª–∏—Ç–∫–µ.
[0;0m–£–ª–∏—Ç–∫–∞ –º–µ—Ä—Ç–≤–∞, –µ–µ –¥—É—à–∞ –º–µ–¥–ª–µ–Ω–Ω–æ –ø–æ–¥—ã–º–∞–µ—Ç—Å—è –≤ –Ω–µ–±–µ—Å–∞.
–í–∞—à –æ–ø—ã—Ç –ø–æ–≤—ã—Å–∏–ª—Å—è –Ω–∞ 255 –æ—á–∫–æ–≤.

[0;32m463H[0;37m [0;32m142M[0;37m 16489–æ –ó–∞—É—á:0 –í—ã—Ö:(–í)–Æ–ó> ˇ˘–ó–∞–∫—Ä—ã—Ç–æ (–¥–≤–µ—Ä—Ü–∞).

[0;32m463H[0;37m [0;32m142M[0;37m 16489–æ –ó–∞—É—á:0 –í—ã—Ö:(–í)–Æ–ó> ˇ˘–õ–∞–¥—É—à–∫–∏.

[0;32m463H[0;37m [0;32m142M[0;37m 16489–æ –ó–∞—É—á:0 –í—ã—Ö:–í–Æ–ó> ˇ˘–í—ã –ø–æ–ø–ª–µ–ª–∏—Å—å –Ω–∞ –≤–æ—Å—Ç–æ–∫.
[1;36m–í –ø—Ä–µ–¥–±–∞–Ω–Ω–∏–∫–µ [6202][0;37m
   –í—ã –≤–æ—à–ª–∏ –≤ –Ω–µ–±–æ–ª—å—à–æ–π –ø—Ä–µ–¥–±–∞–Ω–Ω–∏–∫. –ó–¥–µ—Å—å —Ö—Ä–∞–Ω–∏–ª–∞—Å—å –Ω–µ—Ö–∏—Ç—Ä–∞—è –±–∞–Ω–Ω–∞—è —É—Ç–≤–∞—Ä—å,
—Ä–∞—Å—Ç–æ–ø–Ω—ã–π –º–∞—Ç–µ—Ä–∏–∞–ª –¥–ª—è –ø–µ—á–∫–∏, –≤ —É–≥–ª—É —Å–ª–æ–∂–µ–Ω—ã –∑–∞–ø–∞—Å–Ω—ã–µ –∫–∞–º–Ω–∏ –¥–ª—è –ø–∞—Ä–∏–ª–∫–∏.
–ù–∞ —é–∂–Ω–æ–π —Å—Ç–µ–Ω–µ –µ—Å—Ç—å –Ω–µ—Å–∫–æ–ª—å–∫–æ –Ω–∞–±–∏—Ç—ã—Ö –¥–æ—Å–æ–∫, –ø–æ –∫–æ—Ç–æ—Ä–æ–º –º–æ–∂–Ω–æ –∑–∞–±—Ä–∞—Ç—å—Å—è
–Ω–∞–≤–µ—Ä—Ö.
[0;36m[ Exits: e w u ][0;37m
[1;33m[1;31m[0;0m
[0;32m463H[0;37m [0;32m141M[0;37m 16489–æ –ó–∞—É—á:0 –í—ã—Ö:–í–ó^> ˇ˘–í—ã –ø–æ–ø–ª–µ–ª–∏—Å—å –Ω–∞ –≤–æ—Å—Ç–æ–∫.
[1;36m–í –ø—Ä–µ–¥–±–∞–Ω–Ω–∏–∫–µ [6203][0;37m
   –í—ã –≤–æ—à–ª–∏ –≤ –Ω–µ–±–æ–ª—å—à–æ–π –ø—Ä–µ–¥–±–∞–Ω–Ω–∏–∫. –ó–¥–µ—Å—å —Ö—Ä–∞–Ω–∏–ª–∞—Å—å –Ω–µ—Ö–∏—Ç—Ä–∞—è –±–∞–Ω–Ω–∞—è —É—Ç–≤–∞—Ä—å,
—Ä–∞—Å—Ç–æ–ø–Ω—ã–π –º–∞—Ç–µ—Ä–∏–∞–ª –¥–ª—è –ø–µ—á–∫–∏, –≤ –≤–æ—Å—Ç–æ—á–Ω–æ–π —Å—Ç–µ–Ω–∫–µ –æ—Å—Ç–∞–ª–æ—Å—å –Ω–µ–±–æ–ª—å—à–æ–µ –æ–∫–æ–Ω—Ü–µ,
–∫–æ–≥–¥–∞-—Ç–æ –∑–∞–∫—Ä—ã—Ç–æ–µ —Ä—ã–±—å–∏–º –ø—É–∑—ã—Ä–µ–º.
[0;36m[ Exits: (s) w ][0;37m
[1;33m[1;31m(–ª–µ—Ç–∏—Ç) –ú–∞–ª–µ–Ω—å–∫–∏–π –∫–æ–º–∞—Ä —Ç–∞–∫ –∏ –Ω–æ—Ä–æ–≤–∏—Ç —É–∫—É—Å–∏—Ç—å –≤–∞—Å –∑–¥–µ—Å—å.
–ö—Ä–∞—Å–Ω—ã–π –º–∞–ª–µ–Ω—å–∫–∏–π –º—É—Ä–∞–≤–µ–π –ø–æ–ª–∑–∞–µ—Ç –∑–¥–µ—Å—å.
[0;0m
[0;32m463H[0;37m [0;32m141M[0;37m 16489–æ –ó–∞—É—á:0 –í—ã—Ö:(–Æ)–ó> ˇ˘[1;33m–í—ã —Å–æ–∫—Ä—É—à–∏–ª–∏ –º–∞–ª–µ–Ω—å–∫–æ–≥–æ –∫–æ–º–∞—Ä–∞.
[0;0m
[0;32m463H[0;37m [0;32m142M[0;37m 16486–æ –ó–∞—É—á:0 [0;32m[–ì–µ–Ω–æ–¥:–ù–µ–≤—Ä–µ–¥–∏–º][0;37m [1;33m[–º–∞–ª–µ–Ω—å–∫–∏–π –∫–æ–º–∞—Ä:–†–∞–Ω–µ–Ω][0;37m > ˇ˘
[0;31m–ú–∞–ª–µ–Ω—å–∫–∏–π –∫–æ–º–∞—Ä –ø–æ–ø—ã—Ç–∞–ª—Å—è —É–∂–∞–ª–∏—Ç—å –≤–∞—Å, –Ω–æ –ø—Ä–æ–º–∞—Ö–Ω—É–ª—Å—è.
[0;0m[1;33m–í—ã —Å–æ–∫—Ä—É—à–∏–ª–∏ –º–∞–ª–µ–Ω—å–∫–æ–≥–æ –∫–æ–º–∞—Ä–∞.
[0;0m–ú–∞–ª–µ–Ω—å–∫–∏–π –∫–æ–º–∞—Ä –±–µ–∑ —Å–æ–∑–Ω–∞–Ω–∏—è, –Ω–æ –≤–æ–∑–º–æ–∂–Ω–æ –æ–Ω –µ—â–µ –ø–æ–≤–æ—é–µ—Ç (–ø–æ–ø–æ–∑–∂–µ :).
[0;33m–í—ã –ø–æ–ø—ã—Ç–∞–ª–∏—Å—å –æ–≥—Ä–µ—Ç—å –º–∞–ª–µ–Ω—å–∫–æ–≥–æ –∫–æ–º–∞—Ä–∞, –Ω–æ –ø—Ä–æ–º–∞—Ö–Ω—É–ª–∏—Å—å.
[0;0m–ú–∞–ª–µ–Ω—å–∫–∏–π –∫–æ–º–∞—Ä –±–µ–∑ —Å–æ–∑–Ω–∞–Ω–∏—è, –Ω–æ –≤–æ–∑–º–æ–∂–Ω–æ –æ–Ω –µ—â–µ –ø–æ–≤–æ—é–µ—Ç (–ø–æ–ø–æ–∑–∂–µ :).

[0;32m463H[0;37m [0;32m142M[0;37m 16482–æ –ó–∞—É—á:0 [0;32m[–ì–µ–Ω–æ–¥:–ù–µ–≤—Ä–µ–¥–∏–º][0;37m [0;31m[–º–∞–ª–µ–Ω—å–∫–∏–π –∫–æ–º–∞—Ä:–°–º–µ—Ä—Ç–µ–ª—å–Ω–æ —Ä–∞–Ω–µ–Ω][0;37m > ˇ˘
[0;33m–í—ã –ø–æ–ø—ã—Ç–∞–ª–∏—Å—å —Å–æ–∫—Ä—É—à–∏—Ç—å –º–∞–ª–µ–Ω—å–∫–æ–≥–æ –∫–æ–º–∞—Ä–∞, –Ω–æ –ø—Ä–æ–º–∞—Ö–Ω—É–ª–∏—Å—å.
[0;0m–ú–∞–ª–µ–Ω—å–∫–∏–π –∫–æ–º–∞—Ä –±–µ–∑ —Å–æ–∑–Ω–∞–Ω–∏—è, –Ω–æ –≤–æ–∑–º–æ–∂–Ω–æ –æ–Ω –µ—â–µ –ø–æ–≤–æ—é–µ—Ç (–ø–æ–ø–æ–∑–∂–µ :).
[1;33m–° –∫—Ä–∏–∫–æ–º "–ê –≤–æ—Ç —Ç–≤–æ—è –ø–∞–Ω–∞–º–∞!" –≤—ã —Ä–∞–∑–º–æ–∑–∂–∏–ª–∏ –≥–æ–ª–æ–≤—É –º–∞–ª–µ–Ω—å–∫–æ–º—É –∫–æ–º–∞—Ä—É.
[0;0m–ú–∞–ª–µ–Ω—å–∫–∏–π –∫–æ–º–∞—Ä –º–µ—Ä—Ç–≤, –µ–≥–æ –¥—É—à–∞ –º–µ–¥–ª–µ–Ω–Ω–æ –ø–æ–¥—ã–º–∞–µ—Ç—Å—è –≤ –Ω–µ–±–µ—Å–∞.
–í–∞—à –æ–ø—ã—Ç –ø–æ–≤—ã—Å–∏–ª—Å—è –Ω–∞ 71 –æ—á–∫–æ.

[0;32m463H[0;37m [0;32m142M[0;37m 16409–æ –ó–∞—É—á:0 –í—ã—Ö:(–Æ)–ó> ˇ˘[1;36m–í –ø—Ä–µ–¥–±–∞–Ω–Ω–∏–∫–µ [6203][0;37m
   –í—ã –≤–æ—à–ª–∏ –≤ –Ω–µ–±–æ–ª—å—à–æ–π –ø—Ä–µ–¥–±–∞–Ω–Ω–∏–∫. –ó–¥–µ—Å—å —Ö—Ä–∞–Ω–∏–ª–∞—Å—å –Ω–µ—Ö–∏—Ç—Ä–∞—è –±–∞–Ω–Ω–∞—è —É—Ç–≤–∞—Ä—å,
—Ä–∞—Å—Ç–æ–ø–Ω—ã–π –º–∞—Ç–µ—Ä–∏–∞–ª –¥–ª—è –ø–µ—á–∫–∏, –≤ –≤–æ—Å—Ç–æ—á–Ω–æ–π —Å—Ç–µ–Ω–∫–µ –æ—Å—Ç–∞–ª–æ—Å—å –Ω–µ–±–æ–ª—å—à–æ–µ –æ–∫–æ–Ω—Ü–µ,
–∫–æ–≥–¥–∞-—Ç–æ –∑–∞–∫—Ä—ã—Ç–æ–µ —Ä—ã–±—å–∏–º –ø—É–∑—ã—Ä–µ–º.
[0;36m[ Exits: (s) w ][0;37m
[1;33m–¢—Ä—É–ø –º–∞–ª–µ–Ω—å–∫–æ–≥–æ –∫–æ–º–∞—Ä–∞ –ª–µ–∂–∏—Ç –∑–¥–µ—Å—å.
[1;31m–ö—Ä–∞—Å–Ω—ã–π –º–∞–ª–µ–Ω—å–∫–∏–π –º—É—Ä–∞–≤–µ–π –ø–æ–ª–∑–∞–µ—Ç –∑–¥–µ—Å—å.
[0;0m
[0;32m463H[0;37m [0;32m142M[0;37m 16409–æ –ó–∞—É—á:0 –í—ã—Ö:(–Æ)–ó> ˇ˘
[1;33m–ë–∞–∑–∞—Ä : –Ω–æ–≤—ã–π –ª–æ—Ç (296) - –ø—ã–ª–∞—é—â–∏–π –∫—É–ª–æ–Ω - —Ü–µ–Ω–∞ 10000 –∫—É–Ω. 

[0;0m
[0;32m463H[0;37m [0;32m142M[0;37m 16409–æ –ó–∞—É—á:0 –í—ã—Ö:(–Æ)–ó> ˇ˘[1;33m–í—ã —Å–æ–∫—Ä—É—à–∏–ª–∏ –∫—Ä–∞—Å–Ω–æ–≥–æ –º–∞–ª–µ–Ω—å–∫–æ–≥–æ –º—É—Ä–∞–≤—å—è.
[0;0m
[0;32m463H[0;37m [0;32m142M[0;37m 16408–æ –ó–∞—É—á:0 [0;32m[–ì–µ–Ω–æ–¥:–ù–µ–≤—Ä–µ–¥–∏–º][0;37m [1;31m[–∫—Ä–∞—Å–Ω—ã–π –º–∞–ª–µ–Ω—å–∫–∏–π –º—É—Ä–∞–≤–µ–π:–¢—è–∂–µ–ª–æ —Ä–∞–Ω–µ–Ω][0;37m > ˇ˘
[0;31m–ö—Ä–∞—Å–Ω—ã–π –º–∞–ª–µ–Ω—å–∫–∏–π –º—É—Ä–∞–≤–µ–π –ø–æ–ø—ã—Ç–∞–ª—Å—è —É–∫—É—Å–∏—Ç—å –≤–∞—Å, –Ω–æ –ª–∏—à—å –≥—Ä–æ–º–∫–æ –∫–ª–∞—Ü–Ω—É–ª –∑—É–±–∞–º–∏.
[0;0m[1;33m–í—ã —Å–º–µ—Ä—Ç–µ–ª—å–Ω–æ —Å–æ–∫—Ä—É—à–∏–ª–∏ –∫—Ä–∞—Å–Ω–æ–≥–æ –º–∞–ª–µ–Ω—å–∫–æ–≥–æ –º—É—Ä–∞–≤—å—è! –¢–µ–ø–µ—Ä—å –æ–Ω –Ω–∏–∫–æ–≥–æ –Ω–µ –ø–æ–±–µ—Å–ø–æ–∫–æ–∏—Ç.
[0;0m–ö—Ä–∞—Å–Ω—ã–π –º–∞–ª–µ–Ω—å–∫–∏–π –º—É—Ä–∞–≤–µ–π –º–µ—Ä—Ç–≤, –µ–≥–æ –¥—É—à–∞ –º–µ–¥–ª–µ–Ω–Ω–æ –ø–æ–¥—ã–º–∞–µ—Ç—Å—è –≤ –Ω–µ–±–µ—Å–∞.
–í–∞—à –æ–ø—ã—Ç –ø–æ–≤—ã—Å–∏–ª—Å—è –Ω–∞ 142 –æ—á–∫–∞.

[0;32m463H[0;37m [0;32m142M[0;37m 16265–æ –ó–∞—É—á:0 –í—ã—Ö:(–Æ)–ó> ˇ˘
[1;33m–ë–∞–∑–∞—Ä : –Ω–æ–≤—ã–π –ª–æ—Ç (338) - –ø—ã–ª–∞—é—â–∏–π –∫—É–ª–æ–Ω - —Ü–µ–Ω–∞ 10000 –∫—É–Ω. 

[0;0m
[0;32m463H[0;37m [0;32m142M[0;37m 16265–æ –ó–∞—É—á:0 –í—ã—Ö:(–Æ)–ó> ˇ˘
[1;33m–ë–∞–∑–∞—Ä : –Ω–æ–≤—ã–π –ª–æ—Ç (341) - —á–µ—Ä–Ω—ã–µ —Å–∞–ø–æ–≥–∏ —Ö–∞–∑–∞—Ä—Å–∫–æ–π –≤–µ–¥—å–º—ã - —Ü–µ–Ω–∞ 15000 –∫—É–Ω. 

[0;0m
[0;32m463H[0;37m [0;32m142M[0;37m 16265–æ –ó–∞—É—á:0 –í—ã—Ö:(–Æ)–ó> ˇ˘
–°–ª–∞–±—ã–π –≤–µ—Ç–µ—Ä.

[0;32m463H[0;37m [0;32m142M[0;37m 16265–æ –ó–∞—É—á:0 –í—ã—Ö:(–Æ)–ó> ˇ˘
[1;31m–ú–∏–Ω—É–ª —á–∞—Å.[0;37m

[0;32m463H[0;37m [0;32m142M[0;37m 16265–æ –ó–∞—É—á:0 –í—ã—Ö:(–Æ)–ó> ˇ˘
[1;33m–ë–∞–∑–∞—Ä : –Ω–æ–≤—ã–π –ª–æ—Ç (352) - —á–µ—Ä–Ω–æ–µ –æ–¥–µ—è–Ω–∏–µ —Ö–∞–∑–∞—Ä—Å–∫–æ–π –≤–µ–¥—å–º—ã - —Ü–µ–Ω–∞ 15000 –∫—É–Ω. 

[0;0m
[0;32m463H[0;37m [0;32m142M[0;37m 16265–æ –ó–∞—É—á:0 –í—ã—Ö:(–Æ)–ó> ˇ˘[1;36m–í –ø—Ä–µ–¥–±–∞–Ω–Ω–∏–∫–µ [6203][0;37m
   –í—ã –≤–æ—à–ª–∏ –≤ –Ω–µ–±–æ–ª—å—à–æ–π –ø—Ä–µ–¥–±–∞–Ω–Ω–∏–∫. –ó–¥–µ—Å—å —Ö—Ä–∞–Ω–∏–ª–∞—Å—å –Ω–µ—Ö–∏—Ç—Ä–∞—è –±–∞–Ω–Ω–∞—è —É—Ç–≤–∞—Ä—å,
—Ä–∞—Å—Ç–æ–ø–Ω—ã–π –º–∞—Ç–µ—Ä–∏–∞–ª –¥–ª—è –ø–µ—á–∫–∏, –≤ –≤–æ—Å—Ç–æ—á–Ω–æ–π —Å—Ç–µ–Ω–∫–µ –æ—Å—Ç–∞–ª–æ—Å—å –Ω–µ–±–æ–ª—å—à–æ–µ –æ–∫–æ–Ω—Ü–µ,
–∫–æ–≥–¥–∞-—Ç–æ –∑–∞–∫—Ä—ã—Ç–æ–µ —Ä—ã–±—å–∏–º –ø—É–∑—ã—Ä–µ–º.
[0;36m[ Exits: (s) w ][0;37m
[1;33m–¢—Ä—É–ø –∫—Ä–∞—Å–Ω–æ–≥–æ –º–∞–ª–µ–Ω—å–∫–æ–≥–æ –º—É—Ä–∞–≤—å—è –ª–µ–∂–∏—Ç –∑–¥–µ—Å—å.
–¢—Ä—É–ø –º–∞–ª–µ–Ω—å–∫–æ–≥–æ –∫–æ–º–∞—Ä–∞ –ª–µ–∂–∏—Ç –∑–¥–µ—Å—å.
[1;31m[0;0m
[0;32m463H[0;37m [0;32m142M[0;37m 16265–æ –ó–∞—É—á:0 –í—ã—Ö:(–Æ)–ó> ˇ˘–í—ã –ø–æ–ø–ª–µ–ª–∏—Å—å –Ω–∞ –∑–∞–ø–∞–¥.
[1;36m–í –ø—Ä–µ–¥–±–∞–Ω–Ω–∏–∫–µ [6202][0;37m
   –í—ã –≤–æ—à–ª–∏ –≤ –Ω–µ–±–æ–ª—å—à–æ–π –ø—Ä–µ–¥–±–∞–Ω–Ω–∏–∫. –ó–¥–µ—Å—å —Ö—Ä–∞–Ω–∏–ª–∞—Å—å –Ω–µ—Ö–∏—Ç—Ä–∞—è –±–∞–Ω–Ω–∞—è —É—Ç–≤–∞—Ä—å,
—Ä–∞—Å—Ç–æ–ø–Ω—ã–π –º–∞—Ç–µ—Ä–∏–∞–ª –¥–ª—è –ø–µ—á–∫–∏, –≤ —É–≥–ª—É —Å–ª–æ–∂–µ–Ω—ã –∑–∞–ø–∞—Å–Ω—ã–µ –∫–∞–º–Ω–∏ –¥–ª—è –ø–∞—Ä–∏–ª–∫–∏.
–ù–∞ —é–∂–Ω–æ–π —Å—Ç–µ–Ω–µ –µ—Å—Ç—å –Ω–µ—Å–∫–æ–ª—å–∫–æ –Ω–∞–±–∏—Ç—ã—Ö –¥–æ—Å–æ–∫, –ø–æ –∫–æ—Ç–æ—Ä–æ–º –º–æ–∂–Ω–æ –∑–∞–±—Ä–∞—Ç—å—Å—è
–Ω–∞–≤–µ—Ä—Ö.
[0;36m[ Exits: e w u ][0;37m
[1;33m[1;31m[0;0m
[0;32m463H[0;37m [0;32m141M[0;37m 16265–æ –ó–∞—É—á:0 –í—ã—Ö:–í–ó^> ˇ˘–í—ã –Ω–µ —Å–º–æ–∂–µ—Ç–µ —Ç—É–¥–∞ –ø—Ä–æ–π—Ç–∏...

[0;32m463H[0;37m [0;32m142M[0;37m 16265–æ –ó–∞—É—á:0 –í—ã—Ö:–í–ó^> ˇ˘–í—ã –ø–æ–ø–ª–µ–ª–∏—Å—å –Ω–∞ –∑–∞–ø–∞–¥.
[1;36m–£ –≤—Ö–æ–¥–∞ –≤ –±–∞–Ω—å–∫—É [6201][0;37m
   –¢—Ä–æ–ø–∫–∞ —É–ø–µ—Ä–ª–∞—Å—å –≤ –¥–≤–µ—Ä—å, –≤–µ–¥—É—â—É—é –≤ —Å—Ç–∞—Ä—É—é –ø–æ–ª—É—Ä–∞–∑–≤–∞–ª–∏–≤—à—É—é—Å—è –±–∞–Ω—å–∫—É.
–° –≤–∏–¥—É –∫–∞–∂–µ—Ç—Å—è, —á—Ç–æ –¥–≤–µ—Ä—å –Ω–µ –æ—Ç–∫—Ä—ã—Ç—å, –Ω–∞—Å—Ç–æ–ª—å–∫–æ –µ–µ –ø–µ—Ä–µ–∫–æ—Å–∏–ª–æ. –£ –≤—Ö–æ–¥–∞
–ª–µ–∂–∏—Ç –Ω–µ—Å–∫–æ–ª—å–∫–æ —á—É—Ä–±–∞—á–∫–æ–≤, —Ä–∞–Ω—å—à–µ –∏—Å–ø–æ–ª—å–∑—É–µ–º—ã—Ö –≤–º–µ—Å—Ç–æ —Ç–∞–±—É—Ä–µ—Ç–æ–∫.
[0;36m[ Exits: e s w ][0;37m
[1;33m–¢—Ä—É–ø —É–ª–∏—Ç–∫–∏ –ª–µ–∂–∏—Ç –∑–¥–µ—Å—å.
[1;31m[0;0m
[0;32m463H[0;37m [0;32m141M[0;37m 16265–æ –ó–∞—É—á:0 –í—ã—Ö:–í–Æ–ó> ˇ˘–í—ã –ø–æ–ø–ª–µ–ª–∏—Å—å –Ω–∞ —é–≥.
[1;36m–í–¥–æ–ª—å –±–∞–Ω–∏ [6204][0;37m
   –ù–µ–±–æ–ª—å—à–∞—è —Ç—Ä–æ–ø–∏–Ω–∫–∞ —Ç—è–Ω–µ—Ç—Å—è –≤–¥–æ–ª—å –ø–æ–ª—É—Ä–∞–∑–≤–∞–ª–∏–≤—à–µ–π—Å—è –±–∞–Ω—å–∫–∏. –° —ç—Ç–æ–π —Å—Ç–æ—Ä–æ–Ω—ã
—Å—Ç—Ä–æ–µ–Ω–∏—è –Ω–µ—Ç –Ω–∏ –æ–∫–æ—à–∫–∞, —Ç–æ–ª—å–∫–æ –æ–¥–Ω–∞ –¥–≤–µ—Ä—å –≤–∏–¥–Ω–µ–µ—Ç—Å—è —á—É—Ç—å —Å–µ–≤–µ—Ä–Ω–µ–µ.
[0;36m[ Exits: n s w ][0;37m
[1;33m–ù–µ–º–Ω–æ–≥–æ —á–µ—á–µ–≤–∏—Ü—ã –ø—Ä–æ—Å—ã–ø–∞–Ω–æ –∑–¥–µ—Å—å.
[1;31m(–ª–µ—Ç–∏—Ç) –ú–∞–ª–µ–Ω—å–∫–∏–π –∫–æ–º–∞—Ä —Ç–∞–∫ –∏ –Ω–æ—Ä–æ–≤–∏—Ç —É–∫—É—Å–∏—Ç—å –≤–∞—Å –∑–¥–µ—Å—å.
[0;0m
[0;32m463H[0;37m [0;32m141M[0;37m 16265–æ –ó–∞—É—á:0 –í—ã—Ö:–°–Æ–ó> ˇ˘[1;32m–í–∞—à–µ –º–µ—Ç–∫–æ–µ –ø–æ–ø–∞–¥–∞–Ω–∏–µ —Ç—è–∂–µ–ª–æ —Ä–∞–Ω–∏–ª–æ –º–∞–ª–µ–Ω—å–∫–æ–≥–æ –∫–æ–º–∞—Ä–∞.[0;0m
[1;33m–í—ã —Å–æ–∫—Ä—É—à–∏–ª–∏ –º–∞–ª–µ–Ω—å–∫–æ–≥–æ –∫–æ–º–∞—Ä–∞.
[0;0m
[0;32m463H[0;37m [0;32m142M[0;37m 16262–æ –ó–∞—É—á:0 [0;32m[–ì–µ–Ω–æ–¥:–ù–µ–≤—Ä–µ–¥–∏–º][0;37m [1;33m[–º–∞–ª–µ–Ω—å–∫–∏–π –∫–æ–º–∞—Ä:–†–∞–Ω–µ–Ω][0;37m > ˇ˘
[1;33m–í—ã —Å–æ–∫—Ä—É—à–∏–ª–∏ –º–∞–ª–µ–Ω—å–∫–æ–≥–æ –∫–æ–º–∞—Ä–∞.
[0;0m[1;33m–í—ã –æ–≥—Ä–µ–ª–∏ –º–∞–ª–µ–Ω—å–∫–æ–≥–æ –∫–æ–º–∞—Ä–∞, —Ä–∞—Å–∫–æ–ª–æ–≤ –µ–≥–æ –∂–∏–∑–Ω—å –≤ —â–µ–ø–∫–∏.
[0;0m–ú–∞–ª–µ–Ω—å–∫–∏–π –∫–æ–º–∞—Ä –º–µ—Ä—Ç–≤, –µ–≥–æ –¥—É—à–∞ –º–µ–¥–ª–µ–Ω–Ω–æ –ø–æ–¥—ã–º–∞–µ—Ç—Å—è –≤ –Ω–µ–±–µ—Å–∞.
–í–∞—à –æ–ø—ã—Ç –ø–æ–≤—ã—Å–∏–ª—Å—è –Ω–∞ 67 –æ—á–∫–æ–≤.

[0;32m463H[0;37m [0;32m142M[0;37m 16191–æ –ó–∞—É—á:0 –í—ã—Ö:–°–Æ–ó> ˇ˘–í—ã –ø–æ–ø–ª–µ–ª–∏—Å—å –Ω–∞ —é–≥.
[1;36m–í–¥–æ–ª—å –±–∞–Ω–∏ [6205][0;37m
   –ù–µ–±–æ–ª—å—à–∞—è —Ç—Ä–æ–ø–∏–Ω–∫–∞ —Ç—è–Ω–µ—Ç—Å—è –≤–¥–æ–ª—å –ø–æ–ª—É—Ä–∞–∑–≤–∞–ª–∏–≤—à–µ–π—Å—è –±–∞–Ω—å–∫–∏. –° —ç—Ç–æ–π
—Å—Ç–æ—Ä–æ–Ω—ã —Å—Ç—Ä–æ–µ–Ω–∏—è –Ω–µ –≤–∏–¥–Ω–æ –Ω–∏ –æ–¥–Ω–æ–≥–æ –æ–∫–Ω–∞. –ù–∞–¥ –∫—Ä—ã—à–µ–π –≤—ã—Å—Ç—É–ø–∞—é—Ç –æ—Å—Ç–∞—Ç–∫–∏
–ø–µ—á–Ω–æ–π —Ç—Ä—É–±—ã.
[0;36m[ Exits: n s ][0;37m
[1;33m[1;31m–ú–∞–ª–µ–Ω—å–∫–∞—è –±—É–∫–∞—à–∫–∞ –ø–æ–ª–∑–∞–µ—Ç –∑–¥–µ—Å—å.
[0;0m
[0;32m463H[0;37m [0;32m141M[0;37m 16191–æ –ó–∞—É—á:0 –í—ã—Ö:–°–Æ> ˇ˘[1;33m–í—ã —Å–æ–∫—Ä—É—à–∏–ª–∏ –º–∞–ª–µ–Ω—å–∫—É—é –±—É–∫–∞—à–∫—É.
[0;0m
[0;32m463H[0;37m [0;32m142M[0;37m 16185–æ –ó–∞—É—á:0 [0;32m[–ì–µ–Ω–æ–¥:–ù–µ–≤—Ä–µ–¥–∏–º][0;37m [1;33m[–º–∞–ª–µ–Ω—å–∫–∞—è –±—É–∫–∞—à–∫–∞:–†–∞–Ω–µ–Ω–∞][0;37m > ˇ˘
[0;31m–ú–∞–ª–µ–Ω—å–∫–∞—è –±—É–∫–∞—à–∫–∞ –ø–æ–ø—ã—Ç–∞–ª–∞—Å—å —É–∫—É—Å–∏—Ç—å –≤–∞—Å, –Ω–æ –ª–∏—à—å –≥—Ä–æ–º–∫–æ –∫–ª–∞—Ü–Ω—É–ª–∞ –∑—É–±–∞–º–∏.
[0;0m[1;33m–í—ã —Å–æ–∫—Ä—É—à–∏–ª–∏ –º–∞–ª–µ–Ω—å–∫—É—é –±—É–∫–∞—à–∫—É.
[0;0m[1;33m–í—ã —Å–ª–µ–≥–∫–∞ –æ–≥—Ä–µ–ª–∏ –º–∞–ª–µ–Ω—å–∫—É—é –±—É–∫–∞—à–∫—É.
[0;0m–ú–∞–ª–µ–Ω—å–∫–∞—è –±—É–∫–∞—à–∫–∞ —Å–º–µ—Ä—Ç–µ–ª—å–Ω–æ —Ä–∞–Ω–µ–Ω–∞ –∏ —É–º—Ä–µ—Ç, –µ—Å–ª–∏ –µ–π –Ω–µ –ø–æ–º–æ–≥—É—Ç.

[0;32m463H[0;37m [0;32m142M[0;37m 16177–æ –ó–∞—É—á:0 [0;32m[–ì–µ–Ω–æ–¥:–ù–µ–≤—Ä–µ–¥–∏–º][0;37m [0;31m[–º–∞–ª–µ–Ω—å–∫–∞—è –±—É–∫–∞—à–∫–∞:–°–º–µ—Ä—Ç–µ–ª—å–Ω–æ —Ä–∞–Ω–µ–Ω–∞][0;37m > ˇ˘
[1;33m–í–∞—à —Å–æ–∫—Ä—É—à–∞—é—â–∏–π —É–¥–∞—Ä –æ—Ç–ø—Ä–∞–≤–∏–ª –º–∞–ª–µ–Ω—å–∫—É—é –±—É–∫–∞—à–∫—É –ø–æ–¥–∞–ª—å—à–µ –∏–∑ —ç—Ç–æ–≥–æ –º–∏—Ä–∞.
[0;0m–ú–∞–ª–µ–Ω—å–∫–∞—è –±—É–∫–∞—à–∫–∞ –º–µ—Ä—Ç–≤–∞, –µ–µ –¥—É—à–∞ –º–µ–¥–ª–µ–Ω–Ω–æ –ø–æ–¥—ã–º–∞–µ—Ç—Å—è –≤ –Ω–µ–±–µ—Å–∞.
–í–∞—à –æ–ø—ã—Ç –ø–æ–≤—ã—Å–∏–ª—Å—è –Ω–∞ 71 –æ—á–∫–æ.

[0;32m463H[0;37m [0;32m142M[0;37m 16105–æ –ó–∞—É—á:0 –í—ã—Ö:–°–Æ> ˇ˘
–°–ª–∞–±—ã–π –≤–µ—Ç–µ—Ä.

[0;32m463H[0;37m [0;32m142M[0;37m 16105–æ –ó–∞—É—á:0 –í—ã—Ö:–°–Æ> ˇ˘
[1;31m–ú–∏–Ω—É–ª —á–∞—Å.[0;37m

[0;32m463H[0;37m [0;32m142M[0;37m 16105–æ –ó–∞—É—á:0 –í—ã—Ö:–°–Æ> ˇ˘
–ó–µ–ª–µ–Ω–∞—è –≥—É—Å–µ–Ω–∏—Ü–∞ –ø—Ä–∏–ø–æ–ª–∑–ª–∞ —Å —Å–µ–≤–µ—Ä–∞.

[0;32m463H[0;37m [0;32m142M[0;37m 16105–æ –ó–∞—É—á:0 –í—ã—Ö:–°–Æ> ˇ˘–í—ã –ø–æ–ø–ª–µ–ª–∏—Å—å –Ω–∞ —Å–µ–≤–µ—Ä.
[1;36m–í–¥–æ–ª—å –±–∞–Ω–∏ [6204][0;37m
   –ù–µ–±–æ–ª—å—à–∞—è —Ç—Ä–æ–ø–∏–Ω–∫–∞ —Ç—è–Ω–µ—Ç—Å—è –≤–¥–æ–ª—å –ø–æ–ª—É—Ä–∞–∑–≤–∞–ª–∏–≤—à–µ–π—Å—è –±–∞–Ω—å–∫–∏. –° —ç—Ç–æ–π —Å—Ç–æ—Ä–æ–Ω—ã
—Å—Ç—Ä–æ–µ–Ω–∏—è –Ω–µ—Ç –Ω–∏ –æ–∫–æ—à–∫–∞, —Ç–æ–ª—å–∫–æ –æ–¥–Ω–∞ –¥–≤–µ—Ä—å –≤–∏–¥–Ω–µ–µ—Ç—Å—è —á—É—Ç—å —Å–µ–≤–µ—Ä–Ω–µ–µ.
[0;36m[ Exits: n s w ][0;37m
[1;33m–¢—Ä—É–ø –º–∞–ª–µ–Ω—å–∫–æ–≥–æ –∫–æ–º–∞—Ä–∞ –ª–µ–∂–∏—Ç –∑–¥–µ—Å—å.
–ù–µ–º–Ω–æ–≥–æ —á–µ—á–µ–≤–∏—Ü—ã –ø—Ä–æ—Å—ã–ø–∞–Ω–æ –∑–¥–µ—Å—å.
[1;31m[0;0m
[0;32m463H[0;37m [0;32m141M[0;37m 16105–æ –ó–∞—É—á:0 –í—ã—Ö:–°–Æ–ó> ˇ˘–í—ã –ø–æ–ø–ª–µ–ª–∏—Å—å –Ω–∞ –∑–∞–ø–∞–¥.
[1;36m–ü–æ –º–∞–ª–µ–Ω—å–∫–æ–π —Ç—Ä–æ–ø–∫–µ [6234][0;37m
   –ù–µ–±–æ–ª—å—à–∞—è —Ç—Ä–æ–ø–∏–Ω–∫–∞ –≤–µ–¥–µ—Ç –í–∞—Å. –ï—Å–ª–∏ –≤–Ω–∏–º–∞—Ç–µ–ª—å–Ω–æ –ø—Ä–∏—Å–º–æ—Ç—Ä–µ—Ç—å—Å—è, —Ç–æ –≤–∏–¥–Ω–æ,
—á—Ç–æ —Ç—Ä–æ–ø–∏–Ω–∫–∞ —Å—Ç–∞—Ä–∞—è, –∑–∞—Ä–æ—Å—à–∞—è, –ø–æ—Ö–æ–∂–µ –º–∞–ª–æ–ø–æ—Å–µ—â–∞–µ–º–∞—è –∂–∏—Ç–µ–ª—è–º–∏.
[0;36m[ Exits: n e ][0;37m
[1;33m[1;31m[0;0m
[0;32m463H[0;37m [0;32m141M[0;37m 16105–æ –ó–∞—É—á:0 –í—ã—Ö:–°–í> ˇ˘–í—ã –ø–æ–ø–ª–µ–ª–∏—Å—å –Ω–∞ —Å–µ–≤–µ—Ä.
[1;36m–ü–æ –º–∞–ª–µ–Ω—å–∫–æ–π —Ç—Ä–æ–ø–∫–µ [6200][0;37m
   –ù–µ–±–æ–ª—å—à–∞—è —Ç—Ä–æ–ø–∏–Ω–∫–∞ –≤–µ–¥–µ—Ç –í–∞—Å. –ï—Å–ª–∏ –≤–Ω–∏–º–∞—Ç–µ–ª—å–Ω–æ –ø—Ä–∏—Å–º–æ—Ç—Ä–µ—Ç—å—Å—è, —Ç–æ –≤–∏–¥–Ω–æ,
—á—Ç–æ —Ç—Ä–æ–ø–∏–Ω–∫–∞ —Å—Ç–∞—Ä–∞—è, –∑–∞—Ä–æ—Å—à–∞—è, –ø–æ—Ö–æ–∂–µ –º–∞–ª–æ–ø–æ—Å–µ—â–∞–µ–º–∞—è –∂–∏—Ç–µ–ª—è–º–∏.
[0;36m[ Exits: e s W ][0;37m
[1;33m–ü—Ä–∏–≥–ª—è–¥–µ–≤—à–∏—Å—å, –≤—ã –≤–∏–¥–∏—Ç–µ —è–≥–æ–¥—É –±–∏—Ä—é—á–∏–Ω—ã.
[1;31m[0;0m
[0;32m463H[0;37m [0;32m141M[0;37m 16105–æ –ó–∞—É—á:0 –í—ã—Ö:–í–Æ–ó> ˇ˘–í—ã –ø–æ–ø–ª–µ–ª–∏—Å—å –Ω–∞ –≤–æ—Å—Ç–æ–∫.
[1;36m–£ –≤—Ö–æ–¥–∞ –≤ –±–∞–Ω—å–∫—É [6201][0;37m
   –¢—Ä–æ–ø–∫–∞ —É–ø–µ—Ä–ª–∞—Å—å –≤ –¥–≤–µ—Ä—å, –≤–µ–¥—É—â—É—é –≤ —Å—Ç–∞—Ä—É—é –ø–æ–ª—É—Ä–∞–∑–≤–∞–ª–∏–≤—à—É—é—Å—è –±–∞–Ω—å–∫—É.
–° –≤–∏–¥—É –∫–∞–∂–µ—Ç—Å—è, —á—Ç–æ –¥–≤–µ—Ä—å –Ω–µ –æ—Ç–∫—Ä—ã—Ç—å, –Ω–∞—Å—Ç–æ–ª—å–∫–æ –µ–µ –ø–µ—Ä–µ–∫–æ—Å–∏–ª–æ. –£ –≤—Ö–æ–¥–∞
–ª–µ–∂–∏—Ç –Ω–µ—Å–∫–æ–ª—å–∫–æ —á—É—Ä–±–∞—á–∫–æ–≤, —Ä–∞–Ω—å—à–µ –∏—Å–ø–æ–ª—å–∑—É–µ–º—ã—Ö –≤–º–µ—Å—Ç–æ —Ç–∞–±—É—Ä–µ—Ç–æ–∫.
[0;36m[ Exits: e s w ][0;37m
[1;33m–¢—Ä—É–ø —É–ª–∏—Ç–∫–∏ –ª–µ–∂–∏—Ç –∑–¥–µ—Å—å.
[1;31m[0;0m
[0;32m463H[0;37m [0;32m141M[0;37m 16105–æ –ó–∞—É—á:0 –í—ã—Ö:–í–Æ–ó> ˇ˘–í—ã –ø–æ–ø–ª–µ–ª–∏—Å—å –Ω–∞ –∑–∞–ø–∞–¥.
[1;36m–ü–æ –º–∞–ª–µ–Ω—å–∫–æ–π —Ç—Ä–æ–ø–∫–µ [6200][0;37m
   –ù–µ–±–æ–ª—å—à–∞—è —Ç—Ä–æ–ø–∏–Ω–∫–∞ –≤–µ–¥–µ—Ç –í–∞—Å. –ï—Å–ª–∏ –≤–Ω–∏–º–∞—Ç–µ–ª—å–Ω–æ –ø—Ä–∏—Å–º–æ—Ç—Ä–µ—Ç—å—Å—è, —Ç–æ –≤–∏–¥–Ω–æ,
—á—Ç–æ —Ç—Ä–æ–ø–∏–Ω–∫–∞ —Å—Ç–∞—Ä–∞—è, –∑–∞—Ä–æ—Å—à–∞—è, –ø–æ—Ö–æ–∂–µ –º–∞–ª–æ–ø–æ—Å–µ—â–∞–µ–º–∞—è –∂–∏—Ç–µ–ª—è–º–∏.
[0;36m[ Exits: e s W ][0;37m
[1;33m–ü—Ä–∏–≥–ª—è–¥–µ–≤—à–∏—Å—å, –≤—ã –≤–∏–¥–∏—Ç–µ —è–≥–æ–¥—É –±–∏—Ä—é—á–∏–Ω—ã.
[1;31m[0;0m
[0;32m463H[0;37m [0;32m141M[0;37m 16105–æ –ó–∞—É—á:0 –í—ã—Ö:–í–Æ–ó> ˇ˘–í—ã –ø–æ–ø–ª–µ–ª–∏—Å—å –Ω–∞ –∑–∞–ø–∞–¥.
[1;36m–ì—Ä—è–∑–Ω—ã–π –ø—Ä–æ—É–ª–æ–∫ [6009][0;37m
   –ü—Ä–æ–π–¥—è –ø–∞—Ä—É —à–∞–≥–æ–≤, –≤—ã –∑–∞–º–µ—Ç–∏–ª–∏, —á—Ç–æ —ç—Ç–∞ –¥–æ—Ä–æ–≥–∞ —Ä–µ–¥–∫–æ —É–±–∏—Ä–∞–µ—Ç—Å—è. –í –Ω–æ—Å
–≤–∞–º —É–¥–∞—Ä–∏–ª–æ —Å—Ç–æ–ª—å–∫–æ –Ω–µ–ø—Ä–∏—è—Ç–Ω—ã—Ö –∑–∞–ø–∞—Ö–æ–≤, —á—Ç–æ –≤–∞—Å —á—É—Ç—å –Ω–µ –≤—ã–≤–µ—Ä–Ω—É–ª–æ
–Ω–∞–∏–∑–Ω–∞–Ω–∫—É. –¢–µ–ø–µ—Ä—å –≤—ã –ø–æ–Ω—è–ª–∏ –ø–æ—á–µ–º—É —ç—Ç–∞ –¥–æ—Ä–æ–≥–∞ —Ç–∞–∫–∞—è –≥—Ä—è–∑–Ω–∞—è –∏ –æ—Ç —ç—Ç–æ–≥–æ
–≤–∞–º —Å—Ç–∞–ª–æ —Ç–æ–ª—å–∫–æ –µ—â–µ —Ö—É–∂–µ.
[0;36m[ Exits: n E s ][0;37m
[1;33m–ó–¥–µ—Å—å –ª–µ–∂–∏—Ç –º–æ—Ä–∫–æ–≤—å.
[1;31m–ó—Ä–µ–ª—ã–π –º—É–∂–∏–∫ —Å –∑–æ—Ä–∫–∏–º–∏ –≥–ª–∞–∑–∞–º–∏ —Ö–æ–¥–∏—Ç –ø–æ —É–ª–∏—Ü–µ.
–°–µ–ª—è–Ω–∏–Ω –∏–¥–µ—Ç —Å –ø–æ–ª—è –¥–æ–º–æ–π.
–ú–æ–ª–æ–¥–æ–π –æ—Ö—Ä–∞–Ω–Ω–∏–∫ —Å –∫–æ–ø–Ω–æ–π —á–µ—Ä–Ω—ã—Ö –≤–æ–ª–æ—Å —Å—Ç–æ–∏—Ç –∑–¥–µ—Å—å.
[0;0m
–°—Ç–µ–ø–Ω–∞—è –¥–µ—Ä–µ–≤–Ω—è (3-—è —Ä–æ–¥–æ–≤–∞—è).

[0;32m463H[0;37m [0;32m140M[0;37m 16105–æ –ó–∞—É—á:0 –í—ã—Ö:–°–í–Æ> ˇ˘–í—ã –ø–æ–ø–ª–µ–ª–∏—Å—å –Ω–∞ —Å–µ–≤–µ—Ä.
[1;36m–¶–µ–Ω—Ç—Ä–∞–ª—å–Ω–∞—è —É–ª–∏—Ü–∞ [6008][0;37m
   –í—ã –∑–∞–º–µ—Ç–∏–ª–∏, —á—Ç–æ –Ω–∞ —é–≥ –æ—Ç—Ö–æ–¥–∏—Ç –≥—Ä—è–∑–Ω—ã–π –ø—Ä–æ—É–ª–æ–∫, –æ—Ç–∫—É–¥–∞ –¥–æ–ª–µ—Ç–∞—é—Ç
—Ç–æ—à–Ω–æ—Ç–≤–æ—Ä–Ω—ã–µ –∑–∞–ø–∞—Ö–∏. –¶–µ–Ω—Ç—Ä–∞–ª—å–Ω–∞—è –∂–µ —É–ª–∏—Ü–∞ –ø—Ä–æ–¥–æ–ª–∂–∞–µ—Ç—Å—è –¥–∞–ª—å—à–µ –Ω–∞ –≤–æ—Å—Ç–æ–∫
–∏ –∑–∞–ø–∞–¥.
[0;36m[ Exits: e s w ][0;37m
[1;33m[1;31m–ó—Ä–µ–ª—ã–π –º—É–∂–∏–∫ —Å –∑–æ—Ä–∫–∏–º–∏ –≥–ª–∞–∑–∞–º–∏ —Ö–æ–¥–∏—Ç –ø–æ —É–ª–∏—Ü–µ.
–ú–æ–ª–æ–¥–æ–π –æ—Ö—Ä–∞–Ω–Ω–∏–∫ —Å –∫–æ–ø–Ω–æ–π —á–µ—Ä–Ω—ã—Ö –≤–æ–ª–æ—Å —Å—Ç–æ–∏—Ç –∑–¥–µ—Å—å.
[0;0m
[0;32m463H[0;37m [0;32m140M[0;37m 16105–æ –ó–∞—É—á:0 –í—ã—Ö:–í–Æ–ó> ˇ˘–í—ã –ø–æ–ø–ª–µ–ª–∏—Å—å –Ω–∞ –≤–æ—Å—Ç–æ–∫.
[1;36m–¶–µ–Ω—Ç—Ä–∞–ª—å–Ω–∞—è —É–ª–∏—Ü–∞ [6007][0;37m
   –í—ã –∏–¥–µ—Ç–µ –ø–æ —à–∏—Ä–æ–∫–æ–π, —á–∏—Å—Ç–æ–π —É–ª–∏—Ü–µ, –≤–µ–¥—É—â–µ–π –∫ —Ç–æ—Ä–≥–æ–≤–æ–π –ø–ª–æ—â–∞–¥–∏. –ñ–∏—Ç–µ–ª–∏,
–ø—Ä–æ—Ö–æ–¥—è—â–∏–µ –º–∏–º–æ –≤–∞—Å, –Ω–µ –æ–±—Ä–∞—â–∞—é—Ç –Ω–∞ –≤–∞—Å –Ω–∏–∫–∞–∫–æ–≥–æ –≤–Ω–∏–º–∞–Ω–∏—è. –í–∏–¥–Ω–æ, —Ç–∞–∫–∏–µ
–∫–∞–∫ –≤—ã, –∑–∞–µ–∑–∂–∞—é—Ç —Å—é–¥–∞ –¥–æ–≤–æ–ª—å–Ω–æ —á–∞—Å—Ç–æ.
[0;36m[ Exits: e w ][0;37m
[1;33m[1;31m[0;0m
[0;32m463H[0;37m [0;32m141M[0;37m 16105–æ –ó–∞—É—á:0 –í—ã—Ö:–í–ó> ˇ˘–í—ã –ø–æ–ø–ª–µ–ª–∏—Å—å –Ω–∞ –≤–æ—Å—Ç–æ–∫.
[1;36m–¶–µ–Ω—Ç—Ä–∞–ª—å–Ω—ã–π –ø–µ—Ä–µ–∫—Ä–µ—Å—Ç–æ–∫ [6003][0;37m
   –û—Å–º–æ—Ç—Ä–µ–≤—à–∏—Å—å –ø–æ —Å—Ç–æ—Ä–æ–Ω–∞–º, –≤—ã –∑–∞–º–µ—Ç–∏–ª–∏, —á—Ç–æ —É–ª–∏—Ü–∞ —Ä–∞–∑–¥–µ–ª—è–µ—Ç—Å—è –Ω–∞ –¥–≤–∞
–Ω–∞–ø—Ä–∞–≤–ª–µ–Ω–∏—è. –ù–∞ –≤–æ—Å—Ç–æ–∫–µ –≤–∏–¥–Ω–µ–µ—Ç—Å—è –¥–æ–±—Ä–æ—Ç–Ω—ã–π –¥–æ–º, –Ω–∞ –∑–∞–ø–∞–¥ –∂–µ —É–ª–∏—Ü–∞ –≤–µ–¥–µ—Ç
–∫ —Ç–æ—Ä–≥–æ–≤–æ–π —É–ª–∏—Ü–µ. –ü—Ä—è–º–æ –ø–µ—Ä–µ–¥ –≤–∞–º–∏ –Ω–∞ —é–≥–µ —Å—Ç–æ–∏—Ç –∫—Ä–∞—Å–∏–≤—ã–π –¥–æ–º —Å –º–∞—Å—Å–∏–≤–Ω–æ–π
–¥–≤–µ—Ä—å—é.
[0;36m[ Exits: n e s w ][0;37m
[1;33m[1;31m[0;0m
[0;32m463H[0;37m [0;32m140M[0;37m 16105–æ –ó–∞—É—á:0 –í—ã—Ö:–°–í–Æ–ó> ˇ˘–í—ã –ø–æ–ø–ª–µ–ª–∏—Å—å –Ω–∞ –≤–æ—Å—Ç–æ–∫.
[1;36m–ù–µ–±–æ–ª—å—à–∞—è —É–ª–æ—á–∫–∞ [6002][0;37m
   –í—ã –∏–¥–µ—Ç–µ –ø–æ —Ü–µ–Ω—Ç—Ä–∞–ª—å–Ω–æ–π —É–ª–∏—Ü–µ, –≤ –æ—Ç–ª–∏—á–∏–µ –æ—Ç –¥—Ä—É–≥–∏—Ö –æ—á–∏—â–µ–Ω–Ω–æ–π –æ—Ç –º—É—Å–æ—Ä–∞.
–ù–∞ —é–≥–æ-–≤–æ—Å—Ç–æ–∫–µ –≤–∏–¥–Ω–µ–µ—Ç—Å—è –∫—Ä–µ–ø–∫–∏–π –¥–æ–º, –∏–∑ —Ç—Ä—É–±—ã –∫–æ—Ç–æ—Ä–æ–≥–æ –ø–æ–¥–Ω–∏–º–∞–µ—Ç—Å—è
—Å–∏–∑—ã–π –¥—ã–º–æ–∫. –ú–µ—Å—Ç–Ω—ã–µ –∂–∏—Ç–µ–ª–∏ —Å –∏–Ω—Ç–µ—Ä–µ—Å–æ–º –∏ –Ω–µ–¥–æ–≤–µ—Ä–∏–µ–º –ø–æ—Å–º–∞—Ç—Ä–∏–≤–∞—é—Ç –Ω–∞ –≤–∞—Å.
[0;36m[ Exits: e w ][0;37m
[1;33m[1;31m–ú–æ–ª–æ–¥–æ–π –æ—Ö—Ä–∞–Ω–Ω–∏–∫ —Å –∫–æ–ø–Ω–æ–π —á–µ—Ä–Ω—ã—Ö –≤–æ–ª–æ—Å —Å—Ç–æ–∏—Ç –∑–¥–µ—Å—å.
–°–µ–ª—è–Ω–∏–Ω –∏–¥–µ—Ç —Å –ø–æ–ª—è –¥–æ–º–æ–π.
[0;0m
[0;32m463H[0;37m [0;32m140M[0;37m 16105–æ –ó–∞—É—á:0 –í—ã—Ö:–í–ó> ˇ˘–í—ã –ø–æ–ø–ª–µ–ª–∏—Å—å –Ω–∞ –≤–æ—Å—Ç–æ–∫.
[1;36m–ü–µ—Ä–µ–¥ —Ç—Ä–∞–∫—Ç–∏—Ä–æ–º [6001][0;37m
   –í—ã –≤—ã—à–ª–∏ –∫ –Ω–µ–±–æ–ª—å—à–æ–º—É –¥–æ–º—É, –ø–æ—Å—Ç—Ä–æ–µ–Ω–Ω–æ–º—É –∏–∑ —Ç–æ–ª—Å—Ç—ã—Ö –±—Ä–µ–≤–µ–Ω. –ò–∑ –ø—Ä–∏–æ—Ç–∫—Ä—ã—Ç–æ–π
–¥–≤–µ—Ä–∏ –ø–æ—Ç—è–Ω—É–ª–∏—Å—å –º–∞–Ω—è—â–∏–µ –∑–∞–ø–∞—Ö–∏. –í–∞–º –Ω–µ —Ç–µ—Ä–ø–∏—Ç—Å—è –≤–æ–π—Ç–∏ –ø–æ—Å–∫–æ—Ä–µ–µ –≤–Ω—É—Ç—Ä—å.
–û–∫–æ–ª–æ –¥–≤–µ—Ä–∏ —Å—Ç–æ–∏—Ç —Å–æ —Å–∫—É—á–∞—é—â–∏–º –≤–∏–¥–æ–º –º–µ—Å—Ç–Ω—ã–π –≤—ã—à–∏–±–∞–ª–∞. –ü—Ä–∏ –≤–∞—à–µ–º –ø—Ä–∏–±–ª–∏–∂–µ–Ω–∏–∏
–æ–Ω –Ω–∞—Å—Ç–æ—Ä–æ–∂–∏–ª—Å—è –∏ –Ω–µ–¥–æ–±—Ä–æ –ø—Ä–∏—â—É—Ä–∏–ª—Å—è. –ó–¥–µ—Å—å –Ω–µ –ª—é–±—è—Ç –¥–µ–±–æ—à–∏—Ä–æ–≤.
[0;36m[ Exits: e s w ][0;37m
[1;33m[1;31m–û–±–ª–µ–∑–ª—ã–π –ø–µ—Å –ø–æ–Ω—É—Ä–æ –±—Ä–µ–¥–µ—Ç –∑–¥–µ—Å—å.
–®–∏—Ä–æ–∫–æ–ø–ª–µ—á–∏–π –æ—Ö—Ä–∞–Ω–Ω–∏–∫ —Å—Ç–æ–∏—Ç –∑–¥–µ—Å—å.
[0;0m
[0;32m463H[0;37m [0;32m140M[0;37m 16105–æ –ó–∞—É—á:0 –í—ã—Ö:–í–Æ–ó> ˇ˘–í—ã –ø–æ–ø–ª–µ–ª–∏—Å—å –Ω–∞ —é–≥.
[1;36m–í —Ç—Ä–∞–∫—Ç–∏—Ä–µ [6000][0;37m
   –í –¥–æ–º–µ –≤–µ—Å—å–º–∞ —É—é—Ç–Ω–æ –∏ —Ç–µ–ø–ª–æ. –£ –¥–∞–ª—å–Ω–µ–π —Å—Ç–µ–Ω–∫–∏ —Å–ª–æ–∂–µ–Ω –Ω–µ–±–æ–ª—å—à–æ–π –æ—á–∞–≥
–∏–∑ –æ–±–æ–∂–∂–µ–Ω–Ω—ã—Ö –≥–ª–∏–Ω—è–Ω—ã—Ö –∫–∏—Ä–ø–∏—á–µ–π. –í–≤–µ—Ä—Ö –≤–µ–¥–µ—Ç –ª–µ—Å—Ç–Ω–∏—Ü–∞ –∫ –∫–æ–º–Ω–∞—Ç–µ –¥–ª—è –æ—Ç–¥—ã—Ö–∞.
–ó–∞ –Ω–µ–±–æ–ª—å—à–∏–º–∏ —Å—Ç–æ–ª–∏–∫–∞–º–∏ —Å–∏–¥—è—Ç –º–µ—Å—Ç–Ω—ã–µ –∂–∏—Ç–µ–ª–∏, –æ–±–º–µ–Ω–∏–≤–∞—é—â–∏–µ—Å—è –Ω–æ–≤–æ—Å—Ç—è–º–∏ –∏
—Å–ª—É—Ö–∞–º–∏. –ü—Ä–∏—è—Ç–Ω—ã–µ –∑–∞–ø–∞—Ö–∏ —â–µ–∫–æ—á—É—Ç –≤–∞–º –Ω–æ—Å, –∂–µ–ª—É–¥–æ–∫ –Ω–∞–ø–æ–º–∏–Ω–∞–µ—Ç –≤–∞–º, —á—Ç–æ –≤—ã
–ø—Ä–æ–¥–µ–ª–∞–ª–∏ –¥–æ–ª–≥–∏–π –ø—É—Ç—å, –Ω–æ–≥–∏ —Ç–∞–∫ –∏ –ø—Ä–æ—Å—è—Ç—Å—è –ø—Ä–∏—Å–µ—Å—Ç—å –Ω–∞ –∫–∞–∫–æ–π-–Ω–∏–±—É–¥—å —Å—Ç—É–ª.
[0;36m[ Exits: n u ][0;37m
[1;33m[1;31m–ù–µ–≤—ã—Å–æ–∫–∏–π —Å–µ–¥–æ–π –º—É–∂—á–∏–Ω–∞ —Å—Ç–æ–∏—Ç –∑–¥–µ—Å—å.
[0;0m
[0;32m463H[0;37m [0;32m139M[0;37m 16105–æ –ó–∞—É—á:0 –í—ã—Ö:–°^> ˇ˘–í—ã –ø–æ–ø–ª–µ–ª–∏—Å—å –≤–≤–µ—Ä—Ö.
[1;36m–ö–æ–º–Ω–∞—Ç–∞ –æ—Ç–¥—ã—Ö–∞ [6049][0;37m
   –ù–µ–±–æ–ª—å—à–∞—è –æ—Å–≤–µ—â–µ–Ω–Ω–∞—è –ª–∞–º–ø–∞–º–∏ –∫–æ–º–Ω–∞—Ç–∞. –û–∫–æ–ª–æ —Å—Ç–µ–Ω —Å—Ç–æ—è—Ç –Ω–µ–±–æ–ª—å—à–∏–µ –ª–µ–∂–∞–Ω–∫–∏,
–Ω–∞ –∫–æ—Ç–æ—Ä—ã–µ –º–æ–∂–Ω–æ –ø—Ä–∏–ª–µ—á—å. –ü–æ–ª —É—Å—Ç–µ–ª–µ–Ω —à–∫—É—Ä–∞–º–∏ —Ä–∞–∑–ª–∏—á–Ω—ã—Ö –∂–∏–≤–æ—Ç–Ω—ã—Ö, –≤—ã–ª–æ–∂–µ–Ω–Ω—ã—Ö
–≤ —Å–≤–æ–µ–æ–±—Ä–∞–∑–Ω—ã–π —É–∑–æ—Ä. –¢—É—Ç —Å–ø–æ–∫–æ–π–Ω–∞—è –∞—Ç–º–æ—Å—Ñ–µ—Ä–∞ –∏ –≤—ã –∑–∞–º–µ—á–∞–µ—Ç–µ, —á—Ç–æ –∑–¥–µ—Å—å –º–æ–∂–Ω–æ
–ø—Ä–µ–∫—Ä–∞—Å–Ω–æ –æ—Ç–¥–æ—Ö–Ω—É—Ç—å –∏ –ø–æ—Å–ø–∞—Ç—å. –í —Å–µ–≤–µ—Ä–Ω–æ–π —Å—Ç–µ–Ω–µ –≤–∏–¥–Ω–∞ –¥–≤–µ—Ä—å, –≤–µ–¥—É—â–∞—è
–≤ –æ—Ç–¥–µ–ª—å–Ω—ã–µ –ø–æ–∫–æ–∏.
[1;32m–°–æ–≤—Å–µ–º –º–∞–ª—ã—Ö, –¥–∞ –Ω–µ –æ–±—É—á–µ–Ω–Ω—ã—Ö —Ç–∞–∫ –∏ —Ç—è–Ω–µ—Ç [1;33m–≤–æ–π—Ç–∏ [1;32m–≤ [1;33m—à–∫–æ–ª—É[1;32m.[0;0m
[0;36m[ Exits: d ][0;37m
[1;33m–ú–∞–ª–µ–Ω—å–∫–∞—è –ª–æ–¥–∫–∞ –≤–∞–ª—è–µ—Ç—Å—è –∑–¥–µ—Å—å –¥–Ω–æ–º –≤–≤–µ—Ä—Ö.
–î–æ—Å–∫–∞ –¥–ª—è —Ä–∞–∑–ª–∏—á–Ω—ã—Ö –∑–∞–º–µ—Ç–æ–∫ –∏ –æ–±—ä—è–≤–ª–µ–Ω–∏–π –ø—Ä–∏–±–∏—Ç–∞ —Ç—É—Ç ..–±–ª–µ—Å—Ç–∏—Ç!
[1;31m–ù–µ–≤—ã—Å–æ–∫–∏–π –º–æ–ª–æ–¥–æ–π –ø–∞—Ä–µ–Ω—å —Å—Ç–æ–∏—Ç –æ–∫–æ–ª–æ –¥–≤–µ—Ä–∏.
[0;0m
[0;32m463H[0;37m [0;32m139M[0;37m 16105–æ –ó–∞—É—á:0 –í—ã—Ö:v> ˇ˘–ú–æ–ª–æ–¥–æ–π —Å–ª—É–≥–∞ —Å–∫–∞–∑–∞–ª –≤–∞–º : "–û–¥–µ—Ç—ã–π —Å–ø–∞—Ç—å –±—É–¥–µ—à—å? –•–º.. –ù—É —Å–º–æ—Ç—Ä–∏, —Ç–æ–≥–¥–∞ –¥–µ—à–µ–≤–ª–µ –≤–æ–∑—å–º—É"
[1;37m - 20 –∫—É–Ω (200 –µ—Å–ª–∏ —Å–Ω—è—Ç—å) –∑–∞ –æ–±—Å–∏–¥–∏–∞–Ω–æ–≤–æ–µ –∫–æ–ª—å—Ü–æ [0;37m
[1;37m - 14 –∫—É–Ω (140 –µ—Å–ª–∏ —Å–Ω—è—Ç—å) –∑–∞ –∫–æ—à–∞—á—å—é —à–∫—É—Ä—É [0;37m
[1;37m - 0 –∫—É–Ω (0 –µ—Å–ª–∏ —Å–Ω—è—Ç—å) –∑–∞ –ª–µ–≥–∫–∏–π –ª–∞—Ç–Ω—ã–π –¥–æ—Å–ø–µ—Ö [0;37m
[1;37m - 3 –∫—É–Ω—ã (25 –µ—Å–ª–∏ —Å–Ω—è—Ç—å) –∑–∞ –ª–µ–≥–∫–∏–µ –ª–∞—Ç–Ω—ã–µ –ø–æ–Ω–æ–∂–∏ [0;37m
[1;37m - 10 –∫—É–Ω (100 –µ—Å–ª–∏ —Å–Ω—è—Ç—å) –∑–∞ –¥—Ä–∞–Ω—ã–µ —Å–∞–ø–æ–≥–∏ [0;37m
[1;37m - 3 –∫—É–Ω—ã (50 –µ—Å–ª–∏ —Å–Ω—è—Ç—å) –∑–∞ –º–µ—Ö–æ–≤—ã–µ —Ä—É–∫–∞–≤–∏—Ü—ã [0;37m
[1;37m - 3 –∫—É–Ω—ã (25 –µ—Å–ª–∏ —Å–Ω—è—Ç—å) –∑–∞ –ª–µ–≥–∫–∏–µ –ª–∞—Ç–Ω—ã–µ –Ω–∞—Ä—É—á–∏ [0;37m
[1;37m - 5 –∫—É–Ω (50 –µ—Å–ª–∏ —Å–Ω—è—Ç—å) –∑–∞ –ª–µ–≥–∫–∏–µ –ª–∞—Ç–Ω—ã–µ –Ω–∞–ø–ª–µ—á–Ω–∏–∫–∏ [0;37m
[1;37m - 5 –∫—É–Ω (100 –µ—Å–ª–∏ —Å–Ω—è—Ç—å) –∑–∞ –¥–æ—Ä–æ–∂–Ω—É—é –∫–æ—Ç–æ–º–∫—É [0;37m
[1;37m - 10 –∫—É–Ω (100 –µ—Å–ª–∏ —Å–Ω—è—Ç—å) –∑–∞ —Ö–æ—Ö–æ–ª–æ–∫ –∫—É–∫—É—à–∫–∏ [0;37m
[1;37m - 10 –∫—É–Ω (100 –µ—Å–ª–∏ —Å–Ω—è—Ç—å) –∑–∞ —Ö–æ—Ö–æ–ª–æ–∫ –∫—É–∫—É—à–∫–∏ [0;37m
[1;37m - 10 –∫—É–Ω (25 –µ—Å–ª–∏ —Å–Ω—è—Ç—å) –∑–∞ –∫—Ä–µ–ø–∫—É—é –ø–∞–ª–∫—É [0;37m
[1;37m - 3 –∫—É–Ω—ã (30 –µ—Å–ª–∏ —Å–Ω—è—Ç—å) –∑–∞ –º–∞–ª–µ–Ω—å–∫—É—é —Ç—è–ø–∫—É [0;37m
–ú–æ–ª–æ–¥–æ–π —Å–ª—É–≥–∞ —Å–∫–∞–∑–∞–ª –≤–∞–º : "–≠—Ç–æ —è –≤ —á—É–ª–∞–Ω–µ –∑–∞–ø—Ä—É:"
 - 2 –∫—É–Ω—ã –∑–∞ –º–∞–ª—ã–π –º–µ—Ö 
 - 4 –∫—É–Ω—ã (40 –µ—Å–ª–∏ –Ω–∞–¥–µ—Ç—å) –∑–∞ –¥—ã—Ä—è–≤—É—é —à–ª—è–ø—É 
 - 5 –∫—É–Ω (5 –µ—Å–ª–∏ –Ω–∞–¥–µ—Ç—å) –∑–∞ —Ö–æ–ª—â–æ–≤—ã–π –º–µ—à–æ–∫ 
 - 0 –∫—É–Ω –∑–∞ –ª–æ–º–æ—Ç—å —Ö–ª–µ–±–∞ [2] 
 - 7 –∫—É–Ω (1 –µ—Å–ª–∏ –Ω–∞–¥–µ—Ç—å) –∑–∞ –±—Ä–æ–Ω–∑–æ–≤—ã–π —Å—Ç–∏–ª–µ—Ç 
–ú–æ–ª–æ–¥–æ–π —Å–ª—É–≥–∞ —Å–∫–∞–∑–∞–ª –≤–∞–º : "–ò –µ—â–µ 34 –∫—É–Ω—ã –º–Ω–µ –Ω–∞ —Å–±–∏—Ç–µ–Ω—å —Å –º–µ–¥–æ–≤—É—Ö–æ–π :)"
–ú–æ–ª–æ–¥–æ–π —Å–ª—É–≥–∞ —Å–∫–∞–∑–∞–ª –≤–∞–º : "–í —Å—É–º–º–µ —ç—Ç–æ —Å–æ—Å—Ç–∞–≤–∏—Ç 148 –∫—É–Ω –≤ –¥–µ–Ω—å ."
–ú–æ–ª–æ–¥–æ–π —Å–ª—É–≥–∞ —Å–∫–∞–∑–∞–ª –≤–∞–º :

"–ü–æ—Å—Ç–æ–π –æ–±–æ–π–¥–µ—Ç—Å—è —Ç–µ–±–µ –≤ 148 –∫—É–Ω."
"–¢–≤–æ–∏—Ö –¥–µ–Ω–µ–≥ —Ö–≤–∞—Ç–∏—Ç –Ω–∞ 15 –¥–Ω–µ–π."
–ú–æ–ª–æ–¥–æ–π —Å–ª—É–≥–∞ –∑–∞–ø–µ—Ä –≤–∞—à–∏ –≤–µ—â–∏ –≤ —Å—É–Ω–¥—É–∫ –∏ –ø–æ–≤–µ–ª –≤ —Ç–µ—Å–Ω—É—é –∫–∞–º–æ—Ä–∫—É.

0) –û—Ç—Å–æ–µ–¥–∏–Ω–∏—Ç—å—Å—è.
1) –ù–∞—á–∞—Ç—å –∏–≥—Ä—É.
2) –í–≤–µ—Å—Ç–∏ –æ–ø–∏—Å–∞–Ω–∏–µ –≤–∞—à–µ–≥–æ –ø–µ—Ä—Å–æ–Ω–∞–∂–∞.
3) –£–∑–Ω–∞—Ç—å –∏—Å—Ç–æ—Ä–∏—é.
4) –ò–∑–º–µ–Ω–∏—Ç—å –ø–∞—Ä–æ–ª—å.
5) –£–¥–∞–ª–∏—Ç—å –ø–µ—Ä—Å–æ–Ω–∞–∂–∞.
6) –ò–∑–º–µ–Ω–∏—Ç—å –ø–∞—Ä–∞–º–µ—Ç—Ä—ã –ø–µ—Ä—Å–æ–Ω–∞–∂–∞.
7) –í–∫–ª—é—á–∏—Ç—å/–≤—ã–∫–ª—é—á–∏—Ç—å —Ä–µ–∂–∏–º —Å–ª–µ–ø–æ–≥–æ –∏–≥—Ä–æ–∫–∞.
8) –ü–æ—Å–º–æ—Ç—Ä–µ—Ç—å –≤—Å–µ—Ö –ø–µ—Ä—Å–æ–Ω–∞–∂–µ–π –Ω–∞ –¥–∞–Ω–Ω–æ–º email'e.

   –ß–µ–≥–æ –≤–∞—à–∞ –¥—É—à–∞ –∂–µ–ª–∞–µ—Ç? ˇ˘
–≠—Ç–æ –Ω–µ –µ—Å—Ç—å –ø—Ä–∞–≤–∏–ª—å–Ω—ã–π –æ—Ç–≤–µ—Ç!

0) –û—Ç—Å–æ–µ–¥–∏–Ω–∏—Ç—å—Å—è.
1) –ù–∞—á–∞—Ç—å –∏–≥—Ä—É.
2) –í–≤–µ—Å—Ç–∏ –æ–ø–∏—Å–∞–Ω–∏–µ –≤–∞—à–µ–≥–æ –ø–µ—Ä—Å–æ–Ω–∞–∂–∞.
3) –£–∑–Ω–∞—Ç—å –∏—Å—Ç–æ—Ä–∏—é.
4) –ò–∑–º–µ–Ω–∏—Ç—å –ø–∞—Ä–æ–ª—å.
5) –£–¥–∞–ª–∏—Ç—å –ø–µ—Ä—Å–æ–Ω–∞–∂–∞.
6) –ò–∑–º–µ–Ω–∏—Ç—å –ø–∞—Ä–∞–º–µ—Ç—Ä—ã –ø–µ—Ä—Å–æ–Ω–∞–∂–∞.
7) –í–∫–ª—é—á–∏—Ç—å/–≤—ã–∫–ª—é—á–∏—Ç—å —Ä–µ–∂–∏–º —Å–ª–µ–ø–æ–≥–æ –∏–≥—Ä–æ–∫–∞.
8) –ü–æ—Å–º–æ—Ç—Ä–µ—Ç—å –≤—Å–µ—Ö –ø–µ—Ä—Å–æ–Ω–∞–∂–µ–π –Ω–∞ –¥–∞–Ω–Ω–æ–º email'e.

   –ß–µ–≥–æ –≤–∞—à–∞ –¥—É—à–∞ –∂–µ–ª–∞–µ—Ç? ˇ˘
–î–æ –≤—Å—Ç—Ä–µ—á–∏ –Ω–∞ –∑–µ–º–ª–µ –ö–∏–µ–≤—Å–∫–æ–π.
–í —Å–ª—É—á–∞–µ –≤–∞—à–µ–≥–æ –æ—Ç—Å—É—Ç—Å—Ç–≤–∏—è –ø–µ—Ä—Å–æ–Ω–∞–∂ –±—É–¥–µ—Ç —Ö—Ä–∞–Ω–∏—Ç—å—Å—è –¥–æ 05:43:43 19 –ò—é–Ω—è 2020 –≥–æ–¥–∞ –Ω–∞—à–µ–π —ç—Ä—ã :).
ˇ˘