ˇ˚Eˇ˚Vˇ˚U
Online: 144

Using keytable
  0) Koi-8
  1) Alt
  2) Windows(JMC,MMC)
  3) Windows(zMUD)
  4) Windows(zMUD 'z')
  5) UTF-8
  6) Windows(zMUD <6.39)
  9) TECT...
Select one :  -----------------------------------------------------------------------------                   
          Based On CircleMUD v3.0   Created by Jeremy Elson,   
          DikuMUD Gamma 0.0  by Sebastian Hammer, Michael Seifert, 
          Hans Henrik Staerfeldt, Tom Madsen, Katja Nyboe
 _____________________________________________________________________________

    #######
    ##    
    ##        ####    ####      ####  ####  ####  ####  ####  ####    ####
    #######    ######  ##     ## ##    ##  ####    ##    ##    ######  ##
    ##    ##   ##   ## ##    ##  ##    ####  ##    ########    ##   ## ##
    ##    ##   ##   ## ##    ##  ##    ###   ##    ##    ##    ##   ## ##
    #######   ####### ####  ###  ###  ####  ####  ####  ####  ####### ####

                   –ü–û –ü–†–ï–î–ê–ù–ò–Ø–ú –†–£–°–°–ö–ò–• –ù–ê–†–û–î–ù–´–• –°–ö–ê–ó–û–ö –ò –ë–´–õ–ò–ù.

             –ü–æ –∞–¥–º–∏–Ω–∏—Å—Ç—Ä–∞—Ç–∏–≤–Ω—ã–º –≤–æ–ø—Ä–æ—Å–∞–º –º–æ–∂–µ—Ç–µ —Å–≤—è–∑–∞—Ç—å—Å—è —Å –°—Ç—Ä–∏–±–æ–≥–æ–º
                          e-mail: stribog@bylins.su

                      –ü–æ—Å–µ—Ç–∏—Ç–µ –Ω–∞—à —Å–∞–π—Ç: www.bylins.su
                –î–ª—è –±–æ–ª–µ–µ –ø–æ–¥—Ä–æ–±–Ω–æ–π –∏–≥—Ä–æ–≤–æ–π –∏–Ω—Ñ–æ—Ä–º–∞—Ü–∏–∏ –ø–æ—Å–µ—Ç–∏—Ç–µ 
                         https://wiki.bylins.su

–í–≤–µ–¥–∏—Ç–µ –∏–º—è –ø–µ—Ä—Å–æ–Ω–∞–∂–∞ (–∏–ª–∏ "–Ω–æ–≤—ã–π" –¥–ª—è —Å–æ–∑–¥–∞–Ω–∏—è –Ω–æ–≤–æ–≥–æ): –ü–µ—Ä—Å–æ–Ω–∞–∂ —Å —Ç–∞–∫–∏–º –∏–º–µ–Ω–µ–º —É–∂–µ —Å—É—â–µ—Å—Ç–≤—É–µ—Ç. –í–≤–µ–¥–∏—Ç–µ –ø–∞—Ä–æ–ª—å : ˇ˘

–ü–æ—Å–ª–µ–¥–Ω–∏–π —Ä–∞–∑ –≤—ã –∑–∞—Ö–æ–¥–∏–ª–∏ –∫ –Ω–∞–º –≤ 09:50:31 23 –ù–æ—è–±—Ä—è 2021 –≥–æ–¥–∞ —Å –∞–¥—Ä–µ—Å–∞ (69.181.166.191).

* –í —Å–≤—è–∑–∏ —Å –ø—Ä–æ–±–ª–µ–º–∞–º–∏ –ø–µ—Ä–µ–≤–æ–¥–∞ —Ñ—Ä–∞–∑—ã ANYKEY –Ω–∞–∂–º–∏—Ç–µ ENTER *ˇ˘
  –î–æ–±—Ä–æ –ø–æ–∂–∞–ª–æ–≤–∞—Ç—å –Ω–∞ –∑–µ–º–ª—é –ö–∏–µ–≤—Å–∫—É—é, –±–æ–≥–∞—Ç—É—é –∏—Å—Ç–æ—Ä–∏–µ–π –∏ —Å–∞–º—ã–º–∏ –Ω–µ–≤–µ—Ä–æ—è—Ç–Ω—ã–º–∏
–ø—Ä–∏–∫–ª—é—á–µ–Ω–∏—è–º–∏. –í–æ–∑–º–æ–∂–Ω–æ, –≤–∞–º –æ–Ω–∏ –ø–æ–Ω—Ä–∞–≤—è—Ç—Å—è, –∏ –≤—ã —Å—Ç–∞–Ω–µ—Ç–µ –≤ –æ–¥–∏–Ω —Ä—è–¥ —Å –≥–µ—Ä–æ—è–º–∏
–¥–∞–≤–Ω–æ –º–∏–Ω—É–≤—à–∏—Ö –¥–Ω–µ–π.

[1;37m** –ù–∞ —Å–µ–π —Ä–∞–∑ –ø–æ—Å—Ç–æ–π –±—ã–ª –±–µ—Å–ø–ª–∞—Ç–Ω—ã–º **[0;37m

–í–∞—Å –æ–∂–∏–¥–∞—é—Ç —Å–æ–æ–±—â–µ–Ω–∏—è:
   1 –≤ —Ä–∞–∑–¥–µ–ª–µ '–°–æ–æ–±—â–µ–Ω–∏—è –æ—Ç –∞–¥–º–∏–Ω–∏—Å—Ç—Ä–∞—Ü–∏–∏' [1;37m(–ê–Ω–æ–Ω—Å—ã)[0;37m.
[1;36m–ö–æ–º–Ω–∞—Ç—ã –æ—Ç–¥—ã—Ö–∞ [5000][0;37m
   –•–æ–∑—è–∏–Ω —É—Å—Ç—Ä–æ–∏–ª –∑–¥–µ—Å—å –∫–æ–º–Ω–∞—Ç—ã –¥–ª—è –æ—Ç–¥—ã—Ö–∞. –õ—é–±–æ–π –∂–µ–ª–∞—é—â–∏–π –º–æ–∂–µ—Ç –æ—Å—Ç–∞–Ω–æ–≤–∏—Ç—å—Å—è
–∑–¥–µ—Å—å –∏ –ø–µ—Ä–µ–¥–æ—Ö–Ω—É—Ç—å –ø–æ—Å–ª–µ –¥–∞–ª—å–Ω–µ–π –¥–æ—Ä–æ–≥–∏. –°–≤–µ—Ç–ª—ã–µ –≥–æ—Ä–Ω–∏—Ü—ã —Ç–∞–∫ –∏ –ø—Ä–∏–≥–ª–∞—à–∞—é—Ç
–ø—Ä–æ–π—Ç–∏ –≤ –Ω–∏—Ö –∏ —Ä–∞—Å—Ç—è–Ω—É—Ç—å—Å—è –Ω–∞ –ø–µ—Ä–∏–Ω–µ, –Ω–∞ –ø—É—Ö–æ–≤–æ–π –¥–∞ –∑–∞–±—ã—Ç—å—Å—è —Å–Ω–æ–º –±–æ–≥–∞—Ç—ã—Ä—Å–∫–∏–º.
–ó–¥–µ—Å—å –∂–µ –º–æ–∂–Ω–æ –ø–æ–¥–æ–∂–¥–∞—Ç—å —Å–≤–æ–∏—Ö –∫–æ–º–ø–∞–Ω—å–æ–Ω–æ–≤ –ø–µ—Ä–µ–¥ –¥–æ–ª–≥–æ–π –¥–æ—Ä–æ–≥–æ–π, –ø–æ–≥–æ–≤–æ—Ä–∏—Ç—å
–æ –¥–∞–ª—å–Ω–µ–π—à–∏—Ö –ø–ª–∞–Ω–∞—Ö.
[1;32m–°–æ–≤—Å–µ–º –º–∞–ª—ã—Ö, –¥–∞ –Ω–µ –æ–±—É—á–µ–Ω–Ω—ã—Ö —Ç–∞–∫ –∏ —Ç—è–Ω–µ—Ç [1;33m–≤–æ–π—Ç–∏ [1;32m–≤ [1;33m—à–∫–æ–ª—É[1;32m.[0;0m
[0;36m[ Exits: d ][0;37m
[1;33m–î–æ—Å–∫–∞ –¥–ª—è —Ä–∞–∑–ª–∏—á–Ω—ã—Ö –∑–∞–º–µ—Ç–æ–∫ –∏ –æ–±—ä—è–≤–ª–µ–Ω–∏–π –ø—Ä–∏–±–∏—Ç–∞ —Ç—É—Ç ..–±–ª–µ—Å—Ç–∏—Ç!
[1;31m–•–æ–∑—è–π–∫–∞ –ø–æ—Å—Ç–æ—è–ª–æ–≥–æ –¥–≤–æ—Ä–∞ —Ä–∞—Å–ø–æ—Ä—è–∂–∞–µ—Ç—Å—è –∑–¥–µ—Å—å.
[0;0m
–î–µ—Ä–µ–≤–Ω—è —É —Ä–µ–∫–∏ (2-–∞—è —Ä–æ–¥–æ–≤–∞—è).

[0;32m67H[0;37m [0;32m86M[0;37m 607–æ –ó–∞—É—á:0 –í—ã—Ö:v> ˇ˘[1] 13:55 22-11-2021 (–°—Ç—Ä–∏–±–æ–≥) :: –±–æ–Ω—É—Å

–í–µ—Ä–Ω—É–ª–∏ –∑–∞ —Ä–µ–¥–∫–æ–µ —É–±–∏–π—Å—Ç–≤–æ –º–æ–±–æ–≤.


[0;32m67H[0;37m [0;32m86M[0;37m 607–æ –ó–∞—É—á:0 –í—ã—Ö:v> ˇ˘–í—ã –ø–æ–ø–ª–µ–ª–∏—Å—å –≤–Ω–∏–∑.
[1;36m–ü–æ—Å—Ç–æ—è–ª—ã–π –¥–≤–æ—Ä [5001][0;37m
   –î–µ—Ä–µ–≤–Ω—è —Ö–æ—Ç—å –∏ –Ω–µ–±–æ–ª—å—à–∞—è, –Ω–æ –ø–æ—Å—Ç–æ—è–ª—ã–π –¥–≤–æ—Ä –∏–º–µ–µ—Ç—Å—è, –¥–ª—è –∑–∞–µ–∑–∂–∏—Ö –≥–æ—Å—Ç–µ–π,
—á—Ç–æ–±—ã –±—ã–ª–æ –≥–¥–µ –ø–µ—Ä–µ–≤–µ—Å—Ç–∏ –¥—É—Ö, –µ–¥–æ–π –∏ –ø–∏—Ç—å–µ–º –∑–∞–ø–∞—Å—Ç–∏—Å—å. –ê –µ—Å–ª–∏ –Ω–∞ –¥–≤–æ—Ä–µ —É–∂
–Ω–æ—á—å –∏–ª—å –ø—Ä–æ—Å—Ç–æ –Ω–∞–¥–æ –æ—Å—Ç–∞–Ω–æ–≤–∏—Ç—Å—è –Ω–∞ –¥–µ–Ω—å –¥—Ä—É–≥–æ–π –≤ –¥–µ—Ä–µ–≤–Ω–µ, –∞ —Ä–æ–¥—Å—Ç–≤–µ–Ω–Ω–∏–∫–æ–≤
–Ω–µ—Ç, —Ç–∞–∫ –º–æ–∂–Ω–æ –∏ –ø–µ—Ä–µ–Ω–æ—á–µ–≤–∞—Ç—å –≤ –≥–æ—Ä–Ω–∏—Ü–∞—Ö –Ω–∞–≤–µ—Ä—Ö—É.
[0;36m[ Exits: w u ][0;37m
[1;33m[1;31m–ü–æ–∂–∏–ª–æ–π —à–∏—Ä–æ–∫–æ–ø–ª–µ—á–∏–π –∫—Ä–µ—Å—Ç—å—è–Ω–∏–Ω –≤ –¥–æ–±—Ä–æ—Ç–Ω–æ–π –æ–¥–µ–∂–¥–µ –ø—Ä–æ—Ö–∞–∂–∏–≤–∞–µ—Ç—Å—è —Ç—É—Ç.
–°–µ–¥–æ–≤–ª–∞—Å—ã–π —Å–∫–∞–∑–∏—Ç–µ–ª—å –≥–æ—Ç–æ–≤ –ø–æ–¥–µ–ª–∏—Ç—å—Å—è —Å –í–∞–º–∏ –∏–Ω—Ç–µ—Ä–µ—Å–Ω–æ–π –∏—Å—Ç–æ—Ä–∏–µ–π.
–¢—Ä–∞–∫—Ç–∏—Ä—â–∏–∫ –æ—Ç–¥—ã—Ö–∞–µ—Ç –∑–∞ —Å—Ç–æ–π–∫–æ–π.
[0;0m
[0;32m67H[0;37m [0;32m85M[0;37m 607–æ –ó–∞—É—á:0 –í—ã—Ö:–ó^> ˇ˘
[0;32m67H[0;37m [0;32m85M[0;37m 607–æ –ó–∞—É—á:0 –í—ã—Ö:–ó^> ˇ˘–í—ã –ø–æ–ø–ª–µ–ª–∏—Å—å –Ω–∞ –∑–∞–ø–∞–¥.
[1;36m–ü–µ—Ä–µ–¥ –ø–æ—Å—Ç–æ—è–ª—ã–º –¥–≤–æ—Ä–æ–º [5005][0;37m
   –ß—É—Ç—å –Ω–µ —Å–ø–æ—Ç–∫–Ω—É–≤—à–∏—Å—å –æ –¥–æ—Å–∫—É, –ª–µ–∂–∞—â—É—é —Å—Ä–∞–∑—É —É –ø–æ—Ä–æ–≥–∞ –ø–æ—Å—Ç–æ—è–ª–æ–≥–æ –¥–≤–æ—Ä–∞,
–≤—ã –æ–∫–∞–∑–∞–ª–∏—Å—å –Ω–∞ —Ü–µ–Ω—Ç—Ä–∞–ª—å–Ω–æ–π —É–ª–∏—Ü–µ –¥–µ—Ä–µ–≤–Ω–∏. –ò–º–µ–Ω–Ω–æ –Ω–∞ —ç—Ç–æ–π —É–ª–∏—Ü–µ –º–æ–∂–Ω–æ 
–±—ã—Å—Ç—Ä–æ –Ω–∞–π—Ç–∏ –ª–∞–≤–∫—É —Ä–µ–º–µ—Å–ª–µ–Ω–Ω–∏–∫–∞, –¥–æ–º –∑–Ω–∞—Ö–∞—Ä—è, –∫–æ–Ω—é—à–Ω—é –∏ –¥–æ–º —Å—Ç–∞—Ä–µ–π—à–∏–Ω—ã.
–í —é–∂–Ω–æ–π —á–∞—Å—Ç–∏ –¥–µ—Ä–µ–≤–Ω–∏ –ø–æ—Å–µ–ª–∏–ª–∏—Å—å –≤–æ—Ä–æ–∂–µ–∏.
[0;36m[ Exits: n e s w ][0;37m
[1;33m–£ –≤–∞—à–∏—Ö –Ω–æ–≥ –ª–µ–∂–∏—Ç –≥–ª–∏–Ω—è–Ω–∞—è –ø–ª–æ—à–∫–∞.
–ù–µ–º–Ω–æ–≥–æ –æ—Ç—Ä—É–±–µ–π –ø—Ä–æ—Å—ã–ø–∞–Ω–æ –∑–¥–µ—Å—å.
[1;31m–ú–æ–ª–æ–¥–æ–π –ø–∞—Ä–µ–Ω—å –≥—É–ª—è–µ—Ç –∑–¥–µ—Å—å.
[0;0m
[0;32m67H[0;37m [0;32m85M[0;37m 607–æ –ó–∞—É—á:0 –í—ã—Ö:–°–í–Æ–ó> ˇ˘
[0;32m67H[0;37m [0;32m85M[0;37m 607–æ –ó–∞—É—á:0 –í—ã—Ö:–°–í–Æ–ó> ˇ˘
[1;33m–ë–∞–∑–∞—Ä : –ª–æ—Ç 585(—Ä—É–∫–∞–≤–∏—Ü—ã –Ω–µ–∑—Ä–∏–º–æ–≥–æ —É–¥–∞—Ä–∞) –ø—Ä–æ–¥–∞–Ω—ã –∑–∞ 50000 –∫—É–Ω.

[0;0m
[0;32m67H[0;37m [0;32m86M[0;37m 607–æ –ó–∞—É—á:0 –í—ã—Ö:–°–í–Æ–ó> ˇ˘
–ü–æ–º–æ—â–Ω–∏–∫ –¥–µ—Ä–µ–≤–µ–Ω—Å–∫–æ–≥–æ —Å—Ç–∞—Ä–æ—Å—Ç—ã –ø—Ä–∏—à–µ–ª —Å –≤–æ—Å—Ç–æ–∫–∞.

[0;32m67H[0;37m [0;32m86M[0;37m 607–æ –ó–∞—É—á:0 –í—ã—Ö:–°–í–Æ–ó> ˇ˘–ò–∑–≤–∏–Ω–∏—Ç–µ, –Ω–µ —Å–º–æ–≥ —Ä–∞–∑–æ–±—Ä–∞—Ç—å –∫–æ–º–∞–Ω–¥—É.

[0;32m67H[0;37m [0;32m86M[0;37m 607–æ –ó–∞—É—á:0 –í—ã—Ö:–°–í–Æ–ó> ˇ˘–í—ã –ø–æ–ø–ª–µ–ª–∏—Å—å –Ω–∞ —é–≥.
[1;36m–¶–µ–Ω—Ç—Ä –¥–µ—Ä–µ–≤–Ω–∏ [5004][0;37m
   –¶–µ–Ω—Ç—Ä–∞–ª—å–Ω–∞—è —á–∞—Å—Ç—å –¥–µ—Ä–µ–≤–Ω–∏ –∑–∞–ø–æ–ª–Ω–µ–Ω–∞ –Ω—É–∂–Ω—ã–º–∏ –≤—Å–µ–º –º–∞—Å—Ç–µ—Ä—Å–∫–∏–º–∏ –∏ –ª–∞–≤–∫–∞–º–∏.
–£–¥–∞—á–Ω–æ–µ –º–µ—Å—Ç–æ –¥–µ—Ä–µ–≤–Ω–∏ –≤ –Ω–µ–∑–∞–ø–∞–º—è—Ç–Ω—ã–µ –≤—Ä–µ–º–µ–Ω–∞ –ø—Ä–∏–≤–ª–µ–∫–ª–æ —Å—é–¥–∞ —Ç–æ—Ä–≥–æ–≤—Ü–µ–≤ –∏
–º–∞—Å—Ç–µ—Ä–æ–≤—ã—Ö, –∏ —Å —Ç–µ—Ö –ø–æ—Ä –ø–æ–≤–µ–ª–æ—Å—å, —á—Ç–æ –≤ —ç—Ç–æ–π —á–∞—Å—Ç–∏ –¥–µ—Ä–µ–≤–Ω–∏ —Å—Ç–æ—è—Ç –±–æ–ª—å—à–∏–µ –∏
–±–æ–≥–∞—Ç—ã–µ –¥–æ–º–∞. –°–æ –≤—Å–µ–π –æ–∫—Ä—É–≥–∏ –∏ –¥–∞–∂–µ –∏–∑ –¥–∞–ª–µ–∫–æ–π –≥–ª—É—à–∏ –ø—Ä–∏—Ö–æ–¥—è—Ç –ª—é–¥–∏ —Å—é–¥–∞
–∑–∞ —Ç–æ–≤–∞—Ä–æ–º –∫—É–ø–∏—Ç—å —á—Ç–æ, –ø—Ä–æ–¥–∞—Ç—å —á—Ç–æ, –∑–∞–∫–∞–∑–∞—Ç—å —á—Ç–æ.
[0;36m[ Exits: n s w ][0;37m
[1;33m[1;31m–ë–∞–∑–∞—Ä–Ω—ã–π –∑–∞–∑—ã–≤–∞–ª–∞ —Å—Ç–æ–∏—Ç –∑–¥–µ—Å—å, –∑—ã—á–Ω—ã–º –≥–æ–ª–æ—Å–æ–º —Ä–∞—Å—Ö–≤–∞–ª–∏–≤–∞—è –≤—ã—Å—Ç–∞–≤–ª–µ–Ω–Ω—ã–π —Ç–æ–≤–∞—Ä.
[0;0m
[0;32m67H[0;37m [0;32m85M[0;37m 607–æ –ó–∞—É—á:0 –í—ã—Ö:–°–Æ–ó> ˇ˘–ù–æ –≤—ã –Ω–µ –∑–Ω–∞–µ—Ç–µ –∫–∞–∫.

[0;32m67H[0;37m [0;32m86M[0;37m 607–æ –ó–∞—É—á:0 –í—ã—Ö:–°–Æ–ó> ˇ˘–í—ã –ø–æ–ø–ª–µ–ª–∏—Å—å –Ω–∞ —é–≥.
[1;36m–ü–µ—Ä–µ–¥ –∫–æ–Ω—é—à–Ω–µ–π [5003][0;37m
   –¶–µ–Ω—Ç—Ä–∞–ª—å–Ω–∞—è —á–∞—Å—Ç—å –¥–µ—Ä–µ–≤–Ω–∏ –∑–∞–ø–æ–ª–Ω–µ–Ω–∞ –Ω—É–∂–Ω—ã–º–∏ –≤—Å–µ–º –º–∞—Å—Ç–µ—Ä—Å–∫–∏–º–∏ –∏ –ª–∞–≤–∫–∞–º–∏.
–£–¥–∞—á–Ω–æ–µ –º–µ—Å—Ç–æ –¥–µ—Ä–µ–≤–Ω–∏ –≤ –Ω–µ–∑–∞–ø–∞–º—è—Ç–Ω—ã–µ –≤—Ä–µ–º–µ–Ω–∞ –ø—Ä–∏–≤–ª–µ–∫–ª–æ —Å—é–¥–∞ —Ç–æ—Ä–≥–æ–≤—Ü–µ–≤ –∏
–º–∞—Å—Ç–µ—Ä–æ–≤—ã—Ö, –∏ —Å —Ç–µ—Ö –ø–æ—Ä –ø–æ–≤–µ–ª–æ—Å—å, —á—Ç–æ –≤ —ç—Ç–æ–π —á–∞—Å—Ç–∏ –¥–µ—Ä–µ–≤–Ω–∏ —Å—Ç–æ—è—Ç –±–æ–ª—å—à–∏–µ –∏
–±–æ–≥–∞—Ç—ã–µ –¥–æ–º–∞. –°–æ –≤—Å–µ–π –æ–∫—Ä—É–≥–∏ –∏ –¥–∞–∂–µ –∏–∑ –¥–∞–ª–µ–∫–æ–π –≥–ª—É—à–∏ –ø—Ä–∏—Ö–æ–¥—è—Ç –ª—é–¥–∏ —Å—é–¥–∞
–∑–∞ —Ç–æ–≤–∞—Ä–æ–º –∫—É–ø–∏—Ç—å —á—Ç–æ, –ø—Ä–æ–¥–∞—Ç—å —á—Ç–æ, –∑–∞–∫–∞–∑–∞—Ç—å —á—Ç–æ.
[0;36m[ Exits: n e s w ][0;37m
[1;33m[1;31m[0;0m
[0;32m67H[0;37m [0;32m85M[0;37m 607–æ –ó–∞—É—á:0 –í—ã—Ö:–°–í–Æ–ó> ˇ˘–í—ã –ø–æ–ø–ª–µ–ª–∏—Å—å –Ω–∞ –≤–æ—Å—Ç–æ–∫.
[1;36m–ö–æ–Ω—é—à–Ω—è [5002][0;37m
   –ü–æ–∫–æ—Å–∏–≤—à–∏–µ—Å—è –≤–æ—Ä–æ—Ç–∞ –∂–∞–ª–æ–±–Ω–æ —Å–∫—Ä–∏–ø—è—Ç –Ω–∞ –Ω–µ—Å–º–∞–∑–∞–Ω–Ω—ã—Ö –ø–µ—Ç–ª—è—Ö. –í–¥–æ–ª—å —Å—Ç–µ–Ω
—Ä–∞—Å–ø–æ–ª–æ–∂–µ–Ω—ã —Å—Ç–æ–π–ª–∞ —Å –ª–æ—à–∞–¥—å–º–∏. –ó–¥–µ—Å—å –º–æ–∂–Ω–æ –æ—Å—Ç–∞–≤–∏—Ç—å —Å–≤–æ–µ–≥–æ –≤–µ—Ä–Ω–æ–≥–æ —Å–∫–∞–∫—É–Ω–∞
–∏–ª–∏ –≤—ã–±—Ä–∞—Ç—å –Ω–æ–≤–æ–≥–æ –∑–∞ —É–º–µ—Ä–µ–Ω–Ω—É—é –ø–ª–∞—Ç—É. –ë–µ–∑–ª–æ—à–∞–¥–Ω—ã–º –¥–∞–ª–µ–∫–æ –Ω–µ —É–π–¥–µ—à—å –ø–æ
–±–µ—Å–∫—Ä–∞–π–Ω–∏–º –ø—Ä–æ—Å—Ç–æ—Ä–∞–º —Ä—É—Å—Å–∫–∏–º.
[0;36m[ Exits: w ][0;37m
[1;33m[1;31m–ö–æ–Ω—å —Å—Ç–æ–∏—Ç –∑–¥–µ—Å—å.
–ö–æ–Ω—å —Å—Ç–æ–∏—Ç –∑–¥–µ—Å—å.
–ö–æ–Ω—å —Å—Ç–æ–∏—Ç –∑–¥–µ—Å—å.
–ö–æ–Ω—é—Ö —Å—Ç–æ–∏—Ç –∑–¥–µ—Å—å, —Å –∏–Ω—Ç–µ—Ä–µ—Å–æ–º –ø–æ–≥–ª—è–¥—ã–≤–∞—è –ø–æ —Å—Ç–æ—Ä–æ–Ω–∞–º.
[0;0m
[0;32m67H[0;37m [0;32m85M[0;37m 607–æ –ó–∞—É—á:0 –í—ã—Ö:–ó> ˇ˘–í—ã –ø–æ–ø–ª–µ–ª–∏—Å—å –Ω–∞ –∑–∞–ø–∞–¥.
[1;36m–ü–µ—Ä–µ–¥ –∫–æ–Ω—é—à–Ω–µ–π [5003][0;37m
   –¶–µ–Ω—Ç—Ä–∞–ª—å–Ω–∞—è —á–∞—Å—Ç—å –¥–µ—Ä–µ–≤–Ω–∏ –∑–∞–ø–æ–ª–Ω–µ–Ω–∞ –Ω—É–∂–Ω—ã–º–∏ –≤—Å–µ–º –º–∞—Å—Ç–µ—Ä—Å–∫–∏–º–∏ –∏ –ª–∞–≤–∫–∞–º–∏.
–£–¥–∞—á–Ω–æ–µ –º–µ—Å—Ç–æ –¥–µ—Ä–µ–≤–Ω–∏ –≤ –Ω–µ–∑–∞–ø–∞–º—è—Ç–Ω—ã–µ –≤—Ä–µ–º–µ–Ω–∞ –ø—Ä–∏–≤–ª–µ–∫–ª–æ —Å—é–¥–∞ —Ç–æ—Ä–≥–æ–≤—Ü–µ–≤ –∏
–º–∞—Å—Ç–µ—Ä–æ–≤—ã—Ö, –∏ —Å —Ç–µ—Ö –ø–æ—Ä –ø–æ–≤–µ–ª–æ—Å—å, —á—Ç–æ –≤ —ç—Ç–æ–π —á–∞—Å—Ç–∏ –¥–µ—Ä–µ–≤–Ω–∏ —Å—Ç–æ—è—Ç –±–æ–ª—å—à–∏–µ –∏
–±–æ–≥–∞—Ç—ã–µ –¥–æ–º–∞. –°–æ –≤—Å–µ–π –æ–∫—Ä—É–≥–∏ –∏ –¥–∞–∂–µ –∏–∑ –¥–∞–ª–µ–∫–æ–π –≥–ª—É—à–∏ –ø—Ä–∏—Ö–æ–¥—è—Ç –ª—é–¥–∏ —Å—é–¥–∞
–∑–∞ —Ç–æ–≤–∞—Ä–æ–º –∫—É–ø–∏—Ç—å —á—Ç–æ, –ø—Ä–æ–¥–∞—Ç—å —á—Ç–æ, –∑–∞–∫–∞–∑–∞—Ç—å —á—Ç–æ.
[0;36m[ Exits: n e s w ][0;37m
[1;33m[1;31m[0;0m
[0;32m67H[0;37m [0;32m85M[0;37m 607–æ –ó–∞—É—á:0 –í—ã—Ö:–°–í–Æ–ó> ˇ˘–í—ã –ø–æ–ø–ª–µ–ª–∏—Å—å –Ω–∞ —é–≥.
[1;36m–¶–µ–Ω—Ç—Ä –¥–µ—Ä–µ–≤–Ω–∏ [5009][0;37m
   –¶–µ–Ω—Ç—Ä–∞–ª—å–Ω–∞—è —á–∞—Å—Ç—å –¥–µ—Ä–µ–≤–Ω–∏ –∑–∞–ø–æ–ª–Ω–µ–Ω–∞ –Ω—É–∂–Ω—ã–º–∏ –≤—Å–µ–º –º–∞—Å—Ç–µ—Ä—Å–∫–∏–º–∏ –∏ –ª–∞–≤–∫–∞–º–∏.
–£–¥–∞—á–Ω–æ–µ –º–µ—Å—Ç–æ –¥–µ—Ä–µ–≤–Ω–∏ –≤ –Ω–µ–∑–∞–ø–∞–º—è—Ç–Ω—ã–µ –≤—Ä–µ–º–µ–Ω–∞ –ø—Ä–∏–≤–ª–µ–∫–ª–æ —Å—é–¥–∞ —Ç–æ—Ä–≥–æ–≤—Ü–µ–≤ –∏
–º–∞—Å—Ç–µ—Ä–æ–≤—ã—Ö, –∏ —Å —Ç–µ—Ö –ø–æ—Ä –ø–æ–≤–µ–ª–æ—Å—å, —á—Ç–æ –≤ —ç—Ç–æ–π —á–∞—Å—Ç–∏ –¥–µ—Ä–µ–≤–Ω–∏ —Å—Ç–æ—è—Ç –±–æ–ª—å—à–∏–µ –∏
–±–æ–≥–∞—Ç—ã–µ –¥–æ–º–∞. –°–æ –≤—Å–µ–π –æ–∫—Ä—É–≥–∏ –∏ –¥–∞–∂–µ –∏–∑ –¥–∞–ª–µ–∫–æ–π –≥–ª—É—à–∏ –ø—Ä–∏—Ö–æ–¥—è—Ç –ª—é–¥–∏ —Å—é–¥–∞
–∑–∞ —Ç–æ–≤–∞—Ä–æ–º –∫—É–ø–∏—Ç—å —á—Ç–æ, –ø—Ä–æ–¥–∞—Ç—å —á—Ç–æ, –∑–∞–∫–∞–∑–∞—Ç—å —á—Ç–æ.
[0;36m[ Exits: n e s w ][0;37m
[1;33m[1;31m–ò–Ω–æ–∑–µ–º–µ—Ü —Å—Ç–æ–∏—Ç –∑–¥–µ—Å—å.
[0;0m[1;36m–ò–Ω–æ–∑–µ–º–µ—Ü —Å–∫–∞–∑–∞–ª –≤–∞–º : '–ù–µ –ø–æ–¥—Å–∫–∞–∂–µ—Ç–µ, –ª—é–¥–∏ –¥–æ–±—Ä—ã–µ, –∫–∞–∫ –¥–æ–±—Ä–∞—Ç—å—Å—è –¥–æ –ö–∏–µ–≤–∞?'[0;37m
[1;30m–ò–Ω–æ–∑–µ–º–µ—Ü –æ—â–µ—Ä–∏–ª –∑—É–±—ã –≤ –≥–Ω—É—Å–Ω–æ–π —É—Ö–º—ã–ª–∫–µ.[0;0m

[0;32m67H[0;37m [0;32m84M[0;37m 607–æ –ó–∞—É—á:0 –í—ã—Ö:–°–í–Æ–ó> ˇ˘–í—ã –ø–æ–ø–ª–µ–ª–∏—Å—å –Ω–∞ –≤–æ—Å—Ç–æ–∫.
[1;36m–î–≤–æ—Ä —Å—Ç–∞—Ä–µ–π—à–∏–Ω—ã [5030][0;37m
   –≠—Ç–æ —Å–∞–º—ã–π –±–æ–ª—å—à–æ–π –¥–≤–æ—Ä –≤ –¥–µ—Ä–µ–≤–Ω–∏. –ó–¥–µ—Å—å –ø—Ä–æ–∏—Å—Ö–æ–¥—è—Ç —Å—Ö–æ–¥—ã –∂–∏—Ç–µ–ª–µ–π –¥–ª—è 
—Ä–µ—à–µ–Ω–∏—è –æ–±—â–∏—Ö –ø—Ä–æ–±–ª–µ–º. –ö–∞–∂–¥—ã–π –º–æ–∂–µ—Ç –≤—ã—Å–∫–∞–∑–∞—Ç—å—Å—è –Ω–∞ —ç—Ç–æ–º —Å–æ–±—Ä–∞–Ω–∏–∏ –Ω–µ–∑–∞–≤–∏—Å–∏–º–æ
–æ—Ç —Å–≤–æ–µ–≥–æ —Å—Ç–∞—Ç—É—Å–∞. –ò–º–µ–Ω–Ω–æ –∑–¥–µ—Å—å —Ä–µ—à–∞—é—Ç—Å—è —Å—Å–æ—Ä—ã, –Ω–∞–∫–∞–∑—ã–≤–∞—é—Ç—Å—è —Å–æ–≤–µ—Ä—à–∏–≤—à–∏–µ
–ø–ª–æ—Ö–∏–µ –ø—Ä–æ—Å—Ç—É–ø–∫–∏.
[0;36m[ Exits: e w ][0;37m
[1;33m–õ—É–∂–∏—Ü–∞ –¥–æ–∂–¥–µ–≤–æ–π –≤–æ–¥—ã —Ä–∞–∑–ª–∏—Ç–∞ —É –≤–∞—à–∏—Ö –Ω–æ–≥.
[1;31m–ï—Ñ–∏–º–∏–π, –±—Ä–∞—Ç –¥–µ—Ä–µ–≤–µ–Ω—Å–∫–æ–≥–æ —Å—Ç–∞—Ä–æ—Å—Ç—ã, —Å—Ç–æ–∏—Ç –∑–¥–µ—Å—å.
[0;0m
[0;32m67H[0;37m [0;32m85M[0;37m 607–æ –ó–∞—É—á:0 –í—ã—Ö:–í–ó> ˇ˘
–ù–∞ –≤–æ—Å—Ç–æ–∫–µ –ø–æ–∫–∞–∑–∞–ª–∏—Å—å –ø–µ—Ä–≤—ã–µ —Å–æ–ª–Ω–µ—á–Ω—ã–µ –ª—É—á–∏.
–£–º–µ—Ä–µ–Ω–Ω—ã–π –≤–µ—Ç–µ—Ä.
–î–æ–∂–¥—å —É—Ç–∏—Ö.

[0;32m67H[0;37m [0;32m85M[0;37m 607–æ –ó–∞—É—á:0 –í—ã—Ö:–í–ó> ˇ˘
[1;31m–ú–∏–Ω—É–ª —á–∞—Å.[0;37m

[0;32m67H[0;37m [0;32m85M[0;37m 607–æ –ó–∞—É—á:0 –í—ã—Ö:–í–ó> ˇ˘–í—ã –ø–æ–ø–ª–µ–ª–∏—Å—å –Ω–∞ –≤–æ—Å—Ç–æ–∫.
[1;36m–í –¥–æ–º–µ —Å—Ç–∞—Ä–µ–π—à–∏–Ω—ã [5031][0;37m
   –°–æ—Å—Ç–æ—è—â–∏–π –∏–∑ –¥–≤—É—Ö –ø—è—Ç–∏—Å—Ç–µ–Ω–∫–æ–≤ –¥–æ–º –ø–æ—Ä–∞–∂–∞–µ—Ç —Å–≤–æ–∏–º–∏ —Ä–∞–∑–º–µ—Ä–∞–º–∏. –ó–¥–µ—Å—å –º–æ–≥–ª–∏
–±—ã —Ä–∞–∑–º–µ—Å—Ç–∏—Ç—å—Å—è —á–µ—Ç—ã—Ä–µ –∏–ª–∏ –ø—è—Ç—å –æ–±—ã—á–Ω—ã—Ö –¥–æ–º–æ–º. –î–≤–µ –ø–µ—á–∏, –Ω–µ—Å–∫–æ–ª—å–∫–æ –∫–æ–º–Ω–∞—Ç,
–≤ —Å–∞–º–æ–π –±–æ–ª—å—à–æ–π –∏–∑ –∫–æ—Ç–æ—Ä—ã—Ö –≤—ã —Å–µ–π—á–∞—Å –∏ –Ω–∞—Ö–æ–¥–∏—Ç–µ—Å—å. –ó–¥–µ—Å—å –æ–¥–Ω–æ–≤—Ä–µ–º–µ–Ω–Ω–æ –º–æ–∂–µ—Ç
–Ω–∞—Ö–æ–¥–∏—Ç—Å—è –Ω–µ –æ–¥–∏–Ω –¥–µ—Å—è—Ç–æ–∫ —á–µ–ª–æ–≤–µ–∫.
[0;36m[ Exits: s w ][0;37m
[1;33m[1;31m–°–µ–¥–æ–π –∫—Ä–µ–ø–∫–∏–π –º—É–∂—á–∏–Ω–∞ —Å—Ç–æ–∏—Ç –∑–¥–µ—Å—å.
...—Å–≤–µ—Ç–∏—Ç—Å—è —è—Ä–∫–∏–º —Å–∏—è–Ω–∏–µ–º 
[0;0m
[0;32m67H[0;37m [0;32m84M[0;37m 607–æ –ó–∞—É—á:0 –í—ã—Ö:–Æ–ó> ˇ˘–í—ã –ø–æ–ø–ª–µ–ª–∏—Å—å –Ω–∞ —é–≥.
[1;36m–í —Å–≤–µ—Ç–ª–æ–π –∫–æ–º–Ω–∞—Ç–µ [5032][0;37m
   –¢–∏—Ö–∞—è —Å–≤–µ—Ç–ª–∞—è –∫–æ–º–Ω–∞—Ç–∞ –∑–Ω–∞—á–∏—Ç–µ–ª—å–Ω–æ –º–µ–Ω—å—à–µ –ø—Ä–µ–¥—ã–¥—É—â–µ–π, –Ω–æ –∏ —Å—é–¥–∞ –ø–æ—Å—Ç–æ—è–Ω–Ω–æ
–∑–∞—Ö–æ–¥—è—Ç –ª—é–¥–∏. –ó–¥–µ—Å—å –≤ —Å–ª—É—á–∞–µ –Ω–µ–æ–±—Ö–æ–¥–∏–º–æ—Å—Ç–∏ –º–æ–∂–Ω–æ –æ—Å—Ç–∞–≤–∏—Ç—å –Ω–∞ —Ö—Ä–∞–Ω–µ–Ω–∏–µ —Å–≤–æ–∏
–¥–µ–Ω—å–≥–∏.
[0;36m[ Exits: n ][0;37m
[1;33m–í–∞—à –ø–æ—Ö–æ–¥–Ω—ã–π —Å—É–Ω–¥—É—á–æ–∫ —Å—Ç–æ–∏—Ç –∑–¥–µ—Å—å.
[1;31m–î–æ—á–∫–∞ —Å—Ç–∞—Ä–µ–π—à–∏–Ω—ã —Å—Ç–æ–∏—Ç –∑–¥–µ—Å—å.
–î–æ—Ä–æ–¥–Ω–∞—è –∂–µ–Ω—â–∏–Ω–∞ —Å—Ç–æ–∏—Ç –∑–¥–µ—Å—å.
[0;0m
[0;32m67H[0;37m [0;32m84M[0;37m 607–æ –ó–∞—É—á:0 –í—ã—Ö:–°> ˇ˘
–î–æ—á–∫–∞ —Å–∫–∞–∑–∞–ª–∞ –í–∞–º:
- –≠—Ö —Ç—ã –≥–æ—Ä–µ–º—ã—á–Ω—ã–π, –≥–æ–ª–æ–¥–Ω—ã–π –Ω–∞–≤–µ—Ä–Ω–æ–µ, –ì–µ–Ω–æ–¥.
- –ß—Ç–æ –º—ã –Ω–µ—Ö—Ä–∏—Å—Ç–∏ —á—Ç–æ–±—ã –Ω–µ –Ω–∞–∫–æ—Ä–º–∏—Ç—å.
- –°–µ–π—á–∞—Å, –ø–æ–¥–æ–∂–¥–∏...
–í—ã –ø–æ–ª–Ω–æ—Å—Ç—å—é –Ω–∞—Å—ã—Ç–∏–ª–∏—Å—å.

[0;32m67H[0;37m [0;32m84M[0;37m 607–æ –ó–∞—É—á:0 –í—ã—Ö:–°> ˇ˘–í—ã –ø–æ–ø–ª–µ–ª–∏—Å—å –Ω–∞ —Å–µ–≤–µ—Ä.
[1;36m–í –¥–æ–º–µ —Å—Ç–∞—Ä–µ–π—à–∏–Ω—ã [5031][0;37m
   –°–æ—Å—Ç–æ—è—â–∏–π –∏–∑ –¥–≤—É—Ö –ø—è—Ç–∏—Å—Ç–µ–Ω–∫–æ–≤ –¥–æ–º –ø–æ—Ä–∞–∂–∞–µ—Ç —Å–≤–æ–∏–º–∏ —Ä–∞–∑–º–µ—Ä–∞–º–∏. –ó–¥–µ—Å—å –º–æ–≥–ª–∏
–±—ã —Ä–∞–∑–º–µ—Å—Ç–∏—Ç—å—Å—è —á–µ—Ç—ã—Ä–µ –∏–ª–∏ –ø—è—Ç—å –æ–±—ã—á–Ω—ã—Ö –¥–æ–º–æ–º. –î–≤–µ –ø–µ—á–∏, –Ω–µ—Å–∫–æ–ª—å–∫–æ –∫–æ–º–Ω–∞—Ç,
–≤ —Å–∞–º–æ–π –±–æ–ª—å—à–æ–π –∏–∑ –∫–æ—Ç–æ—Ä—ã—Ö –≤—ã —Å–µ–π—á–∞—Å –∏ –Ω–∞—Ö–æ–¥–∏—Ç–µ—Å—å. –ó–¥–µ—Å—å –æ–¥–Ω–æ–≤—Ä–µ–º–µ–Ω–Ω–æ –º–æ–∂–µ—Ç
–Ω–∞—Ö–æ–¥–∏—Ç—Å—è –Ω–µ –æ–¥–∏–Ω –¥–µ—Å—è—Ç–æ–∫ —á–µ–ª–æ–≤–µ–∫.
[0;36m[ Exits: s w ][0;37m
[1;33m[1;31m–°–µ–¥–æ–π –∫—Ä–µ–ø–∫–∏–π –º—É–∂—á–∏–Ω–∞ —Å—Ç–æ–∏—Ç –∑–¥–µ—Å—å.
...—Å–≤–µ—Ç–∏—Ç—Å—è —è—Ä–∫–∏–º —Å–∏—è–Ω–∏–µ–º 
[0;0m
[0;32m67H[0;37m [0;32m85M[0;37m 607–æ –ó–∞—É—á:0 –í—ã—Ö:–Æ–ó> ˇ˘[1;30m–í—ã –ø–æ—â–µ–∫–æ—Ç–∞–ª–∏ —Å–µ–±—è... –∞ —á–µ–º –µ—â–µ –≤ —Å–≤–æ–±–æ–¥–Ω–æ–µ –≤—Ä–µ–º—è –∑–∞–Ω–∏–º–∞—Ç—å—Å—è?[0;0m

[0;32m67H[0;37m [0;32m86M[0;37m 607–æ –ó–∞—É—á:0 –í—ã—Ö:–Æ–ó> ˇ˘–í—ã –ø–æ–ø–ª–µ–ª–∏—Å—å –Ω–∞ –∑–∞–ø–∞–¥.
[1;36m–î–≤–æ—Ä —Å—Ç–∞—Ä–µ–π—à–∏–Ω—ã [5030][0;37m
   –≠—Ç–æ —Å–∞–º—ã–π –±–æ–ª—å—à–æ–π –¥–≤–æ—Ä –≤ –¥–µ—Ä–µ–≤–Ω–∏. –ó–¥–µ—Å—å –ø—Ä–æ–∏—Å—Ö–æ–¥—è—Ç —Å—Ö–æ–¥—ã –∂–∏—Ç–µ–ª–µ–π –¥–ª—è 
—Ä–µ—à–µ–Ω–∏—è –æ–±—â–∏—Ö –ø—Ä–æ–±–ª–µ–º. –ö–∞–∂–¥—ã–π –º–æ–∂–µ—Ç –≤—ã—Å–∫–∞–∑–∞—Ç—å—Å—è –Ω–∞ —ç—Ç–æ–º —Å–æ–±—Ä–∞–Ω–∏–∏ –Ω–µ–∑–∞–≤–∏—Å–∏–º–æ
–æ—Ç —Å–≤–æ–µ–≥–æ —Å—Ç–∞—Ç—É—Å–∞. –ò–º–µ–Ω–Ω–æ –∑–¥–µ—Å—å —Ä–µ—à–∞—é—Ç—Å—è —Å—Å–æ—Ä—ã, –Ω–∞–∫–∞–∑—ã–≤–∞—é—Ç—Å—è —Å–æ–≤–µ—Ä—à–∏–≤—à–∏–µ
–ø–ª–æ—Ö–∏–µ –ø—Ä–æ—Å—Ç—É–ø–∫–∏.
[0;36m[ Exits: e w ][0;37m
[1;33m–õ—É–∂–∏—Ü–∞ –¥–æ–∂–¥–µ–≤–æ–π –≤–æ–¥—ã —Ä–∞–∑–ª–∏—Ç–∞ —É –≤–∞—à–∏—Ö –Ω–æ–≥.
[1;31m–ï—Ñ–∏–º–∏–π, –±—Ä–∞—Ç –¥–µ—Ä–µ–≤–µ–Ω—Å–∫–æ–≥–æ —Å—Ç–∞—Ä–æ—Å—Ç—ã, —Å—Ç–æ–∏—Ç –∑–¥–µ—Å—å.
[0;0m
[0;32m67H[0;37m [0;32m85M[0;37m 607–æ –ó–∞—É—á:0 –í—ã—Ö:–í–ó> ˇ˘–í—ã –ø–æ–ø–ª–µ–ª–∏—Å—å –Ω–∞ –∑–∞–ø–∞–¥.
[1;36m–¶–µ–Ω—Ç—Ä –¥–µ—Ä–µ–≤–Ω–∏ [5009][0;37m
   –¶–µ–Ω—Ç—Ä–∞–ª—å–Ω–∞—è —á–∞—Å—Ç—å –¥–µ—Ä–µ–≤–Ω–∏ –∑–∞–ø–æ–ª–Ω–µ–Ω–∞ –Ω—É–∂–Ω—ã–º–∏ –≤—Å–µ–º –º–∞—Å—Ç–µ—Ä—Å–∫–∏–º–∏ –∏ –ª–∞–≤–∫–∞–º–∏.
–£–¥–∞—á–Ω–æ–µ –º–µ—Å—Ç–æ –¥–µ—Ä–µ–≤–Ω–∏ –≤ –Ω–µ–∑–∞–ø–∞–º—è—Ç–Ω—ã–µ –≤—Ä–µ–º–µ–Ω–∞ –ø—Ä–∏–≤–ª–µ–∫–ª–æ —Å—é–¥–∞ —Ç–æ—Ä–≥–æ–≤—Ü–µ–≤ –∏
–º–∞—Å—Ç–µ—Ä–æ–≤—ã—Ö, –∏ —Å —Ç–µ—Ö –ø–æ—Ä –ø–æ–≤–µ–ª–æ—Å—å, —á—Ç–æ –≤ —ç—Ç–æ–π —á–∞—Å—Ç–∏ –¥–µ—Ä–µ–≤–Ω–∏ —Å—Ç–æ—è—Ç –±–æ–ª—å—à–∏–µ –∏
–±–æ–≥–∞—Ç—ã–µ –¥–æ–º–∞. –°–æ –≤—Å–µ–π –æ–∫—Ä—É–≥–∏ –∏ –¥–∞–∂–µ –∏–∑ –¥–∞–ª–µ–∫–æ–π –≥–ª—É—à–∏ –ø—Ä–∏—Ö–æ–¥—è—Ç –ª—é–¥–∏ —Å—é–¥–∞
–∑–∞ —Ç–æ–≤–∞—Ä–æ–º –∫—É–ø–∏—Ç—å —á—Ç–æ, –ø—Ä–æ–¥–∞—Ç—å —á—Ç–æ, –∑–∞–∫–∞–∑–∞—Ç—å —á—Ç–æ.
[0;36m[ Exits: n e s w ][0;37m
[1;33m[1;31m–ò–Ω–æ–∑–µ–º–µ—Ü —Å—Ç–æ–∏—Ç –∑–¥–µ—Å—å.
[0;0m[1;36m–ò–Ω–æ–∑–µ–º–µ—Ü —Å–∫–∞–∑–∞–ª –≤–∞–º : '–ù–µ –ø–æ–¥—Å–∫–∞–∂–µ—Ç–µ, –ª—é–¥–∏ –¥–æ–±—Ä—ã–µ, –∫–∞–∫ –¥–æ–±—Ä–∞—Ç—å—Å—è –¥–æ –ö–∏–µ–≤–∞?'[0;37m
[1;30m–ò–Ω–æ–∑–µ–º–µ—Ü –æ—â–µ—Ä–∏–ª –∑—É–±—ã –≤ –≥–Ω—É—Å–Ω–æ–π —É—Ö–º—ã–ª–∫–µ.[0;0m

[0;32m67H[0;37m [0;32m85M[0;37m 607–æ –ó–∞—É—á:0 –í—ã—Ö:–°–í–Æ–ó> ˇ˘–í—ã –ø–æ–ø–ª–µ–ª–∏—Å—å –Ω–∞ —Å–µ–≤–µ—Ä.
[1;36m–ü–µ—Ä–µ–¥ –∫–æ–Ω—é—à–Ω–µ–π [5003][0;37m
   –¶–µ–Ω—Ç—Ä–∞–ª—å–Ω–∞—è —á–∞—Å—Ç—å –¥–µ—Ä–µ–≤–Ω–∏ –∑–∞–ø–æ–ª–Ω–µ–Ω–∞ –Ω—É–∂–Ω—ã–º–∏ –≤—Å–µ–º –º–∞—Å—Ç–µ—Ä—Å–∫–∏–º–∏ –∏ –ª–∞–≤–∫–∞–º–∏.
–£–¥–∞—á–Ω–æ–µ –º–µ—Å—Ç–æ –¥–µ—Ä–µ–≤–Ω–∏ –≤ –Ω–µ–∑–∞–ø–∞–º—è—Ç–Ω—ã–µ –≤—Ä–µ–º–µ–Ω–∞ –ø—Ä–∏–≤–ª–µ–∫–ª–æ —Å—é–¥–∞ —Ç–æ—Ä–≥–æ–≤—Ü–µ–≤ –∏
–º–∞—Å—Ç–µ—Ä–æ–≤—ã—Ö, –∏ —Å —Ç–µ—Ö –ø–æ—Ä –ø–æ–≤–µ–ª–æ—Å—å, —á—Ç–æ –≤ —ç—Ç–æ–π —á–∞—Å—Ç–∏ –¥–µ—Ä–µ–≤–Ω–∏ —Å—Ç–æ—è—Ç –±–æ–ª—å—à–∏–µ –∏
–±–æ–≥–∞—Ç—ã–µ –¥–æ–º–∞. –°–æ –≤—Å–µ–π –æ–∫—Ä—É–≥–∏ –∏ –¥–∞–∂–µ –∏–∑ –¥–∞–ª–µ–∫–æ–π –≥–ª—É—à–∏ –ø—Ä–∏—Ö–æ–¥—è—Ç –ª—é–¥–∏ —Å—é–¥–∞
–∑–∞ —Ç–æ–≤–∞—Ä–æ–º –∫—É–ø–∏—Ç—å —á—Ç–æ, –ø—Ä–æ–¥–∞—Ç—å —á—Ç–æ, –∑–∞–∫–∞–∑–∞—Ç—å —á—Ç–æ.
[0;36m[ Exits: n e s w ][0;37m
[1;33m[1;31m–ü–æ–∂–∏–ª–æ–π —à–∏—Ä–æ–∫–æ–ø–ª–µ—á–∏–π –∫—Ä–µ—Å—Ç—å—è–Ω–∏–Ω –≤ –¥–æ–±—Ä–æ—Ç–Ω–æ–π –æ–¥–µ–∂–¥–µ –ø—Ä–æ—Ö–∞–∂–∏–≤–∞–µ—Ç—Å—è —Ç—É—Ç.
[0;0m
[0;32m67H[0;37m [0;32m85M[0;37m 607–æ –ó–∞—É—á:0 –í—ã—Ö:–°–í–Æ–ó> ˇ˘–í—ã –ø–æ–ø–ª–µ–ª–∏—Å—å –Ω–∞ —Å–µ–≤–µ—Ä.
[1;36m–¶–µ–Ω—Ç—Ä –¥–µ—Ä–µ–≤–Ω–∏ [5004][0;37m
   –¶–µ–Ω—Ç—Ä–∞–ª—å–Ω–∞—è —á–∞—Å—Ç—å –¥–µ—Ä–µ–≤–Ω–∏ –∑–∞–ø–æ–ª–Ω–µ–Ω–∞ –Ω—É–∂–Ω—ã–º–∏ –≤—Å–µ–º –º–∞—Å—Ç–µ—Ä—Å–∫–∏–º–∏ –∏ –ª–∞–≤–∫–∞–º–∏.
–£–¥–∞—á–Ω–æ–µ –º–µ—Å—Ç–æ –¥–µ—Ä–µ–≤–Ω–∏ –≤ –Ω–µ–∑–∞–ø–∞–º—è—Ç–Ω—ã–µ –≤—Ä–µ–º–µ–Ω–∞ –ø—Ä–∏–≤–ª–µ–∫–ª–æ —Å—é–¥–∞ —Ç–æ—Ä–≥–æ–≤—Ü–µ–≤ –∏
–º–∞—Å—Ç–µ—Ä–æ–≤—ã—Ö, –∏ —Å —Ç–µ—Ö –ø–æ—Ä –ø–æ–≤–µ–ª–æ—Å—å, —á—Ç–æ –≤ —ç—Ç–æ–π —á–∞—Å—Ç–∏ –¥–µ—Ä–µ–≤–Ω–∏ —Å—Ç–æ—è—Ç –±–æ–ª—å—à–∏–µ –∏
–±–æ–≥–∞—Ç—ã–µ –¥–æ–º–∞. –°–æ –≤—Å–µ–π –æ–∫—Ä—É–≥–∏ –∏ –¥–∞–∂–µ –∏–∑ –¥–∞–ª–µ–∫–æ–π –≥–ª—É—à–∏ –ø—Ä–∏—Ö–æ–¥—è—Ç –ª—é–¥–∏ —Å—é–¥–∞
–∑–∞ —Ç–æ–≤–∞—Ä–æ–º –∫—É–ø–∏—Ç—å —á—Ç–æ, –ø—Ä–æ–¥–∞—Ç—å —á—Ç–æ, –∑–∞–∫–∞–∑–∞—Ç—å —á—Ç–æ.
[0;36m[ Exits: n s w ][0;37m
[1;33m[1;31m–ë–∞–∑–∞—Ä–Ω—ã–π –∑–∞–∑—ã–≤–∞–ª–∞ —Å—Ç–æ–∏—Ç –∑–¥–µ—Å—å, –∑—ã—á–Ω—ã–º –≥–æ–ª–æ—Å–æ–º —Ä–∞—Å—Ö–≤–∞–ª–∏–≤–∞—è –≤—ã—Å—Ç–∞–≤–ª–µ–Ω–Ω—ã–π —Ç–æ–≤–∞—Ä.
[0;0m
[0;32m67H[0;37m [0;32m85M[0;37m 607–æ –ó–∞—É—á:0 –í—ã—Ö:–°–Æ–ó> ˇ˘
–ü–æ–º–æ—â–Ω–∏–∫ –¥–µ—Ä–µ–≤–µ–Ω—Å–∫–æ–≥–æ —Å—Ç–∞—Ä–æ—Å—Ç—ã –ø—Ä–∏—à–µ–ª —Å –∑–∞–ø–∞–¥–∞.

[0;32m67H[0;37m [0;32m85M[0;37m 607–æ –ó–∞—É—á:0 –í—ã—Ö:–°–Æ–ó> ˇ˘–í—ã –ø–æ–ø–ª–µ–ª–∏—Å—å –Ω–∞ —Å–µ–≤–µ—Ä.
[1;36m–ü–µ—Ä–µ–¥ –ø–æ—Å—Ç–æ—è–ª—ã–º –¥–≤–æ—Ä–æ–º [5005][0;37m
   –ß—É—Ç—å –Ω–µ —Å–ø–æ—Ç–∫–Ω—É–≤—à–∏—Å—å –æ –¥–æ—Å–∫—É, –ª–µ–∂–∞—â—É—é —Å—Ä–∞–∑—É —É –ø–æ—Ä–æ–≥–∞ –ø–æ—Å—Ç–æ—è–ª–æ–≥–æ –¥–≤–æ—Ä–∞,
–≤—ã –æ–∫–∞–∑–∞–ª–∏—Å—å –Ω–∞ —Ü–µ–Ω—Ç—Ä–∞–ª—å–Ω–æ–π —É–ª–∏—Ü–µ –¥–µ—Ä–µ–≤–Ω–∏. –ò–º–µ–Ω–Ω–æ –Ω–∞ —ç—Ç–æ–π —É–ª–∏—Ü–µ –º–æ–∂–Ω–æ 
–±—ã—Å—Ç—Ä–æ –Ω–∞–π—Ç–∏ –ª–∞–≤–∫—É —Ä–µ–º–µ—Å–ª–µ–Ω–Ω–∏–∫–∞, –¥–æ–º –∑–Ω–∞—Ö–∞—Ä—è, –∫–æ–Ω—é—à–Ω—é –∏ –¥–æ–º —Å—Ç–∞—Ä–µ–π—à–∏–Ω—ã.
–í —é–∂–Ω–æ–π —á–∞—Å—Ç–∏ –¥–µ—Ä–µ–≤–Ω–∏ –ø–æ—Å–µ–ª–∏–ª–∏—Å—å –≤–æ—Ä–æ–∂–µ–∏.
[0;36m[ Exits: n e s w ][0;37m
[1;33m–£ –≤–∞—à–∏—Ö –Ω–æ–≥ –ª–µ–∂–∏—Ç –≥–ª–∏–Ω—è–Ω–∞—è –ø–ª–æ—à–∫–∞.
–ù–µ–º–Ω–æ–≥–æ –æ—Ç—Ä—É–±–µ–π –ø—Ä–æ—Å—ã–ø–∞–Ω–æ –∑–¥–µ—Å—å.
[1;31m–ú–æ–ª–æ–¥–æ–π –ø–∞—Ä–µ–Ω—å –≥—É–ª—è–µ—Ç –∑–¥–µ—Å—å.
[0;0m
[0;32m67H[0;37m [0;32m84M[0;37m 607–æ –ó–∞—É—á:0 –í—ã—Ö:–°–í–Æ–ó> ˇ˘
–ü–∞—Ä–µ–Ω—å —É—à–µ–ª –Ω–∞ —Å–µ–≤–µ—Ä.

[0;32m67H[0;37m [0;32m86M[0;37m 607–æ –ó–∞—É—á:0 –í—ã—Ö:–°–í–Æ–ó> ˇ˘
[1;33m–ë–∞–∑–∞—Ä : –ª–æ—Ç 801(–Ω–∞–±–æ—Ä–Ω—ã–π –±—Ä–∞—Å–ª–µ—Ç –∏–∑ —á–µ–ª–æ–≤–µ—á–µ—Å–∫–∏—Ö –∫–æ—Å—Ç–µ–π) –ø—Ä–æ–¥–∞–Ω –∑–∞ 14999 –∫—É–Ω.

[0;0m
[0;32m67H[0;37m [0;32m86M[0;37m 607–æ –ó–∞—É—á:0 –í—ã—Ö:–°–í–Æ–ó> ˇ˘–í—ã –ø–æ–ø–ª–µ–ª–∏—Å—å –Ω–∞ –≤–æ—Å—Ç–æ–∫.
[1;36m–ü–æ—Å—Ç–æ—è–ª—ã–π –¥–≤–æ—Ä [5001][0;37m
   –î–µ—Ä–µ–≤–Ω—è —Ö–æ—Ç—å –∏ –Ω–µ–±–æ–ª—å—à–∞—è, –Ω–æ –ø–æ—Å—Ç–æ—è–ª—ã–π –¥–≤–æ—Ä –∏–º–µ–µ—Ç—Å—è, –¥–ª—è –∑–∞–µ–∑–∂–∏—Ö –≥–æ—Å—Ç–µ–π,
—á—Ç–æ–±—ã –±—ã–ª–æ –≥–¥–µ –ø–µ—Ä–µ–≤–µ—Å—Ç–∏ –¥—É—Ö, –µ–¥–æ–π –∏ –ø–∏—Ç—å–µ–º –∑–∞–ø–∞—Å—Ç–∏—Å—å. –ê –µ—Å–ª–∏ –Ω–∞ –¥–≤–æ—Ä–µ —É–∂
–Ω–æ—á—å –∏–ª—å –ø—Ä–æ—Å—Ç–æ –Ω–∞–¥–æ –æ—Å—Ç–∞–Ω–æ–≤–∏—Ç—Å—è –Ω–∞ –¥–µ–Ω—å –¥—Ä—É–≥–æ–π –≤ –¥–µ—Ä–µ–≤–Ω–µ, –∞ —Ä–æ–¥—Å—Ç–≤–µ–Ω–Ω–∏–∫–æ–≤
–Ω–µ—Ç, —Ç–∞–∫ –º–æ–∂–Ω–æ –∏ –ø–µ—Ä–µ–Ω–æ—á–µ–≤–∞—Ç—å –≤ –≥–æ—Ä–Ω–∏—Ü–∞—Ö –Ω–∞–≤–µ—Ä—Ö—É.
[0;36m[ Exits: w u ][0;37m
[1;33m[1;31m–°–µ–¥–æ–≤–ª–∞—Å—ã–π —Å–∫–∞–∑–∏—Ç–µ–ª—å –≥–æ—Ç–æ–≤ –ø–æ–¥–µ–ª–∏—Ç—å—Å—è —Å –í–∞–º–∏ –∏–Ω—Ç–µ—Ä–µ—Å–Ω–æ–π –∏—Å—Ç–æ—Ä–∏–µ–π.
–¢—Ä–∞–∫—Ç–∏—Ä—â–∏–∫ –æ—Ç–¥—ã—Ö–∞–µ—Ç –∑–∞ —Å—Ç–æ–π–∫–æ–π.
[0;0m
[0;32m67H[0;37m [0;32m85M[0;37m 607–æ –ó–∞—É—á:0 –í—ã—Ö:–ó^> ˇ˘–í—ã –ø–æ–ø–ª–µ–ª–∏—Å—å –≤–≤–µ—Ä—Ö.
[1;36m–ö–æ–º–Ω–∞—Ç—ã –æ—Ç–¥—ã—Ö–∞ [5000][0;37m
   –•–æ–∑—è–∏–Ω —É—Å—Ç—Ä–æ–∏–ª –∑–¥–µ—Å—å –∫–æ–º–Ω–∞—Ç—ã –¥–ª—è –æ—Ç–¥—ã—Ö–∞. –õ—é–±–æ–π –∂–µ–ª–∞—é—â–∏–π –º–æ–∂–µ—Ç –æ—Å—Ç–∞–Ω–æ–≤–∏—Ç—å—Å—è
–∑–¥–µ—Å—å –∏ –ø–µ—Ä–µ–¥–æ—Ö–Ω—É—Ç—å –ø–æ—Å–ª–µ –¥–∞–ª—å–Ω–µ–π –¥–æ—Ä–æ–≥–∏. –°–≤–µ—Ç–ª—ã–µ –≥–æ—Ä–Ω–∏—Ü—ã —Ç–∞–∫ –∏ –ø—Ä–∏–≥–ª–∞—à–∞—é—Ç
–ø—Ä–æ–π—Ç–∏ –≤ –Ω–∏—Ö –∏ —Ä–∞—Å—Ç—è–Ω—É—Ç—å—Å—è –Ω–∞ –ø–µ—Ä–∏–Ω–µ, –Ω–∞ –ø—É—Ö–æ–≤–æ–π –¥–∞ –∑–∞–±—ã—Ç—å—Å—è —Å–Ω–æ–º –±–æ–≥–∞—Ç—ã—Ä—Å–∫–∏–º.
–ó–¥–µ—Å—å –∂–µ –º–æ–∂–Ω–æ –ø–æ–¥–æ–∂–¥–∞—Ç—å —Å–≤–æ–∏—Ö –∫–æ–º–ø–∞–Ω—å–æ–Ω–æ–≤ –ø–µ—Ä–µ–¥ –¥–æ–ª–≥–æ–π –¥–æ—Ä–æ–≥–æ–π, –ø–æ–≥–æ–≤–æ—Ä–∏—Ç—å
–æ –¥–∞–ª—å–Ω–µ–π—à–∏—Ö –ø–ª–∞–Ω–∞—Ö.
[1;32m–°–æ–≤—Å–µ–º –º–∞–ª—ã—Ö, –¥–∞ –Ω–µ –æ–±—É—á–µ–Ω–Ω—ã—Ö —Ç–∞–∫ –∏ —Ç—è–Ω–µ—Ç [1;33m–≤–æ–π—Ç–∏ [1;32m–≤ [1;33m—à–∫–æ–ª—É[1;32m.[0;0m
[0;36m[ Exits: d ][0;37m
[1;33m–î–æ—Å–∫–∞ –¥–ª—è —Ä–∞–∑–ª–∏—á–Ω—ã—Ö –∑–∞–º–µ—Ç–æ–∫ –∏ –æ–±—ä—è–≤–ª–µ–Ω–∏–π –ø—Ä–∏–±–∏—Ç–∞ —Ç—É—Ç ..–±–ª–µ—Å—Ç–∏—Ç!
[1;31m–•–æ–∑—è–π–∫–∞ –ø–æ—Å—Ç–æ—è–ª–æ–≥–æ –¥–≤–æ—Ä–∞ —Ä–∞—Å–ø–æ—Ä—è–∂–∞–µ—Ç—Å—è –∑–¥–µ—Å—å.
[0;0m
[0;32m67H[0;37m [0;32m85M[0;37m 607–æ –ó–∞—É—á:0 –í—ã—Ö:v> ˇ˘–í—ã –ø–æ–ø–ª–µ–ª–∏—Å—å –≤–Ω–∏–∑.
[1;36m–ü–æ—Å—Ç–æ—è–ª—ã–π –¥–≤–æ—Ä [5001][0;37m
   –î–µ—Ä–µ–≤–Ω—è —Ö–æ—Ç—å –∏ –Ω–µ–±–æ–ª—å—à–∞—è, –Ω–æ –ø–æ—Å—Ç–æ—è–ª—ã–π –¥–≤–æ—Ä –∏–º–µ–µ—Ç—Å—è, –¥–ª—è –∑–∞–µ–∑–∂–∏—Ö –≥–æ—Å—Ç–µ–π,
—á—Ç–æ–±—ã –±—ã–ª–æ –≥–¥–µ –ø–µ—Ä–µ–≤–µ—Å—Ç–∏ –¥—É—Ö, –µ–¥–æ–π –∏ –ø–∏—Ç—å–µ–º –∑–∞–ø–∞—Å—Ç–∏—Å—å. –ê –µ—Å–ª–∏ –Ω–∞ –¥–≤–æ—Ä–µ —É–∂
–Ω–æ—á—å –∏–ª—å –ø—Ä–æ—Å—Ç–æ –Ω–∞–¥–æ –æ—Å—Ç–∞–Ω–æ–≤–∏—Ç—Å—è –Ω–∞ –¥–µ–Ω—å –¥—Ä—É–≥–æ–π –≤ –¥–µ—Ä–µ–≤–Ω–µ, –∞ —Ä–æ–¥—Å—Ç–≤–µ–Ω–Ω–∏–∫–æ–≤
–Ω–µ—Ç, —Ç–∞–∫ –º–æ–∂–Ω–æ –∏ –ø–µ—Ä–µ–Ω–æ—á–µ–≤–∞—Ç—å –≤ –≥–æ—Ä–Ω–∏—Ü–∞—Ö –Ω–∞–≤–µ—Ä—Ö—É.
[0;36m[ Exits: w u ][0;37m
[1;33m[1;31m–°–µ–¥–æ–≤–ª–∞—Å—ã–π —Å–∫–∞–∑–∏—Ç–µ–ª—å –≥–æ—Ç–æ–≤ –ø–æ–¥–µ–ª–∏—Ç—å—Å—è —Å –í–∞–º–∏ –∏–Ω—Ç–µ—Ä–µ—Å–Ω–æ–π –∏—Å—Ç–æ—Ä–∏–µ–π.
–¢—Ä–∞–∫—Ç–∏—Ä—â–∏–∫ –æ—Ç–¥—ã—Ö–∞–µ—Ç –∑–∞ —Å—Ç–æ–π–∫–æ–π.
[0;0m
[0;32m67H[0;37m [0;32m85M[0;37m 607–æ –ó–∞—É—á:0 –í—ã—Ö:–ó^> ˇ˘–í—ã –ø–æ–ø–ª–µ–ª–∏—Å—å –Ω–∞ –∑–∞–ø–∞–¥.
[1;36m–ü–µ—Ä–µ–¥ –ø–æ—Å—Ç–æ—è–ª—ã–º –¥–≤–æ—Ä–æ–º [5005][0;37m
   –ß—É—Ç—å –Ω–µ —Å–ø–æ—Ç–∫–Ω—É–≤—à–∏—Å—å –æ –¥–æ—Å–∫—É, –ª–µ–∂–∞—â—É—é —Å—Ä–∞–∑—É —É –ø–æ—Ä–æ–≥–∞ –ø–æ—Å—Ç–æ—è–ª–æ–≥–æ –¥–≤–æ—Ä–∞,
–≤—ã –æ–∫–∞–∑–∞–ª–∏—Å—å –Ω–∞ —Ü–µ–Ω—Ç—Ä–∞–ª—å–Ω–æ–π —É–ª–∏—Ü–µ –¥–µ—Ä–µ–≤–Ω–∏. –ò–º–µ–Ω–Ω–æ –Ω–∞ —ç—Ç–æ–π —É–ª–∏—Ü–µ –º–æ–∂–Ω–æ 
–±—ã—Å—Ç—Ä–æ –Ω–∞–π—Ç–∏ –ª–∞–≤–∫—É —Ä–µ–º–µ—Å–ª–µ–Ω–Ω–∏–∫–∞, –¥–æ–º –∑–Ω–∞—Ö–∞—Ä—è, –∫–æ–Ω—é—à–Ω—é –∏ –¥–æ–º —Å—Ç–∞—Ä–µ–π—à–∏–Ω—ã.
–í —é–∂–Ω–æ–π —á–∞—Å—Ç–∏ –¥–µ—Ä–µ–≤–Ω–∏ –ø–æ—Å–µ–ª–∏–ª–∏—Å—å –≤–æ—Ä–æ–∂–µ–∏.
[0;36m[ Exits: n e s w ][0;37m
[1;33m–£ –≤–∞—à–∏—Ö –Ω–æ–≥ –ª–µ–∂–∏—Ç –≥–ª–∏–Ω—è–Ω–∞—è –ø–ª–æ—à–∫–∞.
–ù–µ–º–Ω–æ–≥–æ –æ—Ç—Ä—É–±–µ–π –ø—Ä–æ—Å—ã–ø–∞–Ω–æ –∑–¥–µ—Å—å.
[1;31m[0;0m
[0;32m67H[0;37m [0;32m85M[0;37m 607–æ –ó–∞—É—á:0 –í—ã—Ö:–°–í–Æ–ó> ˇ˘–í—ã –ø–æ–ø–ª–µ–ª–∏—Å—å –Ω–∞ —Å–µ–≤–µ—Ä.
[1;36m–ö —Ü–µ–Ω—Ç—Ä—É –¥–µ—Ä–µ–≤–Ω–∏ [5006][0;37m
   –ü–æ–Ω–µ–º–Ω–æ–≥—É –æ—Å—Ç–∞—é—Ç—Å—è –ø–æ–∑–∞–¥–∏ –≥–ª–∞–≤–Ω—ã–µ –¥–æ–º–∞ –¥–µ—Ä–µ–≤–Ω–∏, –∏ –≤–æ–∫—Ä—É–≥ –æ—Ç–∫—Ä—ã–≤–∞–µ—Ç—Å—è –æ–±—ã—á–Ω—ã–π
–¥–µ—Ä–µ–≤–µ–Ω—Å–∫–∏–π –≤–∏–¥. –ö—Ä–µ–ø–∫–∏–µ –¥–æ–º–∞ —Å –º–∞–ª–µ–Ω—å–∫–∏–º–∏ –æ–∫–Ω–∞–º–∏, –Ω–æ –Ω–µ–∏–∑–º–µ–Ω–Ω—ã–º–∏ —Ç—Ä—É–±–∞–º–∏
–ø–µ—á–µ–π. –ò–∑–≥–æ—Ä–æ–¥—å, —Å—Ç–æ—è—â–∞—è –∑–∞ –¥–æ–º–∞–º–∏ –≤–¥–æ–ª—å –ª–µ—Å–∞ –∏ –∑–∞—â–∏—â–∞—é—â–∞—è –¥–µ—Ä–µ–≤–Ω—é —Å —Ç—ã–ª–∞. 
–ù–µ—Ç–æ—Ä–æ–ø–ª–∏–≤—ã–π –ª—é–¥, –∏–¥—É—â–∏–π –ø–æ —Å–≤–æ–∏–º –∏–∑–≤–µ—á–Ω—ã–º –¥–µ–ª–∞–º.
[0;36m[ Exits: n e s w ][0;37m
[1;33m–ù–µ–º–Ω–æ–≥–æ –æ—Ç—Ä—É–±–µ–π –ø—Ä–æ—Å—ã–ø–∞–Ω–æ –∑–¥–µ—Å—å.
[1;31m–ú–æ–ª–æ–¥–æ–π –ø–∞—Ä–µ–Ω—å –≥—É–ª—è–µ—Ç –∑–¥–µ—Å—å.
[0;0m
[0;32m67H[0;37m [0;32m85M[0;37m 607–æ –ó–∞—É—á:0 –í—ã—Ö:–°–í–Æ–ó> ˇ˘
[0;32m67H[0;37m [0;32m85M[0;37m 607–æ –ó–∞—É—á:0 –í—ã—Ö:–°–í–Æ–ó> ˇ˘–í—ã –ø–æ–ø–ª–µ–ª–∏—Å—å –Ω–∞ —é–≥.
[1;36m–ü–µ—Ä–µ–¥ –ø–æ—Å—Ç–æ—è–ª—ã–º –¥–≤–æ—Ä–æ–º [5005][0;37m
   –ß—É—Ç—å –Ω–µ —Å–ø–æ—Ç–∫–Ω—É–≤—à–∏—Å—å –æ –¥–æ—Å–∫—É, –ª–µ–∂–∞—â—É—é —Å—Ä–∞–∑—É —É –ø–æ—Ä–æ–≥–∞ –ø–æ—Å—Ç–æ—è–ª–æ–≥–æ –¥–≤–æ—Ä–∞,
–≤—ã –æ–∫–∞–∑–∞–ª–∏—Å—å –Ω–∞ —Ü–µ–Ω—Ç—Ä–∞–ª—å–Ω–æ–π —É–ª–∏—Ü–µ –¥–µ—Ä–µ–≤–Ω–∏. –ò–º–µ–Ω–Ω–æ –Ω–∞ —ç—Ç–æ–π —É–ª–∏—Ü–µ –º–æ–∂–Ω–æ 
–±—ã—Å—Ç—Ä–æ –Ω–∞–π—Ç–∏ –ª–∞–≤–∫—É —Ä–µ–º–µ—Å–ª–µ–Ω–Ω–∏–∫–∞, –¥–æ–º –∑–Ω–∞—Ö–∞—Ä—è, –∫–æ–Ω—é—à–Ω—é –∏ –¥–æ–º —Å—Ç–∞—Ä–µ–π—à–∏–Ω—ã.
–í —é–∂–Ω–æ–π —á–∞—Å—Ç–∏ –¥–µ—Ä–µ–≤–Ω–∏ –ø–æ—Å–µ–ª–∏–ª–∏—Å—å –≤–æ—Ä–æ–∂–µ–∏.
[0;36m[ Exits: n e s w ][0;37m
[1;33m–£ –≤–∞—à–∏—Ö –Ω–æ–≥ –ª–µ–∂–∏—Ç –≥–ª–∏–Ω—è–Ω–∞—è –ø–ª–æ—à–∫–∞.
–ù–µ–º–Ω–æ–≥–æ –æ—Ç—Ä—É–±–µ–π –ø—Ä–æ—Å—ã–ø–∞–Ω–æ –∑–¥–µ—Å—å.
[1;31m[0;0m
[0;32m67H[0;37m [0;32m85M[0;37m 607–æ –ó–∞—É—á:0 –í—ã—Ö:–°–í–Æ–ó> ˇ˘–í—ã –ø–æ–ø–ª–µ–ª–∏—Å—å –Ω–∞ –∑–∞–ø–∞–¥.
[1;36m–Ø–º–∞ [5070][0;37m
   –Ø–º–æ–π –Ω–∞–∑—ã–≤–∞–ª–∞—Å—å –ø–æ—á—Ç–æ–≤–∞—è —Å—Ç–∞–Ω—Ü–∏—è, –Ω–∞ –∫–æ—Ç–æ—Ä–æ–π –≤–µ—á–Ω–æ –ø—å—è–Ω—ã–µ —è–º—â–∏–∫–∏ –º–µ–Ω—è–ª–∏
–ª–æ—à–∞–¥–µ–π –≤–æ –≤—Ä–µ–º—è –¥–æ—Ä–æ–≥–∏ –¥–∞–ª—å–Ω–µ–π.  –¢—É—Ç –∂–µ –º–æ–∂–Ω–æ –Ω–∞–Ω—è—Ç—å –∏ –≥–æ–Ω—Ü–∞ –ø–æ—á—Ç–∏ –≤ –ª—é–±—É—é
—Ç–æ—á–∫—É –†—É—Å–∏ –Ω–µ–æ–±—ä—è—Ç–Ω–æ–π.    
[0;36m[ Exits: e ][0;37m
[1;33m[1;31m–Ø–º—â–∏–∫ –≥–æ—Ç–æ–≤ –ø–æ–º–æ—á—å –≤–∞–º –¥–æ—Å—Ç–∞–≤–∏—Ç—å –≤–µ—Å—Ç–æ—á–∫—É —Ä–æ–¥–Ω—ã–º –∏ –±–ª–∏–∑–∫–∏–º.
[0;0m
[0;32m67H[0;37m [0;32m85M[0;37m 607–æ –ó–∞—É—á:0 –í—ã—Ö:–í> ˇ˘–í—ã –ø–æ–ø–ª–µ–ª–∏—Å—å –Ω–∞ –≤–æ—Å—Ç–æ–∫.
[1;36m–ü–µ—Ä–µ–¥ –ø–æ—Å—Ç–æ—è–ª—ã–º –¥–≤–æ—Ä–æ–º [5005][0;37m
   –ß—É—Ç—å –Ω–µ —Å–ø–æ—Ç–∫–Ω—É–≤—à–∏—Å—å –æ –¥–æ—Å–∫—É, –ª–µ–∂–∞—â—É—é —Å—Ä–∞–∑—É —É –ø–æ—Ä–æ–≥–∞ –ø–æ—Å—Ç–æ—è–ª–æ–≥–æ –¥–≤–æ—Ä–∞,
–≤—ã –æ–∫–∞–∑–∞–ª–∏—Å—å –Ω–∞ —Ü–µ–Ω—Ç—Ä–∞–ª—å–Ω–æ–π —É–ª–∏—Ü–µ –¥–µ—Ä–µ–≤–Ω–∏. –ò–º–µ–Ω–Ω–æ –Ω–∞ —ç—Ç–æ–π —É–ª–∏—Ü–µ –º–æ–∂–Ω–æ 
–±—ã—Å—Ç—Ä–æ –Ω–∞–π—Ç–∏ –ª–∞–≤–∫—É —Ä–µ–º–µ—Å–ª–µ–Ω–Ω–∏–∫–∞, –¥–æ–º –∑–Ω–∞—Ö–∞—Ä—è, –∫–æ–Ω—é—à–Ω—é –∏ –¥–æ–º —Å—Ç–∞—Ä–µ–π—à–∏–Ω—ã.
–í —é–∂–Ω–æ–π —á–∞—Å—Ç–∏ –¥–µ—Ä–µ–≤–Ω–∏ –ø–æ—Å–µ–ª–∏–ª–∏—Å—å –≤–æ—Ä–æ–∂–µ–∏.
[0;36m[ Exits: n e s w ][0;37m
[1;33m–£ –≤–∞—à–∏—Ö –Ω–æ–≥ –ª–µ–∂–∏—Ç –≥–ª–∏–Ω—è–Ω–∞—è –ø–ª–æ—à–∫–∞.
–ù–µ–º–Ω–æ–≥–æ –æ—Ç—Ä—É–±–µ–π –ø—Ä–æ—Å—ã–ø–∞–Ω–æ –∑–¥–µ—Å—å.
[1;31m[0;0m
[0;32m67H[0;37m [0;32m85M[0;37m 607–æ –ó–∞—É—á:0 –í—ã—Ö:–°–í–Æ–ó> ˇ˘–í—ã –ø–æ–ø–ª–µ–ª–∏—Å—å –Ω–∞ —é–≥.
[1;36m–¶–µ–Ω—Ç—Ä –¥–µ—Ä–µ–≤–Ω–∏ [5004][0;37m
   –¶–µ–Ω—Ç—Ä–∞–ª—å–Ω–∞—è —á–∞—Å—Ç—å –¥–µ—Ä–µ–≤–Ω–∏ –∑–∞–ø–æ–ª–Ω–µ–Ω–∞ –Ω—É–∂–Ω—ã–º–∏ –≤—Å–µ–º –º–∞—Å—Ç–µ—Ä—Å–∫–∏–º–∏ –∏ –ª–∞–≤–∫–∞–º–∏.
–£–¥–∞—á–Ω–æ–µ –º–µ—Å—Ç–æ –¥–µ—Ä–µ–≤–Ω–∏ –≤ –Ω–µ–∑–∞–ø–∞–º—è—Ç–Ω—ã–µ –≤—Ä–µ–º–µ–Ω–∞ –ø—Ä–∏–≤–ª–µ–∫–ª–æ —Å—é–¥–∞ —Ç–æ—Ä–≥–æ–≤—Ü–µ–≤ –∏
–º–∞—Å—Ç–µ—Ä–æ–≤—ã—Ö, –∏ —Å —Ç–µ—Ö –ø–æ—Ä –ø–æ–≤–µ–ª–æ—Å—å, —á—Ç–æ –≤ —ç—Ç–æ–π —á–∞—Å—Ç–∏ –¥–µ—Ä–µ–≤–Ω–∏ —Å—Ç–æ—è—Ç –±–æ–ª—å—à–∏–µ –∏
–±–æ–≥–∞—Ç—ã–µ –¥–æ–º–∞. –°–æ –≤—Å–µ–π –æ–∫—Ä—É–≥–∏ –∏ –¥–∞–∂–µ –∏–∑ –¥–∞–ª–µ–∫–æ–π –≥–ª—É—à–∏ –ø—Ä–∏—Ö–æ–¥—è—Ç –ª—é–¥–∏ —Å—é–¥–∞
–∑–∞ —Ç–æ–≤–∞—Ä–æ–º –∫—É–ø–∏—Ç—å —á—Ç–æ, –ø—Ä–æ–¥–∞—Ç—å —á—Ç–æ, –∑–∞–∫–∞–∑–∞—Ç—å —á—Ç–æ.
[0;36m[ Exits: n s w ][0;37m
[1;33m[1;31m–ü–æ–∂–∏–ª–æ–π —à–∏—Ä–æ–∫–æ–ø–ª–µ—á–∏–π –∫—Ä–µ—Å—Ç—å—è–Ω–∏–Ω –≤ –¥–æ–±—Ä–æ—Ç–Ω–æ–π –æ–¥–µ–∂–¥–µ –ø—Ä–æ—Ö–∞–∂–∏–≤–∞–µ—Ç—Å—è —Ç—É—Ç.
–ë–∞–∑–∞—Ä–Ω—ã–π –∑–∞–∑—ã–≤–∞–ª–∞ —Å—Ç–æ–∏—Ç –∑–¥–µ—Å—å, –∑—ã—á–Ω—ã–º –≥–æ–ª–æ—Å–æ–º —Ä–∞—Å—Ö–≤–∞–ª–∏–≤–∞—è –≤—ã—Å—Ç–∞–≤–ª–µ–Ω–Ω—ã–π —Ç–æ–≤–∞—Ä.
[0;0m
[0;32m67H[0;37m [0;32m84M[0;37m 607–æ –ó–∞—É—á:0 –í—ã—Ö:–°–Æ–ó> ˇ˘
[0;32m67H[0;37m [0;32m84M[0;37m 607–æ –ó–∞—É—á:0 –í—ã—Ö:–°–Æ–ó> ˇ˘–í—ã –ø–æ–ø–ª–µ–ª–∏—Å—å –Ω–∞ —é–≥.
[1;36m–ü–µ—Ä–µ–¥ –∫–æ–Ω—é—à–Ω–µ–π [5003][0;37m
   –¶–µ–Ω—Ç—Ä–∞–ª—å–Ω–∞—è —á–∞—Å—Ç—å –¥–µ—Ä–µ–≤–Ω–∏ –∑–∞–ø–æ–ª–Ω–µ–Ω–∞ –Ω—É–∂–Ω—ã–º–∏ –≤—Å–µ–º –º–∞—Å—Ç–µ—Ä—Å–∫–∏–º–∏ –∏ –ª–∞–≤–∫–∞–º–∏.
–£–¥–∞—á–Ω–æ–µ –º–µ—Å—Ç–æ –¥–µ—Ä–µ–≤–Ω–∏ –≤ –Ω–µ–∑–∞–ø–∞–º—è—Ç–Ω—ã–µ –≤—Ä–µ–º–µ–Ω–∞ –ø—Ä–∏–≤–ª–µ–∫–ª–æ —Å—é–¥–∞ —Ç–æ—Ä–≥–æ–≤—Ü–µ–≤ –∏
–º–∞—Å—Ç–µ—Ä–æ–≤—ã—Ö, –∏ —Å —Ç–µ—Ö –ø–æ—Ä –ø–æ–≤–µ–ª–æ—Å—å, —á—Ç–æ –≤ —ç—Ç–æ–π —á–∞—Å—Ç–∏ –¥–µ—Ä–µ–≤–Ω–∏ —Å—Ç–æ—è—Ç –±–æ–ª—å—à–∏–µ –∏
–±–æ–≥–∞—Ç—ã–µ –¥–æ–º–∞. –°–æ –≤—Å–µ–π –æ–∫—Ä—É–≥–∏ –∏ –¥–∞–∂–µ –∏–∑ –¥–∞–ª–µ–∫–æ–π –≥–ª—É—à–∏ –ø—Ä–∏—Ö–æ–¥—è—Ç –ª—é–¥–∏ —Å—é–¥–∞
–∑–∞ —Ç–æ–≤–∞—Ä–æ–º –∫—É–ø–∏—Ç—å —á—Ç–æ, –ø—Ä–æ–¥–∞—Ç—å —á—Ç–æ, –∑–∞–∫–∞–∑–∞—Ç—å —á—Ç–æ.
[0;36m[ Exits: n e s w ][0;37m
[1;33m[1;31m–ü–æ–∂–∏–ª–æ–π —à–∏—Ä–æ–∫–æ–ø–ª–µ—á–∏–π –∫—Ä–µ—Å—Ç—å—è–Ω–∏–Ω –≤ –¥–æ–±—Ä–æ—Ç–Ω–æ–π –æ–¥–µ–∂–¥–µ –ø—Ä–æ—Ö–∞–∂–∏–≤–∞–µ—Ç—Å—è —Ç—É—Ç.
[0;0m
[0;32m67H[0;37m [0;32m84M[0;37m 607–æ –ó–∞—É—á:0 –í—ã—Ö:–°–í–Æ–ó> ˇ˘–í—ã –ø–æ–ø–ª–µ–ª–∏—Å—å –Ω–∞ —é–≥.
[1;36m–¶–µ–Ω—Ç—Ä –¥–µ—Ä–µ–≤–Ω–∏ [5009][0;37m
   –¶–µ–Ω—Ç—Ä–∞–ª—å–Ω–∞—è —á–∞—Å—Ç—å –¥–µ—Ä–µ–≤–Ω–∏ –∑–∞–ø–æ–ª–Ω–µ–Ω–∞ –Ω—É–∂–Ω—ã–º–∏ –≤—Å–µ–º –º–∞—Å—Ç–µ—Ä—Å–∫–∏–º–∏ –∏ –ª–∞–≤–∫–∞–º–∏.
–£–¥–∞—á–Ω–æ–µ –º–µ—Å—Ç–æ –¥–µ—Ä–µ–≤–Ω–∏ –≤ –Ω–µ–∑–∞–ø–∞–º—è—Ç–Ω—ã–µ –≤—Ä–µ–º–µ–Ω–∞ –ø—Ä–∏–≤–ª–µ–∫–ª–æ —Å—é–¥–∞ —Ç–æ—Ä–≥–æ–≤—Ü–µ–≤ –∏
–º–∞—Å—Ç–µ—Ä–æ–≤—ã—Ö, –∏ —Å —Ç–µ—Ö –ø–æ—Ä –ø–æ–≤–µ–ª–æ—Å—å, —á—Ç–æ –≤ —ç—Ç–æ–π —á–∞—Å—Ç–∏ –¥–µ—Ä–µ–≤–Ω–∏ —Å—Ç–æ—è—Ç –±–æ–ª—å—à–∏–µ –∏
–±–æ–≥–∞—Ç—ã–µ –¥–æ–º–∞. –°–æ –≤—Å–µ–π –æ–∫—Ä—É–≥–∏ –∏ –¥–∞–∂–µ –∏–∑ –¥–∞–ª–µ–∫–æ–π –≥–ª—É—à–∏ –ø—Ä–∏—Ö–æ–¥—è—Ç –ª—é–¥–∏ —Å—é–¥–∞
–∑–∞ —Ç–æ–≤–∞—Ä–æ–º –∫—É–ø–∏—Ç—å —á—Ç–æ, –ø—Ä–æ–¥–∞—Ç—å —á—Ç–æ, –∑–∞–∫–∞–∑–∞—Ç—å —á—Ç–æ.
[0;36m[ Exits: n e s w ][0;37m
[1;33m[1;31m[0;0m
[0;32m67H[0;37m [0;32m85M[0;37m 607–æ –ó–∞—É—á:0 –í—ã—Ö:–°–í–Æ–ó> ˇ˘–í—ã –ø–æ–ø–ª–µ–ª–∏—Å—å –Ω–∞ —é–≥.
[1;36m–¶–µ–Ω—Ç—Ä –¥–µ—Ä–µ–≤–Ω–∏ [5010][0;37m
   –¶–µ–Ω—Ç—Ä–∞–ª—å–Ω–∞—è —á–∞—Å—Ç—å –¥–µ—Ä–µ–≤–Ω–∏ –∑–∞–ø–æ–ª–Ω–µ–Ω–∞ –Ω—É–∂–Ω—ã–º–∏ –≤—Å–µ–º –º–∞—Å—Ç–µ—Ä—Å–∫–∏–º–∏ –∏ –ª–∞–≤–∫–∞–º–∏.
–£–¥–∞—á–Ω–æ–µ –º–µ—Å—Ç–æ –¥–µ—Ä–µ–≤–Ω–∏ –≤ –Ω–µ–∑–∞–ø–∞–º—è—Ç–Ω—ã–µ –≤—Ä–µ–º–µ–Ω–∞ –ø—Ä–∏–≤–ª–µ–∫–ª–æ —Å—é–¥–∞ —Ç–æ—Ä–≥–æ–≤—Ü–µ–≤ –∏
–º–∞—Å—Ç–µ—Ä–æ–≤—ã—Ö, –∏ —Å —Ç–µ—Ö –ø–æ—Ä –ø–æ–≤–µ–ª–æ—Å—å, —á—Ç–æ –≤ —ç—Ç–æ–π —á–∞—Å—Ç–∏ –¥–µ—Ä–µ–≤–Ω–∏ —Å—Ç–æ—è—Ç –±–æ–ª—å—à–∏–µ –∏
–±–æ–≥–∞—Ç—ã–µ –¥–æ–º–∞. –°–æ –≤—Å–µ–π –æ–∫—Ä—É–≥–∏ –∏ –¥–∞–∂–µ –∏–∑ –¥–∞–ª–µ–∫–æ–π –≥–ª—É—à–∏ –ø—Ä–∏—Ö–æ–¥—è—Ç –ª—é–¥–∏ —Å—é–¥–∞
–∑–∞ —Ç–æ–≤–∞—Ä–æ–º –∫—É–ø–∏—Ç—å —á—Ç–æ, –ø—Ä–æ–¥–∞—Ç—å —á—Ç–æ, –∑–∞–∫–∞–∑–∞—Ç—å —á—Ç–æ.
[0;36m[ Exits: n e s w ][0;37m
[1;33m[1;31m–ò–Ω–æ–∑–µ–º–µ—Ü —Å—Ç–æ–∏—Ç –∑–¥–µ—Å—å.
[0;0m[1;36m–ò–Ω–æ–∑–µ–º–µ—Ü —Å–∫–∞–∑–∞–ª –≤–∞–º : '–ù–µ –ø–æ–¥—Å–∫–∞–∂–µ—Ç–µ, –ª—é–¥–∏ –¥–æ–±—Ä—ã–µ, –∫–∞–∫ –¥–æ–±—Ä–∞—Ç—å—Å—è –¥–æ –ö–∏–µ–≤–∞?'[0;37m
[1;30m–ò–Ω–æ–∑–µ–º–µ—Ü –æ—â–µ—Ä–∏–ª –∑—É–±—ã –≤ –≥–Ω—É—Å–Ω–æ–π —É—Ö–º—ã–ª–∫–µ.[0;0m

[0;32m67H[0;37m [0;32m85M[0;37m 607–æ –ó–∞—É—á:0 –í—ã—Ö:–°–í–Æ–ó> ˇ˘–í—ã –ø–æ–ø–ª–µ–ª–∏—Å—å –Ω–∞ —é–≥.
[1;36m–ö —Ü–µ–Ω—Ç—Ä—É –¥–µ—Ä–µ–≤–Ω–∏ [5035][0;37m
–û—Ç–æ–π–¥—è –æ—Ç —Ü–µ–Ω—Ç—Ä–∞ –¥–µ—Ä–µ–≤–Ω–∏, –≤—ã –ø–æ–ø–∞–ª–∏ –≤ —é–∂–Ω—É—é –µ–µ —á–∞—Å—Ç—å. –ó–¥–µ—Å—å –ø–æ—á—Ç–∏ –Ω–µ –≤–∏–¥–Ω–æ
–º–µ—Å—Ç–Ω—ã—Ö –∂–∏—Ç–µ–ª–µ–π, –Ω–µ —Å–ª—ã—à–Ω–æ –∑–≤—É–∫–æ–≤ —Ä–∞–±–æ—Ç—ã –ø–æ —Ö–æ–∑—è–π—Å—Ç–≤—É. –¢–æ–ª—å–∫–æ –ø–æ—á—Ç–∏ –∑–∞—Ä–æ—Å—à–∞—è
—Ç—Ä–æ–ø–∞ –≤–µ–¥–µ—Ç –≤–¥–æ–ª—å –¥–æ–º–æ–≤. –ì–æ–≤–æ—Ä—è—Ç, –∑–¥–µ—Å—å –∂–∏–≤—É—Ç –∫–æ–ª–¥—É–Ω—ã –∏ –≤–µ–¥—å–º–∞–∫–∏, –∏ –æ–±—ã—á–Ω–æ–º—É
–ª—é–¥—É —Å—é–¥–∞ –ø—É—Ç—å –∑–∞–∫–∞–∑–∞–Ω, –º–æ–∂–Ω–æ –∏ –ø—Ä–æ–∫–ª—è—Ç–∏–µ –Ω–∞ –≤—Å—é –∂–∏–∑–Ω—å –ø–æ–ª—É—á–∏—Ç—å, –¥–∞ –∏ –≤–æ–≤—Å–µ
—Å–≥–∏–Ω—É—Ç—å.
[0;36m[ Exits: n s ][0;37m
[1;33m[1;31m[0;0m
[0;32m67H[0;37m [0;32m85M[0;37m 607–æ –ó–∞—É—á:0 –í—ã—Ö:–°–Æ> ˇ˘–í—ã –ø–æ–ø–ª–µ–ª–∏—Å—å –Ω–∞ —é–≥.
[1;36m–í —é–∂–Ω–æ–π —á–∞—Å—Ç–∏ –¥–µ—Ä–µ–≤–Ω–∏ [5034][0;37m
   –í —é–∂–Ω–æ–π —á–∞—Å—Ç–∏ –¥–µ—Ä–µ–≤–Ω–∏ –±–µ–∑–ª—é–¥–Ω–æ –∏ —Ç–∏—Ö–æ. –ü–æ—á—Ç–∏ –Ω–µ –≤–∏–¥–Ω–æ –º–µ—Å—Ç–Ω—ã—Ö –∂–∏—Ç–µ–ª–µ–π, 
–¥–∞ –∏ –∫–æ–≥–æ –≤—Å—Ç—Ä–µ—Ç–∏—à—å, —Ç–µ –±—ã—Å—Ç—Ä–æ –æ—Ç–≤–æ—Ä–∞—á–∏–≤–∞—é—Ç—Å—è –∏ —É—Ö–æ–¥—è—Ç, –∫–∞–∫ –±—É–¥—Ç–æ —Å—Ç–µ—Å–Ω—è—é—Ç—Å—è
—á—Ç–æ –∏—Ö –∑–∞—Å—Ç–∞–ª–∏ –≤ —ç—Ç–æ–º –º–µ—Å—Ç–µ. –¢–æ–ª—å–∫–æ –ø–æ—á—Ç–∏ –∑–∞—Ä–æ—Å—à–∞—è —Ç—Ä–æ–ø–∞ –≤–µ–¥–µ—Ç –≤–¥–æ–ª—å –¥–æ–º–æ–≤.
–ì–æ–≤–æ—Ä—è—Ç –∑–¥–µ—Å—å –∂–∏–≤—É—Ç –∫–æ–ª–¥—É–Ω—ã –∏ –≤–µ–¥—å–º–∞–∫–∏, –∏ –æ–±—ã—á–Ω–æ–º—É –ª—é–¥—É —Å—é–¥–∞ –ø—É—Ç—å –∑–∞–∫–∞–∑–∞–Ω, 
–º–æ–∂–Ω–æ –∏ –ø—Ä–æ–∫–ª—è—Ç–∏–µ –Ω–∞ –≤—Å—é –∂–∏–∑–Ω—å –ø–æ–ª—É—á–∏—Ç—å, –¥–∞ –∏ –≤–æ–≤—Å–µ —Å–≥–∏–Ω—É—Ç—å.
[0;36m[ Exits: n e s w ][0;37m
[1;33m[1;31m[0;0m
[0;32m67H[0;37m [0;32m85M[0;37m 607–æ –ó–∞—É—á:0 –í—ã—Ö:–°–í–Æ–ó> ˇ˘
[0;32m67H[0;37m [0;32m86M[0;37m 607–æ –ó–∞—É—á:0 –í—ã—Ö:–°–í–Æ–ó> ˇ˘–í—ã –ø–æ–ø–ª–µ–ª–∏—Å—å –Ω–∞ —Å–µ–≤–µ—Ä.
[1;36m–ö —Ü–µ–Ω—Ç—Ä—É –¥–µ—Ä–µ–≤–Ω–∏ [5035][0;37m
–û—Ç–æ–π–¥—è –æ—Ç —Ü–µ–Ω—Ç—Ä–∞ –¥–µ—Ä–µ–≤–Ω–∏, –≤—ã –ø–æ–ø–∞–ª–∏ –≤ —é–∂–Ω—É—é –µ–µ —á–∞—Å—Ç—å. –ó–¥–µ—Å—å –ø–æ—á—Ç–∏ –Ω–µ –≤–∏–¥–Ω–æ
–º–µ—Å—Ç–Ω—ã—Ö –∂–∏—Ç–µ–ª–µ–π, –Ω–µ —Å–ª—ã—à–Ω–æ –∑–≤—É–∫–æ–≤ —Ä–∞–±–æ—Ç—ã –ø–æ —Ö–æ–∑—è–π—Å—Ç–≤—É. –¢–æ–ª—å–∫–æ –ø–æ—á—Ç–∏ –∑–∞—Ä–æ—Å—à–∞—è
—Ç—Ä–æ–ø–∞ –≤–µ–¥–µ—Ç –≤–¥–æ–ª—å –¥–æ–º–æ–≤. –ì–æ–≤–æ—Ä—è—Ç, –∑–¥–µ—Å—å –∂–∏–≤—É—Ç –∫–æ–ª–¥—É–Ω—ã –∏ –≤–µ–¥—å–º–∞–∫–∏, –∏ –æ–±—ã—á–Ω–æ–º—É
–ª—é–¥—É —Å—é–¥–∞ –ø—É—Ç—å –∑–∞–∫–∞–∑–∞–Ω, –º–æ–∂–Ω–æ –∏ –ø—Ä–æ–∫–ª—è—Ç–∏–µ –Ω–∞ –≤—Å—é –∂–∏–∑–Ω—å –ø–æ–ª—É—á–∏—Ç—å, –¥–∞ –∏ –≤–æ–≤—Å–µ
—Å–≥–∏–Ω—É—Ç—å.
[0;36m[ Exits: n s ][0;37m
[1;33m[1;31m[0;0m
[0;32m67H[0;37m [0;32m85M[0;37m 607–æ –ó–∞—É—á:0 –í—ã—Ö:–°–Æ> ˇ˘–í—ã –ø–æ–ø–ª–µ–ª–∏—Å—å –Ω–∞ —Å–µ–≤–µ—Ä.
[1;36m–¶–µ–Ω—Ç—Ä –¥–µ—Ä–µ–≤–Ω–∏ [5010][0;37m
   –¶–µ–Ω—Ç—Ä–∞–ª—å–Ω–∞—è —á–∞—Å—Ç—å –¥–µ—Ä–µ–≤–Ω–∏ –∑–∞–ø–æ–ª–Ω–µ–Ω–∞ –Ω—É–∂–Ω—ã–º–∏ –≤—Å–µ–º –º–∞—Å—Ç–µ—Ä—Å–∫–∏–º–∏ –∏ –ª–∞–≤–∫–∞–º–∏.
–£–¥–∞—á–Ω–æ–µ –º–µ—Å—Ç–æ –¥–µ—Ä–µ–≤–Ω–∏ –≤ –Ω–µ–∑–∞–ø–∞–º—è—Ç–Ω—ã–µ –≤—Ä–µ–º–µ–Ω–∞ –ø—Ä–∏–≤–ª–µ–∫–ª–æ —Å—é–¥–∞ —Ç–æ—Ä–≥–æ–≤—Ü–µ–≤ –∏
–º–∞—Å—Ç–µ—Ä–æ–≤—ã—Ö, –∏ —Å —Ç–µ—Ö –ø–æ—Ä –ø–æ–≤–µ–ª–æ—Å—å, —á—Ç–æ –≤ —ç—Ç–æ–π —á–∞—Å—Ç–∏ –¥–µ—Ä–µ–≤–Ω–∏ —Å—Ç–æ—è—Ç –±–æ–ª—å—à–∏–µ –∏
–±–æ–≥–∞—Ç—ã–µ –¥–æ–º–∞. –°–æ –≤—Å–µ–π –æ–∫—Ä—É–≥–∏ –∏ –¥–∞–∂–µ –∏–∑ –¥–∞–ª–µ–∫–æ–π –≥–ª—É—à–∏ –ø—Ä–∏—Ö–æ–¥—è—Ç –ª—é–¥–∏ —Å—é–¥–∞
–∑–∞ —Ç–æ–≤–∞—Ä–æ–º –∫—É–ø–∏—Ç—å —á—Ç–æ, –ø—Ä–æ–¥–∞—Ç—å —á—Ç–æ, –∑–∞–∫–∞–∑–∞—Ç—å —á—Ç–æ.
[0;36m[ Exits: n e s w ][0;37m
[1;33m[1;31m–ò–Ω–æ–∑–µ–º–µ—Ü —Å—Ç–æ–∏—Ç –∑–¥–µ—Å—å.
[0;0m[1;36m–ò–Ω–æ–∑–µ–º–µ—Ü —Å–∫–∞–∑–∞–ª –≤–∞–º : '–ù–µ –ø–æ–¥—Å–∫–∞–∂–µ—Ç–µ, –ª—é–¥–∏ –¥–æ–±—Ä—ã–µ, –∫–∞–∫ –¥–æ–±—Ä–∞—Ç—å—Å—è –¥–æ –ö–∏–µ–≤–∞?'[0;37m
[1;30m–ò–Ω–æ–∑–µ–º–µ—Ü –æ—â–µ—Ä–∏–ª –∑—É–±—ã –≤ –≥–Ω—É—Å–Ω–æ–π —É—Ö–º—ã–ª–∫–µ.[0;0m

[0;32m67H[0;37m [0;32m85M[0;37m 607–æ –ó–∞—É—á:0 –í—ã—Ö:–°–í–Æ–ó> ˇ˘–í—ã –ø–æ–ø–ª–µ–ª–∏—Å—å –Ω–∞ –≤–æ—Å—Ç–æ–∫.
[1;36m–°–∫–ª–∞–¥ [5053][0;37m
   –ß–µ–≥–æ —Ç–æ–ª—å–∫–æ –Ω–µ –≤–∞–ª—è–µ—Ç—Å—è –∑–¥–µ—Å—å - –±–æ–ª—å—à–∏–Ω—Å—Ç–≤–æ –≤–µ—â–µ–π —Ä–∞–∑–±—Ä–æ—Å–∞–Ω—ã –ø–æ–≤–µ—Ä—Ö –¥—É–±–æ–≤—ã—Ö
—Å—É–Ω–¥—É–∫–æ–≤, —Å–∞–º–∏ —Å—É–Ω–¥—É–∫–∏ –Ω–µ –∑–∞–∫—Ä—ã–≤–∞—é—Ç—Å—è –æ—Ç –∏–∑–ª–∏—à–Ω–µ–π –Ω–∞–±–∏—Ç–æ—Å—Ç–∏ –±—Ä–æ–Ω–µ–π –∏ –æ—Ä—É–∂–∏–µ–º.
–ö–∞—Ä—Ç–∏–Ω—É –æ–±—â–µ–≥–æ –±–µ—Å–ø–æ—Ä—è–¥–∫–∞ –¥–æ–ø–æ–ª–Ω—è—é—Ç –∫–∞–∫–∏–µ-—Ç–æ –∫–∏—Å–ª—ã–µ –∑–∞–ø–∞—Ö–∏ - –≤–∏–¥–∏–º–æ –µ–¥—É –æ–Ω–∏ —Ç–æ–∂–µ
–∑–¥–µ—Å—å —Ö—Ä–∞–Ω—è—Ç.
[0;36m[ Exits: w ][0;37m
[1;33m–ù–µ–±–æ–ª—å—à–∞—è –¥–µ—Ä–µ–≤—è–Ω–Ω–∞—è —Ç–∞–±–ª–∏—á–∫–∞ —Å –∫–∞–∫–æ–π-—Ç–æ –Ω–∞–¥–ø–∏—Å—å—é –∑–∞–∫—Ä–µ–ø–ª–µ–Ω–∞ —É –≤—Ö–æ–¥–∞.
[1;31m–ú–µ—Å—Ç–Ω—ã–π –∂–∏—Ç–µ–ª—å –∏–¥–µ—Ç –∑–¥–µ—Å—å.
–ú–æ–ª–æ–¥–æ–π –ø–∞—Ä–µ–Ω—å —Å—É–µ—Ç–∏—Ç—Å—è –º–µ–∂–¥—É —Å—É–Ω–¥—É–∫–∞–º–∏, –ø—ã—Ç–∞—è—Å—å –Ω–∞–≤–µ—Å—Ç–∏ –ø–æ—Ä—è–¥–æ–∫.
[0;0m
[0;32m67H[0;37m [0;32m85M[0;37m 607–æ –ó–∞—É—á:0 –í—ã—Ö:–ó> ˇ˘–í—ã –ø–æ–ø–ª–µ–ª–∏—Å—å –Ω–∞ –∑–∞–ø–∞–¥.
[1;36m–¶–µ–Ω—Ç—Ä –¥–µ—Ä–µ–≤–Ω–∏ [5010][0;37m
   –¶–µ–Ω—Ç—Ä–∞–ª—å–Ω–∞—è —á–∞—Å—Ç—å –¥–µ—Ä–µ–≤–Ω–∏ –∑–∞–ø–æ–ª–Ω–µ–Ω–∞ –Ω—É–∂–Ω—ã–º–∏ –≤—Å–µ–º –º–∞—Å—Ç–µ—Ä—Å–∫–∏–º–∏ –∏ –ª–∞–≤–∫–∞–º–∏.
–£–¥–∞—á–Ω–æ–µ –º–µ—Å—Ç–æ –¥–µ—Ä–µ–≤–Ω–∏ –≤ –Ω–µ–∑–∞–ø–∞–º—è—Ç–Ω—ã–µ –≤—Ä–µ–º–µ–Ω–∞ –ø—Ä–∏–≤–ª–µ–∫–ª–æ —Å—é–¥–∞ —Ç–æ—Ä–≥–æ–≤—Ü–µ–≤ –∏
–º–∞—Å—Ç–µ—Ä–æ–≤—ã—Ö, –∏ —Å —Ç–µ—Ö –ø–æ—Ä –ø–æ–≤–µ–ª–æ—Å—å, —á—Ç–æ –≤ —ç—Ç–æ–π —á–∞—Å—Ç–∏ –¥–µ—Ä–µ–≤–Ω–∏ —Å—Ç–æ—è—Ç –±–æ–ª—å—à–∏–µ –∏
–±–æ–≥–∞—Ç—ã–µ –¥–æ–º–∞. –°–æ –≤—Å–µ–π –æ–∫—Ä—É–≥–∏ –∏ –¥–∞–∂–µ –∏–∑ –¥–∞–ª–µ–∫–æ–π –≥–ª—É—à–∏ –ø—Ä–∏—Ö–æ–¥—è—Ç –ª—é–¥–∏ —Å—é–¥–∞
–∑–∞ —Ç–æ–≤–∞—Ä–æ–º –∫—É–ø–∏—Ç—å —á—Ç–æ, –ø—Ä–æ–¥–∞—Ç—å —á—Ç–æ, –∑–∞–∫–∞–∑–∞—Ç—å —á—Ç–æ.
[0;36m[ Exits: n e s w ][0;37m
[1;33m[1;31m–ò–Ω–æ–∑–µ–º–µ—Ü —Å—Ç–æ–∏—Ç –∑–¥–µ—Å—å.
[0;0m[1;36m–ò–Ω–æ–∑–µ–º–µ—Ü —Å–∫–∞–∑–∞–ª –≤–∞–º : '–ù–µ –ø–æ–¥—Å–∫–∞–∂–µ—Ç–µ, –ª—é–¥–∏ –¥–æ–±—Ä—ã–µ, –∫–∞–∫ –¥–æ–±—Ä–∞—Ç—å—Å—è –¥–æ –ö–∏–µ–≤–∞?'[0;37m
[1;30m–ò–Ω–æ–∑–µ–º–µ—Ü –æ—â–µ—Ä–∏–ª –∑—É–±—ã –≤ –≥–Ω—É—Å–Ω–æ–π —É—Ö–º—ã–ª–∫–µ.[0;0m

[0;32m67H[0;37m [0;32m85M[0;37m 607–æ –ó–∞—É—á:0 –í—ã—Ö:–°–í–Æ–ó> ˇ˘–í—ã –ø–æ–ø–ª–µ–ª–∏—Å—å –Ω–∞ –∑–∞–ø–∞–¥.
[1;36m–ó–Ω–∞—Ö–∞—Ä—Å–∫–∞—è [5008][0;37m
   –í—Å—è –∑–∞—Å—Ç–∞–≤–ª–µ–Ω–Ω–∞—è –∫–æ–ª–±–∞–º–∏ —Å –∑–µ–ª—å–µ–º, –ø–æ–¥–≤–µ—à–µ–Ω–Ω—ã–º–∏ –Ω–∞ –∫—Ä—é—á–∫–∞—Ö –ø—É—á–∫–∞–º–∏ 
—Å—É—à–µ–Ω–æ–π —Ç—Ä–∞–≤—ã –∏ —Ü–≤–µ—Ç–æ–≤, –∏–ª–∏ –≤—ã—Å—É—à–µ–Ω–Ω—ã—Ö —á–∞—Å—Ç–µ–π –∂–∏–≤–æ—Ç–Ω—ã—Ö –∫–æ–º–Ω–∞—Ç–∞ –Ω–µ –≤—ã–∑—ã–≤–∞–µ—Ç
–ø—Ä–∏—è—Ç–Ω—ã—Ö –æ—â—É—â–µ–Ω–∏–π. –¢–∞–∫ –∏ —Ö–æ—á–µ—Ç—Å—è –∑–∞—Ç–∫–Ω—É—Ç—å –Ω–æ—Å –∏ –Ω–µ –≤–¥—ã—Ö–∞—Ç—å –º–µ—Å—Ç–Ω—ã–π –æ—Å—Ç—Ä—ã–π
–∑–∞–ø–∞—Ö.
[0;36m[ Exits: e ][0;37m
[1;33m–ë—É–º–∞–≥–∞ –ø—Ä–∏–∫–æ–ª–æ—Ç–∞ –∫ –¥–æ—Å–∫–µ –∑–¥–µ—Å—å.
[1;31m–ó–Ω–∞—Ö–∞—Ä—å —Å—Ç–æ–∏—Ç –∑–¥–µ—Å—å.
–î–µ—Ä–µ–≤–µ–Ω—Å–∫–∏–π –ø–∞—Ä–Ω–∏—à–∫–∞ –ø–æ–º–æ–≥–∞–µ—Ç –∑–Ω–∞—Ö–∞—Ä—é –≤ –ø—Ä–∏–≥–æ—Ç–æ–≤–ª–µ–Ω–∏–∏ —Å–Ω–∞–¥–æ–±–∏–π.
[0;0m
[0;32m67H[0;37m [0;32m84M[0;37m 607–æ –ó–∞—É—á:0 –í—ã—Ö:–í> ˇ˘–í—ã –ø–æ–ø–ª–µ–ª–∏—Å—å –Ω–∞ –≤–æ—Å—Ç–æ–∫.
[1;36m–¶–µ–Ω—Ç—Ä –¥–µ—Ä–µ–≤–Ω–∏ [5010][0;37m
   –¶–µ–Ω—Ç—Ä–∞–ª—å–Ω–∞—è —á–∞—Å—Ç—å –¥–µ—Ä–µ–≤–Ω–∏ –∑–∞–ø–æ–ª–Ω–µ–Ω–∞ –Ω—É–∂–Ω—ã–º–∏ –≤—Å–µ–º –º–∞—Å—Ç–µ—Ä—Å–∫–∏–º–∏ –∏ –ª–∞–≤–∫–∞–º–∏.
–£–¥–∞—á–Ω–æ–µ –º–µ—Å—Ç–æ –¥–µ—Ä–µ–≤–Ω–∏ –≤ –Ω–µ–∑–∞–ø–∞–º—è—Ç–Ω—ã–µ –≤—Ä–µ–º–µ–Ω–∞ –ø—Ä–∏–≤–ª–µ–∫–ª–æ —Å—é–¥–∞ —Ç–æ—Ä–≥–æ–≤—Ü–µ–≤ –∏
–º–∞—Å—Ç–µ—Ä–æ–≤—ã—Ö, –∏ —Å —Ç–µ—Ö –ø–æ—Ä –ø–æ–≤–µ–ª–æ—Å—å, —á—Ç–æ –≤ —ç—Ç–æ–π —á–∞—Å—Ç–∏ –¥–µ—Ä–µ–≤–Ω–∏ —Å—Ç–æ—è—Ç –±–æ–ª—å—à–∏–µ –∏
–±–æ–≥–∞—Ç—ã–µ –¥–æ–º–∞. –°–æ –≤—Å–µ–π –æ–∫—Ä—É–≥–∏ –∏ –¥–∞–∂–µ –∏–∑ –¥–∞–ª–µ–∫–æ–π –≥–ª—É—à–∏ –ø—Ä–∏—Ö–æ–¥—è—Ç –ª—é–¥–∏ —Å—é–¥–∞
–∑–∞ —Ç–æ–≤–∞—Ä–æ–º –∫—É–ø–∏—Ç—å —á—Ç–æ, –ø—Ä–æ–¥–∞—Ç—å —á—Ç–æ, –∑–∞–∫–∞–∑–∞—Ç—å —á—Ç–æ.
[0;36m[ Exits: n e s w ][0;37m
[1;33m[1;31m–ò–Ω–æ–∑–µ–º–µ—Ü —Å—Ç–æ–∏—Ç –∑–¥–µ—Å—å.
[0;0m[1;36m–ò–Ω–æ–∑–µ–º–µ—Ü —Å–∫–∞–∑–∞–ª –≤–∞–º : '–ù–µ –ø–æ–¥—Å–∫–∞–∂–µ—Ç–µ, –ª—é–¥–∏ –¥–æ–±—Ä—ã–µ, –∫–∞–∫ –¥–æ–±—Ä–∞—Ç—å—Å—è –¥–æ –ö–∏–µ–≤–∞?'[0;37m
[1;30m–ò–Ω–æ–∑–µ–º–µ—Ü –æ—â–µ—Ä–∏–ª –∑—É–±—ã –≤ –≥–Ω—É—Å–Ω–æ–π —É—Ö–º—ã–ª–∫–µ.[0;0m

[0;32m67H[0;37m [0;32m84M[0;37m 607–æ –ó–∞—É—á:0 –í—ã—Ö:–°–í–Æ–ó> ˇ˘–í—ã –ø–æ–ø–ª–µ–ª–∏—Å—å –Ω–∞ —Å–µ–≤–µ—Ä.
[1;36m–¶–µ–Ω—Ç—Ä –¥–µ—Ä–µ–≤–Ω–∏ [5009][0;37m
   –¶–µ–Ω—Ç—Ä–∞–ª—å–Ω–∞—è —á–∞—Å—Ç—å –¥–µ—Ä–µ–≤–Ω–∏ –∑–∞–ø–æ–ª–Ω–µ–Ω–∞ –Ω—É–∂–Ω—ã–º–∏ –≤—Å–µ–º –º–∞—Å—Ç–µ—Ä—Å–∫–∏–º–∏ –∏ –ª–∞–≤–∫–∞–º–∏.
–£–¥–∞—á–Ω–æ–µ –º–µ—Å—Ç–æ –¥–µ—Ä–µ–≤–Ω–∏ –≤ –Ω–µ–∑–∞–ø–∞–º—è—Ç–Ω—ã–µ –≤—Ä–µ–º–µ–Ω–∞ –ø—Ä–∏–≤–ª–µ–∫–ª–æ —Å—é–¥–∞ —Ç–æ—Ä–≥–æ–≤—Ü–µ–≤ –∏
–º–∞—Å—Ç–µ—Ä–æ–≤—ã—Ö, –∏ —Å —Ç–µ—Ö –ø–æ—Ä –ø–æ–≤–µ–ª–æ—Å—å, —á—Ç–æ –≤ —ç—Ç–æ–π —á–∞—Å—Ç–∏ –¥–µ—Ä–µ–≤–Ω–∏ —Å—Ç–æ—è—Ç –±–æ–ª—å—à–∏–µ –∏
–±–æ–≥–∞—Ç—ã–µ –¥–æ–º–∞. –°–æ –≤—Å–µ–π –æ–∫—Ä—É–≥–∏ –∏ –¥–∞–∂–µ –∏–∑ –¥–∞–ª–µ–∫–æ–π –≥–ª—É—à–∏ –ø—Ä–∏—Ö–æ–¥—è—Ç –ª—é–¥–∏ —Å—é–¥–∞
–∑–∞ —Ç–æ–≤–∞—Ä–æ–º –∫—É–ø–∏—Ç—å —á—Ç–æ, –ø—Ä–æ–¥–∞—Ç—å —á—Ç–æ, –∑–∞–∫–∞–∑–∞—Ç—å —á—Ç–æ.
[0;36m[ Exits: n e s w ][0;37m
[1;33m[1;31m[0;0m
[0;32m67H[0;37m [0;32m83M[0;37m 607–æ –ó–∞—É—á:0 –í—ã—Ö:–°–í–Æ–ó> ˇ˘–í—ã –ø–æ–ø–ª–µ–ª–∏—Å—å –Ω–∞ –∑–∞–ø–∞–¥.
[1;36m–ö—É–∑–Ω–∏—Ü–∞ [5025][0;37m
   –í –∫—É–∑–Ω–µ –ø–æ—Å—Ç–æ—è–Ω–Ω–æ —Å–ª—ã—à–∏—Ç—Å—è –≥—Ä–æ—Ö–æ—Ç —É–¥–∞—Ä–æ–≤ –∫–æ–≤–∫–∏ –º–µ—Ç–∞–ª–ª–∞ –∏ —à–∏–ø–µ–Ω–∏–µ –∑–∞–∫–∞–ª—è–µ–º–æ–π 
—Å—Ç–∞–ª–∏. –ó–¥–æ—Ä–æ–≤—ã–π –∫—É–∑–Ω–µ—Ü —Ö–æ–¥–∏—Ç –≤–æ–∫—Ä—É–≥ —Ç—è–∂–µ–ª–æ–π –Ω–∞–∫–æ–≤–∞–ª—å–Ω–∏. –ù–∞ —Å—Ç–µ–Ω–∞—Ö —Ä–∞–∑–≤–µ—à–µ–Ω—ã 
—Ä–∞–±–æ—Ç—ã –∫—É–∑–Ω–µ—Ü–∞, —Ç—É—Ç –∏ –º–µ—á–∏ –∏ –ø–∞–ª–∏—Ü—ã, –∫–∏–Ω–∂–∞–ª—ã –∏ –Ω–æ–∂–∏. –ö–æ–≤–∞–Ω–Ω—ã–µ –ø–æ –ø—Ä–æ—Å—Ç–æ–º—É,
–±–µ–∑ –∏–∑—ã—Å–∫–∞ –æ–Ω–∏ –º–æ–∂–µ—Ç –±—ã—Ç—å –∏ –Ω–µ —Å–∞–º—ã–µ –ª—É—á—à–∏–µ, –Ω–æ –∫—Ä–µ–ø–∫–∏–µ –∏ –Ω–∞–¥–µ–∂–Ω—ã–µ, –≤ –¥–µ–ª–µ
–Ω–µ –ø–æ–¥–≤–µ–¥—É—Ç.
[0;36m[ Exits: e ][0;37m
[1;33m[1;31m–ó–¥–æ—Ä–æ–≤—ã–π –º—É–∂–∏–∫-–º–æ–ª–æ—Ç–æ–±–æ–µ—Ü —Å—Ç–æ–∏—Ç –∑–¥–µ—Å—å.
–ö—É–∑–Ω–µ—Ü —Å—Ç–æ–∏—Ç –≤–æ–∑–ª–µ –≥–æ—Ä–Ω–∞.
[0;0m
[0;32m67H[0;37m [0;32m83M[0;37m 607–æ –ó–∞—É—á:0 –í—ã—Ö:–í> ˇ˘–í—ã –ø–æ–ø–ª–µ–ª–∏—Å—å –Ω–∞ –≤–æ—Å—Ç–æ–∫.
[1;36m–¶–µ–Ω—Ç—Ä –¥–µ—Ä–µ–≤–Ω–∏ [5009][0;37m
   –¶–µ–Ω—Ç—Ä–∞–ª—å–Ω–∞—è —á–∞—Å—Ç—å –¥–µ—Ä–µ–≤–Ω–∏ –∑–∞–ø–æ–ª–Ω–µ–Ω–∞ –Ω—É–∂–Ω—ã–º–∏ –≤—Å–µ–º –º–∞—Å—Ç–µ—Ä—Å–∫–∏–º–∏ –∏ –ª–∞–≤–∫–∞–º–∏.
–£–¥–∞—á–Ω–æ–µ –º–µ—Å—Ç–æ –¥–µ—Ä–µ–≤–Ω–∏ –≤ –Ω–µ–∑–∞–ø–∞–º—è—Ç–Ω—ã–µ –≤—Ä–µ–º–µ–Ω–∞ –ø—Ä–∏–≤–ª–µ–∫–ª–æ —Å—é–¥–∞ —Ç–æ—Ä–≥–æ–≤—Ü–µ–≤ –∏
–º–∞—Å—Ç–µ—Ä–æ–≤—ã—Ö, –∏ —Å —Ç–µ—Ö –ø–æ—Ä –ø–æ–≤–µ–ª–æ—Å—å, —á—Ç–æ –≤ —ç—Ç–æ–π —á–∞—Å—Ç–∏ –¥–µ—Ä–µ–≤–Ω–∏ —Å—Ç–æ—è—Ç –±–æ–ª—å—à–∏–µ –∏
–±–æ–≥–∞—Ç—ã–µ –¥–æ–º–∞. –°–æ –≤—Å–µ–π –æ–∫—Ä—É–≥–∏ –∏ –¥–∞–∂–µ –∏–∑ –¥–∞–ª–µ–∫–æ–π –≥–ª—É—à–∏ –ø—Ä–∏—Ö–æ–¥—è—Ç –ª—é–¥–∏ —Å—é–¥–∞
–∑–∞ —Ç–æ–≤–∞—Ä–æ–º –∫—É–ø–∏—Ç—å —á—Ç–æ, –ø—Ä–æ–¥–∞—Ç—å —á—Ç–æ, –∑–∞–∫–∞–∑–∞—Ç—å —á—Ç–æ.
[0;36m[ Exits: n e s w ][0;37m
[1;33m[1;31m[0;0m
[0;32m67H[0;37m [0;32m82M[0;37m 607–æ –ó–∞—É—á:0 –í—ã—Ö:–°–í–Æ–ó> ˇ˘–í—ã –ø–æ–ø–ª–µ–ª–∏—Å—å –Ω–∞ –≤–æ—Å—Ç–æ–∫.
[1;36m–î–≤–æ—Ä —Å—Ç–∞—Ä–µ–π—à–∏–Ω—ã [5030][0;37m
   –≠—Ç–æ —Å–∞–º—ã–π –±–æ–ª—å—à–æ–π –¥–≤–æ—Ä –≤ –¥–µ—Ä–µ–≤–Ω–∏. –ó–¥–µ—Å—å –ø—Ä–æ–∏—Å—Ö–æ–¥—è—Ç —Å—Ö–æ–¥—ã –∂–∏—Ç–µ–ª–µ–π –¥–ª—è 
—Ä–µ—à–µ–Ω–∏—è –æ–±—â–∏—Ö –ø—Ä–æ–±–ª–µ–º. –ö–∞–∂–¥—ã–π –º–æ–∂–µ—Ç –≤—ã—Å–∫–∞–∑–∞—Ç—å—Å—è –Ω–∞ —ç—Ç–æ–º —Å–æ–±—Ä–∞–Ω–∏–∏ –Ω–µ–∑–∞–≤–∏—Å–∏–º–æ
–æ—Ç —Å–≤–æ–µ–≥–æ —Å—Ç–∞—Ç—É—Å–∞. –ò–º–µ–Ω–Ω–æ –∑–¥–µ—Å—å —Ä–µ—à–∞—é—Ç—Å—è —Å—Å–æ—Ä—ã, –Ω–∞–∫–∞–∑—ã–≤–∞—é—Ç—Å—è —Å–æ–≤–µ—Ä—à–∏–≤—à–∏–µ
–ø–ª–æ—Ö–∏–µ –ø—Ä–æ—Å—Ç—É–ø–∫–∏.
[0;36m[ Exits: e w ][0;37m
[1;33m–õ—É–∂–∏—Ü–∞ –¥–æ–∂–¥–µ–≤–æ–π –≤–æ–¥—ã —Ä–∞–∑–ª–∏—Ç–∞ —É –≤–∞—à–∏—Ö –Ω–æ–≥.
[1;31m–ï—Ñ–∏–º–∏–π, –±—Ä–∞—Ç –¥–µ—Ä–µ–≤–µ–Ω—Å–∫–æ–≥–æ —Å—Ç–∞—Ä–æ—Å—Ç—ã, —Å—Ç–æ–∏—Ç –∑–¥–µ—Å—å.
[0;0m
[0;32m67H[0;37m [0;32m82M[0;37m 607–æ –ó–∞—É—á:0 –í—ã—Ö:–í–ó> ˇ˘–í—ã –ø–æ–ø–ª–µ–ª–∏—Å—å –Ω–∞ –≤–æ—Å—Ç–æ–∫.
[1;36m–í –¥–æ–º–µ —Å—Ç–∞—Ä–µ–π—à–∏–Ω—ã [5031][0;37m
   –°–æ—Å—Ç–æ—è—â–∏–π –∏–∑ –¥–≤—É—Ö –ø—è—Ç–∏—Å—Ç–µ–Ω–∫–æ–≤ –¥–æ–º –ø–æ—Ä–∞–∂–∞–µ—Ç —Å–≤–æ–∏–º–∏ —Ä–∞–∑–º–µ—Ä–∞–º–∏. –ó–¥–µ—Å—å –º–æ–≥–ª–∏
–±—ã —Ä–∞–∑–º–µ—Å—Ç–∏—Ç—å—Å—è —á–µ—Ç—ã—Ä–µ –∏–ª–∏ –ø—è—Ç—å –æ–±—ã—á–Ω—ã—Ö –¥–æ–º–æ–º. –î–≤–µ –ø–µ—á–∏, –Ω–µ—Å–∫–æ–ª—å–∫–æ –∫–æ–º–Ω–∞—Ç,
–≤ —Å–∞–º–æ–π –±–æ–ª—å—à–æ–π –∏–∑ –∫–æ—Ç–æ—Ä—ã—Ö –≤—ã —Å–µ–π—á–∞—Å –∏ –Ω–∞—Ö–æ–¥–∏—Ç–µ—Å—å. –ó–¥–µ—Å—å –æ–¥–Ω–æ–≤—Ä–µ–º–µ–Ω–Ω–æ –º–æ–∂–µ—Ç
–Ω–∞—Ö–æ–¥–∏—Ç—Å—è –Ω–µ –æ–¥–∏–Ω –¥–µ—Å—è—Ç–æ–∫ —á–µ–ª–æ–≤–µ–∫.
[0;36m[ Exits: s w ][0;37m
[1;33m[1;31m–°–µ–¥–æ–π –∫—Ä–µ–ø–∫–∏–π –º—É–∂—á–∏–Ω–∞ —Å—Ç–æ–∏—Ç –∑–¥–µ—Å—å.
...—Å–≤–µ—Ç–∏—Ç—Å—è —è—Ä–∫–∏–º —Å–∏—è–Ω–∏–µ–º 
[0;0m
[0;32m67H[0;37m [0;32m83M[0;37m 607–æ –ó–∞—É—á:0 –í—ã—Ö:–Æ–ó> ˇ˘–í—ã –ø–æ–ø–ª–µ–ª–∏—Å—å –Ω–∞ –∑–∞–ø–∞–¥.
[1;36m–î–≤–æ—Ä —Å—Ç–∞—Ä–µ–π—à–∏–Ω—ã [5030][0;37m
   –≠—Ç–æ —Å–∞–º—ã–π –±–æ–ª—å—à–æ–π –¥–≤–æ—Ä –≤ –¥–µ—Ä–µ–≤–Ω–∏. –ó–¥–µ—Å—å –ø—Ä–æ–∏—Å—Ö–æ–¥—è—Ç —Å—Ö–æ–¥—ã –∂–∏—Ç–µ–ª–µ–π –¥–ª—è 
—Ä–µ—à–µ–Ω–∏—è –æ–±—â–∏—Ö –ø—Ä–æ–±–ª–µ–º. –ö–∞–∂–¥—ã–π –º–æ–∂–µ—Ç –≤—ã—Å–∫–∞–∑–∞—Ç—å—Å—è –Ω–∞ —ç—Ç–æ–º —Å–æ–±—Ä–∞–Ω–∏–∏ –Ω–µ–∑–∞–≤–∏—Å–∏–º–æ
–æ—Ç —Å–≤–æ–µ–≥–æ —Å—Ç–∞—Ç—É—Å–∞. –ò–º–µ–Ω–Ω–æ –∑–¥–µ—Å—å —Ä–µ—à–∞—é—Ç—Å—è —Å—Å–æ—Ä—ã, –Ω–∞–∫–∞–∑—ã–≤–∞—é—Ç—Å—è —Å–æ–≤–µ—Ä—à–∏–≤—à–∏–µ
–ø–ª–æ—Ö–∏–µ –ø—Ä–æ—Å—Ç—É–ø–∫–∏.
[0;36m[ Exits: e w ][0;37m
[1;33m–õ—É–∂–∏—Ü–∞ –¥–æ–∂–¥–µ–≤–æ–π –≤–æ–¥—ã —Ä–∞–∑–ª–∏—Ç–∞ —É –≤–∞—à–∏—Ö –Ω–æ–≥.
[1;31m–ï—Ñ–∏–º–∏–π, –±—Ä–∞—Ç –¥–µ—Ä–µ–≤–µ–Ω—Å–∫–æ–≥–æ —Å—Ç–∞—Ä–æ—Å—Ç—ã, —Å—Ç–æ–∏—Ç –∑–¥–µ—Å—å.
[0;0m
[0;32m67H[0;37m [0;32m83M[0;37m 607–æ –ó–∞—É—á:0 –í—ã—Ö:–í–ó> ˇ˘–í—ã –ø–æ–ø–ª–µ–ª–∏—Å—å –Ω–∞ –∑–∞–ø–∞–¥.
[1;36m–¶–µ–Ω—Ç—Ä –¥–µ—Ä–µ–≤–Ω–∏ [5009][0;37m
   –¶–µ–Ω—Ç—Ä–∞–ª—å–Ω–∞—è —á–∞—Å—Ç—å –¥–µ—Ä–µ–≤–Ω–∏ –∑–∞–ø–æ–ª–Ω–µ–Ω–∞ –Ω—É–∂–Ω—ã–º–∏ –≤—Å–µ–º –º–∞—Å—Ç–µ—Ä—Å–∫–∏–º–∏ –∏ –ª–∞–≤–∫–∞–º–∏.
–£–¥–∞—á–Ω–æ–µ –º–µ—Å—Ç–æ –¥–µ—Ä–µ–≤–Ω–∏ –≤ –Ω–µ–∑–∞–ø–∞–º—è—Ç–Ω—ã–µ –≤—Ä–µ–º–µ–Ω–∞ –ø—Ä–∏–≤–ª–µ–∫–ª–æ —Å—é–¥–∞ —Ç–æ—Ä–≥–æ–≤—Ü–µ–≤ –∏
–º–∞—Å—Ç–µ—Ä–æ–≤—ã—Ö, –∏ —Å —Ç–µ—Ö –ø–æ—Ä –ø–æ–≤–µ–ª–æ—Å—å, —á—Ç–æ –≤ —ç—Ç–æ–π —á–∞—Å—Ç–∏ –¥–µ—Ä–µ–≤–Ω–∏ —Å—Ç–æ—è—Ç –±–æ–ª—å—à–∏–µ –∏
–±–æ–≥–∞—Ç—ã–µ –¥–æ–º–∞. –°–æ –≤—Å–µ–π –æ–∫—Ä—É–≥–∏ –∏ –¥–∞–∂–µ –∏–∑ –¥–∞–ª–µ–∫–æ–π –≥–ª—É—à–∏ –ø—Ä–∏—Ö–æ–¥—è—Ç –ª—é–¥–∏ —Å—é–¥–∞
–∑–∞ —Ç–æ–≤–∞—Ä–æ–º –∫—É–ø–∏—Ç—å —á—Ç–æ, –ø—Ä–æ–¥–∞—Ç—å —á—Ç–æ, –∑–∞–∫–∞–∑–∞—Ç—å —á—Ç–æ.
[0;36m[ Exits: n e s w ][0;37m
[1;33m[1;31m[0;0m
[0;32m67H[0;37m [0;32m82M[0;37m 607–æ –ó–∞—É—á:0 –í—ã—Ö:–°–í–Æ–ó> ˇ˘
–ü–æ–º–æ—â–Ω–∏–∫ –¥–µ—Ä–µ–≤–µ–Ω—Å–∫–æ–≥–æ —Å—Ç–∞—Ä–æ—Å—Ç—ã –ø—Ä–∏—à–µ–ª —Å —Å–µ–≤–µ—Ä–∞.

[0;32m67H[0;37m [0;32m83M[0;37m 607–æ –ó–∞—É—á:0 –í—ã—Ö:–°–í–Æ–ó> ˇ˘–í—ã –ø–æ–ø–ª–µ–ª–∏—Å—å –Ω–∞ —Å–µ–≤–µ—Ä.
[1;36m–ü–µ—Ä–µ–¥ –∫–æ–Ω—é—à–Ω–µ–π [5003][0;37m
   –¶–µ–Ω—Ç—Ä–∞–ª—å–Ω–∞—è —á–∞—Å—Ç—å –¥–µ—Ä–µ–≤–Ω–∏ –∑–∞–ø–æ–ª–Ω–µ–Ω–∞ –Ω—É–∂–Ω—ã–º–∏ –≤—Å–µ–º –º–∞—Å—Ç–µ—Ä—Å–∫–∏–º–∏ –∏ –ª–∞–≤–∫–∞–º–∏.
–£–¥–∞—á–Ω–æ–µ –º–µ—Å—Ç–æ –¥–µ—Ä–µ–≤–Ω–∏ –≤ –Ω–µ–∑–∞–ø–∞–º—è—Ç–Ω—ã–µ –≤—Ä–µ–º–µ–Ω–∞ –ø—Ä–∏–≤–ª–µ–∫–ª–æ —Å—é–¥–∞ —Ç–æ—Ä–≥–æ–≤—Ü–µ–≤ –∏
–º–∞—Å—Ç–µ—Ä–æ–≤—ã—Ö, –∏ —Å —Ç–µ—Ö –ø–æ—Ä –ø–æ–≤–µ–ª–æ—Å—å, —á—Ç–æ –≤ —ç—Ç–æ–π —á–∞—Å—Ç–∏ –¥–µ—Ä–µ–≤–Ω–∏ —Å—Ç–æ—è—Ç –±–æ–ª—å—à–∏–µ –∏
–±–æ–≥–∞—Ç—ã–µ –¥–æ–º–∞. –°–æ –≤—Å–µ–π –æ–∫—Ä—É–≥–∏ –∏ –¥–∞–∂–µ –∏–∑ –¥–∞–ª–µ–∫–æ–π –≥–ª—É—à–∏ –ø—Ä–∏—Ö–æ–¥—è—Ç –ª—é–¥–∏ —Å—é–¥–∞
–∑–∞ —Ç–æ–≤–∞—Ä–æ–º –∫—É–ø–∏—Ç—å —á—Ç–æ, –ø—Ä–æ–¥–∞—Ç—å —á—Ç–æ, –∑–∞–∫–∞–∑–∞—Ç—å —á—Ç–æ.
[0;36m[ Exits: n e s w ][0;37m
[1;33m[1;31m[0;0m
[0;32m67H[0;37m [0;32m82M[0;37m 607–æ –ó–∞—É—á:0 –í—ã—Ö:–°–í–Æ–ó> ˇ˘–í—ã –ø–æ–ø–ª–µ–ª–∏—Å—å –Ω–∞ –∑–∞–ø–∞–¥.
[1;36m–õ–∞–≤–∫–∞ [5007][0;37m
   –ß–µ–≥–æ —Ç–æ–ª—å–∫–æ –Ω–µ —Ä–∞–∑–ª–æ–∂–µ–Ω–æ –Ω–∞ –ø—Ä–∏–ª–∞–≤–∫–µ, –∑–¥–µ—Å—å —Ç–µ–±–µ –∏ –º–µ—Å—Ç–Ω—ã–µ —Ç–æ–≤–∞—Ä—ã –∏
–∑–∞–º–æ—Ä—Å–∫–∏–µ —á—É–¥–∞, –∏ –ø—Ä–æ—Å—Ç–∞—è –æ–¥–µ–∂–¥–∞ –∏ –±–æ–≥–∞—Ç–∞—è. –ù–∞–π–¥—É—Ç—Å—è –¥–æ—Å–ø–µ—Ö–∏ –¥–ª—è –≤–æ–∏–Ω–∞
–∏ —É–∫—Ä–∞—à–µ–Ω–∏—è –¥–ª—è –º–∏–ª—ã—Ö. –†–µ–º–µ—Å–ª–µ–Ω–Ω–∏–∫ –Ω–µ —Ç–æ–ª—å–∫–æ –ø—Ä–æ–¥–∞–µ—Ç —Å–≤–æ–π —Ç–æ–≤–∞—Ä, –Ω–æ –∏
—á–∏–Ω–∏—Ç –ø–æ—Ç—Ä–µ–ø–∞–Ω–Ω–æ–µ –∏ –ø–æ–∫—É–ø–∞–µ—Ç –Ω–µ–Ω—É–∂–Ω–æ–µ.
[0;36m[ Exits: e ][0;37m
[1;33m–ó–¥–µ—Å—å –ª–µ–∂–∏—Ç –º–æ—Ä–∫–æ–≤—å.
[1;31m–õ–∞–≤–æ—á–Ω–∏–∫ —Å—Ç–æ–∏—Ç —Ç—É—Ç.
[0;0m
[0;32m67H[0;37m [0;32m82M[0;37m 607–æ –ó–∞—É—á:0 –í—ã—Ö:–í> ˇ˘–í—ã –ø–æ–ø–ª–µ–ª–∏—Å—å –Ω–∞ –≤–æ—Å—Ç–æ–∫.
[1;36m–ü–µ—Ä–µ–¥ –∫–æ–Ω—é—à–Ω–µ–π [5003][0;37m
   –¶–µ–Ω—Ç—Ä–∞–ª—å–Ω–∞—è —á–∞—Å—Ç—å –¥–µ—Ä–µ–≤–Ω–∏ –∑–∞–ø–æ–ª–Ω–µ–Ω–∞ –Ω—É–∂–Ω—ã–º–∏ –≤—Å–µ–º –º–∞—Å—Ç–µ—Ä—Å–∫–∏–º–∏ –∏ –ª–∞–≤–∫–∞–º–∏.
–£–¥–∞—á–Ω–æ–µ –º–µ—Å—Ç–æ –¥–µ—Ä–µ–≤–Ω–∏ –≤ –Ω–µ–∑–∞–ø–∞–º—è—Ç–Ω—ã–µ –≤—Ä–µ–º–µ–Ω–∞ –ø—Ä–∏–≤–ª–µ–∫–ª–æ —Å—é–¥–∞ —Ç–æ—Ä–≥–æ–≤—Ü–µ–≤ –∏
–º–∞—Å—Ç–µ—Ä–æ–≤—ã—Ö, –∏ —Å —Ç–µ—Ö –ø–æ—Ä –ø–æ–≤–µ–ª–æ—Å—å, —á—Ç–æ –≤ —ç—Ç–æ–π —á–∞—Å—Ç–∏ –¥–µ—Ä–µ–≤–Ω–∏ —Å—Ç–æ—è—Ç –±–æ–ª—å—à–∏–µ –∏
–±–æ–≥–∞—Ç—ã–µ –¥–æ–º–∞. –°–æ –≤—Å–µ–π –æ–∫—Ä—É–≥–∏ –∏ –¥–∞–∂–µ –∏–∑ –¥–∞–ª–µ–∫–æ–π –≥–ª—É—à–∏ –ø—Ä–∏—Ö–æ–¥—è—Ç –ª—é–¥–∏ —Å—é–¥–∞
–∑–∞ —Ç–æ–≤–∞—Ä–æ–º –∫—É–ø–∏—Ç—å —á—Ç–æ, –ø—Ä–æ–¥–∞—Ç—å —á—Ç–æ, –∑–∞–∫–∞–∑–∞—Ç—å —á—Ç–æ.
[0;36m[ Exits: n e s w ][0;37m
[1;33m[1;31m[0;0m
[0;32m67H[0;37m [0;32m82M[0;37m 607–æ –ó–∞—É—á:0 –í—ã—Ö:–°–í–Æ–ó> ˇ˘–í—ã –ø–æ–ø–ª–µ–ª–∏—Å—å –Ω–∞ –≤–æ—Å—Ç–æ–∫.
[1;36m–ö–æ–Ω—é—à–Ω—è [5002][0;37m
   –ü–æ–∫–æ—Å–∏–≤—à–∏–µ—Å—è –≤–æ—Ä–æ—Ç–∞ –∂–∞–ª–æ–±–Ω–æ —Å–∫—Ä–∏–ø—è—Ç –Ω–∞ –Ω–µ—Å–º–∞–∑–∞–Ω–Ω—ã—Ö –ø–µ—Ç–ª—è—Ö. –í–¥–æ–ª—å —Å—Ç–µ–Ω
—Ä–∞—Å–ø–æ–ª–æ–∂–µ–Ω—ã —Å—Ç–æ–π–ª–∞ —Å –ª–æ—à–∞–¥—å–º–∏. –ó–¥–µ—Å—å –º–æ–∂–Ω–æ –æ—Å—Ç–∞–≤–∏—Ç—å —Å–≤–æ–µ–≥–æ –≤–µ—Ä–Ω–æ–≥–æ —Å–∫–∞–∫—É–Ω–∞
–∏–ª–∏ –≤—ã–±—Ä–∞—Ç—å –Ω–æ–≤–æ–≥–æ –∑–∞ —É–º–µ—Ä–µ–Ω–Ω—É—é –ø–ª–∞—Ç—É. –ë–µ–∑–ª–æ—à–∞–¥–Ω—ã–º –¥–∞–ª–µ–∫–æ –Ω–µ —É–π–¥–µ—à—å –ø–æ
–±–µ—Å–∫—Ä–∞–π–Ω–∏–º –ø—Ä–æ—Å—Ç–æ—Ä–∞–º —Ä—É—Å—Å–∫–∏–º.
[0;36m[ Exits: w ][0;37m
[1;33m[1;31m–ö–æ–Ω—å —Å—Ç–æ–∏—Ç –∑–¥–µ—Å—å.
–ö–æ–Ω—å —Å—Ç–æ–∏—Ç –∑–¥–µ—Å—å.
–ö–æ–Ω—å —Å—Ç–æ–∏—Ç –∑–¥–µ—Å—å.
–ö–æ–Ω—é—Ö —Å—Ç–æ–∏—Ç –∑–¥–µ—Å—å, —Å –∏–Ω—Ç–µ—Ä–µ—Å–æ–º –ø–æ–≥–ª—è–¥—ã–≤–∞—è –ø–æ —Å—Ç–æ—Ä–æ–Ω–∞–º.
[0;0m
[0;32m67H[0;37m [0;32m81M[0;37m 607–æ –ó–∞—É—á:0 –í—ã—Ö:–ó> ˇ˘
[0;32m67H[0;37m [0;32m81M[0;37m 607–æ –ó–∞—É—á:0 –í—ã—Ö:–ó> ˇ˘–í—ã –ø–æ–ø–ª–µ–ª–∏—Å—å –Ω–∞ –∑–∞–ø–∞–¥.
[1;36m–ü–µ—Ä–µ–¥ –∫–æ–Ω—é—à–Ω–µ–π [5003][0;37m
   –¶–µ–Ω—Ç—Ä–∞–ª—å–Ω–∞—è —á–∞—Å—Ç—å –¥–µ—Ä–µ–≤–Ω–∏ –∑–∞–ø–æ–ª–Ω–µ–Ω–∞ –Ω—É–∂–Ω—ã–º–∏ –≤—Å–µ–º –º–∞—Å—Ç–µ—Ä—Å–∫–∏–º–∏ –∏ –ª–∞–≤–∫–∞–º–∏.
–£–¥–∞—á–Ω–æ–µ –º–µ—Å—Ç–æ –¥–µ—Ä–µ–≤–Ω–∏ –≤ –Ω–µ–∑–∞–ø–∞–º—è—Ç–Ω—ã–µ –≤—Ä–µ–º–µ–Ω–∞ –ø—Ä–∏–≤–ª–µ–∫–ª–æ —Å—é–¥–∞ —Ç–æ—Ä–≥–æ–≤—Ü–µ–≤ –∏
–º–∞—Å—Ç–µ—Ä–æ–≤—ã—Ö, –∏ —Å —Ç–µ—Ö –ø–æ—Ä –ø–æ–≤–µ–ª–æ—Å—å, —á—Ç–æ –≤ —ç—Ç–æ–π —á–∞—Å—Ç–∏ –¥–µ—Ä–µ–≤–Ω–∏ —Å—Ç–æ—è—Ç –±–æ–ª—å—à–∏–µ –∏
–±–æ–≥–∞—Ç—ã–µ –¥–æ–º–∞. –°–æ –≤—Å–µ–π –æ–∫—Ä—É–≥–∏ –∏ –¥–∞–∂–µ –∏–∑ –¥–∞–ª–µ–∫–æ–π –≥–ª—É—à–∏ –ø—Ä–∏—Ö–æ–¥—è—Ç –ª—é–¥–∏ —Å—é–¥–∞
–∑–∞ —Ç–æ–≤–∞—Ä–æ–º –∫—É–ø–∏—Ç—å —á—Ç–æ, –ø—Ä–æ–¥–∞—Ç—å —á—Ç–æ, –∑–∞–∫–∞–∑–∞—Ç—å —á—Ç–æ.
[0;36m[ Exits: n e s w ][0;37m
[1;33m[1;31m[0;0m
[0;32m67H[0;37m [0;32m81M[0;37m 607–æ –ó–∞—É—á:0 –í—ã—Ö:–°–í–Æ–ó> ˇ˘–í—ã –ø–æ–ø–ª–µ–ª–∏—Å—å –Ω–∞ —Å–µ–≤–µ—Ä.
[1;36m–¶–µ–Ω—Ç—Ä –¥–µ—Ä–µ–≤–Ω–∏ [5004][0;37m
   –¶–µ–Ω—Ç—Ä–∞–ª—å–Ω–∞—è —á–∞—Å—Ç—å –¥–µ—Ä–µ–≤–Ω–∏ –∑–∞–ø–æ–ª–Ω–µ–Ω–∞ –Ω—É–∂–Ω—ã–º–∏ –≤—Å–µ–º –º–∞—Å—Ç–µ—Ä—Å–∫–∏–º–∏ –∏ –ª–∞–≤–∫–∞–º–∏.
–£–¥–∞—á–Ω–æ–µ –º–µ—Å—Ç–æ –¥–µ—Ä–µ–≤–Ω–∏ –≤ –Ω–µ–∑–∞–ø–∞–º—è—Ç–Ω—ã–µ –≤—Ä–µ–º–µ–Ω–∞ –ø—Ä–∏–≤–ª–µ–∫–ª–æ —Å—é–¥–∞ —Ç–æ—Ä–≥–æ–≤—Ü–µ–≤ –∏
–º–∞—Å—Ç–µ—Ä–æ–≤—ã—Ö, –∏ —Å —Ç–µ—Ö –ø–æ—Ä –ø–æ–≤–µ–ª–æ—Å—å, —á—Ç–æ –≤ —ç—Ç–æ–π —á–∞—Å—Ç–∏ –¥–µ—Ä–µ–≤–Ω–∏ —Å—Ç–æ—è—Ç –±–æ–ª—å—à–∏–µ –∏
–±–æ–≥–∞—Ç—ã–µ –¥–æ–º–∞. –°–æ –≤—Å–µ–π –æ–∫—Ä—É–≥–∏ –∏ –¥–∞–∂–µ –∏–∑ –¥–∞–ª–µ–∫–æ–π –≥–ª—É—à–∏ –ø—Ä–∏—Ö–æ–¥—è—Ç –ª—é–¥–∏ —Å—é–¥–∞
–∑–∞ —Ç–æ–≤–∞—Ä–æ–º –∫—É–ø–∏—Ç—å —á—Ç–æ, –ø—Ä–æ–¥–∞—Ç—å —á—Ç–æ, –∑–∞–∫–∞–∑–∞—Ç—å —á—Ç–æ.
[0;36m[ Exits: n s w ][0;37m
[1;33m[1;31m–ü–æ–∂–∏–ª–æ–π —à–∏—Ä–æ–∫–æ–ø–ª–µ—á–∏–π –∫—Ä–µ—Å—Ç—å—è–Ω–∏–Ω –≤ –¥–æ–±—Ä–æ—Ç–Ω–æ–π –æ–¥–µ–∂–¥–µ –ø—Ä–æ—Ö–∞–∂–∏–≤–∞–µ—Ç—Å—è —Ç—É—Ç.
–ë–∞–∑–∞—Ä–Ω—ã–π –∑–∞–∑—ã–≤–∞–ª–∞ —Å—Ç–æ–∏—Ç –∑–¥–µ—Å—å, –∑—ã—á–Ω—ã–º –≥–æ–ª–æ—Å–æ–º —Ä–∞—Å—Ö–≤–∞–ª–∏–≤–∞—è –≤—ã—Å—Ç–∞–≤–ª–µ–Ω–Ω—ã–π —Ç–æ–≤–∞—Ä.
[0;0m
[0;32m67H[0;37m [0;32m80M[0;37m 607–æ –ó–∞—É—á:0 –í—ã—Ö:–°–Æ–ó> ˇ˘–í—ã –ø–æ–ø–ª–µ–ª–∏—Å—å –Ω–∞ –∑–∞–ø–∞–¥.
[1;36m–£ –∫–æ–ª–æ–¥—Ü–∞ [5011][0;37m
   –•–æ—Ä–æ—à–∞ –≤–æ–¥–∏—Ü–∞, —Å–∫–æ–ª—å–∫–æ –Ω–µ –≤—ã–ø—å–µ—à—å –≤—Å–µ —Ä–∞–≤–Ω–æ –º–∞–ª–æ. –°—Ç–∞—Ä—ã–π –∫–æ–ª–æ–¥–µ—Ü –≥–æ–≤–æ—Ä—è—Ç
–∫–æ–ø–∞–ª –µ—â–µ –ø–µ—Ä–≤—ã–π –æ—Å–Ω–æ–≤–∞—Ç–µ–ª—å –¥–µ—Ä–µ–≤–Ω–∏. –û–Ω –ª–∏—á–Ω–æ –Ω–∞—à–µ–ª –º–µ—Å—Ç–æ, –≤—ã–∫–æ–ø–∞–ª –∏ —Å–æ–æ—Ä—É–¥–∏–ª
–∫–æ–ª–æ–¥–µ—Ü. –° —Ç–µ—Ö –ø–æ—Ä –Ω–µ –∏—Å—Å—è–∫–∞–µ—Ç –≤–æ–¥–∞ –≤ –∫–æ–ª–æ–¥—Ü–µ, –∞ –ø–æ–ø—Ä–æ–±–æ–≤–∞—Ç—å –µ–µ –ø—Ä–∏–µ–∑–∂–∞—é—Ç –∏–∑
–¥–∞–ª–µ–∫–∏—Ö –º–µ—Å—Ç.
[0;36m[ Exits: e ][0;37m
[1;33m–ö–æ–ª–æ–¥–µ—Ü –≤—ã–∫–æ–ø–∞–Ω –∑–¥–µ—Å—å.
[1;31m[0;0m
[0;32m67H[0;37m [0;32m80M[0;37m 607–æ –ó–∞—É—á:0 –í—ã—Ö:–í> ˇ˘–í—ã –ø–æ–ø–ª–µ–ª–∏—Å—å –Ω–∞ –≤–æ—Å—Ç–æ–∫.
[1;36m–¶–µ–Ω—Ç—Ä –¥–µ—Ä–µ–≤–Ω–∏ [5004][0;37m
   –¶–µ–Ω—Ç—Ä–∞–ª—å–Ω–∞—è —á–∞—Å—Ç—å –¥–µ—Ä–µ–≤–Ω–∏ –∑–∞–ø–æ–ª–Ω–µ–Ω–∞ –Ω—É–∂–Ω—ã–º–∏ –≤—Å–µ–º –º–∞—Å—Ç–µ—Ä—Å–∫–∏–º–∏ –∏ –ª–∞–≤–∫–∞–º–∏.
–£–¥–∞—á–Ω–æ–µ –º–µ—Å—Ç–æ –¥–µ—Ä–µ–≤–Ω–∏ –≤ –Ω–µ–∑–∞–ø–∞–º—è—Ç–Ω—ã–µ –≤—Ä–µ–º–µ–Ω–∞ –ø—Ä–∏–≤–ª–µ–∫–ª–æ —Å—é–¥–∞ —Ç–æ—Ä–≥–æ–≤—Ü–µ–≤ –∏
–º–∞—Å—Ç–µ—Ä–æ–≤—ã—Ö, –∏ —Å —Ç–µ—Ö –ø–æ—Ä –ø–æ–≤–µ–ª–æ—Å—å, —á—Ç–æ –≤ —ç—Ç–æ–π —á–∞—Å—Ç–∏ –¥–µ—Ä–µ–≤–Ω–∏ —Å—Ç–æ—è—Ç –±–æ–ª—å—à–∏–µ –∏
–±–æ–≥–∞—Ç—ã–µ –¥–æ–º–∞. –°–æ –≤—Å–µ–π –æ–∫—Ä—É–≥–∏ –∏ –¥–∞–∂–µ –∏–∑ –¥–∞–ª–µ–∫–æ–π –≥–ª—É—à–∏ –ø—Ä–∏—Ö–æ–¥—è—Ç –ª—é–¥–∏ —Å—é–¥–∞
–∑–∞ —Ç–æ–≤–∞—Ä–æ–º –∫—É–ø–∏—Ç—å —á—Ç–æ, –ø—Ä–æ–¥–∞—Ç—å —á—Ç–æ, –∑–∞–∫–∞–∑–∞—Ç—å —á—Ç–æ.
[0;36m[ Exits: n s w ][0;37m
[1;33m[1;31m–ü–æ–∂–∏–ª–æ–π —à–∏—Ä–æ–∫–æ–ø–ª–µ—á–∏–π –∫—Ä–µ—Å—Ç—å—è–Ω–∏–Ω –≤ –¥–æ–±—Ä–æ—Ç–Ω–æ–π –æ–¥–µ–∂–¥–µ –ø—Ä–æ—Ö–∞–∂–∏–≤–∞–µ—Ç—Å—è —Ç—É—Ç.
–ë–∞–∑–∞—Ä–Ω—ã–π –∑–∞–∑—ã–≤–∞–ª–∞ —Å—Ç–æ–∏—Ç –∑–¥–µ—Å—å, –∑—ã—á–Ω—ã–º –≥–æ–ª–æ—Å–æ–º —Ä–∞—Å—Ö–≤–∞–ª–∏–≤–∞—è –≤—ã—Å—Ç–∞–≤–ª–µ–Ω–Ω—ã–π —Ç–æ–≤–∞—Ä.
[0;0m
[0;32m67H[0;37m [0;32m82M[0;37m 607–æ –ó–∞—É—á:0 –í—ã—Ö:–°–Æ–ó> ˇ˘–í—ã –Ω–µ —Å–º–æ–∂–µ—Ç–µ —Ç—É–¥–∞ –ø—Ä–æ–π—Ç–∏...

[0;32m67H[0;37m [0;32m83M[0;37m 607–æ –ó–∞—É—á:0 –í—ã—Ö:–°–Æ–ó> ˇ˘–í—ã –ø–æ–ø–ª–µ–ª–∏—Å—å –Ω–∞ —Å–µ–≤–µ—Ä.
[1;36m–ü–µ—Ä–µ–¥ –ø–æ—Å—Ç–æ—è–ª—ã–º –¥–≤–æ—Ä–æ–º [5005][0;37m
   –ß—É—Ç—å –Ω–µ —Å–ø–æ—Ç–∫–Ω—É–≤—à–∏—Å—å –æ –¥–æ—Å–∫—É, –ª–µ–∂–∞—â—É—é —Å—Ä–∞–∑—É —É –ø–æ—Ä–æ–≥–∞ –ø–æ—Å—Ç–æ—è–ª–æ–≥–æ –¥–≤–æ—Ä–∞,
–≤—ã –æ–∫–∞–∑–∞–ª–∏—Å—å –Ω–∞ —Ü–µ–Ω—Ç—Ä–∞–ª—å–Ω–æ–π —É–ª–∏—Ü–µ –¥–µ—Ä–µ–≤–Ω–∏. –ò–º–µ–Ω–Ω–æ –Ω–∞ —ç—Ç–æ–π —É–ª–∏—Ü–µ –º–æ–∂–Ω–æ 
–±—ã—Å—Ç—Ä–æ –Ω–∞–π—Ç–∏ –ª–∞–≤–∫—É —Ä–µ–º–µ—Å–ª–µ–Ω–Ω–∏–∫–∞, –¥–æ–º –∑–Ω–∞—Ö–∞—Ä—è, –∫–æ–Ω—é—à–Ω—é –∏ –¥–æ–º —Å—Ç–∞—Ä–µ–π—à–∏–Ω—ã.
–í —é–∂–Ω–æ–π —á–∞—Å—Ç–∏ –¥–µ—Ä–µ–≤–Ω–∏ –ø–æ—Å–µ–ª–∏–ª–∏—Å—å –≤–æ—Ä–æ–∂–µ–∏.
[0;36m[ Exits: n e s w ][0;37m
[1;33m–£ –≤–∞—à–∏—Ö –Ω–æ–≥ –ª–µ–∂–∏—Ç –≥–ª–∏–Ω—è–Ω–∞—è –ø–ª–æ—à–∫–∞.
–ù–µ–º–Ω–æ–≥–æ –æ—Ç—Ä—É–±–µ–π –ø—Ä–æ—Å—ã–ø–∞–Ω–æ –∑–¥–µ—Å—å.
[1;31m[0;0m
[0;32m67H[0;37m [0;32m85M[0;37m 607–æ –ó–∞—É—á:0 –í—ã—Ö:–°–í–Æ–ó> ˇ˘–í—ã –ø–æ–ø–ª–µ–ª–∏—Å—å –Ω–∞ —é–≥.
[1;36m–¶–µ–Ω—Ç—Ä –¥–µ—Ä–µ–≤–Ω–∏ [5004][0;37m
   –¶–µ–Ω—Ç—Ä–∞–ª—å–Ω–∞—è —á–∞—Å—Ç—å –¥–µ—Ä–µ–≤–Ω–∏ –∑–∞–ø–æ–ª–Ω–µ–Ω–∞ –Ω—É–∂–Ω—ã–º–∏ –≤—Å–µ–º –º–∞—Å—Ç–µ—Ä—Å–∫–∏–º–∏ –∏ –ª–∞–≤–∫–∞–º–∏.
–£–¥–∞—á–Ω–æ–µ –º–µ—Å—Ç–æ –¥–µ—Ä–µ–≤–Ω–∏ –≤ –Ω–µ–∑–∞–ø–∞–º—è—Ç–Ω—ã–µ –≤—Ä–µ–º–µ–Ω–∞ –ø—Ä–∏–≤–ª–µ–∫–ª–æ —Å—é–¥–∞ —Ç–æ—Ä–≥–æ–≤—Ü–µ–≤ –∏
–º–∞—Å—Ç–µ—Ä–æ–≤—ã—Ö, –∏ —Å —Ç–µ—Ö –ø–æ—Ä –ø–æ–≤–µ–ª–æ—Å—å, —á—Ç–æ –≤ —ç—Ç–æ–π —á–∞—Å—Ç–∏ –¥–µ—Ä–µ–≤–Ω–∏ —Å—Ç–æ—è—Ç –±–æ–ª—å—à–∏–µ –∏
–±–æ–≥–∞—Ç—ã–µ –¥–æ–º–∞. –°–æ –≤—Å–µ–π –æ–∫—Ä—É–≥–∏ –∏ –¥–∞–∂–µ –∏–∑ –¥–∞–ª–µ–∫–æ–π –≥–ª—É—à–∏ –ø—Ä–∏—Ö–æ–¥—è—Ç –ª—é–¥–∏ —Å—é–¥–∞
–∑–∞ —Ç–æ–≤–∞—Ä–æ–º –∫—É–ø–∏—Ç—å —á—Ç–æ, –ø—Ä–æ–¥–∞—Ç—å —á—Ç–æ, –∑–∞–∫–∞–∑–∞—Ç—å —á—Ç–æ.
[0;36m[ Exits: n s w ][0;37m
[1;33m[1;31m–ü–æ–∂–∏–ª–æ–π —à–∏—Ä–æ–∫–æ–ø–ª–µ—á–∏–π –∫—Ä–µ—Å—Ç—å—è–Ω–∏–Ω –≤ –¥–æ–±—Ä–æ—Ç–Ω–æ–π –æ–¥–µ–∂–¥–µ –ø—Ä–æ—Ö–∞–∂–∏–≤–∞–µ—Ç—Å—è —Ç—É—Ç.
–ë–∞–∑–∞—Ä–Ω—ã–π –∑–∞–∑—ã–≤–∞–ª–∞ —Å—Ç–æ–∏—Ç –∑–¥–µ—Å—å, –∑—ã—á–Ω—ã–º –≥–æ–ª–æ—Å–æ–º —Ä–∞—Å—Ö–≤–∞–ª–∏–≤–∞—è –≤—ã—Å—Ç–∞–≤–ª–µ–Ω–Ω—ã–π —Ç–æ–≤–∞—Ä.
[0;0m
[0;32m67H[0;37m [0;32m85M[0;37m 607–æ –ó–∞—É—á:0 –í—ã—Ö:–°–Æ–ó> ˇ˘
–ù–∞—á–∞–ª—Å—è –¥–µ–Ω—å.
–°–ª–∞–±—ã–π –≤–µ—Ç–µ—Ä.

[0;32m67H[0;37m [0;32m86M[0;37m 607–æ –ó–∞—É—á:0 –í—ã—Ö:–°–Æ–ó> ˇ˘
[1;31m–ú–∏–Ω—É–ª —á–∞—Å.[0;37m

[0;32m67H[0;37m [0;32m86M[0;37m 607–æ –ó–∞—É—á:0 –í—ã—Ö:–°–Æ–ó> ˇ˘
–ü–æ–º–æ—â–Ω–∏–∫ –¥–µ—Ä–µ–≤–µ–Ω—Å–∫–æ–≥–æ —Å—Ç–∞—Ä–æ—Å—Ç—ã —É—à–µ–ª –Ω–∞ —é–≥.

[0;32m67H[0;37m [0;32m86M[0;37m 607–æ –ó–∞—É—á:0 –í—ã—Ö:–°–Æ–ó> ˇ˘–í—ã –ø–æ–ø–ª–µ–ª–∏—Å—å –Ω–∞ —é–≥.
[1;36m–ü–µ—Ä–µ–¥ –∫–æ–Ω—é—à–Ω–µ–π [5003][0;37m
   –¶–µ–Ω—Ç—Ä–∞–ª—å–Ω–∞—è —á–∞—Å—Ç—å –¥–µ—Ä–µ–≤–Ω–∏ –∑–∞–ø–æ–ª–Ω–µ–Ω–∞ –Ω—É–∂–Ω—ã–º–∏ –≤—Å–µ–º –º–∞—Å—Ç–µ—Ä—Å–∫–∏–º–∏ –∏ –ª–∞–≤–∫–∞–º–∏.
–£–¥–∞—á–Ω–æ–µ –º–µ—Å—Ç–æ –¥–µ—Ä–µ–≤–Ω–∏ –≤ –Ω–µ–∑–∞–ø–∞–º—è—Ç–Ω—ã–µ –≤—Ä–µ–º–µ–Ω–∞ –ø—Ä–∏–≤–ª–µ–∫–ª–æ —Å—é–¥–∞ —Ç–æ—Ä–≥–æ–≤—Ü–µ–≤ –∏
–º–∞—Å—Ç–µ—Ä–æ–≤—ã—Ö, –∏ —Å —Ç–µ—Ö –ø–æ—Ä –ø–æ–≤–µ–ª–æ—Å—å, —á—Ç–æ –≤ —ç—Ç–æ–π —á–∞—Å—Ç–∏ –¥–µ—Ä–µ–≤–Ω–∏ —Å—Ç–æ—è—Ç –±–æ–ª—å—à–∏–µ –∏
–±–æ–≥–∞—Ç—ã–µ –¥–æ–º–∞. –°–æ –≤—Å–µ–π –æ–∫—Ä—É–≥–∏ –∏ –¥–∞–∂–µ –∏–∑ –¥–∞–ª–µ–∫–æ–π –≥–ª—É—à–∏ –ø—Ä–∏—Ö–æ–¥—è—Ç –ª—é–¥–∏ —Å—é–¥–∞
–∑–∞ —Ç–æ–≤–∞—Ä–æ–º –∫—É–ø–∏—Ç—å —á—Ç–æ, –ø—Ä–æ–¥–∞—Ç—å —á—Ç–æ, –∑–∞–∫–∞–∑–∞—Ç—å —á—Ç–æ.
[0;36m[ Exits: n e s w ][0;37m
[1;33m[1;31m–ü–æ–∂–∏–ª–æ–π —à–∏—Ä–æ–∫–æ–ø–ª–µ—á–∏–π –∫—Ä–µ—Å—Ç—å—è–Ω–∏–Ω –≤ –¥–æ–±—Ä–æ—Ç–Ω–æ–π –æ–¥–µ–∂–¥–µ –ø—Ä–æ—Ö–∞–∂–∏–≤–∞–µ—Ç—Å—è —Ç—É—Ç.
[0;0m
[0;32m67H[0;37m [0;32m85M[0;37m 607–æ –ó–∞—É—á:0 –í—ã—Ö:–°–í–Æ–ó> ˇ˘
–ü–æ–º–æ—â–Ω–∏–∫ –¥–µ—Ä–µ–≤–µ–Ω—Å–∫–æ–≥–æ —Å—Ç–∞—Ä–æ—Å—Ç—ã –ø—Ä–∏—à–µ–ª —Å —é–≥–∞.

[0;32m67H[0;37m [0;32m86M[0;37m 607–æ –ó–∞—É—á:0 –í—ã—Ö:–°–í–Æ–ó> ˇ˘–í—ã –ø–æ–ø–ª–µ–ª–∏—Å—å –Ω–∞ —Å–µ–≤–µ—Ä.
[1;36m–¶–µ–Ω—Ç—Ä –¥–µ—Ä–µ–≤–Ω–∏ [5004][0;37m
   –¶–µ–Ω—Ç—Ä–∞–ª—å–Ω–∞—è —á–∞—Å—Ç—å –¥–µ—Ä–µ–≤–Ω–∏ –∑–∞–ø–æ–ª–Ω–µ–Ω–∞ –Ω—É–∂–Ω—ã–º–∏ –≤—Å–µ–º –º–∞—Å—Ç–µ—Ä—Å–∫–∏–º–∏ –∏ –ª–∞–≤–∫–∞–º–∏.
–£–¥–∞—á–Ω–æ–µ –º–µ—Å—Ç–æ –¥–µ—Ä–µ–≤–Ω–∏ –≤ –Ω–µ–∑–∞–ø–∞–º—è—Ç–Ω—ã–µ –≤—Ä–µ–º–µ–Ω–∞ –ø—Ä–∏–≤–ª–µ–∫–ª–æ —Å—é–¥–∞ —Ç–æ—Ä–≥–æ–≤—Ü–µ–≤ –∏
–º–∞—Å—Ç–µ—Ä–æ–≤—ã—Ö, –∏ —Å —Ç–µ—Ö –ø–æ—Ä –ø–æ–≤–µ–ª–æ—Å—å, —á—Ç–æ –≤ —ç—Ç–æ–π —á–∞—Å—Ç–∏ –¥–µ—Ä–µ–≤–Ω–∏ —Å—Ç–æ—è—Ç –±–æ–ª—å—à–∏–µ –∏
–±–æ–≥–∞—Ç—ã–µ –¥–æ–º–∞. –°–æ –≤—Å–µ–π –æ–∫—Ä—É–≥–∏ –∏ –¥–∞–∂–µ –∏–∑ –¥–∞–ª–µ–∫–æ–π –≥–ª—É—à–∏ –ø—Ä–∏—Ö–æ–¥—è—Ç –ª—é–¥–∏ —Å—é–¥–∞
–∑–∞ —Ç–æ–≤–∞—Ä–æ–º –∫—É–ø–∏—Ç—å —á—Ç–æ, –ø—Ä–æ–¥–∞—Ç—å —á—Ç–æ, –∑–∞–∫–∞–∑–∞—Ç—å —á—Ç–æ.
[0;36m[ Exits: n s w ][0;37m
[1;33m[1;31m–ë–∞–∑–∞—Ä–Ω—ã–π –∑–∞–∑—ã–≤–∞–ª–∞ —Å—Ç–æ–∏—Ç –∑–¥–µ—Å—å, –∑—ã—á–Ω—ã–º –≥–æ–ª–æ—Å–æ–º —Ä–∞—Å—Ö–≤–∞–ª–∏–≤–∞—è –≤—ã—Å—Ç–∞–≤–ª–µ–Ω–Ω—ã–π —Ç–æ–≤–∞—Ä.
[0;0m
[0;32m67H[0;37m [0;32m85M[0;37m 607–æ –ó–∞—É—á:0 –í—ã—Ö:–°–Æ–ó> ˇ˘–í—ã –ø–æ–ø–ª–µ–ª–∏—Å—å –Ω–∞ —é–≥.
[1;36m–ü–µ—Ä–µ–¥ –∫–æ–Ω—é—à–Ω–µ–π [5003][0;37m
   –¶–µ–Ω—Ç—Ä–∞–ª—å–Ω–∞—è —á–∞—Å—Ç—å –¥–µ—Ä–µ–≤–Ω–∏ –∑–∞–ø–æ–ª–Ω–µ–Ω–∞ –Ω—É–∂–Ω—ã–º–∏ –≤—Å–µ–º –º–∞—Å—Ç–µ—Ä—Å–∫–∏–º–∏ –∏ –ª–∞–≤–∫–∞–º–∏.
–£–¥–∞—á–Ω–æ–µ –º–µ—Å—Ç–æ –¥–µ—Ä–µ–≤–Ω–∏ –≤ –Ω–µ–∑–∞–ø–∞–º—è—Ç–Ω—ã–µ –≤—Ä–µ–º–µ–Ω–∞ –ø—Ä–∏–≤–ª–µ–∫–ª–æ —Å—é–¥–∞ —Ç–æ—Ä–≥–æ–≤—Ü–µ–≤ –∏
–º–∞—Å—Ç–µ—Ä–æ–≤—ã—Ö, –∏ —Å —Ç–µ—Ö –ø–æ—Ä –ø–æ–≤–µ–ª–æ—Å—å, —á—Ç–æ –≤ —ç—Ç–æ–π —á–∞—Å—Ç–∏ –¥–µ—Ä–µ–≤–Ω–∏ —Å—Ç–æ—è—Ç –±–æ–ª—å—à–∏–µ –∏
–±–æ–≥–∞—Ç—ã–µ –¥–æ–º–∞. –°–æ –≤—Å–µ–π –æ–∫—Ä—É–≥–∏ –∏ –¥–∞–∂–µ –∏–∑ –¥–∞–ª–µ–∫–æ–π –≥–ª—É—à–∏ –ø—Ä–∏—Ö–æ–¥—è—Ç –ª—é–¥–∏ —Å—é–¥–∞
–∑–∞ —Ç–æ–≤–∞—Ä–æ–º –∫—É–ø–∏—Ç—å —á—Ç–æ, –ø—Ä–æ–¥–∞—Ç—å —á—Ç–æ, –∑–∞–∫–∞–∑–∞—Ç—å —á—Ç–æ.
[0;36m[ Exits: n e s w ][0;37m
[1;33m[1;31m–ü–æ–∂–∏–ª–æ–π —à–∏—Ä–æ–∫–æ–ø–ª–µ—á–∏–π –∫—Ä–µ—Å—Ç—å—è–Ω–∏–Ω –≤ –¥–æ–±—Ä–æ—Ç–Ω–æ–π –æ–¥–µ–∂–¥–µ –ø—Ä–æ—Ö–∞–∂–∏–≤–∞–µ—Ç—Å—è —Ç—É—Ç.
–ü–æ–∂–∏–ª–æ–π —à–∏—Ä–æ–∫–æ–ø–ª–µ—á–∏–π –∫—Ä–µ—Å—Ç—å—è–Ω–∏–Ω –≤ –¥–æ–±—Ä–æ—Ç–Ω–æ–π –æ–¥–µ–∂–¥–µ –ø—Ä–æ—Ö–∞–∂–∏–≤–∞–µ—Ç—Å—è —Ç—É—Ç.
[0;0m
[0;32m67H[0;37m [0;32m85M[0;37m 607–æ –ó–∞—É—á:0 –í—ã—Ö:–°–í–Æ–ó> ˇ˘–í—ã –ø–æ–ø–ª–µ–ª–∏—Å—å –Ω–∞ —Å–µ–≤–µ—Ä.
[1;36m–¶–µ–Ω—Ç—Ä –¥–µ—Ä–µ–≤–Ω–∏ [5004][0;37m
   –¶–µ–Ω—Ç—Ä–∞–ª—å–Ω–∞—è —á–∞—Å—Ç—å –¥–µ—Ä–µ–≤–Ω–∏ –∑–∞–ø–æ–ª–Ω–µ–Ω–∞ –Ω—É–∂–Ω—ã–º–∏ –≤—Å–µ–º –º–∞—Å—Ç–µ—Ä—Å–∫–∏–º–∏ –∏ –ª–∞–≤–∫–∞–º–∏.
–£–¥–∞—á–Ω–æ–µ –º–µ—Å—Ç–æ –¥–µ—Ä–µ–≤–Ω–∏ –≤ –Ω–µ–∑–∞–ø–∞–º—è—Ç–Ω—ã–µ –≤—Ä–µ–º–µ–Ω–∞ –ø—Ä–∏–≤–ª–µ–∫–ª–æ —Å—é–¥–∞ —Ç–æ—Ä–≥–æ–≤—Ü–µ–≤ –∏
–º–∞—Å—Ç–µ—Ä–æ–≤—ã—Ö, –∏ —Å —Ç–µ—Ö –ø–æ—Ä –ø–æ–≤–µ–ª–æ—Å—å, —á—Ç–æ –≤ —ç—Ç–æ–π —á–∞—Å—Ç–∏ –¥–µ—Ä–µ–≤–Ω–∏ —Å—Ç–æ—è—Ç –±–æ–ª—å—à–∏–µ –∏
–±–æ–≥–∞—Ç—ã–µ –¥–æ–º–∞. –°–æ –≤—Å–µ–π –æ–∫—Ä—É–≥–∏ –∏ –¥–∞–∂–µ –∏–∑ –¥–∞–ª–µ–∫–æ–π –≥–ª—É—à–∏ –ø—Ä–∏—Ö–æ–¥—è—Ç –ª—é–¥–∏ —Å—é–¥–∞
–∑–∞ —Ç–æ–≤–∞—Ä–æ–º –∫—É–ø–∏—Ç—å —á—Ç–æ, –ø—Ä–æ–¥–∞—Ç—å —á—Ç–æ, –∑–∞–∫–∞–∑–∞—Ç—å —á—Ç–æ.
[0;36m[ Exits: n s w ][0;37m
[1;33m[1;31m–ë–∞–∑–∞—Ä–Ω—ã–π –∑–∞–∑—ã–≤–∞–ª–∞ —Å—Ç–æ–∏—Ç –∑–¥–µ—Å—å, –∑—ã—á–Ω—ã–º –≥–æ–ª–æ—Å–æ–º —Ä–∞—Å—Ö–≤–∞–ª–∏–≤–∞—è –≤—ã—Å—Ç–∞–≤–ª–µ–Ω–Ω—ã–π —Ç–æ–≤–∞—Ä.
[0;0m
[0;32m67H[0;37m [0;32m85M[0;37m 607–æ –ó–∞—É—á:0 –í—ã—Ö:–°–Æ–ó> ˇ˘–í—ã –ø–æ–ø–ª–µ–ª–∏—Å—å –Ω–∞ —Å–µ–≤–µ—Ä.
[1;36m–ü–µ—Ä–µ–¥ –ø–æ—Å—Ç–æ—è–ª—ã–º –¥–≤–æ—Ä–æ–º [5005][0;37m
   –ß—É—Ç—å –Ω–µ —Å–ø–æ—Ç–∫–Ω—É–≤—à–∏—Å—å –æ –¥–æ—Å–∫—É, –ª–µ–∂–∞—â—É—é —Å—Ä–∞–∑—É —É –ø–æ—Ä–æ–≥–∞ –ø–æ—Å—Ç–æ—è–ª–æ–≥–æ –¥–≤–æ—Ä–∞,
–≤—ã –æ–∫–∞–∑–∞–ª–∏—Å—å –Ω–∞ —Ü–µ–Ω—Ç—Ä–∞–ª—å–Ω–æ–π —É–ª–∏—Ü–µ –¥–µ—Ä–µ–≤–Ω–∏. –ò–º–µ–Ω–Ω–æ –Ω–∞ —ç—Ç–æ–π —É–ª–∏—Ü–µ –º–æ–∂–Ω–æ 
–±—ã—Å—Ç—Ä–æ –Ω–∞–π—Ç–∏ –ª–∞–≤–∫—É —Ä–µ–º–µ—Å–ª–µ–Ω–Ω–∏–∫–∞, –¥–æ–º –∑–Ω–∞—Ö–∞—Ä—è, –∫–æ–Ω—é—à–Ω—é –∏ –¥–æ–º —Å—Ç–∞—Ä–µ–π—à–∏–Ω—ã.
–í —é–∂–Ω–æ–π —á–∞—Å—Ç–∏ –¥–µ—Ä–µ–≤–Ω–∏ –ø–æ—Å–µ–ª–∏–ª–∏—Å—å –≤–æ—Ä–æ–∂–µ–∏.
[0;36m[ Exits: n e s w ][0;37m
[1;33m–£ –≤–∞—à–∏—Ö –Ω–æ–≥ –ª–µ–∂–∏—Ç –≥–ª–∏–Ω—è–Ω–∞—è –ø–ª–æ—à–∫–∞.
–ù–µ–º–Ω–æ–≥–æ –æ—Ç—Ä—É–±–µ–π –ø—Ä–æ—Å—ã–ø–∞–Ω–æ –∑–¥–µ—Å—å.
[1;31m[0;0m
[0;32m67H[0;37m [0;32m85M[0;37m 607–æ –ó–∞—É—á:0 –í—ã—Ö:–°–í–Æ–ó> ˇ˘
[0;32m67H[0;37m [0;32m85M[0;37m 607–æ –ó–∞—É—á:0 –í—ã—Ö:–°–í–Æ–ó> ˇ˘–í—ã –ø–æ–ø–ª–µ–ª–∏—Å—å –Ω–∞ –≤–æ—Å—Ç–æ–∫.
[1;36m–ü–æ—Å—Ç–æ—è–ª—ã–π –¥–≤–æ—Ä [5001][0;37m
   –î–µ—Ä–µ–≤–Ω—è —Ö–æ—Ç—å –∏ –Ω–µ–±–æ–ª—å—à–∞—è, –Ω–æ –ø–æ—Å—Ç–æ—è–ª—ã–π –¥–≤–æ—Ä –∏–º–µ–µ—Ç—Å—è, –¥–ª—è –∑–∞–µ–∑–∂–∏—Ö –≥–æ—Å—Ç–µ–π,
—á—Ç–æ–±—ã –±—ã–ª–æ –≥–¥–µ –ø–µ—Ä–µ–≤–µ—Å—Ç–∏ –¥—É—Ö, –µ–¥–æ–π –∏ –ø–∏—Ç—å–µ–º –∑–∞–ø–∞—Å—Ç–∏—Å—å. –ê –µ—Å–ª–∏ –Ω–∞ –¥–≤–æ—Ä–µ —É–∂
–Ω–æ—á—å –∏–ª—å –ø—Ä–æ—Å—Ç–æ –Ω–∞–¥–æ –æ—Å—Ç–∞–Ω–æ–≤–∏—Ç—Å—è –Ω–∞ –¥–µ–Ω—å –¥—Ä—É–≥–æ–π –≤ –¥–µ—Ä–µ–≤–Ω–µ, –∞ —Ä–æ–¥—Å—Ç–≤–µ–Ω–Ω–∏–∫–æ–≤
–Ω–µ—Ç, —Ç–∞–∫ –º–æ–∂–Ω–æ –∏ –ø–µ—Ä–µ–Ω–æ—á–µ–≤–∞—Ç—å –≤ –≥–æ—Ä–Ω–∏—Ü–∞—Ö –Ω–∞–≤–µ—Ä—Ö—É.
[0;36m[ Exits: w u ][0;37m
[1;33m[1;31m–°–µ–¥–æ–≤–ª–∞—Å—ã–π —Å–∫–∞–∑–∏—Ç–µ–ª—å –≥–æ—Ç–æ–≤ –ø–æ–¥–µ–ª–∏—Ç—å—Å—è —Å –í–∞–º–∏ –∏–Ω—Ç–µ—Ä–µ—Å–Ω–æ–π –∏—Å—Ç–æ—Ä–∏–µ–π.
–¢—Ä–∞–∫—Ç–∏—Ä—â–∏–∫ –æ—Ç–¥—ã—Ö–∞–µ—Ç –∑–∞ —Å—Ç–æ–π–∫–æ–π.
[0;0m
[0;32m67H[0;37m [0;32m85M[0;37m 607–æ –ó–∞—É—á:0 –í—ã—Ö:–ó^> ˇ˘
—Å–∫–∞–∑–∏—Ç–µ–ª—å, –∑–∞–≤–∏–¥–µ–≤ –≤–∞—Å, —à–∏—Ä–æ–∫–æ —É–ª—ã–±–Ω—É–ª—Å—è.
—Å–∫–∞–∑–∏—Ç–µ–ª—å —Å–∫–∞–∑–∞–ª : '–ë–æ–≥–∞—Ç—ã—Ä—å - —Ö–æ—Ä–æ—à–∞—è –ø—Ä–æ—Ñ–µ—Å—Å–∏—è'
—Å–∫–∞–∑–∏—Ç–µ–ª—å —Å–∫–∞–∑–∞–ª : '–ï—Å—Ç—å —É –º–µ–Ω—è –æ–¥–Ω–∞ –Ω–µ–ø–ª–æ—Ö–∞—è —Å–∫–∞–∑–∫–∞ –ø—Ä–æ –≤–∞—à–µ–≥–æ –±—Ä–∞—Ç–∞'

[0;32m67H[0;37m [0;32m85M[0;37m 607–æ –ó–∞—É—á:0 –í—ã—Ö:–ó^> ˇ˘–í—ã –ø–æ–ø–ª–µ–ª–∏—Å—å –Ω–∞ –∑–∞–ø–∞–¥.
[1;36m–ü–µ—Ä–µ–¥ –ø–æ—Å—Ç–æ—è–ª—ã–º –¥–≤–æ—Ä–æ–º [5005][0;37m
   –ß—É—Ç—å –Ω–µ —Å–ø–æ—Ç–∫–Ω—É–≤—à–∏—Å—å –æ –¥–æ—Å–∫—É, –ª–µ–∂–∞—â—É—é —Å—Ä–∞–∑—É —É –ø–æ—Ä–æ–≥–∞ –ø–æ—Å—Ç–æ—è–ª–æ–≥–æ –¥–≤–æ—Ä–∞,
–≤—ã –æ–∫–∞–∑–∞–ª–∏—Å—å –Ω–∞ —Ü–µ–Ω—Ç—Ä–∞–ª—å–Ω–æ–π —É–ª–∏—Ü–µ –¥–µ—Ä–µ–≤–Ω–∏. –ò–º–µ–Ω–Ω–æ –Ω–∞ —ç—Ç–æ–π —É–ª–∏—Ü–µ –º–æ–∂–Ω–æ 
–±—ã—Å—Ç—Ä–æ –Ω–∞–π—Ç–∏ –ª–∞–≤–∫—É —Ä–µ–º–µ—Å–ª–µ–Ω–Ω–∏–∫–∞, –¥–æ–º –∑–Ω–∞—Ö–∞—Ä—è, –∫–æ–Ω—é—à–Ω—é –∏ –¥–æ–º —Å—Ç–∞—Ä–µ–π—à–∏–Ω—ã.
–í —é–∂–Ω–æ–π —á–∞—Å—Ç–∏ –¥–µ—Ä–µ–≤–Ω–∏ –ø–æ—Å–µ–ª–∏–ª–∏—Å—å –≤–æ—Ä–æ–∂–µ–∏.
[0;36m[ Exits: n e s w ][0;37m
[1;33m–£ –≤–∞—à–∏—Ö –Ω–æ–≥ –ª–µ–∂–∏—Ç –≥–ª–∏–Ω—è–Ω–∞—è –ø–ª–æ—à–∫–∞.
–ù–µ–º–Ω–æ–≥–æ –æ—Ç—Ä—É–±–µ–π –ø—Ä–æ—Å—ã–ø–∞–Ω–æ –∑–¥–µ—Å—å.
[1;31m[0;0m
[0;32m67H[0;37m [0;32m85M[0;37m 607–æ –ó–∞—É—á:0 –í—ã—Ö:–°–í–Æ–ó> ˇ˘–í—ã –ø–æ–ø–ª–µ–ª–∏—Å—å –Ω–∞ –∑–∞–ø–∞–¥.
[1;36m–Ø–º–∞ [5070][0;37m
   –Ø–º–æ–π –Ω–∞–∑—ã–≤–∞–ª–∞—Å—å –ø–æ—á—Ç–æ–≤–∞—è —Å—Ç–∞–Ω—Ü–∏—è, –Ω–∞ –∫–æ—Ç–æ—Ä–æ–π –≤–µ—á–Ω–æ –ø—å—è–Ω—ã–µ —è–º—â–∏–∫–∏ –º–µ–Ω—è–ª–∏
–ª–æ—à–∞–¥–µ–π –≤–æ –≤—Ä–µ–º—è –¥–æ—Ä–æ–≥–∏ –¥–∞–ª—å–Ω–µ–π.  –¢—É—Ç –∂–µ –º–æ–∂–Ω–æ –Ω–∞–Ω—è—Ç—å –∏ –≥–æ–Ω—Ü–∞ –ø–æ—á—Ç–∏ –≤ –ª—é–±—É—é
—Ç–æ—á–∫—É –†—É—Å–∏ –Ω–µ–æ–±—ä—è—Ç–Ω–æ–π.    
[0;36m[ Exits: e ][0;37m
[1;33m[1;31m–Ø–º—â–∏–∫ –≥–æ—Ç–æ–≤ –ø–æ–º–æ—á—å –≤–∞–º –¥–æ—Å—Ç–∞–≤–∏—Ç—å –≤–µ—Å—Ç–æ—á–∫—É —Ä–æ–¥–Ω—ã–º –∏ –±–ª–∏–∑–∫–∏–º.
[0;0m
[0;32m67H[0;37m [0;32m85M[0;37m 607–æ –ó–∞—É—á:0 –í—ã—Ö:–í> ˇ˘–í—ã –ø–æ–ø–ª–µ–ª–∏—Å—å –Ω–∞ –≤–æ—Å—Ç–æ–∫.
[1;36m–ü–µ—Ä–µ–¥ –ø–æ—Å—Ç–æ—è–ª—ã–º –¥–≤–æ—Ä–æ–º [5005][0;37m
   –ß—É—Ç—å –Ω–µ —Å–ø–æ—Ç–∫–Ω—É–≤—à–∏—Å—å –æ –¥–æ—Å–∫—É, –ª–µ–∂–∞—â—É—é —Å—Ä–∞–∑—É —É –ø–æ—Ä–æ–≥–∞ –ø–æ—Å—Ç–æ—è–ª–æ–≥–æ –¥–≤–æ—Ä–∞,
–≤—ã –æ–∫–∞–∑–∞–ª–∏—Å—å –Ω–∞ —Ü–µ–Ω—Ç—Ä–∞–ª—å–Ω–æ–π —É–ª–∏—Ü–µ –¥–µ—Ä–µ–≤–Ω–∏. –ò–º–µ–Ω–Ω–æ –Ω–∞ —ç—Ç–æ–π —É–ª–∏—Ü–µ –º–æ–∂–Ω–æ 
–±—ã—Å—Ç—Ä–æ –Ω–∞–π—Ç–∏ –ª–∞–≤–∫—É —Ä–µ–º–µ—Å–ª–µ–Ω–Ω–∏–∫–∞, –¥–æ–º –∑–Ω–∞—Ö–∞—Ä—è, –∫–æ–Ω—é—à–Ω—é –∏ –¥–æ–º —Å—Ç–∞—Ä–µ–π—à–∏–Ω—ã.
–í —é–∂–Ω–æ–π —á–∞—Å—Ç–∏ –¥–µ—Ä–µ–≤–Ω–∏ –ø–æ—Å–µ–ª–∏–ª–∏—Å—å –≤–æ—Ä–æ–∂–µ–∏.
[0;36m[ Exits: n e s w ][0;37m
[1;33m–£ –≤–∞—à–∏—Ö –Ω–æ–≥ –ª–µ–∂–∏—Ç –≥–ª–∏–Ω—è–Ω–∞—è –ø–ª–æ—à–∫–∞.
–ù–µ–º–Ω–æ–≥–æ –æ—Ç—Ä—É–±–µ–π –ø—Ä–æ—Å—ã–ø–∞–Ω–æ –∑–¥–µ—Å—å.
[1;31m[0;0m
[0;32m67H[0;37m [0;32m85M[0;37m 607–æ –ó–∞—É—á:0 –í—ã—Ö:–°–í–Æ–ó> ˇ˘–í—ã –ø–æ–ø–ª–µ–ª–∏—Å—å –Ω–∞ —Å–µ–≤–µ—Ä.
[1;36m–ö —Ü–µ–Ω—Ç—Ä—É –¥–µ—Ä–µ–≤–Ω–∏ [5006][0;37m
   –ü–æ–Ω–µ–º–Ω–æ–≥—É –æ—Å—Ç–∞—é—Ç—Å—è –ø–æ–∑–∞–¥–∏ –≥–ª–∞–≤–Ω—ã–µ –¥–æ–º–∞ –¥–µ—Ä–µ–≤–Ω–∏, –∏ –≤–æ–∫—Ä—É–≥ –æ—Ç–∫—Ä—ã–≤–∞–µ—Ç—Å—è –æ–±—ã—á–Ω—ã–π
–¥–µ—Ä–µ–≤–µ–Ω—Å–∫–∏–π –≤–∏–¥. –ö—Ä–µ–ø–∫–∏–µ –¥–æ–º–∞ —Å –º–∞–ª–µ–Ω—å–∫–∏–º–∏ –æ–∫–Ω–∞–º–∏, –Ω–æ –Ω–µ–∏–∑–º–µ–Ω–Ω—ã–º–∏ —Ç—Ä—É–±–∞–º–∏
–ø–µ—á–µ–π. –ò–∑–≥–æ—Ä–æ–¥—å, —Å—Ç–æ—è—â–∞—è –∑–∞ –¥–æ–º–∞–º–∏ –≤–¥–æ–ª—å –ª–µ—Å–∞ –∏ –∑–∞—â–∏—â–∞—é—â–∞—è –¥–µ—Ä–µ–≤–Ω—é —Å —Ç—ã–ª–∞. 
–ù–µ—Ç–æ—Ä–æ–ø–ª–∏–≤—ã–π –ª—é–¥, –∏–¥—É—â–∏–π –ø–æ —Å–≤–æ–∏–º –∏–∑–≤–µ—á–Ω—ã–º –¥–µ–ª–∞–º.
[0;36m[ Exits: n e s w ][0;37m
[1;33m–ù–µ–º–Ω–æ–≥–æ –æ—Ç—Ä—É–±–µ–π –ø—Ä–æ—Å—ã–ø–∞–Ω–æ –∑–¥–µ—Å—å.
[1;31m–ú–æ–ª–æ–¥–æ–π –ø–∞—Ä–µ–Ω—å –≥—É–ª—è–µ—Ç –∑–¥–µ—Å—å.
[0;0m
[0;32m67H[0;37m [0;32m85M[0;37m 607–æ –ó–∞—É—á:0 –í—ã—Ö:–°–í–Æ–ó> ˇ˘–í—ã –ø–æ–ø–ª–µ–ª–∏—Å—å –Ω–∞ —é–≥.
[1;36m–ü–µ—Ä–µ–¥ –ø–æ—Å—Ç–æ—è–ª—ã–º –¥–≤–æ—Ä–æ–º [5005][0;37m
   –ß—É—Ç—å –Ω–µ —Å–ø–æ—Ç–∫–Ω—É–≤—à–∏—Å—å –æ –¥–æ—Å–∫—É, –ª–µ–∂–∞—â—É—é —Å—Ä–∞–∑—É —É –ø–æ—Ä–æ–≥–∞ –ø–æ—Å—Ç–æ—è–ª–æ–≥–æ –¥–≤–æ—Ä–∞,
–≤—ã –æ–∫–∞–∑–∞–ª–∏—Å—å –Ω–∞ —Ü–µ–Ω—Ç—Ä–∞–ª—å–Ω–æ–π —É–ª–∏—Ü–µ –¥–µ—Ä–µ–≤–Ω–∏. –ò–º–µ–Ω–Ω–æ –Ω–∞ —ç—Ç–æ–π —É–ª–∏—Ü–µ –º–æ–∂–Ω–æ 
–±—ã—Å—Ç—Ä–æ –Ω–∞–π—Ç–∏ –ª–∞–≤–∫—É —Ä–µ–º–µ—Å–ª–µ–Ω–Ω–∏–∫–∞, –¥–æ–º –∑–Ω–∞—Ö–∞—Ä—è, –∫–æ–Ω—é—à–Ω—é –∏ –¥–æ–º —Å—Ç–∞—Ä–µ–π—à–∏–Ω—ã.
–í —é–∂–Ω–æ–π —á–∞—Å—Ç–∏ –¥–µ—Ä–µ–≤–Ω–∏ –ø–æ—Å–µ–ª–∏–ª–∏—Å—å –≤–æ—Ä–æ–∂–µ–∏.
[0;36m[ Exits: n e s w ][0;37m
[1;33m–£ –≤–∞—à–∏—Ö –Ω–æ–≥ –ª–µ–∂–∏—Ç –≥–ª–∏–Ω—è–Ω–∞—è –ø–ª–æ—à–∫–∞.
–ù–µ–º–Ω–æ–≥–æ –æ—Ç—Ä—É–±–µ–π –ø—Ä–æ—Å—ã–ø–∞–Ω–æ –∑–¥–µ—Å—å.
[1;31m[0;0m
[0;32m67H[0;37m [0;32m85M[0;37m 607–æ –ó–∞—É—á:0 –í—ã—Ö:–°–í–Æ–ó> ˇ˘–í—ã –ø–æ–ø–ª–µ–ª–∏—Å—å –Ω–∞ –≤–æ—Å—Ç–æ–∫.
[1;36m–ü–æ—Å—Ç–æ—è–ª—ã–π –¥–≤–æ—Ä [5001][0;37m
   –î–µ—Ä–µ–≤–Ω—è —Ö–æ—Ç—å –∏ –Ω–µ–±–æ–ª—å—à–∞—è, –Ω–æ –ø–æ—Å—Ç–æ—è–ª—ã–π –¥–≤–æ—Ä –∏–º–µ–µ—Ç—Å—è, –¥–ª—è –∑–∞–µ–∑–∂–∏—Ö –≥–æ—Å—Ç–µ–π,
—á—Ç–æ–±—ã –±—ã–ª–æ –≥–¥–µ –ø–µ—Ä–µ–≤–µ—Å—Ç–∏ –¥—É—Ö, –µ–¥–æ–π –∏ –ø–∏—Ç—å–µ–º –∑–∞–ø–∞—Å—Ç–∏—Å—å. –ê –µ—Å–ª–∏ –Ω–∞ –¥–≤–æ—Ä–µ —É–∂
–Ω–æ—á—å –∏–ª—å –ø—Ä–æ—Å—Ç–æ –Ω–∞–¥–æ –æ—Å—Ç–∞–Ω–æ–≤–∏—Ç—Å—è –Ω–∞ –¥–µ–Ω—å –¥—Ä—É–≥–æ–π –≤ –¥–µ—Ä–µ–≤–Ω–µ, –∞ —Ä–æ–¥—Å—Ç–≤–µ–Ω–Ω–∏–∫–æ–≤
–Ω–µ—Ç, —Ç–∞–∫ –º–æ–∂–Ω–æ –∏ –ø–µ—Ä–µ–Ω–æ—á–µ–≤–∞—Ç—å –≤ –≥–æ—Ä–Ω–∏—Ü–∞—Ö –Ω–∞–≤–µ—Ä—Ö—É.
[0;36m[ Exits: w u ][0;37m
[1;33m[1;31m–°–µ–¥–æ–≤–ª–∞—Å—ã–π —Å–∫–∞–∑–∏—Ç–µ–ª—å –≥–æ—Ç–æ–≤ –ø–æ–¥–µ–ª–∏—Ç—å—Å—è —Å –í–∞–º–∏ –∏–Ω—Ç–µ—Ä–µ—Å–Ω–æ–π –∏—Å—Ç–æ—Ä–∏–µ–π.
–¢—Ä–∞–∫—Ç–∏—Ä—â–∏–∫ –æ—Ç–¥—ã—Ö–∞–µ—Ç –∑–∞ —Å—Ç–æ–π–∫–æ–π.
[0;0m
[0;32m67H[0;37m [0;32m84M[0;37m 607–æ –ó–∞—É—á:0 –í—ã—Ö:–ó^> ˇ˘–í—ã –ø–æ–ø–ª–µ–ª–∏—Å—å –Ω–∞ –∑–∞–ø–∞–¥.
[1;36m–ü–µ—Ä–µ–¥ –ø–æ—Å—Ç–æ—è–ª—ã–º –¥–≤–æ—Ä–æ–º [5005][0;37m
   –ß—É—Ç—å –Ω–µ —Å–ø–æ—Ç–∫–Ω—É–≤—à–∏—Å—å –æ –¥–æ—Å–∫—É, –ª–µ–∂–∞—â—É—é —Å—Ä–∞–∑—É —É –ø–æ—Ä–æ–≥–∞ –ø–æ—Å—Ç–æ—è–ª–æ–≥–æ –¥–≤–æ—Ä–∞,
–≤—ã –æ–∫–∞–∑–∞–ª–∏—Å—å –Ω–∞ —Ü–µ–Ω—Ç—Ä–∞–ª—å–Ω–æ–π —É–ª–∏—Ü–µ –¥–µ—Ä–µ–≤–Ω–∏. –ò–º–µ–Ω–Ω–æ –Ω–∞ —ç—Ç–æ–π —É–ª–∏—Ü–µ –º–æ–∂–Ω–æ 
–±—ã—Å—Ç—Ä–æ –Ω–∞–π—Ç–∏ –ª–∞–≤–∫—É —Ä–µ–º–µ—Å–ª–µ–Ω–Ω–∏–∫–∞, –¥–æ–º –∑–Ω–∞—Ö–∞—Ä—è, –∫–æ–Ω—é—à–Ω—é –∏ –¥–æ–º —Å—Ç–∞—Ä–µ–π—à–∏–Ω—ã.
–í —é–∂–Ω–æ–π —á–∞—Å—Ç–∏ –¥–µ—Ä–µ–≤–Ω–∏ –ø–æ—Å–µ–ª–∏–ª–∏—Å—å –≤–æ—Ä–æ–∂–µ–∏.
[0;36m[ Exits: n e s w ][0;37m
[1;33m–£ –≤–∞—à–∏—Ö –Ω–æ–≥ –ª–µ–∂–∏—Ç –≥–ª–∏–Ω—è–Ω–∞—è –ø–ª–æ—à–∫–∞.
–ù–µ–º–Ω–æ–≥–æ –æ—Ç—Ä—É–±–µ–π –ø—Ä–æ—Å—ã–ø–∞–Ω–æ –∑–¥–µ—Å—å.
[1;31m[0;0m
[0;32m67H[0;37m [0;32m85M[0;37m 607–æ –ó–∞—É—á:0 –í—ã—Ö:–°–í–Æ–ó> ˇ˘–í—ã –ø–æ–ø–ª–µ–ª–∏—Å—å –Ω–∞ —é–≥.
[1;36m–¶–µ–Ω—Ç—Ä –¥–µ—Ä–µ–≤–Ω–∏ [5004][0;37m
   –¶–µ–Ω—Ç—Ä–∞–ª—å–Ω–∞—è —á–∞—Å—Ç—å –¥–µ—Ä–µ–≤–Ω–∏ –∑–∞–ø–æ–ª–Ω–µ–Ω–∞ –Ω—É–∂–Ω—ã–º–∏ –≤—Å–µ–º –º–∞—Å—Ç–µ—Ä—Å–∫–∏–º–∏ –∏ –ª–∞–≤–∫–∞–º–∏.
–£–¥–∞—á–Ω–æ–µ –º–µ—Å—Ç–æ –¥–µ—Ä–µ–≤–Ω–∏ –≤ –Ω–µ–∑–∞–ø–∞–º—è—Ç–Ω—ã–µ –≤—Ä–µ–º–µ–Ω–∞ –ø—Ä–∏–≤–ª–µ–∫–ª–æ —Å—é–¥–∞ —Ç–æ—Ä–≥–æ–≤—Ü–µ–≤ –∏
–º–∞—Å—Ç–µ—Ä–æ–≤—ã—Ö, –∏ —Å —Ç–µ—Ö –ø–æ—Ä –ø–æ–≤–µ–ª–æ—Å—å, —á—Ç–æ –≤ —ç—Ç–æ–π —á–∞—Å—Ç–∏ –¥–µ—Ä–µ–≤–Ω–∏ —Å—Ç–æ—è—Ç –±–æ–ª—å—à–∏–µ –∏
–±–æ–≥–∞—Ç—ã–µ –¥–æ–º–∞. –°–æ –≤—Å–µ–π –æ–∫—Ä—É–≥–∏ –∏ –¥–∞–∂–µ –∏–∑ –¥–∞–ª–µ–∫–æ–π –≥–ª—É—à–∏ –ø—Ä–∏—Ö–æ–¥—è—Ç –ª—é–¥–∏ —Å—é–¥–∞
–∑–∞ —Ç–æ–≤–∞—Ä–æ–º –∫—É–ø–∏—Ç—å —á—Ç–æ, –ø—Ä–æ–¥–∞—Ç—å —á—Ç–æ, –∑–∞–∫–∞–∑–∞—Ç—å —á—Ç–æ.
[0;36m[ Exits: n s w ][0;37m
[1;33m[1;31m–ë–∞–∑–∞—Ä–Ω—ã–π –∑–∞–∑—ã–≤–∞–ª–∞ —Å—Ç–æ–∏—Ç –∑–¥–µ—Å—å, –∑—ã—á–Ω—ã–º –≥–æ–ª–æ—Å–æ–º —Ä–∞—Å—Ö–≤–∞–ª–∏–≤–∞—è –≤—ã—Å—Ç–∞–≤–ª–µ–Ω–Ω—ã–π —Ç–æ–≤–∞—Ä.
[0;0m
[0;32m67H[0;37m [0;32m84M[0;37m 607–æ –ó–∞—É—á:0 –í—ã—Ö:–°–Æ–ó> ˇ˘–í—ã –ø–æ–ø–ª–µ–ª–∏—Å—å –Ω–∞ —é–≥.
[1;36m–ü–µ—Ä–µ–¥ –∫–æ–Ω—é—à–Ω–µ–π [5003][0;37m
   –¶–µ–Ω—Ç—Ä–∞–ª—å–Ω–∞—è —á–∞—Å—Ç—å –¥–µ—Ä–µ–≤–Ω–∏ –∑–∞–ø–æ–ª–Ω–µ–Ω–∞ –Ω—É–∂–Ω—ã–º–∏ –≤—Å–µ–º –º–∞—Å—Ç–µ—Ä—Å–∫–∏–º–∏ –∏ –ª–∞–≤–∫–∞–º–∏.
–£–¥–∞—á–Ω–æ–µ –º–µ—Å—Ç–æ –¥–µ—Ä–µ–≤–Ω–∏ –≤ –Ω–µ–∑–∞–ø–∞–º—è—Ç–Ω—ã–µ –≤—Ä–µ–º–µ–Ω–∞ –ø—Ä–∏–≤–ª–µ–∫–ª–æ —Å—é–¥–∞ —Ç–æ—Ä–≥–æ–≤—Ü–µ–≤ –∏
–º–∞—Å—Ç–µ—Ä–æ–≤—ã—Ö, –∏ —Å —Ç–µ—Ö –ø–æ—Ä –ø–æ–≤–µ–ª–æ—Å—å, —á—Ç–æ –≤ —ç—Ç–æ–π —á–∞—Å—Ç–∏ –¥–µ—Ä–µ–≤–Ω–∏ —Å—Ç–æ—è—Ç –±–æ–ª—å—à–∏–µ –∏
–±–æ–≥–∞—Ç—ã–µ –¥–æ–º–∞. –°–æ –≤—Å–µ–π –æ–∫—Ä—É–≥–∏ –∏ –¥–∞–∂–µ –∏–∑ –¥–∞–ª–µ–∫–æ–π –≥–ª—É—à–∏ –ø—Ä–∏—Ö–æ–¥—è—Ç –ª—é–¥–∏ —Å—é–¥–∞
–∑–∞ —Ç–æ–≤–∞—Ä–æ–º –∫—É–ø–∏—Ç—å —á—Ç–æ, –ø—Ä–æ–¥–∞—Ç—å —á—Ç–æ, –∑–∞–∫–∞–∑–∞—Ç—å —á—Ç–æ.
[0;36m[ Exits: n e s w ][0;37m
[1;33m[1;31m–ü–æ–∂–∏–ª–æ–π —à–∏—Ä–æ–∫–æ–ø–ª–µ—á–∏–π –∫—Ä–µ—Å—Ç—å—è–Ω–∏–Ω –≤ –¥–æ–±—Ä–æ—Ç–Ω–æ–π –æ–¥–µ–∂–¥–µ –ø—Ä–æ—Ö–∞–∂–∏–≤–∞–µ—Ç—Å—è —Ç—É—Ç.
–ü–æ–∂–∏–ª–æ–π —à–∏—Ä–æ–∫–æ–ø–ª–µ—á–∏–π –∫—Ä–µ—Å—Ç—å—è–Ω–∏–Ω –≤ –¥–æ–±—Ä–æ—Ç–Ω–æ–π –æ–¥–µ–∂–¥–µ –ø—Ä–æ—Ö–∞–∂–∏–≤–∞–µ—Ç—Å—è —Ç—É—Ç.
[0;0m
[0;32m67H[0;37m [0;32m85M[0;37m 607–æ –ó–∞—É—á:0 –í—ã—Ö:–°–í–Æ–ó> ˇ˘–í—ã –ø–æ–ø–ª–µ–ª–∏—Å—å –Ω–∞ —Å–µ–≤–µ—Ä.
[1;36m–¶–µ–Ω—Ç—Ä –¥–µ—Ä–µ–≤–Ω–∏ [5004][0;37m
   –¶–µ–Ω—Ç—Ä–∞–ª—å–Ω–∞—è —á–∞—Å—Ç—å –¥–µ—Ä–µ–≤–Ω–∏ –∑–∞–ø–æ–ª–Ω–µ–Ω–∞ –Ω—É–∂–Ω—ã–º–∏ –≤—Å–µ–º –º–∞—Å—Ç–µ—Ä—Å–∫–∏–º–∏ –∏ –ª–∞–≤–∫–∞–º–∏.
–£–¥–∞—á–Ω–æ–µ –º–µ—Å—Ç–æ –¥–µ—Ä–µ–≤–Ω–∏ –≤ –Ω–µ–∑–∞–ø–∞–º—è—Ç–Ω—ã–µ –≤—Ä–µ–º–µ–Ω–∞ –ø—Ä–∏–≤–ª–µ–∫–ª–æ —Å—é–¥–∞ —Ç–æ—Ä–≥–æ–≤—Ü–µ–≤ –∏
–º–∞—Å—Ç–µ—Ä–æ–≤—ã—Ö, –∏ —Å —Ç–µ—Ö –ø–æ—Ä –ø–æ–≤–µ–ª–æ—Å—å, —á—Ç–æ –≤ —ç—Ç–æ–π —á–∞—Å—Ç–∏ –¥–µ—Ä–µ–≤–Ω–∏ —Å—Ç–æ—è—Ç –±–æ–ª—å—à–∏–µ –∏
–±–æ–≥–∞—Ç—ã–µ –¥–æ–º–∞. –°–æ –≤—Å–µ–π –æ–∫—Ä—É–≥–∏ –∏ –¥–∞–∂–µ –∏–∑ –¥–∞–ª–µ–∫–æ–π –≥–ª—É—à–∏ –ø—Ä–∏—Ö–æ–¥—è—Ç –ª—é–¥–∏ —Å—é–¥–∞
–∑–∞ —Ç–æ–≤–∞—Ä–æ–º –∫—É–ø–∏—Ç—å —á—Ç–æ, –ø—Ä–æ–¥–∞—Ç—å —á—Ç–æ, –∑–∞–∫–∞–∑–∞—Ç—å —á—Ç–æ.
[0;36m[ Exits: n s w ][0;37m
[1;33m[1;31m–ë–∞–∑–∞—Ä–Ω—ã–π –∑–∞–∑—ã–≤–∞–ª–∞ —Å—Ç–æ–∏—Ç –∑–¥–µ—Å—å, –∑—ã—á–Ω—ã–º –≥–æ–ª–æ—Å–æ–º —Ä–∞—Å—Ö–≤–∞–ª–∏–≤–∞—è –≤—ã—Å—Ç–∞–≤–ª–µ–Ω–Ω—ã–π —Ç–æ–≤–∞—Ä.
[0;0m
[0;32m67H[0;37m [0;32m84M[0;37m 607–æ –ó–∞—É—á:0 –í—ã—Ö:–°–Æ–ó> ˇ˘
–ü–æ–º–æ—â–Ω–∏–∫ –¥–µ—Ä–µ–≤–µ–Ω—Å–∫–æ–≥–æ —Å—Ç–∞—Ä–æ—Å—Ç—ã –ø—Ä–∏—à–µ–ª —Å —é–≥–∞.

[0;32m67H[0;37m [0;32m85M[0;37m 607–æ –ó–∞—É—á:0 –í—ã—Ö:–°–Æ–ó> ˇ˘–í—ã –ø–æ–ø–ª–µ–ª–∏—Å—å –Ω–∞ –∑–∞–ø–∞–¥.
[1;36m–£ –∫–æ–ª–æ–¥—Ü–∞ [5011][0;37m
   –•–æ—Ä–æ—à–∞ –≤–æ–¥–∏—Ü–∞, —Å–∫–æ–ª—å–∫–æ –Ω–µ –≤—ã–ø—å–µ—à—å –≤—Å–µ —Ä–∞–≤–Ω–æ –º–∞–ª–æ. –°—Ç–∞—Ä—ã–π –∫–æ–ª–æ–¥–µ—Ü –≥–æ–≤–æ—Ä—è—Ç
–∫–æ–ø–∞–ª –µ—â–µ –ø–µ—Ä–≤—ã–π –æ—Å–Ω–æ–≤–∞—Ç–µ–ª—å –¥–µ—Ä–µ–≤–Ω–∏. –û–Ω –ª–∏—á–Ω–æ –Ω–∞—à–µ–ª –º–µ—Å—Ç–æ, –≤—ã–∫–æ–ø–∞–ª –∏ —Å–æ–æ—Ä—É–¥–∏–ª
–∫–æ–ª–æ–¥–µ—Ü. –° —Ç–µ—Ö –ø–æ—Ä –Ω–µ –∏—Å—Å—è–∫–∞–µ—Ç –≤–æ–¥–∞ –≤ –∫–æ–ª–æ–¥—Ü–µ, –∞ –ø–æ–ø—Ä–æ–±–æ–≤–∞—Ç—å –µ–µ –ø—Ä–∏–µ–∑–∂–∞—é—Ç –∏–∑
–¥–∞–ª–µ–∫–∏—Ö –º–µ—Å—Ç.
[0;36m[ Exits: e ][0;37m
[1;33m–ö–æ–ª–æ–¥–µ—Ü –≤—ã–∫–æ–ø–∞–Ω –∑–¥–µ—Å—å.
[1;31m[0;0m
[0;32m67H[0;37m [0;32m85M[0;37m 607–æ –ó–∞—É—á:0 –í—ã—Ö:–í> ˇ˘–í—ã –ø–æ–ø–ª–µ–ª–∏—Å—å –Ω–∞ –≤–æ—Å—Ç–æ–∫.
[1;36m–¶–µ–Ω—Ç—Ä –¥–µ—Ä–µ–≤–Ω–∏ [5004][0;37m
   –¶–µ–Ω—Ç—Ä–∞–ª—å–Ω–∞—è —á–∞—Å—Ç—å –¥–µ—Ä–µ–≤–Ω–∏ –∑–∞–ø–æ–ª–Ω–µ–Ω–∞ –Ω—É–∂–Ω—ã–º–∏ –≤—Å–µ–º –º–∞—Å—Ç–µ—Ä—Å–∫–∏–º–∏ –∏ –ª–∞–≤–∫–∞–º–∏.
–£–¥–∞—á–Ω–æ–µ –º–µ—Å—Ç–æ –¥–µ—Ä–µ–≤–Ω–∏ –≤ –Ω–µ–∑–∞–ø–∞–º—è—Ç–Ω—ã–µ –≤—Ä–µ–º–µ–Ω–∞ –ø—Ä–∏–≤–ª–µ–∫–ª–æ —Å—é–¥–∞ —Ç–æ—Ä–≥–æ–≤—Ü–µ–≤ –∏
–º–∞—Å—Ç–µ—Ä–æ–≤—ã—Ö, –∏ —Å —Ç–µ—Ö –ø–æ—Ä –ø–æ–≤–µ–ª–æ—Å—å, —á—Ç–æ –≤ —ç—Ç–æ–π —á–∞—Å—Ç–∏ –¥–µ—Ä–µ–≤–Ω–∏ —Å—Ç–æ—è—Ç –±–æ–ª—å—à–∏–µ –∏
–±–æ–≥–∞—Ç—ã–µ –¥–æ–º–∞. –°–æ –≤—Å–µ–π –æ–∫—Ä—É–≥–∏ –∏ –¥–∞–∂–µ –∏–∑ –¥–∞–ª–µ–∫–æ–π –≥–ª—É—à–∏ –ø—Ä–∏—Ö–æ–¥—è—Ç –ª—é–¥–∏ —Å—é–¥–∞
–∑–∞ —Ç–æ–≤–∞—Ä–æ–º –∫—É–ø–∏—Ç—å —á—Ç–æ, –ø—Ä–æ–¥–∞—Ç—å —á—Ç–æ, –∑–∞–∫–∞–∑–∞—Ç—å —á—Ç–æ.
[0;36m[ Exits: n s w ][0;37m
[1;33m[1;31m–ü–æ–∂–∏–ª–æ–π —à–∏—Ä–æ–∫–æ–ø–ª–µ—á–∏–π –∫—Ä–µ—Å—Ç—å—è–Ω–∏–Ω –≤ –¥–æ–±—Ä–æ—Ç–Ω–æ–π –æ–¥–µ–∂–¥–µ –ø—Ä–æ—Ö–∞–∂–∏–≤–∞–µ—Ç—Å—è —Ç—É—Ç.
–ë–∞–∑–∞—Ä–Ω—ã–π –∑–∞–∑—ã–≤–∞–ª–∞ —Å—Ç–æ–∏—Ç –∑–¥–µ—Å—å, –∑—ã—á–Ω—ã–º –≥–æ–ª–æ—Å–æ–º —Ä–∞—Å—Ö–≤–∞–ª–∏–≤–∞—è –≤—ã—Å—Ç–∞–≤–ª–µ–Ω–Ω—ã–π —Ç–æ–≤–∞—Ä.
[0;0m
[0;32m67H[0;37m [0;32m85M[0;37m 607–æ –ó–∞—É—á:0 –í—ã—Ö:–°–Æ–ó> ˇ˘–í—ã –ø–æ–ø–ª–µ–ª–∏—Å—å –Ω–∞ —é–≥.
[1;36m–ü–µ—Ä–µ–¥ –∫–æ–Ω—é—à–Ω–µ–π [5003][0;37m
   –¶–µ–Ω—Ç—Ä–∞–ª—å–Ω–∞—è —á–∞—Å—Ç—å –¥–µ—Ä–µ–≤–Ω–∏ –∑–∞–ø–æ–ª–Ω–µ–Ω–∞ –Ω—É–∂–Ω—ã–º–∏ –≤—Å–µ–º –º–∞—Å—Ç–µ—Ä—Å–∫–∏–º–∏ –∏ –ª–∞–≤–∫–∞–º–∏.
–£–¥–∞—á–Ω–æ–µ –º–µ—Å—Ç–æ –¥–µ—Ä–µ–≤–Ω–∏ –≤ –Ω–µ–∑–∞–ø–∞–º—è—Ç–Ω—ã–µ –≤—Ä–µ–º–µ–Ω–∞ –ø—Ä–∏–≤–ª–µ–∫–ª–æ —Å—é–¥–∞ —Ç–æ—Ä–≥–æ–≤—Ü–µ–≤ –∏
–º–∞—Å—Ç–µ—Ä–æ–≤—ã—Ö, –∏ —Å —Ç–µ—Ö –ø–æ—Ä –ø–æ–≤–µ–ª–æ—Å—å, —á—Ç–æ –≤ —ç—Ç–æ–π —á–∞—Å—Ç–∏ –¥–µ—Ä–µ–≤–Ω–∏ —Å—Ç–æ—è—Ç –±–æ–ª—å—à–∏–µ –∏
–±–æ–≥–∞—Ç—ã–µ –¥–æ–º–∞. –°–æ –≤—Å–µ–π –æ–∫—Ä—É–≥–∏ –∏ –¥–∞–∂–µ –∏–∑ –¥–∞–ª–µ–∫–æ–π –≥–ª—É—à–∏ –ø—Ä–∏—Ö–æ–¥—è—Ç –ª—é–¥–∏ —Å—é–¥–∞
–∑–∞ —Ç–æ–≤–∞—Ä–æ–º –∫—É–ø–∏—Ç—å —á—Ç–æ, –ø—Ä–æ–¥–∞—Ç—å —á—Ç–æ, –∑–∞–∫–∞–∑–∞—Ç—å —á—Ç–æ.
[0;36m[ Exits: n e s w ][0;37m
[1;33m[1;31m–ü–æ–∂–∏–ª–æ–π —à–∏—Ä–æ–∫–æ–ø–ª–µ—á–∏–π –∫—Ä–µ—Å—Ç—å—è–Ω–∏–Ω –≤ –¥–æ–±—Ä–æ—Ç–Ω–æ–π –æ–¥–µ–∂–¥–µ –ø—Ä–æ—Ö–∞–∂–∏–≤–∞–µ—Ç—Å—è —Ç—É—Ç.
[0;0m
[0;32m67H[0;37m [0;32m85M[0;37m 607–æ –ó–∞—É—á:0 –í—ã—Ö:–°–í–Æ–ó> ˇ˘–í—ã –ø–æ–ø–ª–µ–ª–∏—Å—å –Ω–∞ —Å–µ–≤–µ—Ä.
[1;36m–¶–µ–Ω—Ç—Ä –¥–µ—Ä–µ–≤–Ω–∏ [5004][0;37m
   –¶–µ–Ω—Ç—Ä–∞–ª—å–Ω–∞—è —á–∞—Å—Ç—å –¥–µ—Ä–µ–≤–Ω–∏ –∑–∞–ø–æ–ª–Ω–µ–Ω–∞ –Ω—É–∂–Ω—ã–º–∏ –≤—Å–µ–º –º–∞—Å—Ç–µ—Ä—Å–∫–∏–º–∏ –∏ –ª–∞–≤–∫–∞–º–∏.
–£–¥–∞—á–Ω–æ–µ –º–µ—Å—Ç–æ –¥–µ—Ä–µ–≤–Ω–∏ –≤ –Ω–µ–∑–∞–ø–∞–º—è—Ç–Ω—ã–µ –≤—Ä–µ–º–µ–Ω–∞ –ø—Ä–∏–≤–ª–µ–∫–ª–æ —Å—é–¥–∞ —Ç–æ—Ä–≥–æ–≤—Ü–µ–≤ –∏
–º–∞—Å—Ç–µ—Ä–æ–≤—ã—Ö, –∏ —Å —Ç–µ—Ö –ø–æ—Ä –ø–æ–≤–µ–ª–æ—Å—å, —á—Ç–æ –≤ —ç—Ç–æ–π —á–∞—Å—Ç–∏ –¥–µ—Ä–µ–≤–Ω–∏ —Å—Ç–æ—è—Ç –±–æ–ª—å—à–∏–µ –∏
–±–æ–≥–∞—Ç—ã–µ –¥–æ–º–∞. –°–æ –≤—Å–µ–π –æ–∫—Ä—É–≥–∏ –∏ –¥–∞–∂–µ –∏–∑ –¥–∞–ª–µ–∫–æ–π –≥–ª—É—à–∏ –ø—Ä–∏—Ö–æ–¥—è—Ç –ª—é–¥–∏ —Å—é–¥–∞
–∑–∞ —Ç–æ–≤–∞—Ä–æ–º –∫—É–ø–∏—Ç—å —á—Ç–æ, –ø—Ä–æ–¥–∞—Ç—å —á—Ç–æ, –∑–∞–∫–∞–∑–∞—Ç—å —á—Ç–æ.
[0;36m[ Exits: n s w ][0;37m
[1;33m[1;31m–ü–æ–∂–∏–ª–æ–π —à–∏—Ä–æ–∫–æ–ø–ª–µ—á–∏–π –∫—Ä–µ—Å—Ç—å—è–Ω–∏–Ω –≤ –¥–æ–±—Ä–æ—Ç–Ω–æ–π –æ–¥–µ–∂–¥–µ –ø—Ä–æ—Ö–∞–∂–∏–≤–∞–µ—Ç—Å—è —Ç—É—Ç.
–ë–∞–∑–∞—Ä–Ω—ã–π –∑–∞–∑—ã–≤–∞–ª–∞ —Å—Ç–æ–∏—Ç –∑–¥–µ—Å—å, –∑—ã—á–Ω—ã–º –≥–æ–ª–æ—Å–æ–º —Ä–∞—Å—Ö–≤–∞–ª–∏–≤–∞—è –≤—ã—Å—Ç–∞–≤–ª–µ–Ω–Ω—ã–π —Ç–æ–≤–∞—Ä.
[0;0m
[0;32m67H[0;37m [0;32m85M[0;37m 607–æ –ó–∞—É—á:0 –í—ã—Ö:–°–Æ–ó> ˇ˘–í—ã –ø–æ–ø–ª–µ–ª–∏—Å—å –Ω–∞ –∑–∞–ø–∞–¥.
[1;36m–£ –∫–æ–ª–æ–¥—Ü–∞ [5011][0;37m
   –•–æ—Ä–æ—à–∞ –≤–æ–¥–∏—Ü–∞, —Å–∫–æ–ª—å–∫–æ –Ω–µ –≤—ã–ø—å–µ—à—å –≤—Å–µ —Ä–∞–≤–Ω–æ –º–∞–ª–æ. –°—Ç–∞—Ä—ã–π –∫–æ–ª–æ–¥–µ—Ü –≥–æ–≤–æ—Ä—è—Ç
–∫–æ–ø–∞–ª –µ—â–µ –ø–µ—Ä–≤—ã–π –æ—Å–Ω–æ–≤–∞—Ç–µ–ª—å –¥–µ—Ä–µ–≤–Ω–∏. –û–Ω –ª–∏—á–Ω–æ –Ω–∞—à–µ–ª –º–µ—Å—Ç–æ, –≤—ã–∫–æ–ø–∞–ª –∏ —Å–æ–æ—Ä—É–¥–∏–ª
–∫–æ–ª–æ–¥–µ—Ü. –° —Ç–µ—Ö –ø–æ—Ä –Ω–µ –∏—Å—Å—è–∫–∞–µ—Ç –≤–æ–¥–∞ –≤ –∫–æ–ª–æ–¥—Ü–µ, –∞ –ø–æ–ø—Ä–æ–±–æ–≤–∞—Ç—å –µ–µ –ø—Ä–∏–µ–∑–∂–∞—é—Ç –∏–∑
–¥–∞–ª–µ–∫–∏—Ö –º–µ—Å—Ç.
[0;36m[ Exits: e ][0;37m
[1;33m–ö–æ–ª–æ–¥–µ—Ü –≤—ã–∫–æ–ø–∞–Ω –∑–¥–µ—Å—å.
[1;31m[0;0m
[0;32m67H[0;37m [0;32m84M[0;37m 607–æ –ó–∞—É—á:0 –í—ã—Ö:–í> ˇ˘–í—ã –ø–æ–ø–ª–µ–ª–∏—Å—å –Ω–∞ –≤–æ—Å—Ç–æ–∫.
[1;36m–¶–µ–Ω—Ç—Ä –¥–µ—Ä–µ–≤–Ω–∏ [5004][0;37m
   –¶–µ–Ω—Ç—Ä–∞–ª—å–Ω–∞—è —á–∞—Å—Ç—å –¥–µ—Ä–µ–≤–Ω–∏ –∑–∞–ø–æ–ª–Ω–µ–Ω–∞ –Ω—É–∂–Ω—ã–º–∏ –≤—Å–µ–º –º–∞—Å—Ç–µ—Ä—Å–∫–∏–º–∏ –∏ –ª–∞–≤–∫–∞–º–∏.
–£–¥–∞—á–Ω–æ–µ –º–µ—Å—Ç–æ –¥–µ—Ä–µ–≤–Ω–∏ –≤ –Ω–µ–∑–∞–ø–∞–º—è—Ç–Ω—ã–µ –≤—Ä–µ–º–µ–Ω–∞ –ø—Ä–∏–≤–ª–µ–∫–ª–æ —Å—é–¥–∞ —Ç–æ—Ä–≥–æ–≤—Ü–µ–≤ –∏
–º–∞—Å—Ç–µ—Ä–æ–≤—ã—Ö, –∏ —Å —Ç–µ—Ö –ø–æ—Ä –ø–æ–≤–µ–ª–æ—Å—å, —á—Ç–æ –≤ —ç—Ç–æ–π —á–∞—Å—Ç–∏ –¥–µ—Ä–µ–≤–Ω–∏ —Å—Ç–æ—è—Ç –±–æ–ª—å—à–∏–µ –∏
–±–æ–≥–∞—Ç—ã–µ –¥–æ–º–∞. –°–æ –≤—Å–µ–π –æ–∫—Ä—É–≥–∏ –∏ –¥–∞–∂–µ –∏–∑ –¥–∞–ª–µ–∫–æ–π –≥–ª—É—à–∏ –ø—Ä–∏—Ö–æ–¥—è—Ç –ª—é–¥–∏ —Å—é–¥–∞
–∑–∞ —Ç–æ–≤–∞—Ä–æ–º –∫—É–ø–∏—Ç—å —á—Ç–æ, –ø—Ä–æ–¥–∞—Ç—å —á—Ç–æ, –∑–∞–∫–∞–∑–∞—Ç—å —á—Ç–æ.
[0;36m[ Exits: n s w ][0;37m
[1;33m[1;31m–ü–æ–∂–∏–ª–æ–π —à–∏—Ä–æ–∫–æ–ø–ª–µ—á–∏–π –∫—Ä–µ—Å—Ç—å—è–Ω–∏–Ω –≤ –¥–æ–±—Ä–æ—Ç–Ω–æ–π –æ–¥–µ–∂–¥–µ –ø—Ä–æ—Ö–∞–∂–∏–≤–∞–µ—Ç—Å—è —Ç—É—Ç.
–ë–∞–∑–∞—Ä–Ω—ã–π –∑–∞–∑—ã–≤–∞–ª–∞ —Å—Ç–æ–∏—Ç –∑–¥–µ—Å—å, –∑—ã—á–Ω—ã–º –≥–æ–ª–æ—Å–æ–º —Ä–∞—Å—Ö–≤–∞–ª–∏–≤–∞—è –≤—ã—Å—Ç–∞–≤–ª–µ–Ω–Ω—ã–π —Ç–æ–≤–∞—Ä.
[0;0m
[0;32m67H[0;37m [0;32m83M[0;37m 607–æ –ó–∞—É—á:0 –í—ã—Ö:–°–Æ–ó> ˇ˘
–ü–æ–º–æ—â–Ω–∏–∫ –¥–µ—Ä–µ–≤–µ–Ω—Å–∫–æ–≥–æ —Å—Ç–∞—Ä–æ—Å—Ç—ã —É—à–µ–ª –Ω–∞ —é–≥.

[0;32m67H[0;37m [0;32m84M[0;37m 607–æ –ó–∞—É—á:0 –í—ã—Ö:–°–Æ–ó> ˇ˘–ß–¢–û –≤—ã —Ö–æ—Ç–∏—Ç–µ –∫–æ–ª–¥–æ–≤–∞—Ç—å?

[0;32m67H[0;37m [0;32m86M[0;37m 607–æ –ó–∞—É—á:0 –í—ã—Ö:–°–Æ–ó> ˇ˘
[0;32m67H[0;37m [0;32m86M[0;37m 607–æ –ó–∞—É—á:0 –í—ã—Ö:–°–Æ–ó> ˇ˘–ß–∞–≤–æ?

[0;32m67H[0;37m [0;32m86M[0;37m 607–æ –ó–∞—É—á:0 –í—ã—Ö:–°–Æ–ó> ˇ˘–í—ã –ø–æ–ø–ª–µ–ª–∏—Å—å –Ω–∞ —Å–µ–≤–µ—Ä.
[1;36m–ü–µ—Ä–µ–¥ –ø–æ—Å—Ç–æ—è–ª—ã–º –¥–≤–æ—Ä–æ–º [5005][0;37m
   –ß—É—Ç—å –Ω–µ —Å–ø–æ—Ç–∫–Ω—É–≤—à–∏—Å—å –æ –¥–æ—Å–∫—É, –ª–µ–∂–∞—â—É—é —Å—Ä–∞–∑—É —É –ø–æ—Ä–æ–≥–∞ –ø–æ—Å—Ç–æ—è–ª–æ–≥–æ –¥–≤–æ—Ä–∞,
–≤—ã –æ–∫–∞–∑–∞–ª–∏—Å—å –Ω–∞ —Ü–µ–Ω—Ç—Ä–∞–ª—å–Ω–æ–π —É–ª–∏—Ü–µ –¥–µ—Ä–µ–≤–Ω–∏. –ò–º–µ–Ω–Ω–æ –Ω–∞ —ç—Ç–æ–π —É–ª–∏—Ü–µ –º–æ–∂–Ω–æ 
–±—ã—Å—Ç—Ä–æ –Ω–∞–π—Ç–∏ –ª–∞–≤–∫—É —Ä–µ–º–µ—Å–ª–µ–Ω–Ω–∏–∫–∞, –¥–æ–º –∑–Ω–∞—Ö–∞—Ä—è, –∫–æ–Ω—é—à–Ω—é –∏ –¥–æ–º —Å—Ç–∞—Ä–µ–π—à–∏–Ω—ã.
–í —é–∂–Ω–æ–π —á–∞—Å—Ç–∏ –¥–µ—Ä–µ–≤–Ω–∏ –ø–æ—Å–µ–ª–∏–ª–∏—Å—å –≤–æ—Ä–æ–∂–µ–∏.
[0;36m[ Exits: n e s w ][0;37m
[1;33m–£ –≤–∞—à–∏—Ö –Ω–æ–≥ –ª–µ–∂–∏—Ç –≥–ª–∏–Ω—è–Ω–∞—è –ø–ª–æ—à–∫–∞.
–ù–µ–º–Ω–æ–≥–æ –æ—Ç—Ä—É–±–µ–π –ø—Ä–æ—Å—ã–ø–∞–Ω–æ –∑–¥–µ—Å—å.
[1;31m[0;0m
[0;32m67H[0;37m [0;32m85M[0;37m 607–æ –ó–∞—É—á:0 –í—ã—Ö:–°–í–Æ–ó> ˇ˘–í—ã –ø–æ–ø–ª–µ–ª–∏—Å—å –Ω–∞ –≤–æ—Å—Ç–æ–∫.
[1;36m–ü–æ—Å—Ç–æ—è–ª—ã–π –¥–≤–æ—Ä [5001][0;37m
   –î–µ—Ä–µ–≤–Ω—è —Ö–æ—Ç—å –∏ –Ω–µ–±–æ–ª—å—à–∞—è, –Ω–æ –ø–æ—Å—Ç–æ—è–ª—ã–π –¥–≤–æ—Ä –∏–º–µ–µ—Ç—Å—è, –¥–ª—è –∑–∞–µ–∑–∂–∏—Ö –≥–æ—Å—Ç–µ–π,
—á—Ç–æ–±—ã –±—ã–ª–æ –≥–¥–µ –ø–µ—Ä–µ–≤–µ—Å—Ç–∏ –¥—É—Ö, –µ–¥–æ–π –∏ –ø–∏—Ç—å–µ–º –∑–∞–ø–∞—Å—Ç–∏—Å—å. –ê –µ—Å–ª–∏ –Ω–∞ –¥–≤–æ—Ä–µ —É–∂
–Ω–æ—á—å –∏–ª—å –ø—Ä–æ—Å—Ç–æ –Ω–∞–¥–æ –æ—Å—Ç–∞–Ω–æ–≤–∏—Ç—Å—è –Ω–∞ –¥–µ–Ω—å –¥—Ä—É–≥–æ–π –≤ –¥–µ—Ä–µ–≤–Ω–µ, –∞ —Ä–æ–¥—Å—Ç–≤–µ–Ω–Ω–∏–∫–æ–≤
–Ω–µ—Ç, —Ç–∞–∫ –º–æ–∂–Ω–æ –∏ –ø–µ—Ä–µ–Ω–æ—á–µ–≤–∞—Ç—å –≤ –≥–æ—Ä–Ω–∏—Ü–∞—Ö –Ω–∞–≤–µ—Ä—Ö—É.
[0;36m[ Exits: w u ][0;37m
[1;33m[1;31m–°–µ–¥–æ–≤–ª–∞—Å—ã–π —Å–∫–∞–∑–∏—Ç–µ–ª—å –≥–æ—Ç–æ–≤ –ø–æ–¥–µ–ª–∏—Ç—å—Å—è —Å –í–∞–º–∏ –∏–Ω—Ç–µ—Ä–µ—Å–Ω–æ–π –∏—Å—Ç–æ—Ä–∏–µ–π.
–¢—Ä–∞–∫—Ç–∏—Ä—â–∏–∫ –æ—Ç–¥—ã—Ö–∞–µ—Ç –∑–∞ —Å—Ç–æ–π–∫–æ–π.
[0;0m
[0;32m67H[0;37m [0;32m85M[0;37m 607–æ –ó–∞—É—á:0 –í—ã—Ö:–ó^> ˇ˘–í—ã –ø–æ–ø–ª–µ–ª–∏—Å—å –≤–≤–µ—Ä—Ö.
[1;36m–ö–æ–º–Ω–∞—Ç—ã –æ—Ç–¥—ã—Ö–∞ [5000][0;37m
   –•–æ–∑—è–∏–Ω —É—Å—Ç—Ä–æ–∏–ª –∑–¥–µ—Å—å –∫–æ–º–Ω–∞—Ç—ã –¥–ª—è –æ—Ç–¥—ã—Ö–∞. –õ—é–±–æ–π –∂–µ–ª–∞—é—â–∏–π –º–æ–∂–µ—Ç –æ—Å—Ç–∞–Ω–æ–≤–∏—Ç—å—Å—è
–∑–¥–µ—Å—å –∏ –ø–µ—Ä–µ–¥–æ—Ö–Ω—É—Ç—å –ø–æ—Å–ª–µ –¥–∞–ª—å–Ω–µ–π –¥–æ—Ä–æ–≥–∏. –°–≤–µ—Ç–ª—ã–µ –≥–æ—Ä–Ω–∏—Ü—ã —Ç–∞–∫ –∏ –ø—Ä–∏–≥–ª–∞—à–∞—é—Ç
–ø—Ä–æ–π—Ç–∏ –≤ –Ω–∏—Ö –∏ —Ä–∞—Å—Ç—è–Ω—É—Ç—å—Å—è –Ω–∞ –ø–µ—Ä–∏–Ω–µ, –Ω–∞ –ø—É—Ö–æ–≤–æ–π –¥–∞ –∑–∞–±—ã—Ç—å—Å—è —Å–Ω–æ–º –±–æ–≥–∞—Ç—ã—Ä—Å–∫–∏–º.
–ó–¥–µ—Å—å –∂–µ –º–æ–∂–Ω–æ –ø–æ–¥–æ–∂–¥–∞—Ç—å —Å–≤–æ–∏—Ö –∫–æ–º–ø–∞–Ω—å–æ–Ω–æ–≤ –ø–µ—Ä–µ–¥ –¥–æ–ª–≥–æ–π –¥–æ—Ä–æ–≥–æ–π, –ø–æ–≥–æ–≤–æ—Ä–∏—Ç—å
–æ –¥–∞–ª—å–Ω–µ–π—à–∏—Ö –ø–ª–∞–Ω–∞—Ö.
[1;32m–°–æ–≤—Å–µ–º –º–∞–ª—ã—Ö, –¥–∞ –Ω–µ –æ–±—É—á–µ–Ω–Ω—ã—Ö —Ç–∞–∫ –∏ —Ç—è–Ω–µ—Ç [1;33m–≤–æ–π—Ç–∏ [1;32m–≤ [1;33m—à–∫–æ–ª—É[1;32m.[0;0m
[0;36m[ Exits: d ][0;37m
[1;33m–î–æ—Å–∫–∞ –¥–ª—è —Ä–∞–∑–ª–∏—á–Ω—ã—Ö –∑–∞–º–µ—Ç–æ–∫ –∏ –æ–±—ä—è–≤–ª–µ–Ω–∏–π –ø—Ä–∏–±–∏—Ç–∞ —Ç—É—Ç ..–±–ª–µ—Å—Ç–∏—Ç!
[1;31m–•–æ–∑—è–π–∫–∞ –ø–æ—Å—Ç–æ—è–ª–æ–≥–æ –¥–≤–æ—Ä–∞ —Ä–∞—Å–ø–æ—Ä—è–∂–∞–µ—Ç—Å—è –∑–¥–µ—Å—å.
[0;0m
[0;32m67H[0;37m [0;32m84M[0;37m 607–æ –ó–∞—É—á:0 –í—ã—Ö:v> ˇ˘
[1;31m–ú–∏–Ω—É–ª —á–∞—Å.[0;37m

[0;32m67H[0;37m [0;32m86M[0;37m 607–æ –ó–∞—É—á:0 –í—ã—Ö:v> ˇ˘–•–æ–∑—è–π–∫–∞ —Å–∫–∞–∑–∞–ª–∞ –≤–∞–º : "–°–µ–≥–æ–¥–Ω—è —Å–ø–∏–º –Ω–∞—Ö–∞–ª—è–≤—É!"
–•–æ–∑—è–π–∫–∞ –∑–∞–ø–µ—Ä–ª–∞ –≤–∞—à–∏ –≤–µ—â–∏ –≤ —Å—É–Ω–¥—É–∫ –∏ –ø–æ–≤–µ–ª–∞ –≤ —Ç–µ—Å–Ω—É—é –∫–∞–º–æ—Ä–∫—É.

0) –û—Ç—Å–æ–µ–¥–∏–Ω–∏—Ç—å—Å—è.
1) –ù–∞—á–∞—Ç—å –∏–≥—Ä—É.
2) –í–≤–µ—Å—Ç–∏ –æ–ø–∏—Å–∞–Ω–∏–µ –≤–∞—à–µ–≥–æ –ø–µ—Ä—Å–æ–Ω–∞–∂–∞.
3) –£–∑–Ω–∞—Ç—å –∏—Å—Ç–æ—Ä–∏—é.
4) –ò–∑–º–µ–Ω–∏—Ç—å –ø–∞—Ä–æ–ª—å.
5) –£–¥–∞–ª–∏—Ç—å –ø–µ—Ä—Å–æ–Ω–∞–∂–∞.
6) –ò–∑–º–µ–Ω–∏—Ç—å –ø–∞—Ä–∞–º–µ—Ç—Ä—ã –ø–µ—Ä—Å–æ–Ω–∞–∂–∞.
7) –í–∫–ª—é—á–∏—Ç—å/–≤—ã–∫–ª—é—á–∏—Ç—å —Ä–µ–∂–∏–º —Å–ª–µ–ø–æ–≥–æ –∏–≥—Ä–æ–∫–∞.
8) –ü–æ—Å–º–æ—Ç—Ä–µ—Ç—å –≤—Å–µ—Ö –ø–µ—Ä—Å–æ–Ω–∞–∂–µ–π –Ω–∞ –¥–∞–Ω–Ω–æ–º email'e.

   –ß–µ–≥–æ –≤–∞—à–∞ –¥—É—à–∞ –∂–µ–ª–∞–µ—Ç? ˇ˘
–î–æ –≤—Å—Ç—Ä–µ—á–∏ –Ω–∞ –∑–µ–º–ª–µ –ö–∏–µ–≤—Å–∫–æ–π.
–í —Å–ª—É—á–∞–µ –≤–∞—à–µ–≥–æ –æ—Ç—Å—É—Ç—Å—Ç–≤–∏—è –ø–µ—Ä—Å–æ–Ω–∞–∂ –±—É–¥–µ—Ç —Ö—Ä–∞–Ω–∏—Ç—å—Å—è –¥–æ 10:05:13  7 –î–µ–∫–∞–±—Ä—è 2021 –≥–æ–¥–∞ –Ω–∞—à–µ–π —ç—Ä—ã :).
ˇ˘