ˇ˚Eˇ˚Vˇ˚U
Online: 128

Using keytable
  0) Koi-8
  1) Alt
  2) Windows(JMC,MMC)
  3) Windows(zMUD)
  4) Windows(zMUD 'z')
  5) UTF-8
  6) Windows(zMUD <6.39)
  9) TECT...
Select one :     
 -----------------------------------------------------------------------------                   
          Based On CircleMUD v3.0   Created by Jeremy Elson,   
          DikuMUD Gamma 0.0  by Sebastian Hammer, Michael Seifert, 
          Hans Henrik Staerfeldt, Tom Madsen, Katja Nyboe
 _____________________________________________________________________________

    #######
    ##    
    ##        ####    ####      ####  ####  ####  ####  ####  ####    ####
    #######    ######  ##     ## ##    ##  ####    ##    ##    ######  ##
    ##    ##   ##   ## ##    ##  ##    ####  ##    ########    ##   ## ##
    ##    ##   ##   ## ##    ##  ##    ###   ##    ##    ##    ##   ## ##
    #######   ####### ####  ###  ###  ####  ####  ####  ####  ####### ####

                   –ü–û –ü–†–ï–î–ê–ù–ò–Ø–ú –†–£–°–°–ö–ò–• –ù–ê–†–û–î–ù–´–• –°–ö–ê–ó–û–ö –ò –ë–´–õ–ò–ù.

             –ü–æ –∞–¥–º–∏–Ω–∏—Å—Ç—Ä–∞—Ç–∏–≤–Ω—ã–º –≤–æ–ø—Ä–æ—Å–∞–º –º–æ–∂–µ—Ç–µ —Å–≤—è–∑–∞—Ç—å—Å—è —Å –°—Ç—Ä–∏–±–æ–≥–æ–º
                	     e-mail: stribog@bylins.su

                       –ü–æ—Å–µ—Ç–∏—Ç–µ –Ω–∞—à —Å–∞–π—Ç: www.bylins.su
    –î–ª—è –±–æ–ª–µ–µ –ø–æ–¥—Ä–æ–±–Ω–æ–π –∏–≥—Ä–æ–≤–æ–π –∏–Ω—Ñ–æ—Ä–º–∞—Ü–∏–∏ –ø–æ—Å–µ—Ç–∏—Ç–µ www.bylins.su/?newbies

–í–≤–µ–¥–∏—Ç–µ –∏–º—è –ø–µ—Ä—Å–æ–Ω–∞–∂–∞ (–∏–ª–∏ "–Ω–æ–≤—ã–π" –¥–ª—è —Å–æ–∑–¥–∞–Ω–∏—è –Ω–æ–≤–æ–≥–æ): –ü–µ—Ä—Å–æ–Ω–∞–∂ —Å —Ç–∞–∫–∏–º –∏–º–µ–Ω–µ–º —É–∂–µ —Å—É—â–µ—Å—Ç–≤—É–µ—Ç. –í–≤–µ–¥–∏—Ç–µ –ø–∞—Ä–æ–ª—å : ˇ˘

–ü–æ—Å–ª–µ–¥–Ω–∏–π —Ä–∞–∑ –≤—ã –∑–∞—Ö–æ–¥–∏–ª–∏ –∫ –Ω–∞–º –≤ 23:44:50 13 –§–µ–≤—Ä–∞–ª—è 2020 –≥–æ–¥–∞ —Å –∞–¥—Ä–µ—Å–∞ (69.181.167.66).

* –í —Å–≤—è–∑–∏ —Å –ø—Ä–æ–±–ª–µ–º–∞–º–∏ –ø–µ—Ä–µ–≤–æ–¥–∞ —Ñ—Ä–∞–∑—ã ANYKEY –Ω–∞–∂–º–∏—Ç–µ ENTER *ˇ˘
  –î–æ–±—Ä–æ –ø–æ–∂–∞–ª–æ–≤–∞—Ç—å –Ω–∞ –∑–µ–º–ª—é –ö–∏–µ–≤—Å–∫—É—é, –±–æ–≥–∞—Ç—É—é –∏—Å—Ç–æ—Ä–∏–µ–π –∏ —Å–∞–º—ã–º–∏ –Ω–µ–≤–µ—Ä–æ—è—Ç–Ω—ã–º–∏
–ø—Ä–∏–∫–ª—é—á–µ–Ω–∏—è–º–∏. –í–æ–∑–º–æ–∂–Ω–æ, –≤–∞–º –æ–Ω–∏ –ø–æ–Ω—Ä–∞–≤—è—Ç—Å—è, –∏ –≤—ã —Å—Ç–∞–Ω–µ—Ç–µ –≤ –æ–¥–∏–Ω —Ä—è–¥ —Å –≥–µ—Ä–æ—è–º–∏
–¥–∞–≤–Ω–æ –º–∏–Ω—É–≤—à–∏—Ö –¥–Ω–µ–π.

[1;36m–ö–æ–º–Ω–∞—Ç—ã –æ—Ç–¥—ã—Ö–∞ [5000][0;37m
   –•–æ–∑—è–∏–Ω —É—Å—Ç—Ä–æ–∏–ª –∑–¥–µ—Å—å –∫–æ–º–Ω–∞—Ç—ã –¥–ª—è –æ—Ç–¥—ã—Ö–∞. –õ—é–±–æ–π –∂–µ–ª–∞—é—â–∏–π –º–æ–∂–µ—Ç –æ—Å—Ç–∞–Ω–æ–≤–∏—Ç—å—Å—è
–∑–¥–µ—Å—å –∏ –ø–µ—Ä–µ–¥–æ—Ö–Ω—É—Ç—å –ø–æ—Å–ª–µ –¥–∞–ª—å–Ω–µ–π –¥–æ—Ä–æ–≥–∏. –°–≤–µ—Ç–ª—ã–µ –≥–æ—Ä–Ω–∏—Ü—ã —Ç–∞–∫ –∏ –ø—Ä–∏–≥–ª–∞—à–∞—é—Ç
–ø—Ä–æ–π—Ç–∏ –≤ –Ω–∏—Ö –∏ —Ä–∞—Å—Ç—è–Ω—É—Ç—å—Å—è –Ω–∞ –ø–µ—Ä–∏–Ω–µ, –Ω–∞ –ø—É—Ö–æ–≤–æ–π –¥–∞ –∑–∞–±—ã—Ç—å—Å—è —Å–Ω–æ–º –±–æ–≥–∞—Ç—ã—Ä—Å–∫–∏–º.
–ó–¥–µ—Å—å –∂–µ –º–æ–∂–Ω–æ –ø–æ–¥–æ–∂–¥–∞—Ç—å —Å–≤–æ–∏—Ö –∫–æ–º–ø–∞–Ω—å–æ–Ω–æ–≤ –ø–µ—Ä–µ–¥ –¥–æ–ª–≥–æ–π –¥–æ—Ä–æ–≥–æ–π, –ø–æ–≥–æ–≤–æ—Ä–∏—Ç—å
–æ –¥–∞–ª—å–Ω–µ–π—à–∏—Ö –ø–ª–∞–Ω–∞—Ö.
[1;32m–°–æ–≤—Å–µ–º –º–∞–ª—ã—Ö, –¥–∞ –Ω–µ –æ–±—É—á–µ–Ω–Ω—ã—Ö —Ç–∞–∫ –∏ —Ç—è–Ω–µ—Ç [1;33m–≤–æ–π—Ç–∏ [1;32m–≤ [1;33m—à–∫–æ–ª—É[1;32m.[0;0m
[0;36m[ Exits: d ][0;37m
[1;33m–î–æ—Å–∫–∞ –¥–ª—è —Ä–∞–∑–ª–∏—á–Ω—ã—Ö –∑–∞–º–µ—Ç–æ–∫ –∏ –æ–±—ä—è–≤–ª–µ–Ω–∏–π –ø—Ä–∏–±–∏—Ç–∞ —Ç—É—Ç ..–±–ª–µ—Å—Ç–∏—Ç!
[1;31m–ú–µ—Å—Ç–Ω—ã–π –∂–∏—Ç–µ–ª—å –∏–¥–µ—Ç –∑–¥–µ—Å—å.
–ü–æ–ª—è–Ω–∏–Ω –î–æ—Ä–º–∞–Ω —Å—Ç–æ–∏—Ç –∑–¥–µ—Å—å. 
–•–æ–∑—è–π–∫–∞ –ø–æ—Å—Ç–æ—è–ª–æ–≥–æ –¥–≤–æ—Ä–∞ —Ä–∞—Å–ø–æ—Ä—è–∂–∞–µ—Ç—Å—è –∑–¥–µ—Å—å.
[0;0m
–î–µ—Ä–µ–≤–Ω—è —É —Ä–µ–∫–∏ (2-–∞—è —Ä–æ–¥–æ–≤–∞—è).

[0;32m276H[0;37m [0;32m118M[0;37m 13431–æ –ó–∞—É—á:0 –í—ã—Ö:v> ˇ˘–ü—Ä–æ—Å—Ç–æ–π —Ö–æ–ª—â–æ–≤—ã–π –º–µ—à–æ–∫ —Å –ª—è–º–∫–æ–π, —á—Ç–æ–± –≤–µ—à–∞—Ç—å –Ω–∞ –ø–ª–µ—á–æ.

–ú–æ–∂–Ω–æ –Ω–∞–¥–µ—Ç—å –Ω–∞ –ø–ª–µ—á–∏.
–ú–æ–∂–Ω–æ –Ω–∞–¥–µ—Ç—å –Ω–∞ –ø–æ—è—Å.
–°–æ—Å—Ç–æ—è–Ω–∏–µ: –∏–¥–µ–∞–ª—å–Ω–æ.
—Ö–æ–ª—â–æ–≤—ã–π –º–µ—à–æ–∫(–≤ –∞–º—É–Ω–∏—Ü–∏–∏)
–ó–∞–ø–æ–ª–Ω–µ–Ω —Å–æ–¥–µ—Ä–∂–∏–º—ã–º –º–µ–Ω—å—à–µ, —á–µ–º –Ω–∞ —á–µ—Ç–≤–µ—Ä—Ç—å :
–ª–æ–º–æ—Ç—å —Ö–ª–µ–±–∞ [4]

[0;32m276H[0;37m [0;32m118M[0;37m 13431–æ –ó–∞—É—á:0 –í—ã—Ö:v> ˇ˘
–ú–µ—Å—Ç–Ω—ã–π –∂–∏—Ç–µ–ª—å —É—à–µ–ª –≤–Ω–∏–∑.

[0;32m276H[0;37m [0;32m118M[0;37m 13431–æ –ó–∞—É—á:0 –í—ã—Ö:v> ˇ˘–ü–æ—Ö–æ–∂–µ, —ç—Ç–æ–≥–æ –∑–¥–µ—Å—å –Ω–µ—Ç!

[0;32m276H[0;37m [0;32m118M[0;37m 13431–æ –ó–∞—É—á:0 –í—ã—Ö:v> ˇ˘–ü—Ä–æ—Å—Ç–æ–π —Ö–æ–ª—â–æ–≤—ã–π –º–µ—à–æ–∫ —Å –ª—è–º–∫–æ–π, —á—Ç–æ–± –≤–µ—à–∞—Ç—å –Ω–∞ –ø–ª–µ—á–æ.

–ú–æ–∂–Ω–æ –Ω–∞–¥–µ—Ç—å –Ω–∞ –ø–ª–µ—á–∏.
–ú–æ–∂–Ω–æ –Ω–∞–¥–µ—Ç—å –Ω–∞ –ø–æ—è—Å.
–°–æ—Å—Ç–æ—è–Ω–∏–µ: –∏–¥–µ–∞–ª—å–Ω–æ.
—Ö–æ–ª—â–æ–≤—ã–π –º–µ—à–æ–∫(–≤ –∞–º—É–Ω–∏—Ü–∏–∏)
–ó–∞–ø–æ–ª–Ω–µ–Ω —Å–æ–¥–µ—Ä–∂–∏–º—ã–º –º–µ–Ω—å—à–µ, —á–µ–º –Ω–∞ —á–µ—Ç–≤–µ—Ä—Ç—å :
–ª–æ–º–æ—Ç—å —Ö–ª–µ–±–∞ [4]

[0;32m276H[0;37m [0;32m118M[0;37m 13431–æ –ó–∞—É—á:0 –í—ã—Ö:v> ˇ˘
–í—ã –≥–æ–ª–æ–¥–Ω—ã.
–í–∞—Å –º—É—á–∞–µ—Ç –∂–∞–∂–¥–∞.

[0;32m276H[0;37m [0;32m118M[0;37m 13431–æ –ó–∞—É—á:0 –í—ã—Ö:v> ˇ˘–•–æ–∑—è–π–∫–∞ —Å–∫–∞–∑–∞–ª–∞ –≤–∞–º : "–û–¥–µ—Ç—ã–π —Å–ø–∞—Ç—å –±—É–¥–µ—à—å? –•–º.. –ù—É —Å–º–æ—Ç—Ä–∏, —Ç–æ–≥–¥–∞ –¥–µ—à–µ–≤–ª–µ –≤–æ–∑—å–º—É"
[1;37m - 0 –∫—É–Ω (0 –µ—Å–ª–∏ —Å–Ω—è—Ç—å) –∑–∞ –ª–µ–≥–∫–∏–π –ª–∞—Ç–Ω—ã–π –¥–æ—Å–ø–µ—Ö [0;37m
[1;37m - 0 –∫—É–Ω (0 –µ—Å–ª–∏ —Å–Ω—è—Ç—å) –∑–∞ –ª–µ–≥–∫–∏–π –ª–∞—Ç–Ω—ã–π —à–ª–µ–º [0;37m
[1;37m - 0 –∫—É–Ω (0 –µ—Å–ª–∏ —Å–Ω—è—Ç—å) –∑–∞ –ª–µ–≥–∫–∏–µ –ª–∞—Ç–Ω—ã–µ –ø–æ–Ω–æ–∂–∏ [0;37m
[1;37m - 10 –∫—É–Ω (100 –µ—Å–ª–∏ —Å–Ω—è—Ç—å) –∑–∞ –¥—Ä–∞–Ω—ã–µ —Å–∞–ø–æ–≥–∏ [0;37m
[1;37m - 24 –∫—É–Ω—ã (240 –µ—Å–ª–∏ —Å–Ω—è—Ç—å) –∑–∞ —à–∫—É—Ä—É –º–µ–¥–≤–µ–¥—è [0;37m
[1;37m - 5 –∫—É–Ω (5 –µ—Å–ª–∏ —Å–Ω—è—Ç—å) –∑–∞ —Ö–æ–ª—â–æ–≤—ã–π –º–µ—à–æ–∫ [0;37m
[1;37m - 1 –∫—É–Ω–∞ (13 –µ—Å–ª–∏ —Å–Ω—è—Ç—å) –∑–∞ –±—Ä–æ–Ω–∑–æ–≤—ã–π –∫–∏—Å—Ç–µ–Ω—å [0;37m
[1;37m - 1 –∫—É–Ω–∞ (7 –µ—Å–ª–∏ —Å–Ω—è—Ç—å) –∑–∞ –±—Ä–æ–Ω–∑–æ–≤—ã–π —Å—Ç–∏–ª–µ—Ç [0;37m
–•–æ–∑—è–π–∫–∞ —Å–∫–∞–∑–∞–ª–∞ –≤–∞–º : "–≠—Ç–æ —è –≤ —á—É–ª–∞–Ω–µ –∑–∞–ø—Ä—É:"
 - 30 –∫—É–Ω (3 –µ—Å–ª–∏ –Ω–∞–¥–µ—Ç—å) –∑–∞ —Ä—ã–±—å—é –∫–æ—Å—Ç—å 
 - 2 –∫—É–Ω—ã –∑–∞ –º–∞–ª—ã–π –º–µ—Ö 
 - 1 –∫—É–Ω–∞ –∑–∞ –∫—Ä—ã–Ω–∫—É —Å –º–æ–ª–æ–∫–æ–º 
 - 0 –∫—É–Ω –∑–∞ –ª–æ–º–æ—Ç—å —Ö–ª–µ–±–∞ [4] 
–•–æ–∑—è–π–∫–∞ —Å–∫–∞–∑–∞–ª–∞ –≤–∞–º : "–í —Å—É–º–º–µ —ç—Ç–æ —Å–æ—Å—Ç–∞–≤–∏—Ç 74 –∫—É–Ω—ã –≤ –¥–µ–Ω—å ."
–•–æ–∑—è–π–∫–∞ —Å–∫–∞–∑–∞–ª–∞ –≤–∞–º : "–¢–∞–∫ —É–∂ –∏ –±—ã—Ç—å, —è —Å–∫–æ—â—É —Ç–µ–±–µ –ø–æ–ª–æ–≤–∏–Ω—É."
–•–æ–∑—è–π–∫–∞ —Å–∫–∞–∑–∞–ª–∞ –≤–∞–º :

"–ü–æ—Å—Ç–æ–π –æ–±–æ–π–¥–µ—Ç—Å—è —Ç–µ–±–µ –≤ 37 –∫—É–Ω."
"–¢–≤–æ–∏—Ö –¥–µ–Ω–µ–≥ —Ö–≤–∞—Ç–∏—Ç –Ω–∞ 37 –¥–Ω–µ–π."
–•–æ–∑—è–π–∫–∞ –∑–∞–ø–µ—Ä–ª–∞ –≤–∞—à–∏ –≤–µ—â–∏ –≤ —Å—É–Ω–¥—É–∫ –∏ –ø–æ–≤–µ–ª–∞ –≤ —Ç–µ—Å–Ω—É—é –∫–∞–º–æ—Ä–∫—É.

0) –û—Ç—Å–æ–µ–¥–∏–Ω–∏—Ç—å—Å—è.
1) –ù–∞—á–∞—Ç—å –∏–≥—Ä—É.
2) –í–≤–µ—Å—Ç–∏ –æ–ø–∏—Å–∞–Ω–∏–µ –≤–∞—à–µ–≥–æ –ø–µ—Ä—Å–æ–Ω–∞–∂–∞.
3) –£–∑–Ω–∞—Ç—å –∏—Å—Ç–æ—Ä–∏—é.
4) –ò–∑–º–µ–Ω–∏—Ç—å –ø–∞—Ä–æ–ª—å.
5) –£–¥–∞–ª–∏—Ç—å –ø–µ—Ä—Å–æ–Ω–∞–∂–∞.
6) –ò–∑–º–µ–Ω–∏—Ç—å –ø–∞—Ä–∞–º–µ—Ç—Ä—ã –ø–µ—Ä—Å–æ–Ω–∞–∂–∞.
7) –í–∫–ª—é—á–∏—Ç—å/–≤—ã–∫–ª—é—á–∏—Ç—å —Ä–µ–∂–∏–º —Å–ª–µ–ø–æ–≥–æ –∏–≥—Ä–æ–∫–∞.
8) –ü–æ—Å–º–æ—Ç—Ä–µ—Ç—å –≤—Å–µ—Ö –ø–µ—Ä—Å–æ–Ω–∞–∂–µ–π –Ω–∞ –¥–∞–Ω–Ω–æ–º email'e.

   –ß–µ–≥–æ –≤–∞—à–∞ –¥—É—à–∞ –∂–µ–ª–∞–µ—Ç? ˇ˘
–î–æ –≤—Å—Ç—Ä–µ—á–∏ –Ω–∞ –∑–µ–º–ª–µ –ö–∏–µ–≤—Å–∫–æ–π.
–í —Å–ª—É—á–∞–µ –≤–∞—à–µ–≥–æ –æ—Ç—Å—É—Ç—Å—Ç–≤–∏—è –ø–µ—Ä—Å–æ–Ω–∞–∂ –±—É–¥–µ—Ç —Ö—Ä–∞–Ω–∏—Ç—å—Å—è –¥–æ 23:47:40 23 –ê–ø—Ä–µ–ª—è 2020 –≥–æ–¥–∞ –Ω–∞—à–µ–π —ç—Ä—ã :).
ˇ˘