ˇ˚Eˇ˚Vˇ˚U
Online: 136

Using keytable
  0) Koi-8
  1) Alt
  2) Windows(JMC,MMC)
  3) Windows(zMUD)
  4) Windows(zMUD 'z')
  5) UTF-8
  6) Windows(zMUD <6.39)
  9) TECT...
Select one :     
 -----------------------------------------------------------------------------                   
          Based On CircleMUD v3.0   Created by Jeremy Elson,   
          DikuMUD Gamma 0.0  by Sebastian Hammer, Michael Seifert, 
          Hans Henrik Staerfeldt, Tom Madsen, Katja Nyboe
 _____________________________________________________________________________

    #######
    ##    
    ##        ####    ####      ####  ####  ####  ####  ####  ####    ####
    #######    ######  ##     ## ##    ##  ####    ##    ##    ######  ##
    ##    ##   ##   ## ##    ##  ##    ####  ##    ########    ##   ## ##
    ##    ##   ##   ## ##    ##  ##    ###   ##    ##    ##    ##   ## ##
    #######   ####### ####  ###  ###  ####  ####  ####  ####  ####### ####

                   –ü–û –ü–†–ï–î–ê–ù–ò–Ø–ú –†–£–°–°–ö–ò–• –ù–ê–†–û–î–ù–´–• –°–ö–ê–ó–û–ö –ò –ë–´–õ–ò–ù.

             –ü–æ –∞–¥–º–∏–Ω–∏—Å—Ç—Ä–∞—Ç–∏–≤–Ω—ã–º –≤–æ–ø—Ä–æ—Å–∞–º –º–æ–∂–µ—Ç–µ —Å–≤—è–∑–∞—Ç—å—Å—è —Å –°—Ç—Ä–∏–±–æ–≥–æ–º
                	     e-mail: stribog@bylins.su

                       –ü–æ—Å–µ—Ç–∏—Ç–µ –Ω–∞—à —Å–∞–π—Ç: www.bylins.su
    –î–ª—è –±–æ–ª–µ–µ –ø–æ–¥—Ä–æ–±–Ω–æ–π –∏–≥—Ä–æ–≤–æ–π –∏–Ω—Ñ–æ—Ä–º–∞—Ü–∏–∏ –ø–æ—Å–µ—Ç–∏—Ç–µ www.bylins.su/?newbies

–í–≤–µ–¥–∏—Ç–µ –∏–º—è –ø–µ—Ä—Å–æ–Ω–∞–∂–∞ (–∏–ª–∏ "–Ω–æ–≤—ã–π" –¥–ª—è —Å–æ–∑–¥–∞–Ω–∏—è –Ω–æ–≤–æ–≥–æ): –ü–µ—Ä—Å–æ–Ω–∞–∂ —Å —Ç–∞–∫–∏–º –∏–º–µ–Ω–µ–º —É–∂–µ —Å—É—â–µ—Å—Ç–≤—É–µ—Ç. –í–≤–µ–¥–∏—Ç–µ –ø–∞—Ä–æ–ª—å : ˇ˘

–ü–æ—Å–ª–µ–¥–Ω–∏–π —Ä–∞–∑ –≤—ã –∑–∞—Ö–æ–¥–∏–ª–∏ –∫ –Ω–∞–º –≤ 11:59:17 17 –§–µ–≤—Ä–∞–ª—è 2020 –≥–æ–¥–∞ —Å –∞–¥—Ä–µ—Å–∞ (69.181.167.66).

* –í —Å–≤—è–∑–∏ —Å –ø—Ä–æ–±–ª–µ–º–∞–º–∏ –ø–µ—Ä–µ–≤–æ–¥–∞ —Ñ—Ä–∞–∑—ã ANYKEY –Ω–∞–∂–º–∏—Ç–µ ENTER *ˇ˘
  –î–æ–±—Ä–æ –ø–æ–∂–∞–ª–æ–≤–∞—Ç—å –Ω–∞ –∑–µ–º–ª—é –ö–∏–µ–≤—Å–∫—É—é, –±–æ–≥–∞—Ç—É—é –∏—Å—Ç–æ—Ä–∏–µ–π –∏ —Å–∞–º—ã–º–∏ –Ω–µ–≤–µ—Ä–æ—è—Ç–Ω—ã–º–∏
–ø—Ä–∏–∫–ª—é—á–µ–Ω–∏—è–º–∏. –í–æ–∑–º–æ–∂–Ω–æ, –≤–∞–º –æ–Ω–∏ –ø–æ–Ω—Ä–∞–≤—è—Ç—Å—è, –∏ –≤—ã —Å—Ç–∞–Ω–µ—Ç–µ –≤ –æ–¥–∏–Ω —Ä—è–¥ —Å –≥–µ—Ä–æ—è–º–∏
–¥–∞–≤–Ω–æ –º–∏–Ω—É–≤—à–∏—Ö –¥–Ω–µ–π.

[1;37m–í—ã –Ω–∞—Ö–æ–¥–∏–ª–∏—Å—å –Ω–∞ –ø–æ—Å—Ç–æ–µ 0.02 –¥–Ω–µ–π.
–° –≤–∞—Å —Å–æ–¥—Ä–∞–ª–∏ 5 –∫—É–Ω –∑–∞ –ø–æ—Å—Ç–æ–π (280 –∫—É–Ω –≤ –¥–µ–Ω—å).[0;37m
[1;36m–ì–æ—Å—Ç–∏–Ω—ã–π –¥–≤–æ—Ä [4056][0;37m
   –ü–æ—Å–ª–µ –¥–æ—Ä–æ–≥–∏ –¥–∞–ª—å–Ω–µ–π, –ø–æ—Å–∏–¥–µ–≤ –∑–∞ —á–∞—Ä–æ–π –∑–µ–ª–µ–Ω–∞ –≤–∏–Ω–∞, –¥–∞ –ø–æ–≥—É—Ç–∞—Ä–∏–≤ —Å–æ
–¥—Ä—É–∑—å—è–º–∏ - —Ç–æ–≤–∞—Ä–∏—â–∞–º–∏ –æ –ø–æ–¥–≤–∏–≥–∞—Ö —Ä–∞—Ç–Ω—ã—Ö –¥–∞ –æ –¥–µ–≤–∏—Ü–∞—Ö –∫—Ä–∞—Å–Ω—ã—Ö, –Ω–µ—Ç –Ω–∏—á–µ–≥–æ
–∫—Ä–∞—à–µ, —á–µ–º —Ä–∞—Å—Ç—è–Ω—É—Ç—å—Å—è –Ω–∞ –ø–µ—Ä–∏–Ω–µ, –Ω–∞ –ø—É—Ö–æ–≤–æ–π –¥–∞ –∑–∞–±—ã—Ç—å—Å—è —Å–Ω–æ–º –±–æ–≥–∞—Ç—ã—Ä—Å–∫–∏–º.
–í–æ—Ç –∏ –æ–±–ª—é–±–æ–≤–∞–ª–∏ —Å–µ–±–µ —Å–µ–π –¥–≤–æ—Ä –ø–æ—Å–ª—ã –¥–∞–ª—å–Ω–µ–∑–µ–º–Ω—ã–µ, –¥–∞ –±–æ–≥–∞—Ç—ã—Ä–∏ –∑–∞–µ–∑–∂–∏–µ –¥–ª—è 
–æ—Ç–¥–æ—Ö–Ω–æ–≤–µ–Ω–∏—è –æ—Ç –∑–∞–±–æ—Ç –∏ —Å—É–µ—Ç –º–∏—Ä—Å–∫–∏—Ö.
[1;32m–°–æ–≤—Å–µ–º –º–∞–ª—ã—Ö, –¥–∞ –Ω–µ–æ–±—É—á–µ–Ω–Ω—ã—Ö —Ç–∞–∫ –∏ —Ç—è–Ω–µ—Ç [1;33m–≤–æ–π—Ç–∏ [1;32m–≤ [1;33m—à–∫–æ–ª—É[1;32m.[0;0m
[0;36m[ Exits: e ][0;37m
[1;33m–î–æ—Å–∫–∞ –¥–ª—è —Ä–∞–∑–ª–∏—á–Ω—ã—Ö –∑–∞–º–µ—Ç–æ–∫ –∏ –æ–±—ä—è–≤–ª–µ–Ω–∏–π –ø—Ä–∏–±–∏—Ç–∞ —Ç—É—Ç ..–±–ª–µ—Å—Ç–∏—Ç!
[1;31m–ö—Ä–µ–ø–∫–∏–π –ø–ª–µ—á–∏—Å—Ç—ã–π –∫—Ä–µ—Å—Ç—å—è–Ω–∏–Ω –≤ –Ω–∞—Ä—è–¥–Ω–æ–π –æ–¥–µ–∂–¥–µ –∏–¥–µ—Ç –ø–æ —É–ª–∏—Ü–µ.
–í–µ—Å–µ–ª—ã–π –¢–∞—Ä–∞–∫–∞–Ω –°–∏–Ω–∏–≥–æ—Ä —Å—Ç–æ–∏—Ç –∑–¥–µ—Å—å. 
–•–æ–∑—è–∏–Ω –ø–æ—Å—Ç–æ—è–ª–æ–≥–æ –¥–≤–æ—Ä–∞ —Å –∏–Ω—Ç–µ—Ä–µ—Å–æ–º —Ä–∞—Å—Å–º–∞—Ç—Ä–∏–≤–∞–µ—Ç –í–∞—Å.
[0;0m
–õ–µ—Å–Ω–∞—è –¥–µ—Ä–µ–≤–Ω—è (1-–∞—è —Ä–æ–¥–æ–≤–∞—è).

[0;32m436H[0;37m [0;32m138M[0;37m 284353–æ –ó–∞—É—á:0 –í—ã—Ö:–í> ˇ˘
–ü–æ–º–æ—â–Ω–∏–∫ –¥–µ—Ä–µ–≤–µ–Ω—Å–∫–æ–≥–æ —Å—Ç–∞—Ä–æ—Å—Ç—ã —É—à–µ–ª –Ω–∞ –≤–æ—Å—Ç–æ–∫.

[0;32m441H[0;37m [0;32m138M[0;37m 284353–æ –ó–∞—É—á:0 –í—ã—Ö:–í> ˇ˘
[1;31m–ú–∏–Ω—É–ª —á–∞—Å.[0;37m

[0;32m441H[0;37m [0;32m138M[0;37m 284353–æ –ó–∞—É—á:0 –í—ã—Ö:–í> ˇ˘
–í—ã –≥–æ–ª–æ–¥–Ω—ã.

[0;32m441H[0;37m [0;32m138M[0;37m 284353–æ –ó–∞—É—á:0 –í—ã—Ö:–í> ˇ˘–•–æ–∑—è–∏–Ω —Å–∫–∞–∑–∞–ª –≤–∞–º : "–û–¥–µ—Ç—ã–π —Å–ø–∞—Ç—å –±—É–¥–µ—à—å? –•–º.. –ù—É —Å–º–æ—Ç—Ä–∏, —Ç–æ–≥–¥–∞ –¥–µ—à–µ–≤–ª–µ –≤–æ–∑—å–º—É"
[1;37m - 1 –∫—É–Ω–∞ (15 –µ—Å–ª–∏ —Å–Ω—è—Ç—å) –∑–∞ —Ä–∞–∫–æ–≤–∏–Ω—É —É–ª–∏—Ç–∫–∏ [0;37m
[1;37m - 20 –∫—É–Ω (200 –µ—Å–ª–∏ —Å–Ω—è—Ç—å) –∑–∞ –æ–±—Å–∏–¥–∏–∞–Ω–æ–≤–æ–µ –∫–æ–ª—å—Ü–æ [0;37m
[1;37m - 0 –∫—É–Ω (0 –µ—Å–ª–∏ —Å–Ω—è—Ç—å) –∑–∞ –ª–µ–≥–∫–∏–π –ª–∞—Ç–Ω—ã–π –¥–æ—Å–ø–µ—Ö [0;37m
[1;37m - 40 –∫—É–Ω (4 –µ—Å–ª–∏ —Å–Ω—è—Ç—å) –∑–∞ –¥—ã—Ä—è–≤—É—é —à–ª—è–ø—É [0;37m
[1;37m - 0 –∫—É–Ω (0 –µ—Å–ª–∏ —Å–Ω—è—Ç—å) –∑–∞ –ª–µ–≥–∫–∏–µ –ª–∞—Ç–Ω—ã–µ –ø–æ–Ω–æ–∂–∏ [0;37m
[1;37m - 10 –∫—É–Ω (100 –µ—Å–ª–∏ —Å–Ω—è—Ç—å) –∑–∞ –¥—Ä–∞–Ω—ã–µ —Å–∞–ø–æ–≥–∏ [0;37m
[1;37m - 3 –∫—É–Ω—ã (50 –µ—Å–ª–∏ —Å–Ω—è—Ç—å) –∑–∞ –º–µ—Ö–æ–≤—ã–µ —Ä—É–∫–∞–≤–∏—Ü—ã [0;37m
[1;37m - 24 –∫—É–Ω—ã (240 –µ—Å–ª–∏ —Å–Ω—è—Ç—å) –∑–∞ —à–∫—É—Ä—É –º–µ–¥–≤–µ–¥—è [0;37m
[1;37m - 5 –∫—É–Ω (5 –µ—Å–ª–∏ —Å–Ω—è—Ç—å) –∑–∞ —Ö–æ–ª—â–æ–≤—ã–π –º–µ—à–æ–∫ [0;37m
[1;37m - 10 –∫—É–Ω (100 –µ—Å–ª–∏ —Å–Ω—è—Ç—å) –∑–∞ —Ö–æ—Ö–æ–ª–æ–∫ –∫—É–∫—É—à–∫–∏ [0;37m
[1;37m - 10 –∫—É–Ω (100 –µ—Å–ª–∏ —Å–Ω—è—Ç—å) –∑–∞ —Ö–æ—Ö–æ–ª–æ–∫ –∫—É–∫—É—à–∫–∏ [0;37m
[1;37m - 120 –∫—É–Ω (300 –µ—Å–ª–∏ —Å–Ω—è—Ç—å) –∑–∞ –º–µ—á —Ñ—Ä–∞–Ω–∫—Å–∫–æ–π –∫–æ–≤–∫–∏ [0;37m
[1;37m - 1 –∫—É–Ω–∞ (7 –µ—Å–ª–∏ —Å–Ω—è—Ç—å) –∑–∞ –±—Ä–æ–Ω–∑–æ–≤—ã–π —Å—Ç–∏–ª–µ—Ç [0;37m
–•–æ–∑—è–∏–Ω —Å–∫–∞–∑–∞–ª –≤–∞–º : "–≠—Ç–æ —è –≤ —á—É–ª–∞–Ω–µ –∑–∞–ø—Ä—É:"
 - 1 –∫—É–Ω–∞ (1 –µ—Å–ª–∏ –Ω–∞–¥–µ—Ç—å) –∑–∞ —Å–≤–µ—á–∫—É 
 - 2 –∫—É–Ω—ã –∑–∞ –º–∞–ª—ã–π –º–µ—Ö 
 - 0 –∫—É–Ω –∑–∞ –∑–µ–ª–µ–Ω—É—é –∫–æ–ª–±–æ—á–∫—É [3] 
 - 0 –∫—É–Ω –∑–∞ —Å–µ—Ä—É—é –∫–æ–ª–±–æ—á–∫—É [3] 
 - 0 –∫—É–Ω –∑–∞ –≥–æ–ª—É–±—É—é –∫–æ–ª–±–æ—á–∫—É 
 - 0 –∫—É–Ω –∑–∞ –±–µ–ª—É—é –∫–æ–ª–±–æ—á–∫—É [2] 
 - 0 –∫—É–Ω –∑–∞ –∫–æ—Ä–∏—á–Ω–µ–≤—É—é –∫–æ–ª–±–æ—á–∫—É [2] 
 - 1 –∫—É–Ω–∞ (1 –µ—Å–ª–∏ –Ω–∞–¥–µ—Ç—å) –∑–∞ —Å–≤–µ—á–∫—É 
–•–æ–∑—è–∏–Ω —Å–∫–∞–∑–∞–ª –≤–∞–º : "–ò –µ—â–µ 32 –∫—É–Ω—ã –º–Ω–µ –Ω–∞ —Å–±–∏—Ç–µ–Ω—å —Å –º–µ–¥–æ–≤—É—Ö–æ–π :)"
–•–æ–∑—è–∏–Ω —Å–∫–∞–∑–∞–ª –≤–∞–º : "–í —Å—É–º–º–µ —ç—Ç–æ —Å–æ—Å—Ç–∞–≤–∏—Ç 280 –∫—É–Ω –≤ –¥–µ–Ω—å ."
–•–æ–∑—è–∏–Ω —Å–∫–∞–∑–∞–ª –≤–∞–º :

"–ü–æ—Å—Ç–æ–π –æ–±–æ–π–¥–µ—Ç—Å—è —Ç–µ–±–µ –≤ 280 –∫—É–Ω."
"–¢–≤–æ–∏—Ö –¥–µ–Ω–µ–≥ —Ö–≤–∞—Ç–∏—Ç –Ω–∞ 11 –¥–Ω–µ–π."
–•–æ–∑—è–∏–Ω –∑–∞–ø–µ—Ä –≤–∞—à–∏ –≤–µ—â–∏ –≤ —Å—É–Ω–¥—É–∫ –∏ –ø–æ–≤–µ–ª –≤ —Ç–µ—Å–Ω—É—é –∫–∞–º–æ—Ä–∫—É.

0) –û—Ç—Å–æ–µ–¥–∏–Ω–∏—Ç—å—Å—è.
1) –ù–∞—á–∞—Ç—å –∏–≥—Ä—É.
2) –í–≤–µ—Å—Ç–∏ –æ–ø–∏—Å–∞–Ω–∏–µ –≤–∞—à–µ–≥–æ –ø–µ—Ä—Å–æ–Ω–∞–∂–∞.
3) –£–∑–Ω–∞—Ç—å –∏—Å—Ç–æ—Ä–∏—é.
4) –ò–∑–º–µ–Ω–∏—Ç—å –ø–∞—Ä–æ–ª—å.
5) –£–¥–∞–ª–∏—Ç—å –ø–µ—Ä—Å–æ–Ω–∞–∂–∞.
6) –ò–∑–º–µ–Ω–∏—Ç—å –ø–∞—Ä–∞–º–µ—Ç—Ä—ã –ø–µ—Ä—Å–æ–Ω–∞–∂–∞.
7) –í–∫–ª—é—á–∏—Ç—å/–≤—ã–∫–ª—é—á–∏—Ç—å —Ä–µ–∂–∏–º —Å–ª–µ–ø–æ–≥–æ –∏–≥—Ä–æ–∫–∞.
8) –ü–æ—Å–º–æ—Ç—Ä–µ—Ç—å –≤—Å–µ—Ö –ø–µ—Ä—Å–æ–Ω–∞–∂–µ–π –Ω–∞ –¥–∞–Ω–Ω–æ–º email'e.

   –ß–µ–≥–æ –≤–∞—à–∞ –¥—É—à–∞ –∂–µ–ª–∞–µ—Ç? ˇ˘
–î–æ –≤—Å—Ç—Ä–µ—á–∏ –Ω–∞ –∑–µ–º–ª–µ –ö–∏–µ–≤—Å–∫–æ–π.
–í —Å–ª—É—á–∞–µ –≤–∞—à–µ–≥–æ –æ—Ç—Å—É—Ç—Å—Ç–≤–∏—è –ø–µ—Ä—Å–æ–Ω–∞–∂ –±—É–¥–µ—Ç —Ö—Ä–∞–Ω–∏—Ç—å—Å—è –¥–æ 13:10:07  8 –ò—é–Ω—è 2020 –≥–æ–¥–∞ –Ω–∞—à–µ–π —ç—Ä—ã :).
ˇ˘