ˇ˚Eˇ˚Vˇ˚U
Online: 126

Using keytable
  0) Koi-8
  1) Alt
  2) Windows(JMC,MMC)
  3) Windows(zMUD)
  4) Windows(zMUD 'z')
  5) UTF-8
  6) Windows(zMUD <6.39)
  9) TECT...
Select one :     
 -----------------------------------------------------------------------------                   
          Based On CircleMUD v3.0   Created by Jeremy Elson,   
          DikuMUD Gamma 0.0  by Sebastian Hammer, Michael Seifert, 
          Hans Henrik Staerfeldt, Tom Madsen, Katja Nyboe
 _____________________________________________________________________________

    #######
    ##    
    ##        ####    ####      ####  ####  ####  ####  ####  ####    ####
    #######    ######  ##     ## ##    ##  ####    ##    ##    ######  ##
    ##    ##   ##   ## ##    ##  ##    ####  ##    ########    ##   ## ##
    ##    ##   ##   ## ##    ##  ##    ###   ##    ##    ##    ##   ## ##
    #######   ####### ####  ###  ###  ####  ####  ####  ####  ####### ####

                   –ü–û –ü–†–ï–î–ê–ù–ò–Ø–ú –†–£–°–°–ö–ò–• –ù–ê–†–û–î–ù–´–• –°–ö–ê–ó–û–ö –ò –ë–´–õ–ò–ù.

             –ü–æ –∞–¥–º–∏–Ω–∏—Å—Ç—Ä–∞—Ç–∏–≤–Ω—ã–º –≤–æ–ø—Ä–æ—Å–∞–º –º–æ–∂–µ—Ç–µ —Å–≤—è–∑–∞—Ç—å—Å—è —Å –°—Ç—Ä–∏–±–æ–≥–æ–º
                	     e-mail: stribog@bylins.su

                       –ü–æ—Å–µ—Ç–∏—Ç–µ –Ω–∞—à —Å–∞–π—Ç: www.bylins.su
    –î–ª—è –±–æ–ª–µ–µ –ø–æ–¥—Ä–æ–±–Ω–æ–π –∏–≥—Ä–æ–≤–æ–π –∏–Ω—Ñ–æ—Ä–º–∞—Ü–∏–∏ –ø–æ—Å–µ—Ç–∏—Ç–µ www.bylins.su/?newbies

–í–≤–µ–¥–∏—Ç–µ –∏–º—è –ø–µ—Ä—Å–æ–Ω–∞–∂–∞ (–∏–ª–∏ "–Ω–æ–≤—ã–π" –¥–ª—è —Å–æ–∑–¥–∞–Ω–∏—è –Ω–æ–≤–æ–≥–æ): –ü–µ—Ä—Å–æ–Ω–∞–∂ —Å —Ç–∞–∫–∏–º –∏–º–µ–Ω–µ–º —É–∂–µ —Å—É—â–µ—Å—Ç–≤—É–µ—Ç. –í–≤–µ–¥–∏—Ç–µ –ø–∞—Ä–æ–ª—å : ˇ˘
–ü–µ—Ä–µ—Å–æ–µ–¥–∏–Ω—è–µ–º—Å—è.

[0;32m463H[0;37m [0;32m142M[0;37m 18201–æ –ó–∞—É—á:0 –í—ã—Ö:–°–í–ó> ˇ˘[1;36m–î–æ—Ä–æ–∂–∫–∞ [6700][0;37m
   –î–æ—Ä–æ–∂–∫–∞ –ø–µ—Ä–µ—Å–µ–∫–∞–µ—Ç —à–∏—Ä–æ–∫–æ–µ –ø–æ–ª–µ –∏ —Å–æ–µ–¥–∏–Ω—è–µ—Ç —Å–æ—Å–µ–¥–Ω–∏–µ –¥–µ—Ä–µ–≤—É—à–∫–∏. –ò–∑—Ä–µ–¥–∫–∞
–≤—Å—Ç—Ä–µ—á–∞—é—Ç—Å—è –æ–¥–∏–Ω–æ–∫–∏–µ –ø—É—Ç–Ω–∏–∫–∏, –±—Ä–µ–¥—É—â–∏–µ –≤ –Ω–µ–≤–µ–¥–æ–º—É—é –¥–∞–ª—å. –°—Ç–µ–ø–Ω—ã–µ –∑–≤–µ—Ä—å–∫–∏
—Å–ø–æ–∫–æ–π–Ω–æ –±–µ–≥–∞—é—Ç –ø–æ –¥–æ—Ä–æ–≥–µ –Ω–∏—Å–∫–æ–ª—å–∫–æ –Ω–µ –±–æ—è—Å—å —á–µ–ª–æ–≤–µ–∫–∞. –î–æ—Ä–æ–∂–∫–∞ —Ç—è–Ω–µ—Ç—Å—è
–Ω–∞ –≤–æ—Å—Ç–æ–∫.
[0;36m[ Exits: n e W ][0;37m
[1;33m[1;31m[0;0m
[0;32m463H[0;37m [0;32m142M[0;37m 18201–æ –ó–∞—É—á:0 –í—ã—Ö:–°–í–ó> ˇ˘[1;36m–î–æ—Ä–æ–∂–∫–∞ [6700][0;37m
   –î–æ—Ä–æ–∂–∫–∞ –ø–µ—Ä–µ—Å–µ–∫–∞–µ—Ç —à–∏—Ä–æ–∫–æ–µ –ø–æ–ª–µ –∏ —Å–æ–µ–¥–∏–Ω—è–µ—Ç —Å–æ—Å–µ–¥–Ω–∏–µ –¥–µ—Ä–µ–≤—É—à–∫–∏. –ò–∑—Ä–µ–¥–∫–∞
–≤—Å—Ç—Ä–µ—á–∞—é—Ç—Å—è –æ–¥–∏–Ω–æ–∫–∏–µ –ø—É—Ç–Ω–∏–∫–∏, –±—Ä–µ–¥—É—â–∏–µ –≤ –Ω–µ–≤–µ–¥–æ–º—É—é –¥–∞–ª—å. –°—Ç–µ–ø–Ω—ã–µ –∑–≤–µ—Ä—å–∫–∏
—Å–ø–æ–∫–æ–π–Ω–æ –±–µ–≥–∞—é—Ç –ø–æ –¥–æ—Ä–æ–≥–µ –Ω–∏—Å–∫–æ–ª—å–∫–æ –Ω–µ –±–æ—è—Å—å —á–µ–ª–æ–≤–µ–∫–∞. –î–æ—Ä–æ–∂–∫–∞ —Ç—è–Ω–µ—Ç—Å—è
–Ω–∞ –≤–æ—Å—Ç–æ–∫.
[0;36m[ Exits: n e W ][0;37m
[1;33m[1;31m[0;0m
[0;32m463H[0;37m [0;32m142M[0;37m 18201–æ –ó–∞—É—á:0 –í—ã—Ö:–°–í–ó> ˇ˘–í—ã –ø–æ–ø–ª–µ–ª–∏—Å—å –Ω–∞ –∑–∞–ø–∞–¥.
[1;36m–ù–∞ –¥–æ—Ä–æ–≥–µ —É –¥–µ—Ä–µ–≤–Ω–∏ [6048][0;37m
   –ß—É—Ç—å —é–∂–Ω–µ–µ —Ä–∞—Å–ø–æ–ª–æ–∂–µ–Ω—ã –≤–æ—Ä–æ—Ç–∞, –≤–µ–¥—É—â–∏–µ –≤ —Å—Ç–µ–ø–Ω—É—é –¥–µ—Ä–µ–≤–Ω—é. –ù–∞ –≤–æ—Å—Ç–æ–∫ —É—Ö–æ–¥–∏—Ç
—Å—Ç–µ–ø–Ω–∞—è –¥–æ—Ä–æ–≥–∞. –î–æ—Ä–æ–≥–∞ –ø—Ä—è–º–æ –≤–µ–¥–µ—Ç –∫ –±–ª–∏–∂–∞–π—à–µ–º—É –ø—Ä–∏–ª–µ—Å–∫—É.
[0;36m[ Exits: E s ][0;37m
[1;33m[1;31m[0;0m
–°—Ç–µ–ø–Ω–∞—è –¥–µ—Ä–µ–≤–Ω—è (3-—è —Ä–æ–¥–æ–≤–∞—è).

[0;32m463H[0;37m [0;32m141M[0;37m 18201–æ –ó–∞—É—á:0 –í—ã—Ö:–í–Æ> ˇ˘–í—ã –ø–æ–ø–ª–µ–ª–∏—Å—å –Ω–∞ –≤–æ—Å—Ç–æ–∫.
[1;36m–î–æ—Ä–æ–∂–∫–∞ [6700][0;37m
   –î–æ—Ä–æ–∂–∫–∞ –ø–µ—Ä–µ—Å–µ–∫–∞–µ—Ç —à–∏—Ä–æ–∫–æ–µ –ø–æ–ª–µ –∏ —Å–æ–µ–¥–∏–Ω—è–µ—Ç —Å–æ—Å–µ–¥–Ω–∏–µ –¥–µ—Ä–µ–≤—É—à–∫–∏. –ò–∑—Ä–µ–¥–∫–∞
–≤—Å—Ç—Ä–µ—á–∞—é—Ç—Å—è –æ–¥–∏–Ω–æ–∫–∏–µ –ø—É—Ç–Ω–∏–∫–∏, –±—Ä–µ–¥—É—â–∏–µ –≤ –Ω–µ–≤–µ–¥–æ–º—É—é –¥–∞–ª—å. –°—Ç–µ–ø–Ω—ã–µ –∑–≤–µ—Ä—å–∫–∏
—Å–ø–æ–∫–æ–π–Ω–æ –±–µ–≥–∞—é—Ç –ø–æ –¥–æ—Ä–æ–≥–µ –Ω–∏—Å–∫–æ–ª—å–∫–æ –Ω–µ –±–æ—è—Å—å —á–µ–ª–æ–≤–µ–∫–∞. –î–æ—Ä–æ–∂–∫–∞ —Ç—è–Ω–µ—Ç—Å—è
–Ω–∞ –≤–æ—Å—Ç–æ–∫.
[0;36m[ Exits: n e W ][0;37m
[1;33m[1;31m[0;0m
–°—Ç–µ–ø—å —É –¥–µ—Ä–µ–≤–Ω–∏ (—Å—Ä–µ–¥–Ω–∏–π —É—Ä–æ–≤–µ–Ω—å: 4).

[0;32m463H[0;37m [0;32m141M[0;37m 18201–æ –ó–∞—É—á:0 –í—ã—Ö:–°–í–ó> ˇ˘–í—ã –ø–æ–ø–ª–µ–ª–∏—Å—å –Ω–∞ –≤–æ—Å—Ç–æ–∫.
[1;36m–î–æ—Ä–æ–∂–∫–∞ [6701][0;37m
   –î–æ—Ä–æ–∂–∫–∞ –ø–µ—Ä–µ—Å–µ–∫–∞–µ—Ç —à–∏—Ä–æ–∫–æ–µ –ø–æ–ª–µ –∏ —Å–æ–µ–¥–∏–Ω—è–µ—Ç —Å–æ—Å–µ–¥–Ω–∏–µ –¥–µ—Ä–µ–≤—É—à–∫–∏. –ò–∑—Ä–µ–¥–∫–∞
–≤—Å—Ç—Ä–µ—á–∞—é—Ç—Å—è –æ–¥–∏–Ω–æ–∫–∏–µ –ø—É—Ç–Ω–∏–∫–∏, –±—Ä–µ–¥—É—â–∏–µ –≤ –Ω–µ–≤–µ–¥–æ–º—É—é –¥–∞–ª—å. –°—Ç–µ–ø–Ω—ã–µ –∑–≤–µ—Ä—å–∫–∏
—Å–ø–æ–∫–æ–π–Ω–æ –±–µ–≥–∞—é—Ç –ø–æ –¥–æ—Ä–æ–≥–µ –Ω–∏—Å–∫–æ–ª—å–∫–æ –Ω–µ –±–æ—è—Å—å —á–µ–ª–æ–≤–µ–∫–∞. –î–æ—Ä–æ–∂–∫–∞ —Ç—è–Ω–µ—Ç—Å—è —Å
–∑–∞–ø–∞–¥–∞ –Ω–∞ —Å–µ–≤–µ—Ä.
[0;36m[ Exits: n e s w ][0;37m
[1;33m[1;31m(–ª–µ—Ç–∏—Ç) –ß–µ—Ä–Ω—ã–π —à–º–µ–ª—å –ª–µ—Ç–∞–µ—Ç –æ—Ç —Ü–≤–µ—Ç–∫–∞ –∫ —Ü–≤–µ—Ç–∫—É.
–ú–∞–ª–µ–Ω—å–∫–∏–π –∑–∞–π—á–∏–∫ –≤–µ—Å–µ–ª–æ –Ω–æ—Å–∏—Ç—Å—è –∑–¥–µ—Å—å.
[0;0m
[0;32m463H[0;37m [0;32m139M[0;37m 18201–æ –ó–∞—É—á:0 –í—ã—Ö:–°–í–Æ–ó> ˇ˘–í—ã –ø–æ–ø–ª–µ–ª–∏—Å—å –Ω–∞ –∑–∞–ø–∞–¥.
[1;36m–î–æ—Ä–æ–∂–∫–∞ [6700][0;37m
   –î–æ—Ä–æ–∂–∫–∞ –ø–µ—Ä–µ—Å–µ–∫–∞–µ—Ç —à–∏—Ä–æ–∫–æ–µ –ø–æ–ª–µ –∏ —Å–æ–µ–¥–∏–Ω—è–µ—Ç —Å–æ—Å–µ–¥–Ω–∏–µ –¥–µ—Ä–µ–≤—É—à–∫–∏. –ò–∑—Ä–µ–¥–∫–∞
–≤—Å—Ç—Ä–µ—á–∞—é—Ç—Å—è –æ–¥–∏–Ω–æ–∫–∏–µ –ø—É—Ç–Ω–∏–∫–∏, –±—Ä–µ–¥—É—â–∏–µ –≤ –Ω–µ–≤–µ–¥–æ–º—É—é –¥–∞–ª—å. –°—Ç–µ–ø–Ω—ã–µ –∑–≤–µ—Ä—å–∫–∏
—Å–ø–æ–∫–æ–π–Ω–æ –±–µ–≥–∞—é—Ç –ø–æ –¥–æ—Ä–æ–≥–µ –Ω–∏—Å–∫–æ–ª—å–∫–æ –Ω–µ –±–æ—è—Å—å —á–µ–ª–æ–≤–µ–∫–∞. –î–æ—Ä–æ–∂–∫–∞ —Ç—è–Ω–µ—Ç—Å—è
–Ω–∞ –≤–æ—Å—Ç–æ–∫.
[0;36m[ Exits: n e W ][0;37m
[1;33m[1;31m[0;0m
[0;32m463H[0;37m [0;32m139M[0;37m 18201–æ –ó–∞—É—á:0 –í—ã—Ö:–°–í–ó> ˇ˘–í—ã –ø–æ–ø–ª–µ–ª–∏—Å—å –Ω–∞ —Å–µ–≤–µ—Ä.
[1;36m–®–∏—Ä–æ–∫–æ–µ –ø–æ–ª–µ [6703][0;37m
   –ü–æ—Ä–æ—Å—à–µ–µ –≥—É—Å—Ç–æ–π —Ç—Ä–∞–≤–æ–π —à–∏—Ä–æ–∫–æ–µ –ø–æ–ª–µ —Ä–∞–¥—É–µ—Ç –≥–ª–∞–∑ –ª—é–±–æ–≥–æ –Ω–∞–µ–∑–¥–Ω–∏–∫–∞. –ö—É–¥–∞
–Ω–µ –∫–∏–Ω—å –≤–∑–≥–ª—è–¥ - –≤–µ–∑–¥–µ —Ä–∞–∑–¥–æ–ª—å–Ω–æ–µ —Ä—É—Å—Å–∫–æ–µ –ø–æ–ª–µ.
[0;36m[ Exits: n e s ][0;37m
[1;33m–¢—Ä—É–ø –¥–∏–∫–æ–π –ø—á–µ–ª—ã –ª–µ–∂–∏—Ç –∑–¥–µ—Å—å.
–¢—Ä—É–ø –¥–∏–∫–æ–≥–æ –±—ã–∫–∞ –ª–µ–∂–∏—Ç –∑–¥–µ—Å—å.
–¢—Ä—É–ø –¥–∏–∫–æ–π –ø—á–µ–ª—ã –ª–µ–∂–∏—Ç –∑–¥–µ—Å—å.
[1;31m–ë–æ–ª—å—à–æ–π –¥–∏–∫–∏–π –±—ã–∫ –≤–µ–ª–∏—á–∞–≤–æ –ø–µ—Ä–µ–∂–µ–≤—ã–≤–∞–µ—Ç —Ç—Ä–∞–≤—É –∑–¥–µ—Å—å.
[0;0m
[0;32m463H[0;37m [0;32m138M[0;37m 18201–æ –ó–∞—É—á:0 –í—ã—Ö:–°–í–Æ> ˇ˘[1;33m–í—ã —Å–æ–∫—Ä—É—à–∏–ª–∏ –¥–∏–∫–æ–≥–æ –±—ã–∫–∞.
[0;0m
[0;32m463H[0;37m [0;32m141M[0;37m 18182–æ –ó–∞—É—á:0 [0;32m[–ì–µ–Ω–æ–¥:–ù–µ–≤—Ä–µ–¥–∏–º][0;37m [0;32m[–¥–∏–∫–∏–π –±—ã–∫:–°–ª–µ–≥–∫–∞ —Ä–∞–Ω–µ–Ω][0;37m > ˇ˘
[1;33m–í—ã —Å–æ–∫—Ä—É—à–∏–ª–∏ –¥–∏–∫–æ–≥–æ –±—ã–∫–∞.
[0;0m[1;33m–í—ã –æ–≥—Ä–µ–ª–∏ –¥–∏–∫–æ–≥–æ –±—ã–∫–∞.
[0;0m[0;31m–î–∏–∫–∏–π –±—ã–∫ —Ö–æ—Ç–µ–ª –∑–∞–≤–∞–ª–∏—Ç—å –≤–∞—Å, –Ω–æ, –Ω–µ —Ä–∞—Å—Å—á–∏—Ç–∞–≤ —Å–∏–ª, —É–ø–∞–ª —Å–∞–º.
[0;0m[1;31m–î–∏–∫–∏–π –±—ã–∫ —Å–ª–µ–≥–∫–∞ —É–¥–∞—Ä–∏–ª –≤–∞—Å.
[0;0m[0;31m–î–∏–∫–∏–π –±—ã–∫ –ø—Ä–æ–º–∞–∑–∞–ª, –∫–æ–≥–¥–∞ —Ö–æ—Ç–µ–ª —É–¥–∞—Ä–∏—Ç—å –≤–∞—Å.
[0;0m
[0;32m457H[0;37m [0;32m141M[0;37m 18134–æ –ó–∞—É—á:0 [0;32m[–ì–µ–Ω–æ–¥:–°–ª–µ–≥–∫–∞ —Ä–∞–Ω–µ–Ω][0;37m [1;32m[–¥–∏–∫–∏–π –±—ã–∫:–õ–µ–≥–∫–æ —Ä–∞–Ω–µ–Ω][0;37m > ˇ˘
[1;33m–í—ã —Å–æ–∫—Ä—É—à–∏–ª–∏ –¥–∏–∫–æ–≥–æ –±—ã–∫–∞.
[0;0m[0;31m–î–∏–∫–∏–π –±—ã–∫ –ø–æ–ø—ã—Ç–∞–ª—Å—è —É–¥–∞—Ä–∏—Ç—å –≤–∞—Å, –Ω–æ –Ω–µ —Ä–∞—Å—Å—á–∏—Ç–∞–ª –∏ –ø—Ä–æ–º–∞—Ö–Ω—É–ª—Å—è.
[0;0m[1;31m–î–∏–∫–∏–π –±—ã–∫ –ª–µ–≥–æ–Ω—å–∫–æ —É–¥–∞—Ä–∏–ª –≤–∞—Å.
[0;0m
[0;32m458H[0;37m [0;32m142M[0;37m 18108–æ –ó–∞—É—á:0 [0;32m[–ì–µ–Ω–æ–¥:–°–ª–µ–≥–∫–∞ —Ä–∞–Ω–µ–Ω][0;37m [1;32m[–¥–∏–∫–∏–π –±—ã–∫:–õ–µ–≥–∫–æ —Ä–∞–Ω–µ–Ω][0;37m > ˇ˘
[1;33m–í—ã —Å–æ–∫—Ä—É—à–∏–ª–∏ –¥–∏–∫–æ–≥–æ –±—ã–∫–∞.
[0;0m[1;33m–í—ã –æ–≥—Ä–µ–ª–∏ –¥–∏–∫–æ–≥–æ –±—ã–∫–∞.
[0;0m[1;31m–î–∏–∫–∏–π –±—ã–∫ —Å–ª–µ–≥–∫–∞ —É–¥–∞—Ä–∏–ª –≤–∞—Å.
[0;0m[0;31m–î–∏–∫–∏–π –±—ã–∫ –ø–æ–ø—ã—Ç–∞–ª—Å—è —É–¥–∞—Ä–∏—Ç—å –≤–∞—Å, –Ω–æ –Ω–µ —Ä–∞—Å—Å—á–∏—Ç–∞–ª –∏ –ø—Ä–æ–º–∞—Ö–Ω—É–ª—Å—è.
[0;0m
[0;32m456H[0;37m [0;32m142M[0;37m 18055–æ –ó–∞—É—á:0 [0;32m[–ì–µ–Ω–æ–¥:–°–ª–µ–≥–∫–∞ —Ä–∞–Ω–µ–Ω][0;37m [1;33m[–¥–∏–∫–∏–π –±—ã–∫:–†–∞–Ω–µ–Ω][0;37m > ˇ˘
–î–∏–∫–∏–π –±—ã–∫ –ø–æ–¥–Ω—è–ª—Å—è.
[1;33m–í—ã —Å–æ–∫—Ä—É—à–∏–ª–∏ –¥–∏–∫–æ–≥–æ –±—ã–∫–∞.
[0;0m[1;33m–í—ã –æ–≥—Ä–µ–ª–∏ –¥–∏–∫–æ–≥–æ –±—ã–∫–∞.
[0;0m[0;31m–î–∏–∫–∏–π –±—ã–∫ —Ö–æ—Ç–µ–ª –∑–∞–≤–∞–ª–∏—Ç—å –≤–∞—Å, –Ω–æ, –Ω–µ —Ä–∞—Å—Å—á–∏—Ç–∞–≤ —Å–∏–ª, —É–ø–∞–ª —Å–∞–º.
[0;0m[0;31m–î–∏–∫–∏–π –±—ã–∫ –ø—Ä–æ–º–∞–∑–∞–ª, –∫–æ–≥–¥–∞ —Ö–æ—Ç–µ–ª —É–¥–∞—Ä–∏—Ç—å –≤–∞—Å.
[0;0m[0;31m–î–∏–∫–∏–π –±—ã–∫ –ø–æ–ø—ã—Ç–∞–ª—Å—è —É–¥–∞—Ä–∏—Ç—å –≤–∞—Å, –Ω–æ –Ω–µ —Ä–∞—Å—Å—á–∏—Ç–∞–ª –∏ –ø—Ä–æ–º–∞—Ö–Ω—É–ª—Å—è.
[0;0m
[0;32m462H[0;37m [0;32m142M[0;37m 18006–æ –ó–∞—É—á:0 [0;32m[–ì–µ–Ω–æ–¥:–°–ª–µ–≥–∫–∞ —Ä–∞–Ω–µ–Ω][0;37m [1;33m[–¥–∏–∫–∏–π –±—ã–∫:–†–∞–Ω–µ–Ω][0;37m > ˇ˘–í—ã –ø—Ä–µ–∫—Ä–∞—Ç–∏–ª–∏ –∏—Å–ø–æ–ª—å–∑–æ–≤–∞—Ç—å –∫—Ä–µ–ø–∫—É—é –ø–∞–ª–∫—É.

[0;32m463H[0;37m [0;32m142M[0;37m 18006–æ –ó–∞—É—á:0 [0;32m[–ì–µ–Ω–æ–¥:–ù–µ–≤—Ä–µ–¥–∏–º][0;37m [1;33m[–¥–∏–∫–∏–π –±—ã–∫:–†–∞–Ω–µ–Ω][0;37m > ˇ˘
[1;33m–í—ã –ª–µ–≥–æ–Ω—å–∫–æ —É–¥–∞—Ä–∏–ª–∏ –¥–∏–∫–æ–≥–æ –±—ã–∫–∞.
[0;0m[1;33m–í—ã –æ–≥—Ä–µ–ª–∏ –¥–∏–∫–æ–≥–æ –±—ã–∫–∞.
[0;0m[0;31m–î–∏–∫–∏–π –±—ã–∫ –ø—Ä–æ–º–∞–∑–∞–ª, –∫–æ–≥–¥–∞ —Ö–æ—Ç–µ–ª —É–¥–∞—Ä–∏—Ç—å –≤–∞—Å.
[0;0m[1;31m–î–∏–∫–∏–π –±—ã–∫ –ª–µ–≥–æ–Ω—å–∫–æ —É–¥–∞—Ä–∏–ª –≤–∞—Å.
[0;0m
[0;32m459H[0;37m [0;32m142M[0;37m 17984–æ –ó–∞—É—á:0 [0;32m[–ì–µ–Ω–æ–¥:–°–ª–µ–≥–∫–∞ —Ä–∞–Ω–µ–Ω][0;37m [1;31m[–¥–∏–∫–∏–π –±—ã–∫:–¢—è–∂–µ–ª–æ —Ä–∞–Ω–µ–Ω][0;37m > ˇ˘
[1;33m–í—ã –ª–µ–≥–æ–Ω—å–∫–æ —É–¥–∞—Ä–∏–ª–∏ –¥–∏–∫–æ–≥–æ –±—ã–∫–∞.
[0;0m[0;33m–í—ã –ø–æ–ø—ã—Ç–∞–ª–∏—Å—å –æ–≥—Ä–µ—Ç—å –¥–∏–∫–æ–≥–æ –±—ã–∫–∞, –Ω–æ –≤–∞—à —É–¥–∞—Ä –Ω–µ –¥–æ—Å—Ç–∏–≥ —Ü–µ–ª–∏.
[0;0m[1;31m–î–∏–∫–∏–π –±—ã–∫ —Å–ª–µ–≥–∫–∞ —É–¥–∞—Ä–∏–ª –≤–∞—Å.
[0;0m[1;31m–î–∏–∫–∏–π –±—ã–∫ –ª–µ–≥–æ–Ω—å–∫–æ —É–¥–∞—Ä–∏–ª –≤–∞—Å.
[0;0m
[0;32m450H[0;37m [0;32m142M[0;37m 17982–æ –ó–∞—É—á:0 [0;32m[–ì–µ–Ω–æ–¥:–°–ª–µ–≥–∫–∞ —Ä–∞–Ω–µ–Ω][0;37m [1;31m[–¥–∏–∫–∏–π –±—ã–∫:–¢—è–∂–µ–ª–æ —Ä–∞–Ω–µ–Ω][0;37m > ˇ˘–í—ã –ø—Ä–µ–∫—Ä–∞—Ç–∏–ª–∏ –∏—Å–ø–æ–ª—å–∑–æ–≤–∞—Ç—å –º–∞–ª–µ–Ω—å–∫—É—é —Ç—è–ø–∫—É.

[0;32m456H[0;37m [0;32m142M[0;37m 17982–æ –ó–∞—É—á:0 [0;32m[–ì–µ–Ω–æ–¥:–°–ª–µ–≥–∫–∞ —Ä–∞–Ω–µ–Ω][0;37m [1;31m[–¥–∏–∫–∏–π –±—ã–∫:–¢—è–∂–µ–ª–æ —Ä–∞–Ω–µ–Ω][0;37m > ˇ˘
–î–∏–∫–∏–π –±—ã–∫ –ø–æ–¥–Ω—è–ª—Å—è.
[1;33m–í—ã –ª–µ–≥–æ–Ω—å–∫–æ —É–¥–∞—Ä–∏–ª–∏ –¥–∏–∫–æ–≥–æ –±—ã–∫–∞.
[0;0m[1;31m–î–∏–∫–∏–π –±—ã–∫ –∑–∞–≤–∞–ª–∏–ª –≤–∞—Å –Ω–∞ –∑–µ–º–ª—é. –ü–æ–¥–Ω–∏–º–∞–π—Ç–µ—Å—å!
[0;0m[0;31m–î–∏–∫–∏–π –±—ã–∫ –ø–æ–ø—ã—Ç–∞–ª—Å—è —É–¥–∞—Ä–∏—Ç—å –≤–∞—Å, –Ω–æ –Ω–µ —Ä–∞—Å—Å—á–∏—Ç–∞–ª –∏ –ø—Ä–æ–º–∞—Ö–Ω—É–ª—Å—è.
[0;0m[1;31m–î–∏–∫–∏–π –±—ã–∫ —Å–ª–µ–≥–∫–∞ —É–¥–∞—Ä–∏–ª –≤–∞—Å.
[0;0m[1;37m–í–∞–º –ª—É—á—à–µ –≤—Å—Ç–∞—Ç—å –Ω–∞ –Ω–æ–≥–∏![0;37m

[0;32m444H[0;37m [0;32m142M[0;37m 17981–æ –ó–∞—É—á:0 [0;32m[–ì–µ–Ω–æ–¥:–°–ª–µ–≥–∫–∞ —Ä–∞–Ω–µ–Ω][0;37m [1;31m[–¥–∏–∫–∏–π –±—ã–∫:–¢—è–∂–µ–ª–æ —Ä–∞–Ω–µ–Ω][0;37m > ˇ˘
[1;37m–í–∞–º –ª—É—á—à–µ –≤—Å—Ç–∞—Ç—å –Ω–∞ –Ω–æ–≥–∏![0;37m
[1;33m–í—ã –ª–µ–≥–æ–Ω—å–∫–æ —É–¥–∞—Ä–∏–ª–∏ –¥–∏–∫–æ–≥–æ –±—ã–∫–∞.
[0;0m[1;31m–î–∏–∫–∏–π –±—ã–∫ —Å–ª–µ–≥–∫–∞ —É–¥–∞—Ä–∏–ª –≤–∞—Å.
[0;0m[0;31m–î–∏–∫–∏–π –±—ã–∫ –ø—Ä–æ–º–∞–∑–∞–ª, –∫–æ–≥–¥–∞ —Ö–æ—Ç–µ–ª —É–¥–∞—Ä–∏—Ç—å –≤–∞—Å.
[0;0m
[0;32m443H[0;37m [0;32m142M[0;37m 17980–æ –ó–∞—É—á:0 [0;32m[–ì–µ–Ω–æ–¥:–°–ª–µ–≥–∫–∞ —Ä–∞–Ω–µ–Ω][0;37m [1;31m[–¥–∏–∫–∏–π –±—ã–∫:–¢—è–∂–µ–ª–æ —Ä–∞–Ω–µ–Ω][0;37m > ˇ˘
[1;37m–í–∞–º –ª—É—á—à–µ –≤—Å—Ç–∞—Ç—å –Ω–∞ –Ω–æ–≥–∏![0;37m
[1;33m–í—ã –ª–µ–≥–æ–Ω—å–∫–æ —É–¥–∞—Ä–∏–ª–∏ –¥–∏–∫–æ–≥–æ –±—ã–∫–∞.
[0;0m[0;31m–î–∏–∫–∏–π –±—ã–∫ –ø–æ–ø—ã—Ç–∞–ª—Å—è —É–¥–∞—Ä–∏—Ç—å –≤–∞—Å, –Ω–æ –Ω–µ —Ä–∞—Å—Å—á–∏—Ç–∞–ª –∏ –ø—Ä–æ–º–∞—Ö–Ω—É–ª—Å—è.
[0;0m[1;31m–î–∏–∫–∏–π –±—ã–∫ —Å–ª–µ–≥–∫–∞ —É–¥–∞—Ä–∏–ª –≤–∞—Å.
[0;0m
[0;32m441H[0;37m [0;32m142M[0;37m 17979–æ –ó–∞—É—á:0 [0;32m[–ì–µ–Ω–æ–¥:–°–ª–µ–≥–∫–∞ —Ä–∞–Ω–µ–Ω][0;37m [1;31m[–¥–∏–∫–∏–π –±—ã–∫:–¢—è–∂–µ–ª–æ —Ä–∞–Ω–µ–Ω][0;37m > ˇ˘
–°–∏–ª—å–Ω—ã–π –≤–µ—Ç–µ—Ä.

[0;32m447H[0;37m [0;32m142M[0;37m 17979–æ –ó–∞—É—á:0 [0;32m[–ì–µ–Ω–æ–¥:–°–ª–µ–≥–∫–∞ —Ä–∞–Ω–µ–Ω][0;37m [1;31m[–¥–∏–∫–∏–π –±—ã–∫:–¢—è–∂–µ–ª–æ —Ä–∞–Ω–µ–Ω][0;37m > ˇ˘
[1;31m–ú–∏–Ω—É–ª —á–∞—Å.[0;37m

[0;32m447H[0;37m [0;32m142M[0;37m 17979–æ –ó–∞—É—á:0 [0;32m[–ì–µ–Ω–æ–¥:–°–ª–µ–≥–∫–∞ —Ä–∞–Ω–µ–Ω][0;37m [1;31m[–¥–∏–∫–∏–π –±—ã–∫:–¢—è–∂–µ–ª–æ —Ä–∞–Ω–µ–Ω][0;37m > ˇ˘–í—ã –≤—Å—Ç–∞–ª–∏.

[0;32m447H[0;37m [0;32m142M[0;37m 17979–æ –ó–∞—É—á:0 [0;32m[–ì–µ–Ω–æ–¥:–°–ª–µ–≥–∫–∞ —Ä–∞–Ω–µ–Ω][0;37m [1;33m[–¥–∏–∫–∏–π –±—ã–∫:–†–∞–Ω–µ–Ω][0;37m > ˇ˘
[1;33m–í—ã –ª–µ–≥–æ–Ω—å–∫–æ —É–¥–∞—Ä–∏–ª–∏ –¥–∏–∫–æ–≥–æ –±—ã–∫–∞.
[0;0m[0;31m–î–∏–∫–∏–π –±—ã–∫ —Ö–æ—Ç–µ–ª –∑–∞–≤–∞–ª–∏—Ç—å –≤–∞—Å, –Ω–æ, –Ω–µ —Ä–∞—Å—Å—á–∏—Ç–∞–≤ —Å–∏–ª, —É–ø–∞–ª —Å–∞–º.
[0;0m[0;31m–î–∏–∫–∏–π –±—ã–∫ –ø–æ–ø—ã—Ç–∞–ª—Å—è —É–¥–∞—Ä–∏—Ç—å –≤–∞—Å, –Ω–æ –Ω–µ —Ä–∞—Å—Å—á–∏—Ç–∞–ª –∏ –ø—Ä–æ–º–∞—Ö–Ω—É–ª—Å—è.
[0;0m[1;31m–î–∏–∫–∏–π –±—ã–∫ —Å–ª–µ–≥–∫–∞ —É–¥–∞—Ä–∏–ª –≤–∞—Å.
[0;0m
[0;32m440H[0;37m [0;32m142M[0;37m 17978–æ –ó–∞—É—á:0 [0;32m[–ì–µ–Ω–æ–¥:–°–ª–µ–≥–∫–∞ —Ä–∞–Ω–µ–Ω][0;37m [1;33m[–¥–∏–∫–∏–π –±—ã–∫:–†–∞–Ω–µ–Ω][0;37m > ˇ˘
[1;33m–í—ã –ª–µ–≥–æ–Ω—å–∫–æ —É–¥–∞—Ä–∏–ª–∏ –¥–∏–∫–æ–≥–æ –±—ã–∫–∞.
[0;0m[0;31m–î–∏–∫–∏–π –±—ã–∫ –ø—Ä–æ–º–∞–∑–∞–ª, –∫–æ–≥–¥–∞ —Ö–æ—Ç–µ–ª —É–¥–∞—Ä–∏—Ç—å –≤–∞—Å.
[0;0m[0;31m–î–∏–∫–∏–π –±—ã–∫ –ø—Ä–æ–º–∞–∑–∞–ª, –∫–æ–≥–¥–∞ —Ö–æ—Ç–µ–ª —É–¥–∞—Ä–∏—Ç—å –≤–∞—Å.
[0;0m
[0;32m446H[0;37m [0;32m142M[0;37m 17977–æ –ó–∞—É—á:0 [0;32m[–ì–µ–Ω–æ–¥:–°–ª–µ–≥–∫–∞ —Ä–∞–Ω–µ–Ω][0;37m [1;33m[–¥–∏–∫–∏–π –±—ã–∫:–†–∞–Ω–µ–Ω][0;37m > ˇ˘
[1;33m–í—ã –ª–µ–≥–æ–Ω—å–∫–æ —É–¥–∞—Ä–∏–ª–∏ –¥–∏–∫–æ–≥–æ –±—ã–∫–∞.
[0;0m[1;31m–î–∏–∫–∏–π –±—ã–∫ —Å–ª–µ–≥–∫–∞ —É–¥–∞—Ä–∏–ª –≤–∞—Å.
[0;0m[1;31m–î–∏–∫–∏–π –±—ã–∫ —Å–ª–µ–≥–∫–∞ —É–¥–∞—Ä–∏–ª –≤–∞—Å.
[0;0m
[0;32m437H[0;37m [0;32m142M[0;37m 17976–æ –ó–∞—É—á:0 [0;32m[–ì–µ–Ω–æ–¥:–°–ª–µ–≥–∫–∞ —Ä–∞–Ω–µ–Ω][0;37m [1;33m[–¥–∏–∫–∏–π –±—ã–∫:–†–∞–Ω–µ–Ω][0;37m > ˇ˘
–î–∏–∫–∏–π –±—ã–∫ –ø–æ–¥–Ω—è–ª—Å—è.
[1;33m–í—ã –ª–µ–≥–æ–Ω—å–∫–æ —É–¥–∞—Ä–∏–ª–∏ –¥–∏–∫–æ–≥–æ –±—ã–∫–∞.
[0;0m[0;31m–î–∏–∫–∏–π –±—ã–∫ —Ö–æ—Ç–µ–ª –∑–∞–≤–∞–ª–∏—Ç—å –≤–∞—Å, –Ω–æ, –Ω–µ —Ä–∞—Å—Å—á–∏—Ç–∞–≤ —Å–∏–ª, —É–ø–∞–ª —Å–∞–º.
[0;0m[0;31m–î–∏–∫–∏–π –±—ã–∫ –ø—Ä–æ–º–∞–∑–∞–ª, –∫–æ–≥–¥–∞ —Ö–æ—Ç–µ–ª —É–¥–∞—Ä–∏—Ç—å –≤–∞—Å.
[0;0m[0;31m–î–∏–∫–∏–π –±—ã–∫ –ø—Ä–æ–º–∞–∑–∞–ª, –∫–æ–≥–¥–∞ —Ö–æ—Ç–µ–ª —É–¥–∞—Ä–∏—Ç—å –≤–∞—Å.
[0;0m
[0;32m443H[0;37m [0;32m142M[0;37m 17975–æ –ó–∞—É—á:0 [0;32m[–ì–µ–Ω–æ–¥:–°–ª–µ–≥–∫–∞ —Ä–∞–Ω–µ–Ω][0;37m [1;33m[–¥–∏–∫–∏–π –±—ã–∫:–†–∞–Ω–µ–Ω][0;37m > ˇ˘
[1;33m–í—ã –ª–µ–≥–æ–Ω—å–∫–æ —É–¥–∞—Ä–∏–ª–∏ –¥–∏–∫–æ–≥–æ –±—ã–∫–∞.
[0;0m[0;31m–î–∏–∫–∏–π –±—ã–∫ –ø–æ–ø—ã—Ç–∞–ª—Å—è —É–¥–∞—Ä–∏—Ç—å –≤–∞—Å, –Ω–æ –Ω–µ —Ä–∞—Å—Å—á–∏—Ç–∞–ª –∏ –ø—Ä–æ–º–∞—Ö–Ω—É–ª—Å—è.
[0;0m[0;31m–î–∏–∫–∏–π –±—ã–∫ –ø–æ–ø—ã—Ç–∞–ª—Å—è —É–¥–∞—Ä–∏—Ç—å –≤–∞—Å, –Ω–æ –Ω–µ —Ä–∞—Å—Å—á–∏—Ç–∞–ª –∏ –ø—Ä–æ–º–∞—Ö–Ω—É–ª—Å—è.
[0;0m
[0;32m449H[0;37m [0;32m142M[0;37m 17974–æ –ó–∞—É—á:0 [0;32m[–ì–µ–Ω–æ–¥:–°–ª–µ–≥–∫–∞ —Ä–∞–Ω–µ–Ω][0;37m [1;33m[–¥–∏–∫–∏–π –±—ã–∫:–†–∞–Ω–µ–Ω][0;37m > ˇ˘
[0;31m–î–∏–∫–∏–π –±—ã–∫ –ø–æ–ø—ã—Ç–∞–ª—Å—è —É–¥–∞—Ä–∏—Ç—å –≤–∞—Å, –Ω–æ –Ω–µ —Ä–∞—Å—Å—á–∏—Ç–∞–ª –∏ –ø—Ä–æ–º–∞—Ö–Ω—É–ª—Å—è.
[0;0m[1;31m–î–∏–∫–∏–π –±—ã–∫ —Å–ª–µ–≥–∫–∞ —É–¥–∞—Ä–∏–ª –≤–∞—Å.
[0;0m[1;33m–í—ã –ª–µ–≥–æ–Ω—å–∫–æ —É–¥–∞—Ä–∏–ª–∏ –¥–∏–∫–æ–≥–æ –±—ã–∫–∞.
[0;0m
[0;32m448H[0;37m [0;32m142M[0;37m 17973–æ –ó–∞—É—á:0 [0;32m[–ì–µ–Ω–æ–¥:–°–ª–µ–≥–∫–∞ —Ä–∞–Ω–µ–Ω][0;37m [1;33m[–¥–∏–∫–∏–π –±—ã–∫:–†–∞–Ω–µ–Ω][0;37m > ˇ˘
–î–∏–∫–∏–π –±—ã–∫ –ø–æ–¥–Ω—è–ª—Å—è.
[1;33m–í—ã –ª–µ–≥–æ–Ω—å–∫–æ —É–¥–∞—Ä–∏–ª–∏ –¥–∏–∫–æ–≥–æ –±—ã–∫–∞.
[0;0m[0;31m–î–∏–∫–∏–π –±—ã–∫ –ø–æ–ø—ã—Ç–∞–ª—Å—è —Å–±–∏—Ç—å –≤–∞—Å —Å –Ω–æ–≥, –Ω–æ, –≤ –∏—Ç–æ–≥–µ, –ø—Ä–∏–∑–µ–º–ª–∏–ª—Å—è —Å–∞–º.
[0;0m[1;31m–î–∏–∫–∏–π –±—ã–∫ —Å–ª–µ–≥–∫–∞ —É–¥–∞—Ä–∏–ª –≤–∞—Å.
[0;0m[1;31m–î–∏–∫–∏–π –±—ã–∫ —Å–ª–µ–≥–∫–∞ —É–¥–∞—Ä–∏–ª –≤–∞—Å.
[0;0m
[0;32m442H[0;37m [0;32m142M[0;37m 17972–æ –ó–∞—É—á:0 [0;32m[–ì–µ–Ω–æ–¥:–°–ª–µ–≥–∫–∞ —Ä–∞–Ω–µ–Ω][0;37m [1;33m[–¥–∏–∫–∏–π –±—ã–∫:–†–∞–Ω–µ–Ω][0;37m > ˇ˘
[1;33m–í—ã –ª–µ–≥–æ–Ω—å–∫–æ —É–¥–∞—Ä–∏–ª–∏ –¥–∏–∫–æ–≥–æ –±—ã–∫–∞.
[0;0m[0;31m–î–∏–∫–∏–π –±—ã–∫ –ø—Ä–æ–º–∞–∑–∞–ª, –∫–æ–≥–¥–∞ —Ö–æ—Ç–µ–ª —É–¥–∞—Ä–∏—Ç—å –≤–∞—Å.
[0;0m[1;31m–î–∏–∫–∏–π –±—ã–∫ —Å–ª–µ–≥–∫–∞ —É–¥–∞—Ä–∏–ª –≤–∞—Å.
[0;0m
[0;32m440H[0;37m [0;32m142M[0;37m 17971–æ –ó–∞—É—á:0 [0;32m[–ì–µ–Ω–æ–¥:–°–ª–µ–≥–∫–∞ —Ä–∞–Ω–µ–Ω][0;37m [1;33m[–¥–∏–∫–∏–π –±—ã–∫:–†–∞–Ω–µ–Ω][0;37m > ˇ˘
[1;33m–í—ã –ª–µ–≥–æ–Ω—å–∫–æ —É–¥–∞—Ä–∏–ª–∏ –¥–∏–∫–æ–≥–æ –±—ã–∫–∞.
[0;0m[1;31m–î–∏–∫–∏–π –±—ã–∫ —Å–ª–µ–≥–∫–∞ —É–¥–∞—Ä–∏–ª –≤–∞—Å.
[0;0m[1;31m–î–∏–∫–∏–π –±—ã–∫ —Å–ª–µ–≥–∫–∞ —É–¥–∞—Ä–∏–ª –≤–∞—Å.
[0;0m
[0;32m431H[0;37m [0;32m142M[0;37m 17970–æ –ó–∞—É—á:0 [0;32m[–ì–µ–Ω–æ–¥:–°–ª–µ–≥–∫–∞ —Ä–∞–Ω–µ–Ω][0;37m [1;31m[–¥–∏–∫–∏–π –±—ã–∫:–¢—è–∂–µ–ª–æ —Ä–∞–Ω–µ–Ω][0;37m > ˇ˘
–î–∏–∫–∏–π –±—ã–∫ –ø–æ–¥–Ω—è–ª—Å—è.
[0;31m–î–∏–∫–∏–π –±—ã–∫ —Ö–æ—Ç–µ–ª –∑–∞–≤–∞–ª–∏—Ç—å –≤–∞—Å, –Ω–æ, –Ω–µ —Ä–∞—Å—Å—á–∏—Ç–∞–≤ —Å–∏–ª, —É–ø–∞–ª —Å–∞–º.
[0;0m[1;31m–î–∏–∫–∏–π –±—ã–∫ —Å–ª–µ–≥–∫–∞ —É–¥–∞—Ä–∏–ª –≤–∞—Å.
[0;0m[1;31m–î–∏–∫–∏–π –±—ã–∫ —Å–ª–µ–≥–∫–∞ —É–¥–∞—Ä–∏–ª –≤–∞—Å.
[0;0m[1;33m–í—ã –ª–µ–≥–æ–Ω—å–∫–æ —É–¥–∞—Ä–∏–ª–∏ –¥–∏–∫–æ–≥–æ –±—ã–∫–∞.
[0;0m
[0;32m422H[0;37m [0;32m142M[0;37m 17969–æ –ó–∞—É—á:0 [0;32m[–ì–µ–Ω–æ–¥:–°–ª–µ–≥–∫–∞ —Ä–∞–Ω–µ–Ω][0;37m [1;31m[–¥–∏–∫–∏–π –±—ã–∫:–¢—è–∂–µ–ª–æ —Ä–∞–Ω–µ–Ω][0;37m > ˇ˘
[1;33m–í—ã –ª–µ–≥–æ–Ω—å–∫–æ —É–¥–∞—Ä–∏–ª–∏ –¥–∏–∫–æ–≥–æ –±—ã–∫–∞.
[0;0m[0;31m–î–∏–∫–∏–π –±—ã–∫ –ø—Ä–æ–º–∞–∑–∞–ª, –∫–æ–≥–¥–∞ —Ö–æ—Ç–µ–ª —É–¥–∞—Ä–∏—Ç—å –≤–∞—Å.
[0;0m[0;31m–î–∏–∫–∏–π –±—ã–∫ –ø—Ä–æ–º–∞–∑–∞–ª, –∫–æ–≥–¥–∞ —Ö–æ—Ç–µ–ª —É–¥–∞—Ä–∏—Ç—å –≤–∞—Å.
[0;0m
[0;32m428H[0;37m [0;32m142M[0;37m 17968–æ –ó–∞—É—á:0 [0;32m[–ì–µ–Ω–æ–¥:–°–ª–µ–≥–∫–∞ —Ä–∞–Ω–µ–Ω][0;37m [1;31m[–¥–∏–∫–∏–π –±—ã–∫:–¢—è–∂–µ–ª–æ —Ä–∞–Ω–µ–Ω][0;37m > ˇ˘
–î–æ—Å–ø–µ—Ö–∏ –¥–∏–∫–æ–≥–æ –±—ã–∫–∞ –ø–æ–ª–Ω–æ—Å—Ç—å—é –ø–æ–≥–ª–æ—Ç–∏–ª–∏ –≤–∞—à —É–¥–∞—Ä.
[0;31m–î–∏–∫–∏–π –±—ã–∫ –ø–æ–ø—ã—Ç–∞–ª—Å—è —É–¥–∞—Ä–∏—Ç—å –≤–∞—Å, –Ω–æ –Ω–µ —Ä–∞—Å—Å—á–∏—Ç–∞–ª –∏ –ø—Ä–æ–º–∞—Ö–Ω—É–ª—Å—è.
[0;0m[1;31m–î–∏–∫–∏–π –±—ã–∫ —Å–ª–µ–≥–∫–∞ —É–¥–∞—Ä–∏–ª –≤–∞—Å.
[0;0m
[0;32m426H[0;37m [0;32m142M[0;37m 17968–æ –ó–∞—É—á:0 [0;32m[–ì–µ–Ω–æ–¥:–°–ª–µ–≥–∫–∞ —Ä–∞–Ω–µ–Ω][0;37m [1;31m[–¥–∏–∫–∏–π –±—ã–∫:–¢—è–∂–µ–ª–æ —Ä–∞–Ω–µ–Ω][0;37m > ˇ˘
–î–∏–∫–∏–π –±—ã–∫ –ø–æ–¥–Ω—è–ª—Å—è.
[1;33m–í—ã –ª–µ–≥–æ–Ω—å–∫–æ —É–¥–∞—Ä–∏–ª–∏ –¥–∏–∫–æ–≥–æ –±—ã–∫–∞.
[0;0m[0;31m–î–∏–∫–∏–π –±—ã–∫ –ø–æ–ø—ã—Ç–∞–ª—Å—è —Å–±–∏—Ç—å –≤–∞—Å —Å –Ω–æ–≥, –Ω–æ, –≤ –∏—Ç–æ–≥–µ, –ø—Ä–∏–∑–µ–º–ª–∏–ª—Å—è —Å–∞–º.
[0;0m[0;31m–î–∏–∫–∏–π –±—ã–∫ –ø–æ–ø—ã—Ç–∞–ª—Å—è —É–¥–∞—Ä–∏—Ç—å –≤–∞—Å, –Ω–æ –Ω–µ —Ä–∞—Å—Å—á–∏—Ç–∞–ª –∏ –ø—Ä–æ–º–∞—Ö–Ω—É–ª—Å—è.
[0;0m[1;31m–î–∏–∫–∏–π –±—ã–∫ —Å–ª–µ–≥–∫–∞ —É–¥–∞—Ä–∏–ª –≤–∞—Å.
[0;0m
[0;32m424H[0;37m [0;32m142M[0;37m 17967–æ –ó–∞—É—á:0 [0;32m[–ì–µ–Ω–æ–¥:–°–ª–µ–≥–∫–∞ —Ä–∞–Ω–µ–Ω][0;37m [1;31m[–¥–∏–∫–∏–π –±—ã–∫:–¢—è–∂–µ–ª–æ —Ä–∞–Ω–µ–Ω][0;37m > ˇ˘
[1;33m–í—ã –ª–µ–≥–æ–Ω—å–∫–æ —É–¥–∞—Ä–∏–ª–∏ –¥–∏–∫–æ–≥–æ –±—ã–∫–∞.
[0;0m[1;31m–î–∏–∫–∏–π –±—ã–∫ —Å–ª–µ–≥–∫–∞ —É–¥–∞—Ä–∏–ª –≤–∞—Å.
[0;0m[1;31m–î–∏–∫–∏–π –±—ã–∫ —Å–ª–µ–≥–∫–∞ —É–¥–∞—Ä–∏–ª –≤–∞—Å.
[0;0m
[1;32m414H[0;37m [0;32m142M[0;37m 17966–æ –ó–∞—É—á:0 [1;32m[–ì–µ–Ω–æ–¥:–õ–µ–≥–∫–æ —Ä–∞–Ω–µ–Ω][0;37m [1;31m[–¥–∏–∫–∏–π –±—ã–∫:–¢—è–∂–µ–ª–æ —Ä–∞–Ω–µ–Ω][0;37m > ˇ˘
[1;33m–í—ã –ª–µ–≥–æ–Ω—å–∫–æ —É–¥–∞—Ä–∏–ª–∏ –¥–∏–∫–æ–≥–æ –±—ã–∫–∞.
[0;0m[1;31m–î–∏–∫–∏–π –±—ã–∫ —Å–ª–µ–≥–∫–∞ —É–¥–∞—Ä–∏–ª –≤–∞—Å.
[0;0m[0;31m–î–∏–∫–∏–π –±—ã–∫ –ø—Ä–æ–º–∞–∑–∞–ª, –∫–æ–≥–¥–∞ —Ö–æ—Ç–µ–ª —É–¥–∞—Ä–∏—Ç—å –≤–∞—Å.
[0;0m
[1;32m413H[0;37m [0;32m142M[0;37m 17965–æ –ó–∞—É—á:0 [1;32m[–ì–µ–Ω–æ–¥:–õ–µ–≥–∫–æ —Ä–∞–Ω–µ–Ω][0;37m [1;31m[–¥–∏–∫–∏–π –±—ã–∫:–¢—è–∂–µ–ª–æ —Ä–∞–Ω–µ–Ω][0;37m > ˇ˘
–î–∏–∫–∏–π –±—ã–∫ –ø–æ–¥–Ω—è–ª—Å—è.
[1;33m–í—ã –ª–µ–≥–æ–Ω—å–∫–æ —É–¥–∞—Ä–∏–ª–∏ –¥–∏–∫–æ–≥–æ –±—ã–∫–∞.
[0;0m[0;31m–î–∏–∫–∏–π –±—ã–∫ –ø–æ–ø—ã—Ç–∞–ª—Å—è —Å–±–∏—Ç—å –≤–∞—Å —Å –Ω–æ–≥, –Ω–æ, –≤ –∏—Ç–æ–≥–µ, –ø—Ä–∏–∑–µ–º–ª–∏–ª—Å—è —Å–∞–º.
[0;0m[1;31m–î–∏–∫–∏–π –±—ã–∫ —Å–ª–µ–≥–∫–∞ —É–¥–∞—Ä–∏–ª –≤–∞—Å.
[0;0m[1;31m–î–∏–∫–∏–π –±—ã–∫ —Å–ª–µ–≥–∫–∞ —É–¥–∞—Ä–∏–ª –≤–∞—Å.
[0;0m
[1;32m403H[0;37m [0;32m142M[0;37m 17964–æ –ó–∞—É—á:0 [1;32m[–ì–µ–Ω–æ–¥:–õ–µ–≥–∫–æ —Ä–∞–Ω–µ–Ω][0;37m [1;31m[–¥–∏–∫–∏–π –±—ã–∫:–¢—è–∂–µ–ª–æ —Ä–∞–Ω–µ–Ω][0;37m > ˇ˘
[1;33m–í—ã –ª–µ–≥–æ–Ω—å–∫–æ —É–¥–∞—Ä–∏–ª–∏ –¥–∏–∫–æ–≥–æ –±—ã–∫–∞.
[0;0m[0;31m–î–∏–∫–∏–π –±—ã–∫ –ø—Ä–æ–º–∞–∑–∞–ª, –∫–æ–≥–¥–∞ —Ö–æ—Ç–µ–ª —É–¥–∞—Ä–∏—Ç—å –≤–∞—Å.
[0;0m[0;31m–î–∏–∫–∏–π –±—ã–∫ –ø–æ–ø—ã—Ç–∞–ª—Å—è —É–¥–∞—Ä–∏—Ç—å –≤–∞—Å, –Ω–æ –Ω–µ —Ä–∞—Å—Å—á–∏—Ç–∞–ª –∏ –ø—Ä–æ–º–∞—Ö–Ω—É–ª—Å—è.
[0;0m
[1;32m410H[0;37m [0;32m142M[0;37m 17963–æ –ó–∞—É—á:0 [1;32m[–ì–µ–Ω–æ–¥:–õ–µ–≥–∫–æ —Ä–∞–Ω–µ–Ω][0;37m [1;31m[–¥–∏–∫–∏–π –±—ã–∫:–¢—è–∂–µ–ª–æ —Ä–∞–Ω–µ–Ω][0;37m > ˇ˘
[1;33m–í—ã –ª–µ–≥–æ–Ω—å–∫–æ —É–¥–∞—Ä–∏–ª–∏ –¥–∏–∫–æ–≥–æ –±—ã–∫–∞.
[0;0m[1;31m–î–∏–∫–∏–π –±—ã–∫ —Å–ª–µ–≥–∫–∞ —É–¥–∞—Ä–∏–ª –≤–∞—Å.
[0;0m[0;31m–î–∏–∫–∏–π –±—ã–∫ –ø—Ä–æ–º–∞–∑–∞–ª, –∫–æ–≥–¥–∞ —Ö–æ—Ç–µ–ª —É–¥–∞—Ä–∏—Ç—å –≤–∞—Å.
[0;0m
[1;32m409H[0;37m [0;32m142M[0;37m 17962–æ –ó–∞—É—á:0 [1;32m[–ì–µ–Ω–æ–¥:–õ–µ–≥–∫–æ —Ä–∞–Ω–µ–Ω][0;37m [1;31m[–¥–∏–∫–∏–π –±—ã–∫:–¢—è–∂–µ–ª–æ —Ä–∞–Ω–µ–Ω][0;37m > ˇ˘
–î–∏–∫–∏–π –±—ã–∫ –ø–æ–¥–Ω—è–ª—Å—è.
–î–æ—Å–ø–µ—Ö–∏ –¥–∏–∫–æ–≥–æ –±—ã–∫–∞ –ø–æ–ª–Ω–æ—Å—Ç—å—é –ø–æ–≥–ª–æ—Ç–∏–ª–∏ –≤–∞—à —É–¥–∞—Ä.
[1;31m–í—ã –ø–æ–ª–µ—Ç–µ–ª–∏ –Ω–∞ –∑–µ–º–ª—é –æ—Ç –º–æ—â–Ω–æ–≥–æ —É–¥–∞—Ä–∞ –¥–∏–∫–æ–≥–æ –±—ã–∫–∞.
[0;0m[1;31m–î–∏–∫–∏–π –±—ã–∫ —É–¥–∞—Ä–∏–ª –≤–∞—Å.
[0;0m[1;31m–î–∏–∫–∏–π –±—ã–∫ —Å–ª–µ–≥–∫–∞ —É–¥–∞—Ä–∏–ª –≤–∞—Å.
[0;0m
[1;32m390H[0;37m [0;32m142M[0;37m 17962–æ –ó–∞—É—á:0 [1;32m[–ì–µ–Ω–æ–¥:–õ–µ–≥–∫–æ —Ä–∞–Ω–µ–Ω][0;37m [1;31m[–¥–∏–∫–∏–π –±—ã–∫:–¢—è–∂–µ–ª–æ —Ä–∞–Ω–µ–Ω][0;37m > ˇ˘
[1;37m–í–∞–º –ª—É—á—à–µ –≤—Å—Ç–∞—Ç—å –Ω–∞ –Ω–æ–≥–∏![0;37m
[1;33m–í—ã –ª–µ–≥–æ–Ω—å–∫–æ —É–¥–∞—Ä–∏–ª–∏ –¥–∏–∫–æ–≥–æ –±—ã–∫–∞.
[0;0m[0;31m–î–∏–∫–∏–π –±—ã–∫ –ø–æ–ø—ã—Ç–∞–ª—Å—è —É–¥–∞—Ä–∏—Ç—å –≤–∞—Å, –Ω–æ –Ω–µ —Ä–∞—Å—Å—á–∏—Ç–∞–ª –∏ –ø—Ä–æ–º–∞—Ö–Ω—É–ª—Å—è.
[0;0m[0;31m–î–∏–∫–∏–π –±—ã–∫ –ø—Ä–æ–º–∞–∑–∞–ª, –∫–æ–≥–¥–∞ —Ö–æ—Ç–µ–ª —É–¥–∞—Ä–∏—Ç—å –≤–∞—Å.
[0;0m
[1;32m396H[0;37m [0;32m142M[0;37m 17961–æ –ó–∞—É—á:0 [1;32m[–ì–µ–Ω–æ–¥:–õ–µ–≥–∫–æ —Ä–∞–Ω–µ–Ω][0;37m [1;31m[–¥–∏–∫–∏–π –±—ã–∫:–¢—è–∂–µ–ª–æ —Ä–∞–Ω–µ–Ω][0;37m > ˇ˘
[1;37m–í–∞–º –ª—É—á—à–µ –≤—Å—Ç–∞—Ç—å –Ω–∞ –Ω–æ–≥–∏![0;37m
[1;33m–í—ã –ª–µ–≥–æ–Ω—å–∫–æ —É–¥–∞—Ä–∏–ª–∏ –¥–∏–∫–æ–≥–æ –±—ã–∫–∞.
[0;0m[0;31m–î–∏–∫–∏–π –±—ã–∫ —Ö–æ—Ç–µ–ª –∑–∞–≤–∞–ª–∏—Ç—å –≤–∞—Å, –Ω–æ, –Ω–µ —Ä–∞—Å—Å—á–∏—Ç–∞–≤ —Å–∏–ª, —É–ø–∞–ª —Å–∞–º.
[0;0m[1;31m–î–∏–∫–∏–π –±—ã–∫ —Å–ª–µ–≥–∫–∞ —É–¥–∞—Ä–∏–ª –≤–∞—Å.
[0;0m[1;31m–î–∏–∫–∏–π –±—ã–∫ —É–¥–∞—Ä–∏–ª –≤–∞—Å.
[0;0m
[1;32m384H[0;37m [0;32m142M[0;37m 17960–æ –ó–∞—É—á:0 [1;32m[–ì–µ–Ω–æ–¥:–õ–µ–≥–∫–æ —Ä–∞–Ω–µ–Ω][0;37m [1;31m[–¥–∏–∫–∏–π –±—ã–∫:–¢—è–∂–µ–ª–æ —Ä–∞–Ω–µ–Ω][0;37m > ˇ˘–í—ã –≤—Å—Ç–∞–ª–∏.

[1;32m390H[0;37m [0;32m142M[0;37m 17960–æ –ó–∞—É—á:0 [1;32m[–ì–µ–Ω–æ–¥:–õ–µ–≥–∫–æ —Ä–∞–Ω–µ–Ω][0;37m [1;31m[–¥–∏–∫–∏–π –±—ã–∫:–¢—è–∂–µ–ª–æ —Ä–∞–Ω–µ–Ω][0;37m > ˇ˘
[1;33m–í—ã –ª–µ–≥–æ–Ω—å–∫–æ —É–¥–∞—Ä–∏–ª–∏ –¥–∏–∫–æ–≥–æ –±—ã–∫–∞.
[0;0m[1;31m–î–∏–∫–∏–π –±—ã–∫ —Å–ª–µ–≥–∫–∞ —É–¥–∞—Ä–∏–ª –≤–∞—Å.
[0;0m[0;31m–î–∏–∫–∏–π –±—ã–∫ –ø–æ–ø—ã—Ç–∞–ª—Å—è —É–¥–∞—Ä–∏—Ç—å –≤–∞—Å, –Ω–æ –Ω–µ —Ä–∞—Å—Å—á–∏—Ç–∞–ª –∏ –ø—Ä–æ–º–∞—Ö–Ω—É–ª—Å—è.
[0;0m
[1;32m382H[0;37m [0;32m142M[0;37m 17959–æ –ó–∞—É—á:0 [1;32m[–ì–µ–Ω–æ–¥:–õ–µ–≥–∫–æ —Ä–∞–Ω–µ–Ω][0;37m [1;31m[–¥–∏–∫–∏–π –±—ã–∫:–¢—è–∂–µ–ª–æ —Ä–∞–Ω–µ–Ω][0;37m > ˇ˘
[1;33m–í—ã –ª–µ–≥–æ–Ω—å–∫–æ —É–¥–∞—Ä–∏–ª–∏ –¥–∏–∫–æ–≥–æ –±—ã–∫–∞.
[0;0m[0;31m–î–∏–∫–∏–π –±—ã–∫ –ø—Ä–æ–º–∞–∑–∞–ª, –∫–æ–≥–¥–∞ —Ö–æ—Ç–µ–ª —É–¥–∞—Ä–∏—Ç—å –≤–∞—Å.
[0;0m[0;31m–î–∏–∫–∏–π –±—ã–∫ –ø—Ä–æ–º–∞–∑–∞–ª, –∫–æ–≥–¥–∞ —Ö–æ—Ç–µ–ª —É–¥–∞—Ä–∏—Ç—å –≤–∞—Å.
[0;0m
[1;32m388H[0;37m [0;32m142M[0;37m 17958–æ –ó–∞—É—á:0 [1;32m[–ì–µ–Ω–æ–¥:–õ–µ–≥–∫–æ —Ä–∞–Ω–µ–Ω][0;37m [1;31m[–¥–∏–∫–∏–π –±—ã–∫:–¢—è–∂–µ–ª–æ —Ä–∞–Ω–µ–Ω][0;37m > ˇ˘
–î–∏–∫–∏–π –±—ã–∫ –ø–æ–¥–Ω—è–ª—Å—è.
[1;33m–í—ã –ª–µ–≥–æ–Ω—å–∫–æ —É–¥–∞—Ä–∏–ª–∏ –¥–∏–∫–æ–≥–æ –±—ã–∫–∞.
[0;0m[0;31m–î–∏–∫–∏–π –±—ã–∫ –ø–æ–ø—ã—Ç–∞–ª—Å—è —Å–±–∏—Ç—å –≤–∞—Å —Å –Ω–æ–≥, –Ω–æ, –≤ –∏—Ç–æ–≥–µ, –ø—Ä–∏–∑–µ–º–ª–∏–ª—Å—è —Å–∞–º.
[0;0m[0;31m–î–∏–∫–∏–π –±—ã–∫ –ø—Ä–æ–º–∞–∑–∞–ª, –∫–æ–≥–¥–∞ —Ö–æ—Ç–µ–ª —É–¥–∞—Ä–∏—Ç—å –≤–∞—Å.
[0;0m[1;31m–î–∏–∫–∏–π –±—ã–∫ —Å–ª–µ–≥–∫–∞ —É–¥–∞—Ä–∏–ª –≤–∞—Å.
[0;0m
[1;32m388H[0;37m [0;32m142M[0;37m 17957–æ –ó–∞—É—á:0 [1;32m[–ì–µ–Ω–æ–¥:–õ–µ–≥–∫–æ —Ä–∞–Ω–µ–Ω][0;37m [1;31m[–¥–∏–∫–∏–π –±—ã–∫:–¢—è–∂–µ–ª–æ —Ä–∞–Ω–µ–Ω][0;37m > ˇ˘
[1;33m–í—ã –ª–µ–≥–æ–Ω—å–∫–æ —É–¥–∞—Ä–∏–ª–∏ –¥–∏–∫–æ–≥–æ –±—ã–∫–∞.
[0;0m[1;31m–î–∏–∫–∏–π –±—ã–∫ —Å–ª–µ–≥–∫–∞ —É–¥–∞—Ä–∏–ª –≤–∞—Å.
[0;0m[0;31m–î–∏–∫–∏–π –±—ã–∫ –ø–æ–ø—ã—Ç–∞–ª—Å—è —É–¥–∞—Ä–∏—Ç—å –≤–∞—Å, –Ω–æ –Ω–µ —Ä–∞—Å—Å—á–∏—Ç–∞–ª –∏ –ø—Ä–æ–º–∞—Ö–Ω—É–ª—Å—è.
[0;0m
[1;32m384H[0;37m [0;32m142M[0;37m 17956–æ –ó–∞—É—á:0 [1;32m[–ì–µ–Ω–æ–¥:–õ–µ–≥–∫–æ —Ä–∞–Ω–µ–Ω][0;37m [1;31m[–¥–∏–∫–∏–π –±—ã–∫:–¢—è–∂–µ–ª–æ —Ä–∞–Ω–µ–Ω][0;37m > ˇ˘
–î–æ—Å–ø–µ—Ö–∏ –¥–∏–∫–æ–≥–æ –±—ã–∫–∞ –ø–æ–ª–Ω–æ—Å—Ç—å—é –ø–æ–≥–ª–æ—Ç–∏–ª–∏ –≤–∞—à —É–¥–∞—Ä.
[0;31m–î–∏–∫–∏–π –±—ã–∫ –ø–æ–ø—ã—Ç–∞–ª—Å—è —É–¥–∞—Ä–∏—Ç—å –≤–∞—Å, –Ω–æ –Ω–µ —Ä–∞—Å—Å—á–∏—Ç–∞–ª –∏ –ø—Ä–æ–º–∞—Ö–Ω—É–ª—Å—è.
[0;0m[0;31m–î–∏–∫–∏–π –±—ã–∫ –ø—Ä–æ–º–∞–∑–∞–ª, –∫–æ–≥–¥–∞ —Ö–æ—Ç–µ–ª —É–¥–∞—Ä–∏—Ç—å –≤–∞—Å.
[0;0m
[1;32m390H[0;37m [0;32m142M[0;37m 17956–æ –ó–∞—É—á:0 [1;32m[–ì–µ–Ω–æ–¥:–õ–µ–≥–∫–æ —Ä–∞–Ω–µ–Ω][0;37m [1;31m[–¥–∏–∫–∏–π –±—ã–∫:–¢—è–∂–µ–ª–æ —Ä–∞–Ω–µ–Ω][0;37m > ˇ˘
–î–∏–∫–∏–π –±—ã–∫ –ø–æ–¥–Ω—è–ª—Å—è.
[1;33m–í—ã –ª–µ–≥–æ–Ω—å–∫–æ —É–¥–∞—Ä–∏–ª–∏ –¥–∏–∫–æ–≥–æ –±—ã–∫–∞.
[0;0m[1;31m–í—ã –ø–æ–ª–µ—Ç–µ–ª–∏ –Ω–∞ –∑–µ–º–ª—é –æ—Ç –º–æ—â–Ω–æ–≥–æ —É–¥–∞—Ä–∞ –¥–∏–∫–æ–≥–æ –±—ã–∫–∞.
[0;0m[1;31m–î–∏–∫–∏–π –±—ã–∫ —É–¥–∞—Ä–∏–ª –≤–∞—Å.
[0;0m[1;31m–î–∏–∫–∏–π –±—ã–∫ —Å–ª–µ–≥–∫–∞ —É–¥–∞—Ä–∏–ª –≤–∞—Å.
[0;0m
[1;32m373H[0;37m [0;32m142M[0;37m 17955–æ –ó–∞—É—á:0 [1;32m[–ì–µ–Ω–æ–¥:–õ–µ–≥–∫–æ —Ä–∞–Ω–µ–Ω][0;37m [1;31m[–¥–∏–∫–∏–π –±—ã–∫:–¢—è–∂–µ–ª–æ —Ä–∞–Ω–µ–Ω][0;37m > ˇ˘
[1;37m–í–∞–º –ª—É—á—à–µ –≤—Å—Ç–∞—Ç—å –Ω–∞ –Ω–æ–≥–∏![0;37m
[1;33m–í—ã –ª–µ–≥–æ–Ω—å–∫–æ —É–¥–∞—Ä–∏–ª–∏ –¥–∏–∫–æ–≥–æ –±—ã–∫–∞.
[0;0m[1;31m–î–∏–∫–∏–π –±—ã–∫ —É–¥–∞—Ä–∏–ª –≤–∞—Å.
[0;0m[0;31m–î–∏–∫–∏–π –±—ã–∫ –ø—Ä–æ–º–∞–∑–∞–ª, –∫–æ–≥–¥–∞ —Ö–æ—Ç–µ–ª —É–¥–∞—Ä–∏—Ç—å –≤–∞—Å.
[0;0m
[1;32m367H[0;37m [0;32m142M[0;37m 17954–æ –ó–∞—É—á:0 [1;32m[–ì–µ–Ω–æ–¥:–õ–µ–≥–∫–æ —Ä–∞–Ω–µ–Ω][0;37m [1;31m[–¥–∏–∫–∏–π –±—ã–∫:–¢—è–∂–µ–ª–æ —Ä–∞–Ω–µ–Ω][0;37m > ˇ˘
[1;37m–í–∞–º –ª—É—á—à–µ –≤—Å—Ç–∞—Ç—å –Ω–∞ –Ω–æ–≥–∏![0;37m
[1;33m–í—ã –ª–µ–≥–æ–Ω—å–∫–æ —É–¥–∞—Ä–∏–ª–∏ –¥–∏–∫–æ–≥–æ –±—ã–∫–∞.
[0;0m[0;31m–î–∏–∫–∏–π –±—ã–∫ —Ö–æ—Ç–µ–ª –∑–∞–≤–∞–ª–∏—Ç—å –≤–∞—Å, –Ω–æ, –Ω–µ —Ä–∞—Å—Å—á–∏—Ç–∞–≤ —Å–∏–ª, —É–ø–∞–ª —Å–∞–º.
[0;0m[1;31m–î–∏–∫–∏–π –±—ã–∫ —É–¥–∞—Ä–∏–ª –≤–∞—Å.
[0;0m[0;31m–ú–µ—Ç–∫–æ–µ –ø–æ–ø–∞–¥–∞–Ω–∏–µ –¥–∏–∫–æ–≥–æ –±—ã–∫–∞ —Ç—è–∂–µ–ª–æ —Ä–∞–Ω–∏–ª–æ –≤–∞—Å.[0;0m
[1;31m–î–∏–∫–∏–π –±—ã–∫ —É–¥–∞—Ä–∏–ª –≤–∞—Å.
[0;0m
[1;32m336H[0;37m [0;32m142M[0;37m 17953–æ –ó–∞—É—á:0 [1;32m[–ì–µ–Ω–æ–¥:–õ–µ–≥–∫–æ —Ä–∞–Ω–µ–Ω][0;37m [1;31m[–¥–∏–∫–∏–π –±—ã–∫:–¢—è–∂–µ–ª–æ —Ä–∞–Ω–µ–Ω][0;37m > ˇ˘–í—ã –≤—Å—Ç–∞–ª–∏.

[1;32m343H[0;37m [0;32m142M[0;37m 17953–æ –ó–∞—É—á:0 [1;32m[–ì–µ–Ω–æ–¥:–õ–µ–≥–∫–æ —Ä–∞–Ω–µ–Ω][0;37m [1;31m[–¥–∏–∫–∏–π –±—ã–∫:–¢—è–∂–µ–ª–æ —Ä–∞–Ω–µ–Ω][0;37m > ˇ˘[1;33m–í—ã –ª–µ–≥–æ–Ω—å–∫–æ —É–¥–∞—Ä–∏–ª–∏ –¥–∏–∫–æ–≥–æ –±—ã–∫–∞.
[0;0m[0;31m–î–∏–∫–∏–π –±—ã–∫ –ø—Ä–æ–º–∞–∑–∞–ª, –∫–æ–≥–¥–∞ —Ö–æ—Ç–µ–ª —É–¥–∞—Ä–∏—Ç—å –≤–∞—Å.
[0;0m[1;31m–î–∏–∫–∏–π –±—ã–∫ —Å–ª–µ–≥–∫–∞ —É–¥–∞—Ä–∏–ª –≤–∞—Å.
[0;0m–í—ã –≤–∑—è–ª–∏ –º–∞–ª–µ–Ω—å–∫—É—é —Ç—è–ø–∫—É –≤ –ª–µ–≤—É—é —Ä—É–∫—É.

[1;32m333H[0;37m [0;32m142M[0;37m 17952–æ –ó–∞—É—á:0 [1;32m[–ì–µ–Ω–æ–¥:–õ–µ–≥–∫–æ —Ä–∞–Ω–µ–Ω][0;37m [1;31m[–¥–∏–∫–∏–π –±—ã–∫:–¢—è–∂–µ–ª–æ —Ä–∞–Ω–µ–Ω][0;37m > ˇ˘–í–º –Ω—É–∂–Ω–æ –Ω–∞–±—Ä–∞—Ç—å—Å—è —Å–∏–ª.

[1;32m333H[0;37m [0;32m142M[0;37m 17952–æ –ó–∞—É—á:0 [1;32m[–ì–µ–Ω–æ–¥:–õ–µ–≥–∫–æ —Ä–∞–Ω–µ–Ω][0;37m [1;31m[–¥–∏–∫–∏–π –±—ã–∫:–¢—è–∂–µ–ª–æ —Ä–∞–Ω–µ–Ω][0;37m > ˇ˘
[1;33m–í—ã –ª–µ–≥–æ–Ω—å–∫–æ —É–¥–∞—Ä–∏–ª–∏ –¥–∏–∫–æ–≥–æ –±—ã–∫–∞.
[0;0m[1;33m–í—ã –æ–≥—Ä–µ–ª–∏ –¥–∏–∫–æ–≥–æ –±—ã–∫–∞.
[0;0m[0;31m–î–∏–∫–∏–π –±—ã–∫ –ø–æ–ø—ã—Ç–∞–ª—Å—è —É–¥–∞—Ä–∏—Ç—å –≤–∞—Å, –Ω–æ –Ω–µ —Ä–∞—Å—Å—á–∏—Ç–∞–ª –∏ –ø—Ä–æ–º–∞—Ö–Ω—É–ª—Å—è.
[0;0m[1;31m–î–∏–∫–∏–π –±—ã–∫ —Å–ª–µ–≥–∫–∞ —É–¥–∞—Ä–∏–ª –≤–∞—Å.
[0;0m
[1;32m330H[0;37m [0;32m142M[0;37m 17930–æ –ó–∞—É—á:0 [1;32m[–ì–µ–Ω–æ–¥:–õ–µ–≥–∫–æ —Ä–∞–Ω–µ–Ω][0;37m [1;31m[–¥–∏–∫–∏–π –±—ã–∫:–¢—è–∂–µ–ª–æ —Ä–∞–Ω–µ–Ω][0;37m > ˇ˘
–î–∏–∫–∏–π –±—ã–∫ –ø–æ–¥–Ω—è–ª—Å—è.
–î–æ—Å–ø–µ—Ö–∏ –¥–∏–∫–æ–≥–æ –±—ã–∫–∞ –ø–æ–ª–Ω–æ—Å—Ç—å—é –ø–æ–≥–ª–æ—Ç–∏–ª–∏ –≤–∞—à —É–¥–∞—Ä.
[0;31m–î–∏–∫–∏–π –±—ã–∫ –ø–æ–ø—ã—Ç–∞–ª—Å—è —Å–±–∏—Ç—å –≤–∞—Å —Å –Ω–æ–≥, –Ω–æ, –≤ –∏—Ç–æ–≥–µ, –ø—Ä–∏–∑–µ–º–ª–∏–ª—Å—è —Å–∞–º.
[0;0m[0;31m–î–∏–∫–∏–π –±—ã–∫ –ø—Ä–æ–º–∞–∑–∞–ª, –∫–æ–≥–¥–∞ —Ö–æ—Ç–µ–ª —É–¥–∞—Ä–∏—Ç—å –≤–∞—Å.
[0;0m[0;31m–î–∏–∫–∏–π –±—ã–∫ –ø–æ–ø—ã—Ç–∞–ª—Å—è —É–¥–∞—Ä–∏—Ç—å –≤–∞—Å, –Ω–æ –Ω–µ —Ä–∞—Å—Å—á–∏—Ç–∞–ª –∏ –ø—Ä–æ–º–∞—Ö–Ω—É–ª—Å—è.
[0;0m
[1;32m336H[0;37m [0;32m142M[0;37m 17930–æ –ó–∞—É—á:0 [1;32m[–ì–µ–Ω–æ–¥:–õ–µ–≥–∫–æ —Ä–∞–Ω–µ–Ω][0;37m [1;31m[–¥–∏–∫–∏–π –±—ã–∫:–¢—è–∂–µ–ª–æ —Ä–∞–Ω–µ–Ω][0;37m > ˇ˘–í—ã –≤–æ–æ—Ä—É–∂–∏–ª–∏—Å—å –∫—Ä–µ–ø–∫–æ–π –ø–∞–ª–∫–æ–π.

[1;32m342H[0;37m [0;32m142M[0;37m 17930–æ –ó–∞—É—á:0 [1;32m[–ì–µ–Ω–æ–¥:–õ–µ–≥–∫–æ —Ä–∞–Ω–µ–Ω][0;37m [1;31m[–¥–∏–∫–∏–π –±—ã–∫:–¢—è–∂–µ–ª–æ —Ä–∞–Ω–µ–Ω][0;37m > ˇ˘
[1;33m–í—ã —Å–æ–∫—Ä—É—à–∏–ª–∏ –¥–∏–∫–æ–≥–æ –±—ã–∫–∞.
[0;0m[1;31m–î–∏–∫–∏–π –±—ã–∫ —Å–ª–µ–≥–∫–∞ —É–¥–∞—Ä–∏–ª –≤–∞—Å.
[0;0m[1;31m–î–∏–∫–∏–π –±—ã–∫ —Å–ª–µ–≥–∫–∞ —É–¥–∞—Ä–∏–ª –≤–∞—Å.
[0;0m[1;32m–í–∞—à–µ –º–µ—Ç–∫–æ–µ –ø–æ–ø–∞–¥–∞–Ω–∏–µ —Ç—è–∂–µ–ª–æ —Ä–∞–Ω–∏–ª–æ –¥–∏–∫–æ–≥–æ –±—ã–∫–∞.[0;0m
[1;33m–í—ã —Å–∏–ª—å–Ω–æ –æ–≥—Ä–µ–ª–∏ –¥–∏–∫–æ–≥–æ –±—ã–∫–∞.
[0;0m
[1;32m326H[0;37m [0;32m142M[0;37m 17854–æ –ó–∞—É—á:0 [1;32m[–ì–µ–Ω–æ–¥:–õ–µ–≥–∫–æ —Ä–∞–Ω–µ–Ω][0;37m [0;31m[–¥–∏–∫–∏–π –±—ã–∫:–û.—Ç—è–∂–µ–ª–æ —Ä–∞–Ω–µ–Ω][0;37m > ˇ˘
[1;31m–î–∏–∫–∏–π –±—ã–∫ —Å–ª–µ–≥–∫–∞ —É–¥–∞—Ä–∏–ª –≤–∞—Å.
[0;0m[0;31m–î–∏–∫–∏–π –±—ã–∫ –ø—Ä–æ–º–∞–∑–∞–ª, –∫–æ–≥–¥–∞ —Ö–æ—Ç–µ–ª —É–¥–∞—Ä–∏—Ç—å –≤–∞—Å.
[0;0m[1;33m–í—ã —Å–æ–∫—Ä—É—à–∏–ª–∏ –¥–∏–∫–æ–≥–æ –±—ã–∫–∞.
[0;0m[1;33m–í—ã –æ–≥—Ä–µ–ª–∏ –¥–∏–∫–æ–≥–æ –±—ã–∫–∞, —Ä–∞—Å–∫–æ–ª–æ–≤ –µ–≥–æ –∂–∏–∑–Ω—å –≤ —â–µ–ø–∫–∏.
[0;0m–î–∏–∫–∏–π –±—ã–∫ –º–µ—Ä—Ç–≤, –µ–≥–æ –¥—É—à–∞ –º–µ–¥–ª–µ–Ω–Ω–æ –ø–æ–¥—ã–º–∞–µ—Ç—Å—è –≤ –Ω–µ–±–µ—Å–∞.
–í–∞—à –æ–ø—ã—Ç –ø–æ–≤—ã—Å–∏–ª—Å—è –Ω–∞ 700 –æ—á–∫–æ–≤.

[1;32m323H[0;37m [0;32m142M[0;37m 17110–æ –ó–∞—É—á:0 –í—ã—Ö:–°–í–Æ> ˇ˘–ê –≤—ã —É–∂–µ —Å—Ç–æ–∏—Ç–µ.

[1;32m329H[0;37m [0;32m142M[0;37m 17110–æ –ó–∞—É—á:0 –í—ã—Ö:–°–í–Æ> ˇ˘
–í–µ—Å–µ–ª—ã–π —à–º–µ–ª—å –ø—Ä–∏–ª–µ—Ç–µ–ª —Å —Å–µ–≤–µ—Ä–∞.

[1;32m393H[0;37m [0;32m142M[0;37m 17110–æ –ó–∞—É—á:0 –í—ã—Ö:–°–í–Æ> ˇ˘
–í–µ—Å–µ–ª—ã–π —à–º–µ–ª—å —É–ª–µ—Ç–µ–ª –Ω–∞ –≤–æ—Å—Ç–æ–∫.

[0;32m463H[0;37m [0;32m142M[0;37m 17110–æ –ó–∞—É—á:0 –í—ã—Ö:–°–í–Æ> ˇ˘
–°–∏–ª—å–Ω—ã–π –≤–µ—Ç–µ—Ä.

[0;32m463H[0;37m [0;32m142M[0;37m 17110–æ –ó–∞—É—á:0 –í—ã—Ö:–°–í–Æ> ˇ˘
[1;31m–ú–∏–Ω—É–ª —á–∞—Å.[0;37m

[0;32m463H[0;37m [0;32m142M[0;37m 17110–æ –ó–∞—É—á:0 –í—ã—Ö:–°–í–Æ> ˇ˘
–ß–µ—Ä–≤–∏ –Ω–µ –æ—Å—Ç–∞–≤–∏–ª–∏ –æ—Ç —Ç—Ä—É–ø–∞ –¥–∏–∫–æ–π –ø—á–µ–ª—ã –∏ —Å–ª–µ–¥–∞.

[0;32m463H[0;37m [0;32m142M[0;37m 17110–æ –ó–∞—É—á:0 –í—ã—Ö:–°–í–Æ> ˇ˘[1;36m–®–∏—Ä–æ–∫–æ–µ –ø–æ–ª–µ [6703][0;37m
   –ü–æ—Ä–æ—Å—à–µ–µ –≥—É—Å—Ç–æ–π —Ç—Ä–∞–≤–æ–π —à–∏—Ä–æ–∫–æ–µ –ø–æ–ª–µ —Ä–∞–¥—É–µ—Ç –≥–ª–∞–∑ –ª—é–±–æ–≥–æ –Ω–∞–µ–∑–¥–Ω–∏–∫–∞. –ö—É–¥–∞
–Ω–µ –∫–∏–Ω—å –≤–∑–≥–ª—è–¥ - –≤–µ–∑–¥–µ —Ä–∞–∑–¥–æ–ª—å–Ω–æ–µ —Ä—É—Å—Å–∫–æ–µ –ø–æ–ª–µ.
[0;36m[ Exits: n e s ][0;37m
[1;33m–¢—Ä—É–ø –¥–∏–∫–æ–≥–æ –±—ã–∫–∞ –ª–µ–∂–∏—Ç –∑–¥–µ—Å—å.
–¢—Ä—É–ø –¥–∏–∫–æ–π –ø—á–µ–ª—ã –ª–µ–∂–∏—Ç –∑–¥–µ—Å—å.
–¢—Ä—É–ø –¥–∏–∫–æ–≥–æ –±—ã–∫–∞ –ª–µ–∂–∏—Ç –∑–¥–µ—Å—å.
[1;31m[0;0m
[0;32m463H[0;37m [0;32m142M[0;37m 17110–æ –ó–∞—É—á:0 –í—ã—Ö:–°–í–Æ> ˇ˘–í—ã –ø–æ–ø–ª–µ–ª–∏—Å—å –Ω–∞ —é–≥.
[1;36m–î–æ—Ä–æ–∂–∫–∞ [6700][0;37m
   –î–æ—Ä–æ–∂–∫–∞ –ø–µ—Ä–µ—Å–µ–∫–∞–µ—Ç —à–∏—Ä–æ–∫–æ–µ –ø–æ–ª–µ –∏ —Å–æ–µ–¥–∏–Ω—è–µ—Ç —Å–æ—Å–µ–¥–Ω–∏–µ –¥–µ—Ä–µ–≤—É—à–∫–∏. –ò–∑—Ä–µ–¥–∫–∞
–≤—Å—Ç—Ä–µ—á–∞—é—Ç—Å—è –æ–¥–∏–Ω–æ–∫–∏–µ –ø—É—Ç–Ω–∏–∫–∏, –±—Ä–µ–¥—É—â–∏–µ –≤ –Ω–µ–≤–µ–¥–æ–º—É—é –¥–∞–ª—å. –°—Ç–µ–ø–Ω—ã–µ –∑–≤–µ—Ä—å–∫–∏
—Å–ø–æ–∫–æ–π–Ω–æ –±–µ–≥–∞—é—Ç –ø–æ –¥–æ—Ä–æ–≥–µ –Ω–∏—Å–∫–æ–ª—å–∫–æ –Ω–µ –±–æ—è—Å—å —á–µ–ª–æ–≤–µ–∫–∞. –î–æ—Ä–æ–∂–∫–∞ —Ç—è–Ω–µ—Ç—Å—è
–Ω–∞ –≤–æ—Å—Ç–æ–∫.
[0;36m[ Exits: n e W ][0;37m
[1;33m[1;31m[0;0m
[0;32m463H[0;37m [0;32m140M[0;37m 17110–æ –ó–∞—É—á:0 –í—ã—Ö:–°–í–ó> ˇ˘–í—ã –ø–æ–ø–ª–µ–ª–∏—Å—å –Ω–∞ –∑–∞–ø–∞–¥.
[1;36m–ù–∞ –¥–æ—Ä–æ–≥–µ —É –¥–µ—Ä–µ–≤–Ω–∏ [6048][0;37m
   –ß—É—Ç—å —é–∂–Ω–µ–µ —Ä–∞—Å–ø–æ–ª–æ–∂–µ–Ω—ã –≤–æ—Ä–æ—Ç–∞, –≤–µ–¥—É—â–∏–µ –≤ —Å—Ç–µ–ø–Ω—É—é –¥–µ—Ä–µ–≤–Ω—é. –ù–∞ –≤–æ—Å—Ç–æ–∫ —É—Ö–æ–¥–∏—Ç
—Å—Ç–µ–ø–Ω–∞—è –¥–æ—Ä–æ–≥–∞. –î–æ—Ä–æ–≥–∞ –ø—Ä—è–º–æ –≤–µ–¥–µ—Ç –∫ –±–ª–∏–∂–∞–π—à–µ–º—É –ø—Ä–∏–ª–µ—Å–∫—É.
[0;36m[ Exits: E s ][0;37m
[1;33m[1;31m[0;0m
–°—Ç–µ–ø–Ω–∞—è –¥–µ—Ä–µ–≤–Ω—è (3-—è —Ä–æ–¥–æ–≤–∞—è).

[0;32m463H[0;37m [0;32m141M[0;37m 17110–æ –ó–∞—É—á:0 –í—ã—Ö:–í–Æ> ˇ˘–í—ã –ø–æ–ø–ª–µ–ª–∏—Å—å –Ω–∞ —é–≥.
[1;36m–ö—Ä–µ–ø–∫–∏–µ –≤–æ—Ä–æ—Ç–∞ [6031][0;37m
   –í–æ–π–¥—è –≤ –¥–µ—Ä–µ–≤—É—à–∫—É, –≤—ã –∑–∞–º–µ—Ç–∏–ª–∏, —á—Ç–æ –æ–Ω–∞ –Ω–µ —Ç–∞–∫ —É–∂ –∏ –º–∞–ª–∞, –∫–∞–∫ –∫–∞–∂–µ—Ç—Å—è
—Å–Ω–∞—Ä—É–∂–∏. –û–∫–æ–ª–æ —Å—Ç–≤–æ—Ä–æ–∫ –≤–æ—Ä–æ—Ç —Å—Ç–æ–∏—Ç –Ω–∞ –ø–æ—Å—Ç—É –ø–∞—Ä–∞ –º–µ—Å—Ç–Ω—ã—Ö –æ—Ö—Ä–∞–Ω–Ω–∏–∫–æ–≤. 
–ì–æ–≤–æ—Ä—è—Ç, —á—Ç–æ –≤ —ç—Ç—É –¥–µ—Ä–µ–≤–Ω—é –Ω–∏ —Ä–∞–∑—É –Ω–µ –≤—Ä—ã–≤–∞–ª–∏—Å—å –ø–æ–ª–æ–≤—Ü—ã –±–ª–∞–≥–æ–¥–∞—Ä—è —Ö—Ä–∞–±—Ä–æ—Å—Ç–∏
—Å–≤–æ–∏—Ö –∑–∞—â–∏—Ç–Ω–∏–∫–æ–≤.  
[0;36m[ Exits: n s ][0;37m
[1;33m[1;31m[0;0m
[0;32m463H[0;37m [0;32m141M[0;37m 17110–æ –ó–∞—É—á:0 –í—ã—Ö:–°–Æ> ˇ˘–í—ã –ø–æ–ø–ª–µ–ª–∏—Å—å –Ω–∞ —é–≥.
[1;36m–°—Ç–æ—Ä–æ–∂–µ–≤–∞—è –¥–æ—Ä–æ–≥–∞ [6030][0;37m
   –í—ã –∏–¥–µ—Ç–µ –ø–æ –¥–æ—Ä–æ–≥–µ, –≤—ã–≥–ª—è–¥—è—â–µ–π –Ω–µ–º–Ω–æ–≥–æ –ø—É—Å—Ç—ã–Ω–Ω–æ –∏–∑-–∑–∞ –æ—Ç—Å—É—Ç—Å—Ç–≤–∏—è
–∂–∏—Ç–µ–ª–µ–π. –≠—Ç–æ –ø–µ—Ä–≤—ã–π –∑–∞—â–∏—Ç–Ω—ã–π —Ä—É–±–µ–∂ –æ—Ç –Ω–∞–±–µ–≥–æ–≤ –ø–æ–ª–æ–≤—Ü–µ–≤.
[0;36m[ Exits: n s W ][0;37m
[1;33m[1;31m[0;0m
[0;32m463H[0;37m [0;32m141M[0;37m 17110–æ –ó–∞—É—á:0 –í—ã—Ö:–°–Æ–ó> ˇ˘–í—ã –ø–æ–ø–ª–µ–ª–∏—Å—å –Ω–∞ —é–≥.
[1;36m–°—Ç–æ—Ä–æ–∂–µ–≤–∞—è –¥–æ—Ä–æ–≥–∞ [6028][0;37m
   –ù–µ–±–æ–ª—å—à–∞—è —É–∫—Ä–µ–ø–ª–µ–Ω–Ω–∞—è —Å –¥–≤—É—Ö —Å—Ç–æ—Ä–æ–Ω —Å—Ç–µ–Ω–∞–º–∏ –¥–æ—Ä–æ–≥–∞ –ø—Ä–æ—Ö–æ–¥–∏—Ç –º–∏–º–æ —Ö–∏–∂–∏–Ω—ã
–º–µ—Å—Ç–Ω–æ–≥–æ –æ—Ö–æ—Ç–Ω–∏–∫–∞. –ó–∞–ø–∞–¥–Ω–µ–µ –≤–∏–¥–µ–Ω –¥–æ–º —Å–æ—Ç–Ω–∏–∫–∞ –∏ –µ–≥–æ —Å–µ–º—å–∏. –û–∫–æ–ª–æ –¥–≤–µ—Ä–µ–π
–¥–æ–º–∞ —Å—Ç–æ–∏—Ç –ø–∞—Ä–∞ –∫—Ä–µ–ø–∫–∏—Ö –ø–∞—Ä–Ω–µ–π, –æ–±–ª–∞—á–µ–Ω–Ω—ã—Ö –≤ —Å—Ç–µ–≥–∞–Ω—ã–µ –∫–æ–∂–∞–Ω—ã–µ –¥–æ—Å–ø–µ—Ö–∏.
[0;36m[ Exits: n e s w ][0;37m
[1;33m[1;31m–ú–∞–ª—å—á–∏–∫ –∏–¥–µ—Ç –ø–æ —É–ª–∏—Ü–µ.
[0;0m
[0;32m463H[0;37m [0;32m141M[0;37m 17110–æ –ó–∞—É—á:0 –í—ã—Ö:–°–í–Æ–ó> ˇ˘–í—ã –ø–æ–ø–ª–µ–ª–∏—Å—å –Ω–∞ —é–≥.
[1;36m–°—Ç–æ—Ä–æ–∂–µ–≤–∞—è –¥–æ—Ä–æ–≥–∞ [6026][0;37m
   –í—ã –∏–¥–µ—Ç–µ –ø–æ –¥–æ—Ä–æ–≥–µ, –≤—ã–≥–ª—è–¥—è—â–µ–π –Ω–µ–º–Ω–æ–≥–æ –ø—É—Å—Ç—ã–Ω–Ω–æ –∏–∑-–∑–∞ –æ—Ç—Å—É—Ç—Å—Ç–≤–∏—è
–∂–∏—Ç–µ–ª–µ–π. –≠—Ç–æ –ø–µ—Ä–≤—ã–π –∑–∞—â–∏—Ç–Ω—ã–π —Ä—É–±–µ–∂ –æ—Ç –Ω–∞–±–µ–≥–æ–≤ –ø–æ–ª–æ–≤—Ü–µ–≤.
[0;36m[ Exits: n s ][0;37m
[1;33m[1;31m–°–µ–ª—è–Ω–∏–Ω –∏–¥–µ—Ç —Å –ø–æ–ª—è –¥–æ–º–æ–π.
[0;0m
[0;32m463H[0;37m [0;32m141M[0;37m 17110–æ –ó–∞—É—á:0 –í—ã—Ö:–°–Æ> ˇ˘–í—ã –ø–æ–ø–ª–µ–ª–∏—Å—å –Ω–∞ —é–≥.
[1;36m–£–≥–æ–ª –°—Ç–æ—Ä–æ–∂–µ–≤–æ–π –¥–æ—Ä–æ–≥–∏ [6025][0;37m
   –î–æ—Ä–æ–≥–∞ –ø–æ–≤–æ—Ä–∞—á–∏–≤–∞–µ—Ç –Ω–∞ —Å–µ–≤–µ—Ä –∏ –Ω–µ–¥–∞–ª–µ–∫–æ –≤—ã –≤–∏–¥–∏—Ç–µ –ø–µ—Ä–µ–∫—Ä–µ—Å—Ç–æ–∫. –ú–æ–∂–µ—Ç –±—ã—Ç—å
–æ–Ω –≤—ã–≤–µ–¥–µ—Ç –≤–∞—Å —Ç—É–¥–∞, –∫—É–¥–∞ –≤–∞–º –Ω–∞–¥–æ?
[0;36m[ Exits: n e ][0;37m
[1;33m[1;31m–ú–æ–ª–æ–¥–æ–π –≤–æ–∏–Ω –∏–¥–µ—Ç –ø–æ —Å–≤–æ–∏–º –¥–µ–ª–∞–º.
–°—Ç—Ä–æ–π–Ω—ã–π –º–æ–ª–æ–¥–æ–π –æ—Ö–æ—Ç–Ω–∏–∫-—Å–ª–µ–¥–æ–ø—ã—Ç –ø—Ä–æ—Ö–æ–¥–∏—Ç –∑–¥–µ—Å—å.
[0;0m
[0;32m463H[0;37m [0;32m141M[0;37m 17110–æ –ó–∞—É—á:0 –í—ã—Ö:–°–í> ˇ˘–í—ã –ø–æ–ø–ª–µ–ª–∏—Å—å –Ω–∞ –≤–æ—Å—Ç–æ–∫.
[1;36m–°—Ç–æ—Ä–æ–∂–µ–≤–∞—è –¥–æ—Ä–æ–≥–∞ [6024][0;37m
   –ü—Ä–æ–π–¥—è –Ω–µ–º–Ω–æ–≥–æ, –≤—ã –≤–∏–¥–∏—Ç–µ –º–µ—Å—Ç–Ω—É—é —Ä–µ–±—è—Ç–Ω—é, –∏–≥—Ä–∞—é—â–∏—Ö –≤ –æ—á–µ–Ω—å –∑–Ω–∞–∫–æ–º—É—é
–≤–∞–º –∏–≥—Ä—É, –Ω–æ –ø–æ –¥—Ä—É–≥–∏–º –ø—Ä–∞–≤–∏–ª–∞–º. –£–≤–∏–¥–µ–≤ –≤–∞—Å, –æ–Ω–∏ —Å—Ç–∞–ª–∏ —Å –∏–Ω—Ç–µ—Ä–µ—Å–æ–º –≤–∞—Å
–æ–±—Å—É–∂–¥–∞—Ç—å, –ø–æ–∫–∞–∑—ã–≤–∞—è –Ω–∞ –≤–∞—Å –ø–∞–ª—å—Ü–∞–º–∏.
[0;36m[ Exits: N e w ][0;37m
[1;33m[1;31m[0;0m
[0;32m463H[0;37m [0;32m141M[0;37m 17110–æ –ó–∞—É—á:0 –í—ã—Ö:–°–í–ó> ˇ˘–í—ã –ø–æ–ø–ª–µ–ª–∏—Å—å –Ω–∞ –≤–æ—Å—Ç–æ–∫.
[1;36m–ü–µ—Ä–µ–∫—Ä–µ—Å—Ç–æ–∫ [6018][0;37m
   –ó–¥–µ—Å—å —É–ª–∏—Ü–∞ —Ä–∞–∑–≤–µ—Ç–≤–ª—è–µ—Ç—Å—è –≤ —Ç—Ä–∏ —Å—Ç–æ—Ä–æ–Ω—ã. –£–ª–∏—Ü–∞ –Ω–∞ —é–≥ –≤–µ–¥–µ—Ç –∫ –º–µ—Å—Ç–Ω–æ–π
—Ç–∞–≤–µ—Ä–Ω–µ. –í –≤–æ—Å—Ç–æ—á–Ω–æ–º –Ω–∞–ø—Ä–∞–≤–ª–µ–Ω–∏–∏ –≤—ã –≤–∏–¥–∏—Ç–µ —Å—Ç—Ä–∞–Ω–Ω—É—é —É–ª–∏—Ü—É, –Ω–∞ –∫–æ—Ç–æ—Ä–æ–π –Ω–µ—Ç
–Ω–µ —Ç–æ–ª—å–∫–æ –≤–∑—Ä–æ—Å–ª—ã—Ö –∂–∏—Ç–µ–ª–µ–π, –Ω–æ —Ç–∞–∫–∂–µ –∏ –∏—Ö –¥–µ—Ç–µ–π. –ù–∞ –∑–∞–ø–∞–¥ –≤–∞—Å –≤–µ–¥–µ—Ç —Å—Ç–æ—Ä–æ–∂–µ–≤–∞—è
—É–ª–∏—Ü–∞.
[0;36m[ Exits: e s w ][0;37m
[1;33m[1;31m–û–±–ª–µ–∑–ª—ã–π –ø–µ—Å –ø–æ–Ω—É—Ä–æ –±—Ä–µ–¥–µ—Ç –∑–¥–µ—Å—å.
–ú–æ–ª–æ–¥–æ–π –æ—Ö—Ä–∞–Ω–Ω–∏–∫ —Å –∫–æ–ø–Ω–æ–π —á–µ—Ä–Ω—ã—Ö –≤–æ–ª–æ—Å —Å—Ç–æ–∏—Ç –∑–¥–µ—Å—å.
–ú–∞–ª—å—á–∏–∫ –∏–¥–µ—Ç –ø–æ —É–ª–∏—Ü–µ.
–ú–æ–ª–æ–¥–æ–π –æ—Ö—Ä–∞–Ω–Ω–∏–∫ —Å –∫–æ–ø–Ω–æ–π —á–µ—Ä–Ω—ã—Ö –≤–æ–ª–æ—Å —Å—Ç–æ–∏—Ç –∑–¥–µ—Å—å.
[0;0m
[0;32m463H[0;37m [0;32m141M[0;37m 17110–æ –ó–∞—É—á:0 –í—ã—Ö:–í–Æ–ó> ˇ˘–í—ã –ø–æ–ø–ª–µ–ª–∏—Å—å –Ω–∞ —é–≥.
[1;36m–°—Ä–µ–¥–∏–Ω–Ω–∞—è –¥–æ—Ä–æ–≥–∞ [6006][0;37m
   –í—ã –∏–¥–µ—Ç–µ –ø–æ –æ–∂–∏–≤–ª–µ–Ω–Ω–æ–π —É–ª–∏—Ü–µ. –°—Ä–µ–¥–∏ —Å–Ω—É—é—â–∏—Ö –≤–æ–∫—Ä—É–≥ –≤–∞—Å –∂–∏—Ç–µ–ª–µ–π –≤—ã
–∑–∞–º–µ—á–∞–µ—Ç–µ —Ç–æ—Ä–≥–æ–≤—Ü–µ–≤ –∏–∑ –¥—Ä—É–≥–∏—Ö –¥–µ—Ä–µ–≤–µ–Ω—å. –í—ã –∑–∞–º–µ—Ç–∏–ª–∏ –¥–∞–∂–µ –æ–¥–Ω–æ–≥–æ –±–æ—è—Ä–∏–Ω–∞
–∏–∑ —Å—Ç–æ–ª—å–Ω–æ–≥–æ –≥—Ä–∞–¥–∞ –ö–∏–µ–≤–∞. –ù–∏–∫—Ç–æ –∏–∑ –Ω–∏—Ö –Ω–µ –æ–±—Ä–∞—â–∞–µ—Ç –Ω–∞ –≤–∞—Å –≤–Ω–∏–º–∞–Ω–∏—è –∏ –≤—ã
—Å –≥–æ—Ä–¥—ã–º –≤–∏–¥–æ–º —à–µ—Å—Ç–≤—É–µ—Ç–µ –¥–∞–ª—å—à–µ.
[0;36m[ Exits: n s ][0;37m
[1;33m[1;31m–ú–æ–ª–æ–¥–∞—è —Å–µ–ª—è–Ω–∫–∞ —Ä–∞–∑–≥—É–ª–∏–≤–∞–µ—Ç –ø–æ —É–ª–∏—Ü–∞–º.
[0;0m
[0;32m463H[0;37m [0;32m141M[0;37m 17110–æ –ó–∞—É—á:0 –í—ã—Ö:–°–Æ> ˇ˘–í—ã –ø–æ–ø–ª–µ–ª–∏—Å—å –Ω–∞ —é–≥.
[1;36m–°—Ä–µ–¥–∏–Ω–Ω–∞—è –¥–æ—Ä–æ–≥–∞ [6005][0;37m
   –í—ã –∏–¥–µ—Ç–µ –ø–æ –æ–∂–∏–≤–ª–µ–Ω–Ω–æ–π —É–ª–∏—Ü–µ. –°—Ä–µ–¥–∏ –∂–∏—Ç–µ–ª–µ–π –≤—ã –∑–∞–º–µ—á–∞–µ—Ç–µ —Ç–æ—Ä–≥–æ–≤—Ü–µ–≤
–∏–∑ –¥—Ä—É–≥–∏—Ö –¥–µ—Ä–µ–≤–µ–Ω—å. –ù–∏–∫—Ç–æ –∏–∑ –Ω–∏—Ö –Ω–µ –æ–±—Ä–∞—â–∞–µ—Ç –Ω–∞ –≤–∞—Å –≤–Ω–∏–º–∞–Ω–∏—è –∏ –≤—ã —Å –≥–æ—Ä–¥—ã–º
–≤–∏–¥–æ–º —à–µ—Å—Ç–≤—É–µ—Ç–µ –¥–∞–ª—å—à–µ. –í–æ—Å—Ç–æ—á–Ω–µ–µ –≤—ã –∑–∞–º–µ—Ç–∏–ª–∏ —Ö–∏–∂–∏–Ω—É –º–µ—Å—Ç–Ω–æ–π —Ç—Ä–∞–≤–Ω–∏—Ü—ã.
[0;36m[ Exits: n e s ][0;37m
[1;33m–ó–¥–µ—Å—å –ª–µ–∂–∏—Ç –º–æ—Ä–∫–æ–≤—å.
[1;31m[0;0m
[0;32m463H[0;37m [0;32m141M[0;37m 17110–æ –ó–∞—É—á:0 –í—ã—Ö:–°–í–Æ> ˇ˘–í—ã –ø–æ–ø–ª–µ–ª–∏—Å—å –Ω–∞ —é–≥.
[1;36m–¶–µ–Ω—Ç—Ä–∞–ª—å–Ω—ã–π –ø–µ—Ä–µ–∫—Ä–µ—Å—Ç–æ–∫ [6003][0;37m
   –û—Å–º–æ—Ç—Ä–µ–≤—à–∏—Å—å –ø–æ —Å—Ç–æ—Ä–æ–Ω–∞–º, –≤—ã –∑–∞–º–µ—Ç–∏–ª–∏, —á—Ç–æ —É–ª–∏—Ü–∞ —Ä–∞–∑–¥–µ–ª—è–µ—Ç—Å—è –Ω–∞ –¥–≤–∞
–Ω–∞–ø—Ä–∞–≤–ª–µ–Ω–∏—è. –ù–∞ –≤–æ—Å—Ç–æ–∫–µ –≤–∏–¥–Ω–µ–µ—Ç—Å—è –¥–æ–±—Ä–æ—Ç–Ω—ã–π –¥–æ–º, –Ω–∞ –∑–∞–ø–∞–¥ –∂–µ —É–ª–∏—Ü–∞ –≤–µ–¥–µ—Ç
–∫ —Ç–æ—Ä–≥–æ–≤–æ–π —É–ª–∏—Ü–µ. –ü—Ä—è–º–æ –ø–µ—Ä–µ–¥ –≤–∞–º–∏ –Ω–∞ —é–≥–µ —Å—Ç–æ–∏—Ç –∫—Ä–∞—Å–∏–≤—ã–π –¥–æ–º —Å –º–∞—Å—Å–∏–≤–Ω–æ–π
–¥–≤–µ—Ä—å—é.
[0;36m[ Exits: n e s w ][0;37m
[1;33m[1;31m–û–±–ª–µ–∑–ª—ã–π –ø–µ—Å –ø–æ–Ω—É—Ä–æ –±—Ä–µ–¥–µ—Ç –∑–¥–µ—Å—å.
[0;0m
[0;32m463H[0;37m [0;32m141M[0;37m 17110–æ –ó–∞—É—á:0 –í—ã—Ö:–°–í–Æ–ó> ˇ˘–í—ã –ø–æ–ø–ª–µ–ª–∏—Å—å –Ω–∞ –≤–æ—Å—Ç–æ–∫.
[1;36m–ù–µ–±–æ–ª—å—à–∞—è —É–ª–æ—á–∫–∞ [6002][0;37m
   –í—ã –∏–¥–µ—Ç–µ –ø–æ —Ü–µ–Ω—Ç—Ä–∞–ª—å–Ω–æ–π —É–ª–∏—Ü–µ, –≤ –æ—Ç–ª–∏—á–∏–µ –æ—Ç –¥—Ä—É–≥–∏—Ö –æ—á–∏—â–µ–Ω–Ω–æ–π –æ—Ç –º—É—Å–æ—Ä–∞.
–ù–∞ —é–≥–æ-–≤–æ—Å—Ç–æ–∫–µ –≤–∏–¥–Ω–µ–µ—Ç—Å—è –∫—Ä–µ–ø–∫–∏–π –¥–æ–º, –∏–∑ —Ç—Ä—É–±—ã –∫–æ—Ç–æ—Ä–æ–≥–æ –ø–æ–¥–Ω–∏–º–∞–µ—Ç—Å—è
—Å–∏–∑—ã–π –¥—ã–º–æ–∫. –ú–µ—Å—Ç–Ω—ã–µ –∂–∏—Ç–µ–ª–∏ —Å –∏–Ω—Ç–µ—Ä–µ—Å–æ–º –∏ –Ω–µ–¥–æ–≤–µ—Ä–∏–µ–º –ø–æ—Å–º–∞—Ç—Ä–∏–≤–∞—é—Ç –Ω–∞ –≤–∞—Å.
[0;36m[ Exits: e w ][0;37m
[1;33m[1;31m[0;0m
[0;32m463H[0;37m [0;32m141M[0;37m 17110–æ –ó–∞—É—á:0 –í—ã—Ö:–í–ó> ˇ˘–í—ã –ø–æ–ø–ª–µ–ª–∏—Å—å –Ω–∞ –≤–æ—Å—Ç–æ–∫.
[1;36m–ü–µ—Ä–µ–¥ —Ç—Ä–∞–∫—Ç–∏—Ä–æ–º [6001][0;37m
   –í—ã –≤—ã—à–ª–∏ –∫ –Ω–µ–±–æ–ª—å—à–æ–º—É –¥–æ–º—É, –ø–æ—Å—Ç—Ä–æ–µ–Ω–Ω–æ–º—É –∏–∑ —Ç–æ–ª—Å—Ç—ã—Ö –±—Ä–µ–≤–µ–Ω. –ò–∑ –ø—Ä–∏–æ—Ç–∫—Ä—ã—Ç–æ–π
–¥–≤–µ—Ä–∏ –ø–æ—Ç—è–Ω—É–ª–∏—Å—å –º–∞–Ω—è—â–∏–µ –∑–∞–ø–∞—Ö–∏. –í–∞–º –Ω–µ —Ç–µ—Ä–ø–∏—Ç—Å—è –≤–æ–π—Ç–∏ –ø–æ—Å–∫–æ—Ä–µ–µ –≤–Ω—É—Ç—Ä—å.
–û–∫–æ–ª–æ –¥–≤–µ—Ä–∏ —Å—Ç–æ–∏—Ç —Å–æ —Å–∫—É—á–∞—é—â–∏–º –≤–∏–¥–æ–º –º–µ—Å—Ç–Ω—ã–π –≤—ã—à–∏–±–∞–ª–∞. –ü—Ä–∏ –≤–∞—à–µ–º –ø—Ä–∏–±–ª–∏–∂–µ–Ω–∏–∏
–æ–Ω –Ω–∞—Å—Ç–æ—Ä–æ–∂–∏–ª—Å—è –∏ –Ω–µ–¥–æ–±—Ä–æ –ø—Ä–∏—â—É—Ä–∏–ª—Å—è. –ó–¥–µ—Å—å –Ω–µ –ª—é–±—è—Ç –¥–µ–±–æ—à–∏—Ä–æ–≤.
[0;36m[ Exits: e s w ][0;37m
[1;33m[1;31m–®–∏—Ä–æ–∫–æ–ø–ª–µ—á–∏–π –æ—Ö—Ä–∞–Ω–Ω–∏–∫ —Å—Ç–æ–∏—Ç –∑–¥–µ—Å—å.
[0;0m
[0;32m463H[0;37m [0;32m141M[0;37m 17110–æ –ó–∞—É—á:0 –í—ã—Ö:–í–Æ–ó> ˇ˘–í—ã –ø–æ–ø–ª–µ–ª–∏—Å—å –Ω–∞ —é–≥.
[1;36m–í —Ç—Ä–∞–∫—Ç–∏—Ä–µ [6000][0;37m
   –í –¥–æ–º–µ –≤–µ—Å—å–º–∞ —É—é—Ç–Ω–æ –∏ —Ç–µ–ø–ª–æ. –£ –¥–∞–ª—å–Ω–µ–π —Å—Ç–µ–Ω–∫–∏ —Å–ª–æ–∂–µ–Ω –Ω–µ–±–æ–ª—å—à–æ–π –æ—á–∞–≥
–∏–∑ –æ–±–æ–∂–∂–µ–Ω–Ω—ã—Ö –≥–ª–∏–Ω—è–Ω—ã—Ö –∫–∏—Ä–ø–∏—á–µ–π. –í–≤–µ—Ä—Ö –≤–µ–¥–µ—Ç –ª–µ—Å—Ç–Ω–∏—Ü–∞ –∫ –∫–æ–º–Ω–∞—Ç–µ –¥–ª—è –æ—Ç–¥—ã—Ö–∞.
–ó–∞ –Ω–µ–±–æ–ª—å—à–∏–º–∏ —Å—Ç–æ–ª–∏–∫–∞–º–∏ —Å–∏–¥—è—Ç –º–µ—Å—Ç–Ω—ã–µ –∂–∏—Ç–µ–ª–∏, –æ–±–º–µ–Ω–∏–≤–∞—é—â–∏–µ—Å—è –Ω–æ–≤–æ—Å—Ç—è–º–∏ –∏
—Å–ª—É—Ö–∞–º–∏. –ü—Ä–∏—è—Ç–Ω—ã–µ –∑–∞–ø–∞—Ö–∏ —â–µ–∫–æ—á—É—Ç –≤–∞–º –Ω–æ—Å, –∂–µ–ª—É–¥–æ–∫ –Ω–∞–ø–æ–º–∏–Ω–∞–µ—Ç –≤–∞–º, —á—Ç–æ –≤—ã
–ø—Ä–æ–¥–µ–ª–∞–ª–∏ –¥–æ–ª–≥–∏–π –ø—É—Ç—å, –Ω–æ–≥–∏ —Ç–∞–∫ –∏ –ø—Ä–æ—Å—è—Ç—Å—è –ø—Ä–∏—Å–µ—Å—Ç—å –Ω–∞ –∫–∞–∫–æ–π-–Ω–∏–±—É–¥—å —Å—Ç—É–ª.
[0;36m[ Exits: n u ][0;37m
[1;33m[1;31m–ù–µ–≤—ã—Å–æ–∫–∏–π —Å–µ–¥–æ–π –º—É–∂—á–∏–Ω–∞ —Å—Ç–æ–∏—Ç –∑–¥–µ—Å—å.
[0;0m
[0;32m463H[0;37m [0;32m141M[0;37m 17110–æ –ó–∞—É—á:0 –í—ã—Ö:–°^> ˇ˘–í—ã –ø–æ–ø–ª–µ–ª–∏—Å—å –≤–≤–µ—Ä—Ö.
[1;36m–ö–æ–º–Ω–∞—Ç–∞ –æ—Ç–¥—ã—Ö–∞ [6049][0;37m
   –ù–µ–±–æ–ª—å—à–∞—è –æ—Å–≤–µ—â–µ–Ω–Ω–∞—è –ª–∞–º–ø–∞–º–∏ –∫–æ–º–Ω–∞—Ç–∞. –û–∫–æ–ª–æ —Å—Ç–µ–Ω —Å—Ç–æ—è—Ç –Ω–µ–±–æ–ª—å—à–∏–µ –ª–µ–∂–∞–Ω–∫–∏,
–Ω–∞ –∫–æ—Ç–æ—Ä—ã–µ –º–æ–∂–Ω–æ –ø—Ä–∏–ª–µ—á—å. –ü–æ–ª —É—Å—Ç–µ–ª–µ–Ω —à–∫—É—Ä–∞–º–∏ —Ä–∞–∑–ª–∏—á–Ω—ã—Ö –∂–∏–≤–æ—Ç–Ω—ã—Ö, –≤—ã–ª–æ–∂–µ–Ω–Ω—ã—Ö
–≤ —Å–≤–æ–µ–æ–±—Ä–∞–∑–Ω—ã–π —É–∑–æ—Ä. –¢—É—Ç —Å–ø–æ–∫–æ–π–Ω–∞—è –∞—Ç–º–æ—Å—Ñ–µ—Ä–∞ –∏ –≤—ã –∑–∞–º–µ—á–∞–µ—Ç–µ, —á—Ç–æ –∑–¥–µ—Å—å –º–æ–∂–Ω–æ
–ø—Ä–µ–∫—Ä–∞—Å–Ω–æ –æ—Ç–¥–æ—Ö–Ω—É—Ç—å –∏ –ø–æ—Å–ø–∞—Ç—å. –í —Å–µ–≤–µ—Ä–Ω–æ–π —Å—Ç–µ–Ω–µ –≤–∏–¥–Ω–∞ –¥–≤–µ—Ä—å, –≤–µ–¥—É—â–∞—è
–≤ –æ—Ç–¥–µ–ª—å–Ω—ã–µ –ø–æ–∫–æ–∏.
[1;32m–°–æ–≤—Å–µ–º –º–∞–ª—ã—Ö, –¥–∞ –Ω–µ –æ–±—É—á–µ–Ω–Ω—ã—Ö —Ç–∞–∫ –∏ —Ç—è–Ω–µ—Ç [1;33m–≤–æ–π—Ç–∏ [1;32m–≤ [1;33m—à–∫–æ–ª—É[1;32m.[0;0m
[0;36m[ Exits: d ][0;37m
[1;33m–ù–µ–º–Ω–æ–≥–æ –æ—Ç—Ä—É–±–µ–π –ø—Ä–æ—Å—ã–ø–∞–Ω–æ –∑–¥–µ—Å—å.
–ú–∞–ª–µ–Ω—å–∫–∞—è –ª–æ–¥–∫–∞ –≤–∞–ª—è–µ—Ç—Å—è –∑–¥–µ—Å—å –¥–Ω–æ–º –≤–≤–µ—Ä—Ö.
–î–æ—Å–∫–∞ –¥–ª—è —Ä–∞–∑–ª–∏—á–Ω—ã—Ö –∑–∞–º–µ—Ç–æ–∫ –∏ –æ–±—ä—è–≤–ª–µ–Ω–∏–π –ø—Ä–∏–±–∏—Ç–∞ —Ç—É—Ç ..–±–ª–µ—Å—Ç–∏—Ç!
[1;31m–ù–µ–≤—ã—Å–æ–∫–∏–π –º–æ–ª–æ–¥–æ–π –ø–∞—Ä–µ–Ω—å —Å—Ç–æ–∏—Ç –æ–∫–æ–ª–æ –¥–≤–µ—Ä–∏.
[0;0m
[0;32m463H[0;37m [0;32m141M[0;37m 17110–æ –ó–∞—É—á:0 –í—ã—Ö:v> ˇ˘–ú–æ–ª–æ–¥–æ–π —Å–ª—É–≥–∞ —Å–∫–∞–∑–∞–ª –≤–∞–º : "–û–¥–µ—Ç—ã–π —Å–ø–∞—Ç—å –±—É–¥–µ—à—å? –•–º.. –ù—É —Å–º–æ—Ç—Ä–∏, —Ç–æ–≥–¥–∞ –¥–µ—à–µ–≤–ª–µ –≤–æ–∑—å–º—É"
[1;37m - 20 –∫—É–Ω (200 –µ—Å–ª–∏ —Å–Ω—è—Ç—å) –∑–∞ –æ–±—Å–∏–¥–∏–∞–Ω–æ–≤–æ–µ –∫–æ–ª—å—Ü–æ [0;37m
[1;37m - 14 –∫—É–Ω (140 –µ—Å–ª–∏ —Å–Ω—è—Ç—å) –∑–∞ –∫–æ—à–∞—á—å—é —à–∫—É—Ä—É [0;37m
[1;37m - 0 –∫—É–Ω (0 –µ—Å–ª–∏ —Å–Ω—è—Ç—å) –∑–∞ –ª–µ–≥–∫–∏–π –ª–∞—Ç–Ω—ã–π –¥–æ—Å–ø–µ—Ö [0;37m
[1;37m - 3 –∫—É–Ω—ã (25 –µ—Å–ª–∏ —Å–Ω—è—Ç—å) –∑–∞ –ª–µ–≥–∫–∏–µ –ª–∞—Ç–Ω—ã–µ –ø–æ–Ω–æ–∂–∏ [0;37m
[1;37m - 10 –∫—É–Ω (100 –µ—Å–ª–∏ —Å–Ω—è—Ç—å) –∑–∞ –¥—Ä–∞–Ω—ã–µ —Å–∞–ø–æ–≥–∏ [0;37m
[1;37m - 3 –∫—É–Ω—ã (50 –µ—Å–ª–∏ —Å–Ω—è—Ç—å) –∑–∞ –º–µ—Ö–æ–≤—ã–µ —Ä—É–∫–∞–≤–∏—Ü—ã [0;37m
[1;37m - 3 –∫—É–Ω—ã (25 –µ—Å–ª–∏ —Å–Ω—è—Ç—å) –∑–∞ –ª–µ–≥–∫–∏–µ –ª–∞—Ç–Ω—ã–µ –Ω–∞—Ä—É—á–∏ [0;37m
[1;37m - 5 –∫—É–Ω (50 –µ—Å–ª–∏ —Å–Ω—è—Ç—å) –∑–∞ –ª–µ–≥–∫–∏–µ –ª–∞—Ç–Ω—ã–µ –Ω–∞–ø–ª–µ—á–Ω–∏–∫–∏ [0;37m
[1;37m - 5 –∫—É–Ω (100 –µ—Å–ª–∏ —Å–Ω—è—Ç—å) –∑–∞ –¥–æ—Ä–æ–∂–Ω—É—é –∫–æ—Ç–æ–º–∫—É [0;37m
[1;37m - 10 –∫—É–Ω (100 –µ—Å–ª–∏ —Å–Ω—è—Ç—å) –∑–∞ —Ö–æ—Ö–æ–ª–æ–∫ –∫—É–∫—É—à–∫–∏ [0;37m
[1;37m - 10 –∫—É–Ω (100 –µ—Å–ª–∏ —Å–Ω—è—Ç—å) –∑–∞ —Ö–æ—Ö–æ–ª–æ–∫ –∫—É–∫—É—à–∫–∏ [0;37m
[1;37m - 10 –∫—É–Ω (25 –µ—Å–ª–∏ —Å–Ω—è—Ç—å) –∑–∞ –∫—Ä–µ–ø–∫—É—é –ø–∞–ª–∫—É [0;37m
[1;37m - 3 –∫—É–Ω—ã (30 –µ—Å–ª–∏ —Å–Ω—è—Ç—å) –∑–∞ –º–∞–ª–µ–Ω—å–∫—É—é —Ç—è–ø–∫—É [0;37m
–ú–æ–ª–æ–¥–æ–π —Å–ª—É–≥–∞ —Å–∫–∞–∑–∞–ª –≤–∞–º : "–≠—Ç–æ —è –≤ —á—É–ª–∞–Ω–µ –∑–∞–ø—Ä—É:"
 - 2 –∫—É–Ω—ã –∑–∞ –º–∞–ª—ã–π –º–µ—Ö 
 - 4 –∫—É–Ω—ã (40 –µ—Å–ª–∏ –Ω–∞–¥–µ—Ç—å) –∑–∞ –¥—ã—Ä—è–≤—É—é —à–ª—è–ø—É 
 - 5 –∫—É–Ω (5 –µ—Å–ª–∏ –Ω–∞–¥–µ—Ç—å) –∑–∞ —Ö–æ–ª—â–æ–≤—ã–π –º–µ—à–æ–∫ 
 - 0 –∫—É–Ω –∑–∞ –ª–æ–º–æ—Ç—å —Ö–ª–µ–±–∞ [12] 
 - 7 –∫—É–Ω (1 –µ—Å–ª–∏ –Ω–∞–¥–µ—Ç—å) –∑–∞ –±—Ä–æ–Ω–∑–æ–≤—ã–π —Å—Ç–∏–ª–µ—Ç 
–ú–æ–ª–æ–¥–æ–π —Å–ª—É–≥–∞ —Å–∫–∞–∑–∞–ª –≤–∞–º : "–ò –µ—â–µ 34 –∫—É–Ω—ã –º–Ω–µ –Ω–∞ —Å–±–∏—Ç–µ–Ω—å —Å –º–µ–¥–æ–≤—É—Ö–æ–π :)"
–ú–æ–ª–æ–¥–æ–π —Å–ª—É–≥–∞ —Å–∫–∞–∑–∞–ª –≤–∞–º : "–í —Å—É–º–º–µ —ç—Ç–æ —Å–æ—Å—Ç–∞–≤–∏—Ç 148 –∫—É–Ω –≤ –¥–µ–Ω—å ."
–ú–æ–ª–æ–¥–æ–π —Å–ª—É–≥–∞ —Å–∫–∞–∑–∞–ª –≤–∞–º :

"–ü–æ—Å—Ç–æ–π –æ–±–æ–π–¥–µ—Ç—Å—è —Ç–µ–±–µ –≤ 148 –∫—É–Ω."
"–¢–≤–æ–∏—Ö –¥–µ–Ω–µ–≥ —Ö–≤–∞—Ç–∏—Ç –Ω–∞ 16 –¥–Ω–µ–π."
–ú–æ–ª–æ–¥–æ–π —Å–ª—É–≥–∞ –∑–∞–ø–µ—Ä –≤–∞—à–∏ –≤–µ—â–∏ –≤ —Å—É–Ω–¥—É–∫ –∏ –ø–æ–≤–µ–ª –≤ —Ç–µ—Å–Ω—É—é –∫–∞–º–æ—Ä–∫—É.

0) –û—Ç—Å–æ–µ–¥–∏–Ω–∏—Ç—å—Å—è.
1) –ù–∞—á–∞—Ç—å –∏–≥—Ä—É.
2) –í–≤–µ—Å—Ç–∏ –æ–ø–∏—Å–∞–Ω–∏–µ –≤–∞—à–µ–≥–æ –ø–µ—Ä—Å–æ–Ω–∞–∂–∞.
3) –£–∑–Ω–∞—Ç—å –∏—Å—Ç–æ—Ä–∏—é.
4) –ò–∑–º–µ–Ω–∏—Ç—å –ø–∞—Ä–æ–ª—å.
5) –£–¥–∞–ª–∏—Ç—å –ø–µ—Ä—Å–æ–Ω–∞–∂–∞.
6) –ò–∑–º–µ–Ω–∏—Ç—å –ø–∞—Ä–∞–º–µ—Ç—Ä—ã –ø–µ—Ä—Å–æ–Ω–∞–∂–∞.
7) –í–∫–ª—é—á–∏—Ç—å/–≤—ã–∫–ª—é—á–∏—Ç—å —Ä–µ–∂–∏–º —Å–ª–µ–ø–æ–≥–æ –∏–≥—Ä–æ–∫–∞.
8) –ü–æ—Å–º–æ—Ç—Ä–µ—Ç—å –≤—Å–µ—Ö –ø–µ—Ä—Å–æ–Ω–∞–∂–µ–π –Ω–∞ –¥–∞–Ω–Ω–æ–º email'e.

   –ß–µ–≥–æ –≤–∞—à–∞ –¥—É—à–∞ –∂–µ–ª–∞–µ—Ç? ˇ˘
–î–æ –≤—Å—Ç—Ä–µ—á–∏ –Ω–∞ –∑–µ–º–ª–µ –ö–∏–µ–≤—Å–∫–æ–π.
–í —Å–ª—É—á–∞–µ –≤–∞—à–µ–≥–æ –æ—Ç—Å—É—Ç—Å—Ç–≤–∏—è –ø–µ—Ä—Å–æ–Ω–∞–∂ –±—É–¥–µ—Ç —Ö—Ä–∞–Ω–∏—Ç—å—Å—è –¥–æ 00:00:59 18 –ò—é–Ω—è 2020 –≥–æ–¥–∞ –Ω–∞—à–µ–π —ç—Ä—ã :).
ˇ˘