ˇ˚Eˇ˚Vˇ˚U
Online: 108

Using keytable
  0) Koi-8
  1) Alt
  2) Windows(JMC,MMC)
  3) Windows(zMUD)
  4) Windows(zMUD 'z')
  5) UTF-8
  6) Windows(zMUD <6.39)
  9) TECT...
Select one :     
 -----------------------------------------------------------------------------                   
          Based On CircleMUD v3.0   Created by Jeremy Elson,   
          DikuMUD Gamma 0.0  by Sebastian Hammer, Michael Seifert, 
          Hans Henrik Staerfeldt, Tom Madsen, Katja Nyboe
 _____________________________________________________________________________

    #######
    ##    
    ##        ####    ####      ####  ####  ####  ####  ####  ####    ####
    #######    ######  ##     ## ##    ##  ####    ##    ##    ######  ##
    ##    ##   ##   ## ##    ##  ##    ####  ##    ########    ##   ## ##
    ##    ##   ##   ## ##    ##  ##    ###   ##    ##    ##    ##   ## ##
    #######   ####### ####  ###  ###  ####  ####  ####  ####  ####### ####

                   –ü–û –ü–†–ï–î–ê–ù–ò–Ø–ú –†–£–°–°–ö–ò–• –ù–ê–†–û–î–ù–´–• –°–ö–ê–ó–û–ö –ò –ë–´–õ–ò–ù.

             –ü–æ –∞–¥–º–∏–Ω–∏—Å—Ç—Ä–∞—Ç–∏–≤–Ω—ã–º –≤–æ–ø—Ä–æ—Å–∞–º –º–æ–∂–µ—Ç–µ —Å–≤—è–∑–∞—Ç—å—Å—è —Å –°—Ç—Ä–∏–±–æ–≥–æ–º
                	     e-mail: stribog@bylins.su

                       –ü–æ—Å–µ—Ç–∏—Ç–µ –Ω–∞—à —Å–∞–π—Ç: www.bylins.su
    –î–ª—è –±–æ–ª–µ–µ –ø–æ–¥—Ä–æ–±–Ω–æ–π –∏–≥—Ä–æ–≤–æ–π –∏–Ω—Ñ–æ—Ä–º–∞—Ü–∏–∏ –ø–æ—Å–µ—Ç–∏—Ç–µ www.bylins.su/?newbies

–í–≤–µ–¥–∏—Ç–µ –∏–º—è –ø–µ—Ä—Å–æ–Ω–∞–∂–∞ (–∏–ª–∏ "–Ω–æ–≤—ã–π" –¥–ª—è —Å–æ–∑–¥–∞–Ω–∏—è –Ω–æ–≤–æ–≥–æ): –ü–µ—Ä—Å–æ–Ω–∞–∂ —Å —Ç–∞–∫–∏–º –∏–º–µ–Ω–µ–º —É–∂–µ —Å—É—â–µ—Å—Ç–≤—É–µ—Ç. –í–≤–µ–¥–∏—Ç–µ –ø–∞—Ä–æ–ª—å : ˇ˘

–ü–æ—Å–ª–µ–¥–Ω–∏–π —Ä–∞–∑ –≤—ã –∑–∞—Ö–æ–¥–∏–ª–∏ –∫ –Ω–∞–º –≤ 03:16:37 14 –§–µ–≤—Ä–∞–ª—è 2020 –≥–æ–¥–∞ —Å –∞–¥—Ä–µ—Å–∞ (69.181.167.66).

* –í —Å–≤—è–∑–∏ —Å –ø—Ä–æ–±–ª–µ–º–∞–º–∏ –ø–µ—Ä–µ–≤–æ–¥–∞ —Ñ—Ä–∞–∑—ã ANYKEY –Ω–∞–∂–º–∏—Ç–µ ENTER *ˇ˘
  –î–æ–±—Ä–æ –ø–æ–∂–∞–ª–æ–≤–∞—Ç—å –Ω–∞ –∑–µ–º–ª—é –ö–∏–µ–≤—Å–∫—É—é, –±–æ–≥–∞—Ç—É—é –∏—Å—Ç–æ—Ä–∏–µ–π –∏ —Å–∞–º—ã–º–∏ –Ω–µ–≤–µ—Ä–æ—è—Ç–Ω—ã–º–∏
–ø—Ä–∏–∫–ª—é—á–µ–Ω–∏—è–º–∏. –í–æ–∑–º–æ–∂–Ω–æ, –≤–∞–º –æ–Ω–∏ –ø–æ–Ω—Ä–∞–≤—è—Ç—Å—è, –∏ –≤—ã —Å—Ç–∞–Ω–µ—Ç–µ –≤ –æ–¥–∏–Ω —Ä—è–¥ —Å –≥–µ—Ä–æ—è–º–∏
–¥–∞–≤–Ω–æ –º–∏–Ω—É–≤—à–∏—Ö –¥–Ω–µ–π.

[1;37m–í—ã –Ω–∞—Ö–æ–¥–∏–ª–∏—Å—å –Ω–∞ –ø–æ—Å—Ç–æ–µ 0.07 –¥–Ω–µ–π.
–í–∞—Å –ø—Ä–∏—à–ª–æ—Å—å —Ç–∞—â–∏—Ç—å –¥–æ –∫—Ä–æ–≤–∞—Ç–∏, –∑–∞ —ç—Ç–æ –ø–æ—Å—Ç–æ–π –±—ã–ª –¥–æ—Ä–æ–∂–µ.
–° –≤–∞—Å —Å–æ–¥—Ä–∞–ª–∏ 5 –∫—É–Ω –∑–∞ –ø–æ—Å—Ç–æ–π (74 –∫—É–Ω—ã –≤ –¥–µ–Ω—å).[0;37m
[1;36m–ö–æ–º–Ω–∞—Ç—ã –æ—Ç–¥—ã—Ö–∞ [5000][0;37m
   –•–æ–∑—è–∏–Ω —É—Å—Ç—Ä–æ–∏–ª –∑–¥–µ—Å—å –∫–æ–º–Ω–∞—Ç—ã –¥–ª—è –æ—Ç–¥—ã—Ö–∞. –õ—é–±–æ–π –∂–µ–ª–∞—é—â–∏–π –º–æ–∂–µ—Ç –æ—Å—Ç–∞–Ω–æ–≤–∏—Ç—å—Å—è
–∑–¥–µ—Å—å –∏ –ø–µ—Ä–µ–¥–æ—Ö–Ω—É—Ç—å –ø–æ—Å–ª–µ –¥–∞–ª—å–Ω–µ–π –¥–æ—Ä–æ–≥–∏. –°–≤–µ—Ç–ª—ã–µ –≥–æ—Ä–Ω–∏—Ü—ã —Ç–∞–∫ –∏ –ø—Ä–∏–≥–ª–∞—à–∞—é—Ç
–ø—Ä–æ–π—Ç–∏ –≤ –Ω–∏—Ö –∏ —Ä–∞—Å—Ç—è–Ω—É—Ç—å—Å—è –Ω–∞ –ø–µ—Ä–∏–Ω–µ, –Ω–∞ –ø—É—Ö–æ–≤–æ–π –¥–∞ –∑–∞–±—ã—Ç—å—Å—è —Å–Ω–æ–º –±–æ–≥–∞—Ç—ã—Ä—Å–∫–∏–º.
–ó–¥–µ—Å—å –∂–µ –º–æ–∂–Ω–æ –ø–æ–¥–æ–∂–¥–∞—Ç—å —Å–≤–æ–∏—Ö –∫–æ–º–ø–∞–Ω—å–æ–Ω–æ–≤ –ø–µ—Ä–µ–¥ –¥–æ–ª–≥–æ–π –¥–æ—Ä–æ–≥–æ–π, –ø–æ–≥–æ–≤–æ—Ä–∏—Ç—å
–æ –¥–∞–ª—å–Ω–µ–π—à–∏—Ö –ø–ª–∞–Ω–∞—Ö.
[1;32m–°–æ–≤—Å–µ–º –º–∞–ª—ã—Ö, –¥–∞ –Ω–µ –æ–±—É—á–µ–Ω–Ω—ã—Ö —Ç–∞–∫ –∏ —Ç—è–Ω–µ—Ç [1;33m–≤–æ–π—Ç–∏ [1;32m–≤ [1;33m—à–∫–æ–ª—É[1;32m.[0;0m
[0;36m[ Exits: d ][0;37m
[1;33m–ù–µ–º–Ω–æ–≥–æ –æ—Ç—Ä—É–±–µ–π –ø—Ä–æ—Å—ã–ø–∞–Ω–æ –∑–¥–µ—Å—å.
–î–æ—Å–∫–∞ –¥–ª—è —Ä–∞–∑–ª–∏—á–Ω—ã—Ö –∑–∞–º–µ—Ç–æ–∫ –∏ –æ–±—ä—è–≤–ª–µ–Ω–∏–π –ø—Ä–∏–±–∏—Ç–∞ —Ç—É—Ç ..–±–ª–µ—Å—Ç–∏—Ç!
[1;31m–ü–æ–ª—è–Ω–∏–Ω –î–æ—Ä–º–∞–Ω —Å—Ç–æ–∏—Ç –∑–¥–µ—Å—å. 
–•–æ–∑—è–π–∫–∞ –ø–æ—Å—Ç–æ—è–ª–æ–≥–æ –¥–≤–æ—Ä–∞ —Ä–∞—Å–ø–æ—Ä—è–∂–∞–µ—Ç—Å—è –∑–¥–µ—Å—å.
[0;0m
–î–µ—Ä–µ–≤–Ω—è —É —Ä–µ–∫–∏ (2-–∞—è —Ä–æ–¥–æ–≤–∞—è).

[0;32m276H[0;37m [0;32m118M[0;37m 13431–æ –ó–∞—É—á:0 –í—ã—Ö:v> ˇ˘
[1;31m–ú–∏–Ω—É–ª —á–∞—Å.[0;37m

[0;32m276H[0;37m [0;32m118M[0;37m 13431–æ –ó–∞—É—á:0 –í—ã—Ö:v> ˇ˘
–í—ã –≥–æ—Ç–æ–≤—ã —Å–æ–∂—Ä–∞—Ç—å –±—ã–∫–∞.
–í–∞–º —Ö–æ—á–µ—Ç—Å—è –≤—ã–ø–∏—Ç—å –æ–∑–µ—Ä–æ.

[0;32m276H[0;37m [0;32m118M[0;37m 13431–æ –ó–∞—É—á:0 –í—ã—Ö:v> ˇ˘[1;36m–ö–æ–º–Ω–∞—Ç—ã –æ—Ç–¥—ã—Ö–∞ [5000][0;37m
   –•–æ–∑—è–∏–Ω —É—Å—Ç—Ä–æ–∏–ª –∑–¥–µ—Å—å –∫–æ–º–Ω–∞—Ç—ã –¥–ª—è –æ—Ç–¥—ã—Ö–∞. –õ—é–±–æ–π –∂–µ–ª–∞—é—â–∏–π –º–æ–∂–µ—Ç –æ—Å—Ç–∞–Ω–æ–≤–∏—Ç—å—Å—è
–∑–¥–µ—Å—å –∏ –ø–µ—Ä–µ–¥–æ—Ö–Ω—É—Ç—å –ø–æ—Å–ª–µ –¥–∞–ª—å–Ω–µ–π –¥–æ—Ä–æ–≥–∏. –°–≤–µ—Ç–ª—ã–µ –≥–æ—Ä–Ω–∏—Ü—ã —Ç–∞–∫ –∏ –ø—Ä–∏–≥–ª–∞—à–∞—é—Ç
–ø—Ä–æ–π—Ç–∏ –≤ –Ω–∏—Ö –∏ —Ä–∞—Å—Ç—è–Ω—É—Ç—å—Å—è –Ω–∞ –ø–µ—Ä–∏–Ω–µ, –Ω–∞ –ø—É—Ö–æ–≤–æ–π –¥–∞ –∑–∞–±—ã—Ç—å—Å—è —Å–Ω–æ–º –±–æ–≥–∞—Ç—ã—Ä—Å–∫–∏–º.
–ó–¥–µ—Å—å –∂–µ –º–æ–∂–Ω–æ –ø–æ–¥–æ–∂–¥–∞—Ç—å —Å–≤–æ–∏—Ö –∫–æ–º–ø–∞–Ω—å–æ–Ω–æ–≤ –ø–µ—Ä–µ–¥ –¥–æ–ª–≥–æ–π –¥–æ—Ä–æ–≥–æ–π, –ø–æ–≥–æ–≤–æ—Ä–∏—Ç—å
–æ –¥–∞–ª—å–Ω–µ–π—à–∏—Ö –ø–ª–∞–Ω–∞—Ö.
[1;32m–°–æ–≤—Å–µ–º –º–∞–ª—ã—Ö, –¥–∞ –Ω–µ –æ–±—É—á–µ–Ω–Ω—ã—Ö —Ç–∞–∫ –∏ —Ç—è–Ω–µ—Ç [1;33m–≤–æ–π—Ç–∏ [1;32m–≤ [1;33m—à–∫–æ–ª—É[1;32m.[0;0m
[0;36m[ Exits: d ][0;37m
[1;33m–ù–µ–º–Ω–æ–≥–æ –æ—Ç—Ä—É–±–µ–π –ø—Ä–æ—Å—ã–ø–∞–Ω–æ –∑–¥–µ—Å—å.
–î–æ—Å–∫–∞ –¥–ª—è —Ä–∞–∑–ª–∏—á–Ω—ã—Ö –∑–∞–º–µ—Ç–æ–∫ –∏ –æ–±—ä—è–≤–ª–µ–Ω–∏–π –ø—Ä–∏–±–∏—Ç–∞ —Ç—É—Ç ..–±–ª–µ—Å—Ç–∏—Ç!
[1;31m–ü–æ–ª—è–Ω–∏–Ω –î–æ—Ä–º–∞–Ω —Å—Ç–æ–∏—Ç –∑–¥–µ—Å—å. 
–•–æ–∑—è–π–∫–∞ –ø–æ—Å—Ç–æ—è–ª–æ–≥–æ –¥–≤–æ—Ä–∞ —Ä–∞—Å–ø–æ—Ä—è–∂–∞–µ—Ç—Å—è –∑–¥–µ—Å—å.
[0;0m
–î–µ—Ä–µ–≤–Ω—è —É —Ä–µ–∫–∏ (2-–∞—è —Ä–æ–¥–æ–≤–∞—è).

[0;32m276H[0;37m [0;32m118M[0;37m 13431–æ –ó–∞—É—á:0 –í—ã—Ö:v> ˇ˘–í—ã –ø–æ–ø–ª–µ–ª–∏—Å—å –≤–Ω–∏–∑.
[1;36m–ü–æ—Å—Ç–æ—è–ª—ã–π –¥–≤–æ—Ä [5001][0;37m
   –î–µ—Ä–µ–≤–Ω—è —Ö–æ—Ç—å –∏ –Ω–µ–±–æ–ª—å—à–∞—è, –Ω–æ –ø–æ—Å—Ç–æ—è–ª—ã–π –¥–≤–æ—Ä –∏–º–µ–µ—Ç—Å—è, –¥–ª—è –∑–∞–µ–∑–∂–∏—Ö –≥–æ—Å—Ç–µ–π,
—á—Ç–æ–±—ã –±—ã–ª–æ –≥–¥–µ –ø–µ—Ä–µ–≤–µ—Å—Ç–∏ –¥—É—Ö, –µ–¥–æ–π –∏ –ø–∏—Ç—å–µ–º –∑–∞–ø–∞—Å—Ç–∏—Å—å. –ê –µ—Å–ª–∏ –Ω–∞ –¥–≤–æ—Ä–µ —É–∂
–Ω–æ—á—å –∏–ª—å –ø—Ä–æ—Å—Ç–æ –Ω–∞–¥–æ –æ—Å—Ç–∞–Ω–æ–≤–∏—Ç—Å—è –Ω–∞ –¥–µ–Ω—å –¥—Ä—É–≥–æ–π –≤ –¥–µ—Ä–µ–≤–Ω–µ, –∞ —Ä–æ–¥—Å—Ç–≤–µ–Ω–Ω–∏–∫–æ–≤
–Ω–µ—Ç, —Ç–∞–∫ –º–æ–∂–Ω–æ –∏ –ø–µ—Ä–µ–Ω–æ—á–µ–≤–∞—Ç—å –≤ –≥–æ—Ä–Ω–∏—Ü–∞—Ö –Ω–∞–≤–µ—Ä—Ö—É.
[0;36m[ Exits: w u ][0;37m
[1;33m[1;31m–°–µ–¥–æ–≤–ª–∞—Å—ã–π —Å–∫–∞–∑–∏—Ç–µ–ª—å –≥–æ—Ç–æ–≤ –ø–æ–¥–µ–ª–∏—Ç—å—Å—è —Å –í–∞–º–∏ –∏–Ω—Ç–µ—Ä–µ—Å–Ω–æ–π –∏—Å—Ç–æ—Ä–∏–µ–π.
–¢—Ä–∞–∫—Ç–∏—Ä—â–∏–∫ –æ—Ç–¥—ã—Ö–∞–µ—Ç –∑–∞ —Å—Ç–æ–π–∫–æ–π.
[0;0m
[0;32m276H[0;37m [0;32m117M[0;37m 13431–æ –ó–∞—É—á:0 –í—ã—Ö:–ó^> ˇ˘–ü—Ä–æ—Å—Ç–æ–π —Ö–æ–ª—â–æ–≤—ã–π –º–µ—à–æ–∫ —Å –ª—è–º–∫–æ–π, —á—Ç–æ–± –≤–µ—à–∞—Ç—å –Ω–∞ –ø–ª–µ—á–æ.

–ú–æ–∂–Ω–æ –Ω–∞–¥–µ—Ç—å –Ω–∞ –ø–ª–µ—á–∏.
–ú–æ–∂–Ω–æ –Ω–∞–¥–µ—Ç—å –Ω–∞ –ø–æ—è—Å.
–°–æ—Å—Ç–æ—è–Ω–∏–µ: –∏–¥–µ–∞–ª—å–Ω–æ.
—Ö–æ–ª—â–æ–≤—ã–π –º–µ—à–æ–∫(–≤ –∞–º—É–Ω–∏—Ü–∏–∏)
–ó–∞–ø–æ–ª–Ω–µ–Ω —Å–æ–¥–µ—Ä–∂–∏–º—ã–º –º–µ–Ω—å—à–µ, —á–µ–º –Ω–∞–ø–æ–ª–æ–≤–∏–Ω—É :
–ª–æ–º–æ—Ç—å —Ö–ª–µ–±–∞ [19]
—Ä—ã–±—å—è –∫–æ—Å—Ç—å  [1;37m<–≤–µ–ª–∏–∫–æ–ª–µ–ø–Ω–æ>[0;37m

[0;32m276H[0;37m [0;32m117M[0;37m 13431–æ –ó–∞—É—á:0 –í—ã—Ö:–ó^> ˇ˘[1;36m–¢—Ä–∞–∫—Ç–∏—Ä—â–∏–∫ —Å–∫–∞–∑–∞–ª –≤–∞–º : '–≠—Ç–æ –±—É–¥–µ—Ç —Å—Ç–æ–∏—Ç—å 1 –∫—É–Ω—É.'[0;37m
–¢–µ–ø–µ—Ä—å –≤—ã —Å—Ç–∞–ª–∏ —Å—á–∞—Å—Ç–ª–∏–≤—ã–º –æ–±–ª–∞–¥–∞—Ç–µ–ª–µ–º –ª–æ–º—Ç—è —Ö–ª–µ–±–∞.

[0;32m276H[0;37m [0;32m117M[0;37m 13431–æ –ó–∞—É—á:0 –í—ã—Ö:–ó^> ˇ˘–í—ã –ø–æ–ª–æ–∂–∏–ª–∏ –ª–æ–º–æ—Ç—å —Ö–ª–µ–±–∞ –≤ —Ö–æ–ª—â–æ–≤—ã–π –º–µ—à–æ–∫.

[0;32m276H[0;37m [0;32m117M[0;37m 13431–æ –ó–∞—É—á:0 –í—ã—Ö:–ó^> ˇ˘–í—ã –≤–∑—è–ª–∏ –ª–æ–º–æ—Ç—å —Ö–ª–µ–±–∞ –∏–∑ —Ö–æ–ª—â–æ–≤–æ–≥–æ –º–µ—à–∫–∞.

[0;32m276H[0;37m [0;32m118M[0;37m 13431–æ –ó–∞—É—á:0 –í—ã—Ö:–ó^> ˇ˘–í—ã —Å—ä–µ–ª–∏ –ª–æ–º–æ—Ç—å —Ö–ª–µ–±–∞.
–í—ã –≥–æ—Ç–æ–≤—ã —Å–æ–∂—Ä–∞—Ç—å –±—ã–∫–∞.

[0;32m276H[0;37m [0;32m118M[0;37m 13431–æ –ó–∞—É—á:0 –í—ã—Ö:–ó^> ˇ˘–í—ã –≤–∑—è–ª–∏ –ª–æ–º–æ—Ç—å —Ö–ª–µ–±–∞ –∏–∑ —Ö–æ–ª—â–æ–≤–æ–≥–æ –º–µ—à–∫–∞.

[0;32m276H[0;37m [0;32m118M[0;37m 13431–æ –ó–∞—É—á:0 –í—ã—Ö:–ó^> ˇ˘–í—ã —Å—ä–µ–ª–∏ –ª–æ–º–æ—Ç—å —Ö–ª–µ–±–∞.
–í—ã –æ—á–µ–Ω—å –≥–æ–ª–æ–¥–Ω—ã.

[0;32m276H[0;37m [0;32m118M[0;37m 13431–æ –ó–∞—É—á:0 –í—ã—Ö:–ó^> ˇ˘–í—ã –≤–∑—è–ª–∏ –ª–æ–º–æ—Ç—å —Ö–ª–µ–±–∞ –∏–∑ —Ö–æ–ª—â–æ–≤–æ–≥–æ –º–µ—à–∫–∞.

[0;32m276H[0;37m [0;32m118M[0;37m 13431–æ –ó–∞—É—á:0 –í—ã—Ö:–ó^> ˇ˘–í—ã —Å—ä–µ–ª–∏ –ª–æ–º–æ—Ç—å —Ö–ª–µ–±–∞.
–í—ã –æ—á–µ–Ω—å –≥–æ–ª–æ–¥–Ω—ã.

[0;32m276H[0;37m [0;32m118M[0;37m 13431–æ –ó–∞—É—á:0 –í—ã—Ö:–ó^> ˇ˘–í—ã –≤–∑—è–ª–∏ –ª–æ–º–æ—Ç—å —Ö–ª–µ–±–∞ –∏–∑ —Ö–æ–ª—â–æ–≤–æ–≥–æ –º–µ—à–∫–∞.

[0;32m276H[0;37m [0;32m118M[0;37m 13431–æ –ó–∞—É—á:0 –í—ã—Ö:–ó^> ˇ˘–í—ã —Å—ä–µ–ª–∏ –ª–æ–º–æ—Ç—å —Ö–ª–µ–±–∞.
–í—ã –≥–æ–ª–æ–¥–Ω—ã.

[0;32m276H[0;37m [0;32m118M[0;37m 13431–æ –ó–∞—É—á:0 –í—ã—Ö:–ó^> ˇ˘–í—ã –≤–∑—è–ª–∏ –ª–æ–º–æ—Ç—å —Ö–ª–µ–±–∞ –∏–∑ —Ö–æ–ª—â–æ–≤–æ–≥–æ –º–µ—à–∫–∞.

[0;32m276H[0;37m [0;32m118M[0;37m 13431–æ –ó–∞—É—á:0 –í—ã—Ö:–ó^> ˇ˘–í—ã —Å—ä–µ–ª–∏ –ª–æ–º–æ—Ç—å —Ö–ª–µ–±–∞.

[0;32m276H[0;37m [0;32m118M[0;37m 13431–æ –ó–∞—É—á:0 –í—ã—Ö:–ó^> ˇ˘–í—ã –≤–∑—è–ª–∏ –ª–æ–º–æ—Ç—å —Ö–ª–µ–±–∞ –∏–∑ —Ö–æ–ª—â–æ–≤–æ–≥–æ –º–µ—à–∫–∞.

[0;32m276H[0;37m [0;32m118M[0;37m 13431–æ –ó–∞—É—á:0 –í—ã—Ö:–ó^> ˇ˘–í—ã —Å—ä–µ–ª–∏ –ª–æ–º–æ—Ç—å —Ö–ª–µ–±–∞.

[0;32m276H[0;37m [0;32m118M[0;37m 13431–æ –ó–∞—É—á:0 –í—ã—Ö:–ó^> ˇ˘–í—ã –≤–∑—è–ª–∏ –ª–æ–º–æ—Ç—å —Ö–ª–µ–±–∞ –∏–∑ —Ö–æ–ª—â–æ–≤–æ–≥–æ –º–µ—à–∫–∞.

[0;32m276H[0;37m [0;32m118M[0;37m 13431–æ –ó–∞—É—á:0 –í—ã—Ö:–ó^> ˇ˘–í—ã —Å—ä–µ–ª–∏ –ª–æ–º–æ—Ç—å —Ö–ª–µ–±–∞.

[0;32m276H[0;37m [0;32m118M[0;37m 13431–æ –ó–∞—É—á:0 –í—ã—Ö:–ó^> ˇ˘–í—ã –≤–∑—è–ª–∏ –ª–æ–º–æ—Ç—å —Ö–ª–µ–±–∞ –∏–∑ —Ö–æ–ª—â–æ–≤–æ–≥–æ –º–µ—à–∫–∞.

[0;32m276H[0;37m [0;32m118M[0;37m 13431–æ –ó–∞—É—á:0 –í—ã—Ö:–ó^> ˇ˘–í—ã —Å—ä–µ–ª–∏ –ª–æ–º–æ—Ç—å —Ö–ª–µ–±–∞.
–í—ã –Ω–∞–µ–ª–∏—Å—å.

[0;32m276H[0;37m [0;32m118M[0;37m 13431–æ –ó–∞—É—á:0 –í—ã—Ö:–ó^> ˇ˘[1;36m–ü–æ—Å—Ç–æ—è–ª—ã–π –¥–≤–æ—Ä [5001][0;37m
   –î–µ—Ä–µ–≤–Ω—è —Ö–æ—Ç—å –∏ –Ω–µ–±–æ–ª—å—à–∞—è, –Ω–æ –ø–æ—Å—Ç–æ—è–ª—ã–π –¥–≤–æ—Ä –∏–º–µ–µ—Ç—Å—è, –¥–ª—è –∑–∞–µ–∑–∂–∏—Ö –≥–æ—Å—Ç–µ–π,
—á—Ç–æ–±—ã –±—ã–ª–æ –≥–¥–µ –ø–µ—Ä–µ–≤–µ—Å—Ç–∏ –¥—É—Ö, –µ–¥–æ–π –∏ –ø–∏—Ç—å–µ–º –∑–∞–ø–∞—Å—Ç–∏—Å—å. –ê –µ—Å–ª–∏ –Ω–∞ –¥–≤–æ—Ä–µ —É–∂
–Ω–æ—á—å –∏–ª—å –ø—Ä–æ—Å—Ç–æ –Ω–∞–¥–æ –æ—Å—Ç–∞–Ω–æ–≤–∏—Ç—Å—è –Ω–∞ –¥–µ–Ω—å –¥—Ä—É–≥–æ–π –≤ –¥–µ—Ä–µ–≤–Ω–µ, –∞ —Ä–æ–¥—Å—Ç–≤–µ–Ω–Ω–∏–∫–æ–≤
–Ω–µ—Ç, —Ç–∞–∫ –º–æ–∂–Ω–æ –∏ –ø–µ—Ä–µ–Ω–æ—á–µ–≤–∞—Ç—å –≤ –≥–æ—Ä–Ω–∏—Ü–∞—Ö –Ω–∞–≤–µ—Ä—Ö—É.
[0;36m[ Exits: w u ][0;37m
[1;33m[1;31m–°–µ–¥–æ–≤–ª–∞—Å—ã–π —Å–∫–∞–∑–∏—Ç–µ–ª—å –≥–æ—Ç–æ–≤ –ø–æ–¥–µ–ª–∏—Ç—å—Å—è —Å –í–∞–º–∏ –∏–Ω—Ç–µ—Ä–µ—Å–Ω–æ–π –∏—Å—Ç–æ—Ä–∏–µ–π.
–¢—Ä–∞–∫—Ç–∏—Ä—â–∏–∫ –æ—Ç–¥—ã—Ö–∞–µ—Ç –∑–∞ —Å—Ç–æ–π–∫–æ–π.
[0;0m
[0;32m276H[0;37m [0;32m118M[0;37m 13431–æ –ó–∞—É—á:0 –í—ã—Ö:–ó^> ˇ˘–í—ã –ø–æ–ø–ª–µ–ª–∏—Å—å –Ω–∞ –∑–∞–ø–∞–¥.
[1;36m–ü–µ—Ä–µ–¥ –ø–æ—Å—Ç–æ—è–ª—ã–º –¥–≤–æ—Ä–æ–º [5005][0;37m
   –ß—É—Ç—å –Ω–µ —Å–ø–æ—Ç–∫–Ω—É–≤—à–∏—Å—å –æ –¥–æ—Å–∫—É, –ª–µ–∂–∞—â—É—é —Å—Ä–∞–∑—É —É –ø–æ—Ä–æ–≥–∞ –ø–æ—Å—Ç–æ—è–ª–æ–≥–æ –¥–≤–æ—Ä–∞,
–≤—ã –æ–∫–∞–∑–∞–ª–∏—Å—å –Ω–∞ —Ü–µ–Ω—Ç—Ä–∞–ª—å–Ω–æ–π —É–ª–∏—Ü–µ –¥–µ—Ä–µ–≤–Ω–∏. –ò–º–µ–Ω–Ω–æ –Ω–∞ —ç—Ç–æ–π —É–ª–∏—Ü–µ –º–æ–∂–Ω–æ 
–±—ã—Å—Ç—Ä–æ –Ω–∞–π—Ç–∏ –ª–∞–≤–∫—É —Ä–µ–º–µ—Å–ª–µ–Ω–Ω–∏–∫–∞, –¥–æ–º –∑–Ω–∞—Ö–∞—Ä—è, –∫–æ–Ω—é—à–Ω—é –∏ –¥–æ–º —Å—Ç–∞—Ä–µ–π—à–∏–Ω—ã.
–í —é–∂–Ω–æ–π —á–∞—Å—Ç–∏ –¥–µ—Ä–µ–≤–Ω–∏ –ø–æ—Å–µ–ª–∏–ª–∏—Å—å –≤–æ—Ä–æ–∂–µ–∏.
[0;36m[ Exits: n e s w ][0;37m
[1;33m[1;31m[0;0m
[0;32m276H[0;37m [0;32m117M[0;37m 13431–æ –ó–∞—É—á:0 –í—ã—Ö:–°–í–Æ–ó> ˇ˘–í—ã –ø–æ–ø–ª–µ–ª–∏—Å—å –Ω–∞ —é–≥.
[1;36m–¶–µ–Ω—Ç—Ä –¥–µ—Ä–µ–≤–Ω–∏ [5004][0;37m
   –¶–µ–Ω—Ç—Ä–∞–ª—å–Ω–∞—è —á–∞—Å—Ç—å –¥–µ—Ä–µ–≤–Ω–∏ –∑–∞–ø–æ–ª–Ω–µ–Ω–∞ –Ω—É–∂–Ω—ã–º–∏ –≤—Å–µ–º –º–∞—Å—Ç–µ—Ä—Å–∫–∏–º–∏ –∏ –ª–∞–≤–∫–∞–º–∏.
–£–¥–∞—á–Ω–æ–µ –º–µ—Å—Ç–æ –¥–µ—Ä–µ–≤–Ω–∏ –≤ –Ω–µ–∑–∞–ø–∞–º—è—Ç–Ω—ã–µ –≤—Ä–µ–º–µ–Ω–∞ –ø—Ä–∏–≤–ª–µ–∫–ª–æ —Å—é–¥–∞ —Ç–æ—Ä–≥–æ–≤—Ü–µ–≤ –∏
–º–∞—Å—Ç–µ—Ä–æ–≤—ã—Ö, –∏ —Å —Ç–µ—Ö –ø–æ—Ä –ø–æ–≤–µ–ª–æ—Å—å, —á—Ç–æ –≤ —ç—Ç–æ–π —á–∞—Å—Ç–∏ –¥–µ—Ä–µ–≤–Ω–∏ —Å—Ç–æ—è—Ç –±–æ–ª—å—à–∏–µ –∏
–±–æ–≥–∞—Ç—ã–µ –¥–æ–º–∞. –°–æ –≤—Å–µ–π –æ–∫—Ä—É–≥–∏ –∏ –¥–∞–∂–µ –∏–∑ –¥–∞–ª–µ–∫–æ–π –≥–ª—É—à–∏ –ø—Ä–∏—Ö–æ–¥—è—Ç –ª—é–¥–∏ —Å—é–¥–∞
–∑–∞ —Ç–æ–≤–∞—Ä–æ–º –∫—É–ø–∏—Ç—å —á—Ç–æ, –ø—Ä–æ–¥–∞—Ç—å —á—Ç–æ, –∑–∞–∫–∞–∑–∞—Ç—å —á—Ç–æ.
[0;36m[ Exits: n s w ][0;37m
[1;33m[1;31m–ë–∞–∑–∞—Ä–Ω—ã–π –∑–∞–∑—ã–≤–∞–ª–∞ —Å—Ç–æ–∏—Ç –∑–¥–µ—Å—å, –∑—ã—á–Ω—ã–º –≥–æ–ª–æ—Å–æ–º —Ä–∞—Å—Ö–≤–∞–ª–∏–≤–∞—è –≤—ã—Å—Ç–∞–≤–ª–µ–Ω–Ω—ã–π —Ç–æ–≤–∞—Ä.
[0;0m
[0;32m276H[0;37m [0;32m117M[0;37m 13431–æ –ó–∞—É—á:0 –í—ã—Ö:–°–Æ–ó> ˇ˘–í—ã –ø–æ–ø–ª–µ–ª–∏—Å—å –Ω–∞ –∑–∞–ø–∞–¥.
[1;36m–£ –∫–æ–ª–æ–¥—Ü–∞ [5011][0;37m
   –•–æ—Ä–æ—à–∞ –≤–æ–¥–∏—Ü–∞, —Å–∫–æ–ª—å–∫–æ –Ω–µ –≤—ã–ø—å–µ—à—å –≤—Å–µ —Ä–∞–≤–Ω–æ –º–∞–ª–æ. –°—Ç–∞—Ä—ã–π –∫–æ–ª–æ–¥–µ—Ü –≥–æ–≤–æ—Ä—è—Ç
–∫–æ–ø–∞–ª –µ—â–µ –ø–µ—Ä–≤—ã–π –æ—Å–Ω–æ–≤–∞—Ç–µ–ª—å –¥–µ—Ä–µ–≤–Ω–∏. –û–Ω –ª–∏—á–Ω–æ –Ω–∞—à–µ–ª –º–µ—Å—Ç–æ, –≤—ã–∫–æ–ø–∞–ª –∏ —Å–æ–æ—Ä—É–¥–∏–ª
–∫–æ–ª–æ–¥–µ—Ü. –° —Ç–µ—Ö –ø–æ—Ä –Ω–µ –∏—Å—Å—è–∫–∞–µ—Ç –≤–æ–¥–∞ –≤ –∫–æ–ª–æ–¥—Ü–µ, –∞ –ø–æ–ø—Ä–æ–±–æ–≤–∞—Ç—å –µ–µ –ø—Ä–∏–µ–∑–∂–∞—é—Ç –∏–∑
–¥–∞–ª–µ–∫–∏—Ö –º–µ—Å—Ç.
[0;36m[ Exits: e ][0;37m
[1;33m–ö–æ–ª–æ–¥–µ—Ü –≤—ã–∫–æ–ø–∞–Ω –∑–¥–µ—Å—å.
[1;31m[0;0m
[0;32m276H[0;37m [0;32m117M[0;37m 13431–æ –ó–∞—É—á:0 –í—ã—Ö:–í> ˇ˘–í—ã –≤—ã–ø–∏–ª–∏ –≤–æ–¥—ã –∏–∑ –∫–æ–ª–æ–¥—Ü–∞.
–í—ã –Ω–µ —á—É–≤—Å—Ç–≤—É–µ—Ç–µ –∂–∞–∂–¥—ã.

[0;32m276H[0;37m [0;32m117M[0;37m 13431–æ –ó–∞—É—á:0 –í—ã—Ö:–í> ˇ˘–í—ã –Ω–∞–ø–æ–ª–Ω–∏–ª–∏ –º–∞–ª—ã–π –º–µ—Ö –∏–∑ –∫–æ–ª–æ–¥—Ü–∞.

[0;32m276H[0;37m [0;32m117M[0;37m 13431–æ –ó–∞—É—á:0 –í—ã—Ö:–í> ˇ˘–°–µ–π—á–∞—Å 2 —á–∞—Å–∞ –Ω–æ—á–∏, –¢—Ä–µ—Ç–µ–π–Ω–∏–∫, –Ω–æ—á—å.
–î–∞–π–ª–µ—Ç - –ú–µ—Å—è—Ü –ü—Ä–æ–±—É–∂–¥–µ–Ω–∏—è –ü—Ä–∏—Ä–æ–¥—ã, 13–π –î–µ–Ω—å, –ì–æ–¥ 898, –≤–µ—Å–Ω–∞.
[1;37m –°–µ–≥–æ–¥–Ω—è –í–æ–¥–æ–ø–æ–ª (–î–µ–Ω—å –í–æ–¥—è–Ω–æ–≥–æ). [0;37m
–í —Ä–µ–∞–ª—å–Ω–æ–º –º–∏—Ä–µ : [1;37m –î–µ–Ω—å –°–≤—è—Ç–æ–≥–æ –í–∞–ª–µ–Ω—Ç–∏–Ω–∞ (–î–µ–Ω—å –≤—Å–µ—Ö –≤–ª—é–±–ª–µ–Ω–Ω—ã—Ö). [0;37m

[0;32m276H[0;37m [0;32m118M[0;37m 13431–æ –ó–∞—É—á:0 –í—ã—Ö:–í> ˇ˘
–£–º–µ—Ä–µ–Ω–Ω—ã–π –≤–µ—Ç–µ—Ä.

[0;32m276H[0;37m [0;32m118M[0;37m 13431–æ –ó–∞—É—á:0 –í—ã—Ö:–í> ˇ˘
[1;31m–ú–∏–Ω—É–ª —á–∞—Å.[0;37m

[0;32m276H[0;37m [0;32m118M[0;37m 13431–æ –ó–∞—É—á:0 –í—ã—Ö:–í> ˇ˘–°–µ–π—á–∞—Å 3 —á–∞—Å–∞ –Ω–æ—á–∏, –¢—Ä–µ—Ç–µ–π–Ω–∏–∫, –Ω–æ—á—å.
–î–∞–π–ª–µ—Ç - –ú–µ—Å—è—Ü –ü—Ä–æ–±—É–∂–¥–µ–Ω–∏—è –ü—Ä–∏—Ä–æ–¥—ã, 13–π –î–µ–Ω—å, –ì–æ–¥ 898, –≤–µ—Å–Ω–∞.
[1;37m –°–µ–≥–æ–¥–Ω—è –í–æ–¥–æ–ø–æ–ª (–î–µ–Ω—å –í–æ–¥—è–Ω–æ–≥–æ). [0;37m
–í —Ä–µ–∞–ª—å–Ω–æ–º –º–∏—Ä–µ : [1;37m –î–µ–Ω—å –°–≤—è—Ç–æ–≥–æ –í–∞–ª–µ–Ω—Ç–∏–Ω–∞ (–î–µ–Ω—å –≤—Å–µ—Ö –≤–ª—é–±–ª–µ–Ω–Ω—ã—Ö). [0;37m

[0;32m276H[0;37m [0;32m118M[0;37m 13431–æ –ó–∞—É—á:0 –í—ã—Ö:–í> ˇ˘
–ü–∞—Ä–µ–Ω—å –ø—Ä–∏—à–µ–ª —Å –≤–æ—Å—Ç–æ–∫–∞.

[0;32m276H[0;37m [0;32m118M[0;37m 13431–æ –ó–∞—É—á:0 –í—ã—Ö:–í> ˇ˘
[0;32m276H[0;37m [0;32m118M[0;37m 13431–æ –ó–∞—É—á:0 –í—ã—Ö:–í> ˇ˘–°–µ–π—á–∞—Å 3 —á–∞—Å–∞ –Ω–æ—á–∏, –¢—Ä–µ—Ç–µ–π–Ω–∏–∫, –Ω–æ—á—å.
–î–∞–π–ª–µ—Ç - –ú–µ—Å—è—Ü –ü—Ä–æ–±—É–∂–¥–µ–Ω–∏—è –ü—Ä–∏—Ä–æ–¥—ã, 13–π –î–µ–Ω—å, –ì–æ–¥ 898, –≤–µ—Å–Ω–∞.
[1;37m –°–µ–≥–æ–¥–Ω—è –í–æ–¥–æ–ø–æ–ª (–î–µ–Ω—å –í–æ–¥—è–Ω–æ–≥–æ). [0;37m
–í —Ä–µ–∞–ª—å–Ω–æ–º –º–∏—Ä–µ : [1;37m –î–µ–Ω—å –°–≤—è—Ç–æ–≥–æ –í–∞–ª–µ–Ω—Ç–∏–Ω–∞ (–î–µ–Ω—å –≤—Å–µ—Ö –≤–ª—é–±–ª–µ–Ω–Ω—ã—Ö). [0;37m

[0;32m276H[0;37m [0;32m118M[0;37m 13431–æ –ó–∞—É—á:0 –í—ã—Ö:–í> ˇ˘
–°–ª–∞–±—ã–π –≤–µ—Ç–µ—Ä.

[0;32m276H[0;37m [0;32m118M[0;37m 13431–æ –ó–∞—É—á:0 –í—ã—Ö:–í> ˇ˘
[1;31m–ú–∏–Ω—É–ª —á–∞—Å.[0;37m

[0;32m276H[0;37m [0;32m118M[0;37m 13431–æ –ó–∞—É—á:0 –í—ã—Ö:–í> ˇ˘
–°–ª–∞–±—ã–π –≤–µ—Ç–µ—Ä.

[0;32m276H[0;37m [0;32m118M[0;37m 13431–æ –ó–∞—É—á:0 –í—ã—Ö:–í> ˇ˘
[1;31m–ú–∏–Ω—É–ª —á–∞—Å.[0;37m

[0;32m276H[0;37m [0;32m118M[0;37m 13431–æ –ó–∞—É—á:0 –í—ã—Ö:–í> ˇ˘–°–µ–π—á–∞—Å 5 —á–∞—Å–æ–≤ —É—Ç—Ä–∞, –¢—Ä–µ—Ç–µ–π–Ω–∏–∫, –Ω–æ—á—å.
–î–∞–π–ª–µ—Ç - –ú–µ—Å—è—Ü –ü—Ä–æ–±—É–∂–¥–µ–Ω–∏—è –ü—Ä–∏—Ä–æ–¥—ã, 13–π –î–µ–Ω—å, –ì–æ–¥ 898, –≤–µ—Å–Ω–∞.
[1;37m –°–µ–≥–æ–¥–Ω—è –í–æ–¥–æ–ø–æ–ª (–î–µ–Ω—å –í–æ–¥—è–Ω–æ–≥–æ). [0;37m
–í —Ä–µ–∞–ª—å–Ω–æ–º –º–∏—Ä–µ : [1;37m –î–µ–Ω—å –°–≤—è—Ç–æ–≥–æ –í–∞–ª–µ–Ω—Ç–∏–Ω–∞ (–î–µ–Ω—å –≤—Å–µ—Ö –≤–ª—é–±–ª–µ–Ω–Ω—ã—Ö). [0;37m

[0;32m276H[0;37m [0;32m118M[0;37m 13431–æ –ó–∞—É—á:0 –í—ã—Ö:–í> ˇ˘–°–µ–π—á–∞—Å 5 —á–∞—Å–æ–≤ —É—Ç—Ä–∞, –¢—Ä–µ—Ç–µ–π–Ω–∏–∫, –Ω–æ—á—å.
–î–∞–π–ª–µ—Ç - –ú–µ—Å—è—Ü –ü—Ä–æ–±—É–∂–¥–µ–Ω–∏—è –ü—Ä–∏—Ä–æ–¥—ã, 13–π –î–µ–Ω—å, –ì–æ–¥ 898, –≤–µ—Å–Ω–∞.
[1;37m –°–µ–≥–æ–¥–Ω—è –í–æ–¥–æ–ø–æ–ª (–î–µ–Ω—å –í–æ–¥—è–Ω–æ–≥–æ). [0;37m
–í —Ä–µ–∞–ª—å–Ω–æ–º –º–∏—Ä–µ : [1;37m –î–µ–Ω—å –°–≤—è—Ç–æ–≥–æ –í–∞–ª–µ–Ω—Ç–∏–Ω–∞ (–î–µ–Ω—å –≤—Å–µ—Ö –≤–ª—é–±–ª–µ–Ω–Ω—ã—Ö). [0;37m

[0;32m276H[0;37m [0;32m118M[0;37m 13431–æ –ó–∞—É—á:0 –í—ã—Ö:–í> ˇ˘–°–µ–π—á–∞—Å 5 —á–∞—Å–æ–≤ —É—Ç—Ä–∞, –¢—Ä–µ—Ç–µ–π–Ω–∏–∫, –Ω–æ—á—å.
–î–∞–π–ª–µ—Ç - –ú–µ—Å—è—Ü –ü—Ä–æ–±—É–∂–¥–µ–Ω–∏—è –ü—Ä–∏—Ä–æ–¥—ã, 13–π –î–µ–Ω—å, –ì–æ–¥ 898, –≤–µ—Å–Ω–∞.
[1;37m –°–µ–≥–æ–¥–Ω—è –í–æ–¥–æ–ø–æ–ª (–î–µ–Ω—å –í–æ–¥—è–Ω–æ–≥–æ). [0;37m
–í —Ä–µ–∞–ª—å–Ω–æ–º –º–∏—Ä–µ : [1;37m –î–µ–Ω—å –°–≤—è—Ç–æ–≥–æ –í–∞–ª–µ–Ω—Ç–∏–Ω–∞ (–î–µ–Ω—å –≤—Å–µ—Ö –≤–ª—é–±–ª–µ–Ω–Ω—ã—Ö). [0;37m

[0;32m276H[0;37m [0;32m118M[0;37m 13431–æ –ó–∞—É—á:0 –í—ã—Ö:–í> ˇ˘
–ù–∞ –≤–æ—Å—Ç–æ–∫–µ –ø–æ–∫–∞–∑–∞–ª–∏—Å—å –ø–µ—Ä–≤—ã–µ —Å–æ–ª–Ω–µ—á–Ω—ã–µ –ª—É—á–∏.
–°–∏–ª—å–Ω—ã–π –≤–µ—Ç–µ—Ä.
–î–æ–∂–¥—å —É—Å–∏–ª–∏–ª—Å—è.

[0;32m276H[0;37m [0;32m118M[0;37m 13431–æ –ó–∞—É—á:0 –í—ã—Ö:–í> ˇ˘
[1;31m–ú–∏–Ω—É–ª —á–∞—Å.[0;37m

[0;32m276H[0;37m [0;32m118M[0;37m 13431–æ –ó–∞—É—á:0 –í—ã—Ö:–í> ˇ˘–°–µ–π—á–∞—Å 6 —á–∞—Å–æ–≤ —É—Ç—Ä–∞, –¢—Ä–µ—Ç–µ–π–Ω–∏–∫, —Ä–∞—Å—Å–≤–µ—Ç.
–î–∞–π–ª–µ—Ç - –ú–µ—Å—è—Ü –ü—Ä–æ–±—É–∂–¥–µ–Ω–∏—è –ü—Ä–∏—Ä–æ–¥—ã, 13–π –î–µ–Ω—å, –ì–æ–¥ 898, –≤–µ—Å–Ω–∞.
[1;37m –°–µ–≥–æ–¥–Ω—è –í–æ–¥–æ–ø–æ–ª (–î–µ–Ω—å –í–æ–¥—è–Ω–æ–≥–æ). [0;37m
–í —Ä–µ–∞–ª—å–Ω–æ–º –º–∏—Ä–µ : [1;37m –î–µ–Ω—å –°–≤—è—Ç–æ–≥–æ –í–∞–ª–µ–Ω—Ç–∏–Ω–∞ (–î–µ–Ω—å –≤—Å–µ—Ö –≤–ª—é–±–ª–µ–Ω–Ω—ã—Ö). [0;37m

[0;32m276H[0;37m [0;32m118M[0;37m 13431–æ –ó–∞—É—á:0 –í—ã—Ö:–í> ˇ˘–í—ã –ø–æ–ø–ª–µ–ª–∏—Å—å –Ω–∞ –≤–æ—Å—Ç–æ–∫.
[1;36m–¶–µ–Ω—Ç—Ä –¥–µ—Ä–µ–≤–Ω–∏ [5004][0;37m
   –¶–µ–Ω—Ç—Ä–∞–ª—å–Ω–∞—è —á–∞—Å—Ç—å –¥–µ—Ä–µ–≤–Ω–∏ –∑–∞–ø–æ–ª–Ω–µ–Ω–∞ –Ω—É–∂–Ω—ã–º–∏ –≤—Å–µ–º –º–∞—Å—Ç–µ—Ä—Å–∫–∏–º–∏ –∏ –ª–∞–≤–∫–∞–º–∏.
–£–¥–∞—á–Ω–æ–µ –º–µ—Å—Ç–æ –¥–µ—Ä–µ–≤–Ω–∏ –≤ –Ω–µ–∑–∞–ø–∞–º—è—Ç–Ω—ã–µ –≤—Ä–µ–º–µ–Ω–∞ –ø—Ä–∏–≤–ª–µ–∫–ª–æ —Å—é–¥–∞ —Ç–æ—Ä–≥–æ–≤—Ü–µ–≤ –∏
–º–∞—Å—Ç–µ—Ä–æ–≤—ã—Ö, –∏ —Å —Ç–µ—Ö –ø–æ—Ä –ø–æ–≤–µ–ª–æ—Å—å, —á—Ç–æ –≤ —ç—Ç–æ–π —á–∞—Å—Ç–∏ –¥–µ—Ä–µ–≤–Ω–∏ —Å—Ç–æ—è—Ç –±–æ–ª—å—à–∏–µ –∏
–±–æ–≥–∞—Ç—ã–µ –¥–æ–º–∞. –°–æ –≤—Å–µ–π –æ–∫—Ä—É–≥–∏ –∏ –¥–∞–∂–µ –∏–∑ –¥–∞–ª–µ–∫–æ–π –≥–ª—É—à–∏ –ø—Ä–∏—Ö–æ–¥—è—Ç –ª—é–¥–∏ —Å—é–¥–∞
–∑–∞ —Ç–æ–≤–∞—Ä–æ–º –∫—É–ø–∏—Ç—å —á—Ç–æ, –ø—Ä–æ–¥–∞—Ç—å —á—Ç–æ, –∑–∞–∫–∞–∑–∞—Ç—å —á—Ç–æ.
[0;36m[ Exits: n s w ][0;37m
[1;33m[1;31m–ë–∞–∑–∞—Ä–Ω—ã–π –∑–∞–∑—ã–≤–∞–ª–∞ —Å—Ç–æ–∏—Ç –∑–¥–µ—Å—å, –∑—ã—á–Ω—ã–º –≥–æ–ª–æ—Å–æ–º —Ä–∞—Å—Ö–≤–∞–ª–∏–≤–∞—è –≤—ã—Å—Ç–∞–≤–ª–µ–Ω–Ω—ã–π —Ç–æ–≤–∞—Ä.
[0;0m
[0;32m276H[0;37m [0;32m117M[0;37m 13431–æ –ó–∞—É—á:0 –í—ã—Ö:–°–Æ–ó> ˇ˘–í—ã –ø–æ–ø–ª–µ–ª–∏—Å—å –Ω–∞ —Å–µ–≤–µ—Ä.
[1;36m–ü–µ—Ä–µ–¥ –ø–æ—Å—Ç–æ—è–ª—ã–º –¥–≤–æ—Ä–æ–º [5005][0;37m
   –ß—É—Ç—å –Ω–µ —Å–ø–æ—Ç–∫–Ω—É–≤—à–∏—Å—å –æ –¥–æ—Å–∫—É, –ª–µ–∂–∞—â—É—é —Å—Ä–∞–∑—É —É –ø–æ—Ä–æ–≥–∞ –ø–æ—Å—Ç–æ—è–ª–æ–≥–æ –¥–≤–æ—Ä–∞,
–≤—ã –æ–∫–∞–∑–∞–ª–∏—Å—å –Ω–∞ —Ü–µ–Ω—Ç—Ä–∞–ª—å–Ω–æ–π —É–ª–∏—Ü–µ –¥–µ—Ä–µ–≤–Ω–∏. –ò–º–µ–Ω–Ω–æ –Ω–∞ —ç—Ç–æ–π —É–ª–∏—Ü–µ –º–æ–∂–Ω–æ 
–±—ã—Å—Ç—Ä–æ –Ω–∞–π—Ç–∏ –ª–∞–≤–∫—É —Ä–µ–º–µ—Å–ª–µ–Ω–Ω–∏–∫–∞, –¥–æ–º –∑–Ω–∞—Ö–∞—Ä—è, –∫–æ–Ω—é—à–Ω—é –∏ –¥–æ–º —Å—Ç–∞—Ä–µ–π—à–∏–Ω—ã.
–í —é–∂–Ω–æ–π —á–∞—Å—Ç–∏ –¥–µ—Ä–µ–≤–Ω–∏ –ø–æ—Å–µ–ª–∏–ª–∏—Å—å –≤–æ—Ä–æ–∂–µ–∏.
[0;36m[ Exits: n e s w ][0;37m
[1;33m[1;31m–ü–æ–∂–∏–ª–æ–π —à–∏—Ä–æ–∫–æ–ø–ª–µ—á–∏–π –∫—Ä–µ—Å—Ç—å—è–Ω–∏–Ω –≤ –¥–æ–±—Ä–æ—Ç–Ω–æ–π –æ–¥–µ–∂–¥–µ –ø—Ä–æ—Ö–∞–∂–∏–≤–∞–µ—Ç—Å—è —Ç—É—Ç.
[0;0m
[0;32m276H[0;37m [0;32m117M[0;37m 13431–æ –ó–∞—É—á:0 –í—ã—Ö:–°–í–Æ–ó> ˇ˘–í—ã –ø–æ–ø–ª–µ–ª–∏—Å—å –Ω–∞ —Å–µ–≤–µ—Ä.
[1;36m–ö —Ü–µ–Ω—Ç—Ä—É –¥–µ—Ä–µ–≤–Ω–∏ [5006][0;37m
   –ü–æ–Ω–µ–º–Ω–æ–≥—É –æ—Å—Ç–∞—é—Ç—Å—è –ø–æ–∑–∞–¥–∏ –≥–ª–∞–≤–Ω—ã–µ –¥–æ–º–∞ –¥–µ—Ä–µ–≤–Ω–∏, –∏ –≤–æ–∫—Ä—É–≥ –æ—Ç–∫—Ä—ã–≤–∞–µ—Ç—Å—è –æ–±—ã—á–Ω—ã–π
–¥–µ—Ä–µ–≤–µ–Ω—Å–∫–∏–π –≤–∏–¥. –ö—Ä–µ–ø–∫–∏–µ –¥–æ–º–∞ —Å –º–∞–ª–µ–Ω—å–∫–∏–º–∏ –æ–∫–Ω–∞–º–∏, –Ω–æ –Ω–µ–∏–∑–º–µ–Ω–Ω—ã–º–∏ —Ç—Ä—É–±–∞–º–∏
–ø–µ—á–µ–π. –ò–∑–≥–æ—Ä–æ–¥—å, —Å—Ç–æ—è—â–∞—è –∑–∞ –¥–æ–º–∞–º–∏ –≤–¥–æ–ª—å –ª–µ—Å–∞ –∏ –∑–∞—â–∏—â–∞—é—â–∞—è –¥–µ—Ä–µ–≤–Ω—é —Å —Ç—ã–ª–∞. 
–ù–µ—Ç–æ—Ä–æ–ø–ª–∏–≤—ã–π –ª—é–¥, –∏–¥—É—â–∏–π –ø–æ —Å–≤–æ–∏–º –∏–∑–≤–µ—á–Ω—ã–º –¥–µ–ª–∞–º.
[0;36m[ Exits: n e s w ][0;37m
[1;33m[1;31m[0;0m
[0;32m276H[0;37m [0;32m116M[0;37m 13431–æ –ó–∞—É—á:0 –í—ã—Ö:–°–í–Æ–ó> ˇ˘–í—ã –ø–æ–ø–ª–µ–ª–∏—Å—å –Ω–∞ —Å–µ–≤–µ—Ä.
[1;36m–¶–µ–Ω—Ç—Ä–∞–ª—å–Ω–∞—è —É–ª–∏—Ü–∞ [5012][0;37m
   –ü–æ–Ω–µ–º–Ω–æ–≥—É –æ—Å—Ç–∞—é—Ç—Å—è –ø–æ–∑–∞–¥–∏ –≥–ª–∞–≤–Ω—ã–µ –¥–æ–º–∞ –¥–µ—Ä–µ–≤–Ω–∏, –∏ –≤–æ–∫—Ä—É–≥ –æ—Ç–∫—Ä—ã–≤–∞–µ—Ç—Å—è –æ–±—ã—á–Ω—ã–π
–¥–µ—Ä–µ–≤–µ–Ω—Å–∫–∏–π –≤–∏–¥. –ö—Ä–µ–ø–∫–∏–µ –¥–æ–º–∞ —Å –º–∞–ª–µ–Ω—å–∫–∏–º–∏ –æ–∫–Ω–∞–º–∏, –Ω–æ –Ω–µ–∏–∑–º–µ–Ω–Ω—ã–º–∏ —Ç—Ä—É–±–∞–º–∏
–ø–µ—á–µ–π. –ò–∑–≥–æ—Ä–æ–¥—å, —Å—Ç–æ—è—â–∞—è –∑–∞ –¥–æ–º–∞–º–∏ –≤–¥–æ–ª—å –ª–µ—Å–∞ –∏ –∑–∞—â–∏—â–∞—é—â–∞—è –¥–µ—Ä–µ–≤–Ω—é —Å —Ç—ã–ª–∞. 
–ù–µ—Ç–æ—Ä–æ–ø–ª–∏–≤—ã–π –ª—é–¥, –∏–¥—É—â–∏–π –ø–æ —Å–≤–æ–∏–º –∏–∑–≤–µ—á–Ω—ã–º –¥–µ–ª–∞–º.
[0;36m[ Exits: n e s ][0;37m
[1;33m[1;31m[0;0m
[0;32m276H[0;37m [0;32m115M[0;37m 13431–æ –ó–∞—É—á:0 –í—ã—Ö:–°–í–Æ> ˇ˘–í—ã –ø–æ–ø–ª–µ–ª–∏—Å—å –Ω–∞ —Å–µ–≤–µ—Ä.
[1;36m–õ–µ—Å–Ω–∞—è —É–ª–∏—Ü–∞ [5026][0;37m
   –ó–¥–µ—Å—å —É–∂–µ –¥–æ–º–∞ –ø–æ–º–µ–Ω—å—à–µ –∏ –ø–æ–ø—Ä–æ—â–µ, –∑–¥–µ—Å—å –∂–∏–≤—É—Ç —Ä—è–¥–æ–≤—ã–µ –∂–∏—Ç–µ–ª–∏ –¥–µ—Ä–µ–≤–Ω–∏,
–∏–º –Ω–µ –¥–æ —É–∫—Ä–∞—à–∞—Ç–µ–ª—å—Å—Ç–≤–∞ —Å–≤–æ–∏—Ö –∂–∏–ª–∏—â. –£–ª–∏—Ü–∞ –≤–µ–¥–µ—Ç –∫ –±–ª–∏–∂–∞–π—à–µ–º—É –ª–µ—Å—É, –∏–º–µ–Ω–Ω–æ
–ø–æ —ç—Ç–æ–π –¥–æ—Ä–æ–≥–µ —Ö–æ–¥—è—Ç –º–µ—Å—Ç–Ω—ã–µ –∂–∏—Ç–µ–ª–∏ –ø–æ —Ö–æ–∑—è–π—Å—Ç–≤–µ–Ω–Ω—ã–º –¥–µ–ª–∞–º.
[0;36m[ Exits: n s ][0;37m
[1;33m[1;31m[0;0m
[0;32m276H[0;37m [0;32m114M[0;37m 13431–æ –ó–∞—É—á:0 –í—ã—Ö:–°–Æ> ˇ˘–í—ã –ø–æ–ø–ª–µ–ª–∏—Å—å –Ω–∞ —Å–µ–≤–µ—Ä.
[1;36m–õ–µ—Å–Ω–∞—è —É–ª–∏—Ü–∞ [5027][0;37m
   –¢–∏—Ö–∞—è —É–ª–∏—Ü–∞ —Å –æ–±—ã—á–Ω—ã–º–∏ –¥–æ–º–∞–º–∏, —Å –Ω–µ—Ç–æ—Ä–æ–ø–ª–∏–≤–æ–π —Ä–∞–∑–º–µ—Ä–µ–Ω–Ω–æ–π –∂–∏–∑–Ω—å—é.
–î–æ—Ä–æ–≥–∞ –Ω–∞ —É–ª–∏—Ü–µ —É—Ç–æ–ø—Ç–∞–Ω–Ω–∞—è –∏ —Ä–æ–≤–Ω–∞—è, –Ω–æ –∏–Ω–æ–≥–¥–∞, –∫–æ–Ω–µ—á–Ω–æ, –ø—Ä–∏—Ö–æ–¥–∏—Ç—Å—è
–æ–±—Ö–æ–¥–∏—Ç—å –∫—É—á–∫–∏, –∑–∞–±–æ—Ç–ª–∏–≤–æ –æ—Å—Ç–∞–≤–ª–µ–Ω–Ω—ã–µ –∫–æ—Ä–æ–≤–∞–º–∏.
[0;36m[ Exits: (n) e s w ][0;37m
[1;33m[1;31m[0;0m
[0;32m276H[0;37m [0;32m114M[0;37m 13431–æ –ó–∞—É—á:0 –í—ã—Ö:(–°)–í–Æ–ó> ˇ˘–ù–∞ –≤–∞—Å –Ω–∞–¥–µ—Ç–æ:
<–Ω–∞ —Ç–µ–ª–µ>                   –ª–µ–≥–∫–∏–π –ª–∞—Ç–Ω—ã–π –¥–æ—Å–ø–µ—Ö  [1;37m<–≤–µ–ª–∏–∫–æ–ª–µ–ø–Ω–æ>[0;37m
<–Ω–∞ –≥–æ–ª–æ–≤–µ>                 –ª–µ–≥–∫–∏–π –ª–∞—Ç–Ω—ã–π —à–ª–µ–º  [1;32m<–æ—á–µ–Ω—å —Ö–æ—Ä–æ—à–æ>[0;37m
<–Ω–∞ –Ω–æ–≥–∞—Ö>                  –ª–µ–≥–∫–∏–µ –ª–∞—Ç–Ω—ã–µ –ø–æ–Ω–æ–∂–∏  [1;32m<–æ—á–µ–Ω—å —Ö–æ—Ä–æ—à–æ>[0;37m
<–Ω–∞ —Å—Ç—É–ø–Ω—è—Ö>                –¥—Ä–∞–Ω—ã–µ —Å–∞–ø–æ–≥–∏  [1;32m<–æ—á–µ–Ω—å —Ö–æ—Ä–æ—à–æ>[0;37m
<–Ω–∞ –ø–ª–µ—á–∞—Ö>                 —à–∫—É—Ä–∞ –º–µ–¥–≤–µ–¥—è  [1;37m<–≤–µ–ª–∏–∫–æ–ª–µ–ø–Ω–æ>[0;37m
<–Ω–∞ –ø–æ—è—Å–µ>                  —Ö–æ–ª—â–æ–≤—ã–π –º–µ—à–æ–∫  [1;37m<–≤–µ–ª–∏–∫–æ–ª–µ–ø–Ω–æ>[0;37m (–µ—Å—Ç—å —Å–æ–¥–µ—Ä–∂–∏–º–æ–µ)
<–≤ –ø—Ä–∞–≤–æ–π —Ä—É–∫–µ>             –±—Ä–æ–Ω–∑–æ–≤—ã–π –∫–∏—Å—Ç–µ–Ω—å  [1;32m<–æ—á–µ–Ω—å —Ö–æ—Ä–æ—à–æ>[0;37m
<–≤ –ª–µ–≤–æ–π —Ä—É–∫–µ>              –±—Ä–æ–Ω–∑–æ–≤—ã–π —Å—Ç–∏–ª–µ—Ç  [1;32m<–æ—á–µ–Ω—å —Ö–æ—Ä–æ—à–æ>[0;37m

[0;32m276H[0;37m [0;32m114M[0;37m 13431–æ –ó–∞—É—á:0 –í—ã—Ö:(–°)–í–Æ–ó> ˇ˘[1;36m–õ–µ—Å–Ω–∞—è —É–ª–∏—Ü–∞ [5027][0;37m
   –¢–∏—Ö–∞—è —É–ª–∏—Ü–∞ —Å –æ–±—ã—á–Ω—ã–º–∏ –¥–æ–º–∞–º–∏, —Å –Ω–µ—Ç–æ—Ä–æ–ø–ª–∏–≤–æ–π —Ä–∞–∑–º–µ—Ä–µ–Ω–Ω–æ–π –∂–∏–∑–Ω—å—é.
–î–æ—Ä–æ–≥–∞ –Ω–∞ —É–ª–∏—Ü–µ —É—Ç–æ–ø—Ç–∞–Ω–Ω–∞—è –∏ —Ä–æ–≤–Ω–∞—è, –Ω–æ –∏–Ω–æ–≥–¥–∞, –∫–æ–Ω–µ—á–Ω–æ, –ø—Ä–∏—Ö–æ–¥–∏—Ç—Å—è
–æ–±—Ö–æ–¥–∏—Ç—å –∫—É—á–∫–∏, –∑–∞–±–æ—Ç–ª–∏–≤–æ –æ—Å—Ç–∞–≤–ª–µ–Ω–Ω—ã–µ –∫–æ—Ä–æ–≤–∞–º–∏.
[0;36m[ Exits: (n) e s w ][0;37m
[1;33m[1;31m[0;0m
[0;32m276H[0;37m [0;32m118M[0;37m 13431–æ –ó–∞—É—á:0 –í—ã—Ö:(–°)–í–Æ–ó> ˇ˘–ó–∞–∫—Ä—ã—Ç–æ (–≤–æ—Ä–æ—Ç–∞).

[0;32m276H[0;37m [0;32m118M[0;37m 13431–æ –ó–∞—É—á:0 –í—ã—Ö:(–°)–í–Æ–ó> ˇ˘–ó–∞–∫—Ä—ã—Ç–æ (–≤–æ—Ä–æ—Ç–∞).

[0;32m276H[0;37m [0;32m118M[0;37m 13431–æ –ó–∞—É—á:0 –í—ã—Ö:(–°)–í–Æ–ó> ˇ˘–õ–∞–¥—É—à–∫–∏.

[0;32m276H[0;37m [0;32m118M[0;37m 13431–æ –ó–∞—É—á:0 –í—ã—Ö:–°–í–Æ–ó> ˇ˘–í—ã –ø–æ–ø–ª–µ–ª–∏—Å—å –Ω–∞ —Å–µ–≤–µ—Ä.
[1;36m–õ–µ—Å–Ω—ã–µ –≤–æ—Ä–æ—Ç–∞ [5028][0;37m
   –ó–¥–µ—Å—å –∑–∞–∫–∞–Ω—á–∏–≤–∞–µ—Ç—Å—è –¥–µ—Ä–µ–≤–Ω—è –∏ –Ω–∞—á–∏–Ω–∞–µ—Ç—Å—è –ª–µ—Å. –ß—Ç–æ–±—ã –æ–≥–æ—Ä–æ–¥–∏—Ç—å —Å–µ–±—è –æ—Ç
–Ω–∞–ø–∞–¥–µ–Ω–∏—è –∏–∑ –ª–µ—Å–∞ –æ—Ç –≤—Ä–∞–≥–æ–≤ –∏ –ª–µ—Å–Ω—ã—Ö —Ö–∏—â–Ω–∏–∫–æ–≤ –ø–æ—Å—Ç–∞–≤–∏–ª–∏ –ø–æ —É–∫–∞–∑—É —Å—Ç–∞—Ä–µ–π—à–∏–Ω—ã
–≤–æ—Ä–æ—Ç–∞ –¥–µ—Ä–µ–≤—è–Ω–Ω—ã–µ.
[0;36m[ Exits: N s ][0;37m
[1;33m[1;31m[0;0m
[0;32m276H[0;37m [0;32m117M[0;37m 13431–æ –ó–∞—É—á:0 –í—ã—Ö:–°–Æ> ˇ˘–í—ã –ø–æ–ø–ª–µ–ª–∏—Å—å –Ω–∞ —Å–µ–≤–µ—Ä.
[1;36m–õ–µ—Å–Ω–∞—è –¥–æ—Ä–æ–≥–∞ [5200][0;37m
   –î–æ—Ä–æ–≥–∞, –ø–æ –∫–æ—Ç–æ—Ä–æ–π —Ö–æ–¥—è—Ç –∂–∏—Ç–µ–ª–∏ –¥–µ—Ä–µ–≤–Ω–∏ –≤ –±–ª–∏–∂–∞–π—à–∏–π –ª–µ—Å –∑–∞ –¥—Ä–æ–≤–∞–º–∏,
—Å–æ–±–∏—Ä–∞—Ç—å —è–≥–æ–¥—ã –∏ –≥—Ä–∏–±—ã. –ü–æ —ç—Ç–æ–π –∂–µ –¥–æ—Ä–æ–≥–µ —Ö–æ–¥—è—Ç –Ω–∞ —Å–≤–æ–∏ –¥–µ–ª—è–Ω–∫–∏ –Ω–∞
—Å–µ–Ω–æ–∫–æ—Å –∏–ª–∏ –Ω–∞ –æ—Ö–æ—Ç—É.
[0;36m[ Exits: n e S w ][0;37m
[1;30m–í—ã –ø—Ä–æ—Å—Ç–æ —É–≤—è–∑–∞–µ—Ç–µ –≤ –≥—Ä—è–∑–∏.[0;37m
[1;33m[1;31m[0;0m
–õ–µ—Å–Ω–∞—è –¥–æ—Ä–æ–≥–∞ (—Å—Ä–µ–¥–Ω–∏–π —É—Ä–æ–≤–µ–Ω—å: 7).

[0;32m276H[0;37m [0;32m116M[0;37m 13431–æ –ó–∞—É—á:0 –í—ã—Ö:–°–í–Æ–ó> ˇ˘–í—ã –ø–æ–ø–ª–µ–ª–∏—Å—å –Ω–∞ –≤–æ—Å—Ç–æ–∫.
[1;36m–£ –¥–µ—Ä–µ–≤–µ–Ω—Å–∫–æ–π –æ–≥—Ä–∞–¥—ã [5210][0;37m
   –ö–æ–≥–¥–∞-—Ç–æ –∑–¥–µ—Å—å —Ä–æ—Å –ª–µ—Å, –Ω–æ –¥–∞–≤–Ω—ã–º-–¥–∞–≤–Ω–æ –ª–µ—Å –≤—ã—Ä—É–±–∏–ª–∏, –ø–Ω–∏ –≤—ã–∂–≥–ª–∏, –Ω–æ
–∏—Å–ø–æ–ª—å–∑–æ–≤–∞—Ç—å –ø–æ–¥ –ø–∞—à–Ω–∏ –Ω–µ —Å—Ç–∞–ª–∏, —Ç–∞–∫ –∫–∞–∫ –Ω–∞—Ö–æ–¥–∏—Ç—Å—è –∑–∞ –¥–µ—Ä–µ–≤–µ–Ω—Å–∫–æ–π –æ–≥—Ä–∞–¥–æ–π.
–° —Ç–µ—Ö –ø–æ—Ä –∑–¥–µ—Å—å —Ä–∞—Å—Ç—É—Ç —Ç–æ–ª—å–∫–æ –≤—Å–µ–≤–æ–∑–º–æ–∂–Ω—ã–µ —Ü–≤–µ—Ç—ã –∏ —Ç—Ä–∞–≤—ã, —á—Ç–æ –ø—Ä–∏–≤–ª–µ–∫–∞–µ—Ç 
–¥–µ—Ç–µ–π, –∂–µ–Ω—â–∏–Ω –∏ –∑–Ω–∞—Ö–∞—Ä–µ–π.
[0;36m[ Exits: n e w ][0;37m
[1;30m–í—ã –ø—Ä–æ—Å—Ç–æ —É–≤—è–∑–∞–µ—Ç–µ –≤ –≥—Ä—è–∑–∏.[0;37m
[1;33m[1;31m[0;0m
[0;32m276H[0;37m [0;32m114M[0;37m 13431–æ –ó–∞—É—á:0 –í—ã—Ö:–°–í–ó> ˇ˘–í—ã –ø–æ–ø–ª–µ–ª–∏—Å—å –Ω–∞ –∑–∞–ø–∞–¥.
[1;36m–õ–µ—Å–Ω–∞—è –¥–æ—Ä–æ–≥–∞ [5200][0;37m
   –î–æ—Ä–æ–≥–∞, –ø–æ –∫–æ—Ç–æ—Ä–æ–π —Ö–æ–¥—è—Ç –∂–∏—Ç–µ–ª–∏ –¥–µ—Ä–µ–≤–Ω–∏ –≤ –±–ª–∏–∂–∞–π—à–∏–π –ª–µ—Å –∑–∞ –¥—Ä–æ–≤–∞–º–∏,
—Å–æ–±–∏—Ä–∞—Ç—å —è–≥–æ–¥—ã –∏ –≥—Ä–∏–±—ã. –ü–æ —ç—Ç–æ–π –∂–µ –¥–æ—Ä–æ–≥–µ —Ö–æ–¥—è—Ç –Ω–∞ —Å–≤–æ–∏ –¥–µ–ª—è–Ω–∫–∏ –Ω–∞
—Å–µ–Ω–æ–∫–æ—Å –∏–ª–∏ –Ω–∞ –æ—Ö–æ—Ç—É.
[0;36m[ Exits: n e S w ][0;37m
[1;30m–í—ã –ø—Ä–æ—Å—Ç–æ —É–≤—è–∑–∞–µ—Ç–µ –≤ –≥—Ä—è–∑–∏.[0;37m
[1;33m[1;31m[0;0m
[0;32m276H[0;37m [0;32m111M[0;37m 13431–æ –ó–∞—É—á:0 –í—ã—Ö:–°–í–Æ–ó> ˇ˘–í—ã –ø–æ–ø–ª–µ–ª–∏—Å—å –Ω–∞ —é–≥.
[1;36m–õ–µ—Å–Ω—ã–µ –≤–æ—Ä–æ—Ç–∞ [5028][0;37m
   –ó–¥–µ—Å—å –∑–∞–∫–∞–Ω—á–∏–≤–∞–µ—Ç—Å—è –¥–µ—Ä–µ–≤–Ω—è –∏ –Ω–∞—á–∏–Ω–∞–µ—Ç—Å—è –ª–µ—Å. –ß—Ç–æ–±—ã –æ–≥–æ—Ä–æ–¥–∏—Ç—å —Å–µ–±—è –æ—Ç
–Ω–∞–ø–∞–¥–µ–Ω–∏—è –∏–∑ –ª–µ—Å–∞ –æ—Ç –≤—Ä–∞–≥–æ–≤ –∏ –ª–µ—Å–Ω—ã—Ö —Ö–∏—â–Ω–∏–∫–æ–≤ –ø–æ—Å—Ç–∞–≤–∏–ª–∏ –ø–æ —É–∫–∞–∑—É —Å—Ç–∞—Ä–µ–π—à–∏–Ω—ã
–≤–æ—Ä–æ—Ç–∞ –¥–µ—Ä–µ–≤—è–Ω–Ω—ã–µ.
[0;36m[ Exits: N s ][0;37m
[1;33m[1;31m[0;0m
–î–µ—Ä–µ–≤–Ω—è —É —Ä–µ–∫–∏ (2-–∞—è —Ä–æ–¥–æ–≤–∞—è).

[0;32m276H[0;37m [0;32m109M[0;37m 13431–æ –ó–∞—É—á:0 –í—ã—Ö:–°–Æ> ˇ˘–í—ã –Ω–µ —Å–º–æ–∂–µ—Ç–µ —Ç—É–¥–∞ –ø—Ä–æ–π—Ç–∏...

[0;32m276H[0;37m [0;32m110M[0;37m 13431–æ –ó–∞—É—á:0 –í—ã—Ö:–°–Æ> ˇ˘–í—ã –ø–æ–ø–ª–µ–ª–∏—Å—å –Ω–∞ —Å–µ–≤–µ—Ä.
[1;36m–õ–µ—Å–Ω–∞—è –¥–æ—Ä–æ–≥–∞ [5200][0;37m
   –î–æ—Ä–æ–≥–∞, –ø–æ –∫–æ—Ç–æ—Ä–æ–π —Ö–æ–¥—è—Ç –∂–∏—Ç–µ–ª–∏ –¥–µ—Ä–µ–≤–Ω–∏ –≤ –±–ª–∏–∂–∞–π—à–∏–π –ª–µ—Å –∑–∞ –¥—Ä–æ–≤–∞–º–∏,
—Å–æ–±–∏—Ä–∞—Ç—å —è–≥–æ–¥—ã –∏ –≥—Ä–∏–±—ã. –ü–æ —ç—Ç–æ–π –∂–µ –¥–æ—Ä–æ–≥–µ —Ö–æ–¥—è—Ç –Ω–∞ —Å–≤–æ–∏ –¥–µ–ª—è–Ω–∫–∏ –Ω–∞
—Å–µ–Ω–æ–∫–æ—Å –∏–ª–∏ –Ω–∞ –æ—Ö–æ—Ç—É.
[0;36m[ Exits: n e S w ][0;37m
[1;30m–í—ã –ø—Ä–æ—Å—Ç–æ —É–≤—è–∑–∞–µ—Ç–µ –≤ –≥—Ä—è–∑–∏.[0;37m
[1;33m[1;31m[0;0m
–õ–µ—Å–Ω–∞—è –¥–æ—Ä–æ–≥–∞ (—Å—Ä–µ–¥–Ω–∏–π —É—Ä–æ–≤–µ–Ω—å: 7).

[0;32m276H[0;37m [0;32m108M[0;37m 13431–æ –ó–∞—É—á:0 –í—ã—Ö:–°–í–Æ–ó> ˇ˘–í—ã –ø–æ–ø–ª–µ–ª–∏—Å—å –Ω–∞ –≤–æ—Å—Ç–æ–∫.
[1;36m–£ –¥–µ—Ä–µ–≤–µ–Ω—Å–∫–æ–π –æ–≥—Ä–∞–¥—ã [5210][0;37m
   –ö–æ–≥–¥–∞-—Ç–æ –∑–¥–µ—Å—å —Ä–æ—Å –ª–µ—Å, –Ω–æ –¥–∞–≤–Ω—ã–º-–¥–∞–≤–Ω–æ –ª–µ—Å –≤—ã—Ä—É–±–∏–ª–∏, –ø–Ω–∏ –≤—ã–∂–≥–ª–∏, –Ω–æ
–∏—Å–ø–æ–ª—å–∑–æ–≤–∞—Ç—å –ø–æ–¥ –ø–∞—à–Ω–∏ –Ω–µ —Å—Ç–∞–ª–∏, —Ç–∞–∫ –∫–∞–∫ –Ω–∞—Ö–æ–¥–∏—Ç—Å—è –∑–∞ –¥–µ—Ä–µ–≤–µ–Ω—Å–∫–æ–π –æ–≥—Ä–∞–¥–æ–π.
–° —Ç–µ—Ö –ø–æ—Ä –∑–¥–µ—Å—å —Ä–∞—Å—Ç—É—Ç —Ç–æ–ª—å–∫–æ –≤—Å–µ–≤–æ–∑–º–æ–∂–Ω—ã–µ —Ü–≤–µ—Ç—ã –∏ —Ç—Ä–∞–≤—ã, —á—Ç–æ –ø—Ä–∏–≤–ª–µ–∫–∞–µ—Ç 
–¥–µ—Ç–µ–π, –∂–µ–Ω—â–∏–Ω –∏ –∑–Ω–∞—Ö–∞—Ä–µ–π.
[0;36m[ Exits: n e w ][0;37m
[1;30m–í—ã –ø—Ä–æ—Å—Ç–æ —É–≤—è–∑–∞–µ—Ç–µ –≤ –≥—Ä—è–∑–∏.[0;37m
[1;33m[1;31m[0;0m
[0;32m276H[0;37m [0;32m114M[0;37m 13431–æ –ó–∞—É—á:0 –í—ã—Ö:–°–í–ó> ˇ˘–í—ã –ø–æ–ø–ª–µ–ª–∏—Å—å –Ω–∞ –∑–∞–ø–∞–¥.
[1;36m–õ–µ—Å–Ω–∞—è –¥–æ—Ä–æ–≥–∞ [5200][0;37m
   –î–æ—Ä–æ–≥–∞, –ø–æ –∫–æ—Ç–æ—Ä–æ–π —Ö–æ–¥—è—Ç –∂–∏—Ç–µ–ª–∏ –¥–µ—Ä–µ–≤–Ω–∏ –≤ –±–ª–∏–∂–∞–π—à–∏–π –ª–µ—Å –∑–∞ –¥—Ä–æ–≤–∞–º–∏,
—Å–æ–±–∏—Ä–∞—Ç—å —è–≥–æ–¥—ã –∏ –≥—Ä–∏–±—ã. –ü–æ —ç—Ç–æ–π –∂–µ –¥–æ—Ä–æ–≥–µ —Ö–æ–¥—è—Ç –Ω–∞ —Å–≤–æ–∏ –¥–µ–ª—è–Ω–∫–∏ –Ω–∞
—Å–µ–Ω–æ–∫–æ—Å –∏–ª–∏ –Ω–∞ –æ—Ö–æ—Ç—É.
[0;36m[ Exits: n e S w ][0;37m
[1;30m–í—ã –ø—Ä–æ—Å—Ç–æ —É–≤—è–∑–∞–µ—Ç–µ –≤ –≥—Ä—è–∑–∏.[0;37m
[1;33m[1;31m[0;0m
[0;32m276H[0;37m [0;32m112M[0;37m 13431–æ –ó–∞—É—á:0 –í—ã—Ö:–°–í–Æ–ó> ˇ˘–í—ã –ø–æ–ø–ª–µ–ª–∏—Å—å –Ω–∞ —é–≥.
[1;36m–õ–µ—Å–Ω—ã–µ –≤–æ—Ä–æ—Ç–∞ [5028][0;37m
   –ó–¥–µ—Å—å –∑–∞–∫–∞–Ω—á–∏–≤–∞–µ—Ç—Å—è –¥–µ—Ä–µ–≤–Ω—è –∏ –Ω–∞—á–∏–Ω–∞–µ—Ç—Å—è –ª–µ—Å. –ß—Ç–æ–±—ã –æ–≥–æ—Ä–æ–¥–∏—Ç—å —Å–µ–±—è –æ—Ç
–Ω–∞–ø–∞–¥–µ–Ω–∏—è –∏–∑ –ª–µ—Å–∞ –æ—Ç –≤—Ä–∞–≥–æ–≤ –∏ –ª–µ—Å–Ω—ã—Ö —Ö–∏—â–Ω–∏–∫–æ–≤ –ø–æ—Å—Ç–∞–≤–∏–ª–∏ –ø–æ —É–∫–∞–∑—É —Å—Ç–∞—Ä–µ–π—à–∏–Ω—ã
–≤–æ—Ä–æ—Ç–∞ –¥–µ—Ä–µ–≤—è–Ω–Ω—ã–µ.
[0;36m[ Exits: N s ][0;37m
[1;33m[1;31m[0;0m
–î–µ—Ä–µ–≤–Ω—è —É —Ä–µ–∫–∏ (2-–∞—è —Ä–æ–¥–æ–≤–∞—è).

[0;32m276H[0;37m [0;32m111M[0;37m 13431–æ –ó–∞—É—á:0 –í—ã—Ö:–°–Æ> ˇ˘–í—ã –Ω–µ —Å–º–æ–∂–µ—Ç–µ —Ç—É–¥–∞ –ø—Ä–æ–π—Ç–∏...

[0;32m276H[0;37m [0;32m112M[0;37m 13431–æ –ó–∞—É—á:0 –í—ã—Ö:–°–Æ> ˇ˘–í—ã –ø–æ–ø–ª–µ–ª–∏—Å—å –Ω–∞ —é–≥.
[1;36m–õ–µ—Å–Ω–∞—è —É–ª–∏—Ü–∞ [5027][0;37m
   –¢–∏—Ö–∞—è —É–ª–∏—Ü–∞ —Å –æ–±—ã—á–Ω—ã–º–∏ –¥–æ–º–∞–º–∏, —Å –Ω–µ—Ç–æ—Ä–æ–ø–ª–∏–≤–æ–π —Ä–∞–∑–º–µ—Ä–µ–Ω–Ω–æ–π –∂–∏–∑–Ω—å—é.
–î–æ—Ä–æ–≥–∞ –Ω–∞ —É–ª–∏—Ü–µ —É—Ç–æ–ø—Ç–∞–Ω–Ω–∞—è –∏ —Ä–æ–≤–Ω–∞—è, –Ω–æ –∏–Ω–æ–≥–¥–∞, –∫–æ–Ω–µ—á–Ω–æ, –ø—Ä–∏—Ö–æ–¥–∏—Ç—Å—è
–æ–±—Ö–æ–¥–∏—Ç—å –∫—É—á–∫–∏, –∑–∞–±–æ—Ç–ª–∏–≤–æ –æ—Å—Ç–∞–≤–ª–µ–Ω–Ω—ã–µ –∫–æ—Ä–æ–≤–∞–º–∏.
[0;36m[ Exits: n e s w ][0;37m
[1;33m[1;31m[0;0m
[0;32m276H[0;37m [0;32m112M[0;37m 13431–æ –ó–∞—É—á:0 –í—ã—Ö:–°–í–Æ–ó> ˇ˘–í—ã –ø–æ–ø–ª–µ–ª–∏—Å—å –Ω–∞ –≤–æ—Å—Ç–æ–∫.
[1;36m–ñ–∏–ª–∏—â–µ –≥–∞–¥–∞–ª–∫–∏ [5042][0;37m
   –ù–µ–±–æ–ª—å—à–æ–π –¥–æ–º–∏–∫, –±–µ–∑ –æ–±—ã—á–Ω–æ–≥–æ –±–æ–ª—å—à–æ–≥–æ –¥–≤–æ—Ä–∞ –∏ –ø–æ—Å—Ç—Ä–æ–µ–∫. –¶–≤–µ—Ç–∞—Å—Ç—ã–µ
–∑–∞–Ω–∞–≤–µ—Å–∏ –Ω–∞ –æ–∫–Ω–∞—Ö, —á–∏—Å—Ç–æ–µ –∫—Ä—ã–ª—å—Ü–æ –∏ —Å–µ–Ω–∏. –ù–∞–¥ –¥–≤–µ—Ä—å—é –ø—Ä–∏–±–∏—Ç–∞ –ø–æ–¥–∫–æ–≤–∞ –Ω–∞
—Å—á–∞—Å—Ç—å–µ. –í —É–≥–ª—É –∫–æ–º–Ω–∞—Ç—ã —Å—Ç–æ–∏—Ç –±–ª—é–¥–µ—á–∫–æ —Å –º–æ–ª–æ–∫–æ–º, –Ω–æ –Ω–µ –¥–ª—è –∫–æ—à–∫–∏, –∞ –¥–ª—è
–¥–æ–º–æ–≤–æ–≥–æ, —á—Ç–æ–±—ã –±—ã–ª –≤—Å–µ–≥–¥–∞ —Å—ã—Ç, –Ω–µ —Å–µ—Ä—á–∞–ª, –∑–ª—ã—Ö –¥—É—Ö–æ–≤ –≤ –¥–æ–º –Ω–µ –ø—É—Å–∫–∞–ª,
—Ç–∏—à–∏–Ω—É –∏ –ø–æ–∫–æ–π –Ω–µ –Ω–∞—Ä—É—à–∞–ª.
[0;36m[ Exits: w ][0;37m
[1;33m[1;31m–ì–∞–¥–∞–ª–∫–∞ —Ä–∞—Å–∫–ª–∞–¥—ã–≤–∞–µ—Ç –∫–∞—Ä—Ç—ã –∑–¥–µ—Å—å.
[0;0m
[0;32m276H[0;37m [0;32m111M[0;37m 13431–æ –ó–∞—É—á:0 –í—ã—Ö:–ó> ˇ˘–ì–∞–¥–∞–ª–∫–∞ —Å–∫–∞–∑–∞–ª–∞ : '–ü–æ—Ö–æ–∂–µ, —è –Ω–µ —Å–º–æ–≥—É —Ç–µ–±–µ –ø–æ–º–æ—á—å.'

[0;32m276H[0;37m [0;32m115M[0;37m 13431–æ –ó–∞—É—á:0 –í—ã—Ö:–ó> ˇ˘–≠—Ç–∞ –∫–æ–º–∞–Ω–¥–∞ –Ω–µ–¥–æ—Å—Ç—É–ø–Ω–∞ –≤ —ç—Ç–æ–º –º–µ—Å—Ç–µ!

[0;32m276H[0;37m [0;32m117M[0;37m 13431–æ –ó–∞—É—á:0 –í—ã—Ö:–ó> ˇ˘–í—ã –ø–æ–ø–ª–µ–ª–∏—Å—å –Ω–∞ –∑–∞–ø–∞–¥.
[1;36m–õ–µ—Å–Ω–∞—è —É–ª–∏—Ü–∞ [5027][0;37m
   –¢–∏—Ö–∞—è —É–ª–∏—Ü–∞ —Å –æ–±—ã—á–Ω—ã–º–∏ –¥–æ–º–∞–º–∏, —Å –Ω–µ—Ç–æ—Ä–æ–ø–ª–∏–≤–æ–π —Ä–∞–∑–º–µ—Ä–µ–Ω–Ω–æ–π –∂–∏–∑–Ω—å—é.
–î–æ—Ä–æ–≥–∞ –Ω–∞ —É–ª–∏—Ü–µ —É—Ç–æ–ø—Ç–∞–Ω–Ω–∞—è –∏ —Ä–æ–≤–Ω–∞—è, –Ω–æ –∏–Ω–æ–≥–¥–∞, –∫–æ–Ω–µ—á–Ω–æ, –ø—Ä–∏—Ö–æ–¥–∏—Ç—Å—è
–æ–±—Ö–æ–¥–∏—Ç—å –∫—É—á–∫–∏, –∑–∞–±–æ—Ç–ª–∏–≤–æ –æ—Å—Ç–∞–≤–ª–µ–Ω–Ω—ã–µ –∫–æ—Ä–æ–≤–∞–º–∏.
[0;36m[ Exits: n e s w ][0;37m
[1;33m[1;31m[0;0m
[0;32m276H[0;37m [0;32m117M[0;37m 13431–æ –ó–∞—É—á:0 –í—ã—Ö:–°–í–Æ–ó> ˇ˘–í—ã –ø–æ–ø–ª–µ–ª–∏—Å—å –Ω–∞ —é–≥.
[1;36m–õ–µ—Å–Ω–∞—è —É–ª–∏—Ü–∞ [5026][0;37m
   –ó–¥–µ—Å—å —É–∂–µ –¥–æ–º–∞ –ø–æ–º–µ–Ω—å—à–µ –∏ –ø–æ–ø—Ä–æ—â–µ, –∑–¥–µ—Å—å –∂–∏–≤—É—Ç —Ä—è–¥–æ–≤—ã–µ –∂–∏—Ç–µ–ª–∏ –¥–µ—Ä–µ–≤–Ω–∏,
–∏–º –Ω–µ –¥–æ —É–∫—Ä–∞—à–∞—Ç–µ–ª—å—Å—Ç–≤–∞ —Å–≤–æ–∏—Ö –∂–∏–ª–∏—â. –£–ª–∏—Ü–∞ –≤–µ–¥–µ—Ç –∫ –±–ª–∏–∂–∞–π—à–µ–º—É –ª–µ—Å—É, –∏–º–µ–Ω–Ω–æ
–ø–æ —ç—Ç–æ–π –¥–æ—Ä–æ–≥–µ —Ö–æ–¥—è—Ç –º–µ—Å—Ç–Ω—ã–µ –∂–∏—Ç–µ–ª–∏ –ø–æ —Ö–æ–∑—è–π—Å—Ç–≤–µ–Ω–Ω—ã–º –¥–µ–ª–∞–º.
[0;36m[ Exits: n s ][0;37m
[1;33m[1;31m[0;0m
[0;32m276H[0;37m [0;32m117M[0;37m 13431–æ –ó–∞—É—á:0 –í—ã—Ö:–°–Æ> ˇ˘–í—ã –ø–æ–ø–ª–µ–ª–∏—Å—å –Ω–∞ —é–≥.
[1;36m–¶–µ–Ω—Ç—Ä–∞–ª—å–Ω–∞—è —É–ª–∏—Ü–∞ [5012][0;37m
   –ü–æ–Ω–µ–º–Ω–æ–≥—É –æ—Å—Ç–∞—é—Ç—Å—è –ø–æ–∑–∞–¥–∏ –≥–ª–∞–≤–Ω—ã–µ –¥–æ–º–∞ –¥–µ—Ä–µ–≤–Ω–∏, –∏ –≤–æ–∫—Ä—É–≥ –æ—Ç–∫—Ä—ã–≤–∞–µ—Ç—Å—è –æ–±—ã—á–Ω—ã–π
–¥–µ—Ä–µ–≤–µ–Ω—Å–∫–∏–π –≤–∏–¥. –ö—Ä–µ–ø–∫–∏–µ –¥–æ–º–∞ —Å –º–∞–ª–µ–Ω—å–∫–∏–º–∏ –æ–∫–Ω–∞–º–∏, –Ω–æ –Ω–µ–∏–∑–º–µ–Ω–Ω—ã–º–∏ —Ç—Ä—É–±–∞–º–∏
–ø–µ—á–µ–π. –ò–∑–≥–æ—Ä–æ–¥—å, —Å—Ç–æ—è—â–∞—è –∑–∞ –¥–æ–º–∞–º–∏ –≤–¥–æ–ª—å –ª–µ—Å–∞ –∏ –∑–∞—â–∏—â–∞—é—â–∞—è –¥–µ—Ä–µ–≤–Ω—é —Å —Ç—ã–ª–∞. 
–ù–µ—Ç–æ—Ä–æ–ø–ª–∏–≤—ã–π –ª—é–¥, –∏–¥—É—â–∏–π –ø–æ —Å–≤–æ–∏–º –∏–∑–≤–µ—á–Ω—ã–º –¥–µ–ª–∞–º.
[0;36m[ Exits: n e s ][0;37m
[1;33m[1;31m[0;0m
[0;32m276H[0;37m [0;32m116M[0;37m 13431–æ –ó–∞—É—á:0 –í—ã—Ö:–°–í–Æ> ˇ˘–í—ã –ø–æ–ø–ª–µ–ª–∏—Å—å –Ω–∞ —é–≥.
[1;36m–ö —Ü–µ–Ω—Ç—Ä—É –¥–µ—Ä–µ–≤–Ω–∏ [5006][0;37m
   –ü–æ–Ω–µ–º–Ω–æ–≥—É –æ—Å—Ç–∞—é—Ç—Å—è –ø–æ–∑–∞–¥–∏ –≥–ª–∞–≤–Ω—ã–µ –¥–æ–º–∞ –¥–µ—Ä–µ–≤–Ω–∏, –∏ –≤–æ–∫—Ä—É–≥ –æ—Ç–∫—Ä—ã–≤–∞–µ—Ç—Å—è –æ–±—ã—á–Ω—ã–π
–¥–µ—Ä–µ–≤–µ–Ω—Å–∫–∏–π –≤–∏–¥. –ö—Ä–µ–ø–∫–∏–µ –¥–æ–º–∞ —Å –º–∞–ª–µ–Ω—å–∫–∏–º–∏ –æ–∫–Ω–∞–º–∏, –Ω–æ –Ω–µ–∏–∑–º–µ–Ω–Ω—ã–º–∏ —Ç—Ä—É–±–∞–º–∏
–ø–µ—á–µ–π. –ò–∑–≥–æ—Ä–æ–¥—å, —Å—Ç–æ—è—â–∞—è –∑–∞ –¥–æ–º–∞–º–∏ –≤–¥–æ–ª—å –ª–µ—Å–∞ –∏ –∑–∞—â–∏—â–∞—é—â–∞—è –¥–µ—Ä–µ–≤–Ω—é —Å —Ç—ã–ª–∞. 
–ù–µ—Ç–æ—Ä–æ–ø–ª–∏–≤—ã–π –ª—é–¥, –∏–¥—É—â–∏–π –ø–æ —Å–≤–æ–∏–º –∏–∑–≤–µ—á–Ω—ã–º –¥–µ–ª–∞–º.
[0;36m[ Exits: n e s w ][0;37m
[1;33m[1;31m[0;0m
[0;32m276H[0;37m [0;32m116M[0;37m 13431–æ –ó–∞—É—á:0 –í—ã—Ö:–°–í–Æ–ó> ˇ˘–í—ã –ø–æ–ø–ª–µ–ª–∏—Å—å –Ω–∞ –≤–æ—Å—Ç–æ–∫.
[1;36m–ö –¥–æ—Ä–æ–≥–µ [5043][0;37m
   –≠—Ç–∞ –¥–æ—Ä–æ–≥–∞ –Ω–µ –∑—Ä—è —É–ø–∏—Ä–∞–µ—Ç—Å—è –≤ —Ü–µ–Ω—Ç—Ä –¥–µ—Ä–µ–≤–Ω–∏, –ø–æ –Ω–µ–π –≤ –¥–µ—Ä–µ–≤–Ω—é –ø—Ä–∏–≤–æ–∑—è—Ç
–Ω–æ–≤—ã–π —Ç–æ–≤–∞—Ä, —É–≤–æ–∑—è—Ç –¥–æ–±—ã—Ç—ã–µ —à–∫—É—Ä—ã –∂–∏–≤–æ—Ç–Ω—ã—Ö –∏ –µ–¥—É –¥–ª—è –ø—Ä–æ–¥–∞–∂–∏ –Ω–∞ —è—Ä–º–∞—Ä–∫–µ –∏–ª–∏
–±–∞–∑–∞—Ä–µ –≤ –±–ª–∏–∂–∞–π—à–µ–º –≥–æ—Ä–æ–¥–µ. –ù–∞ –¥–æ—Ä–æ–≥–µ –≤–∏–¥–Ω—ã —Å–ª–µ–¥—ã –∫–æ–ø—ã—Ç –ª–æ—à–∞–¥–µ–π –∏ –∫–æ–ª–µ—Å
—Ç–µ–ª–µ–≥.
[0;36m[ Exits: n e w ][0;37m
[1;33m[1;31m[0;0m
[0;32m276H[0;37m [0;32m116M[0;37m 13431–æ –ó–∞—É—á:0 –í—ã—Ö:–°–í–ó> ˇ˘–í—ã –ø–æ–ø–ª–µ–ª–∏—Å—å –Ω–∞ –∑–∞–ø–∞–¥.
[1;36m–ö —Ü–µ–Ω—Ç—Ä—É –¥–µ—Ä–µ–≤–Ω–∏ [5006][0;37m
   –ü–æ–Ω–µ–º–Ω–æ–≥—É –æ—Å—Ç–∞—é—Ç—Å—è –ø–æ–∑–∞–¥–∏ –≥–ª–∞–≤–Ω—ã–µ –¥–æ–º–∞ –¥–µ—Ä–µ–≤–Ω–∏, –∏ –≤–æ–∫—Ä—É–≥ –æ—Ç–∫—Ä—ã–≤–∞–µ—Ç—Å—è –æ–±—ã—á–Ω—ã–π
–¥–µ—Ä–µ–≤–µ–Ω—Å–∫–∏–π –≤–∏–¥. –ö—Ä–µ–ø–∫–∏–µ –¥–æ–º–∞ —Å –º–∞–ª–µ–Ω—å–∫–∏–º–∏ –æ–∫–Ω–∞–º–∏, –Ω–æ –Ω–µ–∏–∑–º–µ–Ω–Ω—ã–º–∏ —Ç—Ä—É–±–∞–º–∏
–ø–µ—á–µ–π. –ò–∑–≥–æ—Ä–æ–¥—å, —Å—Ç–æ—è—â–∞—è –∑–∞ –¥–æ–º–∞–º–∏ –≤–¥–æ–ª—å –ª–µ—Å–∞ –∏ –∑–∞—â–∏—â–∞—é—â–∞—è –¥–µ—Ä–µ–≤–Ω—é —Å —Ç—ã–ª–∞. 
–ù–µ—Ç–æ—Ä–æ–ø–ª–∏–≤—ã–π –ª—é–¥, –∏–¥—É—â–∏–π –ø–æ —Å–≤–æ–∏–º –∏–∑–≤–µ—á–Ω—ã–º –¥–µ–ª–∞–º.
[0;36m[ Exits: n e s w ][0;37m
[1;33m[1;31m[0;0m
[0;32m276H[0;37m [0;32m117M[0;37m 13431–æ –ó–∞—É—á:0 –í—ã—Ö:–°–í–Æ–ó> ˇ˘–í—ã –ø–æ–ø–ª–µ–ª–∏—Å—å –Ω–∞ —Å–µ–≤–µ—Ä.
[1;36m–¶–µ–Ω—Ç—Ä–∞–ª—å–Ω–∞—è —É–ª–∏—Ü–∞ [5012][0;37m
   –ü–æ–Ω–µ–º–Ω–æ–≥—É –æ—Å—Ç–∞—é—Ç—Å—è –ø–æ–∑–∞–¥–∏ –≥–ª–∞–≤–Ω—ã–µ –¥–æ–º–∞ –¥–µ—Ä–µ–≤–Ω–∏, –∏ –≤–æ–∫—Ä—É–≥ –æ—Ç–∫—Ä—ã–≤–∞–µ—Ç—Å—è –æ–±—ã—á–Ω—ã–π
–¥–µ—Ä–µ–≤–µ–Ω—Å–∫–∏–π –≤–∏–¥. –ö—Ä–µ–ø–∫–∏–µ –¥–æ–º–∞ —Å –º–∞–ª–µ–Ω—å–∫–∏–º–∏ –æ–∫–Ω–∞–º–∏, –Ω–æ –Ω–µ–∏–∑–º–µ–Ω–Ω—ã–º–∏ —Ç—Ä—É–±–∞–º–∏
–ø–µ—á–µ–π. –ò–∑–≥–æ—Ä–æ–¥—å, —Å—Ç–æ—è—â–∞—è –∑–∞ –¥–æ–º–∞–º–∏ –≤–¥–æ–ª—å –ª–µ—Å–∞ –∏ –∑–∞—â–∏—â–∞—é—â–∞—è –¥–µ—Ä–µ–≤–Ω—é —Å —Ç—ã–ª–∞. 
–ù–µ—Ç–æ—Ä–æ–ø–ª–∏–≤—ã–π –ª—é–¥, –∏–¥—É—â–∏–π –ø–æ —Å–≤–æ–∏–º –∏–∑–≤–µ—á–Ω—ã–º –¥–µ–ª–∞–º.
[0;36m[ Exits: n e s ][0;37m
[1;33m[1;31m[0;0m
[0;32m276H[0;37m [0;32m116M[0;37m 13431–æ –ó–∞—É—á:0 –í—ã—Ö:–°–í–Æ> ˇ˘–í—ã –ø–æ–ø–ª–µ–ª–∏—Å—å –Ω–∞ –≤–æ—Å—Ç–æ–∫.
[1;36m–†–µ—á–Ω–∞—è —É–ª–∏—Ü–∞ [5013][0;37m
   –ó–¥–µ—Å—å —É–ª–∏—Ü–∞ –ø–æ–≤–æ—Ä–∞—á–∏–≤–∞–µ—Ç –∏ –æ–ø—É—Å–∫–∞–µ—Ç—Å—è –∫ –±–µ—Ä–µ–≥—É —Ä–µ–∫–∏. –°—Ä–∞–∑—É –ø–æ–≤–µ—è–ª–æ 
—Å–≤–µ–∂–µ—Å—Ç—å—é –∏ –ø—Ä–æ—Ö–ª–∞–¥–æ–π. –í–æ–∫—Ä—É–≥ –ø–æ—à–ª–∏ –¥–æ–º–∞ —Ä—è–¥–æ–≤—ã—Ö –∂–∏—Ç–µ–ª–µ–π –¥–µ—Ä–µ–≤–Ω–∏ —Å –∏—Ö
–Ω–µ—Ö–∏—Ç—Ä—ã–º–∏, –Ω–æ –∫–æ–ª–æ—Ä–∏—Ç–Ω—ã–º–∏ —É–∫—Ä–∞—à–µ–Ω–∏—è–º–∏.
[0;36m[ Exits: n e s w ][0;37m
[1;33m–õ—É–∂–∏—Ü–∞ –¥–æ–∂–¥–µ–≤–æ–π –≤–æ–¥—ã —Ä–∞–∑–ª–∏—Ç–∞ —É –≤–∞—à–∏—Ö –Ω–æ–≥.
[1;31m–ü–æ–∂–∏–ª–æ–π —à–∏—Ä–æ–∫–æ–ø–ª–µ—á–∏–π –∫—Ä–µ—Å—Ç—å—è–Ω–∏–Ω –≤ –¥–æ–±—Ä–æ—Ç–Ω–æ–π –æ–¥–µ–∂–¥–µ –ø—Ä–æ—Ö–∞–∂–∏–≤–∞–µ—Ç—Å—è —Ç—É—Ç.
–ù–∏—â–∏–π —Å—Ç—Ä–∞–Ω–Ω–∏–∫ –æ—Ç–¥—ã—Ö–∞–µ—Ç –∑–¥–µ—Å—å, –ø—Ä–∏—Ç—É–ª–∏–≤—à–∏—Å—å –ø–æ–¥ –∑–∞–±–æ—Ä–æ–º.  ..–°–ª–µ–ø.
[0;0m
[0;32m276H[0;37m [0;32m116M[0;37m 13431–æ –ó–∞—É—á:0 –í—ã—Ö:–°–í–Æ–ó> ˇ˘
[1;30m–ù–∏—â–∏–π —Å—Ç—Ä–∞–Ω–Ω–∏–∫ –ø–æ–¥–Ω—è–ª –≥–æ–ª–æ–≤—É –∏ –ø—Ä–∏—Å–ª—É—à–∞–ª—Å—è –∫ –≤–∞—à–∏–º —à–∞–≥–∞–º.[0;0m
–ù–∏—â–∏–π —Å—Ç—Ä–∞–Ω–Ω–∏–∫ —Å–∫–∞–∑–∞–ª : '–û—Å—Ç–∞–Ω–æ–≤–∏—Å—å, –¥–æ–±—Ä—ã–π —á–µ–ª–æ–≤–µ–∫! –£–¥–µ–ª–∏ –º–Ω–µ –º–∏–Ω—É—Ç—É!'

[0;32m276H[0;37m [0;32m116M[0;37m 13431–æ –ó–∞—É—á:0 –í—ã—Ö:–°–í–Æ–ó> ˇ˘–í—ã –ø–æ–ø–ª–µ–ª–∏—Å—å –Ω–∞ –∑–∞–ø–∞–¥.
[1;36m–¶–µ–Ω—Ç—Ä–∞–ª—å–Ω–∞—è —É–ª–∏—Ü–∞ [5012][0;37m
   –ü–æ–Ω–µ–º–Ω–æ–≥—É –æ—Å—Ç–∞—é—Ç—Å—è –ø–æ–∑–∞–¥–∏ –≥–ª–∞–≤–Ω—ã–µ –¥–æ–º–∞ –¥–µ—Ä–µ–≤–Ω–∏, –∏ –≤–æ–∫—Ä—É–≥ –æ—Ç–∫—Ä—ã–≤–∞–µ—Ç—Å—è –æ–±—ã—á–Ω—ã–π
–¥–µ—Ä–µ–≤–µ–Ω—Å–∫–∏–π –≤–∏–¥. –ö—Ä–µ–ø–∫–∏–µ –¥–æ–º–∞ —Å –º–∞–ª–µ–Ω—å–∫–∏–º–∏ –æ–∫–Ω–∞–º–∏, –Ω–æ –Ω–µ–∏–∑–º–µ–Ω–Ω—ã–º–∏ —Ç—Ä—É–±–∞–º–∏
–ø–µ—á–µ–π. –ò–∑–≥–æ—Ä–æ–¥—å, —Å—Ç–æ—è—â–∞—è –∑–∞ –¥–æ–º–∞–º–∏ –≤–¥–æ–ª—å –ª–µ—Å–∞ –∏ –∑–∞—â–∏—â–∞—é—â–∞—è –¥–µ—Ä–µ–≤–Ω—é —Å —Ç—ã–ª–∞. 
–ù–µ—Ç–æ—Ä–æ–ø–ª–∏–≤—ã–π –ª—é–¥, –∏–¥—É—â–∏–π –ø–æ —Å–≤–æ–∏–º –∏–∑–≤–µ—á–Ω—ã–º –¥–µ–ª–∞–º.
[0;36m[ Exits: n e s ][0;37m
[1;33m[1;31m[0;0m
[0;32m276H[0;37m [0;32m117M[0;37m 13431–æ –ó–∞—É—á:0 –í—ã—Ö:–°–í–Æ> ˇ˘–í—ã –ø–æ–ø–ª–µ–ª–∏—Å—å –Ω–∞ —é–≥.
[1;36m–ö —Ü–µ–Ω—Ç—Ä—É –¥–µ—Ä–µ–≤–Ω–∏ [5006][0;37m
   –ü–æ–Ω–µ–º–Ω–æ–≥—É –æ—Å—Ç–∞—é—Ç—Å—è –ø–æ–∑–∞–¥–∏ –≥–ª–∞–≤–Ω—ã–µ –¥–æ–º–∞ –¥–µ—Ä–µ–≤–Ω–∏, –∏ –≤–æ–∫—Ä—É–≥ –æ—Ç–∫—Ä—ã–≤–∞–µ—Ç—Å—è –æ–±—ã—á–Ω—ã–π
–¥–µ—Ä–µ–≤–µ–Ω—Å–∫–∏–π –≤–∏–¥. –ö—Ä–µ–ø–∫–∏–µ –¥–æ–º–∞ —Å –º–∞–ª–µ–Ω—å–∫–∏–º–∏ –æ–∫–Ω–∞–º–∏, –Ω–æ –Ω–µ–∏–∑–º–µ–Ω–Ω—ã–º–∏ —Ç—Ä—É–±–∞–º–∏
–ø–µ—á–µ–π. –ò–∑–≥–æ—Ä–æ–¥—å, —Å—Ç–æ—è—â–∞—è –∑–∞ –¥–æ–º–∞–º–∏ –≤–¥–æ–ª—å –ª–µ—Å–∞ –∏ –∑–∞—â–∏—â–∞—é—â–∞—è –¥–µ—Ä–µ–≤–Ω—é —Å —Ç—ã–ª–∞. 
–ù–µ—Ç–æ—Ä–æ–ø–ª–∏–≤—ã–π –ª—é–¥, –∏–¥—É—â–∏–π –ø–æ —Å–≤–æ–∏–º –∏–∑–≤–µ—á–Ω—ã–º –¥–µ–ª–∞–º.
[0;36m[ Exits: n e s w ][0;37m
[1;33m[1;31m[0;0m
[0;32m276H[0;37m [0;32m116M[0;37m 13431–æ –ó–∞—É—á:0 –í—ã—Ö:–°–í–Æ–ó> ˇ˘–í—ã –ø–æ–ø–ª–µ–ª–∏—Å—å –Ω–∞ –≤–æ—Å—Ç–æ–∫.
[1;36m–ö –¥–æ—Ä–æ–≥–µ [5043][0;37m
   –≠—Ç–∞ –¥–æ—Ä–æ–≥–∞ –Ω–µ –∑—Ä—è —É–ø–∏—Ä–∞–µ—Ç—Å—è –≤ —Ü–µ–Ω—Ç—Ä –¥–µ—Ä–µ–≤–Ω–∏, –ø–æ –Ω–µ–π –≤ –¥–µ—Ä–µ–≤–Ω—é –ø—Ä–∏–≤–æ–∑—è—Ç
–Ω–æ–≤—ã–π —Ç–æ–≤–∞—Ä, —É–≤–æ–∑—è—Ç –¥–æ–±—ã—Ç—ã–µ —à–∫—É—Ä—ã –∂–∏–≤–æ—Ç–Ω—ã—Ö –∏ –µ–¥—É –¥–ª—è –ø—Ä–æ–¥–∞–∂–∏ –Ω–∞ —è—Ä–º–∞—Ä–∫–µ –∏–ª–∏
–±–∞–∑–∞—Ä–µ –≤ –±–ª–∏–∂–∞–π—à–µ–º –≥–æ—Ä–æ–¥–µ. –ù–∞ –¥–æ—Ä–æ–≥–µ –≤–∏–¥–Ω—ã —Å–ª–µ–¥—ã –∫–æ–ø—ã—Ç –ª–æ—à–∞–¥–µ–π –∏ –∫–æ–ª–µ—Å
—Ç–µ–ª–µ–≥.
[0;36m[ Exits: n e w ][0;37m
[1;33m[1;31m[0;0m
[0;32m276H[0;37m [0;32m116M[0;37m 13431–æ –ó–∞—É—á:0 –í—ã—Ö:–°–í–ó> ˇ˘–í—ã –ø–æ–ø–ª–µ–ª–∏—Å—å –Ω–∞ –∑–∞–ø–∞–¥.
[1;36m–ö —Ü–µ–Ω—Ç—Ä—É –¥–µ—Ä–µ–≤–Ω–∏ [5006][0;37m
   –ü–æ–Ω–µ–º–Ω–æ–≥—É –æ—Å—Ç–∞—é—Ç—Å—è –ø–æ–∑–∞–¥–∏ –≥–ª–∞–≤–Ω—ã–µ –¥–æ–º–∞ –¥–µ—Ä–µ–≤–Ω–∏, –∏ –≤–æ–∫—Ä—É–≥ –æ—Ç–∫—Ä—ã–≤–∞–µ—Ç—Å—è –æ–±—ã—á–Ω—ã–π
–¥–µ—Ä–µ–≤–µ–Ω—Å–∫–∏–π –≤–∏–¥. –ö—Ä–µ–ø–∫–∏–µ –¥–æ–º–∞ —Å –º–∞–ª–µ–Ω—å–∫–∏–º–∏ –æ–∫–Ω–∞–º–∏, –Ω–æ –Ω–µ–∏–∑–º–µ–Ω–Ω—ã–º–∏ —Ç—Ä—É–±–∞–º–∏
–ø–µ—á–µ–π. –ò–∑–≥–æ—Ä–æ–¥—å, —Å—Ç–æ—è—â–∞—è –∑–∞ –¥–æ–º–∞–º–∏ –≤–¥–æ–ª—å –ª–µ—Å–∞ –∏ –∑–∞—â–∏—â–∞—é—â–∞—è –¥–µ—Ä–µ–≤–Ω—é —Å —Ç—ã–ª–∞. 
–ù–µ—Ç–æ—Ä–æ–ø–ª–∏–≤—ã–π –ª—é–¥, –∏–¥—É—â–∏–π –ø–æ —Å–≤–æ–∏–º –∏–∑–≤–µ—á–Ω—ã–º –¥–µ–ª–∞–º.
[0;36m[ Exits: n e s w ][0;37m
[1;33m[1;31m[0;0m
[0;32m276H[0;37m [0;32m116M[0;37m 13431–æ –ó–∞—É—á:0 –í—ã—Ö:–°–í–Æ–ó> ˇ˘–í—ã –ø–æ–ø–ª–µ–ª–∏—Å—å –Ω–∞ —é–≥.
[1;36m–ü–µ—Ä–µ–¥ –ø–æ—Å—Ç–æ—è–ª—ã–º –¥–≤–æ—Ä–æ–º [5005][0;37m
   –ß—É—Ç—å –Ω–µ —Å–ø–æ—Ç–∫–Ω—É–≤—à–∏—Å—å –æ –¥–æ—Å–∫—É, –ª–µ–∂–∞—â—É—é —Å—Ä–∞–∑—É —É –ø–æ—Ä–æ–≥–∞ –ø–æ—Å—Ç–æ—è–ª–æ–≥–æ –¥–≤–æ—Ä–∞,
–≤—ã –æ–∫–∞–∑–∞–ª–∏—Å—å –Ω–∞ —Ü–µ–Ω—Ç—Ä–∞–ª—å–Ω–æ–π —É–ª–∏—Ü–µ –¥–µ—Ä–µ–≤–Ω–∏. –ò–º–µ–Ω–Ω–æ –Ω–∞ —ç—Ç–æ–π —É–ª–∏—Ü–µ –º–æ–∂–Ω–æ 
–±—ã—Å—Ç—Ä–æ –Ω–∞–π—Ç–∏ –ª–∞–≤–∫—É —Ä–µ–º–µ—Å–ª–µ–Ω–Ω–∏–∫–∞, –¥–æ–º –∑–Ω–∞—Ö–∞—Ä—è, –∫–æ–Ω—é—à–Ω—é –∏ –¥–æ–º —Å—Ç–∞—Ä–µ–π—à–∏–Ω—ã.
–í —é–∂–Ω–æ–π —á–∞—Å—Ç–∏ –¥–µ—Ä–µ–≤–Ω–∏ –ø–æ—Å–µ–ª–∏–ª–∏—Å—å –≤–æ—Ä–æ–∂–µ–∏.
[0;36m[ Exits: n e s w ][0;37m
[1;33m[1;31m–ú–æ–ª–æ–¥–æ–π –ø–∞—Ä–µ–Ω—å –≥—É–ª—è–µ—Ç –∑–¥–µ—Å—å.
–ü–æ–∂–∏–ª–æ–π —à–∏—Ä–æ–∫–æ–ø–ª–µ—á–∏–π –∫—Ä–µ—Å—Ç—å—è–Ω–∏–Ω –≤ –¥–æ–±—Ä–æ—Ç–Ω–æ–π –æ–¥–µ–∂–¥–µ –ø—Ä–æ—Ö–∞–∂–∏–≤–∞–µ—Ç—Å—è —Ç—É—Ç.
[0;0m
[0;32m276H[0;37m [0;32m115M[0;37m 13431–æ –ó–∞—É—á:0 –í—ã—Ö:–°–í–Æ–ó> ˇ˘–í—ã –ø–æ–ø–ª–µ–ª–∏—Å—å –Ω–∞ –≤–æ—Å—Ç–æ–∫.
[1;36m–ü–æ—Å—Ç–æ—è–ª—ã–π –¥–≤–æ—Ä [5001][0;37m
   –î–µ—Ä–µ–≤–Ω—è —Ö–æ—Ç—å –∏ –Ω–µ–±–æ–ª—å—à–∞—è, –Ω–æ –ø–æ—Å—Ç–æ—è–ª—ã–π –¥–≤–æ—Ä –∏–º–µ–µ—Ç—Å—è, –¥–ª—è –∑–∞–µ–∑–∂–∏—Ö –≥–æ—Å—Ç–µ–π,
—á—Ç–æ–±—ã –±—ã–ª–æ –≥–¥–µ –ø–µ—Ä–µ–≤–µ—Å—Ç–∏ –¥—É—Ö, –µ–¥–æ–π –∏ –ø–∏—Ç—å–µ–º –∑–∞–ø–∞—Å—Ç–∏—Å—å. –ê –µ—Å–ª–∏ –Ω–∞ –¥–≤–æ—Ä–µ —É–∂
–Ω–æ—á—å –∏–ª—å –ø—Ä–æ—Å—Ç–æ –Ω–∞–¥–æ –æ—Å—Ç–∞–Ω–æ–≤–∏—Ç—Å—è –Ω–∞ –¥–µ–Ω—å –¥—Ä—É–≥–æ–π –≤ –¥–µ—Ä–µ–≤–Ω–µ, –∞ —Ä–æ–¥—Å—Ç–≤–µ–Ω–Ω–∏–∫–æ–≤
–Ω–µ—Ç, —Ç–∞–∫ –º–æ–∂–Ω–æ –∏ –ø–µ—Ä–µ–Ω–æ—á–µ–≤–∞—Ç—å –≤ –≥–æ—Ä–Ω–∏—Ü–∞—Ö –Ω–∞–≤–µ—Ä—Ö—É.
[0;36m[ Exits: w u ][0;37m
[1;33m[1;31m–°–µ–¥–æ–≤–ª–∞—Å—ã–π —Å–∫–∞–∑–∏—Ç–µ–ª—å –≥–æ—Ç–æ–≤ –ø–æ–¥–µ–ª–∏—Ç—å—Å—è —Å –í–∞–º–∏ –∏–Ω—Ç–µ—Ä–µ—Å–Ω–æ–π –∏—Å—Ç–æ—Ä–∏–µ–π.
–¢—Ä–∞–∫—Ç–∏—Ä—â–∏–∫ –æ—Ç–¥—ã—Ö–∞–µ—Ç –∑–∞ —Å—Ç–æ–π–∫–æ–π.
[0;0m
[0;32m276H[0;37m [0;32m115M[0;37m 13431–æ –ó–∞—É—á:0 –í—ã—Ö:–ó^> ˇ˘–í—ã –ø–æ–ø–ª–µ–ª–∏—Å—å –≤–≤–µ—Ä—Ö.
[1;36m–ö–æ–º–Ω–∞—Ç—ã –æ—Ç–¥—ã—Ö–∞ [5000][0;37m
   –•–æ–∑—è–∏–Ω —É—Å—Ç—Ä–æ–∏–ª –∑–¥–µ—Å—å –∫–æ–º–Ω–∞—Ç—ã –¥–ª—è –æ—Ç–¥—ã—Ö–∞. –õ—é–±–æ–π –∂–µ–ª–∞—é—â–∏–π –º–æ–∂–µ—Ç –æ—Å—Ç–∞–Ω–æ–≤–∏—Ç—å—Å—è
–∑–¥–µ—Å—å –∏ –ø–µ—Ä–µ–¥–æ—Ö–Ω—É—Ç—å –ø–æ—Å–ª–µ –¥–∞–ª—å–Ω–µ–π –¥–æ—Ä–æ–≥–∏. –°–≤–µ—Ç–ª—ã–µ –≥–æ—Ä–Ω–∏—Ü—ã —Ç–∞–∫ –∏ –ø—Ä–∏–≥–ª–∞—à–∞—é—Ç
–ø—Ä–æ–π—Ç–∏ –≤ –Ω–∏—Ö –∏ —Ä–∞—Å—Ç—è–Ω—É—Ç—å—Å—è –Ω–∞ –ø–µ—Ä–∏–Ω–µ, –Ω–∞ –ø—É—Ö–æ–≤–æ–π –¥–∞ –∑–∞–±—ã—Ç—å—Å—è —Å–Ω–æ–º –±–æ–≥–∞—Ç—ã—Ä—Å–∫–∏–º.
–ó–¥–µ—Å—å –∂–µ –º–æ–∂–Ω–æ –ø–æ–¥–æ–∂–¥–∞—Ç—å —Å–≤–æ–∏—Ö –∫–æ–º–ø–∞–Ω—å–æ–Ω–æ–≤ –ø–µ—Ä–µ–¥ –¥–æ–ª–≥–æ–π –¥–æ—Ä–æ–≥–æ–π, –ø–æ–≥–æ–≤–æ—Ä–∏—Ç—å
–æ –¥–∞–ª—å–Ω–µ–π—à–∏—Ö –ø–ª–∞–Ω–∞—Ö.
[1;32m–°–æ–≤—Å–µ–º –º–∞–ª—ã—Ö, –¥–∞ –Ω–µ –æ–±—É—á–µ–Ω–Ω—ã—Ö —Ç–∞–∫ –∏ —Ç—è–Ω–µ—Ç [1;33m–≤–æ–π—Ç–∏ [1;32m–≤ [1;33m—à–∫–æ–ª—É[1;32m.[0;0m
[0;36m[ Exits: d ][0;37m
[1;33m–ù–µ–º–Ω–æ–≥–æ –æ—Ç—Ä—É–±–µ–π –ø—Ä–æ—Å—ã–ø–∞–Ω–æ –∑–¥–µ—Å—å.
–î–æ—Å–∫–∞ –¥–ª—è —Ä–∞–∑–ª–∏—á–Ω—ã—Ö –∑–∞–º–µ—Ç–æ–∫ –∏ –æ–±—ä—è–≤–ª–µ–Ω–∏–π –ø—Ä–∏–±–∏—Ç–∞ —Ç—É—Ç ..–±–ª–µ—Å—Ç–∏—Ç!
[1;31m–ü–æ–ª—è–Ω–∏–Ω –î–æ—Ä–º–∞–Ω —Å—Ç–æ–∏—Ç –∑–¥–µ—Å—å. 
–•–æ–∑—è–π–∫–∞ –ø–æ—Å—Ç–æ—è–ª–æ–≥–æ –¥–≤–æ—Ä–∞ —Ä–∞—Å–ø–æ—Ä—è–∂–∞–µ—Ç—Å—è –∑–¥–µ—Å—å.
[0;0m
[0;32m276H[0;37m [0;32m116M[0;37m 13431–æ –ó–∞—É—á:0 –í—ã—Ö:v> ˇ˘–•–æ–∑—è–π–∫–∞ —Å–∫–∞–∑–∞–ª–∞ –≤–∞–º : "–û–¥–µ—Ç—ã–π —Å–ø–∞—Ç—å –±—É–¥–µ—à—å? –•–º.. –ù—É —Å–º–æ—Ç—Ä–∏, —Ç–æ–≥–¥–∞ –¥–µ—à–µ–≤–ª–µ –≤–æ–∑—å–º—É"
[1;37m - 0 –∫—É–Ω (0 –µ—Å–ª–∏ —Å–Ω—è—Ç—å) –∑–∞ –ª–µ–≥–∫–∏–π –ª–∞—Ç–Ω—ã–π –¥–æ—Å–ø–µ—Ö [0;37m
[1;37m - 0 –∫—É–Ω (0 –µ—Å–ª–∏ —Å–Ω—è—Ç—å) –∑–∞ –ª–µ–≥–∫–∏–π –ª–∞—Ç–Ω—ã–π —à–ª–µ–º [0;37m
[1;37m - 0 –∫—É–Ω (0 –µ—Å–ª–∏ —Å–Ω—è—Ç—å) –∑–∞ –ª–µ–≥–∫–∏–µ –ª–∞—Ç–Ω—ã–µ –ø–æ–Ω–æ–∂–∏ [0;37m
[1;37m - 10 –∫—É–Ω (100 –µ—Å–ª–∏ —Å–Ω—è—Ç—å) –∑–∞ –¥—Ä–∞–Ω—ã–µ —Å–∞–ø–æ–≥–∏ [0;37m
[1;37m - 24 –∫—É–Ω—ã (240 –µ—Å–ª–∏ —Å–Ω—è—Ç—å) –∑–∞ —à–∫—É—Ä—É –º–µ–¥–≤–µ–¥—è [0;37m
[1;37m - 5 –∫—É–Ω (5 –µ—Å–ª–∏ —Å–Ω—è—Ç—å) –∑–∞ —Ö–æ–ª—â–æ–≤—ã–π –º–µ—à–æ–∫ [0;37m
[1;37m - 1 –∫—É–Ω–∞ (13 –µ—Å–ª–∏ —Å–Ω—è—Ç—å) –∑–∞ –±—Ä–æ–Ω–∑–æ–≤—ã–π –∫–∏—Å—Ç–µ–Ω—å [0;37m
[1;37m - 1 –∫—É–Ω–∞ (7 –µ—Å–ª–∏ —Å–Ω—è—Ç—å) –∑–∞ –±—Ä–æ–Ω–∑–æ–≤—ã–π —Å—Ç–∏–ª–µ—Ç [0;37m
–•–æ–∑—è–π–∫–∞ —Å–∫–∞–∑–∞–ª–∞ –≤–∞–º : "–≠—Ç–æ —è –≤ —á—É–ª–∞–Ω–µ –∑–∞–ø—Ä—É:"
 - 2 –∫—É–Ω—ã –∑–∞ –º–∞–ª—ã–π –º–µ—Ö 
 - 1 –∫—É–Ω–∞ –∑–∞ –∫—Ä—ã–Ω–∫—É —Å –º–æ–ª–æ–∫–æ–º 
 - 0 –∫—É–Ω –∑–∞ –ª–æ–º–æ—Ç—å —Ö–ª–µ–±–∞ [12] 
 - 30 –∫—É–Ω (3 –µ—Å–ª–∏ –Ω–∞–¥–µ—Ç—å) –∑–∞ —Ä—ã–±—å—é –∫–æ—Å—Ç—å 
–•–æ–∑—è–π–∫–∞ —Å–∫–∞–∑–∞–ª–∞ –≤–∞–º : "–í —Å—É–º–º–µ —ç—Ç–æ —Å–æ—Å—Ç–∞–≤–∏—Ç 74 –∫—É–Ω—ã –≤ –¥–µ–Ω—å ."
–•–æ–∑—è–π–∫–∞ —Å–∫–∞–∑–∞–ª–∞ –≤–∞–º : "–¢–∞–∫ —É–∂ –∏ –±—ã—Ç—å, —è —Å–∫–æ—â—É —Ç–µ–±–µ –ø–æ–ª–æ–≤–∏–Ω—É."
–•–æ–∑—è–π–∫–∞ —Å–∫–∞–∑–∞–ª–∞ –≤–∞–º :

"–ü–æ—Å—Ç–æ–π –æ–±–æ–π–¥–µ—Ç—Å—è —Ç–µ–±–µ –≤ 37 –∫—É–Ω."
"–¢–≤–æ–∏—Ö –¥–µ–Ω–µ–≥ —Ö–≤–∞—Ç–∏—Ç –Ω–∞ 36 –¥–Ω–µ–π."
–•–æ–∑—è–π–∫–∞ –∑–∞–ø–µ—Ä–ª–∞ –≤–∞—à–∏ –≤–µ—â–∏ –≤ —Å—É–Ω–¥—É–∫ –∏ –ø–æ–≤–µ–ª–∞ –≤ —Ç–µ—Å–Ω—É—é –∫–∞–º–æ—Ä–∫—É.

0) –û—Ç—Å–æ–µ–¥–∏–Ω–∏—Ç—å—Å—è.
1) –ù–∞—á–∞—Ç—å –∏–≥—Ä—É.
2) –í–≤–µ—Å—Ç–∏ –æ–ø–∏—Å–∞–Ω–∏–µ –≤–∞—à–µ–≥–æ –ø–µ—Ä—Å–æ–Ω–∞–∂–∞.
3) –£–∑–Ω–∞—Ç—å –∏—Å—Ç–æ—Ä–∏—é.
4) –ò–∑–º–µ–Ω–∏—Ç—å –ø–∞—Ä–æ–ª—å.
5) –£–¥–∞–ª–∏—Ç—å –ø–µ—Ä—Å–æ–Ω–∞–∂–∞.
6) –ò–∑–º–µ–Ω–∏—Ç—å –ø–∞—Ä–∞–º–µ—Ç—Ä—ã –ø–µ—Ä—Å–æ–Ω–∞–∂–∞.
7) –í–∫–ª—é—á–∏—Ç—å/–≤—ã–∫–ª—é—á–∏—Ç—å —Ä–µ–∂–∏–º —Å–ª–µ–ø–æ–≥–æ –∏–≥—Ä–æ–∫–∞.
8) –ü–æ—Å–º–æ—Ç—Ä–µ—Ç—å –≤—Å–µ—Ö –ø–µ—Ä—Å–æ–Ω–∞–∂–µ–π –Ω–∞ –¥–∞–Ω–Ω–æ–º email'e.

   –ß–µ–≥–æ –≤–∞—à–∞ –¥—É—à–∞ –∂–µ–ª–∞–µ—Ç? ˇ˘
–î–æ –≤—Å—Ç—Ä–µ—á–∏ –Ω–∞ –∑–µ–º–ª–µ –ö–∏–µ–≤—Å–∫–æ–π.
–í —Å–ª—É—á–∞–µ –≤–∞—à–µ–≥–æ –æ—Ç—Å—É—Ç—Å—Ç–≤–∏—è –ø–µ—Ä—Å–æ–Ω–∞–∂ –±—É–¥–µ—Ç —Ö—Ä–∞–Ω–∏—Ç—å—Å—è –¥–æ 05:57:52 24 –ê–ø—Ä–µ–ª—è 2020 –≥–æ–¥–∞ –Ω–∞—à–µ–π —ç—Ä—ã :).
ˇ˘