ˇ˚Eˇ˚Vˇ˚U
Online: 123

Using keytable
  0) Koi-8
  1) Alt
  2) Windows(JMC,MMC)
  3) Windows(zMUD)
  4) Windows(zMUD 'z')
  5) UTF-8
  6) Windows(zMUD <6.39)
  9) TECT...
Select one :  -----------------------------------------------------------------------------                   
          Based On CircleMUD v3.0   Created by Jeremy Elson,   
          DikuMUD Gamma 0.0  by Sebastian Hammer, Michael Seifert, 
          Hans Henrik Staerfeldt, Tom Madsen, Katja Nyboe
 _____________________________________________________________________________

    #######
    ##    
    ##        ####    ####      ####  ####  ####  ####  ####  ####    ####
    #######    ######  ##     ## ##    ##  ####    ##    ##    ######  ##
    ##    ##   ##   ## ##    ##  ##    ####  ##    ########    ##   ## ##
    ##    ##   ##   ## ##    ##  ##    ###   ##    ##    ##    ##   ## ##
    #######   ####### ####  ###  ###  ####  ####  ####  ####  ####### ####

                   –ü–û –ü–†–ï–î–ê–ù–ò–Ø–ú –†–£–°–°–ö–ò–• –ù–ê–†–û–î–ù–´–• –°–ö–ê–ó–û–ö –ò –ë–´–õ–ò–ù.

             –ü–æ –∞–¥–º–∏–Ω–∏—Å—Ç—Ä–∞—Ç–∏–≤–Ω—ã–º –≤–æ–ø—Ä–æ—Å–∞–º –º–æ–∂–µ—Ç–µ —Å–≤—è–∑–∞—Ç—å—Å—è —Å –°—Ç—Ä–∏–±–æ–≥–æ–º
                          e-mail: stribog@bylins.su

                      –ü–æ—Å–µ—Ç–∏—Ç–µ –Ω–∞—à —Å–∞–π—Ç: www.bylins.su
                –î–ª—è –±–æ–ª–µ–µ –ø–æ–¥—Ä–æ–±–Ω–æ–π –∏–≥—Ä–æ–≤–æ–π –∏–Ω—Ñ–æ—Ä–º–∞—Ü–∏–∏ –ø–æ—Å–µ—Ç–∏—Ç–µ 
                         https://wiki.bylins.su

–í–≤–µ–¥–∏—Ç–µ –∏–º—è –ø–µ—Ä—Å–æ–Ω–∞–∂–∞ (–∏–ª–∏ "–Ω–æ–≤—ã–π" –¥–ª—è —Å–æ–∑–¥–∞–Ω–∏—è –Ω–æ–≤–æ–≥–æ): –ü–µ—Ä—Å–æ–Ω–∞–∂ —Å —Ç–∞–∫–∏–º –∏–º–µ–Ω–µ–º —É–∂–µ —Å—É—â–µ—Å—Ç–≤—É–µ—Ç. –í–≤–µ–¥–∏—Ç–µ –ø–∞—Ä–æ–ª—å : ˇ˘

–ü–æ—Å–ª–µ–¥–Ω–∏–π —Ä–∞–∑ –≤—ã –∑–∞—Ö–æ–¥–∏–ª–∏ –∫ –Ω–∞–º –≤ 06:27:44 17 –î–µ–∫–∞–±—Ä—è 2021 –≥–æ–¥–∞ —Å –∞–¥—Ä–µ—Å–∞ (69.181.166.191).

* –í —Å–≤—è–∑–∏ —Å –ø—Ä–æ–±–ª–µ–º–∞–º–∏ –ø–µ—Ä–µ–≤–æ–¥–∞ —Ñ—Ä–∞–∑—ã ANYKEY –Ω–∞–∂–º–∏—Ç–µ ENTER *ˇ˘
  –î–æ–±—Ä–æ –ø–æ–∂–∞–ª–æ–≤–∞—Ç—å –Ω–∞ –∑–µ–º–ª—é –ö–∏–µ–≤—Å–∫—É—é, –±–æ–≥–∞—Ç—É—é –∏—Å—Ç–æ—Ä–∏–µ–π –∏ —Å–∞–º—ã–º–∏ –Ω–µ–≤–µ—Ä–æ—è—Ç–Ω—ã–º–∏
–ø—Ä–∏–∫–ª—é—á–µ–Ω–∏—è–º–∏. –í–æ–∑–º–æ–∂–Ω–æ, –≤–∞–º –æ–Ω–∏ –ø–æ–Ω—Ä–∞–≤—è—Ç—Å—è, –∏ –≤—ã —Å—Ç–∞–Ω–µ—Ç–µ –≤ –æ–¥–∏–Ω —Ä—è–¥ —Å –≥–µ—Ä–æ—è–º–∏
–¥–∞–≤–Ω–æ –º–∏–Ω—É–≤—à–∏—Ö –¥–Ω–µ–π.

[1;37m** –ù–∞ —Å–µ–π —Ä–∞–∑ –ø–æ—Å—Ç–æ–π –±—ã–ª –±–µ—Å–ø–ª–∞—Ç–Ω—ã–º **[0;37m

–í–∞—Å –æ–∂–∏–¥–∞—é—Ç —Å–æ–æ–±—â–µ–Ω–∏—è:
  34 –≤ —Ä–∞–∑–¥–µ–ª–µ '–ë–∞–∑–∞—Ä–Ω–∞—è –ø–ª–æ—â–∞–¥—å' [1;37m(–í–µ—á–µ)[0;37m.
  15 –≤ —Ä–∞–∑–¥–µ–ª–µ '–ò–¥–µ–∏ –∏ –∏—Ö –æ–±—Å—É–∂–¥–µ–Ω–∏–µ' [1;37m(–ò–¥–µ–∏)[0;37m.
  10 –≤ —Ä–∞–∑–¥–µ–ª–µ '–°–æ–æ–±—â–µ–Ω–∏—è –æ—Ç –∞–¥–º–∏–Ω–∏—Å—Ç—Ä–∞—Ü–∏–∏' [1;37m(–ê–Ω–æ–Ω—Å—ã)[0;37m.
[1;36m–ö–æ–º–Ω–∞—Ç—ã –æ—Ç–¥—ã—Ö–∞ [5000][0;37m
   –•–æ–∑—è–∏–Ω —É—Å—Ç—Ä–æ–∏–ª –∑–¥–µ—Å—å –∫–æ–º–Ω–∞—Ç—ã –¥–ª—è –æ—Ç–¥—ã—Ö–∞. –õ—é–±–æ–π –∂–µ–ª–∞—é—â–∏–π –º–æ–∂–µ—Ç –æ—Å—Ç–∞–Ω–æ–≤–∏—Ç—å—Å—è
–∑–¥–µ—Å—å –∏ –ø–µ—Ä–µ–¥–æ—Ö–Ω—É—Ç—å –ø–æ—Å–ª–µ –¥–∞–ª—å–Ω–µ–π –¥–æ—Ä–æ–≥–∏. –°–≤–µ—Ç–ª—ã–µ –≥–æ—Ä–Ω–∏—Ü—ã —Ç–∞–∫ –∏ –ø—Ä–∏–≥–ª–∞—à–∞—é—Ç
–ø—Ä–æ–π—Ç–∏ –≤ –Ω–∏—Ö –∏ —Ä–∞—Å—Ç—è–Ω—É—Ç—å—Å—è –Ω–∞ –ø–µ—Ä–∏–Ω–µ, –Ω–∞ –ø—É—Ö–æ–≤–æ–π –¥–∞ –∑–∞–±—ã—Ç—å—Å—è —Å–Ω–æ–º –±–æ–≥–∞—Ç—ã—Ä—Å–∫–∏–º.
–ó–¥–µ—Å—å –∂–µ –º–æ–∂–Ω–æ –ø–æ–¥–æ–∂–¥–∞—Ç—å —Å–≤–æ–∏—Ö –∫–æ–º–ø–∞–Ω—å–æ–Ω–æ–≤ –ø–µ—Ä–µ–¥ –¥–æ–ª–≥–æ–π –¥–æ—Ä–æ–≥–æ–π, –ø–æ–≥–æ–≤–æ—Ä–∏—Ç—å
–æ –¥–∞–ª—å–Ω–µ–π—à–∏—Ö –ø–ª–∞–Ω–∞—Ö.
[1;32m–°–æ–≤—Å–µ–º –º–∞–ª—ã—Ö, –¥–∞ –Ω–µ –æ–±—É—á–µ–Ω–Ω—ã—Ö —Ç–∞–∫ –∏ —Ç—è–Ω–µ—Ç [1;33m–≤–æ–π—Ç–∏ [1;32m–≤ [1;33m—à–∫–æ–ª—É[1;32m.[0;0m
[0;36m[ Exits: d ][0;37m
[1;33m–î–æ—Å–∫–∞ –¥–ª—è —Ä–∞–∑–ª–∏—á–Ω—ã—Ö –∑–∞–º–µ—Ç–æ–∫ –∏ –æ–±—ä—è–≤–ª–µ–Ω–∏–π –ø—Ä–∏–±–∏—Ç–∞ —Ç—É—Ç ..–±–ª–µ—Å—Ç–∏—Ç!
[1;31m–ú–∞—Å—Ç–µ—Ä –∫–æ–≤–∞—Ä–Ω—ã—Ö –¥–µ–ª –í–µ–¥—É—Ç–∞ (–¥–µ—Å—è—Ç–Ω–∏–∫ –ù–î) –ª–µ—Ç–∞–µ—Ç –∑–¥–µ—Å—å. 
–•–æ–∑—è–π–∫–∞ –ø–æ—Å—Ç–æ—è–ª–æ–≥–æ –¥–≤–æ—Ä–∞ —Ä–∞—Å–ø–æ—Ä—è–∂–∞–µ—Ç—Å—è –∑–¥–µ—Å—å.
[0;0m
–î–µ—Ä–µ–≤–Ω—è —É —Ä–µ–∫–∏ (2-–∞—è —Ä–æ–¥–æ–≤–∞—è).

[0;32m211H[0;37m [0;32m98M[0;37m 10301–æ –ó–∞—É—á:0 –í—ã—Ö:v> ˇ˘13:10 02-10-2021: (–í–µ–ª–µ—Å) :: –°–µ—Ç—ã —Å–æ –°—Ç–∏–∫—Å–∞[0;37m
   –í–Ω–µ—Å–µ–Ω—ã –∏–∑–º–µ–Ω–µ–Ω–∏—è –≤ —Å–µ—Ç–æ–≤—ã–µ –Ω–∞–±–æ—Ä—ã –∏–∑ –°—Ç–∏–∫—Å–∞.
   –î–æ–±–∞–≤–ª–µ–Ω—ã —Ñ–ª–∞–≥–∏ –Ω–µ—É–¥–æ–±—Å—Ç–≤–∞ –Ω–∞ –≤—Å–µ—Ö, —É–Ω–∏–∫–∞–ª—å–Ω—ã–π –Ω–∞ –ø–∞—Ä–Ω—ã—Ö –∏ –∏–∑–º–µ–Ω–µ–Ω—ã —Å–ª–æ—Ç—ã –Ω–æ—Å–∫–∏ —É —Å–µ—Ç–æ–≤ –∫–æ–ª–¥—É–Ω–æ–≤ –∏ –≤–æ–ª—à–µ–±–Ω–∏–∫–æ–≤.
15:05 18-05-2021: (–°–≤–µ–Ω—Ç–æ–≤–∏—Ç) :: [0;37m
    –ü–æ –º–Ω–æ–≥–æ—á–∏—Å–ª–µ–Ω–Ω—ã–º –ø—Ä–æ—Å—å–±–∞–º —Ç—Ä—É–¥—è—â–∏—Ö—Å—è ¬© —Å–¥–µ–ª–∞–Ω –æ—Ç–∫–∞—Ç –Ω–∞ 12.00 –ø–æ –º–æ—Å–∫–æ–≤—Å–∫–æ–º—É –≤—Ä–µ–º–µ–Ω–∏.
17:05 11-05-2021: (–°–≤–µ–Ω—Ç–æ–≤–∏—Ç) :: [0;37m
    –ò—Å–ø—Ä–∞–≤–ª–µ–Ω–∞ –æ—à–∏–±–∫–∞ —Å —É–º–µ–Ω–∏–µ–º [1;33m"–∑–∞–∫–æ–ª–æ—Ç—å"[0;0m. –ú–∞–∫—Å–∏–º–∞–ª—å–Ω–æ –≤–æ–∑–º–æ–∂–Ω–æ–µ –∑–Ω–∞—á–µ–Ω–∏–µ —É–º–µ–Ω–∏—è –ø–æ–¥–Ω—è—Ç–æ –¥–æ 1000.
    
14:05 02-05-2021: (–°–≤–µ–Ω—Ç–æ–≤–∏—Ç) :: [0;37m
    –ü–æ–¥–∫–ª—é—á–µ–Ω–∞ –Ω–æ–≤–∞—è –∑–æ–Ω–∞ "–°–∫–∞–∑–∫–∞ –¥–ª—è –≤–∏—Ç—è–∑—è" –∑–∞ –∞–≤—Ç–æ—Ä—Å—Ç–≤–æ–º –ò–≥–Ω–∞—Ç–∞.
    –ì–ª–∞–≤–∞—Ä—å –ª—é–¥–æ–µ–¥–æ–≤ —Ç–∞–∫–∏ –¥–æ–≥—Ä—ã–∑ –∫–Ω–∏–≥—É –∏ –∑–∞–∫–ª–∏–Ω–∞–Ω–∏–µ [1;36m!–æ—Å–≤—è—â–µ–Ω–∏–µ![0;0m —Å –Ω–µ–≥–æ –±–æ–ª–µ–µ –ø–æ–ª—É—á–∏—Ç—å –Ω–µ–ª—å–∑—è.
12:10 10-10-2020: (–°—Ç—Ä–∏–±–æ–≥) :: [0;37m
   –ü—Ä–∏ –æ–ø–æ–∑–Ω–∞–Ω–∏–∏ —Ç–µ–ø–µ—Ä—å –≤—ã–≤–æ–¥–∏—Ç—Å—è –ø—Ä–æ—á–Ω–æ—Å—Ç—å –ø—Ä–µ–¥–º–µ—Ç–∞.
21:09 29-09-2020: (–°—Ç—Ä–∏–±–æ–≥) :: –ö—É–ø–µ—Ü[0;37m
   –ò—Å–ø—Ä–∞–≤–ª–µ–Ω–∞ –æ—à–∏–±–∫–∞ –∏–∑-–∑–∞ –∫–æ—Ç–æ—Ä–æ–π –Ω–∞–µ–º–Ω–∏–∫ –Ω–∞–Ω–∏–º–∞–ª—Å—è –Ω–æ –Ω–µ —Ö–æ—Ç–µ–ª —Å–ª–µ–¥–æ–≤–∞—Ç—å.
22:09 01-09-2020: (–°–≤–µ–Ω—Ç–æ–≤–∏—Ç) :: [0;37m
    –í–æ–∂–∞–∫ –≤–∞—Ç–∞–≥–∏ –Ω–∞–µ–º–Ω–∏–∫–æ–≤ —Ç–µ–ø–µ—Ä—å –æ—Ç–∫–ª–∏–≤–∞–µ—Ç—Å—è –Ω–∞ –∫–æ–º–∞–Ω–¥—É "–Ω–∞–µ–º–Ω–∏–∫" –∏ –º–æ–∂–µ—Ç –ø—Ä–∏–≤–µ—Å—Ç–∏ –Ω–∞–µ–º–Ω–∏–∫–∞ –Ω–µ —Ç–æ–ª—å–∫–æ –∫—É–ø—Ü—É,
    –Ω–æ –∏ –∫—É–¥–µ—Å–Ω–∏–∫—É. –ö–∞–∫ –∏ –ø—Ä–µ–∂–¥–µ, —Å–Ω–∞—á–∞–ª–∞ –Ω—É–∂–Ω–æ —Å–≤–µ—Å—Ç–∏ –∑–Ω–∞–∫–æ–º—Å—Ç–≤–æ —Å –Ω–∞–µ–º–Ω–∏–∫–æ–º, –Ω–∞–Ω—è–≤ –∏–ª–∏ –∑–∞—á–∞—Ä–æ–≤–∞–≤ –µ–≥–æ.
12:08 15-08-2020: (–°—Ç—Ä–∏–±–æ–≥) :: "–ú–æ—â—å –∫–æ–ª–¥–æ–≤—Å—Ç–≤–∞"[0;37m
   —Ç–µ–ø–µ—Ä—å —É–≤–µ–ª–∏—á–∏–≤–∞–µ—Ç –ø–æ–≤—Ä–µ–∂–¥–µ–Ω–∏—è –≤ 1.5 —Ä–∞–∑
11:08 13-08-2020: (–°—Ç—Ä–∏–±–æ–≥) :: –ø—Ä–∞–≤–∫–∏ –∫–æ–¥–∞[0;37m

–õ–∏—Å—Ç–∞—Ç—å : <RETURN>, Q<–ö>–æ–Ω–µ—Ü, R<–ü>–æ–≤—Ç–æ—Ä, B<–ù>–∞–∑–∞–¥, –∏–ª–∏ –Ω–æ–º–µ—Ä —Å—Ç—Ä–∞–Ω–∏—Ü—ã (1/118).ˇ˘
[1;31m–ú–∏–Ω—É–ª —á–∞—Å.[0;37m

–õ–∏—Å—Ç–∞—Ç—å : <RETURN>, Q<–ö>–æ–Ω–µ—Ü, R<–ü>–æ–≤—Ç–æ—Ä, B<–ù>–∞–∑–∞–¥, –∏–ª–∏ –Ω–æ–º–µ—Ä —Å—Ç—Ä–∞–Ω–∏—Ü—ã (1/118).ˇ˘
[1;31m–ú–∏–Ω—É–ª —á–∞—Å.[0;37m

–õ–∏—Å—Ç–∞—Ç—å : <RETURN>, Q<–ö>–æ–Ω–µ—Ü, R<–ü>–æ–≤—Ç–æ—Ä, B<–ù>–∞–∑–∞–¥, –∏–ª–∏ –Ω–æ–º–µ—Ä —Å—Ç—Ä–∞–Ω–∏—Ü—ã (1/118).ˇ˘
[0;32m211H[0;37m [0;32m98M[0;37m 10301–æ –ó–∞—É—á:0 –í—ã—Ö:v> ˇ˘–•–æ–∑—è–π–∫–∞ —Å–∫–∞–∑–∞–ª–∞ –≤–∞–º : "–°–µ–≥–æ–¥–Ω—è —Å–ø–∏–º –Ω–∞—Ö–∞–ª—è–≤—É!"
–•–æ–∑—è–π–∫–∞ –∑–∞–ø–µ—Ä–ª–∞ –≤–∞—à–∏ –≤–µ—â–∏ –≤ —Å—É–Ω–¥—É–∫ –∏ –ø–æ–≤–µ–ª–∞ –≤ —Ç–µ—Å–Ω—É—é –∫–∞–º–æ—Ä–∫—É.

0) –û—Ç—Å–æ–µ–¥–∏–Ω–∏—Ç—å—Å—è.
1) –ù–∞—á–∞—Ç—å –∏–≥—Ä—É.
2) –í–≤–µ—Å—Ç–∏ –æ–ø–∏—Å–∞–Ω–∏–µ –≤–∞—à–µ–≥–æ –ø–µ—Ä—Å–æ–Ω–∞–∂–∞.
3) –£–∑–Ω–∞—Ç—å –∏—Å—Ç–æ—Ä–∏—é.
4) –ò–∑–º–µ–Ω–∏—Ç—å –ø–∞—Ä–æ–ª—å.
5) –£–¥–∞–ª–∏—Ç—å –ø–µ—Ä—Å–æ–Ω–∞–∂–∞.
6) –ò–∑–º–µ–Ω–∏—Ç—å –ø–∞—Ä–∞–º–µ—Ç—Ä—ã –ø–µ—Ä—Å–æ–Ω–∞–∂–∞.
7) –í–∫–ª—é—á–∏—Ç—å/–≤—ã–∫–ª—é—á–∏—Ç—å —Ä–µ–∂–∏–º —Å–ª–µ–ø–æ–≥–æ –∏–≥—Ä–æ–∫–∞.
8) –ü–æ—Å–º–æ—Ç—Ä–µ—Ç—å –≤—Å–µ—Ö –ø–µ—Ä—Å–æ–Ω–∞–∂–µ–π –Ω–∞ –¥–∞–Ω–Ω–æ–º email'e.

   –ß–µ–≥–æ –≤–∞—à–∞ –¥—É—à–∞ –∂–µ–ª–∞–µ—Ç? ˇ˘
–î–æ –≤—Å—Ç—Ä–µ—á–∏ –Ω–∞ –∑–µ–º–ª–µ –ö–∏–µ–≤—Å–∫–æ–π.
–í —Å–ª—É—á–∞–µ –≤–∞—à–µ–≥–æ –æ—Ç—Å—É—Ç—Å—Ç–≤–∏—è –ø–µ—Ä—Å–æ–Ω–∞–∂ –±—É–¥–µ—Ç —Ö—Ä–∞–Ω–∏—Ç—å—Å—è –¥–æ 06:34:47  4 –§–µ–≤—Ä–∞–ª—è 2022 –≥–æ–¥–∞ –Ω–∞—à–µ–π —ç—Ä—ã :).
ˇ˘