ˇ˚Eˇ˚Vˇ˚U
Online: 112

Using keytable
  0) Koi-8
  1) Alt
  2) Windows(JMC,MMC)
  3) Windows(zMUD)
  4) Windows(zMUD 'z')
  5) UTF-8
  6) Windows(zMUD <6.39)
  9) TECT...
Select one :     
 -----------------------------------------------------------------------------                   
          Based On CircleMUD v3.0   Created by Jeremy Elson,   
          DikuMUD Gamma 0.0  by Sebastian Hammer, Michael Seifert, 
          Hans Henrik Staerfeldt, Tom Madsen, Katja Nyboe
 _____________________________________________________________________________

    #######
    ##    
    ##        ####    ####      ####  ####  ####  ####  ####  ####    ####
    #######    ######  ##     ## ##    ##  ####    ##    ##    ######  ##
    ##    ##   ##   ## ##    ##  ##    ####  ##    ########    ##   ## ##
    ##    ##   ##   ## ##    ##  ##    ###   ##    ##    ##    ##   ## ##
    #######   ####### ####  ###  ###  ####  ####  ####  ####  ####### ####

                   –ü–û –ü–†–ï–î–ê–ù–ò–Ø–ú –†–£–°–°–ö–ò–• –ù–ê–†–û–î–ù–´–• –°–ö–ê–ó–û–ö –ò –ë–´–õ–ò–ù.

             –ü–æ –∞–¥–º–∏–Ω–∏—Å—Ç—Ä–∞—Ç–∏–≤–Ω—ã–º –≤–æ–ø—Ä–æ—Å–∞–º –º–æ–∂–µ—Ç–µ —Å–≤—è–∑–∞—Ç—å—Å—è —Å –°—Ç—Ä–∏–±–æ–≥–æ–º
                	     e-mail: stribog@bylins.su

                       –ü–æ—Å–µ—Ç–∏—Ç–µ –Ω–∞—à —Å–∞–π—Ç: www.bylins.su
    –î–ª—è –±–æ–ª–µ–µ –ø–æ–¥—Ä–æ–±–Ω–æ–π –∏–≥—Ä–æ–≤–æ–π –∏–Ω—Ñ–æ—Ä–º–∞—Ü–∏–∏ –ø–æ—Å–µ—Ç–∏—Ç–µ www.bylins.su/?newbies

–í–≤–µ–¥–∏—Ç–µ –∏–º—è –ø–µ—Ä—Å–æ–Ω–∞–∂–∞ (–∏–ª–∏ "–Ω–æ–≤—ã–π" –¥–ª—è —Å–æ–∑–¥–∞–Ω–∏—è –Ω–æ–≤–æ–≥–æ): –ü–µ—Ä—Å–æ–Ω–∞–∂ —Å —Ç–∞–∫–∏–º –∏–º–µ–Ω–µ–º —É–∂–µ —Å—É—â–µ—Å—Ç–≤—É–µ—Ç. –í–≤–µ–¥–∏—Ç–µ –ø–∞—Ä–æ–ª—å : ˇ˘

–ü–æ—Å–ª–µ–¥–Ω–∏–π —Ä–∞–∑ –≤—ã –∑–∞—Ö–æ–¥–∏–ª–∏ –∫ –Ω–∞–º –≤ 08:14:49 13 –§–µ–≤—Ä–∞–ª—è 2020 –≥–æ–¥–∞ —Å –∞–¥—Ä–µ—Å–∞ (69.181.167.66).

* –í —Å–≤—è–∑–∏ —Å –ø—Ä–æ–±–ª–µ–º–∞–º–∏ –ø–µ—Ä–µ–≤–æ–¥–∞ —Ñ—Ä–∞–∑—ã ANYKEY –Ω–∞–∂–º–∏—Ç–µ ENTER *ˇ˘
  –î–æ–±—Ä–æ –ø–æ–∂–∞–ª–æ–≤–∞—Ç—å –Ω–∞ –∑–µ–º–ª—é –ö–∏–µ–≤—Å–∫—É—é, –±–æ–≥–∞—Ç—É—é –∏—Å—Ç–æ—Ä–∏–µ–π –∏ —Å–∞–º—ã–º–∏ –Ω–µ–≤–µ—Ä–æ—è—Ç–Ω—ã–º–∏
–ø—Ä–∏–∫–ª—é—á–µ–Ω–∏—è–º–∏. –í–æ–∑–º–æ–∂–Ω–æ, –≤–∞–º –æ–Ω–∏ –ø–æ–Ω—Ä–∞–≤—è—Ç—Å—è, –∏ –≤—ã —Å—Ç–∞–Ω–µ—Ç–µ –≤ –æ–¥–∏–Ω —Ä—è–¥ —Å –≥–µ—Ä–æ—è–º–∏
–¥–∞–≤–Ω–æ –º–∏–Ω—É–≤—à–∏—Ö –¥–Ω–µ–π.

[1;36m–ö–æ–º–Ω–∞—Ç—ã –æ—Ç–¥—ã—Ö–∞ [5000][0;37m
   –•–æ–∑—è–∏–Ω —É—Å—Ç—Ä–æ–∏–ª –∑–¥–µ—Å—å –∫–æ–º–Ω–∞—Ç—ã –¥–ª—è –æ—Ç–¥—ã—Ö–∞. –õ—é–±–æ–π –∂–µ–ª–∞—é—â–∏–π –º–æ–∂–µ—Ç –æ—Å—Ç–∞–Ω–æ–≤–∏—Ç—å—Å—è
–∑–¥–µ—Å—å –∏ –ø–µ—Ä–µ–¥–æ—Ö–Ω—É—Ç—å –ø–æ—Å–ª–µ –¥–∞–ª—å–Ω–µ–π –¥–æ—Ä–æ–≥–∏. –°–≤–µ—Ç–ª—ã–µ –≥–æ—Ä–Ω–∏—Ü—ã —Ç–∞–∫ –∏ –ø—Ä–∏–≥–ª–∞—à–∞—é—Ç
–ø—Ä–æ–π—Ç–∏ –≤ –Ω–∏—Ö –∏ —Ä–∞—Å—Ç—è–Ω—É—Ç—å—Å—è –Ω–∞ –ø–µ—Ä–∏–Ω–µ, –Ω–∞ –ø—É—Ö–æ–≤–æ–π –¥–∞ –∑–∞–±—ã—Ç—å—Å—è —Å–Ω–æ–º –±–æ–≥–∞—Ç—ã—Ä—Å–∫–∏–º.
–ó–¥–µ—Å—å –∂–µ –º–æ–∂–Ω–æ –ø–æ–¥–æ–∂–¥–∞—Ç—å —Å–≤–æ–∏—Ö –∫–æ–º–ø–∞–Ω—å–æ–Ω–æ–≤ –ø–µ—Ä–µ–¥ –¥–æ–ª–≥–æ–π –¥–æ—Ä–æ–≥–æ–π, –ø–æ–≥–æ–≤–æ—Ä–∏—Ç—å
–æ –¥–∞–ª—å–Ω–µ–π—à–∏—Ö –ø–ª–∞–Ω–∞—Ö.
[1;32m–°–æ–≤—Å–µ–º –º–∞–ª—ã—Ö, –¥–∞ –Ω–µ –æ–±—É—á–µ–Ω–Ω—ã—Ö —Ç–∞–∫ –∏ —Ç—è–Ω–µ—Ç [1;33m–≤–æ–π—Ç–∏ [1;32m–≤ [1;33m—à–∫–æ–ª—É[1;32m.[0;0m
[0;36m[ Exits: d ][0;37m
[1;33m–î–æ—Å–∫–∞ –¥–ª—è —Ä–∞–∑–ª–∏—á–Ω—ã—Ö –∑–∞–º–µ—Ç–æ–∫ –∏ –æ–±—ä—è–≤–ª–µ–Ω–∏–π –ø—Ä–∏–±–∏—Ç–∞ —Ç—É—Ç ..–±–ª–µ—Å—Ç–∏—Ç!
[1;31m–ü–æ–ª—è–Ω–∏–Ω –î–æ—Ä–º–∞–Ω —Å—Ç–æ–∏—Ç –∑–¥–µ—Å—å. 
–•–æ–∑—è–π–∫–∞ –ø–æ—Å—Ç–æ—è–ª–æ–≥–æ –¥–≤–æ—Ä–∞ —Ä–∞—Å–ø–æ—Ä—è–∂–∞–µ—Ç—Å—è –∑–¥–µ—Å—å.
[0;0m
–î–µ—Ä–µ–≤–Ω—è —É —Ä–µ–∫–∏ (2-–∞—è —Ä–æ–¥–æ–≤–∞—è).

[0;32m276H[0;37m [0;32m118M[0;37m 13725–æ –ó–∞—É—á:0 –í—ã—Ö:v> ˇ˘–í—ã –Ω–µ –º–æ–∂–µ—Ç–µ –Ω–∞–¥–µ—Ç—å –º–∞–ª—ã–π –º–µ—Ö.

[0;32m276H[0;37m [0;32m118M[0;37m 13725–æ –ó–∞—É—á:0 –í—ã—Ö:v> ˇ˘–í—ã –ø–æ–ø–ª–µ–ª–∏—Å—å –≤–Ω–∏–∑.
[1;36m–ü–æ—Å—Ç–æ—è–ª—ã–π –¥–≤–æ—Ä [5001][0;37m
   –î–µ—Ä–µ–≤–Ω—è —Ö–æ—Ç—å –∏ –Ω–µ–±–æ–ª—å—à–∞—è, –Ω–æ –ø–æ—Å—Ç–æ—è–ª—ã–π –¥–≤–æ—Ä –∏–º–µ–µ—Ç—Å—è, –¥–ª—è –∑–∞–µ–∑–∂–∏—Ö –≥–æ—Å—Ç–µ–π,
—á—Ç–æ–±—ã –±—ã–ª–æ –≥–¥–µ –ø–µ—Ä–µ–≤–µ—Å—Ç–∏ –¥—É—Ö, –µ–¥–æ–π –∏ –ø–∏—Ç—å–µ–º –∑–∞–ø–∞—Å—Ç–∏—Å—å. –ê –µ—Å–ª–∏ –Ω–∞ –¥–≤–æ—Ä–µ —É–∂
–Ω–æ—á—å –∏–ª—å –ø—Ä–æ—Å—Ç–æ –Ω–∞–¥–æ –æ—Å—Ç–∞–Ω–æ–≤–∏—Ç—Å—è –Ω–∞ –¥–µ–Ω—å –¥—Ä—É–≥–æ–π –≤ –¥–µ—Ä–µ–≤–Ω–µ, –∞ —Ä–æ–¥—Å—Ç–≤–µ–Ω–Ω–∏–∫–æ–≤
–Ω–µ—Ç, —Ç–∞–∫ –º–æ–∂–Ω–æ –∏ –ø–µ—Ä–µ–Ω–æ—á–µ–≤–∞—Ç—å –≤ –≥–æ—Ä–Ω–∏—Ü–∞—Ö –Ω–∞–≤–µ—Ä—Ö—É.
[0;36m[ Exits: w u ][0;37m
[1;33m[1;31m–°–µ–¥–æ–≤–ª–∞—Å—ã–π —Å–∫–∞–∑–∏—Ç–µ–ª—å –≥–æ—Ç–æ–≤ –ø–æ–¥–µ–ª–∏—Ç—å—Å—è —Å –í–∞–º–∏ –∏–Ω—Ç–µ—Ä–µ—Å–Ω–æ–π –∏—Å—Ç–æ—Ä–∏–µ–π.
–¢—Ä–∞–∫—Ç–∏—Ä—â–∏–∫ –æ—Ç–¥—ã—Ö–∞–µ—Ç –∑–∞ —Å—Ç–æ–π–∫–æ–π.
[0;0m
[0;32m276H[0;37m [0;32m117M[0;37m 13725–æ –ó–∞—É—á:0 –í—ã—Ö:–ó^> ˇ˘–í—ã –ø–æ–ø–ª–µ–ª–∏—Å—å –Ω–∞ –∑–∞–ø–∞–¥.
[1;36m–ü–µ—Ä–µ–¥ –ø–æ—Å—Ç–æ—è–ª—ã–º –¥–≤–æ—Ä–æ–º [5005][0;37m
   –ß—É—Ç—å –Ω–µ —Å–ø–æ—Ç–∫–Ω—É–≤—à–∏—Å—å –æ –¥–æ—Å–∫—É, –ª–µ–∂–∞—â—É—é —Å—Ä–∞–∑—É —É –ø–æ—Ä–æ–≥–∞ –ø–æ—Å—Ç–æ—è–ª–æ–≥–æ –¥–≤–æ—Ä–∞,
–≤—ã –æ–∫–∞–∑–∞–ª–∏—Å—å –Ω–∞ —Ü–µ–Ω—Ç—Ä–∞–ª—å–Ω–æ–π —É–ª–∏—Ü–µ –¥–µ—Ä–µ–≤–Ω–∏. –ò–º–µ–Ω–Ω–æ –Ω–∞ —ç—Ç–æ–π —É–ª–∏—Ü–µ –º–æ–∂–Ω–æ 
–±—ã—Å—Ç—Ä–æ –Ω–∞–π—Ç–∏ –ª–∞–≤–∫—É —Ä–µ–º–µ—Å–ª–µ–Ω–Ω–∏–∫–∞, –¥–æ–º –∑–Ω–∞—Ö–∞—Ä—è, –∫–æ–Ω—é—à–Ω—é –∏ –¥–æ–º —Å—Ç–∞—Ä–µ–π—à–∏–Ω—ã.
–í —é–∂–Ω–æ–π —á–∞—Å—Ç–∏ –¥–µ—Ä–µ–≤–Ω–∏ –ø–æ—Å–µ–ª–∏–ª–∏—Å—å –≤–æ—Ä–æ–∂–µ–∏.
[0;36m[ Exits: n e s w ][0;37m
[1;33m[1;31m[0;0m
[0;32m276H[0;37m [0;32m116M[0;37m 13725–æ –ó–∞—É—á:0 –í—ã—Ö:–°–í–Æ–ó> ˇ˘–í—ã –ø–æ–ø–ª–µ–ª–∏—Å—å –Ω–∞ —é–≥.
[1;36m–¶–µ–Ω—Ç—Ä –¥–µ—Ä–µ–≤–Ω–∏ [5004][0;37m
   –¶–µ–Ω—Ç—Ä–∞–ª—å–Ω–∞—è —á–∞—Å—Ç—å –¥–µ—Ä–µ–≤–Ω–∏ –∑–∞–ø–æ–ª–Ω–µ–Ω–∞ –Ω—É–∂–Ω—ã–º–∏ –≤—Å–µ–º –º–∞—Å—Ç–µ—Ä—Å–∫–∏–º–∏ –∏ –ª–∞–≤–∫–∞–º–∏.
–£–¥–∞—á–Ω–æ–µ –º–µ—Å—Ç–æ –¥–µ—Ä–µ–≤–Ω–∏ –≤ –Ω–µ–∑–∞–ø–∞–º—è—Ç–Ω—ã–µ –≤—Ä–µ–º–µ–Ω–∞ –ø—Ä–∏–≤–ª–µ–∫–ª–æ —Å—é–¥–∞ —Ç–æ—Ä–≥–æ–≤—Ü–µ–≤ –∏
–º–∞—Å—Ç–µ—Ä–æ–≤—ã—Ö, –∏ —Å —Ç–µ—Ö –ø–æ—Ä –ø–æ–≤–µ–ª–æ—Å—å, —á—Ç–æ –≤ —ç—Ç–æ–π —á–∞—Å—Ç–∏ –¥–µ—Ä–µ–≤–Ω–∏ —Å—Ç–æ—è—Ç –±–æ–ª—å—à–∏–µ –∏
–±–æ–≥–∞—Ç—ã–µ –¥–æ–º–∞. –°–æ –≤—Å–µ–π –æ–∫—Ä—É–≥–∏ –∏ –¥–∞–∂–µ –∏–∑ –¥–∞–ª–µ–∫–æ–π –≥–ª—É—à–∏ –ø—Ä–∏—Ö–æ–¥—è—Ç –ª—é–¥–∏ —Å—é–¥–∞
–∑–∞ —Ç–æ–≤–∞—Ä–æ–º –∫—É–ø–∏—Ç—å —á—Ç–æ, –ø—Ä–æ–¥–∞—Ç—å —á—Ç–æ, –∑–∞–∫–∞–∑–∞—Ç—å —á—Ç–æ.
[0;36m[ Exits: n s w ][0;37m
[1;33m[1;31m–ë–∞–∑–∞—Ä–Ω—ã–π –∑–∞–∑—ã–≤–∞–ª–∞ —Å—Ç–æ–∏—Ç –∑–¥–µ—Å—å, –∑—ã—á–Ω—ã–º –≥–æ–ª–æ—Å–æ–º —Ä–∞—Å—Ö–≤–∞–ª–∏–≤–∞—è –≤—ã—Å—Ç–∞–≤–ª–µ–Ω–Ω—ã–π —Ç–æ–≤–∞—Ä.
[0;0m
[0;32m276H[0;37m [0;32m117M[0;37m 13725–æ –ó–∞—É—á:0 –í—ã—Ö:–°–Æ–ó> ˇ˘–í—ã –ø–æ–ø–ª–µ–ª–∏—Å—å –Ω–∞ —é–≥.
[1;36m–ü–µ—Ä–µ–¥ –∫–æ–Ω—é—à–Ω–µ–π [5003][0;37m
   –¶–µ–Ω—Ç—Ä–∞–ª—å–Ω–∞—è —á–∞—Å—Ç—å –¥–µ—Ä–µ–≤–Ω–∏ –∑–∞–ø–æ–ª–Ω–µ–Ω–∞ –Ω—É–∂–Ω—ã–º–∏ –≤—Å–µ–º –º–∞—Å—Ç–µ—Ä—Å–∫–∏–º–∏ –∏ –ª–∞–≤–∫–∞–º–∏.
–£–¥–∞—á–Ω–æ–µ –º–µ—Å—Ç–æ –¥–µ—Ä–µ–≤–Ω–∏ –≤ –Ω–µ–∑–∞–ø–∞–º—è—Ç–Ω—ã–µ –≤—Ä–µ–º–µ–Ω–∞ –ø—Ä–∏–≤–ª–µ–∫–ª–æ —Å—é–¥–∞ —Ç–æ—Ä–≥–æ–≤—Ü–µ–≤ –∏
–º–∞—Å—Ç–µ—Ä–æ–≤—ã—Ö, –∏ —Å —Ç–µ—Ö –ø–æ—Ä –ø–æ–≤–µ–ª–æ—Å—å, —á—Ç–æ –≤ —ç—Ç–æ–π —á–∞—Å—Ç–∏ –¥–µ—Ä–µ–≤–Ω–∏ —Å—Ç–æ—è—Ç –±–æ–ª—å—à–∏–µ –∏
–±–æ–≥–∞—Ç—ã–µ –¥–æ–º–∞. –°–æ –≤—Å–µ–π –æ–∫—Ä—É–≥–∏ –∏ –¥–∞–∂–µ –∏–∑ –¥–∞–ª–µ–∫–æ–π –≥–ª—É—à–∏ –ø—Ä–∏—Ö–æ–¥—è—Ç –ª—é–¥–∏ —Å—é–¥–∞
–∑–∞ —Ç–æ–≤–∞—Ä–æ–º –∫—É–ø–∏—Ç—å —á—Ç–æ, –ø—Ä–æ–¥–∞—Ç—å —á—Ç–æ, –∑–∞–∫–∞–∑–∞—Ç—å —á—Ç–æ.
[0;36m[ Exits: n e s w ][0;37m
[1;33m[1;31m[0;0m
[0;32m276H[0;37m [0;32m116M[0;37m 13725–æ –ó–∞—É—á:0 –í—ã—Ö:–°–í–Æ–ó> ˇ˘–í—ã –ø–æ–ø–ª–µ–ª–∏—Å—å –Ω–∞ –∑–∞–ø–∞–¥.
[1;36m–õ–∞–≤–∫–∞ [5007][0;37m
   –ß–µ–≥–æ —Ç–æ–ª—å–∫–æ –Ω–µ —Ä–∞–∑–ª–æ–∂–µ–Ω–æ –Ω–∞ –ø—Ä–∏–ª–∞–≤–∫–µ, –∑–¥–µ—Å—å —Ç–µ–±–µ –∏ –º–µ—Å—Ç–Ω—ã–µ —Ç–æ–≤–∞—Ä—ã –∏
–∑–∞–º–æ—Ä—Å–∫–∏–µ —á—É–¥–∞, –∏ –ø—Ä–æ—Å—Ç–∞—è –æ–¥–µ–∂–¥–∞ –∏ –±–æ–≥–∞—Ç–∞—è. –ù–∞–π–¥—É—Ç—Å—è –¥–æ—Å–ø–µ—Ö–∏ –¥–ª—è –≤–æ–∏–Ω–∞
–∏ —É–∫—Ä–∞—à–µ–Ω–∏—è –¥–ª—è –º–∏–ª—ã—Ö. –†–µ–º–µ—Å–ª–µ–Ω–Ω–∏–∫ –Ω–µ —Ç–æ–ª—å–∫–æ –ø—Ä–æ–¥–∞–µ—Ç —Å–≤–æ–π —Ç–æ–≤–∞—Ä, –Ω–æ –∏
—á–∏–Ω–∏—Ç –ø–æ—Ç—Ä–µ–ø–∞–Ω–Ω–æ–µ –∏ –ø–æ–∫—É–ø–∞–µ—Ç –Ω–µ–Ω—É–∂–Ω–æ–µ.
[0;36m[ Exits: e ][0;37m
[1;33m[1;31m–õ–∞–≤–æ—á–Ω–∏–∫ —Å—Ç–æ–∏—Ç —Ç—É—Ç.
[0;0m
[0;32m276H[0;37m [0;32m115M[0;37m 13725–æ –ó–∞—É—á:0 –í—ã—Ö:–í> ˇ˘ ##    –î–æ—Å—Ç—É–ø–Ω–æ   –ü—Ä–µ–¥–º–µ—Ç                                      –¶–µ–Ω–∞ (–∫—É–Ω—ã)
---------------------------------------------------------------------------
   1)     –ù–∞–≤–∞–ª–æ–º  —Å–µ—Ä–º—è–∂–Ω–∞—è –∫—É—Ä—Ç–∫–∞                                    30
   2)     –ù–∞–≤–∞–ª–æ–º  —Å–µ—Ä–º—è–∂–Ω–∞—è —à–∞–ø–∫–∞                                     12
   3)     –ù–∞–≤–∞–ª–æ–º  —Å–µ—Ä–º—è–∂–Ω—ã–µ —à—Ç–∞–Ω—ã                                     20
   4)     –ù–∞–≤–∞–ª–æ–º  –≥—Ä—É–±—ã–µ –ª–∞–ø—Ç–∏                                        15
   5)     –ù–∞–≤–∞–ª–æ–º  —Å–µ—Ä–º—è–∂–Ω—ã–µ —Ä—É–∫–∞–≤–∏—Ü—ã                                  12
   6)     –ù–∞–≤–∞–ª–æ–º  —Å–µ—Ä–º—è–∂–Ω—ã–µ —Ä—É–∫–∞–≤–∞                                    15
   7)     –ù–∞–≤–∞–ª–æ–º  —Å–µ—Ä–º—è–∂–Ω–∞—è –Ω–∞–∫–∏–¥–∫–∞                                   30
   8)     –ù–∞–≤–∞–ª–æ–º  —Å–µ—Ä–º—è–∂–Ω—ã–π –ø–æ—è—Å                                      12
   9)     –ù–∞–≤–∞–ª–æ–º  —É—á–µ–±–Ω–∞—è –Ω–∏—Ç—å                                        10
  10)     –ù–∞–≤–∞–ª–æ–º  —É—á–µ–±–Ω–∞—è –ø—É–≥–æ–≤–∏—Ü–∞                                    50
  11)     –ù–∞–≤–∞–ª–æ–º  –∫–æ–∂–∞–Ω–∞—è –∫—É—Ä—Ç–∫–∞                                      40
  12)     –ù–∞–≤–∞–ª–æ–º  –∫–æ–∂–∞–Ω–∞—è —à–∞–ø–∫–∞                                       15
  13)     –ù–∞–≤–∞–ª–æ–º  –∫–æ–∂–∞–Ω—ã–µ –ø–æ—Ä—Ç–∫–∏                                      25
  14)     –ù–∞–≤–∞–ª–æ–º  –∫–æ–∂–∞–Ω—ã–µ —Å–∞–ø–æ–≥–∏                                      20
  15)     –ù–∞–≤–∞–ª–æ–º  –∫–æ–∂–∞–Ω—ã–µ –ø–µ—Ä—á–∞—Ç–∫–∏                                    15
  16)     –ù–∞–≤–∞–ª–æ–º  –∫–æ–∂–∞–Ω—ã–µ —Ä—É–∫–∞–≤–∞                                      20
  17)     –ù–∞–≤–∞–ª–æ–º  –∫–æ–∂–∞–Ω—ã–π –ø–ª–∞—â                                        40
  18)     –ù–∞–≤–∞–ª–æ–º  –∫–æ–∂–∞–Ω—ã–π –ø–æ—è—Å                                        15
  19)     –ù–∞–≤–∞–ª–æ–º  –ø—Ä–æ—Å—Ç–æ–π —â–∏—Ç                                         20
  20)     –ù–∞–≤–∞–ª–æ–º  –∫–æ–∂–∞–Ω–∞—è —Ñ–ª—è–≥–∞ —Å –≤–æ–¥–æ–π                                2
  21)     –ù–∞–≤–∞–ª–æ–º  –º–∞–ª—ã–π –º–µ—Ö —Å –≤–æ–¥–æ–π                                    2
  22)     –ù–∞–≤–∞–ª–æ–º  —Å–≤–µ—á–∫–∞                                               1
  23)     –ù–∞–≤–∞–ª–æ–º  —Ö–æ–ª—â–æ–≤—ã–π –º–µ—à–æ–∫                                      10
  24)     –ù–∞–≤–∞–ª–æ–º  –≥—É—Å–∏–Ω–æ–µ –ø–µ—Ä–æ                                         5
  25)     –ù–∞–≤–∞–ª–æ–º  –ª–∏—Å—Ç –≥–ª–∞–¥–∫–æ–π –±–µ—Ä–µ—Å—Ç—ã                                 5
  26)     –ù–∞–≤–∞–ª–æ–º  –∫–æ—Å—Ç—è–Ω—ã–µ –±–∞–±–∫–∏                                      30
  27)           1  –ø—É–¥–æ–≤—ã–π –ø–æ—è—Å –±–æ–≥–∞—Ç—ã—Ä—Å–∫–∏–π                           300
  28)           4  —Ä—ã–±—å—è –∫–æ—Å—Ç—å                                         30
  29)           2  –µ–∂–æ–≤–∞—è –∏–≥–æ–ª–∫–∞                                       50
  30)           1  –∑–æ–ª–æ—Ç–æ–π –æ—à–µ–π–Ω–∏–∫ —Å –±—É–±–µ–Ω—Ü–∞–º–∏                        200

–õ–∏—Å—Ç–∞—Ç—å : <RETURN>, Q<–ö>–æ–Ω–µ—Ü, R<–ü>–æ–≤—Ç–æ—Ä, B<–ù>–∞–∑–∞–¥, –∏–ª–∏ –Ω–æ–º–µ—Ä —Å—Ç—Ä–∞–Ω–∏—Ü—ã (1/2).ˇ˘  31)           1  –±—Ä–∞—Å–ª–µ—Ç –∏–∑ –æ—Å–µ–Ω–Ω–∏—Ö –ª–∏—Å—Ç—å–µ–≤                         210
  32)           1  –±—Ä–æ–¥–Ω–∏ –ª–µ—Å–Ω–æ–≥–æ –±—Ä–æ–¥—è–≥–∏                             230
  33)           1  –æ–∂–µ—Ä–µ–ª—å–µ –∏–∑ —Å–∞–º–æ—Ü–≤–µ—Ç–Ω—ã—Ö –∫–∞–º–Ω–µ–π —Å–æ –¥–Ω–∞ –ë—É–ª–∞—Ç-—Ä–µ–∫–∏      160
  34)           1  –ø–µ—Ä—Å—Ç–µ–Ω—å —Å —Å–∞–º–æ—Ü–≤–µ—Ç–æ–º —Å–æ –¥–Ω–∞ –ë—É–ª–∞—Ç-—Ä–µ–∫–∏            110
  35)           1  –±–∞–≥—Ä—è–Ω—ã–π —è—Ö–æ–Ω—Ç –≤ –æ–ø—Ä–∞–≤–µ –∏–∑ —á–µ—Ä–≤–æ–Ω–Ω–æ–≥–æ –∑–æ–ª–æ—Ç–∞       140
  36)           1  –±—Ä–∞—Å–ª–µ—Ç –∏–∑ –¥—É–±–æ–≤–æ–π –∫–æ—Ä—ã                            180
  37)           1  –æ—Å–∏–Ω–æ–≤—ã–π –±—Ä–∞—Å–ª–µ—Ç                                   190
  38)           1  –∫—Ä–∏–≤–æ–π –∫–æ—Å—Ç—ã–ª—å –í–æ—Ä–æ–≥—É—à–∏                            450
  39)           1  –Ω–∏—Ç—å –≤–µ—Å–µ–Ω–Ω–∏—Ö —Ä–æ—Å                                  230
  40)           1  –ª—É–∫-–ø—ã—Ä–µ–π                                          460
  41)           1  –ø–∏—Ä–∞—Ç—Å–∫–∞—è —Å–∞–±–ª—è                                    150
  42)           1  –Ω–∞–±–µ–¥—Ä–µ–Ω–Ω–∞—è –ø–æ–≤—è–∑–∫–∞                                100
  43)           2  –∫–æ—Ä—ã—Ç–æ                                             300
  44)           1  –º–µ–¥–≤–µ–∂—å–µ —É—Ö–æ                                       200
  45)           3  —Ö–æ—Ö–æ–ª–æ–∫ –∫—É–∫—É—à–∫–∏                                    100
  46)           7  —Ç–µ—Ç–µ—Ä–µ–≤–∏–Ω—ã–π —Ö–≤–æ—Å—Ç                                   20
  47)           5  –¥—É–±–æ–≤—ã–π —â–∏—Ç                                        100
  48)           2  –º–µ—Ö–æ–≤—ã–µ —Ä—É–∫–∞–≤–∏—Ü—ã                                    50
  49)           3  –ª–µ–≥–∫–∏–µ –Ω–∞—Ä—É—á–∏                                       50
  50)           1  —Å—Ç–æ–≥ –∏–∑ —Ü–≤–µ—Ç–æ—á–∫–æ–≤                                  230
  51)           1  –∫—É—Ö–æ–Ω–Ω—ã–π –Ω–æ–∂                                        50

[0;32m276H[0;37m [0;32m118M[0;37m 13725–æ –ó–∞—É—á:0 –í—ã—Ö:–í> ˇ˘–ß–¢–û –≤—ã —Ö–æ—Ç–∏—Ç–µ –∫–æ–ª–¥–æ–≤–∞—Ç—å?

[0;32m276H[0;37m [0;32m118M[0;37m 13725–æ –ó–∞—É—á:0 –í—ã—Ö:–í> ˇ˘
[1;31m–ú–∏–Ω—É–ª —á–∞—Å.[0;37m

[0;32m276H[0;37m [0;32m118M[0;37m 13725–æ –ó–∞—É—á:0 –í—ã—Ö:–í> ˇ˘–ü—Ä–æ—Å—Ç–æ–π —Ö–æ–ª—â–æ–≤—ã–π –º–µ—à–æ–∫ —Å –ª—è–º–∫–æ–π, —á—Ç–æ–± –≤–µ—à–∞—Ç—å –Ω–∞ –ø–ª–µ—á–æ.

–ú–æ–∂–Ω–æ –Ω–∞–¥–µ—Ç—å –Ω–∞ –ø–ª–µ—á–∏.
–ú–æ–∂–Ω–æ –Ω–∞–¥–µ—Ç—å –Ω–∞ –ø–æ—è—Å.
–°–æ—Å—Ç–æ—è–Ω–∏–µ: –∏–¥–µ–∞–ª—å–Ω–æ.
—Ö–æ–ª—â–æ–≤—ã–π –º–µ—à–æ–∫(–≤ —Ä—É–∫–∞—Ö)
–ó–∞–ø–æ–ª–Ω–µ–Ω —Å–æ–¥–µ—Ä–∂–∏–º—ã–º –º–µ–Ω—å—à–µ, —á–µ–º –Ω–∞ —á–µ—Ç–≤–µ—Ä—Ç—å :
–ª–æ–º–æ—Ç—å —Ö–ª–µ–±–∞  [1;37m<–≤–µ–ª–∏–∫–æ–ª–µ–ø–Ω–æ>[0;37m

[0;32m276H[0;37m [0;32m118M[0;37m 13725–æ –ó–∞—É—á:0 –í—ã—Ö:–í> ˇ˘–ù–∞ –≤–∞—Å –Ω–∞–¥–µ—Ç–æ:
<–Ω–∞ —Ç–µ–ª–µ>                   –ª–µ–≥–∫–∏–π –ª–∞—Ç–Ω—ã–π –¥–æ—Å–ø–µ—Ö  [1;37m<–≤–µ–ª–∏–∫–æ–ª–µ–ø–Ω–æ>[0;37m
<–Ω–∞ –≥–æ–ª–æ–≤–µ>                 –ª–µ–≥–∫–∏–π –ª–∞—Ç–Ω—ã–π —à–ª–µ–º  [1;32m<–æ—á–µ–Ω—å —Ö–æ—Ä–æ—à–æ>[0;37m
<–Ω–∞ –Ω–æ–≥–∞—Ö>                  –ª–µ–≥–∫–∏–µ –ª–∞—Ç–Ω—ã–µ –ø–æ–Ω–æ–∂–∏  [1;32m<–æ—á–µ–Ω—å —Ö–æ—Ä–æ—à–æ>[0;37m
<–Ω–∞ —Å—Ç—É–ø–Ω—è—Ö>                –¥—Ä–∞–Ω—ã–µ —Å–∞–ø–æ–≥–∏  [1;32m<–æ—á–µ–Ω—å —Ö–æ—Ä–æ—à–æ>[0;37m
<–Ω–∞ –ø–ª–µ—á–∞—Ö>                 —à–∫—É—Ä–∞ –º–µ–¥–≤–µ–¥—è  [1;37m<–≤–µ–ª–∏–∫–æ–ª–µ–ø–Ω–æ>[0;37m
<–≤ –ø—Ä–∞–≤–æ–π —Ä—É–∫–µ>             –±—Ä–æ–Ω–∑–æ–≤—ã–π –∫–∏—Å—Ç–µ–Ω—å  [1;32m<–æ—á–µ–Ω—å —Ö–æ—Ä–æ—à–æ>[0;37m
<–≤ –ª–µ–≤–æ–π —Ä—É–∫–µ>              –±—Ä–æ–Ω–∑–æ–≤—ã–π —Å—Ç–∏–ª–µ—Ç  [1;32m<–æ—á–µ–Ω—å —Ö–æ—Ä–æ—à–æ>[0;37m

[0;32m276H[0;37m [0;32m118M[0;37m 13725–æ –ó–∞—É—á:0 –í—ã—Ö:–í> ˇ˘–í—ã –Ω–µ –≤–∏–¥–∏—Ç–µ –Ω–∏—á–µ–≥–æ –Ω–µ–æ–±—ã—á–Ω–æ–≥–æ.
–ú–æ–∂–Ω–æ –Ω–∞–¥–µ—Ç—å –Ω–∞ —Ç—É–ª–æ–≤–∏—â–µ.
–°–æ—Å—Ç–æ—è–Ω–∏–µ: –Ω–µ—Ä—É—à–∏–º–æ.

[0;32m276H[0;37m [0;32m118M[0;37m 13725–æ –ó–∞—É—á:0 –í—ã—Ö:–í> ˇ˘–í—ã –Ω–µ –≤–∏–¥–∏—Ç–µ –Ω–∏—á–µ–≥–æ –Ω–µ–æ–±—ã—á–Ω–æ–≥–æ.
–õ–µ–≥–∫–∏–π –ª–∞—Ç–Ω—ã–π —à–ª–µ–º –≤ –æ—á–µ–Ω—å —Ö–æ—Ä–æ—à–µ–º —Å–æ—Å—Ç–æ—è–Ω–∏–∏.
–ú–æ–∂–Ω–æ –Ω–∞–¥–µ—Ç—å –Ω–∞ –≥–æ–ª–æ–≤—É.
–°–æ—Å—Ç–æ—è–Ω–∏–µ: –Ω–µ—Ä—É—à–∏–º–æ.

[0;32m276H[0;37m [0;32m118M[0;37m 13725–æ –ó–∞—É—á:0 –í—ã—Ö:–í> ˇ˘–í—ã –Ω–µ –≤–∏–¥–∏—Ç–µ –Ω–∏—á–µ–≥–æ –Ω–µ–æ–±—ã—á–Ω–æ–≥–æ.
–õ–µ–≥–∫–∏–µ –ª–∞—Ç–Ω—ã–µ –ø–æ–Ω–æ–∂–∏ –≤ –æ—á–µ–Ω—å —Ö–æ—Ä–æ—à–µ–º —Å–æ—Å—Ç–æ—è–Ω–∏–∏.
–ú–æ–∂–Ω–æ –Ω–∞–¥–µ—Ç—å –Ω–∞ –Ω–æ–≥–∏.
–°–æ—Å—Ç–æ—è–Ω–∏–µ: –Ω–µ—Ä—É—à–∏–º–æ.

[0;32m276H[0;37m [0;32m118M[0;37m 13725–æ –ó–∞—É—á:0 –í—ã—Ö:–í> ˇ˘
[1;33m–ë–∞–∑–∞—Ä : –Ω–æ–≤—ã–π –ª–æ—Ç (170) - —à—Ç–∞–Ω—ã –æ—Ö—Ä–∞–Ω–Ω–∏–∫–∞ –∏–∑ —Å—ã—Ä–æ–º—è—Ç–Ω–æ–π –∫–æ–∂–∏ - —Ü–µ–Ω–∞ 11111 –∫—É–Ω. 

[0;0m
[0;32m276H[0;37m [0;32m118M[0;37m 13725–æ –ó–∞—É—á:0 –í—ã—Ö:–í> ˇ˘
[1;31m–ú–∏–Ω—É–ª —á–∞—Å.[0;37m

[0;32m276H[0;37m [0;32m118M[0;37m 13725–æ –ó–∞—É—á:0 –í—ã—Ö:–í> ˇ˘
[1;31m–ú–∏–Ω—É–ª —á–∞—Å.[0;37m

[0;32m276H[0;37m [0;32m118M[0;37m 13725–æ –ó–∞—É—á:0 –í—ã—Ö:–í> ˇ˘
[1;33m–ë–∞–∑–∞—Ä : –Ω–æ–≤—ã–π –ª–æ—Ç (377) - –∫–ª—ã–∫ –ª—É–∫–æ–º–æ—Ä—Å–∫–æ–≥–æ –æ–±–æ—Ä–æ—Ç–Ω—è - —Ü–µ–Ω–∞ 10000 –∫—É–Ω. 

[0;0m
[0;32m276H[0;37m [0;32m118M[0;37m 13725–æ –ó–∞—É—á:0 –í—ã—Ö:–í> ˇ˘
[1;31m–ú–∏–Ω—É–ª —á–∞—Å.[0;37m

[0;32m276H[0;37m [0;32m118M[0;37m 13725–æ –ó–∞—É—á:0 –í—ã—Ö:–í> ˇ˘
[1;31m–ú–∏–Ω—É–ª —á–∞—Å.[0;37m

[0;32m276H[0;37m [0;32m118M[0;37m 13725–æ –ó–∞—É—á:0 –í—ã—Ö:–í> ˇ˘
[1;31m–ú–∏–Ω—É–ª —á–∞—Å.[0;37m

[0;32m276H[0;37m [0;32m118M[0;37m 13725–æ –ó–∞—É—á:0 –í—ã—Ö:–í> ˇ˘
[1;31m–ú–∏–Ω—É–ª —á–∞—Å.[0;37m

[0;32m276H[0;37m [0;32m118M[0;37m 13725–æ –ó–∞—É—á:0 –í—ã—Ö:–í> ˇ˘
–í—ã –ø—Ä–æ–ø–∞–ª–∏ –≤ –ø—É—Å—Ç–æ—Ç–µ —ç—Ç–æ–≥–æ –º–∏—Ä–∞.

[0;32m276H[0;37m [0;32m118M[0;37m 13725–æ –ó–∞—É—á:0 –í—ã—Ö:> ˇ˘[1;36m–õ–∞–≤–∫–∞ [5007][0;37m
   –ß–µ–≥–æ —Ç–æ–ª—å–∫–æ –Ω–µ —Ä–∞–∑–ª–æ–∂–µ–Ω–æ –Ω–∞ –ø—Ä–∏–ª–∞–≤–∫–µ, –∑–¥–µ—Å—å —Ç–µ–±–µ –∏ –º–µ—Å—Ç–Ω—ã–µ —Ç–æ–≤–∞—Ä—ã –∏
–∑–∞–º–æ—Ä—Å–∫–∏–µ —á—É–¥–∞, –∏ –ø—Ä–æ—Å—Ç–∞—è –æ–¥–µ–∂–¥–∞ –∏ –±–æ–≥–∞—Ç–∞—è. –ù–∞–π–¥—É—Ç—Å—è –¥–æ—Å–ø–µ—Ö–∏ –¥–ª—è –≤–æ–∏–Ω–∞
–∏ —É–∫—Ä–∞—à–µ–Ω–∏—è –¥–ª—è –º–∏–ª—ã—Ö. –†–µ–º–µ—Å–ª–µ–Ω–Ω–∏–∫ –Ω–µ —Ç–æ–ª—å–∫–æ –ø—Ä–æ–¥–∞–µ—Ç —Å–≤–æ–π —Ç–æ–≤–∞—Ä, –Ω–æ –∏
—á–∏–Ω–∏—Ç –ø–æ—Ç—Ä–µ–ø–∞–Ω–Ω–æ–µ –∏ –ø–æ–∫—É–ø–∞–µ—Ç –Ω–µ–Ω—É–∂–Ω–æ–µ.
[0;36m[ Exits: e ][0;37m
[1;33m[1;31m–õ–∞–≤–æ—á–Ω–∏–∫ —Å—Ç–æ–∏—Ç —Ç—É—Ç.
[0;0m
–î–µ—Ä–µ–≤–Ω—è —É —Ä–µ–∫–∏ (2-–∞—è —Ä–æ–¥–æ–≤–∞—è).

[0;32m276H[0;37m [0;32m118M[0;37m 13725–æ –ó–∞—É—á:0 –í—ã—Ö:–í> ˇ˘
–í—ã –≥–æ–ª–æ–¥–Ω—ã.
–í–∞—Å –º—É—á–∞–µ—Ç –∂–∞–∂–¥–∞.

[0;32m276H[0;37m [0;32m118M[0;37m 13725–æ –ó–∞—É—á:0 –í—ã—Ö:–í> ˇ˘
[1;31m–ú–∏–Ω—É–ª —á–∞—Å.[0;37m

[0;32m276H[0;37m [0;32m118M[0;37m 13725–æ –ó–∞—É—á:0 –í—ã—Ö:–í> ˇ˘
–í—ã –≥–æ–ª–æ–¥–Ω—ã.
–í–∞—Å –º—É—á–∞–µ—Ç –∂–∞–∂–¥–∞.

[0;32m276H[0;37m [0;32m118M[0;37m 13725–æ –ó–∞—É—á:0 –í—ã—Ö:–í> ˇ˘
–í—ã –≥–æ–ª–æ–¥–Ω—ã.
–í–∞—Å –º—É—á–∞–µ—Ç –∂–∞–∂–¥–∞.

[0;32m276H[0;37m [0;32m118M[0;37m 13725–æ –ó–∞—É—á:0 –í—ã—Ö:–í> ˇ˘
[1;31m–ú–∏–Ω—É–ª —á–∞—Å.[0;37m

[0;32m276H[0;37m [0;32m118M[0;37m 13725–æ –ó–∞—É—á:0 –í—ã—Ö:–í> ˇ˘
–í—ã –≥–æ–ª–æ–¥–Ω—ã.
–í–∞—Å –º—É—á–∞–µ—Ç –∂–∞–∂–¥–∞.

[0;32m276H[0;37m [0;32m118M[0;37m 13725–æ –ó–∞—É—á:0 –í—ã—Ö:–í> ˇ˘–ü—Ä–æ—Å—Ç–æ–π —Ö–æ–ª—â–æ–≤—ã–π –º–µ—à–æ–∫ —Å –ª—è–º–∫–æ–π, —á—Ç–æ–± –≤–µ—à–∞—Ç—å –Ω–∞ –ø–ª–µ—á–æ.

–ú–æ–∂–Ω–æ –Ω–∞–¥–µ—Ç—å –Ω–∞ –ø–ª–µ—á–∏.
–ú–æ–∂–Ω–æ –Ω–∞–¥–µ—Ç—å –Ω–∞ –ø–æ—è—Å.
–°–æ—Å—Ç–æ—è–Ω–∏–µ: –∏–¥–µ–∞–ª—å–Ω–æ.
—Ö–æ–ª—â–æ–≤—ã–π –º–µ—à–æ–∫(–≤ —Ä—É–∫–∞—Ö)
–ó–∞–ø–æ–ª–Ω–µ–Ω —Å–æ–¥–µ—Ä–∂–∏–º—ã–º –º–µ–Ω—å—à–µ, —á–µ–º –Ω–∞ —á–µ—Ç–≤–µ—Ä—Ç—å :
–ª–æ–º–æ—Ç—å —Ö–ª–µ–±–∞  [1;37m<–≤–µ–ª–∏–∫–æ–ª–µ–ø–Ω–æ>[0;37m

[0;32m276H[0;37m [0;32m118M[0;37m 13725–æ –ó–∞—É—á:0 –í—ã—Ö:–í> ˇ˘–ù–∞ –≤–∞—Å –Ω–∞–¥–µ—Ç–æ:
<–Ω–∞ —Ç–µ–ª–µ>                   –ª–µ–≥–∫–∏–π –ª–∞—Ç–Ω—ã–π –¥–æ—Å–ø–µ—Ö  [1;37m<–≤–µ–ª–∏–∫–æ–ª–µ–ø–Ω–æ>[0;37m
<–Ω–∞ –≥–æ–ª–æ–≤–µ>                 –ª–µ–≥–∫–∏–π –ª–∞—Ç–Ω—ã–π —à–ª–µ–º  [1;32m<–æ—á–µ–Ω—å —Ö–æ—Ä–æ—à–æ>[0;37m
<–Ω–∞ –Ω–æ–≥–∞—Ö>                  –ª–µ–≥–∫–∏–µ –ª–∞—Ç–Ω—ã–µ –ø–æ–Ω–æ–∂–∏  [1;32m<–æ—á–µ–Ω—å —Ö–æ—Ä–æ—à–æ>[0;37m
<–Ω–∞ —Å—Ç—É–ø–Ω—è—Ö>                –¥—Ä–∞–Ω—ã–µ —Å–∞–ø–æ–≥–∏  [1;32m<–æ—á–µ–Ω—å —Ö–æ—Ä–æ—à–æ>[0;37m
<–Ω–∞ –ø–ª–µ—á–∞—Ö>                 —à–∫—É—Ä–∞ –º–µ–¥–≤–µ–¥—è  [1;37m<–≤–µ–ª–∏–∫–æ–ª–µ–ø–Ω–æ>[0;37m
<–≤ –ø—Ä–∞–≤–æ–π —Ä—É–∫–µ>             –±—Ä–æ–Ω–∑–æ–≤—ã–π –∫–∏—Å—Ç–µ–Ω—å  [1;32m<–æ—á–µ–Ω—å —Ö–æ—Ä–æ—à–æ>[0;37m
<–≤ –ª–µ–≤–æ–π —Ä—É–∫–µ>              –±—Ä–æ–Ω–∑–æ–≤—ã–π —Å—Ç–∏–ª–µ—Ç  [1;32m<–æ—á–µ–Ω—å —Ö–æ—Ä–æ—à–æ>[0;37m

[0;32m276H[0;37m [0;32m118M[0;37m 13725–æ –ó–∞—É—á:0 –í—ã—Ö:–í> ˇ˘–í—ã –Ω–∞–¥–µ–ª–∏ —Ö–æ–ª—â–æ–≤—ã–π –º–µ—à–æ–∫ –≤–æ–∫—Ä—É–≥ –ø–æ—è—Å–∞.

[0;32m276H[0;37m [0;32m118M[0;37m 13725–æ –ó–∞—É—á:0 –í—ã—Ö:–í> ˇ˘–ü—Ä–æ—Å—Ç–æ–π —Ö–æ–ª—â–æ–≤—ã–π –º–µ—à–æ–∫ —Å –ª—è–º–∫–æ–π, —á—Ç–æ–± –≤–µ—à–∞—Ç—å –Ω–∞ –ø–ª–µ—á–æ.

–ú–æ–∂–Ω–æ –Ω–∞–¥–µ—Ç—å –Ω–∞ –ø–ª–µ—á–∏.
–ú–æ–∂–Ω–æ –Ω–∞–¥–µ—Ç—å –Ω–∞ –ø–æ—è—Å.
–°–æ—Å—Ç–æ—è–Ω–∏–µ: –∏–¥–µ–∞–ª—å–Ω–æ.
—Ö–æ–ª—â–æ–≤—ã–π –º–µ—à–æ–∫(–≤ –∞–º—É–Ω–∏—Ü–∏–∏)
–ó–∞–ø–æ–ª–Ω–µ–Ω —Å–æ–¥–µ—Ä–∂–∏–º—ã–º –º–µ–Ω—å—à–µ, —á–µ–º –Ω–∞ —á–µ—Ç–≤–µ—Ä—Ç—å :
–ª–æ–º–æ—Ç—å —Ö–ª–µ–±–∞  [1;37m<–≤–µ–ª–∏–∫–æ–ª–µ–ø–Ω–æ>[0;37m

[0;32m276H[0;37m [0;32m118M[0;37m 13725–æ –ó–∞—É—á:0 –í—ã—Ö:–í> ˇ˘
–í—ã –≥–æ–ª–æ–¥–Ω—ã.
–í–∞—Å –º—É—á–∞–µ—Ç –∂–∞–∂–¥–∞.

[0;32m276H[0;37m [0;32m118M[0;37m 13725–æ –ó–∞—É—á:0 –í—ã—Ö:–í> ˇ˘
[1;31m–ú–∏–Ω—É–ª —á–∞—Å.[0;37m

[0;32m276H[0;37m [0;32m118M[0;37m 13725–æ –ó–∞—É—á:0 –í—ã—Ö:–í> ˇ˘
–í—ã –≥–æ–ª–æ–¥–Ω—ã.
–í–∞—Å –º—É—á–∞–µ—Ç –∂–∞–∂–¥–∞.

[0;32m276H[0;37m [0;32m118M[0;37m 13725–æ –ó–∞—É—á:0 –í—ã—Ö:–í> ˇ˘
–í—ã –≥–æ–ª–æ–¥–Ω—ã.
–í–∞—Å –º—É—á–∞–µ—Ç –∂–∞–∂–¥–∞.

[0;32m276H[0;37m [0;32m118M[0;37m 13725–æ –ó–∞—É—á:0 –í—ã—Ö:–í> ˇ˘
[1;31m–ú–∏–Ω—É–ª —á–∞—Å.[0;37m

[0;32m276H[0;37m [0;32m118M[0;37m 13725–æ –ó–∞—É—á:0 –í—ã—Ö:–í> ˇ˘
–í—ã –æ—á–µ–Ω—å –≥–æ–ª–æ–¥–Ω—ã.
–í–∞—Å —Å–∏–ª—å–Ω–æ –º—É—á–∞–µ—Ç –∂–∞–∂–¥–∞.

[0;32m276H[0;37m [0;32m118M[0;37m 13725–æ –ó–∞—É—á:0 –í—ã—Ö:–í> ˇ˘–í—ã –≤–∑—è–ª–∏ –ª–æ–º–æ—Ç—å —Ö–ª–µ–±–∞ –∏–∑ —Ö–æ–ª—â–æ–≤–æ–≥–æ –º–µ—à–∫–∞.

[0;32m276H[0;37m [0;32m118M[0;37m 13725–æ –ó–∞—É—á:0 –í—ã—Ö:–í> ˇ˘–ü—Ä–æ—Å—Ç–æ–π —Ö–æ–ª—â–æ–≤—ã–π –º–µ—à–æ–∫ —Å –ª—è–º–∫–æ–π, —á—Ç–æ–± –≤–µ—à–∞—Ç—å –Ω–∞ –ø–ª–µ—á–æ.

–ú–æ–∂–Ω–æ –Ω–∞–¥–µ—Ç—å –Ω–∞ –ø–ª–µ—á–∏.
–ú–æ–∂–Ω–æ –Ω–∞–¥–µ—Ç—å –Ω–∞ –ø–æ—è—Å.
–°–æ—Å—Ç–æ—è–Ω–∏–µ: –∏–¥–µ–∞–ª—å–Ω–æ.
—Ö–æ–ª—â–æ–≤—ã–π –º–µ—à–æ–∫(–≤ –∞–º—É–Ω–∏—Ü–∏–∏)
 –í–Ω—É—Ç—Ä–∏ –Ω–∏—á–µ–≥–æ –Ω–µ—Ç.

[0;32m276H[0;37m [0;32m118M[0;37m 13725–æ –ó–∞—É—á:0 –í—ã—Ö:–í> ˇ˘–í—ã –Ω–µ—Å–µ—Ç–µ:
–ª–æ–º–æ—Ç—å —Ö–ª–µ–±–∞  [1;37m<–≤–µ–ª–∏–∫–æ–ª–µ–ø–Ω–æ>[0;37m
–º–∞–ª—ã–π –º–µ—Ö  [1;37m<–≤–µ–ª–∏–∫–æ–ª–µ–ø–Ω–æ>[0;37m
–∫—Ä—ã–Ω–∫–∞ —Å –º–æ–ª–æ–∫–æ–º  [1;37m<–≤–µ–ª–∏–∫–æ–ª–µ–ø–Ω–æ>[0;37m
—Ä—ã–±—å—è –∫–æ—Å—Ç—å [2]

[0;32m276H[0;37m [0;32m118M[0;37m 13725–æ –ó–∞—É—á:0 –í—ã—Ö:–í> ˇ˘–í—ã –ø–æ–ª–æ–∂–∏–ª–∏ —Ä—ã–±—å—é –∫–æ—Å—Ç—å –≤ —Ö–æ–ª—â–æ–≤—ã–π –º–µ—à–æ–∫.

[0;32m276H[0;37m [0;32m118M[0;37m 13725–æ –ó–∞—É—á:0 –í—ã—Ö:–í> ˇ˘–í—ã –ø–æ–ª–æ–∂–∏–ª–∏ —Ä—ã–±—å—é –∫–æ—Å—Ç—å –≤ —Ö–æ–ª—â–æ–≤—ã–π –º–µ—à–æ–∫.

[0;32m276H[0;37m [0;32m118M[0;37m 13725–æ –ó–∞—É—á:0 –í—ã—Ö:–í> ˇ˘–ü—Ä–æ—Å—Ç–æ–π —Ö–æ–ª—â–æ–≤—ã–π –º–µ—à–æ–∫ —Å –ª—è–º–∫–æ–π, —á—Ç–æ–± –≤–µ—à–∞—Ç—å –Ω–∞ –ø–ª–µ—á–æ.

–ú–æ–∂–Ω–æ –Ω–∞–¥–µ—Ç—å –Ω–∞ –ø–ª–µ—á–∏.
–ú–æ–∂–Ω–æ –Ω–∞–¥–µ—Ç—å –Ω–∞ –ø–æ—è—Å.
–°–æ—Å—Ç–æ—è–Ω–∏–µ: –∏–¥–µ–∞–ª—å–Ω–æ.
—Ö–æ–ª—â–æ–≤—ã–π –º–µ—à–æ–∫(–≤ –∞–º—É–Ω–∏—Ü–∏–∏)
–ó–∞–ø–æ–ª–Ω–µ–Ω —Å–æ–¥–µ—Ä–∂–∏–º—ã–º –º–µ–Ω—å—à–µ, —á–µ–º –Ω–∞ —á–µ—Ç–≤–µ—Ä—Ç—å :
—Ä—ã–±—å—è –∫–æ—Å—Ç—å [2]

[0;32m276H[0;37m [0;32m118M[0;37m 13725–æ –ó–∞—É—á:0 –í—ã—Ö:–í> ˇ˘–í—ã –≤–∑—è–ª–∏ —Ä—ã–±—å—é –∫–æ—Å—Ç—å –∏–∑ —Ö–æ–ª—â–æ–≤–æ–≥–æ –º–µ—à–∫–∞.
–í—ã –≤–∑—è–ª–∏ —Ä—ã–±—å—é –∫–æ—Å—Ç—å –∏–∑ —Ö–æ–ª—â–æ–≤–æ–≥–æ –º–µ—à–∫–∞.

[0;32m276H[0;37m [0;32m118M[0;37m 13725–æ –ó–∞—É—á:0 –í—ã—Ö:–í> ˇ˘–í—ã –ø–æ–ø–ª–µ–ª–∏—Å—å –Ω–∞ –≤–æ—Å—Ç–æ–∫.
[1;36m–ü–µ—Ä–µ–¥ –∫–æ–Ω—é—à–Ω–µ–π [5003][0;37m
   –¶–µ–Ω—Ç—Ä–∞–ª—å–Ω–∞—è —á–∞—Å—Ç—å –¥–µ—Ä–µ–≤–Ω–∏ –∑–∞–ø–æ–ª–Ω–µ–Ω–∞ –Ω—É–∂–Ω—ã–º–∏ –≤—Å–µ–º –º–∞—Å—Ç–µ—Ä—Å–∫–∏–º–∏ –∏ –ª–∞–≤–∫–∞–º–∏.
–£–¥–∞—á–Ω–æ–µ –º–µ—Å—Ç–æ –¥–µ—Ä–µ–≤–Ω–∏ –≤ –Ω–µ–∑–∞–ø–∞–º—è—Ç–Ω—ã–µ –≤—Ä–µ–º–µ–Ω–∞ –ø—Ä–∏–≤–ª–µ–∫–ª–æ —Å—é–¥–∞ —Ç–æ—Ä–≥–æ–≤—Ü–µ–≤ –∏
–º–∞—Å—Ç–µ—Ä–æ–≤—ã—Ö, –∏ —Å —Ç–µ—Ö –ø–æ—Ä –ø–æ–≤–µ–ª–æ—Å—å, —á—Ç–æ –≤ —ç—Ç–æ–π —á–∞—Å—Ç–∏ –¥–µ—Ä–µ–≤–Ω–∏ —Å—Ç–æ—è—Ç –±–æ–ª—å—à–∏–µ –∏
–±–æ–≥–∞—Ç—ã–µ –¥–æ–º–∞. –°–æ –≤—Å–µ–π –æ–∫—Ä—É–≥–∏ –∏ –¥–∞–∂–µ –∏–∑ –¥–∞–ª–µ–∫–æ–π –≥–ª—É—à–∏ –ø—Ä–∏—Ö–æ–¥—è—Ç –ª—é–¥–∏ —Å—é–¥–∞
–∑–∞ —Ç–æ–≤–∞—Ä–æ–º –∫—É–ø–∏—Ç—å —á—Ç–æ, –ø—Ä–æ–¥–∞—Ç—å —á—Ç–æ, –∑–∞–∫–∞–∑–∞—Ç—å —á—Ç–æ.
[0;36m[ Exits: n e s w ][0;37m
[1;33m[1;31m[0;0m
[0;32m276H[0;37m [0;32m117M[0;37m 13725–æ –ó–∞—É—á:0 –í—ã—Ö:–°–í–Æ–ó> ˇ˘–í—ã –ø–æ–ø–ª–µ–ª–∏—Å—å –Ω–∞ –≤–æ—Å—Ç–æ–∫.
[1;36m–ö–æ–Ω—é—à–Ω—è [5002][0;37m
   –ü–æ–∫–æ—Å–∏–≤—à–∏–µ—Å—è –≤–æ—Ä–æ—Ç–∞ –∂–∞–ª–æ–±–Ω–æ —Å–∫—Ä–∏–ø—è—Ç –Ω–∞ –Ω–µ—Å–º–∞–∑–∞–Ω–Ω—ã—Ö –ø–µ—Ç–ª—è—Ö. –í–¥–æ–ª—å —Å—Ç–µ–Ω
—Ä–∞—Å–ø–æ–ª–æ–∂–µ–Ω—ã —Å—Ç–æ–π–ª–∞ —Å –ª–æ—à–∞–¥—å–º–∏. –ó–¥–µ—Å—å –º–æ–∂–Ω–æ –æ—Å—Ç–∞–≤–∏—Ç—å —Å–≤–æ–µ–≥–æ –≤–µ—Ä–Ω–æ–≥–æ —Å–∫–∞–∫—É–Ω–∞
–∏–ª–∏ –≤—ã–±—Ä–∞—Ç—å –Ω–æ–≤–æ–≥–æ –∑–∞ —É–º–µ—Ä–µ–Ω–Ω—É—é –ø–ª–∞—Ç—É. –ë–µ–∑–ª–æ—à–∞–¥–Ω—ã–º –¥–∞–ª–µ–∫–æ –Ω–µ —É–π–¥–µ—à—å –ø–æ
–±–µ—Å–∫—Ä–∞–π–Ω–∏–º –ø—Ä–æ—Å—Ç–æ—Ä–∞–º —Ä—É—Å—Å–∫–∏–º.
[0;36m[ Exits: w ][0;37m
[1;33m–ù–µ–º–Ω–æ–≥–æ –æ—Ç—Ä—É–±–µ–π –ø—Ä–æ—Å—ã–ø–∞–Ω–æ –∑–¥–µ—Å—å.
[1;31m–ö–æ–Ω—å —Å—Ç–æ–∏—Ç –∑–¥–µ—Å—å.
–ö–æ–Ω—å —Å—Ç–æ–∏—Ç –∑–¥–µ—Å—å.
–ö–æ–Ω—å —Å—Ç–æ–∏—Ç –∑–¥–µ—Å—å.
–ö–æ–Ω—é—Ö —Å—Ç–æ–∏—Ç –∑–¥–µ—Å—å, —Å –∏–Ω—Ç–µ—Ä–µ—Å–æ–º –ø–æ–≥–ª—è–¥—ã–≤–∞—è –ø–æ —Å—Ç–æ—Ä–æ–Ω–∞–º.
[0;0m
[0;32m276H[0;37m [0;32m117M[0;37m 13725–æ –ó–∞—É—á:0 –í—ã—Ö:–ó> ˇ˘–í—ã –ø–æ–ø–ª–µ–ª–∏—Å—å –Ω–∞ –∑–∞–ø–∞–¥.
[1;36m–ü–µ—Ä–µ–¥ –∫–æ–Ω—é—à–Ω–µ–π [5003][0;37m
   –¶–µ–Ω—Ç—Ä–∞–ª—å–Ω–∞—è —á–∞—Å—Ç—å –¥–µ—Ä–µ–≤–Ω–∏ –∑–∞–ø–æ–ª–Ω–µ–Ω–∞ –Ω—É–∂–Ω—ã–º–∏ –≤—Å–µ–º –º–∞—Å—Ç–µ—Ä—Å–∫–∏–º–∏ –∏ –ª–∞–≤–∫–∞–º–∏.
–£–¥–∞—á–Ω–æ–µ –º–µ—Å—Ç–æ –¥–µ—Ä–µ–≤–Ω–∏ –≤ –Ω–µ–∑–∞–ø–∞–º—è—Ç–Ω—ã–µ –≤—Ä–µ–º–µ–Ω–∞ –ø—Ä–∏–≤–ª–µ–∫–ª–æ —Å—é–¥–∞ —Ç–æ—Ä–≥–æ–≤—Ü–µ–≤ –∏
–º–∞—Å—Ç–µ—Ä–æ–≤—ã—Ö, –∏ —Å —Ç–µ—Ö –ø–æ—Ä –ø–æ–≤–µ–ª–æ—Å—å, —á—Ç–æ –≤ —ç—Ç–æ–π —á–∞—Å—Ç–∏ –¥–µ—Ä–µ–≤–Ω–∏ —Å—Ç–æ—è—Ç –±–æ–ª—å—à–∏–µ –∏
–±–æ–≥–∞—Ç—ã–µ –¥–æ–º–∞. –°–æ –≤—Å–µ–π –æ–∫—Ä—É–≥–∏ –∏ –¥–∞–∂–µ –∏–∑ –¥–∞–ª–µ–∫–æ–π –≥–ª—É—à–∏ –ø—Ä–∏—Ö–æ–¥—è—Ç –ª—é–¥–∏ —Å—é–¥–∞
–∑–∞ —Ç–æ–≤–∞—Ä–æ–º –∫—É–ø–∏—Ç—å —á—Ç–æ, –ø—Ä–æ–¥–∞—Ç—å —á—Ç–æ, –∑–∞–∫–∞–∑–∞—Ç—å —á—Ç–æ.
[0;36m[ Exits: n e s w ][0;37m
[1;33m[1;31m[0;0m
[0;32m276H[0;37m [0;32m117M[0;37m 13725–æ –ó–∞—É—á:0 –í—ã—Ö:–°–í–Æ–ó> ˇ˘–í—ã –ø–æ–ø–ª–µ–ª–∏—Å—å –Ω–∞ —Å–µ–≤–µ—Ä.
[1;36m–¶–µ–Ω—Ç—Ä –¥–µ—Ä–µ–≤–Ω–∏ [5004][0;37m
   –¶–µ–Ω—Ç—Ä–∞–ª—å–Ω–∞—è —á–∞—Å—Ç—å –¥–µ—Ä–µ–≤–Ω–∏ –∑–∞–ø–æ–ª–Ω–µ–Ω–∞ –Ω—É–∂–Ω—ã–º–∏ –≤—Å–µ–º –º–∞—Å—Ç–µ—Ä—Å–∫–∏–º–∏ –∏ –ª–∞–≤–∫–∞–º–∏.
–£–¥–∞—á–Ω–æ–µ –º–µ—Å—Ç–æ –¥–µ—Ä–µ–≤–Ω–∏ –≤ –Ω–µ–∑–∞–ø–∞–º—è—Ç–Ω—ã–µ –≤—Ä–µ–º–µ–Ω–∞ –ø—Ä–∏–≤–ª–µ–∫–ª–æ —Å—é–¥–∞ —Ç–æ—Ä–≥–æ–≤—Ü–µ–≤ –∏
–º–∞—Å—Ç–µ—Ä–æ–≤—ã—Ö, –∏ —Å —Ç–µ—Ö –ø–æ—Ä –ø–æ–≤–µ–ª–æ—Å—å, —á—Ç–æ –≤ —ç—Ç–æ–π —á–∞—Å—Ç–∏ –¥–µ—Ä–µ–≤–Ω–∏ —Å—Ç–æ—è—Ç –±–æ–ª—å—à–∏–µ –∏
–±–æ–≥–∞—Ç—ã–µ –¥–æ–º–∞. –°–æ –≤—Å–µ–π –æ–∫—Ä—É–≥–∏ –∏ –¥–∞–∂–µ –∏–∑ –¥–∞–ª–µ–∫–æ–π –≥–ª—É—à–∏ –ø—Ä–∏—Ö–æ–¥—è—Ç –ª—é–¥–∏ —Å—é–¥–∞
–∑–∞ —Ç–æ–≤–∞—Ä–æ–º –∫—É–ø–∏—Ç—å —á—Ç–æ, –ø—Ä–æ–¥–∞—Ç—å —á—Ç–æ, –∑–∞–∫–∞–∑–∞—Ç—å —á—Ç–æ.
[0;36m[ Exits: n s w ][0;37m
[1;33m[1;31m–ë–∞–∑–∞—Ä–Ω—ã–π –∑–∞–∑—ã–≤–∞–ª–∞ —Å—Ç–æ–∏—Ç –∑–¥–µ—Å—å, –∑—ã—á–Ω—ã–º –≥–æ–ª–æ—Å–æ–º —Ä–∞—Å—Ö–≤–∞–ª–∏–≤–∞—è –≤—ã—Å—Ç–∞–≤–ª–µ–Ω–Ω—ã–π —Ç–æ–≤–∞—Ä.
[0;0m
[0;32m276H[0;37m [0;32m117M[0;37m 13725–æ –ó–∞—É—á:0 –í—ã—Ö:–°–Æ–ó> ˇ˘–í—ã –Ω–µ —Å–º–æ–∂–µ—Ç–µ —Ç—É–¥–∞ –ø—Ä–æ–π—Ç–∏...

[0;32m276H[0;37m [0;32m117M[0;37m 13725–æ –ó–∞—É—á:0 –í—ã—Ö:–°–Æ–ó> ˇ˘–í—ã –ø–æ–ø–ª–µ–ª–∏—Å—å –Ω–∞ —Å–µ–≤–µ—Ä.
[1;36m–ü–µ—Ä–µ–¥ –ø–æ—Å—Ç–æ—è–ª—ã–º –¥–≤–æ—Ä–æ–º [5005][0;37m
   –ß—É—Ç—å –Ω–µ —Å–ø–æ—Ç–∫–Ω—É–≤—à–∏—Å—å –æ –¥–æ—Å–∫—É, –ª–µ–∂–∞—â—É—é —Å—Ä–∞–∑—É —É –ø–æ—Ä–æ–≥–∞ –ø–æ—Å—Ç–æ—è–ª–æ–≥–æ –¥–≤–æ—Ä–∞,
–≤—ã –æ–∫–∞–∑–∞–ª–∏—Å—å –Ω–∞ —Ü–µ–Ω—Ç—Ä–∞–ª—å–Ω–æ–π —É–ª–∏—Ü–µ –¥–µ—Ä–µ–≤–Ω–∏. –ò–º–µ–Ω–Ω–æ –Ω–∞ —ç—Ç–æ–π —É–ª–∏—Ü–µ –º–æ–∂–Ω–æ 
–±—ã—Å—Ç—Ä–æ –Ω–∞–π—Ç–∏ –ª–∞–≤–∫—É —Ä–µ–º–µ—Å–ª–µ–Ω–Ω–∏–∫–∞, –¥–æ–º –∑–Ω–∞—Ö–∞—Ä—è, –∫–æ–Ω—é—à–Ω—é –∏ –¥–æ–º —Å—Ç–∞—Ä–µ–π—à–∏–Ω—ã.
–í —é–∂–Ω–æ–π —á–∞—Å—Ç–∏ –¥–µ—Ä–µ–≤–Ω–∏ –ø–æ—Å–µ–ª–∏–ª–∏—Å—å –≤–æ—Ä–æ–∂–µ–∏.
[0;36m[ Exits: n e s w ][0;37m
[1;33m[1;31m[0;0m
[0;32m276H[0;37m [0;32m117M[0;37m 13725–æ –ó–∞—É—á:0 –í—ã—Ö:–°–í–Æ–ó> ˇ˘–í—ã –ø–æ–ø–ª–µ–ª–∏—Å—å –Ω–∞ –≤–æ—Å—Ç–æ–∫.
[1;36m–ü–æ—Å—Ç–æ—è–ª—ã–π –¥–≤–æ—Ä [5001][0;37m
   –î–µ—Ä–µ–≤–Ω—è —Ö–æ—Ç—å –∏ –Ω–µ–±–æ–ª—å—à–∞—è, –Ω–æ –ø–æ—Å—Ç–æ—è–ª—ã–π –¥–≤–æ—Ä –∏–º–µ–µ—Ç—Å—è, –¥–ª—è –∑–∞–µ–∑–∂–∏—Ö –≥–æ—Å—Ç–µ–π,
—á—Ç–æ–±—ã –±—ã–ª–æ –≥–¥–µ –ø–µ—Ä–µ–≤–µ—Å—Ç–∏ –¥—É—Ö, –µ–¥–æ–π –∏ –ø–∏—Ç—å–µ–º –∑–∞–ø–∞—Å—Ç–∏—Å—å. –ê –µ—Å–ª–∏ –Ω–∞ –¥–≤–æ—Ä–µ —É–∂
–Ω–æ—á—å –∏–ª—å –ø—Ä–æ—Å—Ç–æ –Ω–∞–¥–æ –æ—Å—Ç–∞–Ω–æ–≤–∏—Ç—Å—è –Ω–∞ –¥–µ–Ω—å –¥—Ä—É–≥–æ–π –≤ –¥–µ—Ä–µ–≤–Ω–µ, –∞ —Ä–æ–¥—Å—Ç–≤–µ–Ω–Ω–∏–∫–æ–≤
–Ω–µ—Ç, —Ç–∞–∫ –º–æ–∂–Ω–æ –∏ –ø–µ—Ä–µ–Ω–æ—á–µ–≤–∞—Ç—å –≤ –≥–æ—Ä–Ω–∏—Ü–∞—Ö –Ω–∞–≤–µ—Ä—Ö—É.
[0;36m[ Exits: w u ][0;37m
[1;33m[1;31m–°–µ–¥–æ–≤–ª–∞—Å—ã–π —Å–∫–∞–∑–∏—Ç–µ–ª—å –≥–æ—Ç–æ–≤ –ø–æ–¥–µ–ª–∏—Ç—å—Å—è —Å –í–∞–º–∏ –∏–Ω—Ç–µ—Ä–µ—Å–Ω–æ–π –∏—Å—Ç–æ—Ä–∏–µ–π.
–¢—Ä–∞–∫—Ç–∏—Ä—â–∏–∫ –æ—Ç–¥—ã—Ö–∞–µ—Ç –∑–∞ —Å—Ç–æ–π–∫–æ–π.
[0;0m
[0;32m276H[0;37m [0;32m116M[0;37m 13725–æ –ó–∞—É—á:0 –í—ã—Ö:–ó^> ˇ˘[1;36m–¢—Ä–∞–∫—Ç–∏—Ä—â–∏–∫ —Å–∫–∞–∑–∞–ª –≤–∞–º : '–≠—Ç–æ –±—É–¥–µ—Ç —Å—Ç–æ–∏—Ç—å 10 –∫—É–Ω.'[0;37m
–¢–µ–ø–µ—Ä—å –≤—ã —Å—Ç–∞–ª–∏ —Å—á–∞—Å—Ç–ª–∏–≤—ã–º –æ–±–ª–∞–¥–∞—Ç–µ–ª–µ–º –ª–æ–º—Ç—è —Ö–ª–µ–±–∞ (x 10 —à—Ç—É–∫).

[0;32m276H[0;37m [0;32m118M[0;37m 13725–æ –ó–∞—É—á:0 –í—ã—Ö:–ó^> ˇ˘–í—ã –ø–æ–ª–æ–∂–∏–ª–∏ –ª–æ–º–æ—Ç—å —Ö–ª–µ–±–∞ –≤ —Ö–æ–ª—â–æ–≤—ã–π –º–µ—à–æ–∫.
–í—ã –ø–æ–ª–æ–∂–∏–ª–∏ –ª–æ–º–æ—Ç—å —Ö–ª–µ–±–∞ –≤ —Ö–æ–ª—â–æ–≤—ã–π –º–µ—à–æ–∫.
–í—ã –ø–æ–ª–æ–∂–∏–ª–∏ –ª–æ–º–æ—Ç—å —Ö–ª–µ–±–∞ –≤ —Ö–æ–ª—â–æ–≤—ã–π –º–µ—à–æ–∫.
–í—ã –ø–æ–ª–æ–∂–∏–ª–∏ –ª–æ–º–æ—Ç—å —Ö–ª–µ–±–∞ –≤ —Ö–æ–ª—â–æ–≤—ã–π –º–µ—à–æ–∫.
–í—ã –ø–æ–ª–æ–∂–∏–ª–∏ –ª–æ–º–æ—Ç—å —Ö–ª–µ–±–∞ –≤ —Ö–æ–ª—â–æ–≤—ã–π –º–µ—à–æ–∫.
–í—ã –ø–æ–ª–æ–∂–∏–ª–∏ –ª–æ–º–æ—Ç—å —Ö–ª–µ–±–∞ –≤ —Ö–æ–ª—â–æ–≤—ã–π –º–µ—à–æ–∫.
–í—ã –ø–æ–ª–æ–∂–∏–ª–∏ –ª–æ–º–æ—Ç—å —Ö–ª–µ–±–∞ –≤ —Ö–æ–ª—â–æ–≤—ã–π –º–µ—à–æ–∫.
–í—ã –ø–æ–ª–æ–∂–∏–ª–∏ –ª–æ–º–æ—Ç—å —Ö–ª–µ–±–∞ –≤ —Ö–æ–ª—â–æ–≤—ã–π –º–µ—à–æ–∫.
–í—ã –ø–æ–ª–æ–∂–∏–ª–∏ –ª–æ–º–æ—Ç—å —Ö–ª–µ–±–∞ –≤ —Ö–æ–ª—â–æ–≤—ã–π –º–µ—à–æ–∫.
–í—ã –ø–æ–ª–æ–∂–∏–ª–∏ –ª–æ–º–æ—Ç—å —Ö–ª–µ–±–∞ –≤ —Ö–æ–ª—â–æ–≤—ã–π –º–µ—à–æ–∫.
–í—ã –ø–æ–ª–æ–∂–∏–ª–∏ –ª–æ–º–æ—Ç—å —Ö–ª–µ–±–∞ –≤ —Ö–æ–ª—â–æ–≤—ã–π –º–µ—à–æ–∫.

[0;32m276H[0;37m [0;32m118M[0;37m 13725–æ –ó–∞—É—á:0 –í—ã—Ö:–ó^> ˇ˘–ü—Ä–æ—Å—Ç–æ–π —Ö–æ–ª—â–æ–≤—ã–π –º–µ—à–æ–∫ —Å –ª—è–º–∫–æ–π, —á—Ç–æ–± –≤–µ—à–∞—Ç—å –Ω–∞ –ø–ª–µ—á–æ.

–ú–æ–∂–Ω–æ –Ω–∞–¥–µ—Ç—å –Ω–∞ –ø–ª–µ—á–∏.
–ú–æ–∂–Ω–æ –Ω–∞–¥–µ—Ç—å –Ω–∞ –ø–æ—è—Å.
–°–æ—Å—Ç–æ—è–Ω–∏–µ: –∏–¥–µ–∞–ª—å–Ω–æ.
—Ö–æ–ª—â–æ–≤—ã–π –º–µ—à–æ–∫(–≤ –∞–º—É–Ω–∏—Ü–∏–∏)
–ó–∞–ø–æ–ª–Ω–µ–Ω —Å–æ–¥–µ—Ä–∂–∏–º—ã–º –º–µ–Ω—å—à–µ, —á–µ–º –Ω–∞ —á–µ—Ç–≤–µ—Ä—Ç—å :
–ª–æ–º–æ—Ç—å —Ö–ª–µ–±–∞ [11]

[0;32m276H[0;37m [0;32m118M[0;37m 13725–æ –ó–∞—É—á:0 –í—ã—Ö:–ó^> ˇ˘
–í—ã –æ—á–µ–Ω—å –≥–æ–ª–æ–¥–Ω—ã.
–í–∞—Å —Å–∏–ª—å–Ω–æ –º—É—á–∞–µ—Ç –∂–∞–∂–¥–∞.

[0;32m276H[0;37m [0;32m118M[0;37m 13725–æ –ó–∞—É—á:0 –í—ã—Ö:–ó^> ˇ˘–ù–∞ –≤–∞—Å –Ω–∞–¥–µ—Ç–æ:
<–Ω–∞ —Ç–µ–ª–µ>                   –ª–µ–≥–∫–∏–π –ª–∞—Ç–Ω—ã–π –¥–æ—Å–ø–µ—Ö  [1;37m<–≤–µ–ª–∏–∫–æ–ª–µ–ø–Ω–æ>[0;37m
<–Ω–∞ –≥–æ–ª–æ–≤–µ>                 –ª–µ–≥–∫–∏–π –ª–∞—Ç–Ω—ã–π —à–ª–µ–º  [1;32m<–æ—á–µ–Ω—å —Ö–æ—Ä–æ—à–æ>[0;37m
<–Ω–∞ –Ω–æ–≥–∞—Ö>                  –ª–µ–≥–∫–∏–µ –ª–∞—Ç–Ω—ã–µ –ø–æ–Ω–æ–∂–∏  [1;32m<–æ—á–µ–Ω—å —Ö–æ—Ä–æ—à–æ>[0;37m
<–Ω–∞ —Å—Ç—É–ø–Ω—è—Ö>                –¥—Ä–∞–Ω—ã–µ —Å–∞–ø–æ–≥–∏  [1;32m<–æ—á–µ–Ω—å —Ö–æ—Ä–æ—à–æ>[0;37m
<–Ω–∞ –ø–ª–µ—á–∞—Ö>                 —à–∫—É—Ä–∞ –º–µ–¥–≤–µ–¥—è  [1;37m<–≤–µ–ª–∏–∫–æ–ª–µ–ø–Ω–æ>[0;37m
<–Ω–∞ –ø–æ—è—Å–µ>                  —Ö–æ–ª—â–æ–≤—ã–π –º–µ—à–æ–∫  [1;37m<–≤–µ–ª–∏–∫–æ–ª–µ–ø–Ω–æ>[0;37m (–µ—Å—Ç—å —Å–æ–¥–µ—Ä–∂–∏–º–æ–µ)
<–≤ –ø—Ä–∞–≤–æ–π —Ä—É–∫–µ>             –±—Ä–æ–Ω–∑–æ–≤—ã–π –∫–∏—Å—Ç–µ–Ω—å  [1;32m<–æ—á–µ–Ω—å —Ö–æ—Ä–æ—à–æ>[0;37m
<–≤ –ª–µ–≤–æ–π —Ä—É–∫–µ>              –±—Ä–æ–Ω–∑–æ–≤—ã–π —Å—Ç–∏–ª–µ—Ç  [1;32m<–æ—á–µ–Ω—å —Ö–æ—Ä–æ—à–æ>[0;37m

[0;32m276H[0;37m [0;32m118M[0;37m 13725–æ –ó–∞—É—á:0 –í—ã—Ö:–ó^> ˇ˘–í—ã –ø—Ä–µ–∫—Ä–∞—Ç–∏–ª–∏ –∏—Å–ø–æ–ª—å–∑–æ–≤–∞—Ç—å –±—Ä–æ–Ω–∑–æ–≤—ã–π –∫–∏—Å—Ç–µ–Ω—å.

[0;32m276H[0;37m [0;32m118M[0;37m 13725–æ –ó–∞—É—á:0 –í—ã—Ö:–ó^> ˇ˘–í—ã –ø—Ä–µ–∫—Ä–∞—Ç–∏–ª–∏ –∏—Å–ø–æ–ª—å–∑–æ–≤–∞—Ç—å –±—Ä–æ–Ω–∑–æ–≤—ã–π —Å—Ç–∏–ª–µ—Ç.

[0;32m276H[0;37m [0;32m118M[0;37m 13725–æ –ó–∞—É—á:0 –í—ã—Ö:–ó^> ˇ˘–í—ã –ø–æ–ª–æ–∂–∏–ª–∏ –±—Ä–æ–Ω–∑–æ–≤—ã–π –∫–∏—Å—Ç–µ–Ω—å –≤ —Ö–æ–ª—â–æ–≤—ã–π –º–µ—à–æ–∫.

[0;32m276H[0;37m [0;32m118M[0;37m 13725–æ –ó–∞—É—á:0 –í—ã—Ö:–ó^> ˇ˘–í—ã –ø–æ–ª–æ–∂–∏–ª–∏ –±—Ä–æ–Ω–∑–æ–≤—ã–π —Å—Ç–∏–ª–µ—Ç –≤ —Ö–æ–ª—â–æ–≤—ã–π –º–µ—à–æ–∫.

[0;32m276H[0;37m [0;32m118M[0;37m 13725–æ –ó–∞—É—á:0 –í—ã—Ö:–ó^> ˇ˘–ü—Ä–æ—Å—Ç–æ–π —Ö–æ–ª—â–æ–≤—ã–π –º–µ—à–æ–∫ —Å –ª—è–º–∫–æ–π, —á—Ç–æ–± –≤–µ—à–∞—Ç—å –Ω–∞ –ø–ª–µ—á–æ.

–ú–æ–∂–Ω–æ –Ω–∞–¥–µ—Ç—å –Ω–∞ –ø–ª–µ—á–∏.
–ú–æ–∂–Ω–æ –Ω–∞–¥–µ—Ç—å –Ω–∞ –ø–æ—è—Å.
–°–æ—Å—Ç–æ—è–Ω–∏–µ: –∏–¥–µ–∞–ª—å–Ω–æ.
—Ö–æ–ª—â–æ–≤—ã–π –º–µ—à–æ–∫(–≤ –∞–º—É–Ω–∏—Ü–∏–∏)
–ó–∞–ø–æ–ª–Ω–µ–Ω —Å–æ–¥–µ—Ä–∂–∏–º—ã–º –º–µ–Ω—å—à–µ, —á–µ–º –Ω–∞–ø–æ–ª–æ–≤–∏–Ω—É :
–±—Ä–æ–Ω–∑–æ–≤—ã–π —Å—Ç–∏–ª–µ—Ç  [1;32m<–æ—á–µ–Ω—å —Ö–æ—Ä–æ—à–æ>[0;37m
–±—Ä–æ–Ω–∑–æ–≤—ã–π –∫–∏—Å—Ç–µ–Ω—å  [1;32m<–æ—á–µ–Ω—å —Ö–æ—Ä–æ—à–æ>[0;37m
–ª–æ–º–æ—Ç—å —Ö–ª–µ–±–∞ [11]

[0;32m276H[0;37m [0;32m118M[0;37m 13725–æ –ó–∞—É—á:0 –í—ã—Ö:–ó^> ˇ˘–í—ã –ø—Ä–µ–∫—Ä–∞—Ç–∏–ª–∏ –∏—Å–ø–æ–ª—å–∑–æ–≤–∞—Ç—å –ª–µ–≥–∫–∏–π –ª–∞—Ç–Ω—ã–π –¥–æ—Å–ø–µ—Ö.
–í—ã –ø—Ä–µ–∫—Ä–∞—Ç–∏–ª–∏ –∏—Å–ø–æ–ª—å–∑–æ–≤–∞—Ç—å –ª–µ–≥–∫–∏–π –ª–∞—Ç–Ω—ã–π —à–ª–µ–º.
–í—ã –ø—Ä–µ–∫—Ä–∞—Ç–∏–ª–∏ –∏—Å–ø–æ–ª—å–∑–æ–≤–∞—Ç—å –ª–µ–≥–∫–∏–µ –ª–∞—Ç–Ω—ã–µ –ø–æ–Ω–æ–∂–∏.

[0;32m276H[0;37m [0;32m118M[0;37m 13725–æ –ó–∞—É—á:0 –í—ã—Ö:–ó^> ˇ˘–í—ã –ø–æ–ª–æ–∂–∏–ª–∏ –ª–µ–≥–∫–∏–µ –ª–∞—Ç–Ω—ã–µ –ø–æ–Ω–æ–∂–∏ –≤ —Ö–æ–ª—â–æ–≤—ã–π –º–µ—à–æ–∫.
–í—ã –ø–æ–ª–æ–∂–∏–ª–∏ –ª–µ–≥–∫–∏–π –ª–∞—Ç–Ω—ã–π —à–ª–µ–º –≤ —Ö–æ–ª—â–æ–≤—ã–π –º–µ—à–æ–∫.
–í—ã –ø–æ–ª–æ–∂–∏–ª–∏ –ª–µ–≥–∫–∏–π –ª–∞—Ç–Ω—ã–π –¥–æ—Å–ø–µ—Ö –≤ —Ö–æ–ª—â–æ–≤—ã–π –º–µ—à–æ–∫.

[0;32m276H[0;37m [0;32m118M[0;37m 13725–æ –ó–∞—É—á:0 –í—ã—Ö:–ó^> ˇ˘–ü—Ä–æ—Å—Ç–æ–π —Ö–æ–ª—â–æ–≤—ã–π –º–µ—à–æ–∫ —Å –ª—è–º–∫–æ–π, —á—Ç–æ–± –≤–µ—à–∞—Ç—å –Ω–∞ –ø–ª–µ—á–æ.

–ú–æ–∂–Ω–æ –Ω–∞–¥–µ—Ç—å –Ω–∞ –ø–ª–µ—á–∏.
–ú–æ–∂–Ω–æ –Ω–∞–¥–µ—Ç—å –Ω–∞ –ø–æ—è—Å.
–°–æ—Å—Ç–æ—è–Ω–∏–µ: –∏–¥–µ–∞–ª—å–Ω–æ.
—Ö–æ–ª—â–æ–≤—ã–π –º–µ—à–æ–∫(–≤ –∞–º—É–Ω–∏—Ü–∏–∏)
–ó–∞–ø–æ–ª–Ω–µ–Ω —Å–æ–¥–µ—Ä–∂–∏–º—ã–º –ø—Ä–∏–º–µ—Ä–Ω–æ –Ω–∞–ø–æ–ª–æ–≤–∏–Ω—É :
–ª–µ–≥–∫–∏–π –ª–∞—Ç–Ω—ã–π –¥–æ—Å–ø–µ—Ö  [1;37m<–≤–µ–ª–∏–∫–æ–ª–µ–ø–Ω–æ>[0;37m
–ª–µ–≥–∫–∏–π –ª–∞—Ç–Ω—ã–π —à–ª–µ–º  [1;32m<–æ—á–µ–Ω—å —Ö–æ—Ä–æ—à–æ>[0;37m
–ª–µ–≥–∫–∏–µ –ª–∞—Ç–Ω—ã–µ –ø–æ–Ω–æ–∂–∏  [1;32m<–æ—á–µ–Ω—å —Ö–æ—Ä–æ—à–æ>[0;37m
–±—Ä–æ–Ω–∑–æ–≤—ã–π —Å—Ç–∏–ª–µ—Ç  [1;32m<–æ—á–µ–Ω—å —Ö–æ—Ä–æ—à–æ>[0;37m
–±—Ä–æ–Ω–∑–æ–≤—ã–π –∫–∏—Å—Ç–µ–Ω—å  [1;32m<–æ—á–µ–Ω—å —Ö–æ—Ä–æ—à–æ>[0;37m
–ª–æ–º–æ—Ç—å —Ö–ª–µ–±–∞ [11]

[0;32m276H[0;37m [0;32m118M[0;37m 13725–æ –ó–∞—É—á:0 –í—ã—Ö:–ó^> ˇ˘–í—ã –Ω–µ—Å–µ—Ç–µ:
—Ä—ã–±—å—è –∫–æ—Å—Ç—å [2]
–º–∞–ª—ã–π –º–µ—Ö  [1;37m<–≤–µ–ª–∏–∫–æ–ª–µ–ø–Ω–æ>[0;37m
–∫—Ä—ã–Ω–∫–∞ —Å –º–æ–ª–æ–∫–æ–º  [1;37m<–≤–µ–ª–∏–∫–æ–ª–µ–ø–Ω–æ>[0;37m

[0;32m276H[0;37m [0;32m118M[0;37m 13725–æ –ó–∞—É—á:0 –í—ã—Ö:–ó^> ˇ˘–•–æ–ª—â–æ–≤—ã–π –º–µ—à–æ–∫ : –∫—Ä—ã–Ω–∫–∞ —Å –º–æ–ª–æ–∫–æ–º –Ω–µ –ø–æ–º–µ—â–∞–µ—Ç—Å—è —Ç—É–¥–∞.

[0;32m276H[0;37m [0;32m118M[0;37m 13725–æ –ó–∞—É—á:0 –í—ã—Ö:–ó^> ˇ˘–ù–∞ –≤–∞—Å –Ω–∞–¥–µ—Ç–æ:
<–Ω–∞ —Å—Ç—É–ø–Ω—è—Ö>                –¥—Ä–∞–Ω—ã–µ —Å–∞–ø–æ–≥–∏  [1;32m<–æ—á–µ–Ω—å —Ö–æ—Ä–æ—à–æ>[0;37m
<–Ω–∞ –ø–ª–µ—á–∞—Ö>                 —à–∫—É—Ä–∞ –º–µ–¥–≤–µ–¥—è  [1;37m<–≤–µ–ª–∏–∫–æ–ª–µ–ø–Ω–æ>[0;37m
<–Ω–∞ –ø–æ—è—Å–µ>                  —Ö–æ–ª—â–æ–≤—ã–π –º–µ—à–æ–∫  [1;37m<–≤–µ–ª–∏–∫–æ–ª–µ–ø–Ω–æ>[0;37m (–µ—Å—Ç—å —Å–æ–¥–µ—Ä–∂–∏–º–æ–µ)

[0;32m276H[0;37m [0;32m118M[0;37m 13725–æ –ó–∞—É—á:0 –í—ã—Ö:–ó^> ˇ˘–í—ã –ø—Ä–µ–∫—Ä–∞—Ç–∏–ª–∏ –∏—Å–ø–æ–ª—å–∑–æ–≤–∞—Ç—å —à–∫—É—Ä—É –º–µ–¥–≤–µ–¥—è.

[0;32m276H[0;37m [0;32m118M[0;37m 13725–æ –ó–∞—É—á:0 –í—ã—Ö:–ó^> ˇ˘–í—ã –ø—Ä–µ–∫—Ä–∞—Ç–∏–ª–∏ –∏—Å–ø–æ–ª—å–∑–æ–≤–∞—Ç—å –¥—Ä–∞–Ω—ã–µ —Å–∞–ø–æ–≥–∏.

[0;32m276H[0;37m [0;32m118M[0;37m 13725–æ –ó–∞—É—á:0 –í—ã—Ö:–ó^> ˇ˘–í—ã –ø–æ–ª–æ–∂–∏–ª–∏ —à–∫—É—Ä—É –º–µ–¥–≤–µ–¥—è –≤ —Ö–æ–ª—â–æ–≤—ã–π –º–µ—à–æ–∫.

[0;32m276H[0;37m [0;32m118M[0;37m 13725–æ –ó–∞—É—á:0 –í—ã—Ö:–ó^> ˇ˘
[1;31m–ú–∏–Ω—É–ª —á–∞—Å.[0;37m

[0;32m276H[0;37m [0;32m118M[0;37m 13725–æ –ó–∞—É—á:0 –í—ã—Ö:–ó^> ˇ˘
–í—ã –æ—á–µ–Ω—å –≥–æ–ª–æ–¥–Ω—ã.
–í–∞—Å —Å–∏–ª—å–Ω–æ –º—É—á–∞–µ—Ç –∂–∞–∂–¥–∞.

[0;32m276H[0;37m [0;32m118M[0;37m 13725–æ –ó–∞—É—á:0 –í—ã—Ö:–ó^> ˇ˘–í—ã –ø–æ–ª–æ–∂–∏–ª–∏ –¥—Ä–∞–Ω—ã–µ —Å–∞–ø–æ–≥–∏ –≤ —Ö–æ–ª—â–æ–≤—ã–π –º–µ—à–æ–∫.

[0;32m276H[0;37m [0;32m118M[0;37m 13725–æ –ó–∞—É—á:0 –í—ã—Ö:–ó^> ˇ˘–ü—Ä–æ—Å—Ç–æ–π —Ö–æ–ª—â–æ–≤—ã–π –º–µ—à–æ–∫ —Å –ª—è–º–∫–æ–π, —á—Ç–æ–± –≤–µ—à–∞—Ç—å –Ω–∞ –ø–ª–µ—á–æ.

–ú–æ–∂–Ω–æ –Ω–∞–¥–µ—Ç—å –Ω–∞ –ø–ª–µ—á–∏.
–ú–æ–∂–Ω–æ –Ω–∞–¥–µ—Ç—å –Ω–∞ –ø–æ—è—Å.
–°–æ—Å—Ç–æ—è–Ω–∏–µ: –∏–¥–µ–∞–ª—å–Ω–æ.
—Ö–æ–ª—â–æ–≤—ã–π –º–µ—à–æ–∫(–≤ –∞–º—É–Ω–∏—Ü–∏–∏)
–ó–∞–ø–æ–ª–Ω–µ–Ω —Å–æ–¥–µ—Ä–∂–∏–º—ã–º –ø—Ä–∏–º–µ—Ä–Ω–æ –Ω–∞–ø–æ–ª–æ–≤–∏–Ω—É :
–¥—Ä–∞–Ω—ã–µ —Å–∞–ø–æ–≥–∏  [1;32m<–æ—á–µ–Ω—å —Ö–æ—Ä–æ—à–æ>[0;37m
—à–∫—É—Ä–∞ –º–µ–¥–≤–µ–¥—è  [1;37m<–≤–µ–ª–∏–∫–æ–ª–µ–ø–Ω–æ>[0;37m
–ª–µ–≥–∫–∏–π –ª–∞—Ç–Ω—ã–π –¥–æ—Å–ø–µ—Ö  [1;37m<–≤–µ–ª–∏–∫–æ–ª–µ–ø–Ω–æ>[0;37m
–ª–µ–≥–∫–∏–π –ª–∞—Ç–Ω—ã–π —à–ª–µ–º  [1;32m<–æ—á–µ–Ω—å —Ö–æ—Ä–æ—à–æ>[0;37m
–ª–µ–≥–∫–∏–µ –ª–∞—Ç–Ω—ã–µ –ø–æ–Ω–æ–∂–∏  [1;32m<–æ—á–µ–Ω—å —Ö–æ—Ä–æ—à–æ>[0;37m
–±—Ä–æ–Ω–∑–æ–≤—ã–π —Å—Ç–∏–ª–µ—Ç  [1;32m<–æ—á–µ–Ω—å —Ö–æ—Ä–æ—à–æ>[0;37m
–±—Ä–æ–Ω–∑–æ–≤—ã–π –∫–∏—Å—Ç–µ–Ω—å  [1;32m<–æ—á–µ–Ω—å —Ö–æ—Ä–æ—à–æ>[0;37m
–ª–æ–º–æ—Ç—å —Ö–ª–µ–±–∞ [11]

[0;32m276H[0;37m [0;32m118M[0;37m 13725–æ –ó–∞—É—á:0 –í—ã—Ö:–ó^> ˇ˘–í—ã –≤–∑—è–ª–∏ –¥—Ä–∞–Ω—ã–µ —Å–∞–ø–æ–≥–∏ –∏–∑ —Ö–æ–ª—â–æ–≤–æ–≥–æ –º–µ—à–∫–∞.
–í—ã –≤–∑—è–ª–∏ —à–∫—É—Ä—É –º–µ–¥–≤–µ–¥—è –∏–∑ —Ö–æ–ª—â–æ–≤–æ–≥–æ –º–µ—à–∫–∞.
–í—ã –≤–∑—è–ª–∏ –ª–µ–≥–∫–∏–π –ª–∞—Ç–Ω—ã–π –¥–æ—Å–ø–µ—Ö –∏–∑ —Ö–æ–ª—â–æ–≤–æ–≥–æ –º–µ—à–∫–∞.
–í—ã –≤–∑—è–ª–∏ –ª–µ–≥–∫–∏–π –ª–∞—Ç–Ω—ã–π —à–ª–µ–º –∏–∑ —Ö–æ–ª—â–æ–≤–æ–≥–æ –º–µ—à–∫–∞.
–í—ã –≤–∑—è–ª–∏ –ª–µ–≥–∫–∏–µ –ª–∞—Ç–Ω—ã–µ –ø–æ–Ω–æ–∂–∏ –∏–∑ —Ö–æ–ª—â–æ–≤–æ–≥–æ –º–µ—à–∫–∞.
–í—ã –≤–∑—è–ª–∏ –±—Ä–æ–Ω–∑–æ–≤—ã–π —Å—Ç–∏–ª–µ—Ç –∏–∑ —Ö–æ–ª—â–æ–≤–æ–≥–æ –º–µ—à–∫–∞.
–í—ã –≤–∑—è–ª–∏ –±—Ä–æ–Ω–∑–æ–≤—ã–π –∫–∏—Å—Ç–µ–Ω—å –∏–∑ —Ö–æ–ª—â–æ–≤–æ–≥–æ –º–µ—à–∫–∞.
–í—ã –≤–∑—è–ª–∏ –ª–æ–º–æ—Ç—å —Ö–ª–µ–±–∞ –∏–∑ —Ö–æ–ª—â–æ–≤–æ–≥–æ –º–µ—à–∫–∞.
–í—ã –≤–∑—è–ª–∏ –ª–æ–º–æ—Ç—å —Ö–ª–µ–±–∞ –∏–∑ —Ö–æ–ª—â–æ–≤–æ–≥–æ –º–µ—à–∫–∞.
–í—ã –≤–∑—è–ª–∏ –ª–æ–º–æ—Ç—å —Ö–ª–µ–±–∞ –∏–∑ —Ö–æ–ª—â–æ–≤–æ–≥–æ –º–µ—à–∫–∞.
–í—ã –≤–∑—è–ª–∏ –ª–æ–º–æ—Ç—å —Ö–ª–µ–±–∞ –∏–∑ —Ö–æ–ª—â–æ–≤–æ–≥–æ –º–µ—à–∫–∞.
–í—ã –≤–∑—è–ª–∏ –ª–æ–º–æ—Ç—å —Ö–ª–µ–±–∞ –∏–∑ —Ö–æ–ª—â–æ–≤–æ–≥–æ –º–µ—à–∫–∞.
–í—ã –≤–∑—è–ª–∏ –ª–æ–º–æ—Ç—å —Ö–ª–µ–±–∞ –∏–∑ —Ö–æ–ª—â–æ–≤–æ–≥–æ –º–µ—à–∫–∞.
–í—ã –≤–∑—è–ª–∏ –ª–æ–º–æ—Ç—å —Ö–ª–µ–±–∞ –∏–∑ —Ö–æ–ª—â–æ–≤–æ–≥–æ –º–µ—à–∫–∞.
–í—ã –≤–∑—è–ª–∏ –ª–æ–º–æ—Ç—å —Ö–ª–µ–±–∞ –∏–∑ —Ö–æ–ª—â–æ–≤–æ–≥–æ –º–µ—à–∫–∞.
–õ–æ–º–æ—Ç—å —Ö–ª–µ–±–∞: –í—ã –Ω–µ –º–æ–≥–µ—Ç–µ –Ω–µ—Å—Ç–∏ —Å—Ç–æ–ª—å–∫–æ –≤–µ—â–µ–π.
–õ–æ–º–æ—Ç—å —Ö–ª–µ–±–∞: –í—ã –Ω–µ –º–æ–≥–µ—Ç–µ –Ω–µ—Å—Ç–∏ —Å—Ç–æ–ª—å–∫–æ –≤–µ—â–µ–π.
–õ–æ–º–æ—Ç—å —Ö–ª–µ–±–∞: –í—ã –Ω–µ –º–æ–≥–µ—Ç–µ –Ω–µ—Å—Ç–∏ —Å—Ç–æ–ª—å–∫–æ –≤–µ—â–µ–π.

[0;32m276H[0;37m [0;32m118M[0;37m 13725–æ –ó–∞—É—á:0 –í—ã—Ö:–ó^> ˇ˘–í—ã –ø–æ–ª–æ–∂–∏–ª–∏ –ª–æ–º–æ—Ç—å —Ö–ª–µ–±–∞ –≤ —Ö–æ–ª—â–æ–≤—ã–π –º–µ—à–æ–∫.
–í—ã –ø–æ–ª–æ–∂–∏–ª–∏ –ª–æ–º–æ—Ç—å —Ö–ª–µ–±–∞ –≤ —Ö–æ–ª—â–æ–≤—ã–π –º–µ—à–æ–∫.
–í—ã –ø–æ–ª–æ–∂–∏–ª–∏ –ª–æ–º–æ—Ç—å —Ö–ª–µ–±–∞ –≤ —Ö–æ–ª—â–æ–≤—ã–π –º–µ—à–æ–∫.
–í—ã –ø–æ–ª–æ–∂–∏–ª–∏ –ª–æ–º–æ—Ç—å —Ö–ª–µ–±–∞ –≤ —Ö–æ–ª—â–æ–≤—ã–π –º–µ—à–æ–∫.
–í—ã –ø–æ–ª–æ–∂–∏–ª–∏ –ª–æ–º–æ—Ç—å —Ö–ª–µ–±–∞ –≤ —Ö–æ–ª—â–æ–≤—ã–π –º–µ—à–æ–∫.
–í—ã –ø–æ–ª–æ–∂–∏–ª–∏ –ª–æ–º–æ—Ç—å —Ö–ª–µ–±–∞ –≤ —Ö–æ–ª—â–æ–≤—ã–π –º–µ—à–æ–∫.
–í—ã –ø–æ–ª–æ–∂–∏–ª–∏ –ª–æ–º–æ—Ç—å —Ö–ª–µ–±–∞ –≤ —Ö–æ–ª—â–æ–≤—ã–π –º–µ—à–æ–∫.
–í—ã –ø–æ–ª–æ–∂–∏–ª–∏ –ª–æ–º–æ—Ç—å —Ö–ª–µ–±–∞ –≤ —Ö–æ–ª—â–æ–≤—ã–π –º–µ—à–æ–∫.

[0;32m276H[0;37m [0;32m118M[0;37m 13725–æ –ó–∞—É—á:0 –í—ã—Ö:–ó^> ˇ˘–í—ã –Ω–µ—Å–µ—Ç–µ:
–±—Ä–æ–Ω–∑–æ–≤—ã–π –∫–∏—Å—Ç–µ–Ω—å  [1;32m<–æ—á–µ–Ω—å —Ö–æ—Ä–æ—à–æ>[0;37m
–±—Ä–æ–Ω–∑–æ–≤—ã–π —Å—Ç–∏–ª–µ—Ç  [1;32m<–æ—á–µ–Ω—å —Ö–æ—Ä–æ—à–æ>[0;37m
–ª–µ–≥–∫–∏–µ –ª–∞—Ç–Ω—ã–µ –ø–æ–Ω–æ–∂–∏  [1;32m<–æ—á–µ–Ω—å —Ö–æ—Ä–æ—à–æ>[0;37m
–ª–µ–≥–∫–∏–π –ª–∞—Ç–Ω—ã–π —à–ª–µ–º  [1;32m<–æ—á–µ–Ω—å —Ö–æ—Ä–æ—à–æ>[0;37m
–ª–µ–≥–∫–∏–π –ª–∞—Ç–Ω—ã–π –¥–æ—Å–ø–µ—Ö  [1;37m<–≤–µ–ª–∏–∫–æ–ª–µ–ø–Ω–æ>[0;37m
—à–∫—É—Ä–∞ –º–µ–¥–≤–µ–¥—è  [1;37m<–≤–µ–ª–∏–∫–æ–ª–µ–ø–Ω–æ>[0;37m
–¥—Ä–∞–Ω—ã–µ —Å–∞–ø–æ–≥–∏  [1;32m<–æ—á–µ–Ω—å —Ö–æ—Ä–æ—à–æ>[0;37m
—Ä—ã–±—å—è –∫–æ—Å—Ç—å [2]
–º–∞–ª—ã–π –º–µ—Ö  [1;37m<–≤–µ–ª–∏–∫–æ–ª–µ–ø–Ω–æ>[0;37m
–∫—Ä—ã–Ω–∫–∞ —Å –º–æ–ª–æ–∫–æ–º  [1;37m<–≤–µ–ª–∏–∫–æ–ª–µ–ø–Ω–æ>[0;37m

[0;32m276H[0;37m [0;32m118M[0;37m 13725–æ –ó–∞—É—á:0 –í—ã—Ö:–ó^> ˇ˘–í—ã –≤–æ–æ—Ä—É–∂–∏–ª–∏—Å—å –±—Ä–æ–Ω–∑–æ–≤—ã–º –∫–∏—Å—Ç–µ–Ω–µ–º.

[0;32m276H[0;37m [0;32m118M[0;37m 13725–æ –ó–∞—É—á:0 –í—ã—Ö:–ó^> ˇ˘–í—ã –≤–∑—è–ª–∏ –±—Ä–æ–Ω–∑–æ–≤—ã–π —Å—Ç–∏–ª–µ—Ç –≤ –ª–µ–≤—É—é —Ä—É–∫—É.

[0;32m276H[0;37m [0;32m118M[0;37m 13725–æ –ó–∞—É—á:0 –í—ã—Ö:–ó^> ˇ˘–£ –≤–∞—Å –Ω–µ—Ç –Ω–∏—á–µ–≥–æ –ø–æ—Ö–æ–∂–µ–≥–æ –Ω–∞ '–ª–∫–≥'.

[0;32m276H[0;37m [0;32m118M[0;37m 13725–æ –ó–∞—É—á:0 –í—ã—Ö:–ó^> ˇ˘–í—ã –Ω–∞–¥–µ–ª–∏ –ª–µ–≥–∫–∏–µ –ª–∞—Ç–Ω—ã–µ –ø–æ–Ω–æ–∂–∏ –Ω–∞ –Ω–æ–≥–∏.
–í—ã –≤–æ–¥—Ä—É–∑–∏–ª–∏ –ª–µ–≥–∫–∏–π –ª–∞—Ç–Ω—ã–π —à–ª–µ–º —Å–µ–±–µ –Ω–∞ –≥–æ–ª–æ–≤—É.
–í—ã –Ω–∞–¥–µ–ª–∏ –ª–µ–≥–∫–∏–π –ª–∞—Ç–Ω—ã–π –¥–æ—Å–ø–µ—Ö –Ω–∞ —Ç—É–ª–æ–≤–∏—â–µ.

[0;32m276H[0;37m [0;32m118M[0;37m 13725–æ –ó–∞—É—á:0 –í—ã—Ö:–ó^> ˇ˘–í—ã –æ–±–ª–∞—á–∏–ª–∏—Å—å –≤ —à–∫—É—Ä—É –º–µ–¥–≤–µ–¥—è.

[0;32m276H[0;37m [0;32m118M[0;37m 13725–æ –ó–∞—É—á:0 –í—ã—Ö:–ó^> ˇ˘–í—ã –æ–±—É–ª–∏ –¥—Ä–∞–Ω—ã–µ —Å–∞–ø–æ–≥–∏.

[0;32m276H[0;37m [0;32m118M[0;37m 13725–æ –ó–∞—É—á:0 –í—ã—Ö:–ó^> ˇ˘–í—ã –Ω–µ—Å–µ—Ç–µ:
—Ä—ã–±—å—è –∫–æ—Å—Ç—å [2]
–º–∞–ª—ã–π –º–µ—Ö  [1;37m<–≤–µ–ª–∏–∫–æ–ª–µ–ø–Ω–æ>[0;37m
–∫—Ä—ã–Ω–∫–∞ —Å –º–æ–ª–æ–∫–æ–º  [1;37m<–≤–µ–ª–∏–∫–æ–ª–µ–ø–Ω–æ>[0;37m

[0;32m276H[0;37m [0;32m118M[0;37m 13725–æ –ó–∞—É—á:0 –í—ã—Ö:–ó^> ˇ˘–ü—Ä–æ—Å—Ç–æ–π —Ö–æ–ª—â–æ–≤—ã–π –º–µ—à–æ–∫ —Å –ª—è–º–∫–æ–π, —á—Ç–æ–± –≤–µ—à–∞—Ç—å –Ω–∞ –ø–ª–µ—á–æ.

–ú–æ–∂–Ω–æ –Ω–∞–¥–µ—Ç—å –Ω–∞ –ø–ª–µ—á–∏.
–ú–æ–∂–Ω–æ –Ω–∞–¥–µ—Ç—å –Ω–∞ –ø–æ—è—Å.
–°–æ—Å—Ç–æ—è–Ω–∏–µ: –∏–¥–µ–∞–ª—å–Ω–æ.
—Ö–æ–ª—â–æ–≤—ã–π –º–µ—à–æ–∫(–≤ –∞–º—É–Ω–∏—Ü–∏–∏)
–ó–∞–ø–æ–ª–Ω–µ–Ω —Å–æ–¥–µ—Ä–∂–∏–º—ã–º –º–µ–Ω—å—à–µ, —á–µ–º –Ω–∞ —á–µ—Ç–≤–µ—Ä—Ç—å :
–ª–æ–º–æ—Ç—å —Ö–ª–µ–±–∞ [11]

[0;32m276H[0;37m [0;32m118M[0;37m 13725–æ –ó–∞—É—á:0 –í—ã—Ö:–ó^> ˇ˘
–í—ã –æ—á–µ–Ω—å –≥–æ–ª–æ–¥–Ω—ã.
–í–∞—Å —Å–∏–ª—å–Ω–æ –º—É—á–∞–µ—Ç –∂–∞–∂–¥–∞.

[0;32m276H[0;37m [0;32m118M[0;37m 13725–æ –ó–∞—É—á:0 –í—ã—Ö:–ó^> ˇ˘–í—ã –Ω–µ –Ω–∞—à–ª–∏ –∑–¥–µ—Å—å '–º–µ—à'.

[0;32m276H[0;37m [0;32m118M[0;37m 13725–æ –ó–∞—É—á:0 –í—ã—Ö:–ó^> ˇ˘–í—ã –≤–∑—è–ª–∏ –ª–æ–º–æ—Ç—å —Ö–ª–µ–±–∞ –∏–∑ —Ö–æ–ª—â–æ–≤–æ–≥–æ –º–µ—à–∫–∞.
–í—ã –≤–∑—è–ª–∏ –ª–æ–º–æ—Ç—å —Ö–ª–µ–±–∞ –∏–∑ —Ö–æ–ª—â–æ–≤–æ–≥–æ –º–µ—à–∫–∞.
–í—ã –≤–∑—è–ª–∏ –ª–æ–º–æ—Ç—å —Ö–ª–µ–±–∞ –∏–∑ —Ö–æ–ª—â–æ–≤–æ–≥–æ –º–µ—à–∫–∞.
–í—ã –≤–∑—è–ª–∏ –ª–æ–º–æ—Ç—å —Ö–ª–µ–±–∞ –∏–∑ —Ö–æ–ª—â–æ–≤–æ–≥–æ –º–µ—à–∫–∞.
–í—ã –≤–∑—è–ª–∏ –ª–æ–º–æ—Ç—å —Ö–ª–µ–±–∞ –∏–∑ —Ö–æ–ª—â–æ–≤–æ–≥–æ –º–µ—à–∫–∞.
–í—ã –≤–∑—è–ª–∏ –ª–æ–º–æ—Ç—å —Ö–ª–µ–±–∞ –∏–∑ —Ö–æ–ª—â–æ–≤–æ–≥–æ –º–µ—à–∫–∞.
–í—ã –≤–∑—è–ª–∏ –ª–æ–º–æ—Ç—å —Ö–ª–µ–±–∞ –∏–∑ —Ö–æ–ª—â–æ–≤–æ–≥–æ –º–µ—à–∫–∞.
–í—ã –≤–∑—è–ª–∏ –ª–æ–º–æ—Ç—å —Ö–ª–µ–±–∞ –∏–∑ —Ö–æ–ª—â–æ–≤–æ–≥–æ –º–µ—à–∫–∞.
–í—ã –≤–∑—è–ª–∏ –ª–æ–º–æ—Ç—å —Ö–ª–µ–±–∞ –∏–∑ —Ö–æ–ª—â–æ–≤–æ–≥–æ –º–µ—à–∫–∞.
–í—ã –≤–∑—è–ª–∏ –ª–æ–º–æ—Ç—å —Ö–ª–µ–±–∞ –∏–∑ —Ö–æ–ª—â–æ–≤–æ–≥–æ –º–µ—à–∫–∞.
–í—ã –≤–∑—è–ª–∏ –ª–æ–º–æ—Ç—å —Ö–ª–µ–±–∞ –∏–∑ —Ö–æ–ª—â–æ–≤–æ–≥–æ –º–µ—à–∫–∞.

[0;32m276H[0;37m [0;32m118M[0;37m 13725–æ –ó–∞—É—á:0 –í—ã—Ö:–ó^> ˇ˘–ü—Ä–æ—Å—Ç–æ–π —Ö–æ–ª—â–æ–≤—ã–π –º–µ—à–æ–∫ —Å –ª—è–º–∫–æ–π, —á—Ç–æ–± –≤–µ—à–∞—Ç—å –Ω–∞ –ø–ª–µ—á–æ.

–ú–æ–∂–Ω–æ –Ω–∞–¥–µ—Ç—å –Ω–∞ –ø–ª–µ—á–∏.
–ú–æ–∂–Ω–æ –Ω–∞–¥–µ—Ç—å –Ω–∞ –ø–æ—è—Å.
–°–æ—Å—Ç–æ—è–Ω–∏–µ: –∏–¥–µ–∞–ª—å–Ω–æ.
—Ö–æ–ª—â–æ–≤—ã–π –º–µ—à–æ–∫(–≤ –∞–º—É–Ω–∏—Ü–∏–∏)
 –í–Ω—É—Ç—Ä–∏ –Ω–∏—á–µ–≥–æ –Ω–µ—Ç.

[0;32m276H[0;37m [0;32m118M[0;37m 13725–æ –ó–∞—É—á:0 –í—ã—Ö:–ó^> ˇ˘
[1;31m–ú–∏–Ω—É–ª —á–∞—Å.[0;37m

[0;32m276H[0;37m [0;32m118M[0;37m 13725–æ –ó–∞—É—á:0 –í—ã—Ö:–ó^> ˇ˘
–í—ã –æ—á–µ–Ω—å –≥–æ–ª–æ–¥–Ω—ã.
–í–∞—Å —Å–∏–ª—å–Ω–æ –º—É—á–∞–µ—Ç –∂–∞–∂–¥–∞.

[0;32m276H[0;37m [0;32m118M[0;37m 13725–æ –ó–∞—É—á:0 –í—ã—Ö:–ó^> ˇ˘
–í—ã –æ—á–µ–Ω—å –≥–æ–ª–æ–¥–Ω—ã.
–í–∞—Å —Å–∏–ª—å–Ω–æ –º—É—á–∞–µ—Ç –∂–∞–∂–¥–∞.

[0;32m276H[0;37m [0;32m118M[0;37m 13725–æ –ó–∞—É—á:0 –í—ã—Ö:–ó^> ˇ˘
[1;31m–ú–∏–Ω—É–ª —á–∞—Å.[0;37m

[0;32m276H[0;37m [0;32m118M[0;37m 13725–æ –ó–∞—É—á:0 –í—ã—Ö:–ó^> ˇ˘
–í—ã –æ—á–µ–Ω—å –≥–æ–ª–æ–¥–Ω—ã.
–í–∞—Å —Å–∏–ª—å–Ω–æ –º—É—á–∞–µ—Ç –∂–∞–∂–¥–∞.

[0;32m276H[0;37m [0;32m118M[0;37m 13725–æ –ó–∞—É—á:0 –í—ã—Ö:–ó^> ˇ˘
–í—ã –æ—á–µ–Ω—å –≥–æ–ª–æ–¥–Ω—ã.
–í–∞—Å —Å–∏–ª—å–Ω–æ –º—É—á–∞–µ—Ç –∂–∞–∂–¥–∞.

[0;32m276H[0;37m [0;32m118M[0;37m 13725–æ –ó–∞—É—á:0 –í—ã—Ö:–ó^> ˇ˘
[1;31m–ú–∏–Ω—É–ª —á–∞—Å.[0;37m

[0;32m276H[0;37m [0;32m118M[0;37m 13725–æ –ó–∞—É—á:0 –í—ã—Ö:–ó^> ˇ˘
–í—ã –æ—á–µ–Ω—å –≥–æ–ª–æ–¥–Ω—ã.
–í–∞—Å —Å–∏–ª—å–Ω–æ –º—É—á–∞–µ—Ç –∂–∞–∂–¥–∞.

[0;32m276H[0;37m [0;32m118M[0;37m 13725–æ –ó–∞—É—á:0 –í—ã—Ö:–ó^> ˇ˘
–í—ã –æ—á–µ–Ω—å –≥–æ–ª–æ–¥–Ω—ã.
–í–∞—Å —Å–∏–ª—å–Ω–æ –º—É—á–∞–µ—Ç –∂–∞–∂–¥–∞.

[0;32m276H[0;37m [0;32m118M[0;37m 13725–æ –ó–∞—É—á:0 –í—ã—Ö:–ó^> ˇ˘
[1;33m–ë–∞–∑–∞—Ä : –ª–æ—Ç 162(—Å–≤–∏—Ç–æ–∫ –º–∞–≥–∏—á–µ—Å–∫–æ–≥–æ –æ—á–∏—â–µ–Ω–∏—è) –ø—Ä–æ–¥–∞–Ω –∑–∞ 5000 –∫—É–Ω.

[0;0m
[0;32m276H[0;37m [0;32m118M[0;37m 13725–æ –ó–∞—É—á:0 –í—ã—Ö:–ó^> ˇ˘
[1;31m–ú–∏–Ω—É–ª —á–∞—Å.[0;37m

[0;32m276H[0;37m [0;32m118M[0;37m 13725–æ –ó–∞—É—á:0 –í—ã—Ö:–ó^> ˇ˘
–í—ã –≥–æ—Ç–æ–≤—ã —Å–æ–∂—Ä–∞—Ç—å –±—ã–∫–∞.
–í–∞–º —Ö–æ—á–µ—Ç—Å—è –≤—ã–ø–∏—Ç—å –æ–∑–µ—Ä–æ.

[0;32m276H[0;37m [0;32m118M[0;37m 13725–æ –ó–∞—É—á:0 –í—ã—Ö:–ó^> ˇ˘–í—ã –ø–æ–ª–æ–∂–∏–ª–∏ –ª–æ–º–æ—Ç—å —Ö–ª–µ–±–∞ –≤ —Ö–æ–ª—â–æ–≤—ã–π –º–µ—à–æ–∫.
–í—ã –ø–æ–ª–æ–∂–∏–ª–∏ –ª–æ–º–æ—Ç—å —Ö–ª–µ–±–∞ –≤ —Ö–æ–ª—â–æ–≤—ã–π –º–µ—à–æ–∫.
–í—ã –ø–æ–ª–æ–∂–∏–ª–∏ –ª–æ–º–æ—Ç—å —Ö–ª–µ–±–∞ –≤ —Ö–æ–ª—â–æ–≤—ã–π –º–µ—à–æ–∫.
–í—ã –ø–æ–ª–æ–∂–∏–ª–∏ –ª–æ–º–æ—Ç—å —Ö–ª–µ–±–∞ –≤ —Ö–æ–ª—â–æ–≤—ã–π –º–µ—à–æ–∫.
–í—ã –ø–æ–ª–æ–∂–∏–ª–∏ –ª–æ–º–æ—Ç—å —Ö–ª–µ–±–∞ –≤ —Ö–æ–ª—â–æ–≤—ã–π –º–µ—à–æ–∫.
–í—ã –ø–æ–ª–æ–∂–∏–ª–∏ –ª–æ–º–æ—Ç—å —Ö–ª–µ–±–∞ –≤ —Ö–æ–ª—â–æ–≤—ã–π –º–µ—à–æ–∫.
–í—ã –ø–æ–ª–æ–∂–∏–ª–∏ –ª–æ–º–æ—Ç—å —Ö–ª–µ–±–∞ –≤ —Ö–æ–ª—â–æ–≤—ã–π –º–µ—à–æ–∫.
–í—ã –ø–æ–ª–æ–∂–∏–ª–∏ –ª–æ–º–æ—Ç—å —Ö–ª–µ–±–∞ –≤ —Ö–æ–ª—â–æ–≤—ã–π –º–µ—à–æ–∫.
–í—ã –ø–æ–ª–æ–∂–∏–ª–∏ –ª–æ–º–æ—Ç—å —Ö–ª–µ–±–∞ –≤ —Ö–æ–ª—â–æ–≤—ã–π –º–µ—à–æ–∫.
–í—ã –ø–æ–ª–æ–∂–∏–ª–∏ –ª–æ–º–æ—Ç—å —Ö–ª–µ–±–∞ –≤ —Ö–æ–ª—â–æ–≤—ã–π –º–µ—à–æ–∫.
–í—ã –ø–æ–ª–æ–∂–∏–ª–∏ –ª–æ–º–æ—Ç—å —Ö–ª–µ–±–∞ –≤ —Ö–æ–ª—â–æ–≤—ã–π –º–µ—à–æ–∫.

[0;32m276H[0;37m [0;32m118M[0;37m 13725–æ –ó–∞—É—á:0 –í—ã—Ö:–ó^> ˇ˘–ü—Ä–æ—Å—Ç–æ–π —Ö–æ–ª—â–æ–≤—ã–π –º–µ—à–æ–∫ —Å –ª—è–º–∫–æ–π, —á—Ç–æ–± –≤–µ—à–∞—Ç—å –Ω–∞ –ø–ª–µ—á–æ.

–ú–æ–∂–Ω–æ –Ω–∞–¥–µ—Ç—å –Ω–∞ –ø–ª–µ—á–∏.
–ú–æ–∂–Ω–æ –Ω–∞–¥–µ—Ç—å –Ω–∞ –ø–æ—è—Å.
–°–æ—Å—Ç–æ—è–Ω–∏–µ: –∏–¥–µ–∞–ª—å–Ω–æ.
—Ö–æ–ª—â–æ–≤—ã–π –º–µ—à–æ–∫(–≤ –∞–º—É–Ω–∏—Ü–∏–∏)
–ó–∞–ø–æ–ª–Ω–µ–Ω —Å–æ–¥–µ—Ä–∂–∏–º—ã–º –º–µ–Ω—å—à–µ, —á–µ–º –Ω–∞ —á–µ—Ç–≤–µ—Ä—Ç—å :
–ª–æ–º–æ—Ç—å —Ö–ª–µ–±–∞ [11]

[0;32m276H[0;37m [0;32m118M[0;37m 13725–æ –ó–∞—É—á:0 –í—ã—Ö:–ó^> ˇ˘
–í—ã –≥–æ—Ç–æ–≤—ã —Å–æ–∂—Ä–∞—Ç—å –±—ã–∫–∞.
–í–∞–º —Ö–æ—á–µ—Ç—Å—è –≤—ã–ø–∏—Ç—å –æ–∑–µ—Ä–æ.

[0;32m276H[0;37m [0;32m118M[0;37m 13725–æ –ó–∞—É—á:0 –í—ã—Ö:–ó^> ˇ˘
[1;31m–ú–∏–Ω—É–ª —á–∞—Å.[0;37m

[0;32m276H[0;37m [0;32m118M[0;37m 13725–æ –ó–∞—É—á:0 –í—ã—Ö:–ó^> ˇ˘
–í—ã –≥–æ—Ç–æ–≤—ã —Å–æ–∂—Ä–∞—Ç—å –±—ã–∫–∞.
–í–∞–º —Ö–æ—á–µ—Ç—Å—è –≤—ã–ø–∏—Ç—å –æ–∑–µ—Ä–æ.

[0;32m276H[0;37m [0;32m118M[0;37m 13725–æ –ó–∞—É—á:0 –í—ã—Ö:–ó^> ˇ˘
[1;33m–ë–∞–∑–∞—Ä : –ª–æ—Ç 65(—Å–≤–∏—Ç–æ–∫ –º–∞–≥–∏—á–µ—Å–∫–æ–≥–æ –æ—á–∏—â–µ–Ω–∏—è) –ø—Ä–æ–¥–∞–Ω –∑–∞ 5000 –∫—É–Ω.

[0;0m
[0;32m276H[0;37m [0;32m118M[0;37m 13725–æ –ó–∞—É—á:0 –í—ã—Ö:–ó^> ˇ˘
[1;33m–ë–∞–∑–∞—Ä : –ª–æ—Ç 149(—Å–≤–∏—Ç–æ–∫ –º–∞–≥–∏—á–µ—Å–∫–æ–≥–æ –æ—á–∏—â–µ–Ω–∏—è) –ø—Ä–æ–¥–∞–Ω –∑–∞ 1000 –∫—É–Ω.

[0;0m
[0;32m276H[0;37m [0;32m118M[0;37m 13725–æ –ó–∞—É—á:0 –í—ã—Ö:–ó^> ˇ˘
–í—ã –≥–æ—Ç–æ–≤—ã —Å–æ–∂—Ä–∞—Ç—å –±—ã–∫–∞.
–í–∞–º —Ö–æ—á–µ—Ç—Å—è –≤—ã–ø–∏—Ç—å –æ–∑–µ—Ä–æ.

[0;32m276H[0;37m [0;32m118M[0;37m 13725–æ –ó–∞—É—á:0 –í—ã—Ö:–ó^> ˇ˘
[1;33m–ë–∞–∑–∞—Ä : –ª–æ—Ç 343(—Å–≤–∏—Ç–æ–∫ –º–∞–≥–∏—á–µ—Å–∫–æ–≥–æ –æ—á–∏—â–µ–Ω–∏—è) –ø—Ä–æ–¥–∞–Ω –∑–∞ 5000 –∫—É–Ω.

[0;0m
[0;32m276H[0;37m [0;32m118M[0;37m 13725–æ –ó–∞—É—á:0 –í—ã—Ö:–ó^> ˇ˘
[1;33m–ë–∞–∑–∞—Ä : –ª–æ—Ç 256(—Å–≤–∏—Ç–æ–∫ –º–∞–≥–∏—á–µ—Å–∫–æ–≥–æ –æ—á–∏—â–µ–Ω–∏—è) –ø—Ä–æ–¥–∞–Ω –∑–∞ 5000 –∫—É–Ω.

[0;0m
[0;32m276H[0;37m [0;32m118M[0;37m 13725–æ –ó–∞—É—á:0 –í—ã—Ö:–ó^> ˇ˘
[1;31m–ú–∏–Ω—É–ª —á–∞—Å.[0;37m

[0;32m276H[0;37m [0;32m118M[0;37m 13725–æ –ó–∞—É—á:0 –í—ã—Ö:–ó^> ˇ˘
–í—ã –≥–æ—Ç–æ–≤—ã —Å–æ–∂—Ä–∞—Ç—å –±—ã–∫–∞.
–í–∞–º —Ö–æ—á–µ—Ç—Å—è –≤—ã–ø–∏—Ç—å –æ–∑–µ—Ä–æ.

[0;32m276H[0;37m [0;32m118M[0;37m 13725–æ –ó–∞—É—á:0 –í—ã—Ö:–ó^> ˇ˘–í—ã –≤–∑—è–ª–∏ –ª–æ–º–æ—Ç—å —Ö–ª–µ–±–∞ –∏–∑ —Ö–æ–ª—â–æ–≤–æ–≥–æ –º–µ—à–∫–∞.
–í—ã –≤–∑—è–ª–∏ –ª–æ–º–æ—Ç—å —Ö–ª–µ–±–∞ –∏–∑ —Ö–æ–ª—â–æ–≤–æ–≥–æ –º–µ—à–∫–∞.
–í—ã –≤–∑—è–ª–∏ –ª–æ–º–æ—Ç—å —Ö–ª–µ–±–∞ –∏–∑ —Ö–æ–ª—â–æ–≤–æ–≥–æ –º–µ—à–∫–∞.
–í—ã –≤–∑—è–ª–∏ –ª–æ–º–æ—Ç—å —Ö–ª–µ–±–∞ –∏–∑ —Ö–æ–ª—â–æ–≤–æ–≥–æ –º–µ—à–∫–∞.
–í—ã –≤–∑—è–ª–∏ –ª–æ–º–æ—Ç—å —Ö–ª–µ–±–∞ –∏–∑ —Ö–æ–ª—â–æ–≤–æ–≥–æ –º–µ—à–∫–∞.
–í—ã –≤–∑—è–ª–∏ –ª–æ–º–æ—Ç—å —Ö–ª–µ–±–∞ –∏–∑ —Ö–æ–ª—â–æ–≤–æ–≥–æ –º–µ—à–∫–∞.
–í—ã –≤–∑—è–ª–∏ –ª–æ–º–æ—Ç—å —Ö–ª–µ–±–∞ –∏–∑ —Ö–æ–ª—â–æ–≤–æ–≥–æ –º–µ—à–∫–∞.
–í—ã –≤–∑—è–ª–∏ –ª–æ–º–æ—Ç—å —Ö–ª–µ–±–∞ –∏–∑ —Ö–æ–ª—â–æ–≤–æ–≥–æ –º–µ—à–∫–∞.
–í—ã –≤–∑—è–ª–∏ –ª–æ–º–æ—Ç—å —Ö–ª–µ–±–∞ –∏–∑ —Ö–æ–ª—â–æ–≤–æ–≥–æ –º–µ—à–∫–∞.
–í—ã –≤–∑—è–ª–∏ –ª–æ–º–æ—Ç—å —Ö–ª–µ–±–∞ –∏–∑ —Ö–æ–ª—â–æ–≤–æ–≥–æ –º–µ—à–∫–∞.
–í—ã –≤–∑—è–ª–∏ –ª–æ–º–æ—Ç—å —Ö–ª–µ–±–∞ –∏–∑ —Ö–æ–ª—â–æ–≤–æ–≥–æ –º–µ—à–∫–∞.

[0;32m276H[0;37m [0;32m118M[0;37m 13725–æ –ó–∞—É—á:0 –í—ã—Ö:–ó^> ˇ˘–í—ã –ø–æ–ª–æ–∂–∏–ª–∏ –ª–æ–º–æ—Ç—å —Ö–ª–µ–±–∞ –≤ —Ö–æ–ª—â–æ–≤—ã–π –º–µ—à–æ–∫.

[0;32m276H[0;37m [0;32m118M[0;37m 13725–æ –ó–∞—É—á:0 –í—ã—Ö:–ó^> ˇ˘–ü—Ä–æ—Å—Ç–æ–π —Ö–æ–ª—â–æ–≤—ã–π –º–µ—à–æ–∫ —Å –ª—è–º–∫–æ–π, —á—Ç–æ–± –≤–µ—à–∞—Ç—å –Ω–∞ –ø–ª–µ—á–æ.

–ú–æ–∂–Ω–æ –Ω–∞–¥–µ—Ç—å –Ω–∞ –ø–ª–µ—á–∏.
–ú–æ–∂–Ω–æ –Ω–∞–¥–µ—Ç—å –Ω–∞ –ø–æ—è—Å.
–°–æ—Å—Ç–æ—è–Ω–∏–µ: –∏–¥–µ–∞–ª—å–Ω–æ.
—Ö–æ–ª—â–æ–≤—ã–π –º–µ—à–æ–∫(–≤ –∞–º—É–Ω–∏—Ü–∏–∏)
–ó–∞–ø–æ–ª–Ω–µ–Ω —Å–æ–¥–µ—Ä–∂–∏–º—ã–º –º–µ–Ω—å—à–µ, —á–µ–º –Ω–∞ —á–µ—Ç–≤–µ—Ä—Ç—å :
–ª–æ–º–æ—Ç—å —Ö–ª–µ–±–∞  [1;37m<–≤–µ–ª–∏–∫–æ–ª–µ–ø–Ω–æ>[0;37m

[0;32m276H[0;37m [0;32m118M[0;37m 13725–æ –ó–∞—É—á:0 –í—ã—Ö:–ó^> ˇ˘
–í—ã –≥–æ—Ç–æ–≤—ã —Å–æ–∂—Ä–∞—Ç—å –±—ã–∫–∞.
–í–∞–º —Ö–æ—á–µ—Ç—Å—è –≤—ã–ø–∏—Ç—å –æ–∑–µ—Ä–æ.

[0;32m276H[0;37m [0;32m118M[0;37m 13725–æ –ó–∞—É—á:0 –í—ã—Ö:–ó^> ˇ˘
[1;31m–ú–∏–Ω—É–ª —á–∞—Å.[0;37m

[0;32m276H[0;37m [0;32m118M[0;37m 13725–æ –ó–∞—É—á:0 –í—ã—Ö:–ó^> ˇ˘
–í—ã –≥–æ—Ç–æ–≤—ã —Å–æ–∂—Ä–∞—Ç—å –±—ã–∫–∞.
–í–∞–º —Ö–æ—á–µ—Ç—Å—è –≤—ã–ø–∏—Ç—å –æ–∑–µ—Ä–æ.

[0;32m276H[0;37m [0;32m118M[0;37m 13725–æ –ó–∞—É—á:0 –í—ã—Ö:–ó^> ˇ˘
–í—ã –≥–æ—Ç–æ–≤—ã —Å–æ–∂—Ä–∞—Ç—å –±—ã–∫–∞.
–í–∞–º —Ö–æ—á–µ—Ç—Å—è –≤—ã–ø–∏—Ç—å –æ–∑–µ—Ä–æ.

[0;32m276H[0;37m [0;32m118M[0;37m 13725–æ –ó–∞—É—á:0 –í—ã—Ö:–ó^> ˇ˘
[1;31m–ú–∏–Ω—É–ª —á–∞—Å.[0;37m

[0;32m276H[0;37m [0;32m118M[0;37m 13725–æ –ó–∞—É—á:0 –í—ã—Ö:–ó^> ˇ˘
–í—ã –≥–æ—Ç–æ–≤—ã —Å–æ–∂—Ä–∞—Ç—å –±—ã–∫–∞.
–í–∞–º —Ö–æ—á–µ—Ç—Å—è –≤—ã–ø–∏—Ç—å –æ–∑–µ—Ä–æ.

[0;32m276H[0;37m [0;32m118M[0;37m 13725–æ –ó–∞—É—á:0 –í—ã—Ö:–ó^> ˇ˘
–í—ã –≥–æ—Ç–æ–≤—ã —Å–æ–∂—Ä–∞—Ç—å –±—ã–∫–∞.
–í–∞–º —Ö–æ—á–µ—Ç—Å—è –≤—ã–ø–∏—Ç—å –æ–∑–µ—Ä–æ.

[0;32m276H[0;37m [0;32m118M[0;37m 13725–æ –ó–∞—É—á:0 –í—ã—Ö:–ó^> ˇ˘
[1;31m–ú–∏–Ω—É–ª —á–∞—Å.[0;37m

[0;32m276H[0;37m [0;32m118M[0;37m 13725–æ –ó–∞—É—á:0 –í—ã—Ö:–ó^> ˇ˘
–í—ã –≥–æ—Ç–æ–≤—ã —Å–æ–∂—Ä–∞—Ç—å –±—ã–∫–∞.
–í–∞–º —Ö–æ—á–µ—Ç—Å—è –≤—ã–ø–∏—Ç—å –æ–∑–µ—Ä–æ.

[0;32m276H[0;37m [0;32m118M[0;37m 13725–æ –ó–∞—É—á:0 –í—ã—Ö:–ó^> ˇ˘
–í—ã –≥–æ—Ç–æ–≤—ã —Å–æ–∂—Ä–∞—Ç—å –±—ã–∫–∞.
–í–∞–º —Ö–æ—á–µ—Ç—Å—è –≤—ã–ø–∏—Ç—å –æ–∑–µ—Ä–æ.

[0;32m276H[0;37m [0;32m118M[0;37m 13725–æ –ó–∞—É—á:0 –í—ã—Ö:–ó^> ˇ˘
[1;31m–ú–∏–Ω—É–ª —á–∞—Å.[0;37m

[0;32m276H[0;37m [0;32m118M[0;37m 13725–æ –ó–∞—É—á:0 –í—ã—Ö:–ó^> ˇ˘
–í—ã –≥–æ—Ç–æ–≤—ã —Å–æ–∂—Ä–∞—Ç—å –±—ã–∫–∞.
–í–∞–º —Ö–æ—á–µ—Ç—Å—è –≤—ã–ø–∏—Ç—å –æ–∑–µ—Ä–æ.

[0;32m276H[0;37m [0;32m118M[0;37m 13725–æ –ó–∞—É—á:0 –í—ã—Ö:–ó^> ˇ˘
–í—ã –≥–æ—Ç–æ–≤—ã —Å–æ–∂—Ä–∞—Ç—å –±—ã–∫–∞.
–í–∞–º —Ö–æ—á–µ—Ç—Å—è –≤—ã–ø–∏—Ç—å –æ–∑–µ—Ä–æ.

[0;32m276H[0;37m [0;32m118M[0;37m 13725–æ –ó–∞—É—á:0 –í—ã—Ö:–ó^> ˇ˘
[1;31m–ú–∏–Ω—É–ª —á–∞—Å.[0;37m

[0;32m276H[0;37m [0;32m118M[0;37m 13725–æ –ó–∞—É—á:0 –í—ã—Ö:–ó^> ˇ˘
–í—ã –≥–æ—Ç–æ–≤—ã —Å–æ–∂—Ä–∞—Ç—å –±—ã–∫–∞.
–í–∞–º —Ö–æ—á–µ—Ç—Å—è –≤—ã–ø–∏—Ç—å –æ–∑–µ—Ä–æ.

[0;32m276H[0;37m [0;32m118M[0;37m 13725–æ –ó–∞—É—á:0 –í—ã—Ö:–ó^> ˇ˘
–í—ã –≥–æ—Ç–æ–≤—ã —Å–æ–∂—Ä–∞—Ç—å –±—ã–∫–∞.
–í–∞–º —Ö–æ—á–µ—Ç—Å—è –≤—ã–ø–∏—Ç—å –æ–∑–µ—Ä–æ.
–í—ã –ø—Ä–æ–ø–∞–ª–∏ –≤ –ø—É—Å—Ç–æ—Ç–µ —ç—Ç–æ–≥–æ –º–∏—Ä–∞.

[0;32m276H[0;37m [0;32m118M[0;37m 13725–æ –ó–∞—É—á:0 –í—ã—Ö:> ˇ˘
[1;31m–ú–∏–Ω—É–ª —á–∞—Å.[0;37m

[0;32m276H[0;37m [0;32m118M[0;37m 13725–æ –ó–∞—É—á:0 –í—ã—Ö:> ˇ˘
–í—ã –≥–æ—Ç–æ–≤—ã —Å–æ–∂—Ä–∞—Ç—å –±—ã–∫–∞.
–í–∞–º —Ö–æ—á–µ—Ç—Å—è –≤—ã–ø–∏—Ç—å –æ–∑–µ—Ä–æ.

[0;32m276H[0;37m [0;32m118M[0;37m 13725–æ –ó–∞—É—á:0 –í—ã—Ö:> ˇ˘
–í—ã –≥–æ—Ç–æ–≤—ã —Å–æ–∂—Ä–∞—Ç—å –±—ã–∫–∞.
–í–∞–º —Ö–æ—á–µ—Ç—Å—è –≤—ã–ø–∏—Ç—å –æ–∑–µ—Ä–æ.

[0;32m276H[0;37m [0;32m118M[0;37m 13725–æ –ó–∞—É—á:0 –í—ã—Ö:> ˇ˘
[1;31m–ú–∏–Ω—É–ª —á–∞—Å.[0;37m

[0;32m276H[0;37m [0;32m118M[0;37m 13725–æ –ó–∞—É—á:0 –í—ã—Ö:> ˇ˘
–í—ã –≥–æ—Ç–æ–≤—ã —Å–æ–∂—Ä–∞—Ç—å –±—ã–∫–∞.
–í–∞–º —Ö–æ—á–µ—Ç—Å—è –≤—ã–ø–∏—Ç—å –æ–∑–µ—Ä–æ.

[0;32m276H[0;37m [0;32m118M[0;37m 13725–æ –ó–∞—É—á:0 –í—ã—Ö:> ˇ˘
–í—ã –≥–æ—Ç–æ–≤—ã —Å–æ–∂—Ä–∞—Ç—å –±—ã–∫–∞.
–í–∞–º —Ö–æ—á–µ—Ç—Å—è –≤—ã–ø–∏—Ç—å –æ–∑–µ—Ä–æ.

[0;32m276H[0;37m [0;32m118M[0;37m 13725–æ –ó–∞—É—á:0 –í—ã—Ö:> ˇ˘
[1;31m–ú–∏–Ω—É–ª —á–∞—Å.[0;37m

[0;32m276H[0;37m [0;32m118M[0;37m 13725–æ –ó–∞—É—á:0 –í—ã—Ö:> ˇ˘
–í—ã –≥–æ—Ç–æ–≤—ã —Å–æ–∂—Ä–∞—Ç—å –±—ã–∫–∞.
–í–∞–º —Ö–æ—á–µ—Ç—Å—è –≤—ã–ø–∏—Ç—å –æ–∑–µ—Ä–æ.

[0;32m276H[0;37m [0;32m118M[0;37m 13725–æ –ó–∞—É—á:0 –í—ã—Ö:> ˇ˘
–í—ã –≥–æ—Ç–æ–≤—ã —Å–æ–∂—Ä–∞—Ç—å –±—ã–∫–∞.
–í–∞–º —Ö–æ—á–µ—Ç—Å—è –≤—ã–ø–∏—Ç—å –æ–∑–µ—Ä–æ.

[0;32m276H[0;37m [0;32m118M[0;37m 13725–æ –ó–∞—É—á:0 –í—ã—Ö:> ˇ˘
[1;31m–ú–∏–Ω—É–ª —á–∞—Å.[0;37m

[0;32m276H[0;37m [0;32m118M[0;37m 13725–æ –ó–∞—É—á:0 –í—ã—Ö:> ˇ˘
–í—ã –≥–æ—Ç–æ–≤—ã —Å–æ–∂—Ä–∞—Ç—å –±—ã–∫–∞.
–í–∞–º —Ö–æ—á–µ—Ç—Å—è –≤—ã–ø–∏—Ç—å –æ–∑–µ—Ä–æ.

[0;32m276H[0;37m [0;32m118M[0;37m 13725–æ –ó–∞—É—á:0 –í—ã—Ö:> ˇ˘
–í—ã –≥–æ—Ç–æ–≤—ã —Å–æ–∂—Ä–∞—Ç—å –±—ã–∫–∞.
–í–∞–º —Ö–æ—á–µ—Ç—Å—è –≤—ã–ø–∏—Ç—å –æ–∑–µ—Ä–æ.

[0;32m276H[0;37m [0;32m118M[0;37m 13725–æ –ó–∞—É—á:0 –í—ã—Ö:> ˇ˘
[1;31m–ú–∏–Ω—É–ª —á–∞—Å.[0;37m

[0;32m276H[0;37m [0;32m118M[0;37m 13725–æ –ó–∞—É—á:0 –í—ã—Ö:> ˇ˘
–í—ã –≥–æ—Ç–æ–≤—ã —Å–æ–∂—Ä–∞—Ç—å –±—ã–∫–∞.
–í–∞–º —Ö–æ—á–µ—Ç—Å—è –≤—ã–ø–∏—Ç—å –æ–∑–µ—Ä–æ.

[0;32m276H[0;37m [0;32m118M[0;37m 13725–æ –ó–∞—É—á:0 –í—ã—Ö:> ˇ˘
–í—ã –≥–æ—Ç–æ–≤—ã —Å–æ–∂—Ä–∞—Ç—å –±—ã–∫–∞.
–í–∞–º —Ö–æ—á–µ—Ç—Å—è –≤—ã–ø–∏—Ç—å –æ–∑–µ—Ä–æ.

[0;32m276H[0;37m [0;32m118M[0;37m 13725–æ –ó–∞—É—á:0 –í—ã—Ö:> ˇ˘
[1;31m–ú–∏–Ω—É–ª —á–∞—Å.[0;37m

[0;32m276H[0;37m [0;32m118M[0;37m 13725–æ –ó–∞—É—á:0 –í—ã—Ö:> ˇ˘
–í—ã –≥–æ—Ç–æ–≤—ã —Å–æ–∂—Ä–∞—Ç—å –±—ã–∫–∞.
–í–∞–º —Ö–æ—á–µ—Ç—Å—è –≤—ã–ø–∏—Ç—å –æ–∑–µ—Ä–æ.

[0;32m276H[0;37m [0;32m118M[0;37m 13725–æ –ó–∞—É—á:0 –í—ã—Ö:> ˇ˘
–í—ã –≥–æ—Ç–æ–≤—ã —Å–æ–∂—Ä–∞—Ç—å –±—ã–∫–∞.
–í–∞–º —Ö–æ—á–µ—Ç—Å—è –≤—ã–ø–∏—Ç—å –æ–∑–µ—Ä–æ.

[0;32m276H[0;37m [0;32m118M[0;37m 13725–æ –ó–∞—É—á:0 –í—ã—Ö:> ˇ˘
[1;31m–ú–∏–Ω—É–ª —á–∞—Å.[0;37m

[0;32m276H[0;37m [0;32m118M[0;37m 13725–æ –ó–∞—É—á:0 –í—ã—Ö:> ˇ˘
–í—ã –≥–æ—Ç–æ–≤—ã —Å–æ–∂—Ä–∞—Ç—å –±—ã–∫–∞.
–í–∞–º —Ö–æ—á–µ—Ç—Å—è –≤—ã–ø–∏—Ç—å –æ–∑–µ—Ä–æ.

[0;32m276H[0;37m [0;32m118M[0;37m 13725–æ –ó–∞—É—á:0 –í—ã—Ö:> ˇ˘
–í—ã –≥–æ—Ç–æ–≤—ã —Å–æ–∂—Ä–∞—Ç—å –±—ã–∫–∞.
–í–∞–º —Ö–æ—á–µ—Ç—Å—è –≤—ã–ø–∏—Ç—å –æ–∑–µ—Ä–æ.

[0;32m276H[0;37m [0;32m118M[0;37m 13725–æ –ó–∞—É—á:0 –í—ã—Ö:> ˇ˘
[1;31m–ú–∏–Ω—É–ª —á–∞—Å.[0;37m

[0;32m276H[0;37m [0;32m118M[0;37m 13725–æ –ó–∞—É—á:0 –í—ã—Ö:> ˇ˘
–í—ã –≥–æ—Ç–æ–≤—ã —Å–æ–∂—Ä–∞—Ç—å –±—ã–∫–∞.
–í–∞–º —Ö–æ—á–µ—Ç—Å—è –≤—ã–ø–∏—Ç—å –æ–∑–µ—Ä–æ.

[0;32m276H[0;37m [0;32m118M[0;37m 13725–æ –ó–∞—É—á:0 –í—ã—Ö:> ˇ˘
[1;33m–ì–ª–∞—à–∞—Ç–∞–π –∑–∞–æ—Ä–∞–ª : '–í–æ–µ–≤–æ–¥–∞ –≥—Ä–∞–¥–∞ –ö–æ—Ä—Å—É–Ω–∏ —è–≤–∏–ª –º–∏–ª–æ—Å—Ç—å!'
[0;37m[1;33m–ì–ª–∞—à–∞—Ç–∞–π –∑–∞–æ—Ä–∞–ª : '–ù–µ–≥–æ–¥—è–∏ –¥–∞ –¥—É—à–µ–≥—É–±—ã, –∫–æ–∏ –º–µ—Ä—É —Å–≤–æ—é –Ω–∞–∫–∞–∑–∞–Ω–∏—è –æ—Ç–±—ã–ª–∏, –º–æ–≥—É—Ç –≤–æ–ª—å–Ω—ã –±—ã—Ç—å, –¥–∞ –≤–ø—Ä–µ–¥—å –ø—É—â–∞–π –Ω–µ –ø–æ–ø–∞–¥–∞—é—Ç—Å—è!'
[0;37m
[0;32m276H[0;37m [0;32m118M[0;37m 13725–æ –ó–∞—É—á:0 –í—ã—Ö:> ˇ˘
–í—ã –≥–æ—Ç–æ–≤—ã —Å–æ–∂—Ä–∞—Ç—å –±—ã–∫–∞.
–í–∞–º —Ö–æ—á–µ—Ç—Å—è –≤—ã–ø–∏—Ç—å –æ–∑–µ—Ä–æ.

[0;32m276H[0;37m [0;32m118M[0;37m 13725–æ –ó–∞—É—á:0 –í—ã—Ö:> ˇ˘
[0;33m–õ–∏–∑–æ—Ä –∑–∞–º–µ—Ç–∏–ª : '–≤–∞—É —Å—Ç–æ–∫–∞ –ª—é–¥–µ–π :)'
[0;37m
[0;32m276H[0;37m [0;32m118M[0;37m 13725–æ –ó–∞—É—á:0 –í—ã—Ö:> ˇ˘
[0;33m–ö—Ç–æ-—Ç–æ –∑–∞–º–µ—Ç–∏–ª : '—Å–∫–æ–∫–∞? ) '
[0;37m
[0;32m276H[0;37m [0;32m118M[0;37m 13725–æ –ó–∞—É—á:0 –í—ã—Ö:> ˇ˘
[1;31m–ú–∏–Ω—É–ª —á–∞—Å.[0;37m

[0;32m276H[0;37m [0;32m118M[0;37m 13725–æ –ó–∞—É—á:0 –í—ã—Ö:> ˇ˘
–í—ã –≥–æ—Ç–æ–≤—ã —Å–æ–∂—Ä–∞—Ç—å –±—ã–∫–∞.
–í–∞–º —Ö–æ—á–µ—Ç—Å—è –≤—ã–ø–∏—Ç—å –æ–∑–µ—Ä–æ.

[0;32m276H[0;37m [0;32m118M[0;37m 13725–æ –ó–∞—É—á:0 –í—ã—Ö:> ˇ˘
[1;33m–ë–∞–∑–∞—Ä : –Ω–æ–≤—ã–π –ª–æ—Ç (65) - —É—Å –º–æ—Ä–∂–∞ - —Ü–µ–Ω–∞ 5000 –∫—É–Ω. 

[0;0m
[0;32m276H[0;37m [0;32m118M[0;37m 13725–æ –ó–∞—É—á:0 –í—ã—Ö:> ˇ˘
–í—ã –≥–æ—Ç–æ–≤—ã —Å–æ–∂—Ä–∞—Ç—å –±—ã–∫–∞.
–í–∞–º —Ö–æ—á–µ—Ç—Å—è –≤—ã–ø–∏—Ç—å –æ–∑–µ—Ä–æ.

[0;32m276H[0;37m [0;32m118M[0;37m 13725–æ –ó–∞—É—á:0 –í—ã—Ö:> ˇ˘
[1;31m–ú–∏–Ω—É–ª —á–∞—Å.[0;37m

[0;32m276H[0;37m [0;32m118M[0;37m 13725–æ –ó–∞—É—á:0 –í—ã—Ö:> ˇ˘
–í—ã –≥–æ—Ç–æ–≤—ã —Å–æ–∂—Ä–∞—Ç—å –±—ã–∫–∞.
–í–∞–º —Ö–æ—á–µ—Ç—Å—è –≤—ã–ø–∏—Ç—å –æ–∑–µ—Ä–æ.

[0;32m276H[0;37m [0;32m118M[0;37m 13725–æ –ó–∞—É—á:0 –í—ã—Ö:> ˇ˘
[0;33m–õ–∏–∑–æ—Ä –∑–∞–º–µ—Ç–∏–ª : '–ø–æ—Å–ª–µ–¥–Ω–∏–π —Ä–∞–∑ –≤ 15–æ–º –≥–æ–¥—É –µ—â–µ –≤ —Ç–æ–ø–µ –±—ã–ª) –∞ —Å–µ–≥–æ–¥–Ω—è 44—ã–π) —Ñ–∏–≥–∞—Å–µ –≤—ã —Ç—É—Ç –∫–∞—á–∞–µ—Ç–µ—Å—å ) –∑–∞ 5 –ª–µ—Ç –±–æ–ª—å—à–µ —á–µ–º —è –∑–∞ 10) '
[0;37m
[0;32m276H[0;37m [0;32m118M[0;37m 13725–æ –ó–∞—É—á:0 –í—ã—Ö:> ˇ˘
[0;33m–ö—Ç–æ-—Ç–æ –∑–∞–º–µ—Ç–∏–ª : '–≤ 15-–º –≥–æ–¥—É —Ç–æ–ø –∑–æ–Ω–∞ –±—ã–ª–∞ —Ä–∏–ø–µ–∏?'
[0;37m
[0;32m276H[0;37m [0;32m118M[0;37m 13725–æ –ó–∞—É—á:0 –í—ã—Ö:> ˇ˘
–í—ã –≥–æ—Ç–æ–≤—ã —Å–æ–∂—Ä–∞—Ç—å –±—ã–∫–∞.
–í–∞–º —Ö–æ—á–µ—Ç—Å—è –≤—ã–ø–∏—Ç—å –æ–∑–µ—Ä–æ.

[0;32m276H[0;37m [0;32m118M[0;37m 13725–æ –ó–∞—É—á:0 –í—ã—Ö:> ˇ˘
[0;33m–õ–∏–∑–æ—Ä –∑–∞–º–µ—Ç–∏–ª : '–∞ —â–∞—Å —á—Ç–æ –Ω–µ—Ç?! )'
[0;37m
[0;32m276H[0;37m [0;32m118M[0;37m 13725–æ –ó–∞—É—á:0 –í—ã—Ö:> ˇ˘
[1;33m–ë–∞–∑–∞—Ä : –Ω–æ–≤—ã–π –ª–æ—Ç (149) - —à—Ç–∞–Ω—ã –ª–µ—Å–æ—Ä—É–±–∞ - —Ü–µ–Ω–∞ 10000 –∫—É–Ω. 

[0;0m
[0;32m276H[0;37m [0;32m118M[0;37m 13725–æ –ó–∞—É—á:0 –í—ã—Ö:> ˇ˘
[0;33m–ö—Ç–æ-—Ç–æ –∑–∞–º–µ—Ç–∏–ª : '–∞ —Å–µ–π—á–∞—Å —ç—Ç–æ –∑–æ–Ω–∞ –Ω–∞ –¥–≤–æ–∏—Ö-—Ç—Ä–æ–∏—Ö)'
[0;37m
[0;32m276H[0;37m [0;32m118M[0;37m 13725–æ –ó–∞—É—á:0 –í—ã—Ö:> ˇ˘
[1;31m–ú–∏–Ω—É–ª —á–∞—Å.[0;37m

[0;32m276H[0;37m [0;32m118M[0;37m 13725–æ –ó–∞—É—á:0 –í—ã—Ö:> ˇ˘
–í—ã –≥–æ—Ç–æ–≤—ã —Å–æ–∂—Ä–∞—Ç—å –±—ã–∫–∞.
–í–∞–º —Ö–æ—á–µ—Ç—Å—è –≤—ã–ø–∏—Ç—å –æ–∑–µ—Ä–æ.

[0;32m276H[0;37m [0;32m118M[0;37m 13725–æ –ó–∞—É—á:0 –í—ã—Ö:> ˇ˘
[1;33m–ë–∞–∑–∞—Ä : –Ω–æ–≤—ã–π –ª–æ—Ç (153) - –∫–∞–º–∑–æ–ª —Å–ª—É–≥–∏ - —Ü–µ–Ω–∞ 6000 –∫—É–Ω. 

[0;0m
[0;32m276H[0;37m [0;32m118M[0;37m 13725–æ –ó–∞—É—á:0 –í—ã—Ö:> ˇ˘
[0;33m–õ–∏–∑–æ—Ä –∑–∞–º–µ—Ç–∏–ª : '—á–µ –ø—Ä—è–º —Ü–µ–ª–∏–∫–æ–º —Ä–∏–ø–µ–∏ –≤–¥–≤–æ–µ–º-–≤—Ç—Ä–æ–µ–º? )'
[0;37m
[0;32m276H[0;37m [0;32m118M[0;37m 13725–æ –ó–∞—É—á:0 –í—ã—Ö:> ˇ˘
–í—ã –≥–æ—Ç–æ–≤—ã —Å–æ–∂—Ä–∞—Ç—å –±—ã–∫–∞.
–í–∞–º —Ö–æ—á–µ—Ç—Å—è –≤—ã–ø–∏—Ç—å –æ–∑–µ—Ä–æ.

[0;32m276H[0;37m [0;32m118M[0;37m 13725–æ –ó–∞—É—á:0 –í—ã—Ö:> ˇ˘
[0;33m–ö—Ç–æ-—Ç–æ –∑–∞–º–µ—Ç–∏–ª : '–Ω–∞ –º–æ—Å—Ç—É –Ω–µ –≤—ã–¥–∞—é—Ç —Ü–µ–ª–∏ –¥–ª—è –±–∞—à–∞!'
[0;37m
[0;32m276H[0;37m [0;32m118M[0;37m 13725–æ –ó–∞—É—á:0 –í—ã—Ö:> ˇ˘
[0;33m–õ–∏–∑–æ—Ä –∑–∞–º–µ—Ç–∏–ª : '–∫–æ–Ω–µ—á–Ω–æ, —Ç–∞–º –≤–µ–¥—å –±–æ—Ç—ã –Ω–∞ –∞–≤—Ç–æ—Ü–µ–ª—è—Ö —Ö–æ–¥—è—Ç ) '
[0;37m
[0;32m276H[0;37m [0;32m118M[0;37m 13725–æ –ó–∞—É—á:0 –í—ã—Ö:> ˇ˘[1;36m–ü–æ—Å—Ç–æ—è–ª—ã–π –¥–≤–æ—Ä [5001][0;37m
   –î–µ—Ä–µ–≤–Ω—è —Ö–æ—Ç—å –∏ –Ω–µ–±–æ–ª—å—à–∞—è, –Ω–æ –ø–æ—Å—Ç–æ—è–ª—ã–π –¥–≤–æ—Ä –∏–º–µ–µ—Ç—Å—è, –¥–ª—è –∑–∞–µ–∑–∂–∏—Ö –≥–æ—Å—Ç–µ–π,
—á—Ç–æ–±—ã –±—ã–ª–æ –≥–¥–µ –ø–µ—Ä–µ–≤–µ—Å—Ç–∏ –¥—É—Ö, –µ–¥–æ–π –∏ –ø–∏—Ç—å–µ–º –∑–∞–ø–∞—Å—Ç–∏—Å—å. –ê –µ—Å–ª–∏ –Ω–∞ –¥–≤–æ—Ä–µ —É–∂
–Ω–æ—á—å –∏–ª—å –ø—Ä–æ—Å—Ç–æ –Ω–∞–¥–æ –æ—Å—Ç–∞–Ω–æ–≤–∏—Ç—Å—è –Ω–∞ –¥–µ–Ω—å –¥—Ä—É–≥–æ–π –≤ –¥–µ—Ä–µ–≤–Ω–µ, –∞ —Ä–æ–¥—Å—Ç–≤–µ–Ω–Ω–∏–∫–æ–≤
–Ω–µ—Ç, —Ç–∞–∫ –º–æ–∂–Ω–æ –∏ –ø–µ—Ä–µ–Ω–æ—á–µ–≤–∞—Ç—å –≤ –≥–æ—Ä–Ω–∏—Ü–∞—Ö –Ω–∞–≤–µ—Ä—Ö—É.
[0;36m[ Exits: w u ][0;37m
[1;33m[1;31m–°–µ–¥–æ–≤–ª–∞—Å—ã–π —Å–∫–∞–∑–∏—Ç–µ–ª—å –≥–æ—Ç–æ–≤ –ø–æ–¥–µ–ª–∏—Ç—å—Å—è —Å –í–∞–º–∏ –∏–Ω—Ç–µ—Ä–µ—Å–Ω–æ–π –∏—Å—Ç–æ—Ä–∏–µ–π.
–¢—Ä–∞–∫—Ç–∏—Ä—â–∏–∫ –æ—Ç–¥—ã—Ö–∞–µ—Ç –∑–∞ —Å—Ç–æ–π–∫–æ–π.
[0;0m
–î–µ—Ä–µ–≤–Ω—è —É —Ä–µ–∫–∏ (2-–∞—è —Ä–æ–¥–æ–≤–∞—è).

[0;32m276H[0;37m [0;32m118M[0;37m 13725–æ –ó–∞—É—á:0 –í—ã—Ö:–ó^> ˇ˘
[1;31m–ú–∏–Ω—É–ª —á–∞—Å.[0;37m

[0;32m276H[0;37m [0;32m118M[0;37m 13725–æ –ó–∞—É—á:0 –í—ã—Ö:–ó^> ˇ˘
–í—ã –≥–æ—Ç–æ–≤—ã —Å–æ–∂—Ä–∞—Ç—å –±—ã–∫–∞.
–í–∞–º —Ö–æ—á–µ—Ç—Å—è –≤—ã–ø–∏—Ç—å –æ–∑–µ—Ä–æ.

[0;32m276H[0;37m [0;32m118M[0;37m 13725–æ –ó–∞—É—á:0 –í—ã—Ö:–ó^> ˇ˘
[0;33m–õ–∏–∑–æ—Ä –∑–∞–º–µ—Ç–∏–ª : '–ª–∞–¥–Ω–æ —à—É—á—É, –ª–µ—à–∫–æ —ç–π—Ä–∞—Ä –∏–ª–∏ –≥–ª–µ–±, —Å –ø–∏—Ç–µ—Ä–∞ –∫—Ç–æ-–Ω–∏—Ç—å –µ—Å—Ç—å —Ç—É—Ç? ) –∫–∞–∫ —Å —ç—Ç–∏–º–∏ –º–æ–∂–Ω–æ —Å–≤—è–∑–∞—Ç—å—Å—è'
[0;37m
[0;32m276H[0;37m [0;32m118M[0;37m 13725–æ –ó–∞—É—á:0 –í—ã—Ö:–ó^> ˇ˘
[0;33m–ö—Ç–æ-—Ç–æ –∑–∞–º–µ—Ç–∏–ª : '–ø—Ä–∏–≤–µ—Ç –ª–∏–∑—É–Ω)'
[0;37m
[0;32m276H[0;37m [0;32m118M[0;37m 13725–æ –ó–∞—É—á:0 –í—ã—Ö:–ó^> ˇ˘
[0;33m–ö—Ç–æ-—Ç–æ –∑–∞–º–µ—Ç–∏–ª : '–ª–µ—à–∫–æ –∏–≥—Ä–∞–µ—Ç)'
[0;37m
[0;32m276H[0;37m [0;32m118M[0;37m 13725–æ –ó–∞—É—á:0 –í—ã—Ö:–ó^> ˇ˘
[0;33m–õ–∏–∑–æ—Ä –∑–∞–º–µ—Ç–∏–ª : '–ø—Ä–∏–≤–µ—Ç, –º–Ω–µ —Ç–∞–∫ —Ç–æ —É–∂–µ –∑–∞ 30 –ª–µ—Ç) —Ç–∞–∫ —á—Ç–æ –∑–æ–≤–∏ –º–µ–Ω—è –û–±–ª–∏–∑—É–Ω!'
[0;37m
[0;32m276H[0;37m [0;32m118M[0;37m 13725–æ –ó–∞—É—á:0 –í—ã—Ö:–ó^> ˇ˘
–í—ã –≥–æ—Ç–æ–≤—ã —Å–æ–∂—Ä–∞—Ç—å –±—ã–∫–∞.
–í–∞–º —Ö–æ—á–µ—Ç—Å—è –≤—ã–ø–∏—Ç—å –æ–∑–µ—Ä–æ.

[0;32m276H[0;37m [0;32m118M[0;37m 13725–æ –ó–∞—É—á:0 –í—ã—Ö:–ó^> ˇ˘
[0;33m–õ–∏–∑–æ—Ä –∑–∞–º–µ—Ç–∏–ª : ')) '
[0;37m
[0;32m276H[0;37m [0;32m118M[0;37m 13725–æ –ó–∞—É—á:0 –í—ã—Ö:–ó^> ˇ˘
[0;33m–î–∞–Ω—å–∫–∞ –∑–∞–º–µ—Ç–∏–ª : '–Ω–µ –≤—ã–¥–∞—é—Ç —Ü–µ–ª–∏ –¥–ª—è –±–∞—à–∞ –ø–æ—Ç–æ–º—É —á—Ç–æ –±–∞—à –≥–∞–≤–Ω–æ!'
[0;37m
[0;32m276H[0;37m [0;32m118M[0;37m 13725–æ –ó–∞—É—á:0 –í—ã—Ö:–ó^> ˇ˘
[0;33m–ö—Ç–æ-—Ç–æ –∑–∞–º–µ—Ç–∏–ª : '–ª–µ—à–∏–π –∫–∞–∂–¥—ã–π –¥–µ–Ω—å –∑–∞—Ö–æ–¥–∏—Ç'
[0;37m
[0;32m276H[0;37m [0;32m118M[0;37m 13725–æ –ó–∞—É—á:0 –í—ã—Ö:–ó^> ˇ˘
[0;33m–õ–∏–∑–æ—Ä –∑–∞–º–µ—Ç–∏–ª : '—Ñ–∏–≥–∞—Å–µ) –∑–∞–π–¥—É –∫–∞–∫-–Ω–∏—Ç—å –≤—Å—Ç—Ä–µ—á—É –µ–≥–æ —Ç–æ–≥–¥–∞)'
[0;37m
[0;32m276H[0;37m [0;32m118M[0;37m 13725–æ –ó–∞—É—á:0 –í—ã—Ö:–ó^> ˇ˘
[1;31m–ú–∏–Ω—É–ª —á–∞—Å.[0;37m

[0;32m276H[0;37m [0;32m118M[0;37m 13725–æ –ó–∞—É—á:0 –í—ã—Ö:–ó^> ˇ˘
–í—ã –≥–æ—Ç–æ–≤—ã —Å–æ–∂—Ä–∞—Ç—å –±—ã–∫–∞.
–í–∞–º —Ö–æ—á–µ—Ç—Å—è –≤—ã–ø–∏—Ç—å –æ–∑–µ—Ä–æ.

[0;32m276H[0;37m [0;32m118M[0;37m 13725–æ –ó–∞—É—á:0 –í—ã—Ö:–ó^> ˇ˘
[0;33m–ö—Ç–æ-—Ç–æ –∑–∞–º–µ—Ç–∏–ª : '–∞ —Ç—É—Ç –µ—Å—Ç—å —Ç–µ, –∫–æ–º—É –Ω–µ –∑–∞ 30?'
[0;37m
[0;32m276H[0;37m [0;32m118M[0;37m 13725–æ –ó–∞—É—á:0 –í—ã—Ö:–ó^> ˇ˘
[0;33m–ö—Ç–æ-—Ç–æ –∑–∞–º–µ—Ç–∏–ª : '–¥–∞, —Ç–µ–º –∫–æ–º—É –∑–∞ 40'
[0;37m
[0;32m276H[0;37m [0;32m118M[0;37m 13725–æ –ó–∞—É—á:0 –í—ã—Ö:–ó^> ˇ˘
[0;33m–ö—Ç–æ-—Ç–æ –∑–∞–º–µ—Ç–∏–ª : '—Ç—É—Ç —É–∂–µ –±–ª–∏–∂–µ –∫ 40–∫–∞)'
[0;37m
[0;32m276H[0;37m [0;32m118M[0;37m 13725–æ –ó–∞—É—á:0 –í—ã—Ö:–ó^> ˇ˘
[0;33m–ö—Ç–æ-—Ç–æ –∑–∞–º–µ—Ç–∏–ª : '–Ω—É —Ä–∞–∑–≤–µ —Ç–æ–ª—å–∫–æ —Ç–∞–∫)'
[0;37m
[0;32m276H[0;37m [0;32m118M[0;37m 13725–æ –ó–∞—É—á:0 –í—ã—Ö:–ó^> ˇ˘
[0;33m–ö—Ç–æ-—Ç–æ –∑–∞–º–µ—Ç–∏–ª : '–∏ –∑–∞ 50'
[0;37m
[0;32m276H[0;37m [0;32m118M[0;37m 13725–æ –ó–∞—É—á:0 –í—ã—Ö:–ó^> ˇ˘
[0;33m–õ–∏–∑–æ—Ä –∑–∞–º–µ—Ç–∏–ª : '—è –±—ã–ª –æ–¥–Ω–∏–º –∏–∑ —Å–∞–º—ã—Ö –º–æ–ª–æ–¥—ã—Ö –≤ –∫–ª–∞–Ω–µ –≤ —Å–≤–æ–µ –≤—Ä–µ–º—è)'
[0;37m
[0;32m276H[0;37m [0;32m118M[0;37m 13725–æ –ó–∞—É—á:0 –í—ã—Ö:–ó^> ˇ˘
[0;33m–î–∞–Ω—å–∫–∞ –∑–∞–º–µ—Ç–∏–ª : '–∫–∞–∫–æ–π —Ç–∞–º –∑–∞ 50, —è –Ω–∞ –ø–µ–Ω—Å–∏—é –≤—ã—à–µ–ª 8 –ª–µ—Ç –Ω–∞–∑–∞–¥'
[0;37m
[0;32m276H[0;37m [0;32m118M[0;37m 13725–æ –ó–∞—É—á:0 –í—ã—Ö:–ó^> ˇ˘
–í—ã –≥–æ—Ç–æ–≤—ã —Å–æ–∂—Ä–∞—Ç—å –±—ã–∫–∞.
–í–∞–º —Ö–æ—á–µ—Ç—Å—è –≤—ã–ø–∏—Ç—å –æ–∑–µ—Ä–æ.

[0;32m276H[0;37m [0;32m118M[0;37m 13725–æ –ó–∞—É—á:0 –í—ã—Ö:–ó^> ˇ˘
[1;31m–ú–∏–Ω—É–ª —á–∞—Å.[0;37m

[0;32m276H[0;37m [0;32m118M[0;37m 13725–æ –ó–∞—É—á:0 –í—ã—Ö:–ó^> ˇ˘
–í—ã –≥–æ—Ç–æ–≤—ã —Å–æ–∂—Ä–∞—Ç—å –±—ã–∫–∞.
–í–∞–º —Ö–æ—á–µ—Ç—Å—è –≤—ã–ø–∏—Ç—å –æ–∑–µ—Ä–æ.

[0;32m276H[0;37m [0;32m118M[0;37m 13725–æ –ó–∞—É—á:0 –í—ã—Ö:–ó^> ˇ˘
[0;33m–õ–∏–∑–æ—Ä –∑–∞–º–µ—Ç–∏–ª : '—â–∞—Å –Ω–∞–≤–µ—Ä–Ω–æ –∫–æ–º—É –º–µ–Ω—å—à–µ 30 —Ç—É—Ç –Ω–µ –æ—Å—Ç–∞–ª–æ—Å—å —Å–æ–≤—Å–µ–º ? )'
[0;37m
[0;32m276H[0;37m [0;32m118M[0;37m 13725–æ –ó–∞—É—á:0 –í—ã—Ö:–ó^> ˇ˘
–í—ã –≥–æ—Ç–æ–≤—ã —Å–æ–∂—Ä–∞—Ç—å –±—ã–∫–∞.
–í–∞–º —Ö–æ—á–µ—Ç—Å—è –≤—ã–ø–∏—Ç—å –æ–∑–µ—Ä–æ.

[0;32m276H[0;37m [0;32m118M[0;37m 13725–æ –ó–∞—É—á:0 –í—ã—Ö:–ó^> ˇ˘
[1;31m–ú–∏–Ω—É–ª —á–∞—Å.[0;37m

[0;32m276H[0;37m [0;32m118M[0;37m 13725–æ –ó–∞—É—á:0 –í—ã—Ö:–ó^> ˇ˘
–í—ã –≥–æ—Ç–æ–≤—ã —Å–æ–∂—Ä–∞—Ç—å –±—ã–∫–∞.
–í–∞–º —Ö–æ—á–µ—Ç—Å—è –≤—ã–ø–∏—Ç—å –æ–∑–µ—Ä–æ.

[0;32m276H[0;37m [0;32m118M[0;37m 13725–æ –ó–∞—É—á:0 –í—ã—Ö:–ó^> ˇ˘
[0;33m–í–æ—è–Ω –∑–∞–º–µ—Ç–∏–ª : '–¥–∞ —ç—Ç–æ –∏–Ω—Ç–µ—Ä–∞–∫—Ç–∏–≤–Ω—ã–π —á–∞—Ç –¥–ª—è —Å—Ç–∞—Ä–∏—á–∫–æ–≤ —É–∂–µ –¥–∞–≤–Ω–æ)'
[0;37m
[0;32m276H[0;37m [0;32m118M[0;37m 13725–æ –ó–∞—É—á:0 –í—ã—Ö:–ó^> ˇ˘
–í—ã –≥–æ—Ç–æ–≤—ã —Å–æ–∂—Ä–∞—Ç—å –±—ã–∫–∞.
–í–∞–º —Ö–æ—á–µ—Ç—Å—è –≤—ã–ø–∏—Ç—å –æ–∑–µ—Ä–æ.

[0;32m276H[0;37m [0;32m118M[0;37m 13725–æ –ó–∞—É—á:0 –í—ã—Ö:–ó^> ˇ˘
[1;31m–ú–∏–Ω—É–ª —á–∞—Å.[0;37m

[0;32m276H[0;37m [0;32m118M[0;37m 13725–æ –ó–∞—É—á:0 –í—ã—Ö:–ó^> ˇ˘
–í—ã –≥–æ—Ç–æ–≤—ã —Å–æ–∂—Ä–∞—Ç—å –±—ã–∫–∞.
–í–∞–º —Ö–æ—á–µ—Ç—Å—è –≤—ã–ø–∏—Ç—å –æ–∑–µ—Ä–æ.

[0;32m276H[0;37m [0;32m118M[0;37m 13725–æ –ó–∞—É—á:0 –í—ã—Ö:–ó^> ˇ˘
–í—ã –≥–æ—Ç–æ–≤—ã —Å–æ–∂—Ä–∞—Ç—å –±—ã–∫–∞.
–í–∞–º —Ö–æ—á–µ—Ç—Å—è –≤—ã–ø–∏—Ç—å –æ–∑–µ—Ä–æ.

[0;32m276H[0;37m [0;32m118M[0;37m 13725–æ –ó–∞—É—á:0 –í—ã—Ö:–ó^> ˇ˘
[1;31m–ú–∏–Ω—É–ª —á–∞—Å.[0;37m

[0;32m276H[0;37m [0;32m118M[0;37m 13725–æ –ó–∞—É—á:0 –í—ã—Ö:–ó^> ˇ˘
–í—ã –≥–æ—Ç–æ–≤—ã —Å–æ–∂—Ä–∞—Ç—å –±—ã–∫–∞.
–í–∞–º —Ö–æ—á–µ—Ç—Å—è –≤—ã–ø–∏—Ç—å –æ–∑–µ—Ä–æ.
–í—ã –ø—Ä–æ–ø–∞–ª–∏ –≤ –ø—É—Å—Ç–æ—Ç–µ —ç—Ç–æ–≥–æ –º–∏—Ä–∞.

[0;32m276H[0;37m [0;32m118M[0;37m 13725–æ –ó–∞—É—á:0 –í—ã—Ö:> ˇ˘
–í—ã –≥–æ—Ç–æ–≤—ã —Å–æ–∂—Ä–∞—Ç—å –±—ã–∫–∞.
–í–∞–º —Ö–æ—á–µ—Ç—Å—è –≤—ã–ø–∏—Ç—å –æ–∑–µ—Ä–æ.

[0;32m276H[0;37m [0;32m118M[0;37m 13725–æ –ó–∞—É—á:0 –í—ã—Ö:> ˇ˘
[1;31m–ú–∏–Ω—É–ª —á–∞—Å.[0;37m

[0;32m276H[0;37m [0;32m118M[0;37m 13725–æ –ó–∞—É—á:0 –í—ã—Ö:> ˇ˘
–í—ã –≥–æ—Ç–æ–≤—ã —Å–æ–∂—Ä–∞—Ç—å –±—ã–∫–∞.
–í–∞–º —Ö–æ—á–µ—Ç—Å—è –≤—ã–ø–∏—Ç—å –æ–∑–µ—Ä–æ.

[0;32m276H[0;37m [0;32m118M[0;37m 13725–æ –ó–∞—É—á:0 –í—ã—Ö:> ˇ˘
–í—ã –≥–æ—Ç–æ–≤—ã —Å–æ–∂—Ä–∞—Ç—å –±—ã–∫–∞.
–í–∞–º —Ö–æ—á–µ—Ç—Å—è –≤—ã–ø–∏—Ç—å –æ–∑–µ—Ä–æ.

[0;32m276H[0;37m [0;32m118M[0;37m 13725–æ –ó–∞—É—á:0 –í—ã—Ö:> ˇ˘
[1;31m–ú–∏–Ω—É–ª —á–∞—Å.[0;37m

[0;32m276H[0;37m [0;32m118M[0;37m 13725–æ –ó–∞—É—á:0 –í—ã—Ö:> ˇ˘
–í—ã –≥–æ—Ç–æ–≤—ã —Å–æ–∂—Ä–∞—Ç—å –±—ã–∫–∞.
–í–∞–º —Ö–æ—á–µ—Ç—Å—è –≤—ã–ø–∏—Ç—å –æ–∑–µ—Ä–æ.

[0;32m276H[0;37m [0;32m118M[0;37m 13725–æ –ó–∞—É—á:0 –í—ã—Ö:> ˇ˘
–í—ã –≥–æ—Ç–æ–≤—ã —Å–æ–∂—Ä–∞—Ç—å –±—ã–∫–∞.
–í–∞–º —Ö–æ—á–µ—Ç—Å—è –≤—ã–ø–∏—Ç—å –æ–∑–µ—Ä–æ.

[0;32m276H[0;37m [0;32m118M[0;37m 13725–æ –ó–∞—É—á:0 –í—ã—Ö:> ˇ˘
[1;31m–ú–∏–Ω—É–ª —á–∞—Å.[0;37m

[0;32m276H[0;37m [0;32m118M[0;37m 13725–æ –ó–∞—É—á:0 –í—ã—Ö:> ˇ˘
–í—ã –≥–æ—Ç–æ–≤—ã —Å–æ–∂—Ä–∞—Ç—å –±—ã–∫–∞.
–í–∞–º —Ö–æ—á–µ—Ç—Å—è –≤—ã–ø–∏—Ç—å –æ–∑–µ—Ä–æ.

[0;32m276H[0;37m [0;32m118M[0;37m 13725–æ –ó–∞—É—á:0 –í—ã—Ö:> ˇ˘
–í—ã –≥–æ—Ç–æ–≤—ã —Å–æ–∂—Ä–∞—Ç—å –±—ã–∫–∞.
–í–∞–º —Ö–æ—á–µ—Ç—Å—è –≤—ã–ø–∏—Ç—å –æ–∑–µ—Ä–æ.

[0;32m276H[0;37m [0;32m118M[0;37m 13725–æ –ó–∞—É—á:0 –í—ã—Ö:> ˇ˘
[1;31m–ú–∏–Ω—É–ª —á–∞—Å.[0;37m

[0;32m276H[0;37m [0;32m118M[0;37m 13725–æ –ó–∞—É—á:0 –í—ã—Ö:> ˇ˘
–í—ã –≥–æ—Ç–æ–≤—ã —Å–æ–∂—Ä–∞—Ç—å –±—ã–∫–∞.
–í–∞–º —Ö–æ—á–µ—Ç—Å—è –≤—ã–ø–∏—Ç—å –æ–∑–µ—Ä–æ.

[0;32m276H[0;37m [0;32m118M[0;37m 13725–æ –ó–∞—É—á:0 –í—ã—Ö:> ˇ˘
–í—ã –≥–æ—Ç–æ–≤—ã —Å–æ–∂—Ä–∞—Ç—å –±—ã–∫–∞.
–í–∞–º —Ö–æ—á–µ—Ç—Å—è –≤—ã–ø–∏—Ç—å –æ–∑–µ—Ä–æ.

[0;32m276H[0;37m [0;32m118M[0;37m 13725–æ –ó–∞—É—á:0 –í—ã—Ö:> ˇ˘
[1;31m–ú–∏–Ω—É–ª —á–∞—Å.[0;37m

[0;32m276H[0;37m [0;32m118M[0;37m 13725–æ –ó–∞—É—á:0 –í—ã—Ö:> ˇ˘
–í—ã –≥–æ—Ç–æ–≤—ã —Å–æ–∂—Ä–∞—Ç—å –±—ã–∫–∞.
–í–∞–º —Ö–æ—á–µ—Ç—Å—è –≤—ã–ø–∏—Ç—å –æ–∑–µ—Ä–æ.

[0;32m276H[0;37m [0;32m118M[0;37m 13725–æ –ó–∞—É—á:0 –í—ã—Ö:> ˇ˘
–í—ã –≥–æ—Ç–æ–≤—ã —Å–æ–∂—Ä–∞—Ç—å –±—ã–∫–∞.
–í–∞–º —Ö–æ—á–µ—Ç—Å—è –≤—ã–ø–∏—Ç—å –æ–∑–µ—Ä–æ.

[0;32m276H[0;37m [0;32m118M[0;37m 13725–æ –ó–∞—É—á:0 –í—ã—Ö:> ˇ˘
[1;31m–ú–∏–Ω—É–ª —á–∞—Å.[0;37m

[0;32m276H[0;37m [0;32m118M[0;37m 13725–æ –ó–∞—É—á:0 –í—ã—Ö:> ˇ˘
–í—ã –≥–æ—Ç–æ–≤—ã —Å–æ–∂—Ä–∞—Ç—å –±—ã–∫–∞.
–í–∞–º —Ö–æ—á–µ—Ç—Å—è –≤—ã–ø–∏—Ç—å –æ–∑–µ—Ä–æ.

[0;32m276H[0;37m [0;32m118M[0;37m 13725–æ –ó–∞—É—á:0 –í—ã—Ö:> ˇ˘
–í—ã –≥–æ—Ç–æ–≤—ã —Å–æ–∂—Ä–∞—Ç—å –±—ã–∫–∞.
–í–∞–º —Ö–æ—á–µ—Ç—Å—è –≤—ã–ø–∏—Ç—å –æ–∑–µ—Ä–æ.

[0;32m276H[0;37m [0;32m118M[0;37m 13725–æ –ó–∞—É—á:0 –í—ã—Ö:> ˇ˘
[1;31m–ú–∏–Ω—É–ª —á–∞—Å.[0;37m

[0;32m276H[0;37m [0;32m118M[0;37m 13725–æ –ó–∞—É—á:0 –í—ã—Ö:> ˇ˘
–í—ã –≥–æ—Ç–æ–≤—ã —Å–æ–∂—Ä–∞—Ç—å –±—ã–∫–∞.
–í–∞–º —Ö–æ—á–µ—Ç—Å—è –≤—ã–ø–∏—Ç—å –æ–∑–µ—Ä–æ.

[0;32m276H[0;37m [0;32m118M[0;37m 13725–æ –ó–∞—É—á:0 –í—ã—Ö:> ˇ˘
–í—ã –≥–æ—Ç–æ–≤—ã —Å–æ–∂—Ä–∞—Ç—å –±—ã–∫–∞.
–í–∞–º —Ö–æ—á–µ—Ç—Å—è –≤—ã–ø–∏—Ç—å –æ–∑–µ—Ä–æ.

[0;32m276H[0;37m [0;32m118M[0;37m 13725–æ –ó–∞—É—á:0 –í—ã—Ö:> ˇ˘
[1;31m–ú–∏–Ω—É–ª —á–∞—Å.[0;37m

[0;32m276H[0;37m [0;32m118M[0;37m 13725–æ –ó–∞—É—á:0 –í—ã—Ö:> ˇ˘
–í—ã –≥–æ—Ç–æ–≤—ã —Å–æ–∂—Ä–∞—Ç—å –±—ã–∫–∞.
–í–∞–º —Ö–æ—á–µ—Ç—Å—è –≤—ã–ø–∏—Ç—å –æ–∑–µ—Ä–æ.

[0;32m276H[0;37m [0;32m118M[0;37m 13725–æ –ó–∞—É—á:0 –í—ã—Ö:> ˇ˘
–í—ã –≥–æ—Ç–æ–≤—ã —Å–æ–∂—Ä–∞—Ç—å –±—ã–∫–∞.
–í–∞–º —Ö–æ—á–µ—Ç—Å—è –≤—ã–ø–∏—Ç—å –æ–∑–µ—Ä–æ.

[0;32m276H[0;37m [0;32m118M[0;37m 13725–æ –ó–∞—É—á:0 –í—ã—Ö:> ˇ˘
[1;31m–ú–∏–Ω—É–ª —á–∞—Å.[0;37m

[0;32m276H[0;37m [0;32m118M[0;37m 13725–æ –ó–∞—É—á:0 –í—ã—Ö:> ˇ˘
–í—ã –≥–æ—Ç–æ–≤—ã —Å–æ–∂—Ä–∞—Ç—å –±—ã–∫–∞.
–í–∞–º —Ö–æ—á–µ—Ç—Å—è –≤—ã–ø–∏—Ç—å –æ–∑–µ—Ä–æ.

[0;32m276H[0;37m [0;32m118M[0;37m 13725–æ –ó–∞—É—á:0 –í—ã—Ö:> ˇ˘
–í—ã –≥–æ—Ç–æ–≤—ã —Å–æ–∂—Ä–∞—Ç—å –±—ã–∫–∞.
–í–∞–º —Ö–æ—á–µ—Ç—Å—è –≤—ã–ø–∏—Ç—å –æ–∑–µ—Ä–æ.

[0;32m276H[0;37m [0;32m118M[0;37m 13725–æ –ó–∞—É—á:0 –í—ã—Ö:> ˇ˘
[1;31m–ú–∏–Ω—É–ª —á–∞—Å.[0;37m

[0;32m276H[0;37m [0;32m118M[0;37m 13725–æ –ó–∞—É—á:0 –í—ã—Ö:> ˇ˘
–í—ã –≥–æ—Ç–æ–≤—ã —Å–æ–∂—Ä–∞—Ç—å –±—ã–∫–∞.
–í–∞–º —Ö–æ—á–µ—Ç—Å—è –≤—ã–ø–∏—Ç—å –æ–∑–µ—Ä–æ.

[0;32m276H[0;37m [0;32m118M[0;37m 13725–æ –ó–∞—É—á:0 –í—ã—Ö:> ˇ˘
–í—ã –≥–æ—Ç–æ–≤—ã —Å–æ–∂—Ä–∞—Ç—å –±—ã–∫–∞.
–í–∞–º —Ö–æ—á–µ—Ç—Å—è –≤—ã–ø–∏—Ç—å –æ–∑–µ—Ä–æ.

[0;32m276H[0;37m [0;32m118M[0;37m 13725–æ –ó–∞—É—á:0 –í—ã—Ö:> ˇ˘–≠—Ç–∞ –∫–æ–º–∞–Ω–¥–∞ –Ω–µ–¥–æ—Å—Ç—É–ø–Ω–∞ –≤ —ç—Ç–æ–º –º–µ—Å—Ç–µ!

[0;32m276H[0;37m [0;32m118M[0;37m 13725–æ –ó–∞—É—á:0 –í—ã—Ö:–ó^> ˇ˘–í—ã –ø–æ–ø–ª–µ–ª–∏—Å—å –≤–≤–µ—Ä—Ö.
[1;36m–ö–æ–º–Ω–∞—Ç—ã –æ—Ç–¥—ã—Ö–∞ [5000][0;37m
   –•–æ–∑—è–∏–Ω —É—Å—Ç—Ä–æ–∏–ª –∑–¥–µ—Å—å –∫–æ–º–Ω–∞—Ç—ã –¥–ª—è –æ—Ç–¥—ã—Ö–∞. –õ—é–±–æ–π –∂–µ–ª–∞—é—â–∏–π –º–æ–∂–µ—Ç –æ—Å—Ç–∞–Ω–æ–≤–∏—Ç—å—Å—è
–∑–¥–µ—Å—å –∏ –ø–µ—Ä–µ–¥–æ—Ö–Ω—É—Ç—å –ø–æ—Å–ª–µ –¥–∞–ª—å–Ω–µ–π –¥–æ—Ä–æ–≥–∏. –°–≤–µ—Ç–ª—ã–µ –≥–æ—Ä–Ω–∏—Ü—ã —Ç–∞–∫ –∏ –ø—Ä–∏–≥–ª–∞—à–∞—é—Ç
–ø—Ä–æ–π—Ç–∏ –≤ –Ω–∏—Ö –∏ —Ä–∞—Å—Ç—è–Ω—É—Ç—å—Å—è –Ω–∞ –ø–µ—Ä–∏–Ω–µ, –Ω–∞ –ø—É—Ö–æ–≤–æ–π –¥–∞ –∑–∞–±—ã—Ç—å—Å—è —Å–Ω–æ–º –±–æ–≥–∞—Ç—ã—Ä—Å–∫–∏–º.
–ó–¥–µ—Å—å –∂–µ –º–æ–∂–Ω–æ –ø–æ–¥–æ–∂–¥–∞—Ç—å —Å–≤–æ–∏—Ö –∫–æ–º–ø–∞–Ω—å–æ–Ω–æ–≤ –ø–µ—Ä–µ–¥ –¥–æ–ª–≥–æ–π –¥–æ—Ä–æ–≥–æ–π, –ø–æ–≥–æ–≤–æ—Ä–∏—Ç—å
–æ –¥–∞–ª—å–Ω–µ–π—à–∏—Ö –ø–ª–∞–Ω–∞—Ö.
[1;32m–°–æ–≤—Å–µ–º –º–∞–ª—ã—Ö, –¥–∞ –Ω–µ –æ–±—É—á–µ–Ω–Ω—ã—Ö —Ç–∞–∫ –∏ —Ç—è–Ω–µ—Ç [1;33m–≤–æ–π—Ç–∏ [1;32m–≤ [1;33m—à–∫–æ–ª—É[1;32m.[0;0m
[0;36m[ Exits: d ][0;37m
[1;33m–î–æ—Å–∫–∞ –¥–ª—è —Ä–∞–∑–ª–∏—á–Ω—ã—Ö –∑–∞–º–µ—Ç–æ–∫ –∏ –æ–±—ä—è–≤–ª–µ–Ω–∏–π –ø—Ä–∏–±–∏—Ç–∞ —Ç—É—Ç ..–±–ª–µ—Å—Ç–∏—Ç!
[1;31m–ü–æ–ª—è–Ω–∏–Ω –î–æ—Ä–º–∞–Ω —Å—Ç–æ–∏—Ç –∑–¥–µ—Å—å. 
–•–æ–∑—è–π–∫–∞ –ø–æ—Å—Ç–æ—è–ª–æ–≥–æ –¥–≤–æ—Ä–∞ —Ä–∞—Å–ø–æ—Ä—è–∂–∞–µ—Ç—Å—è –∑–¥–µ—Å—å.
[0;0m
[0;32m276H[0;37m [0;32m117M[0;37m 13725–æ –ó–∞—É—á:0 –í—ã—Ö:v> ˇ˘–•–æ–∑—è–π–∫–∞ —Å–∫–∞–∑–∞–ª–∞ –≤–∞–º : "–û–¥–µ—Ç—ã–π —Å–ø–∞—Ç—å –±—É–¥–µ—à—å? –•–º.. –ù—É —Å–º–æ—Ç—Ä–∏, —Ç–æ–≥–¥–∞ –¥–µ—à–µ–≤–ª–µ –≤–æ–∑—å–º—É"
[1;37m - 0 –∫—É–Ω (0 –µ—Å–ª–∏ —Å–Ω—è—Ç—å) –∑–∞ –ª–µ–≥–∫–∏–π –ª–∞—Ç–Ω—ã–π –¥–æ—Å–ø–µ—Ö [0;37m
[1;37m - 0 –∫—É–Ω (0 –µ—Å–ª–∏ —Å–Ω—è—Ç—å) –∑–∞ –ª–µ–≥–∫–∏–π –ª–∞—Ç–Ω—ã–π —à–ª–µ–º [0;37m
[1;37m - 0 –∫—É–Ω (0 –µ—Å–ª–∏ —Å–Ω—è—Ç—å) –∑–∞ –ª–µ–≥–∫–∏–µ –ª–∞—Ç–Ω—ã–µ –ø–æ–Ω–æ–∂–∏ [0;37m
[1;37m - 10 –∫—É–Ω (100 –µ—Å–ª–∏ —Å–Ω—è—Ç—å) –∑–∞ –¥—Ä–∞–Ω—ã–µ —Å–∞–ø–æ–≥–∏ [0;37m
[1;37m - 24 –∫—É–Ω—ã (240 –µ—Å–ª–∏ —Å–Ω—è—Ç—å) –∑–∞ —à–∫—É—Ä—É –º–µ–¥–≤–µ–¥—è [0;37m
[1;37m - 5 –∫—É–Ω (5 –µ—Å–ª–∏ —Å–Ω—è—Ç—å) –∑–∞ —Ö–æ–ª—â–æ–≤—ã–π –º–µ—à–æ–∫ [0;37m
[1;37m - 1 –∫—É–Ω–∞ (13 –µ—Å–ª–∏ —Å–Ω—è—Ç—å) –∑–∞ –±—Ä–æ–Ω–∑–æ–≤—ã–π –∫–∏—Å—Ç–µ–Ω—å [0;37m
[1;37m - 1 –∫—É–Ω–∞ (7 –µ—Å–ª–∏ —Å–Ω—è—Ç—å) –∑–∞ –±—Ä–æ–Ω–∑–æ–≤—ã–π —Å—Ç–∏–ª–µ—Ç [0;37m
–•–æ–∑—è–π–∫–∞ —Å–∫–∞–∑–∞–ª–∞ –≤–∞–º : "–≠—Ç–æ —è –≤ —á—É–ª–∞–Ω–µ –∑–∞–ø—Ä—É:"
 - 0 –∫—É–Ω –∑–∞ –ª–æ–º–æ—Ç—å —Ö–ª–µ–±–∞ [10] 
 - 60 –∫—É–Ω (6 –µ—Å–ª–∏ –Ω–∞–¥–µ—Ç—å) –∑–∞ —Ä—ã–±—å—é –∫–æ—Å—Ç—å [2] 
 - 2 –∫—É–Ω—ã –∑–∞ –º–∞–ª—ã–π –º–µ—Ö 
 - 1 –∫—É–Ω–∞ –∑–∞ –∫—Ä—ã–Ω–∫—É —Å –º–æ–ª–æ–∫–æ–º 
 - 0 –∫—É–Ω –∑–∞ –ª–æ–º–æ—Ç—å —Ö–ª–µ–±–∞ 
–•–æ–∑—è–π–∫–∞ —Å–∫–∞–∑–∞–ª–∞ –≤–∞–º : "–í —Å—É–º–º–µ —ç—Ç–æ —Å–æ—Å—Ç–∞–≤–∏—Ç 104 –∫—É–Ω—ã –≤ –¥–µ–Ω—å ."
–•–æ–∑—è–π–∫–∞ —Å–∫–∞–∑–∞–ª–∞ –≤–∞–º : "–¢–∞–∫ —É–∂ –∏ –±—ã—Ç—å, —è —Å–∫–æ—â—É —Ç–µ–±–µ –ø–æ–ª–æ–≤–∏–Ω—É."
–•–æ–∑—è–π–∫–∞ —Å–∫–∞–∑–∞–ª–∞ –≤–∞–º :

"–ü–æ—Å—Ç–æ–π –æ–±–æ–π–¥–µ—Ç—Å—è —Ç–µ–±–µ –≤ 52 –∫—É–Ω—ã."
"–¢–≤–æ–∏—Ö –¥–µ–Ω–µ–≥ —Ö–≤–∞—Ç–∏—Ç –Ω–∞ 26 –¥–Ω–µ–π."
–•–æ–∑—è–π–∫–∞ –∑–∞–ø–µ—Ä–ª–∞ –≤–∞—à–∏ –≤–µ—â–∏ –≤ —Å—É–Ω–¥—É–∫ –∏ –ø–æ–≤–µ–ª–∞ –≤ —Ç–µ—Å–Ω—É—é –∫–∞–º–æ—Ä–∫—É.

0) –û—Ç—Å–æ–µ–¥–∏–Ω–∏—Ç—å—Å—è.
1) –ù–∞—á–∞—Ç—å –∏–≥—Ä—É.
2) –í–≤–µ—Å—Ç–∏ –æ–ø–∏—Å–∞–Ω–∏–µ –≤–∞—à–µ–≥–æ –ø–µ—Ä—Å–æ–Ω–∞–∂–∞.
3) –£–∑–Ω–∞—Ç—å –∏—Å—Ç–æ—Ä–∏—é.
4) –ò–∑–º–µ–Ω–∏—Ç—å –ø–∞—Ä–æ–ª—å.
5) –£–¥–∞–ª–∏—Ç—å –ø–µ—Ä—Å–æ–Ω–∞–∂–∞.
6) –ò–∑–º–µ–Ω–∏—Ç—å –ø–∞—Ä–∞–º–µ—Ç—Ä—ã –ø–µ—Ä—Å–æ–Ω–∞–∂–∞.
7) –í–∫–ª—é—á–∏—Ç—å/–≤—ã–∫–ª—é—á–∏—Ç—å —Ä–µ–∂–∏–º —Å–ª–µ–ø–æ–≥–æ –∏–≥—Ä–æ–∫–∞.
8) –ü–æ—Å–º–æ—Ç—Ä–µ—Ç—å –≤—Å–µ—Ö –ø–µ—Ä—Å–æ–Ω–∞–∂–µ–π –Ω–∞ –¥–∞–Ω–Ω–æ–º email'e.

   –ß–µ–≥–æ –≤–∞—à–∞ –¥—É—à–∞ –∂–µ–ª–∞–µ—Ç? ˇ˘
–î–æ –≤—Å—Ç—Ä–µ—á–∏ –Ω–∞ –∑–µ–º–ª–µ –ö–∏–µ–≤—Å–∫–æ–π.
–í —Å–ª—É—á–∞–µ –≤–∞—à–µ–≥–æ –æ—Ç—Å—É—Ç—Å—Ç–≤–∏—è –ø–µ—Ä—Å–æ–Ω–∞–∂ –±—É–¥–µ—Ç —Ö—Ä–∞–Ω–∏—Ç—å—Å—è –¥–æ 10:15:08 23 –ê–ø—Ä–µ–ª—è 2020 –≥–æ–¥–∞ –Ω–∞—à–µ–π —ç—Ä—ã :).
ˇ˘