ˇ˚Eˇ˚Vˇ˚U
Online: 110

Using keytable
  0) Koi-8
  1) Alt
  2) Windows(JMC,MMC)
  3) Windows(zMUD)
  4) Windows(zMUD 'z')
  5) UTF-8
  6) Windows(zMUD <6.39)
  9) TECT...
Select one :     
 -----------------------------------------------------------------------------                   
          Based On CircleMUD v3.0   Created by Jeremy Elson,   
          DikuMUD Gamma 0.0  by Sebastian Hammer, Michael Seifert, 
          Hans Henrik Staerfeldt, Tom Madsen, Katja Nyboe
 _____________________________________________________________________________

    #######
    ##    
    ##        ####    ####      ####  ####  ####  ####  ####  ####    ####
    #######    ######  ##     ## ##    ##  ####    ##    ##    ######  ##
    ##    ##   ##   ## ##    ##  ##    ####  ##    ########    ##   ## ##
    ##    ##   ##   ## ##    ##  ##    ###   ##    ##    ##    ##   ## ##
    #######   ####### ####  ###  ###  ####  ####  ####  ####  ####### ####

                   –ü–û –ü–†–ï–î–ê–ù–ò–Ø–ú –†–£–°–°–ö–ò–• –ù–ê–†–û–î–ù–´–• –°–ö–ê–ó–û–ö –ò –ë–´–õ–ò–ù.

             –ü–æ –∞–¥–º–∏–Ω–∏—Å—Ç—Ä–∞—Ç–∏–≤–Ω—ã–º –≤–æ–ø—Ä–æ—Å–∞–º –º–æ–∂–µ—Ç–µ —Å–≤—è–∑–∞—Ç—å—Å—è —Å –°—Ç—Ä–∏–±–æ–≥–æ–º
                	     e-mail: stribog@bylins.su

                       –ü–æ—Å–µ—Ç–∏—Ç–µ –Ω–∞—à —Å–∞–π—Ç: www.bylins.su
    –î–ª—è –±–æ–ª–µ–µ –ø–æ–¥—Ä–æ–±–Ω–æ–π –∏–≥—Ä–æ–≤–æ–π –∏–Ω—Ñ–æ—Ä–º–∞—Ü–∏–∏ –ø–æ—Å–µ—Ç–∏—Ç–µ www.bylins.su/?newbies

–í–≤–µ–¥–∏—Ç–µ –∏–º—è –ø–µ—Ä—Å–æ–Ω–∞–∂–∞ (–∏–ª–∏ "–Ω–æ–≤—ã–π" –¥–ª—è —Å–æ–∑–¥–∞–Ω–∏—è –Ω–æ–≤–æ–≥–æ): –ü–µ—Ä—Å–æ–Ω–∞–∂ —Å —Ç–∞–∫–∏–º –∏–º–µ–Ω–µ–º —É–∂–µ —Å—É—â–µ—Å—Ç–≤—É–µ—Ç. –í–≤–µ–¥–∏—Ç–µ –ø–∞—Ä–æ–ª—å : ˇ˘
–ü–µ—Ä–µ—Å–æ–µ–¥–∏–Ω—è–µ–º—Å—è.

[0;32m388H[0;37m [0;32m131M[0;37m 150230–æ –ó–∞—É—á:0 –í—ã—Ö:> ˇ˘
[1;31m–ú–∏–Ω—É–ª —á–∞—Å.[0;37m

[0;32m388H[0;37m [0;32m131M[0;37m 150230–æ –ó–∞—É—á:0 –í—ã—Ö:> ˇ˘
–í—ã –≥–æ—Ç–æ–≤—ã —Å–æ–∂—Ä–∞—Ç—å –±—ã–∫–∞.
–í–∞–º —Ö–æ—á–µ—Ç—Å—è –≤—ã–ø–∏—Ç—å –æ–∑–µ—Ä–æ.

[0;32m388H[0;37m [0;32m131M[0;37m 150230–æ –ó–∞—É—á:0 –í—ã—Ö:> ˇ˘
–í—ã –≥–æ—Ç–æ–≤—ã —Å–æ–∂—Ä–∞—Ç—å –±—ã–∫–∞.
–í–∞–º —Ö–æ—á–µ—Ç—Å—è –≤—ã–ø–∏—Ç—å –æ–∑–µ—Ä–æ.

[0;32m388H[0;37m [0;32m131M[0;37m 150230–æ –ó–∞—É—á:0 –í—ã—Ö:> ˇ˘
[1;31m–ú–∏–Ω—É–ª —á–∞—Å.[0;37m

[0;32m388H[0;37m [0;32m131M[0;37m 150230–æ –ó–∞—É—á:0 –í—ã—Ö:> ˇ˘
–í—ã –≥–æ—Ç–æ–≤—ã —Å–æ–∂—Ä–∞—Ç—å –±—ã–∫–∞.
–í–∞–º —Ö–æ—á–µ—Ç—Å—è –≤—ã–ø–∏—Ç—å –æ–∑–µ—Ä–æ.

[0;32m388H[0;37m [0;32m131M[0;37m 150230–æ –ó–∞—É—á:0 –í—ã—Ö:> ˇ˘
–í—ã –≥–æ—Ç–æ–≤—ã —Å–æ–∂—Ä–∞—Ç—å –±—ã–∫–∞.
–í–∞–º —Ö–æ—á–µ—Ç—Å—è –≤—ã–ø–∏—Ç—å –æ–∑–µ—Ä–æ.

[0;32m388H[0;37m [0;32m131M[0;37m 150230–æ –ó–∞—É—á:0 –í—ã—Ö:> ˇ˘
[1;31m–ú–∏–Ω—É–ª —á–∞—Å.[0;37m

[0;32m388H[0;37m [0;32m131M[0;37m 150230–æ –ó–∞—É—á:0 –í—ã—Ö:> ˇ˘
–í—ã –≥–æ—Ç–æ–≤—ã —Å–æ–∂—Ä–∞—Ç—å –±—ã–∫–∞.
–í–∞–º —Ö–æ—á–µ—Ç—Å—è –≤—ã–ø–∏—Ç—å –æ–∑–µ—Ä–æ.

[0;32m388H[0;37m [0;32m131M[0;37m 150230–æ –ó–∞—É—á:0 –í—ã—Ö:> ˇ˘
–í—ã –≥–æ—Ç–æ–≤—ã —Å–æ–∂—Ä–∞—Ç—å –±—ã–∫–∞.
–í–∞–º —Ö–æ—á–µ—Ç—Å—è –≤—ã–ø–∏—Ç—å –æ–∑–µ—Ä–æ.

[0;32m388H[0;37m [0;32m131M[0;37m 150230–æ –ó–∞—É—á:0 –í—ã—Ö:> ˇ˘
[1;31m–ú–∏–Ω—É–ª —á–∞—Å.[0;37m

[0;32m388H[0;37m [0;32m131M[0;37m 150230–æ –ó–∞—É—á:0 –í—ã—Ö:> ˇ˘
–í—ã –≥–æ—Ç–æ–≤—ã —Å–æ–∂—Ä–∞—Ç—å –±—ã–∫–∞.
–í–∞–º —Ö–æ—á–µ—Ç—Å—è –≤—ã–ø–∏—Ç—å –æ–∑–µ—Ä–æ.

[0;32m388H[0;37m [0;32m131M[0;37m 150230–æ –ó–∞—É—á:0 –í—ã—Ö:> ˇ˘
–í—ã –≥–æ—Ç–æ–≤—ã —Å–æ–∂—Ä–∞—Ç—å –±—ã–∫–∞.
–í–∞–º —Ö–æ—á–µ—Ç—Å—è –≤—ã–ø–∏—Ç—å –æ–∑–µ—Ä–æ.

[0;32m388H[0;37m [0;32m131M[0;37m 150230–æ –ó–∞—É—á:0 –í—ã—Ö:> ˇ˘
[1;31m–ú–∏–Ω—É–ª —á–∞—Å.[0;37m

[0;32m388H[0;37m [0;32m131M[0;37m 150230–æ –ó–∞—É—á:0 –í—ã—Ö:> ˇ˘
–í—ã –≥–æ—Ç–æ–≤—ã —Å–æ–∂—Ä–∞—Ç—å –±—ã–∫–∞.
–í–∞–º —Ö–æ—á–µ—Ç—Å—è –≤—ã–ø–∏—Ç—å –æ–∑–µ—Ä–æ.

[0;32m388H[0;37m [0;32m131M[0;37m 150230–æ –ó–∞—É—á:0 –í—ã—Ö:> ˇ˘
[1;33m–ì–ª–∞—à–∞—Ç–∞–π –∑–∞–æ—Ä–∞–ª : '–í–æ–µ–≤–æ–¥–∞ –≥—Ä–∞–¥–∞ –ö–æ—Ä—Å—É–Ω–∏ —è–≤–∏–ª –º–∏–ª–æ—Å—Ç—å!'
[0;37m[1;33m–ì–ª–∞—à–∞—Ç–∞–π –∑–∞–æ—Ä–∞–ª : '–ù–µ–≥–æ–¥—è–∏ –¥–∞ –¥—É—à–µ–≥—É–±—ã, –∫–æ–∏ –º–µ—Ä—É —Å–≤–æ—é –Ω–∞–∫–∞–∑–∞–Ω–∏—è –æ—Ç–±—ã–ª–∏, –º–æ–≥—É—Ç –≤–æ–ª—å–Ω—ã –±—ã—Ç—å, –¥–∞ –≤–ø—Ä–µ–¥—å –ø—É—â–∞–π –Ω–µ –ø–æ–ø–∞–¥–∞—é—Ç—Å—è!'
[0;37m
[0;32m388H[0;37m [0;32m131M[0;37m 150230–æ –ó–∞—É—á:0 –í—ã—Ö:> ˇ˘
–í—ã –≥–æ—Ç–æ–≤—ã —Å–æ–∂—Ä–∞—Ç—å –±—ã–∫–∞.
–í–∞–º —Ö–æ—á–µ—Ç—Å—è –≤—ã–ø–∏—Ç—å –æ–∑–µ—Ä–æ.

[0;32m388H[0;37m [0;32m131M[0;37m 150230–æ –ó–∞—É—á:0 –í—ã—Ö:> ˇ˘
[1;31m–ú–∏–Ω—É–ª —á–∞—Å.[0;37m

[0;32m388H[0;37m [0;32m131M[0;37m 150230–æ –ó–∞—É—á:0 –í—ã—Ö:> ˇ˘
–í—ã –≥–æ—Ç–æ–≤—ã —Å–æ–∂—Ä–∞—Ç—å –±—ã–∫–∞.
–í–∞–º —Ö–æ—á–µ—Ç—Å—è –≤—ã–ø–∏—Ç—å –æ–∑–µ—Ä–æ.

[0;32m388H[0;37m [0;32m131M[0;37m 150230–æ –ó–∞—É—á:0 –í—ã—Ö:> ˇ˘
–í—ã –≥–æ—Ç–æ–≤—ã —Å–æ–∂—Ä–∞—Ç—å –±—ã–∫–∞.
–í–∞–º —Ö–æ—á–µ—Ç—Å—è –≤—ã–ø–∏—Ç—å –æ–∑–µ—Ä–æ.

[0;32m388H[0;37m [0;32m131M[0;37m 150230–æ –ó–∞—É—á:0 –í—ã—Ö:> ˇ˘
[1;31m–ú–∏–Ω—É–ª —á–∞—Å.[0;37m

[0;32m388H[0;37m [0;32m131M[0;37m 150230–æ –ó–∞—É—á:0 –í—ã—Ö:> ˇ˘
–í—ã –≥–æ—Ç–æ–≤—ã —Å–æ–∂—Ä–∞—Ç—å –±—ã–∫–∞.
–í–∞–º —Ö–æ—á–µ—Ç—Å—è –≤—ã–ø–∏—Ç—å –æ–∑–µ—Ä–æ.

[0;32m388H[0;37m [0;32m131M[0;37m 150230–æ –ó–∞—É—á:0 –í—ã—Ö:> ˇ˘
–í—ã –≥–æ—Ç–æ–≤—ã —Å–æ–∂—Ä–∞—Ç—å –±—ã–∫–∞.
–í–∞–º —Ö–æ—á–µ—Ç—Å—è –≤—ã–ø–∏—Ç—å –æ–∑–µ—Ä–æ.

[0;32m388H[0;37m [0;32m131M[0;37m 150230–æ –ó–∞—É—á:0 –í—ã—Ö:> ˇ˘
[1;31m–ú–∏–Ω—É–ª —á–∞—Å.[0;37m

[0;32m388H[0;37m [0;32m131M[0;37m 150230–æ –ó–∞—É—á:0 –í—ã—Ö:> ˇ˘
–í—ã –≥–æ—Ç–æ–≤—ã —Å–æ–∂—Ä–∞—Ç—å –±—ã–∫–∞.
–í–∞–º —Ö–æ—á–µ—Ç—Å—è –≤—ã–ø–∏—Ç—å –æ–∑–µ—Ä–æ.

[0;32m388H[0;37m [0;32m131M[0;37m 150230–æ –ó–∞—É—á:0 –í—ã—Ö:> ˇ˘
–í—ã –≥–æ—Ç–æ–≤—ã —Å–æ–∂—Ä–∞—Ç—å –±—ã–∫–∞.
–í–∞–º —Ö–æ—á–µ—Ç—Å—è –≤—ã–ø–∏—Ç—å –æ–∑–µ—Ä–æ.

[0;32m388H[0;37m [0;32m131M[0;37m 150230–æ –ó–∞—É—á:0 –í—ã—Ö:> ˇ˘
[1;31m–ú–∏–Ω—É–ª —á–∞—Å.[0;37m

[0;32m388H[0;37m [0;32m131M[0;37m 150230–æ –ó–∞—É—á:0 –í—ã—Ö:> ˇ˘
–í—ã –≥–æ—Ç–æ–≤—ã —Å–æ–∂—Ä–∞—Ç—å –±—ã–∫–∞.
–í–∞–º —Ö–æ—á–µ—Ç—Å—è –≤—ã–ø–∏—Ç—å –æ–∑–µ—Ä–æ.

[0;32m388H[0;37m [0;32m131M[0;37m 150230–æ –ó–∞—É—á:0 –í—ã—Ö:> ˇ˘
–í—ã –≥–æ—Ç–æ–≤—ã —Å–æ–∂—Ä–∞—Ç—å –±—ã–∫–∞.
–í–∞–º —Ö–æ—á–µ—Ç—Å—è –≤—ã–ø–∏—Ç—å –æ–∑–µ—Ä–æ.

[0;32m388H[0;37m [0;32m131M[0;37m 150230–æ –ó–∞—É—á:0 –í—ã—Ö:> ˇ˘
[1;31m–ú–∏–Ω—É–ª —á–∞—Å.[0;37m

[0;32m388H[0;37m [0;32m131M[0;37m 150230–æ –ó–∞—É—á:0 –í—ã—Ö:> ˇ˘
–í—ã –≥–æ—Ç–æ–≤—ã —Å–æ–∂—Ä–∞—Ç—å –±—ã–∫–∞.
–í–∞–º —Ö–æ—á–µ—Ç—Å—è –≤—ã–ø–∏—Ç—å –æ–∑–µ—Ä–æ.

[0;32m388H[0;37m [0;32m131M[0;37m 150230–æ –ó–∞—É—á:0 –í—ã—Ö:> ˇ˘
–í—ã –≥–æ—Ç–æ–≤—ã —Å–æ–∂—Ä–∞—Ç—å –±—ã–∫–∞.
–í–∞–º —Ö–æ—á–µ—Ç—Å—è –≤—ã–ø–∏—Ç—å –æ–∑–µ—Ä–æ.

[0;32m388H[0;37m [0;32m131M[0;37m 150230–æ –ó–∞—É—á:0 –í—ã—Ö:> ˇ˘
[1;31m–ú–∏–Ω—É–ª —á–∞—Å.[0;37m

[0;32m388H[0;37m [0;32m131M[0;37m 150230–æ –ó–∞—É—á:0 –í—ã—Ö:> ˇ˘
–í—ã –≥–æ—Ç–æ–≤—ã —Å–æ–∂—Ä–∞—Ç—å –±—ã–∫–∞.
–í–∞–º —Ö–æ—á–µ—Ç—Å—è –≤—ã–ø–∏—Ç—å –æ–∑–µ—Ä–æ.

[0;32m388H[0;37m [0;32m131M[0;37m 150230–æ –ó–∞—É—á:0 –í—ã—Ö:> ˇ˘
–í—ã –≥–æ—Ç–æ–≤—ã —Å–æ–∂—Ä–∞—Ç—å –±—ã–∫–∞.
–í–∞–º —Ö–æ—á–µ—Ç—Å—è –≤—ã–ø–∏—Ç—å –æ–∑–µ—Ä–æ.

[0;32m388H[0;37m [0;32m131M[0;37m 150230–æ –ó–∞—É—á:0 –í—ã—Ö:> ˇ˘[1;36m–ö–æ–º–Ω–∞—Ç—ã –æ—Ç–¥—ã—Ö–∞ [5000][0;37m
   –•–æ–∑—è–∏–Ω —É—Å—Ç—Ä–æ–∏–ª –∑–¥–µ—Å—å –∫–æ–º–Ω–∞—Ç—ã –¥–ª—è –æ—Ç–¥—ã—Ö–∞. –õ—é–±–æ–π –∂–µ–ª–∞—é—â–∏–π –º–æ–∂–µ—Ç –æ—Å—Ç–∞–Ω–æ–≤–∏—Ç—å—Å—è
–∑–¥–µ—Å—å –∏ –ø–µ—Ä–µ–¥–æ—Ö–Ω—É—Ç—å –ø–æ—Å–ª–µ –¥–∞–ª—å–Ω–µ–π –¥–æ—Ä–æ–≥–∏. –°–≤–µ—Ç–ª—ã–µ –≥–æ—Ä–Ω–∏—Ü—ã —Ç–∞–∫ –∏ –ø—Ä–∏–≥–ª–∞—à–∞—é—Ç
–ø—Ä–æ–π—Ç–∏ –≤ –Ω–∏—Ö –∏ —Ä–∞—Å—Ç—è–Ω—É—Ç—å—Å—è –Ω–∞ –ø–µ—Ä–∏–Ω–µ, –Ω–∞ –ø—É—Ö–æ–≤–æ–π –¥–∞ –∑–∞–±—ã—Ç—å—Å—è —Å–Ω–æ–º –±–æ–≥–∞—Ç—ã—Ä—Å–∫–∏–º.
–ó–¥–µ—Å—å –∂–µ –º–æ–∂–Ω–æ –ø–æ–¥–æ–∂–¥–∞—Ç—å —Å–≤–æ–∏—Ö –∫–æ–º–ø–∞–Ω—å–æ–Ω–æ–≤ –ø–µ—Ä–µ–¥ –¥–æ–ª–≥–æ–π –¥–æ—Ä–æ–≥–æ–π, –ø–æ–≥–æ–≤–æ—Ä–∏—Ç—å
–æ –¥–∞–ª—å–Ω–µ–π—à–∏—Ö –ø–ª–∞–Ω–∞—Ö.
[1;32m–°–æ–≤—Å–µ–º –º–∞–ª—ã—Ö, –¥–∞ –Ω–µ –æ–±—É—á–µ–Ω–Ω—ã—Ö —Ç–∞–∫ –∏ —Ç—è–Ω–µ—Ç [1;33m–≤–æ–π—Ç–∏ [1;32m–≤ [1;33m—à–∫–æ–ª—É[1;32m.[0;0m
[0;36m[ Exits: d ][0;37m
[1;33m–î–æ—Å–∫–∞ –¥–ª—è —Ä–∞–∑–ª–∏—á–Ω—ã—Ö –∑–∞–º–µ—Ç–æ–∫ –∏ –æ–±—ä—è–≤–ª–µ–Ω–∏–π –ø—Ä–∏–±–∏—Ç–∞ —Ç—É—Ç ..–±–ª–µ—Å—Ç–∏—Ç!
[1;31m–ü–æ–ª—è–Ω–∏–Ω –î–æ—Ä–º–∞–Ω —Å—Ç–æ–∏—Ç –∑–¥–µ—Å—å. 
–•–æ–∑—è–π–∫–∞ –ø–æ—Å—Ç–æ—è–ª–æ–≥–æ –¥–≤–æ—Ä–∞ —Ä–∞—Å–ø–æ—Ä—è–∂–∞–µ—Ç—Å—è –∑–¥–µ—Å—å.
[0;0m
–î–µ—Ä–µ–≤–Ω—è —É —Ä–µ–∫–∏ (2-–∞—è —Ä–æ–¥–æ–≤–∞—è).

[0;32m388H[0;37m [0;32m131M[0;37m 150230–æ –ó–∞—É—á:0 –í—ã—Ö:v> ˇ˘
[1;31m–ú–∏–Ω—É–ª —á–∞—Å.[0;37m

[0;32m388H[0;37m [0;32m131M[0;37m 150230–æ –ó–∞—É—á:0 –í—ã—Ö:v> ˇ˘
–í—ã –≥–æ—Ç–æ–≤—ã —Å–æ–∂—Ä–∞—Ç—å –±—ã–∫–∞.
–í–∞–º —Ö–æ—á–µ—Ç—Å—è –≤—ã–ø–∏—Ç—å –æ–∑–µ—Ä–æ.

[0;32m388H[0;37m [0;32m131M[0;37m 150230–æ –ó–∞—É—á:0 –í—ã—Ö:v> ˇ˘
–í—ã –≥–æ—Ç–æ–≤—ã —Å–æ–∂—Ä–∞—Ç—å –±—ã–∫–∞.
–í–∞–º —Ö–æ—á–µ—Ç—Å—è –≤—ã–ø–∏—Ç—å –æ–∑–µ—Ä–æ.

[0;32m388H[0;37m [0;32m131M[0;37m 150230–æ –ó–∞—É—á:0 –í—ã—Ö:v> ˇ˘[1;36m–ö–æ–º–Ω–∞—Ç—ã –æ—Ç–¥—ã—Ö–∞ [5000][0;37m
   –•–æ–∑—è–∏–Ω —É—Å—Ç—Ä–æ–∏–ª –∑–¥–µ—Å—å –∫–æ–º–Ω–∞—Ç—ã –¥–ª—è –æ—Ç–¥—ã—Ö–∞. –õ—é–±–æ–π –∂–µ–ª–∞—é—â–∏–π –º–æ–∂–µ—Ç –æ—Å—Ç–∞–Ω–æ–≤–∏—Ç—å—Å—è
–∑–¥–µ—Å—å –∏ –ø–µ—Ä–µ–¥–æ—Ö–Ω—É—Ç—å –ø–æ—Å–ª–µ –¥–∞–ª—å–Ω–µ–π –¥–æ—Ä–æ–≥–∏. –°–≤–µ—Ç–ª—ã–µ –≥–æ—Ä–Ω–∏—Ü—ã —Ç–∞–∫ –∏ –ø—Ä–∏–≥–ª–∞—à–∞—é—Ç
–ø—Ä–æ–π—Ç–∏ –≤ –Ω–∏—Ö –∏ —Ä–∞—Å—Ç—è–Ω—É—Ç—å—Å—è –Ω–∞ –ø–µ—Ä–∏–Ω–µ, –Ω–∞ –ø—É—Ö–æ–≤–æ–π –¥–∞ –∑–∞–±—ã—Ç—å—Å—è —Å–Ω–æ–º –±–æ–≥–∞—Ç—ã—Ä—Å–∫–∏–º.
–ó–¥–µ—Å—å –∂–µ –º–æ–∂–Ω–æ –ø–æ–¥–æ–∂–¥–∞—Ç—å —Å–≤–æ–∏—Ö –∫–æ–º–ø–∞–Ω—å–æ–Ω–æ–≤ –ø–µ—Ä–µ–¥ –¥–æ–ª–≥–æ–π –¥–æ—Ä–æ–≥–æ–π, –ø–æ–≥–æ–≤–æ—Ä–∏—Ç—å
–æ –¥–∞–ª—å–Ω–µ–π—à–∏—Ö –ø–ª–∞–Ω–∞—Ö.
[1;32m–°–æ–≤—Å–µ–º –º–∞–ª—ã—Ö, –¥–∞ –Ω–µ –æ–±—É—á–µ–Ω–Ω—ã—Ö —Ç–∞–∫ –∏ —Ç—è–Ω–µ—Ç [1;33m–≤–æ–π—Ç–∏ [1;32m–≤ [1;33m—à–∫–æ–ª—É[1;32m.[0;0m
[0;36m[ Exits: d ][0;37m
[1;33m–î–æ—Å–∫–∞ –¥–ª—è —Ä–∞–∑–ª–∏—á–Ω—ã—Ö –∑–∞–º–µ—Ç–æ–∫ –∏ –æ–±—ä—è–≤–ª–µ–Ω–∏–π –ø—Ä–∏–±–∏—Ç–∞ —Ç—É—Ç ..–±–ª–µ—Å—Ç–∏—Ç!
[1;31m–ü–æ–ª—è–Ω–∏–Ω –î–æ—Ä–º–∞–Ω —Å—Ç–æ–∏—Ç –∑–¥–µ—Å—å. 
–•–æ–∑—è–π–∫–∞ –ø–æ—Å—Ç–æ—è–ª–æ–≥–æ –¥–≤–æ—Ä–∞ —Ä–∞—Å–ø–æ—Ä—è–∂–∞–µ—Ç—Å—è –∑–¥–µ—Å—å.
[0;0m
–î–µ—Ä–µ–≤–Ω—è —É —Ä–µ–∫–∏ (2-–∞—è —Ä–æ–¥–æ–≤–∞—è).

[0;32m388H[0;37m [0;32m131M[0;37m 150230–æ –ó–∞—É—á:0 –í—ã—Ö:v> ˇ˘–í—ã –ø–æ–ø–ª–µ–ª–∏—Å—å –≤–Ω–∏–∑.
[1;36m–ü–æ—Å—Ç–æ—è–ª—ã–π –¥–≤–æ—Ä [5001][0;37m
   –î–µ—Ä–µ–≤–Ω—è —Ö–æ—Ç—å –∏ –Ω–µ–±–æ–ª—å—à–∞—è, –Ω–æ –ø–æ—Å—Ç–æ—è–ª—ã–π –¥–≤–æ—Ä –∏–º–µ–µ—Ç—Å—è, –¥–ª—è –∑–∞–µ–∑–∂–∏—Ö –≥–æ—Å—Ç–µ–π,
—á—Ç–æ–±—ã –±—ã–ª–æ –≥–¥–µ –ø–µ—Ä–µ–≤–µ—Å—Ç–∏ –¥—É—Ö, –µ–¥–æ–π –∏ –ø–∏—Ç—å–µ–º –∑–∞–ø–∞—Å—Ç–∏—Å—å. –ê –µ—Å–ª–∏ –Ω–∞ –¥–≤–æ—Ä–µ —É–∂
–Ω–æ—á—å –∏–ª—å –ø—Ä–æ—Å—Ç–æ –Ω–∞–¥–æ –æ—Å—Ç–∞–Ω–æ–≤–∏—Ç—Å—è –Ω–∞ –¥–µ–Ω—å –¥—Ä—É–≥–æ–π –≤ –¥–µ—Ä–µ–≤–Ω–µ, –∞ —Ä–æ–¥—Å—Ç–≤–µ–Ω–Ω–∏–∫–æ–≤
–Ω–µ—Ç, —Ç–∞–∫ –º–æ–∂–Ω–æ –∏ –ø–µ—Ä–µ–Ω–æ—á–µ–≤–∞—Ç—å –≤ –≥–æ—Ä–Ω–∏—Ü–∞—Ö –Ω–∞–≤–µ—Ä—Ö—É.
[0;36m[ Exits: w u ][0;37m
[1;33m–ü—Ä–∏–≥–ª—è–¥–µ–≤—à–∏—Å—å, –≤—ã –≤–∏–¥–∏—Ç–µ —è–≥–æ–¥—É –¥–∏–∫–æ–≥–æ –≤–∏–Ω–æ–≥—Ä–∞–¥–∞.
[1;31m–°–µ–¥–æ–≤–ª–∞—Å—ã–π —Å–∫–∞–∑–∏—Ç–µ–ª—å –≥–æ—Ç–æ–≤ –ø–æ–¥–µ–ª–∏—Ç—å—Å—è —Å –í–∞–º–∏ –∏–Ω—Ç–µ—Ä–µ—Å–Ω–æ–π –∏—Å—Ç–æ—Ä–∏–µ–π.
–¢—Ä–∞–∫—Ç–∏—Ä—â–∏–∫ –æ—Ç–¥—ã—Ö–∞–µ—Ç –∑–∞ —Å—Ç–æ–π–∫–æ–π.
[0;0m
[0;32m388H[0;37m [0;32m130M[0;37m 150230–æ –ó–∞—É—á:0 –í—ã—Ö:–ó^> ˇ˘–ü—Ä–æ—Å—Ç–æ–π —Ö–æ–ª—â–æ–≤—ã–π –º–µ—à–æ–∫ —Å –ª—è–º–∫–æ–π, —á—Ç–æ–± –≤–µ—à–∞—Ç—å –Ω–∞ –ø–ª–µ—á–æ.

–•–æ–ª—â–æ–≤—ã–π –º–µ—à–æ–∫ –≤ –æ—á–µ–Ω—å —Ö–æ—Ä–æ—à–µ–º —Å–æ—Å—Ç–æ—è–Ω–∏–∏.
–ú–æ–∂–Ω–æ –Ω–∞–¥–µ—Ç—å –Ω–∞ –ø–ª–µ—á–∏.
–ú–æ–∂–Ω–æ –Ω–∞–¥–µ—Ç—å –Ω–∞ –ø–æ—è—Å.
–°–æ—Å—Ç–æ—è–Ω–∏–µ: –∏–¥–µ–∞–ª—å–Ω–æ.
—Ö–æ–ª—â–æ–≤—ã–π –º–µ—à–æ–∫(–≤ –∞–º—É–Ω–∏—Ü–∏–∏)
–ó–∞–ø–æ–ª–Ω–µ–Ω —Å–æ–¥–µ—Ä–∂–∏–º—ã–º –ø—Ä–∏–º–µ—Ä–Ω–æ –Ω–∞–ø–æ–ª–æ–≤–∏–Ω—É :
–ª–æ–º–æ—Ç—å —Ö–ª–µ–±–∞ [15]
–∑–µ–ª–µ–Ω–∞—è –∫–æ–ª–±–æ—á–∫–∞ [4]
—Å–µ—Ä–∞—è –∫–æ–ª–±–æ—á–∫–∞  [1;32m<–æ—á–µ–Ω—å —Ö–æ—Ä–æ—à–æ>[0;37m
–≥–æ–ª—É–±–∞—è –∫–æ–ª–±–æ—á–∫–∞ [5]
—á–µ—Ä–Ω–∞—è –∫–æ–ª–±–æ—á–∫–∞ [4]
–±–µ–ª–∞—è –∫–æ–ª–±–æ—á–∫–∞ [6]
—Å–≤–µ—á–∫–∞ (12 —á–∞—Å–æ–≤)

[0;32m388H[0;37m [0;32m130M[0;37m 150230–æ –ó–∞—É—á:0 –í—ã—Ö:–ó^> ˇ˘
[1;31m–ú–∏–Ω—É–ª —á–∞—Å.[0;37m

[0;32m388H[0;37m [0;32m131M[0;37m 150230–æ –ó–∞—É—á:0 –í—ã—Ö:–ó^> ˇ˘
–í—ã –≥–æ—Ç–æ–≤—ã —Å–æ–∂—Ä–∞—Ç—å –±—ã–∫–∞.
–í–∞–º —Ö–æ—á–µ—Ç—Å—è –≤—ã–ø–∏—Ç—å –æ–∑–µ—Ä–æ.

[0;32m388H[0;37m [0;32m131M[0;37m 150230–æ –ó–∞—É—á:0 –í—ã—Ö:–ó^> ˇ˘
–ü–∞—Ä–µ–Ω—å –ø—Ä–∏—à–µ–ª —Å –∑–∞–ø–∞–¥–∞.

[0;32m388H[0;37m [0;32m131M[0;37m 150230–æ –ó–∞—É—á:0 –í—ã—Ö:–ó^> ˇ˘–í—ã –ø–æ–ø–ª–µ–ª–∏—Å—å –Ω–∞ –∑–∞–ø–∞–¥.
[1;36m–ü–µ—Ä–µ–¥ –ø–æ—Å—Ç–æ—è–ª—ã–º –¥–≤–æ—Ä–æ–º [5005][0;37m
   –ß—É—Ç—å –Ω–µ —Å–ø–æ—Ç–∫–Ω—É–≤—à–∏—Å—å –æ –¥–æ—Å–∫—É, –ª–µ–∂–∞—â—É—é —Å—Ä–∞–∑—É —É –ø–æ—Ä–æ–≥–∞ –ø–æ—Å—Ç–æ—è–ª–æ–≥–æ –¥–≤–æ—Ä–∞,
–≤—ã –æ–∫–∞–∑–∞–ª–∏—Å—å –Ω–∞ —Ü–µ–Ω—Ç—Ä–∞–ª—å–Ω–æ–π —É–ª–∏—Ü–µ –¥–µ—Ä–µ–≤–Ω–∏. –ò–º–µ–Ω–Ω–æ –Ω–∞ —ç—Ç–æ–π —É–ª–∏—Ü–µ –º–æ–∂–Ω–æ 
–±—ã—Å—Ç—Ä–æ –Ω–∞–π—Ç–∏ –ª–∞–≤–∫—É —Ä–µ–º–µ—Å–ª–µ–Ω–Ω–∏–∫–∞, –¥–æ–º –∑–Ω–∞—Ö–∞—Ä—è, –∫–æ–Ω—é—à–Ω—é –∏ –¥–æ–º —Å—Ç–∞—Ä–µ–π—à–∏–Ω—ã.
–í —é–∂–Ω–æ–π —á–∞—Å—Ç–∏ –¥–µ—Ä–µ–≤–Ω–∏ –ø–æ—Å–µ–ª–∏–ª–∏—Å—å –≤–æ—Ä–æ–∂–µ–∏.
[0;36m[ Exits: n e s w ][0;37m
[1;33m[1;31m[0;0m
[0;32m388H[0;37m [0;32m130M[0;37m 150230–æ –ó–∞—É—á:0 –í—ã—Ö:–°–í–Æ–ó> ˇ˘–í—ã –ø–æ–ø–ª–µ–ª–∏—Å—å –Ω–∞ —é–≥.
[1;36m–¶–µ–Ω—Ç—Ä –¥–µ—Ä–µ–≤–Ω–∏ [5004][0;37m
   –¶–µ–Ω—Ç—Ä–∞–ª—å–Ω–∞—è —á–∞—Å—Ç—å –¥–µ—Ä–µ–≤–Ω–∏ –∑–∞–ø–æ–ª–Ω–µ–Ω–∞ –Ω—É–∂–Ω—ã–º–∏ –≤—Å–µ–º –º–∞—Å—Ç–µ—Ä—Å–∫–∏–º–∏ –∏ –ª–∞–≤–∫–∞–º–∏.
–£–¥–∞—á–Ω–æ–µ –º–µ—Å—Ç–æ –¥–µ—Ä–µ–≤–Ω–∏ –≤ –Ω–µ–∑–∞–ø–∞–º—è—Ç–Ω—ã–µ –≤—Ä–µ–º–µ–Ω–∞ –ø—Ä–∏–≤–ª–µ–∫–ª–æ —Å—é–¥–∞ —Ç–æ—Ä–≥–æ–≤—Ü–µ–≤ –∏
–º–∞—Å—Ç–µ—Ä–æ–≤—ã—Ö, –∏ —Å —Ç–µ—Ö –ø–æ—Ä –ø–æ–≤–µ–ª–æ—Å—å, —á—Ç–æ –≤ —ç—Ç–æ–π —á–∞—Å—Ç–∏ –¥–µ—Ä–µ–≤–Ω–∏ —Å—Ç–æ—è—Ç –±–æ–ª—å—à–∏–µ –∏
–±–æ–≥–∞—Ç—ã–µ –¥–æ–º–∞. –°–æ –≤—Å–µ–π –æ–∫—Ä—É–≥–∏ –∏ –¥–∞–∂–µ –∏–∑ –¥–∞–ª–µ–∫–æ–π –≥–ª—É—à–∏ –ø—Ä–∏—Ö–æ–¥—è—Ç –ª—é–¥–∏ —Å—é–¥–∞
–∑–∞ —Ç–æ–≤–∞—Ä–æ–º –∫—É–ø–∏—Ç—å —á—Ç–æ, –ø—Ä–æ–¥–∞—Ç—å —á—Ç–æ, –∑–∞–∫–∞–∑–∞—Ç—å —á—Ç–æ.
[0;36m[ Exits: n s w ][0;37m
[1;33m[1;31m–ë–∞–∑–∞—Ä–Ω—ã–π –∑–∞–∑—ã–≤–∞–ª–∞ —Å—Ç–æ–∏—Ç –∑–¥–µ—Å—å, –∑—ã—á–Ω—ã–º –≥–æ–ª–æ—Å–æ–º —Ä–∞—Å—Ö–≤–∞–ª–∏–≤–∞—è –≤—ã—Å—Ç–∞–≤–ª–µ–Ω–Ω—ã–π —Ç–æ–≤–∞—Ä.
[0;0m
[0;32m388H[0;37m [0;32m130M[0;37m 150230–æ –ó–∞—É—á:0 –í—ã—Ö:–°–Æ–ó> ˇ˘–í—ã –ø–æ–ø–ª–µ–ª–∏—Å—å –Ω–∞ –∑–∞–ø–∞–¥.
[1;36m–£ –∫–æ–ª–æ–¥—Ü–∞ [5011][0;37m
   –•–æ—Ä–æ—à–∞ –≤–æ–¥–∏—Ü–∞, —Å–∫–æ–ª—å–∫–æ –Ω–µ –≤—ã–ø—å–µ—à—å –≤—Å–µ —Ä–∞–≤–Ω–æ –º–∞–ª–æ. –°—Ç–∞—Ä—ã–π –∫–æ–ª–æ–¥–µ—Ü –≥–æ–≤–æ—Ä—è—Ç
–∫–æ–ø–∞–ª –µ—â–µ –ø–µ—Ä–≤—ã–π –æ—Å–Ω–æ–≤–∞—Ç–µ–ª—å –¥–µ—Ä–µ–≤–Ω–∏. –û–Ω –ª–∏—á–Ω–æ –Ω–∞—à–µ–ª –º–µ—Å—Ç–æ, –≤—ã–∫–æ–ø–∞–ª –∏ —Å–æ–æ—Ä—É–¥–∏–ª
–∫–æ–ª–æ–¥–µ—Ü. –° —Ç–µ—Ö –ø–æ—Ä –Ω–µ –∏—Å—Å—è–∫–∞–µ—Ç –≤–æ–¥–∞ –≤ –∫–æ–ª–æ–¥—Ü–µ, –∞ –ø–æ–ø—Ä–æ–±–æ–≤–∞—Ç—å –µ–µ –ø—Ä–∏–µ–∑–∂–∞—é—Ç –∏–∑
–¥–∞–ª–µ–∫–∏—Ö –º–µ—Å—Ç.
[0;36m[ Exits: e ][0;37m
[1;33m–ó–¥–µ—Å—å –ª–µ–∂–∏—Ç –º–æ—Ä–∫–æ–≤—å.
–ü—Ä–∏–≥–ª—è–¥–µ–≤—à–∏—Å—å, –≤—ã –≤–∏–¥–∏—Ç–µ —è–≥–æ–¥—É –¥–∏–∫–æ–≥–æ –≤–∏–Ω–æ–≥—Ä–∞–¥–∞.
–ö–æ–ª–æ–¥–µ—Ü –≤—ã–∫–æ–ø–∞–Ω –∑–¥–µ—Å—å.
[1;31m[0;0m
[0;32m388H[0;37m [0;32m129M[0;37m 150230–æ –ó–∞—É—á:0 –í—ã—Ö:–í> ˇ˘–í—ã –Ω–µ —Å–º–æ–∂–µ—Ç–µ —Ç—É–¥–∞ –ø—Ä–æ–π—Ç–∏...

[0;32m388H[0;37m [0;32m130M[0;37m 150230–æ –ó–∞—É—á:0 –í—ã—Ö:–í> ˇ˘–í—ã –ø–æ–ø–ª–µ–ª–∏—Å—å –Ω–∞ –≤–æ—Å—Ç–æ–∫.
[1;36m–¶–µ–Ω—Ç—Ä –¥–µ—Ä–µ–≤–Ω–∏ [5004][0;37m
   –¶–µ–Ω—Ç—Ä–∞–ª—å–Ω–∞—è —á–∞—Å—Ç—å –¥–µ—Ä–µ–≤–Ω–∏ –∑–∞–ø–æ–ª–Ω–µ–Ω–∞ –Ω—É–∂–Ω—ã–º–∏ –≤—Å–µ–º –º–∞—Å—Ç–µ—Ä—Å–∫–∏–º–∏ –∏ –ª–∞–≤–∫–∞–º–∏.
–£–¥–∞—á–Ω–æ–µ –º–µ—Å—Ç–æ –¥–µ—Ä–µ–≤–Ω–∏ –≤ –Ω–µ–∑–∞–ø–∞–º—è—Ç–Ω—ã–µ –≤—Ä–µ–º–µ–Ω–∞ –ø—Ä–∏–≤–ª–µ–∫–ª–æ —Å—é–¥–∞ —Ç–æ—Ä–≥–æ–≤—Ü–µ–≤ –∏
–º–∞—Å—Ç–µ—Ä–æ–≤—ã—Ö, –∏ —Å —Ç–µ—Ö –ø–æ—Ä –ø–æ–≤–µ–ª–æ—Å—å, —á—Ç–æ –≤ —ç—Ç–æ–π —á–∞—Å—Ç–∏ –¥–µ—Ä–µ–≤–Ω–∏ —Å—Ç–æ—è—Ç –±–æ–ª—å—à–∏–µ –∏
–±–æ–≥–∞—Ç—ã–µ –¥–æ–º–∞. –°–æ –≤—Å–µ–π –æ–∫—Ä—É–≥–∏ –∏ –¥–∞–∂–µ –∏–∑ –¥–∞–ª–µ–∫–æ–π –≥–ª—É—à–∏ –ø—Ä–∏—Ö–æ–¥—è—Ç –ª—é–¥–∏ —Å—é–¥–∞
–∑–∞ —Ç–æ–≤–∞—Ä–æ–º –∫—É–ø–∏—Ç—å —á—Ç–æ, –ø—Ä–æ–¥–∞—Ç—å —á—Ç–æ, –∑–∞–∫–∞–∑–∞—Ç—å —á—Ç–æ.
[0;36m[ Exits: n s w ][0;37m
[1;33m[1;31m–ë–∞–∑–∞—Ä–Ω—ã–π –∑–∞–∑—ã–≤–∞–ª–∞ —Å—Ç–æ–∏—Ç –∑–¥–µ—Å—å, –∑—ã—á–Ω—ã–º –≥–æ–ª–æ—Å–æ–º —Ä–∞—Å—Ö–≤–∞–ª–∏–≤–∞—è –≤—ã—Å—Ç–∞–≤–ª–µ–Ω–Ω—ã–π —Ç–æ–≤–∞—Ä.
[0;0m
[0;32m388H[0;37m [0;32m129M[0;37m 150230–æ –ó–∞—É—á:0 –í—ã—Ö:–°–Æ–ó> ˇ˘–í—ã –ø–æ–ø–ª–µ–ª–∏—Å—å –Ω–∞ —é–≥.
[1;36m–ü–µ—Ä–µ–¥ –∫–æ–Ω—é—à–Ω–µ–π [5003][0;37m
   –¶–µ–Ω—Ç—Ä–∞–ª—å–Ω–∞—è —á–∞—Å—Ç—å –¥–µ—Ä–µ–≤–Ω–∏ –∑–∞–ø–æ–ª–Ω–µ–Ω–∞ –Ω—É–∂–Ω—ã–º–∏ –≤—Å–µ–º –º–∞—Å—Ç–µ—Ä—Å–∫–∏–º–∏ –∏ –ª–∞–≤–∫–∞–º–∏.
–£–¥–∞—á–Ω–æ–µ –º–µ—Å—Ç–æ –¥–µ—Ä–µ–≤–Ω–∏ –≤ –Ω–µ–∑–∞–ø–∞–º—è—Ç–Ω—ã–µ –≤—Ä–µ–º–µ–Ω–∞ –ø—Ä–∏–≤–ª–µ–∫–ª–æ —Å—é–¥–∞ —Ç–æ—Ä–≥–æ–≤—Ü–µ–≤ –∏
–º–∞—Å—Ç–µ—Ä–æ–≤—ã—Ö, –∏ —Å —Ç–µ—Ö –ø–æ—Ä –ø–æ–≤–µ–ª–æ—Å—å, —á—Ç–æ –≤ —ç—Ç–æ–π —á–∞—Å—Ç–∏ –¥–µ—Ä–µ–≤–Ω–∏ —Å—Ç–æ—è—Ç –±–æ–ª—å—à–∏–µ –∏
–±–æ–≥–∞—Ç—ã–µ –¥–æ–º–∞. –°–æ –≤—Å–µ–π –æ–∫—Ä—É–≥–∏ –∏ –¥–∞–∂–µ –∏–∑ –¥–∞–ª–µ–∫–æ–π –≥–ª—É—à–∏ –ø—Ä–∏—Ö–æ–¥—è—Ç –ª—é–¥–∏ —Å—é–¥–∞
–∑–∞ —Ç–æ–≤–∞—Ä–æ–º –∫—É–ø–∏—Ç—å —á—Ç–æ, –ø—Ä–æ–¥–∞—Ç—å —á—Ç–æ, –∑–∞–∫–∞–∑–∞—Ç—å —á—Ç–æ.
[0;36m[ Exits: n e s w ][0;37m
[1;33m[1;31m[0;0m
[0;32m388H[0;37m [0;32m128M[0;37m 150230–æ –ó–∞—É—á:0 –í—ã—Ö:–°–í–Æ–ó> ˇ˘–í—ã –ø–æ–ø–ª–µ–ª–∏—Å—å –Ω–∞ –∑–∞–ø–∞–¥.
[1;36m–õ–∞–≤–∫–∞ [5007][0;37m
   –ß–µ–≥–æ —Ç–æ–ª—å–∫–æ –Ω–µ —Ä–∞–∑–ª–æ–∂–µ–Ω–æ –Ω–∞ –ø—Ä–∏–ª–∞–≤–∫–µ, –∑–¥–µ—Å—å —Ç–µ–±–µ –∏ –º–µ—Å—Ç–Ω—ã–µ —Ç–æ–≤–∞—Ä—ã –∏
–∑–∞–º–æ—Ä—Å–∫–∏–µ —á—É–¥–∞, –∏ –ø—Ä–æ—Å—Ç–∞—è –æ–¥–µ–∂–¥–∞ –∏ –±–æ–≥–∞—Ç–∞—è. –ù–∞–π–¥—É—Ç—Å—è –¥–æ—Å–ø–µ—Ö–∏ –¥–ª—è –≤–æ–∏–Ω–∞
–∏ —É–∫—Ä–∞—à–µ–Ω–∏—è –¥–ª—è –º–∏–ª—ã—Ö. –†–µ–º–µ—Å–ª–µ–Ω–Ω–∏–∫ –Ω–µ —Ç–æ–ª—å–∫–æ –ø—Ä–æ–¥–∞–µ—Ç —Å–≤–æ–π —Ç–æ–≤–∞—Ä, –Ω–æ –∏
—á–∏–Ω–∏—Ç –ø–æ—Ç—Ä–µ–ø–∞–Ω–Ω–æ–µ –∏ –ø–æ–∫—É–ø–∞–µ—Ç –Ω–µ–Ω—É–∂–Ω–æ–µ.
[0;36m[ Exits: e ][0;37m
[1;33m[1;31m–õ–∞–≤–æ—á–Ω–∏–∫ —Å—Ç–æ–∏—Ç —Ç—É—Ç.
[0;0m
[0;32m388H[0;37m [0;32m127M[0;37m 150230–æ –ó–∞—É—á:0 –í—ã—Ö:–í> ˇ˘–í—ã –ø—Ä–µ–∫—Ä–∞—Ç–∏–ª–∏ –∏—Å–ø–æ–ª—å–∑–æ–≤–∞—Ç—å —Ö–æ–ª—â–æ–≤—ã–π –º–µ—à–æ–∫.

[0;32m388H[0;37m [0;32m129M[0;37m 150230–æ –ó–∞—É—á:0 –í—ã—Ö:–í> ˇ˘[1;36m–õ–∞–≤–æ—á–Ω–∏–∫ —Å–∫–∞–∑–∞–ª –≤–∞–º : '–ü–æ—á–∏–Ω–∫–∞ —Ö–æ–ª—â–æ–≤–æ–≥–æ –º–µ—à–∫–∞ –æ–±–æ–π–¥–µ—Ç—Å—è –≤ 1 –∫—É–Ω—É'[0;37m
–õ–∞–≤–æ—á–Ω–∏–∫ —Å–Ω–æ—Ä–æ–≤–∏—Å—Ç–æ –ø–æ—á–∏–Ω–∏–ª —Ö–æ–ª—â–æ–≤—ã–π –º–µ—à–æ–∫.

[0;32m388H[0;37m [0;32m130M[0;37m 150230–æ –ó–∞—É—á:0 –í—ã—Ö:–í> ˇ˘–í—ã –ø–æ–ø–ª–µ–ª–∏—Å—å –Ω–∞ –≤–æ—Å—Ç–æ–∫.
[1;36m–ü–µ—Ä–µ–¥ –∫–æ–Ω—é—à–Ω–µ–π [5003][0;37m
   –¶–µ–Ω—Ç—Ä–∞–ª—å–Ω–∞—è —á–∞—Å—Ç—å –¥–µ—Ä–µ–≤–Ω–∏ –∑–∞–ø–æ–ª–Ω–µ–Ω–∞ –Ω—É–∂–Ω—ã–º–∏ –≤—Å–µ–º –º–∞—Å—Ç–µ—Ä—Å–∫–∏–º–∏ –∏ –ª–∞–≤–∫–∞–º–∏.
–£–¥–∞—á–Ω–æ–µ –º–µ—Å—Ç–æ –¥–µ—Ä–µ–≤–Ω–∏ –≤ –Ω–µ–∑–∞–ø–∞–º—è—Ç–Ω—ã–µ –≤—Ä–µ–º–µ–Ω–∞ –ø—Ä–∏–≤–ª–µ–∫–ª–æ —Å—é–¥–∞ —Ç–æ—Ä–≥–æ–≤—Ü–µ–≤ –∏
–º–∞—Å—Ç–µ—Ä–æ–≤—ã—Ö, –∏ —Å —Ç–µ—Ö –ø–æ—Ä –ø–æ–≤–µ–ª–æ—Å—å, —á—Ç–æ –≤ —ç—Ç–æ–π —á–∞—Å—Ç–∏ –¥–µ—Ä–µ–≤–Ω–∏ —Å—Ç–æ—è—Ç –±–æ–ª—å—à–∏–µ –∏
–±–æ–≥–∞—Ç—ã–µ –¥–æ–º–∞. –°–æ –≤—Å–µ–π –æ–∫—Ä—É–≥–∏ –∏ –¥–∞–∂–µ –∏–∑ –¥–∞–ª–µ–∫–æ–π –≥–ª—É—à–∏ –ø—Ä–∏—Ö–æ–¥—è—Ç –ª—é–¥–∏ —Å—é–¥–∞
–∑–∞ —Ç–æ–≤–∞—Ä–æ–º –∫—É–ø–∏—Ç—å —á—Ç–æ, –ø—Ä–æ–¥–∞—Ç—å —á—Ç–æ, –∑–∞–∫–∞–∑–∞—Ç—å —á—Ç–æ.
[0;36m[ Exits: n e s w ][0;37m
[1;33m[1;31m[0;0m
[0;32m388H[0;37m [0;32m129M[0;37m 150230–æ –ó–∞—É—á:0 –í—ã—Ö:–°–í–Æ–ó> ˇ˘–í—ã –ø–æ–ø–ª–µ–ª–∏—Å—å –Ω–∞ —Å–µ–≤–µ—Ä.
[1;36m–¶–µ–Ω—Ç—Ä –¥–µ—Ä–µ–≤–Ω–∏ [5004][0;37m
   –¶–µ–Ω—Ç—Ä–∞–ª—å–Ω–∞—è —á–∞—Å—Ç—å –¥–µ—Ä–µ–≤–Ω–∏ –∑–∞–ø–æ–ª–Ω–µ–Ω–∞ –Ω—É–∂–Ω—ã–º–∏ –≤—Å–µ–º –º–∞—Å—Ç–µ—Ä—Å–∫–∏–º–∏ –∏ –ª–∞–≤–∫–∞–º–∏.
–£–¥–∞—á–Ω–æ–µ –º–µ—Å—Ç–æ –¥–µ—Ä–µ–≤–Ω–∏ –≤ –Ω–µ–∑–∞–ø–∞–º—è—Ç–Ω—ã–µ –≤—Ä–µ–º–µ–Ω–∞ –ø—Ä–∏–≤–ª–µ–∫–ª–æ —Å—é–¥–∞ —Ç–æ—Ä–≥–æ–≤—Ü–µ–≤ –∏
–º–∞—Å—Ç–µ—Ä–æ–≤—ã—Ö, –∏ —Å —Ç–µ—Ö –ø–æ—Ä –ø–æ–≤–µ–ª–æ—Å—å, —á—Ç–æ –≤ —ç—Ç–æ–π —á–∞—Å—Ç–∏ –¥–µ—Ä–µ–≤–Ω–∏ —Å—Ç–æ—è—Ç –±–æ–ª—å—à–∏–µ –∏
–±–æ–≥–∞—Ç—ã–µ –¥–æ–º–∞. –°–æ –≤—Å–µ–π –æ–∫—Ä—É–≥–∏ –∏ –¥–∞–∂–µ –∏–∑ –¥–∞–ª–µ–∫–æ–π –≥–ª—É—à–∏ –ø—Ä–∏—Ö–æ–¥—è—Ç –ª—é–¥–∏ —Å—é–¥–∞
–∑–∞ —Ç–æ–≤–∞—Ä–æ–º –∫—É–ø–∏—Ç—å —á—Ç–æ, –ø—Ä–æ–¥–∞—Ç—å —á—Ç–æ, –∑–∞–∫–∞–∑–∞—Ç—å —á—Ç–æ.
[0;36m[ Exits: n s w ][0;37m
[1;33m[1;31m–ë–∞–∑–∞—Ä–Ω—ã–π –∑–∞–∑—ã–≤–∞–ª–∞ —Å—Ç–æ–∏—Ç –∑–¥–µ—Å—å, –∑—ã—á–Ω—ã–º –≥–æ–ª–æ—Å–æ–º —Ä–∞—Å—Ö–≤–∞–ª–∏–≤–∞—è –≤—ã—Å—Ç–∞–≤–ª–µ–Ω–Ω—ã–π —Ç–æ–≤–∞—Ä.
[0;0m
[0;32m388H[0;37m [0;32m129M[0;37m 150230–æ –ó–∞—É—á:0 –í—ã—Ö:–°–Æ–ó> ˇ˘–í—ã –Ω–µ —Å–º–æ–∂–µ—Ç–µ —Ç—É–¥–∞ –ø—Ä–æ–π—Ç–∏...

[0;32m388H[0;37m [0;32m129M[0;37m 150230–æ –ó–∞—É—á:0 –í—ã—Ö:–°–Æ–ó> ˇ˘–í—ã –ø–æ–ø–ª–µ–ª–∏—Å—å –Ω–∞ —Å–µ–≤–µ—Ä.
[1;36m–ü–µ—Ä–µ–¥ –ø–æ—Å—Ç–æ—è–ª—ã–º –¥–≤–æ—Ä–æ–º [5005][0;37m
   –ß—É—Ç—å –Ω–µ —Å–ø–æ—Ç–∫–Ω—É–≤—à–∏—Å—å –æ –¥–æ—Å–∫—É, –ª–µ–∂–∞—â—É—é —Å—Ä–∞–∑—É —É –ø–æ—Ä–æ–≥–∞ –ø–æ—Å—Ç–æ—è–ª–æ–≥–æ –¥–≤–æ—Ä–∞,
–≤—ã –æ–∫–∞–∑–∞–ª–∏—Å—å –Ω–∞ —Ü–µ–Ω—Ç—Ä–∞–ª—å–Ω–æ–π —É–ª–∏—Ü–µ –¥–µ—Ä–µ–≤–Ω–∏. –ò–º–µ–Ω–Ω–æ –Ω–∞ —ç—Ç–æ–π —É–ª–∏—Ü–µ –º–æ–∂–Ω–æ 
–±—ã—Å—Ç—Ä–æ –Ω–∞–π—Ç–∏ –ª–∞–≤–∫—É —Ä–µ–º–µ—Å–ª–µ–Ω–Ω–∏–∫–∞, –¥–æ–º –∑–Ω–∞—Ö–∞—Ä—è, –∫–æ–Ω—é—à–Ω—é –∏ –¥–æ–º —Å—Ç–∞—Ä–µ–π—à–∏–Ω—ã.
–í —é–∂–Ω–æ–π —á–∞—Å—Ç–∏ –¥–µ—Ä–µ–≤–Ω–∏ –ø–æ—Å–µ–ª–∏–ª–∏—Å—å –≤–æ—Ä–æ–∂–µ–∏.
[0;36m[ Exits: n e s w ][0;37m
[1;33m[1;31m[0;0m
[0;32m388H[0;37m [0;32m129M[0;37m 150230–æ –ó–∞—É—á:0 –í—ã—Ö:–°–í–Æ–ó> ˇ˘–í—ã –ø–æ–ø–ª–µ–ª–∏—Å—å –Ω–∞ –≤–æ—Å—Ç–æ–∫.
[1;36m–ü–æ—Å—Ç–æ—è–ª—ã–π –¥–≤–æ—Ä [5001][0;37m
   –î–µ—Ä–µ–≤–Ω—è —Ö–æ—Ç—å –∏ –Ω–µ–±–æ–ª—å—à–∞—è, –Ω–æ –ø–æ—Å—Ç–æ—è–ª—ã–π –¥–≤–æ—Ä –∏–º–µ–µ—Ç—Å—è, –¥–ª—è –∑–∞–µ–∑–∂–∏—Ö –≥–æ—Å—Ç–µ–π,
—á—Ç–æ–±—ã –±—ã–ª–æ –≥–¥–µ –ø–µ—Ä–µ–≤–µ—Å—Ç–∏ –¥—É—Ö, –µ–¥–æ–π –∏ –ø–∏—Ç—å–µ–º –∑–∞–ø–∞—Å—Ç–∏—Å—å. –ê –µ—Å–ª–∏ –Ω–∞ –¥–≤–æ—Ä–µ —É–∂
–Ω–æ—á—å –∏–ª—å –ø—Ä–æ—Å—Ç–æ –Ω–∞–¥–æ –æ—Å—Ç–∞–Ω–æ–≤–∏—Ç—Å—è –Ω–∞ –¥–µ–Ω—å –¥—Ä—É–≥–æ–π –≤ –¥–µ—Ä–µ–≤–Ω–µ, –∞ —Ä–æ–¥—Å—Ç–≤–µ–Ω–Ω–∏–∫–æ–≤
–Ω–µ—Ç, —Ç–∞–∫ –º–æ–∂–Ω–æ –∏ –ø–µ—Ä–µ–Ω–æ—á–µ–≤–∞—Ç—å –≤ –≥–æ—Ä–Ω–∏—Ü–∞—Ö –Ω–∞–≤–µ—Ä—Ö—É.
[0;36m[ Exits: w u ][0;37m
[1;33m–ü—Ä–∏–≥–ª—è–¥–µ–≤—à–∏—Å—å, –≤—ã –≤–∏–¥–∏—Ç–µ —è–≥–æ–¥—É –¥–∏–∫–æ–≥–æ –≤–∏–Ω–æ–≥—Ä–∞–¥–∞.
[1;31m–ú–æ–ª–æ–¥–æ–π –ø–∞—Ä–µ–Ω—å –≥—É–ª—è–µ—Ç –∑–¥–µ—Å—å.
–°–µ–¥–æ–≤–ª–∞—Å—ã–π —Å–∫–∞–∑–∏—Ç–µ–ª—å –≥–æ—Ç–æ–≤ –ø–æ–¥–µ–ª–∏—Ç—å—Å—è —Å –í–∞–º–∏ –∏–Ω—Ç–µ—Ä–µ—Å–Ω–æ–π –∏—Å—Ç–æ—Ä–∏–µ–π.
–¢—Ä–∞–∫—Ç–∏—Ä—â–∏–∫ –æ—Ç–¥—ã—Ö–∞–µ—Ç –∑–∞ —Å—Ç–æ–π–∫–æ–π.
[0;0m
[0;32m388H[0;37m [0;32m128M[0;37m 150230–æ –ó–∞—É—á:0 –í—ã—Ö:–ó^> ˇ˘–í—ã –ø–æ–ø–ª–µ–ª–∏—Å—å –≤–≤–µ—Ä—Ö.
[1;36m–ö–æ–º–Ω–∞—Ç—ã –æ—Ç–¥—ã—Ö–∞ [5000][0;37m
   –•–æ–∑—è–∏–Ω —É—Å—Ç—Ä–æ–∏–ª –∑–¥–µ—Å—å –∫–æ–º–Ω–∞—Ç—ã –¥–ª—è –æ—Ç–¥—ã—Ö–∞. –õ—é–±–æ–π –∂–µ–ª–∞—é—â–∏–π –º–æ–∂–µ—Ç –æ—Å—Ç–∞–Ω–æ–≤–∏—Ç—å—Å—è
–∑–¥–µ—Å—å –∏ –ø–µ—Ä–µ–¥–æ—Ö–Ω—É—Ç—å –ø–æ—Å–ª–µ –¥–∞–ª—å–Ω–µ–π –¥–æ—Ä–æ–≥–∏. –°–≤–µ—Ç–ª—ã–µ –≥–æ—Ä–Ω–∏—Ü—ã —Ç–∞–∫ –∏ –ø—Ä–∏–≥–ª–∞—à–∞—é—Ç
–ø—Ä–æ–π—Ç–∏ –≤ –Ω–∏—Ö –∏ —Ä–∞—Å—Ç—è–Ω—É—Ç—å—Å—è –Ω–∞ –ø–µ—Ä–∏–Ω–µ, –Ω–∞ –ø—É—Ö–æ–≤–æ–π –¥–∞ –∑–∞–±—ã—Ç—å—Å—è —Å–Ω–æ–º –±–æ–≥–∞—Ç—ã—Ä—Å–∫–∏–º.
–ó–¥–µ—Å—å –∂–µ –º–æ–∂–Ω–æ –ø–æ–¥–æ–∂–¥–∞—Ç—å —Å–≤–æ–∏—Ö –∫–æ–º–ø–∞–Ω—å–æ–Ω–æ–≤ –ø–µ—Ä–µ–¥ –¥–æ–ª–≥–æ–π –¥–æ—Ä–æ–≥–æ–π, –ø–æ–≥–æ–≤–æ—Ä–∏—Ç—å
–æ –¥–∞–ª—å–Ω–µ–π—à–∏—Ö –ø–ª–∞–Ω–∞—Ö.
[1;32m–°–æ–≤—Å–µ–º –º–∞–ª—ã—Ö, –¥–∞ –Ω–µ –æ–±—É—á–µ–Ω–Ω—ã—Ö —Ç–∞–∫ –∏ —Ç—è–Ω–µ—Ç [1;33m–≤–æ–π—Ç–∏ [1;32m–≤ [1;33m—à–∫–æ–ª—É[1;32m.[0;0m
[0;36m[ Exits: d ][0;37m
[1;33m–î–æ—Å–∫–∞ –¥–ª—è —Ä–∞–∑–ª–∏—á–Ω—ã—Ö –∑–∞–º–µ—Ç–æ–∫ –∏ –æ–±—ä—è–≤–ª–µ–Ω–∏–π –ø—Ä–∏–±–∏—Ç–∞ —Ç—É—Ç ..–±–ª–µ—Å—Ç–∏—Ç!
[1;31m–ü–æ–ª—è–Ω–∏–Ω –î–æ—Ä–º–∞–Ω —Å—Ç–æ–∏—Ç –∑–¥–µ—Å—å. 
–•–æ–∑—è–π–∫–∞ –ø–æ—Å—Ç–æ—è–ª–æ–≥–æ –¥–≤–æ—Ä–∞ —Ä–∞—Å–ø–æ—Ä—è–∂–∞–µ—Ç—Å—è –∑–¥–µ—Å—å.
[0;0m
[0;32m388H[0;37m [0;32m128M[0;37m 150230–æ –ó–∞—É—á:0 –í—ã—Ö:v> ˇ˘–ß–∞–≤–æ?

[0;32m388H[0;37m [0;32m131M[0;37m 150230–æ –ó–∞—É—á:0 –í—ã—Ö:v> ˇ˘–•–æ–∑—è–π–∫–∞ —Å–∫–∞–∑–∞–ª–∞ –≤–∞–º : "–û–¥–µ—Ç—ã–π —Å–ø–∞—Ç—å –±—É–¥–µ—à—å? –•–º.. –ù—É —Å–º–æ—Ç—Ä–∏, —Ç–æ–≥–¥–∞ –¥–µ—à–µ–≤–ª–µ –≤–æ–∑—å–º—É"
[1;37m - 20 –∫—É–Ω (200 –µ—Å–ª–∏ —Å–Ω—è—Ç—å) –∑–∞ –æ–±—Å–∏–¥–∏–∞–Ω–æ–≤–æ–µ –∫–æ–ª—å—Ü–æ [0;37m
[1;37m - 1 –∫—É–Ω–∞ (15 –µ—Å–ª–∏ —Å–Ω—è—Ç—å) –∑–∞ —Ä–∞–∫–æ–≤–∏–Ω—É —É–ª–∏—Ç–∫–∏ [0;37m
[1;37m - 0 –∫—É–Ω (0 –µ—Å–ª–∏ —Å–Ω—è—Ç—å) –∑–∞ –ª–µ–≥–∫–∏–π –ª–∞—Ç–Ω—ã–π –¥–æ—Å–ø–µ—Ö [0;37m
[1;37m - 0 –∫—É–Ω (0 –µ—Å–ª–∏ —Å–Ω—è—Ç—å) –∑–∞ –ª–µ–≥–∫–∏–π –ª–∞—Ç–Ω—ã–π —à–ª–µ–º [0;37m
[1;37m - 0 –∫—É–Ω (0 –µ—Å–ª–∏ —Å–Ω—è—Ç—å) –∑–∞ –ª–µ–≥–∫–∏–µ –ª–∞—Ç–Ω—ã–µ –ø–æ–Ω–æ–∂–∏ [0;37m
[1;37m - 10 –∫—É–Ω (100 –µ—Å–ª–∏ —Å–Ω—è—Ç—å) –∑–∞ –¥—Ä–∞–Ω—ã–µ —Å–∞–ø–æ–≥–∏ [0;37m
[1;37m - 3 –∫—É–Ω—ã (50 –µ—Å–ª–∏ —Å–Ω—è—Ç—å) –∑–∞ –º–µ—Ö–æ–≤—ã–µ —Ä—É–∫–∞–≤–∏—Ü—ã [0;37m
[1;37m - 24 –∫—É–Ω—ã (240 –µ—Å–ª–∏ —Å–Ω—è—Ç—å) –∑–∞ —à–∫—É—Ä—É –º–µ–¥–≤–µ–¥—è [0;37m
[1;37m - 10 –∫—É–Ω (100 –µ—Å–ª–∏ —Å–Ω—è—Ç—å) –∑–∞ —Ö–æ—Ö–æ–ª–æ–∫ –∫—É–∫—É—à–∫–∏ [0;37m
[1;37m - 10 –∫—É–Ω (100 –µ—Å–ª–∏ —Å–Ω—è—Ç—å) –∑–∞ —Ö–æ—Ö–æ–ª–æ–∫ –∫—É–∫—É—à–∫–∏ [0;37m
[1;37m - 120 –∫—É–Ω (300 –µ—Å–ª–∏ —Å–Ω—è—Ç—å) –∑–∞ –º–µ—á —Ñ—Ä–∞–Ω–∫—Å–∫–æ–π –∫–æ–≤–∫–∏ [0;37m
[1;37m - 1 –∫—É–Ω–∞ (7 –µ—Å–ª–∏ —Å–Ω—è—Ç—å) –∑–∞ –±—Ä–æ–Ω–∑–æ–≤—ã–π —Å—Ç–∏–ª–µ—Ç [0;37m
–•–æ–∑—è–π–∫–∞ —Å–∫–∞–∑–∞–ª–∞ –≤–∞–º : "–≠—Ç–æ —è –≤ —á—É–ª–∞–Ω–µ –∑–∞–ø—Ä—É:"
 - 5 –∫—É–Ω (5 –µ—Å–ª–∏ –Ω–∞–¥–µ—Ç—å) –∑–∞ —Ö–æ–ª—â–æ–≤—ã–π –º–µ—à–æ–∫ 
 - 0 –∫—É–Ω –∑–∞ –ª–æ–º–æ—Ç—å —Ö–ª–µ–±–∞ [15] 
 - 0 –∫—É–Ω –∑–∞ –∑–µ–ª–µ–Ω—É—é –∫–æ–ª–±–æ—á–∫—É [4] 
 - 0 –∫—É–Ω –∑–∞ —Å–µ—Ä—É—é –∫–æ–ª–±–æ—á–∫—É 
 - 0 –∫—É–Ω –∑–∞ –≥–æ–ª—É–±—É—é –∫–æ–ª–±–æ—á–∫—É [5] 
 - 0 –∫—É–Ω –∑–∞ —á–µ—Ä–Ω—É—é –∫–æ–ª–±–æ—á–∫—É [4] 
 - 0 –∫—É–Ω –∑–∞ –±–µ–ª—É—é –∫–æ–ª–±–æ—á–∫—É [6] 
 - 1 –∫—É–Ω–∞ (1 –µ—Å–ª–∏ –Ω–∞–¥–µ—Ç—å) –∑–∞ —Å–≤–µ—á–∫—É 
 - 1 –∫—É–Ω–∞ (1 –µ—Å–ª–∏ –Ω–∞–¥–µ—Ç—å) –∑–∞ —Å–≤–µ—á–∫—É 
 - 2 –∫—É–Ω—ã –∑–∞ –º–∞–ª—ã–π –º–µ—Ö 
–•–æ–∑—è–π–∫–∞ —Å–∫–∞–∑–∞–ª–∞ –≤–∞–º : "–í —Å—É–º–º–µ —ç—Ç–æ —Å–æ—Å—Ç–∞–≤–∏—Ç 208 –∫—É–Ω –≤ –¥–µ–Ω—å ."
–•–æ–∑—è–π–∫–∞ —Å–∫–∞–∑–∞–ª–∞ –≤–∞–º : "–¢–∞–∫ —É–∂ –∏ –±—ã—Ç—å, —è —Å–∫–æ—â—É —Ç–µ–±–µ –ø–æ–ª–æ–≤–∏–Ω—É."
–•–æ–∑—è–π–∫–∞ —Å–∫–∞–∑–∞–ª–∞ –≤–∞–º :

"–ü–æ—Å—Ç–æ–π –æ–±–æ–π–¥–µ—Ç—Å—è —Ç–µ–±–µ –≤ 104 –∫—É–Ω—ã."
"–¢–≤–æ–∏—Ö –¥–µ–Ω–µ–≥ —Ö–≤–∞—Ç–∏—Ç –Ω–∞ 24 –¥–Ω—è."
–•–æ–∑—è–π–∫–∞ –∑–∞–ø–µ—Ä–ª–∞ –≤–∞—à–∏ –≤–µ—â–∏ –≤ —Å—É–Ω–¥—É–∫ –∏ –ø–æ–≤–µ–ª–∞ –≤ —Ç–µ—Å–Ω—É—é –∫–∞–º–æ—Ä–∫—É.

0) –û—Ç—Å–æ–µ–¥–∏–Ω–∏—Ç—å—Å—è.
1) –ù–∞—á–∞—Ç—å –∏–≥—Ä—É.
2) –í–≤–µ—Å—Ç–∏ –æ–ø–∏—Å–∞–Ω–∏–µ –≤–∞—à–µ–≥–æ –ø–µ—Ä—Å–æ–Ω–∞–∂–∞.
3) –£–∑–Ω–∞—Ç—å –∏—Å—Ç–æ—Ä–∏—é.
4) –ò–∑–º–µ–Ω–∏—Ç—å –ø–∞—Ä–æ–ª—å.
5) –£–¥–∞–ª–∏—Ç—å –ø–µ—Ä—Å–æ–Ω–∞–∂–∞.
6) –ò–∑–º–µ–Ω–∏—Ç—å –ø–∞—Ä–∞–º–µ—Ç—Ä—ã –ø–µ—Ä—Å–æ–Ω–∞–∂–∞.
7) –í–∫–ª—é—á–∏—Ç—å/–≤—ã–∫–ª—é—á–∏—Ç—å —Ä–µ–∂–∏–º —Å–ª–µ–ø–æ–≥–æ –∏–≥—Ä–æ–∫–∞.
8) –ü–æ—Å–º–æ—Ç—Ä–µ—Ç—å –≤—Å–µ—Ö –ø–µ—Ä—Å–æ–Ω–∞–∂–µ–π –Ω–∞ –¥–∞–Ω–Ω–æ–º email'e.

   –ß–µ–≥–æ –≤–∞—à–∞ –¥—É—à–∞ –∂–µ–ª–∞–µ—Ç? ˇ˘
–î–æ –≤—Å—Ç—Ä–µ—á–∏ –Ω–∞ –∑–µ–º–ª–µ –ö–∏–µ–≤—Å–∫–æ–π.
–í —Å–ª—É—á–∞–µ –≤–∞—à–µ–≥–æ –æ—Ç—Å—É—Ç—Å—Ç–≤–∏—è –ø–µ—Ä—Å–æ–Ω–∞–∂ –±—É–¥–µ—Ç —Ö—Ä–∞–Ω–∏—Ç—å—Å—è –¥–æ 03:15:35 24 –ú–∞—è 2020 –≥–æ–¥–∞ –Ω–∞—à–µ–π —ç—Ä—ã :).
ˇ˘