яыEяыVяыU
Online: 131

Using keytable
  0) Koi-8
  1) Alt
  2) Windows(JMC,MMC)
  3) Windows(zMUD)
  4) Windows(zMUD 'z')
  5) UTF-8
  6) Windows(zMUD <6.39)
  9) TECT...
Select one :  -----------------------------------------------------------------------------                   
          Based On CircleMUD v3.0   Created by Jeremy Elson,   
          DikuMUD Gamma 0.0  by Sebastian Hammer, Michael Seifert, 
          Hans Henrik Staerfeldt, Tom Madsen, Katja Nyboe
 _____________________________________________________________________________

    #######
    ##    
    ##        ####    ####      ####  ####  ####  ####  ####  ####    ####
    #######    ######  ##     ## ##    ##  ####    ##    ##    ######  ##
    ##    ##   ##   ## ##    ##  ##    ####  ##    ########    ##   ## ##
    ##    ##   ##   ## ##    ##  ##    ###   ##    ##    ##    ##   ## ##
    #######   ####### ####  ###  ###  ####  ####  ####  ####  ####### ####

                   РџРћ РџР Р•Р”РђРќРРЇРњ Р РЈРЎРЎРљРРҐ РќРђР РћР”РќР«РҐ РЎРљРђР—РћРљ Р Р‘Р«Р›РРќ.

             РџРѕ Р°РґРјРёРЅРёСЃС‚СЂР°С‚РёРІРЅС‹Рј РІРѕРїСЂРѕСЃР°Рј РјРѕР¶РµС‚Рµ СЃРІСЏР·Р°С‚СЊСЃСЏ СЃ РЎС‚СЂРёР±РѕРіРѕРј
                          e-mail: stribog@bylins.su

                      РџРѕСЃРµС‚РёС‚Рµ РЅР°С€ СЃР°Р№С‚: www.bylins.su
                Р”Р»СЏ Р±РѕР»РµРµ РїРѕРґСЂРѕР±РЅРѕР№ РёРіСЂРѕРІРѕР№ РёРЅС„РѕСЂРјР°С†РёРё РїРѕСЃРµС‚РёС‚Рµ 
                         https://wiki.bylins.su

Р’РІРµРґРёС‚Рµ РёРјСЏ РїРµСЂСЃРѕРЅР°Р¶Р° (РёР»Рё "РЅРѕРІС‹Р№" РґР»СЏ СЃРѕР·РґР°РЅРёСЏ РЅРѕРІРѕРіРѕ): РџРµСЂСЃРѕРЅР°Р¶ СЃ С‚Р°РєРёРј РёРјРµРЅРµРј СѓР¶Рµ СЃСѓС‰РµСЃС‚РІСѓРµС‚. Р’РІРµРґРёС‚Рµ РїР°СЂРѕР»СЊ : ящ

РџРѕСЃР»РµРґРЅРёР№ СЂР°Р· РІС‹ Р·Р°С…РѕРґРёР»Рё Рє РЅР°Рј РІ 07:01:28 24 РќРѕСЏР±СЂСЏ 2021 РіРѕРґР° СЃ Р°РґСЂРµСЃР° (69.181.166.191).

* Р’ СЃРІСЏР·Рё СЃ РїСЂРѕР±Р»РµРјР°РјРё РїРµСЂРµРІРѕРґР° С„СЂР°Р·С‹ ANYKEY РЅР°Р¶РјРёС‚Рµ ENTER *ящ
  Р”РѕР±СЂРѕ РїРѕР¶Р°Р»РѕРІР°С‚СЊ РЅР° Р·РµРјР»СЋ РљРёРµРІСЃРєСѓСЋ, Р±РѕРіР°С‚СѓСЋ РёСЃС‚РѕСЂРёРµР№ Рё СЃР°РјС‹РјРё РЅРµРІРµСЂРѕСЏС‚РЅС‹РјРё
РїСЂРёРєР»СЋС‡РµРЅРёСЏРјРё. Р’РѕР·РјРѕР¶РЅРѕ, РІР°Рј РѕРЅРё РїРѕРЅСЂР°РІСЏС‚СЃСЏ, Рё РІС‹ СЃС‚Р°РЅРµС‚Рµ РІ РѕРґРёРЅ СЂСЏРґ СЃ РіРµСЂРѕСЏРјРё
РґР°РІРЅРѕ РјРёРЅСѓРІС€РёС… РґРЅРµР№.

[1;37m** РќР° СЃРµР№ СЂР°Р· РїРѕСЃС‚РѕР№ Р±С‹Р» Р±РµСЃРїР»Р°С‚РЅС‹Рј **[0;37m
[1;36mРљРѕРјРЅР°С‚С‹ РѕС‚РґС‹С…Р° [5000][0;37m
   РҐРѕР·СЏРёРЅ СѓСЃС‚СЂРѕРёР» Р·РґРµСЃСЊ РєРѕРјРЅР°С‚С‹ РґР»СЏ РѕС‚РґС‹С…Р°. Р›СЋР±РѕР№ Р¶РµР»Р°СЋС‰РёР№ РјРѕР¶РµС‚ РѕСЃС‚Р°РЅРѕРІРёС‚СЊСЃСЏ
Р·РґРµСЃСЊ Рё РїРµСЂРµРґРѕС…РЅСѓС‚СЊ РїРѕСЃР»Рµ РґР°Р»СЊРЅРµР№ РґРѕСЂРѕРіРё. РЎРІРµС‚Р»С‹Рµ РіРѕСЂРЅРёС†С‹ С‚Р°Рє Рё РїСЂРёРіР»Р°С€Р°СЋС‚
РїСЂРѕР№С‚Рё РІ РЅРёС… Рё СЂР°СЃС‚СЏРЅСѓС‚СЊСЃСЏ РЅР° РїРµСЂРёРЅРµ, РЅР° РїСѓС…РѕРІРѕР№ РґР° Р·Р°Р±С‹С‚СЊСЃСЏ СЃРЅРѕРј Р±РѕРіР°С‚С‹СЂСЃРєРёРј.
Р—РґРµСЃСЊ Р¶Рµ РјРѕР¶РЅРѕ РїРѕРґРѕР¶РґР°С‚СЊ СЃРІРѕРёС… РєРѕРјРїР°РЅСЊРѕРЅРѕРІ РїРµСЂРµРґ РґРѕР»РіРѕР№ РґРѕСЂРѕРіРѕР№, РїРѕРіРѕРІРѕСЂРёС‚СЊ
Рѕ РґР°Р»СЊРЅРµР№С€РёС… РїР»Р°РЅР°С….
[1;32mРЎРѕРІСЃРµРј РјР°Р»С‹С…, РґР° РЅРµ РѕР±СѓС‡РµРЅРЅС‹С… С‚Р°Рє Рё С‚СЏРЅРµС‚ [1;33mРІРѕР№С‚Рё [1;32mРІ [1;33mС€РєРѕР»Сѓ[1;32m.[0;0m
[0;36m[ Exits: d ][0;37m
[1;33mР”РѕСЃРєР° РґР»СЏ СЂР°Р·Р»РёС‡РЅС‹С… Р·Р°РјРµС‚РѕРє Рё РѕР±СЉСЏРІР»РµРЅРёР№ РїСЂРёР±РёС‚Р° С‚СѓС‚ ..Р±Р»РµСЃС‚РёС‚!
[1;31mРҐРѕР·СЏР№РєР° РїРѕСЃС‚РѕСЏР»РѕРіРѕ РґРІРѕСЂР° СЂР°СЃРїРѕСЂСЏР¶Р°РµС‚СЃСЏ Р·РґРµСЃСЊ.
[0;0m
Р”РµСЂРµРІРЅСЏ Сѓ СЂРµРєРё (2-Р°СЏ СЂРѕРґРѕРІР°СЏ).

[0;32m67H[0;37m [0;32m86M[0;37m 607Рѕ Р—Р°СѓС‡:0 Р’С‹С…:v> ящ
[1;31mРњРёРЅСѓР» С‡Р°СЃ.[0;37m

[0;32m67H[0;37m [0;32m86M[0;37m 607Рѕ Р—Р°СѓС‡:0 Р’С‹С…:v> ящ[1;36mРљРѕРјРЅР°С‚С‹ РѕС‚РґС‹С…Р° [5000][0;37m
   РҐРѕР·СЏРёРЅ СѓСЃС‚СЂРѕРёР» Р·РґРµСЃСЊ РєРѕРјРЅР°С‚С‹ РґР»СЏ РѕС‚РґС‹С…Р°. Р›СЋР±РѕР№ Р¶РµР»Р°СЋС‰РёР№ РјРѕР¶РµС‚ РѕСЃС‚Р°РЅРѕРІРёС‚СЊСЃСЏ
Р·РґРµСЃСЊ Рё РїРµСЂРµРґРѕС…РЅСѓС‚СЊ РїРѕСЃР»Рµ РґР°Р»СЊРЅРµР№ РґРѕСЂРѕРіРё. РЎРІРµС‚Р»С‹Рµ РіРѕСЂРЅРёС†С‹ С‚Р°Рє Рё РїСЂРёРіР»Р°С€Р°СЋС‚
РїСЂРѕР№С‚Рё РІ РЅРёС… Рё СЂР°СЃС‚СЏРЅСѓС‚СЊСЃСЏ РЅР° РїРµСЂРёРЅРµ, РЅР° РїСѓС…РѕРІРѕР№ РґР° Р·Р°Р±С‹С‚СЊСЃСЏ СЃРЅРѕРј Р±РѕРіР°С‚С‹СЂСЃРєРёРј.
Р—РґРµСЃСЊ Р¶Рµ РјРѕР¶РЅРѕ РїРѕРґРѕР¶РґР°С‚СЊ СЃРІРѕРёС… РєРѕРјРїР°РЅСЊРѕРЅРѕРІ РїРµСЂРµРґ РґРѕР»РіРѕР№ РґРѕСЂРѕРіРѕР№, РїРѕРіРѕРІРѕСЂРёС‚СЊ
Рѕ РґР°Р»СЊРЅРµР№С€РёС… РїР»Р°РЅР°С….
[1;32mРЎРѕРІСЃРµРј РјР°Р»С‹С…, РґР° РЅРµ РѕР±СѓС‡РµРЅРЅС‹С… С‚Р°Рє Рё С‚СЏРЅРµС‚ [1;33mРІРѕР№С‚Рё [1;32mРІ [1;33mС€РєРѕР»Сѓ[1;32m.[0;0m
[0;36m[ Exits: d ][0;37m
[1;33mР”РѕСЃРєР° РґР»СЏ СЂР°Р·Р»РёС‡РЅС‹С… Р·Р°РјРµС‚РѕРє Рё РѕР±СЉСЏРІР»РµРЅРёР№ РїСЂРёР±РёС‚Р° С‚СѓС‚ ..Р±Р»РµСЃС‚РёС‚!
[1;31mРҐРѕР·СЏР№РєР° РїРѕСЃС‚РѕСЏР»РѕРіРѕ РґРІРѕСЂР° СЂР°СЃРїРѕСЂСЏР¶Р°РµС‚СЃСЏ Р·РґРµСЃСЊ.
[0;0m
Р”РµСЂРµРІРЅСЏ Сѓ СЂРµРєРё (2-Р°СЏ СЂРѕРґРѕРІР°СЏ).

[0;32m67H[0;37m [0;32m86M[0;37m 607Рѕ Р—Р°СѓС‡:0 Р’С‹С…:v> ящ
Р’С‹ РіРѕР»РѕРґРЅС‹.
Р’Р°СЃ РјСѓС‡Р°РµС‚ Р¶Р°Р¶РґР°.

[0;32m67H[0;37m [0;32m86M[0;37m 607Рѕ Р—Р°СѓС‡:0 Р’С‹С…:v> ящ
[1;31mРњРёРЅСѓР» С‡Р°СЃ.[0;37m

[0;32m67H[0;37m [0;32m86M[0;37m 607Рѕ Р—Р°СѓС‡:0 Р’С‹С…:v> ящ
Р’С‹ РіРѕР»РѕРґРЅС‹.
Р’Р°СЃ РјСѓС‡Р°РµС‚ Р¶Р°Р¶РґР°.

[0;32m67H[0;37m [0;32m86M[0;37m 607Рѕ Р—Р°СѓС‡:0 Р’С‹С…:v> ящ
Р’С‹ РіРѕР»РѕРґРЅС‹.
Р’Р°СЃ РјСѓС‡Р°РµС‚ Р¶Р°Р¶РґР°.

[0;32m67H[0;37m [0;32m86M[0;37m 607Рѕ Р—Р°СѓС‡:0 Р’С‹С…:v> ящ
[1;31mРњРёРЅСѓР» С‡Р°СЃ.[0;37m

[0;32m67H[0;37m [0;32m86M[0;37m 607Рѕ Р—Р°СѓС‡:0 Р’С‹С…:v> ящ
Р’С‹ РіРѕР»РѕРґРЅС‹.
Р’Р°СЃ РјСѓС‡Р°РµС‚ Р¶Р°Р¶РґР°.

[0;32m67H[0;37m [0;32m86M[0;37m 607Рѕ Р—Р°СѓС‡:0 Р’С‹С…:v> ящ
Р’С‹ РіРѕР»РѕРґРЅС‹.
Р’Р°СЃ РјСѓС‡Р°РµС‚ Р¶Р°Р¶РґР°.

[0;32m67H[0;37m [0;32m86M[0;37m 607Рѕ Р—Р°СѓС‡:0 Р’С‹С…:v> ящ
[1;31mРњРёРЅСѓР» С‡Р°СЃ.[0;37m

[0;32m67H[0;37m [0;32m86M[0;37m 607Рѕ Р—Р°СѓС‡:0 Р’С‹С…:v> ящ
Р’С‹ РіРѕР»РѕРґРЅС‹.
Р’Р°СЃ РјСѓС‡Р°РµС‚ Р¶Р°Р¶РґР°.

[0;32m67H[0;37m [0;32m86M[0;37m 607Рѕ Р—Р°СѓС‡:0 Р’С‹С…:v> ящ
Р’С‹ РіРѕР»РѕРґРЅС‹.
Р’Р°СЃ РјСѓС‡Р°РµС‚ Р¶Р°Р¶РґР°.

[0;32m67H[0;37m [0;32m86M[0;37m 607Рѕ Р—Р°СѓС‡:0 Р’С‹С…:v> ящ
[1;31mРњРёРЅСѓР» С‡Р°СЃ.[0;37m

[0;32m67H[0;37m [0;32m86M[0;37m 607Рѕ Р—Р°СѓС‡:0 Р’С‹С…:v> ящ
Р’С‹ РѕС‡РµРЅСЊ РіРѕР»РѕРґРЅС‹.
Р’Р°СЃ СЃРёР»СЊРЅРѕ РјСѓС‡Р°РµС‚ Р¶Р°Р¶РґР°.

[0;32m67H[0;37m [0;32m86M[0;37m 607Рѕ Р—Р°СѓС‡:0 Р’С‹С…:v> ящ
Р’С‹ РѕС‡РµРЅСЊ РіРѕР»РѕРґРЅС‹.
Р’Р°СЃ СЃРёР»СЊРЅРѕ РјСѓС‡Р°РµС‚ Р¶Р°Р¶РґР°.

[0;32m67H[0;37m [0;32m86M[0;37m 607Рѕ Р—Р°СѓС‡:0 Р’С‹С…:v> ящ
[1;33mР‘Р°Р·Р°СЂ : РЅРѕРІС‹Р№ Р»РѕС‚ (15) - Р±СЂР°СЃР»РµС‚РёРє РїРѕСЃР»СѓС€РЅРёС†С‹ - С†РµРЅР° 15000 РєСѓРЅ. 

[0;0m
[0;32m67H[0;37m [0;32m86M[0;37m 607Рѕ Р—Р°СѓС‡:0 Р’С‹С…:v> ящ
[1;31mРњРёРЅСѓР» С‡Р°СЃ.[0;37m

[0;32m67H[0;37m [0;32m86M[0;37m 607Рѕ Р—Р°СѓС‡:0 Р’С‹С…:v> ящ
Р’С‹ РѕС‡РµРЅСЊ РіРѕР»РѕРґРЅС‹.
Р’Р°СЃ СЃРёР»СЊРЅРѕ РјСѓС‡Р°РµС‚ Р¶Р°Р¶РґР°.

[0;32m67H[0;37m [0;32m86M[0;37m 607Рѕ Р—Р°СѓС‡:0 Р’С‹С…:v> ящ
Р’С‹ РѕС‡РµРЅСЊ РіРѕР»РѕРґРЅС‹.
Р’Р°СЃ СЃРёР»СЊРЅРѕ РјСѓС‡Р°РµС‚ Р¶Р°Р¶РґР°.
Р’С‹ РїСЂРѕРїР°Р»Рё РІ РїСѓСЃС‚РѕС‚Рµ СЌС‚РѕРіРѕ РјРёСЂР°.

[0;32m67H[0;37m [0;32m86M[0;37m 607Рѕ Р—Р°СѓС‡:0 Р’С‹С…:> ящ
[1;31mРњРёРЅСѓР» С‡Р°СЃ.[0;37m

[0;32m67H[0;37m [0;32m86M[0;37m 607Рѕ Р—Р°СѓС‡:0 Р’С‹С…:> ящ
Р’С‹ РѕС‡РµРЅСЊ РіРѕР»РѕРґРЅС‹.
Р’Р°СЃ СЃРёР»СЊРЅРѕ РјСѓС‡Р°РµС‚ Р¶Р°Р¶РґР°.

[0;32m67H[0;37m [0;32m86M[0;37m 607Рѕ Р—Р°СѓС‡:0 Р’С‹С…:> ящ
Р’С‹ РѕС‡РµРЅСЊ РіРѕР»РѕРґРЅС‹.
Р’Р°СЃ СЃРёР»СЊРЅРѕ РјСѓС‡Р°РµС‚ Р¶Р°Р¶РґР°.

[0;32m67H[0;37m [0;32m86M[0;37m 607Рѕ Р—Р°СѓС‡:0 Р’С‹С…:> ящ
[1;31mРњРёРЅСѓР» С‡Р°СЃ.[0;37m

[0;32m67H[0;37m [0;32m86M[0;37m 607Рѕ Р—Р°СѓС‡:0 Р’С‹С…:> ящ
Р’С‹ РѕС‡РµРЅСЊ РіРѕР»РѕРґРЅС‹.
Р’Р°СЃ СЃРёР»СЊРЅРѕ РјСѓС‡Р°РµС‚ Р¶Р°Р¶РґР°.

[0;32m67H[0;37m [0;32m86M[0;37m 607Рѕ Р—Р°СѓС‡:0 Р’С‹С…:> ящ
Р’С‹ РѕС‡РµРЅСЊ РіРѕР»РѕРґРЅС‹.
Р’Р°СЃ СЃРёР»СЊРЅРѕ РјСѓС‡Р°РµС‚ Р¶Р°Р¶РґР°.

[0;32m67H[0;37m [0;32m86M[0;37m 607Рѕ Р—Р°СѓС‡:0 Р’С‹С…:> ящ
[1;31mРњРёРЅСѓР» С‡Р°СЃ.[0;37m

[0;32m67H[0;37m [0;32m86M[0;37m 607Рѕ Р—Р°СѓС‡:0 Р’С‹С…:> ящ
Р’С‹ РѕС‡РµРЅСЊ РіРѕР»РѕРґРЅС‹.
Р’Р°СЃ СЃРёР»СЊРЅРѕ РјСѓС‡Р°РµС‚ Р¶Р°Р¶РґР°.

[0;32m67H[0;37m [0;32m86M[0;37m 607Рѕ Р—Р°СѓС‡:0 Р’С‹С…:> ящ
Р’С‹ РѕС‡РµРЅСЊ РіРѕР»РѕРґРЅС‹.
Р’Р°СЃ СЃРёР»СЊРЅРѕ РјСѓС‡Р°РµС‚ Р¶Р°Р¶РґР°.

[0;32m67H[0;37m [0;32m86M[0;37m 607Рѕ Р—Р°СѓС‡:0 Р’С‹С…:> ящ
[1;31mРњРёРЅСѓР» С‡Р°СЃ.[0;37m

[0;32m67H[0;37m [0;32m86M[0;37m 607Рѕ Р—Р°СѓС‡:0 Р’С‹С…:> ящ
Р’С‹ РіРѕС‚РѕРІС‹ СЃРѕР¶СЂР°С‚СЊ Р±С‹РєР°.
Р’Р°Рј С…РѕС‡РµС‚СЃСЏ РІС‹РїРёС‚СЊ РѕР·РµСЂРѕ.

[0;32m67H[0;37m [0;32m86M[0;37m 607Рѕ Р—Р°СѓС‡:0 Р’С‹С…:> ящ[1;36mРљРѕРјРЅР°С‚С‹ РѕС‚РґС‹С…Р° [5000][0;37m
   РҐРѕР·СЏРёРЅ СѓСЃС‚СЂРѕРёР» Р·РґРµСЃСЊ РєРѕРјРЅР°С‚С‹ РґР»СЏ РѕС‚РґС‹С…Р°. Р›СЋР±РѕР№ Р¶РµР»Р°СЋС‰РёР№ РјРѕР¶РµС‚ РѕСЃС‚Р°РЅРѕРІРёС‚СЊСЃСЏ
Р·РґРµСЃСЊ Рё РїРµСЂРµРґРѕС…РЅСѓС‚СЊ РїРѕСЃР»Рµ РґР°Р»СЊРЅРµР№ РґРѕСЂРѕРіРё. РЎРІРµС‚Р»С‹Рµ РіРѕСЂРЅРёС†С‹ С‚Р°Рє Рё РїСЂРёРіР»Р°С€Р°СЋС‚
РїСЂРѕР№С‚Рё РІ РЅРёС… Рё СЂР°СЃС‚СЏРЅСѓС‚СЊСЃСЏ РЅР° РїРµСЂРёРЅРµ, РЅР° РїСѓС…РѕРІРѕР№ РґР° Р·Р°Р±С‹С‚СЊСЃСЏ СЃРЅРѕРј Р±РѕРіР°С‚С‹СЂСЃРєРёРј.
Р—РґРµСЃСЊ Р¶Рµ РјРѕР¶РЅРѕ РїРѕРґРѕР¶РґР°С‚СЊ СЃРІРѕРёС… РєРѕРјРїР°РЅСЊРѕРЅРѕРІ РїРµСЂРµРґ РґРѕР»РіРѕР№ РґРѕСЂРѕРіРѕР№, РїРѕРіРѕРІРѕСЂРёС‚СЊ
Рѕ РґР°Р»СЊРЅРµР№С€РёС… РїР»Р°РЅР°С….
[1;32mРЎРѕРІСЃРµРј РјР°Р»С‹С…, РґР° РЅРµ РѕР±СѓС‡РµРЅРЅС‹С… С‚Р°Рє Рё С‚СЏРЅРµС‚ [1;33mРІРѕР№С‚Рё [1;32mРІ [1;33mС€РєРѕР»Сѓ[1;32m.[0;0m
[0;36m[ Exits: d ][0;37m
[1;33mР”РѕСЃРєР° РґР»СЏ СЂР°Р·Р»РёС‡РЅС‹С… Р·Р°РјРµС‚РѕРє Рё РѕР±СЉСЏРІР»РµРЅРёР№ РїСЂРёР±РёС‚Р° С‚СѓС‚ ..Р±Р»РµСЃС‚РёС‚!
[1;31mРҐРѕР·СЏР№РєР° РїРѕСЃС‚РѕСЏР»РѕРіРѕ РґРІРѕСЂР° СЂР°СЃРїРѕСЂСЏР¶Р°РµС‚СЃСЏ Р·РґРµСЃСЊ.
[0;0m
Р”РµСЂРµРІРЅСЏ Сѓ СЂРµРєРё (2-Р°СЏ СЂРѕРґРѕРІР°СЏ).

[0;32m67H[0;37m [0;32m86M[0;37m 607Рѕ Р—Р°СѓС‡:0 Р’С‹С…:v> ящРҐРѕР·СЏР№РєР° СЃРєР°Р·Р°Р»Р° РІР°Рј : "РЎРµРіРѕРґРЅСЏ СЃРїРёРј РЅР°С…Р°Р»СЏРІСѓ!"
РҐРѕР·СЏР№РєР° Р·Р°РїРµСЂР»Р° РІР°С€Рё РІРµС‰Рё РІ СЃСѓРЅРґСѓРє Рё РїРѕРІРµР»Р° РІ С‚РµСЃРЅСѓСЋ РєР°РјРѕСЂРєСѓ.

0) РћС‚СЃРѕРµРґРёРЅРёС‚СЊСЃСЏ.
1) РќР°С‡Р°С‚СЊ РёРіСЂСѓ.
2) Р’РІРµСЃС‚Рё РѕРїРёСЃР°РЅРёРµ РІР°С€РµРіРѕ РїРµСЂСЃРѕРЅР°Р¶Р°.
3) РЈР·РЅР°С‚СЊ РёСЃС‚РѕСЂРёСЋ.
4) РР·РјРµРЅРёС‚СЊ РїР°СЂРѕР»СЊ.
5) РЈРґР°Р»РёС‚СЊ РїРµСЂСЃРѕРЅР°Р¶Р°.
6) РР·РјРµРЅРёС‚СЊ РїР°СЂР°РјРµС‚СЂС‹ РїРµСЂСЃРѕРЅР°Р¶Р°.
7) Р’РєР»СЋС‡РёС‚СЊ/РІС‹РєР»СЋС‡РёС‚СЊ СЂРµР¶РёРј СЃР»РµРїРѕРіРѕ РёРіСЂРѕРєР°.
8) РџРѕСЃРјРѕС‚СЂРµС‚СЊ РІСЃРµС… РїРµСЂСЃРѕРЅР°Р¶РµР№ РЅР° РґР°РЅРЅРѕРј email'e.

   Р§РµРіРѕ РІР°С€Р° РґСѓС€Р° Р¶РµР»Р°РµС‚? ящ
Р”Рѕ РІСЃС‚СЂРµС‡Рё РЅР° Р·РµРјР»Рµ РљРёРµРІСЃРєРѕР№.
Р’ СЃР»СѓС‡Р°Рµ РІР°С€РµРіРѕ РѕС‚СЃСѓС‚СЃС‚РІРёСЏ РїРµСЂСЃРѕРЅР°Р¶ Р±СѓРґРµС‚ С…СЂР°РЅРёС‚СЊСЃСЏ РґРѕ 07:43:32  8 Р”РµРєР°Р±СЂСЏ 2021 РіРѕРґР° РЅР°С€РµР№ СЌСЂС‹ :).
ящ