ˇ˚Eˇ˚Vˇ˚U
Online: 123

Using keytable
  0) Koi-8
  1) Alt
  2) Windows(JMC,MMC)
  3) Windows(zMUD)
  4) Windows(zMUD 'z')
  5) UTF-8
  6) Windows(zMUD <6.39)
  9) TECT...
Select one :  -----------------------------------------------------------------------------                   
          Based On CircleMUD v3.0   Created by Jeremy Elson,   
          DikuMUD Gamma 0.0  by Sebastian Hammer, Michael Seifert, 
          Hans Henrik Staerfeldt, Tom Madsen, Katja Nyboe
 _____________________________________________________________________________

    #######
    ##    
    ##        ####    ####      ####  ####  ####  ####  ####  ####    ####
    #######    ######  ##     ## ##    ##  ####    ##    ##    ######  ##
    ##    ##   ##   ## ##    ##  ##    ####  ##    ########    ##   ## ##
    ##    ##   ##   ## ##    ##  ##    ###   ##    ##    ##    ##   ## ##
    #######   ####### ####  ###  ###  ####  ####  ####  ####  ####### ####

                   –ü–û –ü–†–ï–î–ê–ù–ò–Ø–ú –†–£–°–°–ö–ò–• –ù–ê–†–û–î–ù–´–• –°–ö–ê–ó–û–ö –ò –ë–´–õ–ò–ù.

             –ü–æ –∞–¥–º–∏–Ω–∏—Å—Ç—Ä–∞—Ç–∏–≤–Ω—ã–º –≤–æ–ø—Ä–æ—Å–∞–º –º–æ–∂–µ—Ç–µ —Å–≤—è–∑–∞—Ç—å—Å—è —Å –°—Ç—Ä–∏–±–æ–≥–æ–º
                          e-mail: stribog@bylins.su

                      –ü–æ—Å–µ—Ç–∏—Ç–µ –Ω–∞—à —Å–∞–π—Ç: www.bylins.su
                –î–ª—è –±–æ–ª–µ–µ –ø–æ–¥—Ä–æ–±–Ω–æ–π –∏–≥—Ä–æ–≤–æ–π –∏–Ω—Ñ–æ—Ä–º–∞—Ü–∏–∏ –ø–æ—Å–µ—Ç–∏—Ç–µ 
                         https://wiki.bylins.su

–í–≤–µ–¥–∏—Ç–µ –∏–º—è –ø–µ—Ä—Å–æ–Ω–∞–∂–∞ (–∏–ª–∏ "–Ω–æ–≤—ã–π" –¥–ª—è —Å–æ–∑–¥–∞–Ω–∏—è –Ω–æ–≤–æ–≥–æ): –ü–µ—Ä—Å–æ–Ω–∞–∂ —Å —Ç–∞–∫–∏–º –∏–º–µ–Ω–µ–º —É–∂–µ —Å—É—â–µ—Å—Ç–≤—É–µ—Ç. –í–≤–µ–¥–∏—Ç–µ –ø–∞—Ä–æ–ª—å : ˇ˘

–ü–æ—Å–ª–µ–¥–Ω–∏–π —Ä–∞–∑ –≤—ã –∑–∞—Ö–æ–¥–∏–ª–∏ –∫ –Ω–∞–º –≤ 00:09:45  3 –î–µ–∫–∞–±—Ä—è 2021 –≥–æ–¥–∞ —Å –∞–¥—Ä–µ—Å–∞ (69.181.166.191).

* –í —Å–≤—è–∑–∏ —Å –ø—Ä–æ–±–ª–µ–º–∞–º–∏ –ø–µ—Ä–µ–≤–æ–¥–∞ —Ñ—Ä–∞–∑—ã ANYKEY –Ω–∞–∂–º–∏—Ç–µ ENTER *ˇ˘
  –î–æ–±—Ä–æ –ø–æ–∂–∞–ª–æ–≤–∞—Ç—å –Ω–∞ –∑–µ–º–ª—é –ö–∏–µ–≤—Å–∫—É—é, –±–æ–≥–∞—Ç—É—é –∏—Å—Ç–æ—Ä–∏–µ–π –∏ —Å–∞–º—ã–º–∏ –Ω–µ–≤–µ—Ä–æ—è—Ç–Ω—ã–º–∏
–ø—Ä–∏–∫–ª—é—á–µ–Ω–∏—è–º–∏. –í–æ–∑–º–æ–∂–Ω–æ, –≤–∞–º –æ–Ω–∏ –ø–æ–Ω—Ä–∞–≤—è—Ç—Å—è, –∏ –≤—ã —Å—Ç–∞–Ω–µ—Ç–µ –≤ –æ–¥–∏–Ω —Ä—è–¥ —Å –≥–µ—Ä–æ—è–º–∏
–¥–∞–≤–Ω–æ –º–∏–Ω—É–≤—à–∏—Ö –¥–Ω–µ–π.

[1;37m** –ù–∞ —Å–µ–π —Ä–∞–∑ –ø–æ—Å—Ç–æ–π –±—ã–ª –±–µ—Å–ø–ª–∞—Ç–Ω—ã–º **[0;37m

–í–∞—Å –æ–∂–∏–¥–∞—é—Ç —Å–æ–æ–±—â–µ–Ω–∏—è:
  15 –≤ —Ä–∞–∑–¥–µ–ª–µ '–ë–∞–∑–∞—Ä–Ω–∞—è –ø–ª–æ—â–∞–¥—å' [1;37m(–í–µ—á–µ)[0;37m.
   6 –≤ —Ä–∞–∑–¥–µ–ª–µ '–ò–¥–µ–∏ –∏ –∏—Ö –æ–±—Å—É–∂–¥–µ–Ω–∏–µ' [1;37m(–ò–¥–µ–∏)[0;37m.
   1 –≤ —Ä–∞–∑–¥–µ–ª–µ '–°–æ–æ–±—â–µ–Ω–∏—è –æ—Ç –∞–¥–º–∏–Ω–∏—Å—Ç—Ä–∞—Ü–∏–∏' [1;37m(–ê–Ω–æ–Ω—Å—ã)[0;37m.
[1;36m–ö–æ–º–Ω–∞—Ç—ã –æ—Ç–¥—ã—Ö–∞ [5000][0;37m
   –•–æ–∑—è–∏–Ω —É—Å—Ç—Ä–æ–∏–ª –∑–¥–µ—Å—å –∫–æ–º–Ω–∞—Ç—ã –¥–ª—è –æ—Ç–¥—ã—Ö–∞. –õ—é–±–æ–π –∂–µ–ª–∞—é—â–∏–π –º–æ–∂–µ—Ç –æ—Å—Ç–∞–Ω–æ–≤–∏—Ç—å—Å—è
–∑–¥–µ—Å—å –∏ –ø–µ—Ä–µ–¥–æ—Ö–Ω—É—Ç—å –ø–æ—Å–ª–µ –¥–∞–ª—å–Ω–µ–π –¥–æ—Ä–æ–≥–∏. –°–≤–µ—Ç–ª—ã–µ –≥–æ—Ä–Ω–∏—Ü—ã —Ç–∞–∫ –∏ –ø—Ä–∏–≥–ª–∞—à–∞—é—Ç
–ø—Ä–æ–π—Ç–∏ –≤ –Ω–∏—Ö –∏ —Ä–∞—Å—Ç—è–Ω—É—Ç—å—Å—è –Ω–∞ –ø–µ—Ä–∏–Ω–µ, –Ω–∞ –ø—É—Ö–æ–≤–æ–π –¥–∞ –∑–∞–±—ã—Ç—å—Å—è —Å–Ω–æ–º –±–æ–≥–∞—Ç—ã—Ä—Å–∫–∏–º.
–ó–¥–µ—Å—å –∂–µ –º–æ–∂–Ω–æ –ø–æ–¥–æ–∂–¥–∞—Ç—å —Å–≤–æ–∏—Ö –∫–æ–º–ø–∞–Ω—å–æ–Ω–æ–≤ –ø–µ—Ä–µ–¥ –¥–æ–ª–≥–æ–π –¥–æ—Ä–æ–≥–æ–π, –ø–æ–≥–æ–≤–æ—Ä–∏—Ç—å
–æ –¥–∞–ª—å–Ω–µ–π—à–∏—Ö –ø–ª–∞–Ω–∞—Ö.
[1;32m–°–æ–≤—Å–µ–º –º–∞–ª—ã—Ö, –¥–∞ –Ω–µ –æ–±—É—á–µ–Ω–Ω—ã—Ö —Ç–∞–∫ –∏ —Ç—è–Ω–µ—Ç [1;33m–≤–æ–π—Ç–∏ [1;32m–≤ [1;33m—à–∫–æ–ª—É[1;32m.[0;0m
[0;36m[ Exits: d ][0;37m
[1;33m–î–æ—Å–∫–∞ –¥–ª—è —Ä–∞–∑–ª–∏—á–Ω—ã—Ö –∑–∞–º–µ—Ç–æ–∫ –∏ –æ–±—ä—è–≤–ª–µ–Ω–∏–π –ø—Ä–∏–±–∏—Ç–∞ —Ç—É—Ç ..–±–ª–µ—Å—Ç–∏—Ç!
[1;31m–•–æ–∑—è–π–∫–∞ –ø–æ—Å—Ç–æ—è–ª–æ–≥–æ –¥–≤–æ—Ä–∞ —Ä–∞—Å–ø–æ—Ä—è–∂–∞–µ—Ç—Å—è –∑–¥–µ—Å—å.
[0;0m
–î–µ—Ä–µ–≤–Ω—è —É —Ä–µ–∫–∏ (2-–∞—è —Ä–æ–¥–æ–≤–∞—è).

[0;32m153H[0;37m [0;32m89M[0;37m 5240–æ –ó–∞—É—á:0 –í—ã—Ö:v> ˇ˘[1;36m–ö–æ–º–Ω–∞—Ç—ã –æ—Ç–¥—ã—Ö–∞ [5000][0;37m
   –•–æ–∑—è–∏–Ω —É—Å—Ç—Ä–æ–∏–ª –∑–¥–µ—Å—å –∫–æ–º–Ω–∞—Ç—ã –¥–ª—è –æ—Ç–¥—ã—Ö–∞. –õ—é–±–æ–π –∂–µ–ª–∞—é—â–∏–π –º–æ–∂–µ—Ç –æ—Å—Ç–∞–Ω–æ–≤–∏—Ç—å—Å—è
–∑–¥–µ—Å—å –∏ –ø–µ—Ä–µ–¥–æ—Ö–Ω—É—Ç—å –ø–æ—Å–ª–µ –¥–∞–ª—å–Ω–µ–π –¥–æ—Ä–æ–≥–∏. –°–≤–µ—Ç–ª—ã–µ –≥–æ—Ä–Ω–∏—Ü—ã —Ç–∞–∫ –∏ –ø—Ä–∏–≥–ª–∞—à–∞—é—Ç
–ø—Ä–æ–π—Ç–∏ –≤ –Ω–∏—Ö –∏ —Ä–∞—Å—Ç—è–Ω—É—Ç—å—Å—è –Ω–∞ –ø–µ—Ä–∏–Ω–µ, –Ω–∞ –ø—É—Ö–æ–≤–æ–π –¥–∞ –∑–∞–±—ã—Ç—å—Å—è —Å–Ω–æ–º –±–æ–≥–∞—Ç—ã—Ä—Å–∫–∏–º.
–ó–¥–µ—Å—å –∂–µ –º–æ–∂–Ω–æ –ø–æ–¥–æ–∂–¥–∞—Ç—å —Å–≤–æ–∏—Ö –∫–æ–º–ø–∞–Ω—å–æ–Ω–æ–≤ –ø–µ—Ä–µ–¥ –¥–æ–ª–≥–æ–π –¥–æ—Ä–æ–≥–æ–π, –ø–æ–≥–æ–≤–æ—Ä–∏—Ç—å
–æ –¥–∞–ª—å–Ω–µ–π—à–∏—Ö –ø–ª–∞–Ω–∞—Ö.
[1;32m–°–æ–≤—Å–µ–º –º–∞–ª—ã—Ö, –¥–∞ –Ω–µ –æ–±—É—á–µ–Ω–Ω—ã—Ö —Ç–∞–∫ –∏ —Ç—è–Ω–µ—Ç [1;33m–≤–æ–π—Ç–∏ [1;32m–≤ [1;33m—à–∫–æ–ª—É[1;32m.[0;0m
[0;36m[ Exits: d ][0;37m
[1;33m–î–æ—Å–∫–∞ –¥–ª—è —Ä–∞–∑–ª–∏—á–Ω—ã—Ö –∑–∞–º–µ—Ç–æ–∫ –∏ –æ–±—ä—è–≤–ª–µ–Ω–∏–π –ø—Ä–∏–±–∏—Ç–∞ —Ç—É—Ç ..–±–ª–µ—Å—Ç–∏—Ç!
[1;31m–•–æ–∑—è–π–∫–∞ –ø–æ—Å—Ç–æ—è–ª–æ–≥–æ –¥–≤–æ—Ä–∞ —Ä–∞—Å–ø–æ—Ä—è–∂–∞–µ—Ç—Å—è –∑–¥–µ—Å—å.
[0;0m
–î–µ—Ä–µ–≤–Ω—è —É —Ä–µ–∫–∏ (2-–∞—è —Ä–æ–¥–æ–≤–∞—è).

[0;32m153H[0;37m [0;32m92M[0;37m 5240–æ –ó–∞—É—á:0 –í—ã—Ö:v> ˇ˘–í—ã –ø–æ–ø–ª–µ–ª–∏—Å—å –≤–Ω–∏–∑.
[1;36m–ü–æ—Å—Ç–æ—è–ª—ã–π –¥–≤–æ—Ä [5001][0;37m
   –î–µ—Ä–µ–≤–Ω—è —Ö–æ—Ç—å –∏ –Ω–µ–±–æ–ª—å—à–∞—è, –Ω–æ –ø–æ—Å—Ç–æ—è–ª—ã–π –¥–≤–æ—Ä –∏–º–µ–µ—Ç—Å—è, –¥–ª—è –∑–∞–µ–∑–∂–∏—Ö –≥–æ—Å—Ç–µ–π,
—á—Ç–æ–±—ã –±—ã–ª–æ –≥–¥–µ –ø–µ—Ä–µ–≤–µ—Å—Ç–∏ –¥—É—Ö, –µ–¥–æ–π –∏ –ø–∏—Ç—å–µ–º –∑–∞–ø–∞—Å—Ç–∏—Å—å. –ê –µ—Å–ª–∏ –Ω–∞ –¥–≤–æ—Ä–µ —É–∂
–Ω–æ—á—å –∏–ª—å –ø—Ä–æ—Å—Ç–æ –Ω–∞–¥–æ –æ—Å—Ç–∞–Ω–æ–≤–∏—Ç—Å—è –Ω–∞ –¥–µ–Ω—å –¥—Ä—É–≥–æ–π –≤ –¥–µ—Ä–µ–≤–Ω–µ, –∞ —Ä–æ–¥—Å—Ç–≤–µ–Ω–Ω–∏–∫–æ–≤
–Ω–µ—Ç, —Ç–∞–∫ –º–æ–∂–Ω–æ –∏ –ø–µ—Ä–µ–Ω–æ—á–µ–≤–∞—Ç—å –≤ –≥–æ—Ä–Ω–∏—Ü–∞—Ö –Ω–∞–≤–µ—Ä—Ö—É.
[0;36m[ Exits: w u ][0;37m
[1;33m[1;31m–°–µ–¥–æ–≤–ª–∞—Å—ã–π —Å–∫–∞–∑–∏—Ç–µ–ª—å –≥–æ—Ç–æ–≤ –ø–æ–¥–µ–ª–∏—Ç—å—Å—è —Å –í–∞–º–∏ –∏–Ω—Ç–µ—Ä–µ—Å–Ω–æ–π –∏—Å—Ç–æ—Ä–∏–µ–π.
–¢—Ä–∞–∫—Ç–∏—Ä—â–∏–∫ –æ—Ç–¥—ã—Ö–∞–µ—Ç –∑–∞ —Å—Ç–æ–π–∫–æ–π.
[0;0m
[0;32m153H[0;37m [0;32m91M[0;37m 5240–æ –ó–∞—É—á:0 –í—ã—Ö:–ó^> ˇ˘–í—ã –ø–æ–ø–ª–µ–ª–∏—Å—å –Ω–∞ –∑–∞–ø–∞–¥.
[1;36m–ü–µ—Ä–µ–¥ –ø–æ—Å—Ç–æ—è–ª—ã–º –¥–≤–æ—Ä–æ–º [5005][0;37m
   –ß—É—Ç—å –Ω–µ —Å–ø–æ—Ç–∫–Ω—É–≤—à–∏—Å—å –æ –¥–æ—Å–∫—É, –ª–µ–∂–∞—â—É—é —Å—Ä–∞–∑—É —É –ø–æ—Ä–æ–≥–∞ –ø–æ—Å—Ç–æ—è–ª–æ–≥–æ –¥–≤–æ—Ä–∞,
–≤—ã –æ–∫–∞–∑–∞–ª–∏—Å—å –Ω–∞ —Ü–µ–Ω—Ç—Ä–∞–ª—å–Ω–æ–π —É–ª–∏—Ü–µ –¥–µ—Ä–µ–≤–Ω–∏. –ò–º–µ–Ω–Ω–æ –Ω–∞ —ç—Ç–æ–π —É–ª–∏—Ü–µ –º–æ–∂–Ω–æ 
–±—ã—Å—Ç—Ä–æ –Ω–∞–π—Ç–∏ –ª–∞–≤–∫—É —Ä–µ–º–µ—Å–ª–µ–Ω–Ω–∏–∫–∞, –¥–æ–º –∑–Ω–∞—Ö–∞—Ä—è, –∫–æ–Ω—é—à–Ω—é –∏ –¥–æ–º —Å—Ç–∞—Ä–µ–π—à–∏–Ω—ã.
–í —é–∂–Ω–æ–π —á–∞—Å—Ç–∏ –¥–µ—Ä–µ–≤–Ω–∏ –ø–æ—Å–µ–ª–∏–ª–∏—Å—å –≤–æ—Ä–æ–∂–µ–∏.
[0;36m[ Exits: n e s w ][0;37m
[1;33m[1;31m–ú–µ—Å—Ç–Ω—ã–π –∂–∏—Ç–µ–ª—å –∏–¥–µ—Ç –∑–¥–µ—Å—å.
[0;0m
[0;32m153H[0;37m [0;32m91M[0;37m 5240–æ –ó–∞—É—á:0 –í—ã—Ö:–°–í–Æ–ó> ˇ˘–í—ã –ø–æ–ø–ª–µ–ª–∏—Å—å –Ω–∞ —é–≥.
[1;36m–¶–µ–Ω—Ç—Ä –¥–µ—Ä–µ–≤–Ω–∏ [5004][0;37m
   –¶–µ–Ω—Ç—Ä–∞–ª—å–Ω–∞—è —á–∞—Å—Ç—å –¥–µ—Ä–µ–≤–Ω–∏ –∑–∞–ø–æ–ª–Ω–µ–Ω–∞ –Ω—É–∂–Ω—ã–º–∏ –≤—Å–µ–º –º–∞—Å—Ç–µ—Ä—Å–∫–∏–º–∏ –∏ –ª–∞–≤–∫–∞–º–∏.
–£–¥–∞—á–Ω–æ–µ –º–µ—Å—Ç–æ –¥–µ—Ä–µ–≤–Ω–∏ –≤ –Ω–µ–∑–∞–ø–∞–º—è—Ç–Ω—ã–µ –≤—Ä–µ–º–µ–Ω–∞ –ø—Ä–∏–≤–ª–µ–∫–ª–æ —Å—é–¥–∞ —Ç–æ—Ä–≥–æ–≤—Ü–µ–≤ –∏
–º–∞—Å—Ç–µ—Ä–æ–≤—ã—Ö, –∏ —Å —Ç–µ—Ö –ø–æ—Ä –ø–æ–≤–µ–ª–æ—Å—å, —á—Ç–æ –≤ —ç—Ç–æ–π —á–∞—Å—Ç–∏ –¥–µ—Ä–µ–≤–Ω–∏ —Å—Ç–æ—è—Ç –±–æ–ª—å—à–∏–µ –∏
–±–æ–≥–∞—Ç—ã–µ –¥–æ–º–∞. –°–æ –≤—Å–µ–π –æ–∫—Ä—É–≥–∏ –∏ –¥–∞–∂–µ –∏–∑ –¥–∞–ª–µ–∫–æ–π –≥–ª—É—à–∏ –ø—Ä–∏—Ö–æ–¥—è—Ç –ª—é–¥–∏ —Å—é–¥–∞
–∑–∞ —Ç–æ–≤–∞—Ä–æ–º –∫—É–ø–∏—Ç—å —á—Ç–æ, –ø—Ä–æ–¥–∞—Ç—å —á—Ç–æ, –∑–∞–∫–∞–∑–∞—Ç—å —á—Ç–æ.
[0;36m[ Exits: n s w ][0;37m
[1;33m[1;31m–ë–∞–∑–∞—Ä–Ω—ã–π –∑–∞–∑—ã–≤–∞–ª–∞ —Å—Ç–æ–∏—Ç –∑–¥–µ—Å—å, –∑—ã—á–Ω—ã–º –≥–æ–ª–æ—Å–æ–º —Ä–∞—Å—Ö–≤–∞–ª–∏–≤–∞—è –≤—ã—Å—Ç–∞–≤–ª–µ–Ω–Ω—ã–π —Ç–æ–≤–∞—Ä.
[0;0m
[0;32m153H[0;37m [0;32m91M[0;37m 5240–æ –ó–∞—É—á:0 –í—ã—Ö:–°–Æ–ó> ˇ˘–í—ã –ø–æ–ø–ª–µ–ª–∏—Å—å –Ω–∞ —é–≥.
[1;36m–ü–µ—Ä–µ–¥ –∫–æ–Ω—é—à–Ω–µ–π [5003][0;37m
   –¶–µ–Ω—Ç—Ä–∞–ª—å–Ω–∞—è —á–∞—Å—Ç—å –¥–µ—Ä–µ–≤–Ω–∏ –∑–∞–ø–æ–ª–Ω–µ–Ω–∞ –Ω—É–∂–Ω—ã–º–∏ –≤—Å–µ–º –º–∞—Å—Ç–µ—Ä—Å–∫–∏–º–∏ –∏ –ª–∞–≤–∫–∞–º–∏.
–£–¥–∞—á–Ω–æ–µ –º–µ—Å—Ç–æ –¥–µ—Ä–µ–≤–Ω–∏ –≤ –Ω–µ–∑–∞–ø–∞–º—è—Ç–Ω—ã–µ –≤—Ä–µ–º–µ–Ω–∞ –ø—Ä–∏–≤–ª–µ–∫–ª–æ —Å—é–¥–∞ —Ç–æ—Ä–≥–æ–≤—Ü–µ–≤ –∏
–º–∞—Å—Ç–µ—Ä–æ–≤—ã—Ö, –∏ —Å —Ç–µ—Ö –ø–æ—Ä –ø–æ–≤–µ–ª–æ—Å—å, —á—Ç–æ –≤ —ç—Ç–æ–π —á–∞—Å—Ç–∏ –¥–µ—Ä–µ–≤–Ω–∏ —Å—Ç–æ—è—Ç –±–æ–ª—å—à–∏–µ –∏
–±–æ–≥–∞—Ç—ã–µ –¥–æ–º–∞. –°–æ –≤—Å–µ–π –æ–∫—Ä—É–≥–∏ –∏ –¥–∞–∂–µ –∏–∑ –¥–∞–ª–µ–∫–æ–π –≥–ª—É—à–∏ –ø—Ä–∏—Ö–æ–¥—è—Ç –ª—é–¥–∏ —Å—é–¥–∞
–∑–∞ —Ç–æ–≤–∞—Ä–æ–º –∫—É–ø–∏—Ç—å —á—Ç–æ, –ø—Ä–æ–¥–∞—Ç—å —á—Ç–æ, –∑–∞–∫–∞–∑–∞—Ç—å —á—Ç–æ.
[0;36m[ Exits: n e s w ][0;37m
[1;33m[1;31m–ú–æ–ª–æ–¥–æ–π –ø–∞—Ä–µ–Ω—å –≥—É–ª—è–µ—Ç –∑–¥–µ—Å—å.
[0;0m
[0;32m153H[0;37m [0;32m90M[0;37m 5240–æ –ó–∞—É—á:0 –í—ã—Ö:–°–í–Æ–ó> ˇ˘–í—ã –ø–æ–ø–ª–µ–ª–∏—Å—å –Ω–∞ —é–≥.
[1;36m–¶–µ–Ω—Ç—Ä –¥–µ—Ä–µ–≤–Ω–∏ [5009][0;37m
   –¶–µ–Ω—Ç—Ä–∞–ª—å–Ω–∞—è —á–∞—Å—Ç—å –¥–µ—Ä–µ–≤–Ω–∏ –∑–∞–ø–æ–ª–Ω–µ–Ω–∞ –Ω—É–∂–Ω—ã–º–∏ –≤—Å–µ–º –º–∞—Å—Ç–µ—Ä—Å–∫–∏–º–∏ –∏ –ª–∞–≤–∫–∞–º–∏.
–£–¥–∞—á–Ω–æ–µ –º–µ—Å—Ç–æ –¥–µ—Ä–µ–≤–Ω–∏ –≤ –Ω–µ–∑–∞–ø–∞–º—è—Ç–Ω—ã–µ –≤—Ä–µ–º–µ–Ω–∞ –ø—Ä–∏–≤–ª–µ–∫–ª–æ —Å—é–¥–∞ —Ç–æ—Ä–≥–æ–≤—Ü–µ–≤ –∏
–º–∞—Å—Ç–µ—Ä–æ–≤—ã—Ö, –∏ —Å —Ç–µ—Ö –ø–æ—Ä –ø–æ–≤–µ–ª–æ—Å—å, —á—Ç–æ –≤ —ç—Ç–æ–π —á–∞—Å—Ç–∏ –¥–µ—Ä–µ–≤–Ω–∏ —Å—Ç–æ—è—Ç –±–æ–ª—å—à–∏–µ –∏
–±–æ–≥–∞—Ç—ã–µ –¥–æ–º–∞. –°–æ –≤—Å–µ–π –æ–∫—Ä—É–≥–∏ –∏ –¥–∞–∂–µ –∏–∑ –¥–∞–ª–µ–∫–æ–π –≥–ª—É—à–∏ –ø—Ä–∏—Ö–æ–¥—è—Ç –ª—é–¥–∏ —Å—é–¥–∞
–∑–∞ —Ç–æ–≤–∞—Ä–æ–º –∫—É–ø–∏—Ç—å —á—Ç–æ, –ø—Ä–æ–¥–∞—Ç—å —á—Ç–æ, –∑–∞–∫–∞–∑–∞—Ç—å —á—Ç–æ.
[0;36m[ Exits: n e s w ][0;37m
[1;33m[1;31m–ú–µ—Å—Ç–Ω–∞—è –∂–∏—Ç–µ–ª—å–Ω–∏—Ü–∞ –∏–¥–µ—Ç –ø–æ —Å–≤–æ–∏–º –¥–µ–ª–∞–º.
–ú–µ—Å—Ç–Ω—ã–π –∂–∏—Ç–µ–ª—å –∏–¥–µ—Ç –∑–¥–µ—Å—å.
[0;0m
[0;32m153H[0;37m [0;32m90M[0;37m 5240–æ –ó–∞—É—á:0 –í—ã—Ö:–°–í–Æ–ó> ˇ˘–í—ã –ø–æ–ø–ª–µ–ª–∏—Å—å –Ω–∞ –≤–æ—Å—Ç–æ–∫.
[1;36m–î–≤–æ—Ä —Å—Ç–∞—Ä–µ–π—à–∏–Ω—ã [5030][0;37m
   –≠—Ç–æ —Å–∞–º—ã–π –±–æ–ª—å—à–æ–π –¥–≤–æ—Ä –≤ –¥–µ—Ä–µ–≤–Ω–∏. –ó–¥–µ—Å—å –ø—Ä–æ–∏—Å—Ö–æ–¥—è—Ç —Å—Ö–æ–¥—ã –∂–∏—Ç–µ–ª–µ–π –¥–ª—è 
—Ä–µ—à–µ–Ω–∏—è –æ–±—â–∏—Ö –ø—Ä–æ–±–ª–µ–º. –ö–∞–∂–¥—ã–π –º–æ–∂–µ—Ç –≤—ã—Å–∫–∞–∑–∞—Ç—å—Å—è –Ω–∞ —ç—Ç–æ–º —Å–æ–±—Ä–∞–Ω–∏–∏ –Ω–µ–∑–∞–≤–∏—Å–∏–º–æ
–æ—Ç —Å–≤–æ–µ–≥–æ —Å—Ç–∞—Ç—É—Å–∞. –ò–º–µ–Ω–Ω–æ –∑–¥–µ—Å—å —Ä–µ—à–∞—é—Ç—Å—è —Å—Å–æ—Ä—ã, –Ω–∞–∫–∞–∑—ã–≤–∞—é—Ç—Å—è —Å–æ–≤–µ—Ä—à–∏–≤—à–∏–µ
–ø–ª–æ—Ö–∏–µ –ø—Ä–æ—Å—Ç—É–ø–∫–∏.
[0;36m[ Exits: e w ][0;37m
[1;33m–ù–µ–º–Ω–æ–≥–æ –æ—Ç—Ä—É–±–µ–π –ø—Ä–æ—Å—ã–ø–∞–Ω–æ –∑–¥–µ—Å—å.
[1;31m–ï—Ñ–∏–º–∏–π, –±—Ä–∞—Ç –¥–µ—Ä–µ–≤–µ–Ω—Å–∫–æ–≥–æ —Å—Ç–∞—Ä–æ—Å—Ç—ã, —Å—Ç–æ–∏—Ç –∑–¥–µ—Å—å.
[0;0m
[0;32m153H[0;37m [0;32m90M[0;37m 5240–æ –ó–∞—É—á:0 –í—ã—Ö:–í–ó> ˇ˘–í—ã –ø–æ–ø–ª–µ–ª–∏—Å—å –Ω–∞ –≤–æ—Å—Ç–æ–∫.
[1;36m–í –¥–æ–º–µ —Å—Ç–∞—Ä–µ–π—à–∏–Ω—ã [5031][0;37m
   –°–æ—Å—Ç–æ—è—â–∏–π –∏–∑ –¥–≤—É—Ö –ø—è—Ç–∏—Å—Ç–µ–Ω–∫–æ–≤ –¥–æ–º –ø–æ—Ä–∞–∂–∞–µ—Ç —Å–≤–æ–∏–º–∏ —Ä–∞–∑–º–µ—Ä–∞–º–∏. –ó–¥–µ—Å—å –º–æ–≥–ª–∏
–±—ã —Ä–∞–∑–º–µ—Å—Ç–∏—Ç—å—Å—è —á–µ—Ç—ã—Ä–µ –∏–ª–∏ –ø—è—Ç—å –æ–±—ã—á–Ω—ã—Ö –¥–æ–º–æ–º. –î–≤–µ –ø–µ—á–∏, –Ω–µ—Å–∫–æ–ª—å–∫–æ –∫–æ–º–Ω–∞—Ç,
–≤ —Å–∞–º–æ–π –±–æ–ª—å—à–æ–π –∏–∑ –∫–æ—Ç–æ—Ä—ã—Ö –≤—ã —Å–µ–π—á–∞—Å –∏ –Ω–∞—Ö–æ–¥–∏—Ç–µ—Å—å. –ó–¥–µ—Å—å –æ–¥–Ω–æ–≤—Ä–µ–º–µ–Ω–Ω–æ –º–æ–∂–µ—Ç
–Ω–∞—Ö–æ–¥–∏—Ç—Å—è –Ω–µ –æ–¥–∏–Ω –¥–µ—Å—è—Ç–æ–∫ —á–µ–ª–æ–≤–µ–∫.
[0;36m[ Exits: s w ][0;37m
[1;33m[1;31m–°–µ–¥–æ–π –∫—Ä–µ–ø–∫–∏–π –º—É–∂—á–∏–Ω–∞ —Å—Ç–æ–∏—Ç –∑–¥–µ—Å—å.
...—Å–≤–µ—Ç–∏—Ç—Å—è —è—Ä–∫–∏–º —Å–∏—è–Ω–∏–µ–º 
[0;0m
[0;32m153H[0;37m [0;32m90M[0;37m 5240–æ –ó–∞—É—á:0 –í—ã—Ö:–Æ–ó> ˇ˘–í—ã –ø–æ–ø–ª–µ–ª–∏—Å—å –Ω–∞ —é–≥.
[1;36m–í —Å–≤–µ—Ç–ª–æ–π –∫–æ–º–Ω–∞—Ç–µ [5032][0;37m
   –¢–∏—Ö–∞—è —Å–≤–µ—Ç–ª–∞—è –∫–æ–º–Ω–∞—Ç–∞ –∑–Ω–∞—á–∏—Ç–µ–ª—å–Ω–æ –º–µ–Ω—å—à–µ –ø—Ä–µ–¥—ã–¥—É—â–µ–π, –Ω–æ –∏ —Å—é–¥–∞ –ø–æ—Å—Ç–æ—è–Ω–Ω–æ
–∑–∞—Ö–æ–¥—è—Ç –ª—é–¥–∏. –ó–¥–µ—Å—å –≤ —Å–ª—É—á–∞–µ –Ω–µ–æ–±—Ö–æ–¥–∏–º–æ—Å—Ç–∏ –º–æ–∂–Ω–æ –æ—Å—Ç–∞–≤–∏—Ç—å –Ω–∞ —Ö—Ä–∞–Ω–µ–Ω–∏–µ —Å–≤–æ–∏
–¥–µ–Ω—å–≥–∏.
[0;36m[ Exits: n ][0;37m
[1;33m–í–∞—à –ø–æ—Ö–æ–¥–Ω—ã–π —Å—É–Ω–¥—É—á–æ–∫ —Å—Ç–æ–∏—Ç –∑–¥–µ—Å—å.
[1;31m–î–æ—á–∫–∞ —Å—Ç–∞—Ä–µ–π—à–∏–Ω—ã —Å—Ç–æ–∏—Ç –∑–¥–µ—Å—å.
–î–æ—Ä–æ–¥–Ω–∞—è –∂–µ–Ω—â–∏–Ω–∞ —Å—Ç–æ–∏—Ç –∑–¥–µ—Å—å.
[0;0m
[0;32m153H[0;37m [0;32m90M[0;37m 5240–æ –ó–∞—É—á:0 –í—ã—Ö:–°> ˇ˘
–î–æ—á–∫–∞ —Å–∫–∞–∑–∞–ª–∞ –í–∞–º:
- –≠—Ö —Ç—ã –≥–æ—Ä–µ–º—ã—á–Ω—ã–π, –≥–æ–ª–æ–¥–Ω—ã–π –Ω–∞–≤–µ—Ä–Ω–æ–µ, –ì–µ–Ω–æ–¥.
- –ß—Ç–æ –º—ã –Ω–µ—Ö—Ä–∏—Å—Ç–∏ —á—Ç–æ–±—ã –Ω–µ –Ω–∞–∫–æ—Ä–º–∏—Ç—å.
- –°–µ–π—á–∞—Å, –ø–æ–¥–æ–∂–¥–∏...
–í—ã –ø–æ–ª–Ω–æ—Å—Ç—å—é –Ω–∞—Å—ã—Ç–∏–ª–∏—Å—å.

[0;32m153H[0;37m [0;32m90M[0;37m 5240–æ –ó–∞—É—á:0 –í—ã—Ö:–°> ˇ˘[1;36m–í —Å–≤–µ—Ç–ª–æ–π –∫–æ–º–Ω–∞—Ç–µ [5032][0;37m
   –¢–∏—Ö–∞—è —Å–≤–µ—Ç–ª–∞—è –∫–æ–º–Ω–∞—Ç–∞ –∑–Ω–∞—á–∏—Ç–µ–ª—å–Ω–æ –º–µ–Ω—å—à–µ –ø—Ä–µ–¥—ã–¥—É—â–µ–π, –Ω–æ –∏ —Å—é–¥–∞ –ø–æ—Å—Ç–æ—è–Ω–Ω–æ
–∑–∞—Ö–æ–¥—è—Ç –ª—é–¥–∏. –ó–¥–µ—Å—å –≤ —Å–ª—É—á–∞–µ –Ω–µ–æ–±—Ö–æ–¥–∏–º–æ—Å—Ç–∏ –º–æ–∂–Ω–æ –æ—Å—Ç–∞–≤–∏—Ç—å –Ω–∞ —Ö—Ä–∞–Ω–µ–Ω–∏–µ —Å–≤–æ–∏
–¥–µ–Ω—å–≥–∏.
[0;36m[ Exits: n ][0;37m
[1;33m–í–∞—à –ø–æ—Ö–æ–¥–Ω—ã–π —Å—É–Ω–¥—É—á–æ–∫ —Å—Ç–æ–∏—Ç –∑–¥–µ—Å—å.
[1;31m–î–æ—á–∫–∞ —Å—Ç–∞—Ä–µ–π—à–∏–Ω—ã —Å—Ç–æ–∏—Ç –∑–¥–µ—Å—å.
–î–æ—Ä–æ–¥–Ω–∞—è –∂–µ–Ω—â–∏–Ω–∞ —Å—Ç–æ–∏—Ç –∑–¥–µ—Å—å.
[0;0m
[0;32m153H[0;37m [0;32m92M[0;37m 5240–æ –ó–∞—É—á:0 –í—ã—Ö:–°> ˇ˘–í—ã –ø–æ–ø–ª–µ–ª–∏—Å—å –Ω–∞ —Å–µ–≤–µ—Ä.
[1;36m–í –¥–æ–º–µ —Å—Ç–∞—Ä–µ–π—à–∏–Ω—ã [5031][0;37m
   –°–æ—Å—Ç–æ—è—â–∏–π –∏–∑ –¥–≤—É—Ö –ø—è—Ç–∏—Å—Ç–µ–Ω–∫–æ–≤ –¥–æ–º –ø–æ—Ä–∞–∂–∞–µ—Ç —Å–≤–æ–∏–º–∏ —Ä–∞–∑–º–µ—Ä–∞–º–∏. –ó–¥–µ—Å—å –º–æ–≥–ª–∏
–±—ã —Ä–∞–∑–º–µ—Å—Ç–∏—Ç—å—Å—è —á–µ—Ç—ã—Ä–µ –∏–ª–∏ –ø—è—Ç—å –æ–±—ã—á–Ω—ã—Ö –¥–æ–º–æ–º. –î–≤–µ –ø–µ—á–∏, –Ω–µ—Å–∫–æ–ª—å–∫–æ –∫–æ–º–Ω–∞—Ç,
–≤ —Å–∞–º–æ–π –±–æ–ª—å—à–æ–π –∏–∑ –∫–æ—Ç–æ—Ä—ã—Ö –≤—ã —Å–µ–π—á–∞—Å –∏ –Ω–∞—Ö–æ–¥–∏—Ç–µ—Å—å. –ó–¥–µ—Å—å –æ–¥–Ω–æ–≤—Ä–µ–º–µ–Ω–Ω–æ –º–æ–∂–µ—Ç
–Ω–∞—Ö–æ–¥–∏—Ç—Å—è –Ω–µ –æ–¥–∏–Ω –¥–µ—Å—è—Ç–æ–∫ —á–µ–ª–æ–≤–µ–∫.
[0;36m[ Exits: s w ][0;37m
[1;33m[1;31m–°–µ–¥–æ–π –∫—Ä–µ–ø–∫–∏–π –º—É–∂—á–∏–Ω–∞ —Å—Ç–æ–∏—Ç –∑–¥–µ—Å—å.
...—Å–≤–µ—Ç–∏—Ç—Å—è —è—Ä–∫–∏–º —Å–∏—è–Ω–∏–µ–º 
[0;0m
[0;32m153H[0;37m [0;32m91M[0;37m 5240–æ –ó–∞—É—á:0 –í—ã—Ö:–Æ–ó> ˇ˘–í—ã –ø–æ–ø–ª–µ–ª–∏—Å—å –Ω–∞ –∑–∞–ø–∞–¥.
[1;36m–î–≤–æ—Ä —Å—Ç–∞—Ä–µ–π—à–∏–Ω—ã [5030][0;37m
   –≠—Ç–æ —Å–∞–º—ã–π –±–æ–ª—å—à–æ–π –¥–≤–æ—Ä –≤ –¥–µ—Ä–µ–≤–Ω–∏. –ó–¥–µ—Å—å –ø—Ä–æ–∏—Å—Ö–æ–¥—è—Ç —Å—Ö–æ–¥—ã –∂–∏—Ç–µ–ª–µ–π –¥–ª—è 
—Ä–µ—à–µ–Ω–∏—è –æ–±—â–∏—Ö –ø—Ä–æ–±–ª–µ–º. –ö–∞–∂–¥—ã–π –º–æ–∂–µ—Ç –≤—ã—Å–∫–∞–∑–∞—Ç—å—Å—è –Ω–∞ —ç—Ç–æ–º —Å–æ–±—Ä–∞–Ω–∏–∏ –Ω–µ–∑–∞–≤–∏—Å–∏–º–æ
–æ—Ç —Å–≤–æ–µ–≥–æ —Å—Ç–∞—Ç—É—Å–∞. –ò–º–µ–Ω–Ω–æ –∑–¥–µ—Å—å —Ä–µ—à–∞—é—Ç—Å—è —Å—Å–æ—Ä—ã, –Ω–∞–∫–∞–∑—ã–≤–∞—é—Ç—Å—è —Å–æ–≤–µ—Ä—à–∏–≤—à–∏–µ
–ø–ª–æ—Ö–∏–µ –ø—Ä–æ—Å—Ç—É–ø–∫–∏.
[0;36m[ Exits: e w ][0;37m
[1;33m–ù–µ–º–Ω–æ–≥–æ –æ—Ç—Ä—É–±–µ–π –ø—Ä–æ—Å—ã–ø–∞–Ω–æ –∑–¥–µ—Å—å.
[1;31m–ï—Ñ–∏–º–∏–π, –±—Ä–∞—Ç –¥–µ—Ä–µ–≤–µ–Ω—Å–∫–æ–≥–æ —Å—Ç–∞—Ä–æ—Å—Ç—ã, —Å—Ç–æ–∏—Ç –∑–¥–µ—Å—å.
[0;0m
[0;32m153H[0;37m [0;32m91M[0;37m 5240–æ –ó–∞—É—á:0 –í—ã—Ö:–í–ó> ˇ˘–í—ã –ø–æ–ø–ª–µ–ª–∏—Å—å –Ω–∞ –∑–∞–ø–∞–¥.
[1;36m–¶–µ–Ω—Ç—Ä –¥–µ—Ä–µ–≤–Ω–∏ [5009][0;37m
   –¶–µ–Ω—Ç—Ä–∞–ª—å–Ω–∞—è —á–∞—Å—Ç—å –¥–µ—Ä–µ–≤–Ω–∏ –∑–∞–ø–æ–ª–Ω–µ–Ω–∞ –Ω—É–∂–Ω—ã–º–∏ –≤—Å–µ–º –º–∞—Å—Ç–µ—Ä—Å–∫–∏–º–∏ –∏ –ª–∞–≤–∫–∞–º–∏.
–£–¥–∞—á–Ω–æ–µ –º–µ—Å—Ç–æ –¥–µ—Ä–µ–≤–Ω–∏ –≤ –Ω–µ–∑–∞–ø–∞–º—è—Ç–Ω—ã–µ –≤—Ä–µ–º–µ–Ω–∞ –ø—Ä–∏–≤–ª–µ–∫–ª–æ —Å—é–¥–∞ —Ç–æ—Ä–≥–æ–≤—Ü–µ–≤ –∏
–º–∞—Å—Ç–µ—Ä–æ–≤—ã—Ö, –∏ —Å —Ç–µ—Ö –ø–æ—Ä –ø–æ–≤–µ–ª–æ—Å—å, —á—Ç–æ –≤ —ç—Ç–æ–π —á–∞—Å—Ç–∏ –¥–µ—Ä–µ–≤–Ω–∏ —Å—Ç–æ—è—Ç –±–æ–ª—å—à–∏–µ –∏
–±–æ–≥–∞—Ç—ã–µ –¥–æ–º–∞. –°–æ –≤—Å–µ–π –æ–∫—Ä—É–≥–∏ –∏ –¥–∞–∂–µ –∏–∑ –¥–∞–ª–µ–∫–æ–π –≥–ª—É—à–∏ –ø—Ä–∏—Ö–æ–¥—è—Ç –ª—é–¥–∏ —Å—é–¥–∞
–∑–∞ —Ç–æ–≤–∞—Ä–æ–º –∫—É–ø–∏—Ç—å —á—Ç–æ, –ø—Ä–æ–¥–∞—Ç—å —á—Ç–æ, –∑–∞–∫–∞–∑–∞—Ç—å —á—Ç–æ.
[0;36m[ Exits: n e s w ][0;37m
[1;33m[1;31m–ú–µ—Å—Ç–Ω–∞—è –∂–∏—Ç–µ–ª—å–Ω–∏—Ü–∞ –∏–¥–µ—Ç –ø–æ —Å–≤–æ–∏–º –¥–µ–ª–∞–º.
–ú–µ—Å—Ç–Ω—ã–π –∂–∏—Ç–µ–ª—å –∏–¥–µ—Ç –∑–¥–µ—Å—å.
[0;0m
[0;32m153H[0;37m [0;32m91M[0;37m 5240–æ –ó–∞—É—á:0 –í—ã—Ö:–°–í–Æ–ó> ˇ˘–í—ã –ø–æ–ø–ª–µ–ª–∏—Å—å –Ω–∞ —Å–µ–≤–µ—Ä.
[1;36m–ü–µ—Ä–µ–¥ –∫–æ–Ω—é—à–Ω–µ–π [5003][0;37m
   –¶–µ–Ω—Ç—Ä–∞–ª—å–Ω–∞—è —á–∞—Å—Ç—å –¥–µ—Ä–µ–≤–Ω–∏ –∑–∞–ø–æ–ª–Ω–µ–Ω–∞ –Ω—É–∂–Ω—ã–º–∏ –≤—Å–µ–º –º–∞—Å—Ç–µ—Ä—Å–∫–∏–º–∏ –∏ –ª–∞–≤–∫–∞–º–∏.
–£–¥–∞—á–Ω–æ–µ –º–µ—Å—Ç–æ –¥–µ—Ä–µ–≤–Ω–∏ –≤ –Ω–µ–∑–∞–ø–∞–º—è—Ç–Ω—ã–µ –≤—Ä–µ–º–µ–Ω–∞ –ø—Ä–∏–≤–ª–µ–∫–ª–æ —Å—é–¥–∞ —Ç–æ—Ä–≥–æ–≤—Ü–µ–≤ –∏
–º–∞—Å—Ç–µ—Ä–æ–≤—ã—Ö, –∏ —Å —Ç–µ—Ö –ø–æ—Ä –ø–æ–≤–µ–ª–æ—Å—å, —á—Ç–æ –≤ —ç—Ç–æ–π —á–∞—Å—Ç–∏ –¥–µ—Ä–µ–≤–Ω–∏ —Å—Ç–æ—è—Ç –±–æ–ª—å—à–∏–µ –∏
–±–æ–≥–∞—Ç—ã–µ –¥–æ–º–∞. –°–æ –≤—Å–µ–π –æ–∫—Ä—É–≥–∏ –∏ –¥–∞–∂–µ –∏–∑ –¥–∞–ª–µ–∫–æ–π –≥–ª—É—à–∏ –ø—Ä–∏—Ö–æ–¥—è—Ç –ª—é–¥–∏ —Å—é–¥–∞
–∑–∞ —Ç–æ–≤–∞—Ä–æ–º –∫—É–ø–∏—Ç—å —á—Ç–æ, –ø—Ä–æ–¥–∞—Ç—å —á—Ç–æ, –∑–∞–∫–∞–∑–∞—Ç—å —á—Ç–æ.
[0;36m[ Exits: n e s w ][0;37m
[1;33m[1;31m–ú–æ–ª–æ–¥–æ–π –ø–∞—Ä–µ–Ω—å –≥—É–ª—è–µ—Ç –∑–¥–µ—Å—å.
[0;0m
[0;32m153H[0;37m [0;32m91M[0;37m 5240–æ –ó–∞—É—á:0 –í—ã—Ö:–°–í–Æ–ó> ˇ˘–í—ã –ø–æ–ø–ª–µ–ª–∏—Å—å –Ω–∞ —Å–µ–≤–µ—Ä.
[1;36m–¶–µ–Ω—Ç—Ä –¥–µ—Ä–µ–≤–Ω–∏ [5004][0;37m
   –¶–µ–Ω—Ç—Ä–∞–ª—å–Ω–∞—è —á–∞—Å—Ç—å –¥–µ—Ä–µ–≤–Ω–∏ –∑–∞–ø–æ–ª–Ω–µ–Ω–∞ –Ω—É–∂–Ω—ã–º–∏ –≤—Å–µ–º –º–∞—Å—Ç–µ—Ä—Å–∫–∏–º–∏ –∏ –ª–∞–≤–∫–∞–º–∏.
–£–¥–∞—á–Ω–æ–µ –º–µ—Å—Ç–æ –¥–µ—Ä–µ–≤–Ω–∏ –≤ –Ω–µ–∑–∞–ø–∞–º—è—Ç–Ω—ã–µ –≤—Ä–µ–º–µ–Ω–∞ –ø—Ä–∏–≤–ª–µ–∫–ª–æ —Å—é–¥–∞ —Ç–æ—Ä–≥–æ–≤—Ü–µ–≤ –∏
–º–∞—Å—Ç–µ—Ä–æ–≤—ã—Ö, –∏ —Å —Ç–µ—Ö –ø–æ—Ä –ø–æ–≤–µ–ª–æ—Å—å, —á—Ç–æ –≤ —ç—Ç–æ–π —á–∞—Å—Ç–∏ –¥–µ—Ä–µ–≤–Ω–∏ —Å—Ç–æ—è—Ç –±–æ–ª—å—à–∏–µ –∏
–±–æ–≥–∞—Ç—ã–µ –¥–æ–º–∞. –°–æ –≤—Å–µ–π –æ–∫—Ä—É–≥–∏ –∏ –¥–∞–∂–µ –∏–∑ –¥–∞–ª–µ–∫–æ–π –≥–ª—É—à–∏ –ø—Ä–∏—Ö–æ–¥—è—Ç –ª—é–¥–∏ —Å—é–¥–∞
–∑–∞ —Ç–æ–≤–∞—Ä–æ–º –∫—É–ø–∏—Ç—å —á—Ç–æ, –ø—Ä–æ–¥–∞—Ç—å —á—Ç–æ, –∑–∞–∫–∞–∑–∞—Ç—å —á—Ç–æ.
[0;36m[ Exits: n s w ][0;37m
[1;33m[1;31m–ë–∞–∑–∞—Ä–Ω—ã–π –∑–∞–∑—ã–≤–∞–ª–∞ —Å—Ç–æ–∏—Ç –∑–¥–µ—Å—å, –∑—ã—á–Ω—ã–º –≥–æ–ª–æ—Å–æ–º —Ä–∞—Å—Ö–≤–∞–ª–∏–≤–∞—è –≤—ã—Å—Ç–∞–≤–ª–µ–Ω–Ω—ã–π —Ç–æ–≤–∞—Ä.
[0;0m
[0;32m153H[0;37m [0;32m91M[0;37m 5240–æ –ó–∞—É—á:0 –í—ã—Ö:–°–Æ–ó> ˇ˘–í—ã –ø–æ–ø–ª–µ–ª–∏—Å—å –Ω–∞ —Å–µ–≤–µ—Ä.
[1;36m–ü–µ—Ä–µ–¥ –ø–æ—Å—Ç–æ—è–ª—ã–º –¥–≤–æ—Ä–æ–º [5005][0;37m
   –ß—É—Ç—å –Ω–µ —Å–ø–æ—Ç–∫–Ω—É–≤—à–∏—Å—å –æ –¥–æ—Å–∫—É, –ª–µ–∂–∞—â—É—é —Å—Ä–∞–∑—É —É –ø–æ—Ä–æ–≥–∞ –ø–æ—Å—Ç–æ—è–ª–æ–≥–æ –¥–≤–æ—Ä–∞,
–≤—ã –æ–∫–∞–∑–∞–ª–∏—Å—å –Ω–∞ —Ü–µ–Ω—Ç—Ä–∞–ª—å–Ω–æ–π —É–ª–∏—Ü–µ –¥–µ—Ä–µ–≤–Ω–∏. –ò–º–µ–Ω–Ω–æ –Ω–∞ —ç—Ç–æ–π —É–ª–∏—Ü–µ –º–æ–∂–Ω–æ 
–±—ã—Å—Ç—Ä–æ –Ω–∞–π—Ç–∏ –ª–∞–≤–∫—É —Ä–µ–º–µ—Å–ª–µ–Ω–Ω–∏–∫–∞, –¥–æ–º –∑–Ω–∞—Ö–∞—Ä—è, –∫–æ–Ω—é—à–Ω—é –∏ –¥–æ–º —Å—Ç–∞—Ä–µ–π—à–∏–Ω—ã.
–í —é–∂–Ω–æ–π —á–∞—Å—Ç–∏ –¥–µ—Ä–µ–≤–Ω–∏ –ø–æ—Å–µ–ª–∏–ª–∏—Å—å –≤–æ—Ä–æ–∂–µ–∏.
[0;36m[ Exits: n e s w ][0;37m
[1;33m[1;31m–ú–µ—Å—Ç–Ω—ã–π –∂–∏—Ç–µ–ª—å –∏–¥–µ—Ç –∑–¥–µ—Å—å.
[0;0m
[0;32m153H[0;37m [0;32m91M[0;37m 5240–æ –ó–∞—É—á:0 –í—ã—Ö:–°–í–Æ–ó> ˇ˘–í—ã –ø–æ–ø–ª–µ–ª–∏—Å—å –Ω–∞ –≤–æ—Å—Ç–æ–∫.
[1;36m–ü–æ—Å—Ç–æ—è–ª—ã–π –¥–≤–æ—Ä [5001][0;37m
   –î–µ—Ä–µ–≤–Ω—è —Ö–æ—Ç—å –∏ –Ω–µ–±–æ–ª—å—à–∞—è, –Ω–æ –ø–æ—Å—Ç–æ—è–ª—ã–π –¥–≤–æ—Ä –∏–º–µ–µ—Ç—Å—è, –¥–ª—è –∑–∞–µ–∑–∂–∏—Ö –≥–æ—Å—Ç–µ–π,
—á—Ç–æ–±—ã –±—ã–ª–æ –≥–¥–µ –ø–µ—Ä–µ–≤–µ—Å—Ç–∏ –¥—É—Ö, –µ–¥–æ–π –∏ –ø–∏—Ç—å–µ–º –∑–∞–ø–∞—Å—Ç–∏—Å—å. –ê –µ—Å–ª–∏ –Ω–∞ –¥–≤–æ—Ä–µ —É–∂
–Ω–æ—á—å –∏–ª—å –ø—Ä–æ—Å—Ç–æ –Ω–∞–¥–æ –æ—Å—Ç–∞–Ω–æ–≤–∏—Ç—Å—è –Ω–∞ –¥–µ–Ω—å –¥—Ä—É–≥–æ–π –≤ –¥–µ—Ä–µ–≤–Ω–µ, –∞ —Ä–æ–¥—Å—Ç–≤–µ–Ω–Ω–∏–∫–æ–≤
–Ω–µ—Ç, —Ç–∞–∫ –º–æ–∂–Ω–æ –∏ –ø–µ—Ä–µ–Ω–æ—á–µ–≤–∞—Ç—å –≤ –≥–æ—Ä–Ω–∏—Ü–∞—Ö –Ω–∞–≤–µ—Ä—Ö—É.
[0;36m[ Exits: w u ][0;37m
[1;33m[1;31m–°–µ–¥–æ–≤–ª–∞—Å—ã–π —Å–∫–∞–∑–∏—Ç–µ–ª—å –≥–æ—Ç–æ–≤ –ø–æ–¥–µ–ª–∏—Ç—å—Å—è —Å –í–∞–º–∏ –∏–Ω—Ç–µ—Ä–µ—Å–Ω–æ–π –∏—Å—Ç–æ—Ä–∏–µ–π.
–¢—Ä–∞–∫—Ç–∏—Ä—â–∏–∫ –æ—Ç–¥—ã—Ö–∞–µ—Ç –∑–∞ —Å—Ç–æ–π–∫–æ–π.
[0;0m
[0;32m153H[0;37m [0;32m91M[0;37m 5240–æ –ó–∞—É—á:0 –í—ã—Ö:–ó^> ˇ˘
—Å–∫–∞–∑–∏—Ç–µ–ª—å, –∑–∞–≤–∏–¥–µ–≤ –≤–∞—Å, —à–∏—Ä–æ–∫–æ —É–ª—ã–±–Ω—É–ª—Å—è.
—Å–∫–∞–∑–∏—Ç–µ–ª—å —Å–∫–∞–∑–∞–ª : '–ë–æ–≥–∞—Ç—ã—Ä—å - —Ö–æ—Ä–æ—à–∞—è –ø—Ä–æ—Ñ–µ—Å—Å–∏—è'
—Å–∫–∞–∑–∏—Ç–µ–ª—å —Å–∫–∞–∑–∞–ª : '–ï—Å—Ç—å —É –º–µ–Ω—è –æ–¥–Ω–∞ –Ω–µ–ø–ª–æ—Ö–∞—è —Å–∫–∞–∑–∫–∞ –ø—Ä–æ –≤–∞—à–µ–≥–æ –±—Ä–∞—Ç–∞'

[0;32m153H[0;37m [0;32m91M[0;37m 5240–æ –ó–∞—É—á:0 –í—ã—Ö:–ó^> ˇ˘–í—ã –ø–æ–ø–ª–µ–ª–∏—Å—å –≤–≤–µ—Ä—Ö.
[1;36m–ö–æ–º–Ω–∞—Ç—ã –æ—Ç–¥—ã—Ö–∞ [5000][0;37m
   –•–æ–∑—è–∏–Ω —É—Å—Ç—Ä–æ–∏–ª –∑–¥–µ—Å—å –∫–æ–º–Ω–∞—Ç—ã –¥–ª—è –æ—Ç–¥—ã—Ö–∞. –õ—é–±–æ–π –∂–µ–ª–∞—é—â–∏–π –º–æ–∂–µ—Ç –æ—Å—Ç–∞–Ω–æ–≤–∏—Ç—å—Å—è
–∑–¥–µ—Å—å –∏ –ø–µ—Ä–µ–¥–æ—Ö–Ω—É—Ç—å –ø–æ—Å–ª–µ –¥–∞–ª—å–Ω–µ–π –¥–æ—Ä–æ–≥–∏. –°–≤–µ—Ç–ª—ã–µ –≥–æ—Ä–Ω–∏—Ü—ã —Ç–∞–∫ –∏ –ø—Ä–∏–≥–ª–∞—à–∞—é—Ç
–ø—Ä–æ–π—Ç–∏ –≤ –Ω–∏—Ö –∏ —Ä–∞—Å—Ç—è–Ω—É—Ç—å—Å—è –Ω–∞ –ø–µ—Ä–∏–Ω–µ, –Ω–∞ –ø—É—Ö–æ–≤–æ–π –¥–∞ –∑–∞–±—ã—Ç—å—Å—è —Å–Ω–æ–º –±–æ–≥–∞—Ç—ã—Ä—Å–∫–∏–º.
–ó–¥–µ—Å—å –∂–µ –º–æ–∂–Ω–æ –ø–æ–¥–æ–∂–¥–∞—Ç—å —Å–≤–æ–∏—Ö –∫–æ–º–ø–∞–Ω—å–æ–Ω–æ–≤ –ø–µ—Ä–µ–¥ –¥–æ–ª–≥–æ–π –¥–æ—Ä–æ–≥–æ–π, –ø–æ–≥–æ–≤–æ—Ä–∏—Ç—å
–æ –¥–∞–ª—å–Ω–µ–π—à–∏—Ö –ø–ª–∞–Ω–∞—Ö.
[1;32m–°–æ–≤—Å–µ–º –º–∞–ª—ã—Ö, –¥–∞ –Ω–µ –æ–±—É—á–µ–Ω–Ω—ã—Ö —Ç–∞–∫ –∏ —Ç—è–Ω–µ—Ç [1;33m–≤–æ–π—Ç–∏ [1;32m–≤ [1;33m—à–∫–æ–ª—É[1;32m.[0;0m
[0;36m[ Exits: d ][0;37m
[1;33m–î–æ—Å–∫–∞ –¥–ª—è —Ä–∞–∑–ª–∏—á–Ω—ã—Ö –∑–∞–º–µ—Ç–æ–∫ –∏ –æ–±—ä—è–≤–ª–µ–Ω–∏–π –ø—Ä–∏–±–∏—Ç–∞ —Ç—É—Ç ..–±–ª–µ—Å—Ç–∏—Ç!
[1;31m–•–æ–∑—è–π–∫–∞ –ø–æ—Å—Ç–æ—è–ª–æ–≥–æ –¥–≤–æ—Ä–∞ —Ä–∞—Å–ø–æ—Ä—è–∂–∞–µ—Ç—Å—è –∑–¥–µ—Å—å.
[0;0m
[0;32m153H[0;37m [0;32m90M[0;37m 5240–æ –ó–∞—É—á:0 –í—ã—Ö:v> ˇ˘
[1;37m–î–æ –∫–æ–Ω—Ü–∞ –±–æ–Ω—É—Å–∞ –æ—Å—Ç–∞–ª–æ—Å—å 9 —á–∞—Å–æ–≤.[0;0m

[0;32m153H[0;37m [0;32m92M[0;37m 5240–æ –ó–∞—É—á:0 –í—ã—Ö:v> ˇ˘
[1;31m–ú–∏–Ω—É–ª —á–∞—Å.[0;37m

[0;32m153H[0;37m [0;32m92M[0;37m 5240–æ –ó–∞—É—á:0 –í—ã—Ö:v> ˇ˘
[1;37m–î–æ –∫–æ–Ω—Ü–∞ –±–æ–Ω—É—Å–∞ –æ—Å—Ç–∞–ª–æ—Å—å 8 —á–∞—Å–æ–≤.[0;0m

[0;32m153H[0;37m [0;32m92M[0;37m 5240–æ –ó–∞—É—á:0 –í—ã—Ö:v> ˇ˘
[1;31m–ú–∏–Ω—É–ª —á–∞—Å.[0;37m

[0;32m153H[0;37m [0;32m92M[0;37m 5240–æ –ó–∞—É—á:0 –í—ã—Ö:v> ˇ˘
[1;37m–î–æ –∫–æ–Ω—Ü–∞ –±–æ–Ω—É—Å–∞ –æ—Å—Ç–∞–ª–æ—Å—å 7 —á–∞—Å–æ–≤.[0;0m

[0;32m153H[0;37m [0;32m92M[0;37m 5240–æ –ó–∞—É—á:0 –í—ã—Ö:v> ˇ˘
[1;31m–ú–∏–Ω—É–ª —á–∞—Å.[0;37m

[0;32m153H[0;37m [0;32m92M[0;37m 5240–æ –ó–∞—É—á:0 –í—ã—Ö:v> ˇ˘
[1;37m–î–æ –∫–æ–Ω—Ü–∞ –±–æ–Ω—É—Å–∞ –æ—Å—Ç–∞–ª–æ—Å—å 6 —á–∞—Å–æ–≤.[0;0m

[0;32m153H[0;37m [0;32m92M[0;37m 5240–æ –ó–∞—É—á:0 –í—ã—Ö:v> ˇ˘
[1;31m–ú–∏–Ω—É–ª —á–∞—Å.[0;37m

[0;32m153H[0;37m [0;32m92M[0;37m 5240–æ –ó–∞—É—á:0 –í—ã—Ö:v> ˇ˘[1;36m–ö–æ–º–Ω–∞—Ç—ã –æ—Ç–¥—ã—Ö–∞ [5000][0;37m
   –•–æ–∑—è–∏–Ω —É—Å—Ç—Ä–æ–∏–ª –∑–¥–µ—Å—å –∫–æ–º–Ω–∞—Ç—ã –¥–ª—è –æ—Ç–¥—ã—Ö–∞. –õ—é–±–æ–π –∂–µ–ª–∞—é—â–∏–π –º–æ–∂–µ—Ç –æ—Å—Ç–∞–Ω–æ–≤–∏—Ç—å—Å—è
–∑–¥–µ—Å—å –∏ –ø–µ—Ä–µ–¥–æ—Ö–Ω—É—Ç—å –ø–æ—Å–ª–µ –¥–∞–ª—å–Ω–µ–π –¥–æ—Ä–æ–≥–∏. –°–≤–µ—Ç–ª—ã–µ –≥–æ—Ä–Ω–∏—Ü—ã —Ç–∞–∫ –∏ –ø—Ä–∏–≥–ª–∞—à–∞—é—Ç
–ø—Ä–æ–π—Ç–∏ –≤ –Ω–∏—Ö –∏ —Ä–∞—Å—Ç—è–Ω—É—Ç—å—Å—è –Ω–∞ –ø–µ—Ä–∏–Ω–µ, –Ω–∞ –ø—É—Ö–æ–≤–æ–π –¥–∞ –∑–∞–±—ã—Ç—å—Å—è —Å–Ω–æ–º –±–æ–≥–∞—Ç—ã—Ä—Å–∫–∏–º.
–ó–¥–µ—Å—å –∂–µ –º–æ–∂–Ω–æ –ø–æ–¥–æ–∂–¥–∞—Ç—å —Å–≤–æ–∏—Ö –∫–æ–º–ø–∞–Ω—å–æ–Ω–æ–≤ –ø–µ—Ä–µ–¥ –¥–æ–ª–≥–æ–π –¥–æ—Ä–æ–≥–æ–π, –ø–æ–≥–æ–≤–æ—Ä–∏—Ç—å
–æ –¥–∞–ª—å–Ω–µ–π—à–∏—Ö –ø–ª–∞–Ω–∞—Ö.
[1;32m–°–æ–≤—Å–µ–º –º–∞–ª—ã—Ö, –¥–∞ –Ω–µ –æ–±—É—á–µ–Ω–Ω—ã—Ö —Ç–∞–∫ –∏ —Ç—è–Ω–µ—Ç [1;33m–≤–æ–π—Ç–∏ [1;32m–≤ [1;33m—à–∫–æ–ª—É[1;32m.[0;0m
[0;36m[ Exits: d ][0;37m
[1;33m–î–æ—Å–∫–∞ –¥–ª—è —Ä–∞–∑–ª–∏—á–Ω—ã—Ö –∑–∞–º–µ—Ç–æ–∫ –∏ –æ–±—ä—è–≤–ª–µ–Ω–∏–π –ø—Ä–∏–±–∏—Ç–∞ —Ç—É—Ç ..–±–ª–µ—Å—Ç–∏—Ç!
[1;31m–•–æ–∑—è–π–∫–∞ –ø–æ—Å—Ç–æ—è–ª–æ–≥–æ –¥–≤–æ—Ä–∞ —Ä–∞—Å–ø–æ—Ä—è–∂–∞–µ—Ç—Å—è –∑–¥–µ—Å—å.
[0;0m
[0;32m153H[0;37m [0;32m92M[0;37m 5240–æ –ó–∞—É—á:0 –í—ã—Ö:v> ˇ˘–•–æ–∑—è–π–∫–∞ —Å–∫–∞–∑–∞–ª–∞ –≤–∞–º : "–°–µ–≥–æ–¥–Ω—è —Å–ø–∏–º –Ω–∞—Ö–∞–ª—è–≤—É!"
–•–æ–∑—è–π–∫–∞ –∑–∞–ø–µ—Ä–ª–∞ –≤–∞—à–∏ –≤–µ—â–∏ –≤ —Å—É–Ω–¥—É–∫ –∏ –ø–æ–≤–µ–ª–∞ –≤ —Ç–µ—Å–Ω—É—é –∫–∞–º–æ—Ä–∫—É.

0) –û—Ç—Å–æ–µ–¥–∏–Ω–∏—Ç—å—Å—è.
1) –ù–∞—á–∞—Ç—å –∏–≥—Ä—É.
2) –í–≤–µ—Å—Ç–∏ –æ–ø–∏—Å–∞–Ω–∏–µ –≤–∞—à–µ–≥–æ –ø–µ—Ä—Å–æ–Ω–∞–∂–∞.
3) –£–∑–Ω–∞—Ç—å –∏—Å—Ç–æ—Ä–∏—é.
4) –ò–∑–º–µ–Ω–∏—Ç—å –ø–∞—Ä–æ–ª—å.
5) –£–¥–∞–ª–∏—Ç—å –ø–µ—Ä—Å–æ–Ω–∞–∂–∞.
6) –ò–∑–º–µ–Ω–∏—Ç—å –ø–∞—Ä–∞–º–µ—Ç—Ä—ã –ø–µ—Ä—Å–æ–Ω–∞–∂–∞.
7) –í–∫–ª—é—á–∏—Ç—å/–≤—ã–∫–ª—é—á–∏—Ç—å —Ä–µ–∂–∏–º —Å–ª–µ–ø–æ–≥–æ –∏–≥—Ä–æ–∫–∞.
8) –ü–æ—Å–º–æ—Ç—Ä–µ—Ç—å –≤—Å–µ—Ö –ø–µ—Ä—Å–æ–Ω–∞–∂–µ–π –Ω–∞ –¥–∞–Ω–Ω–æ–º email'e.

   –ß–µ–≥–æ –≤–∞—à–∞ –¥—É—à–∞ –∂–µ–ª–∞–µ—Ç? ˇ˘
–î–æ –≤—Å—Ç—Ä–µ—á–∏ –Ω–∞ –∑–µ–º–ª–µ –ö–∏–µ–≤—Å–∫–æ–π.
–í —Å–ª—É—á–∞–µ –≤–∞—à–µ–≥–æ –æ—Ç—Å—É—Ç—Å—Ç–≤–∏—è –ø–µ—Ä—Å–æ–Ω–∞–∂ –±—É–¥–µ—Ç —Ö—Ä–∞–Ω–∏—Ç—å—Å—è –¥–æ 00:23:40  7 –Ø–Ω–≤–∞—Ä—è 2022 –≥–æ–¥–∞ –Ω–∞—à–µ–π —ç—Ä—ã :).
ˇ˘