ˇ˚Eˇ˚Vˇ˚U
Online: 131

Using keytable
  0) Koi-8
  1) Alt
  2) Windows(JMC,MMC)
  3) Windows(zMUD)
  4) Windows(zMUD 'z')
  5) UTF-8
  6) Windows(zMUD <6.39)
  9) TECT...
Select one :     
 -----------------------------------------------------------------------------                   
          Based On CircleMUD v3.0   Created by Jeremy Elson,   
          DikuMUD Gamma 0.0  by Sebastian Hammer, Michael Seifert, 
          Hans Henrik Staerfeldt, Tom Madsen, Katja Nyboe
 _____________________________________________________________________________

    #######
    ##    
    ##        ####    ####      ####  ####  ####  ####  ####  ####    ####
    #######    ######  ##     ## ##    ##  ####    ##    ##    ######  ##
    ##    ##   ##   ## ##    ##  ##    ####  ##    ########    ##   ## ##
    ##    ##   ##   ## ##    ##  ##    ###   ##    ##    ##    ##   ## ##
    #######   ####### ####  ###  ###  ####  ####  ####  ####  ####### ####

                   –ü–û –ü–†–ï–î–ê–ù–ò–Ø–ú –†–£–°–°–ö–ò–• –ù–ê–†–û–î–ù–´–• –°–ö–ê–ó–û–ö –ò –ë–´–õ–ò–ù.

             –ü–æ –∞–¥–º–∏–Ω–∏—Å—Ç—Ä–∞—Ç–∏–≤–Ω—ã–º –≤–æ–ø—Ä–æ—Å–∞–º –º–æ–∂–µ—Ç–µ —Å–≤—è–∑–∞—Ç—å—Å—è —Å –°—Ç—Ä–∏–±–æ–≥–æ–º
                	     e-mail: stribog@bylins.su

                       –ü–æ—Å–µ—Ç–∏—Ç–µ –Ω–∞—à —Å–∞–π—Ç: www.bylins.su
    –î–ª—è –±–æ–ª–µ–µ –ø–æ–¥—Ä–æ–±–Ω–æ–π –∏–≥—Ä–æ–≤–æ–π –∏–Ω—Ñ–æ—Ä–º–∞—Ü–∏–∏ –ø–æ—Å–µ—Ç–∏—Ç–µ www.bylins.su/?newbies

–í–≤–µ–¥–∏—Ç–µ –∏–º—è –ø–µ—Ä—Å–æ–Ω–∞–∂–∞ (–∏–ª–∏ "–Ω–æ–≤—ã–π" –¥–ª—è —Å–æ–∑–¥–∞–Ω–∏—è –Ω–æ–≤–æ–≥–æ): –ü–µ—Ä—Å–æ–Ω–∞–∂ —Å —Ç–∞–∫–∏–º –∏–º–µ–Ω–µ–º —É–∂–µ —Å—É—â–µ—Å—Ç–≤—É–µ—Ç. –í–≤–µ–¥–∏—Ç–µ –ø–∞—Ä–æ–ª—å : ˇ˘

–ü–æ—Å–ª–µ–¥–Ω–∏–π —Ä–∞–∑ –≤—ã –∑–∞—Ö–æ–¥–∏–ª–∏ –∫ –Ω–∞–º –≤ 23:42:55 17 –§–µ–≤—Ä–∞–ª—è 2020 –≥–æ–¥–∞ —Å –∞–¥—Ä–µ—Å–∞ (69.181.167.66).

* –í —Å–≤—è–∑–∏ —Å –ø—Ä–æ–±–ª–µ–º–∞–º–∏ –ø–µ—Ä–µ–≤–æ–¥–∞ —Ñ—Ä–∞–∑—ã ANYKEY –Ω–∞–∂–º–∏—Ç–µ ENTER *ˇ˘
  –î–æ–±—Ä–æ –ø–æ–∂–∞–ª–æ–≤–∞—Ç—å –Ω–∞ –∑–µ–º–ª—é –ö–∏–µ–≤—Å–∫—É—é, –±–æ–≥–∞—Ç—É—é –∏—Å—Ç–æ—Ä–∏–µ–π –∏ —Å–∞–º—ã–º–∏ –Ω–µ–≤–µ—Ä–æ—è—Ç–Ω—ã–º–∏
–ø—Ä–∏–∫–ª—é—á–µ–Ω–∏—è–º–∏. –í–æ–∑–º–æ–∂–Ω–æ, –≤–∞–º –æ–Ω–∏ –ø–æ–Ω—Ä–∞–≤—è—Ç—Å—è, –∏ –≤—ã —Å—Ç–∞–Ω–µ—Ç–µ –≤ –æ–¥–∏–Ω —Ä—è–¥ —Å –≥–µ—Ä–æ—è–º–∏
–¥–∞–≤–Ω–æ –º–∏–Ω—É–≤—à–∏—Ö –¥–Ω–µ–π.

[1;37m–í—ã –Ω–∞—Ö–æ–¥–∏–ª–∏—Å—å –Ω–∞ –ø–æ—Å—Ç–æ–µ 0.01 –¥–Ω–µ–π.
–° –≤–∞—Å —Å–æ–¥—Ä–∞–ª–∏ 1 –∫—É–Ω—É –∑–∞ –ø–æ—Å—Ç–æ–π (186 –∫—É–Ω –≤ –¥–µ–Ω—å).[0;37m
[1;36m–ö–æ–º–Ω–∞—Ç–∞ –æ—Ç–¥—ã—Ö–∞ [6049][0;37m
   –ù–µ–±–æ–ª—å—à–∞—è –æ—Å–≤–µ—â–µ–Ω–Ω–∞—è –ª–∞–º–ø–∞–º–∏ –∫–æ–º–Ω–∞—Ç–∞. –û–∫–æ–ª–æ —Å—Ç–µ–Ω —Å—Ç–æ—è—Ç –Ω–µ–±–æ–ª—å—à–∏–µ –ª–µ–∂–∞–Ω–∫–∏,
–Ω–∞ –∫–æ—Ç–æ—Ä—ã–µ –º–æ–∂–Ω–æ –ø—Ä–∏–ª–µ—á—å. –ü–æ–ª —É—Å—Ç–µ–ª–µ–Ω —à–∫—É—Ä–∞–º–∏ —Ä–∞–∑–ª–∏—á–Ω—ã—Ö –∂–∏–≤–æ—Ç–Ω—ã—Ö, –≤—ã–ª–æ–∂–µ–Ω–Ω—ã—Ö
–≤ —Å–≤–æ–µ–æ–±—Ä–∞–∑–Ω—ã–π —É–∑–æ—Ä. –¢—É—Ç —Å–ø–æ–∫–æ–π–Ω–∞—è –∞—Ç–º–æ—Å—Ñ–µ—Ä–∞ –∏ –≤—ã –∑–∞–º–µ—á–∞–µ—Ç–µ, —á—Ç–æ –∑–¥–µ—Å—å –º–æ–∂–Ω–æ
–ø—Ä–µ–∫—Ä–∞—Å–Ω–æ –æ—Ç–¥–æ—Ö–Ω—É—Ç—å –∏ –ø–æ—Å–ø–∞—Ç—å. –í —Å–µ–≤–µ—Ä–Ω–æ–π —Å—Ç–µ–Ω–µ –≤–∏–¥–Ω–∞ –¥–≤–µ—Ä—å, –≤–µ–¥—É—â–∞—è
–≤ –æ—Ç–¥–µ–ª—å–Ω—ã–µ –ø–æ–∫–æ–∏.
[1;32m–°–æ–≤—Å–µ–º –º–∞–ª—ã—Ö, –¥–∞ –Ω–µ –æ–±—É—á–µ–Ω–Ω—ã—Ö —Ç–∞–∫ –∏ —Ç—è–Ω–µ—Ç [1;33m–≤–æ–π—Ç–∏ [1;32m–≤ [1;33m—à–∫–æ–ª—É[1;32m.[0;0m
[0;36m[ Exits: d ][0;37m
[1;33m–î–æ—Å–∫–∞ –¥–ª—è —Ä–∞–∑–ª–∏—á–Ω—ã—Ö –∑–∞–º–µ—Ç–æ–∫ –∏ –æ–±—ä—è–≤–ª–µ–Ω–∏–π –ø—Ä–∏–±–∏—Ç–∞ —Ç—É—Ç ..–±–ª–µ—Å—Ç–∏—Ç!
[1;31m–ù–µ–≤—ã—Å–æ–∫–∏–π –º–æ–ª–æ–¥–æ–π –ø–∞—Ä–µ–Ω—å —Å—Ç–æ–∏—Ç –æ–∫–æ–ª–æ –¥–≤–µ—Ä–∏.
[0;0m
–°—Ç–µ–ø–Ω–∞—è –¥–µ—Ä–µ–≤–Ω—è (3-—è —Ä–æ–¥–æ–≤–∞—è).

[0;32m436H[0;37m [0;32m138M[0;37m 60089–æ –ó–∞—É—á:0 –í—ã—Ö:v> ˇ˘
–í—ã –≥–æ–ª–æ–¥–Ω—ã.
–í–∞—Å –º—É—á–∞–µ—Ç –∂–∞–∂–¥–∞.

[0;32m441H[0;37m [0;32m138M[0;37m 60089–æ –ó–∞—É—á:0 –í—ã—Ö:v> ˇ˘
[1;31m–ú–∏–Ω—É–ª —á–∞—Å.[0;37m

[0;32m441H[0;37m [0;32m138M[0;37m 60089–æ –ó–∞—É—á:0 –í—ã—Ö:v> ˇ˘
–í—ã –≥–æ–ª–æ–¥–Ω—ã.
–í–∞—Å –º—É—á–∞–µ—Ç –∂–∞–∂–¥–∞.

[0;32m441H[0;37m [0;32m138M[0;37m 60089–æ –ó–∞—É—á:0 –í—ã—Ö:v> ˇ˘–í—ã –≤–∑—è–ª–∏ –ª–æ–º–æ—Ç—å —Ö–ª–µ–±–∞ –∏–∑ —Ö–æ–ª—â–æ–≤–æ–≥–æ –º–µ—à–∫–∞.

[0;32m441H[0;37m [0;32m138M[0;37m 60089–æ –ó–∞—É—á:0 –í—ã—Ö:v> ˇ˘–í—ã —Å—ä–µ–ª–∏ –ª–æ–º–æ—Ç—å —Ö–ª–µ–±–∞.

[0;32m441H[0;37m [0;32m138M[0;37m 60089–æ –ó–∞—É—á:0 –í—ã—Ö:v> ˇ˘–í—ã –≤–∑—è–ª–∏ –ª–æ–º–æ—Ç—å —Ö–ª–µ–±–∞ –∏–∑ —Ö–æ–ª—â–æ–≤–æ–≥–æ –º–µ—à–∫–∞.

[0;32m441H[0;37m [0;32m138M[0;37m 60089–æ –ó–∞—É—á:0 –í—ã—Ö:v> ˇ˘–í—ã —Å—ä–µ–ª–∏ –ª–æ–º–æ—Ç—å —Ö–ª–µ–±–∞.

[0;32m441H[0;37m [0;32m138M[0;37m 60089–æ –ó–∞—É—á:0 –í—ã—Ö:v> ˇ˘–í—ã –≤–∑—è–ª–∏ –ª–æ–º–æ—Ç—å —Ö–ª–µ–±–∞ –∏–∑ —Ö–æ–ª—â–æ–≤–æ–≥–æ –º–µ—à–∫–∞.

[0;32m441H[0;37m [0;32m138M[0;37m 60089–æ –ó–∞—É—á:0 –í—ã—Ö:v> ˇ˘–í—ã —Å—ä–µ–ª–∏ –ª–æ–º–æ—Ç—å —Ö–ª–µ–±–∞.

[0;32m441H[0;37m [0;32m138M[0;37m 60089–æ –ó–∞—É—á:0 –í—ã—Ö:v> ˇ˘–í—ã –≤–∑—è–ª–∏ –ª–æ–º–æ—Ç—å —Ö–ª–µ–±–∞ –∏–∑ —Ö–æ–ª—â–æ–≤–æ–≥–æ –º–µ—à–∫–∞.

[0;32m441H[0;37m [0;32m138M[0;37m 60089–æ –ó–∞—É—á:0 –í—ã—Ö:v> ˇ˘–í—ã —Å—ä–µ–ª–∏ –ª–æ–º–æ—Ç—å —Ö–ª–µ–±–∞.

[0;32m441H[0;37m [0;32m138M[0;37m 60089–æ –ó–∞—É—á:0 –í—ã—Ö:v> ˇ˘–í—ã –≤–∑—è–ª–∏ –ª–æ–º–æ—Ç—å —Ö–ª–µ–±–∞ –∏–∑ —Ö–æ–ª—â–æ–≤–æ–≥–æ –º–µ—à–∫–∞.

[0;32m441H[0;37m [0;32m138M[0;37m 60089–æ –ó–∞—É—á:0 –í—ã—Ö:v> ˇ˘–í—ã —Å—ä–µ–ª–∏ –ª–æ–º–æ—Ç—å —Ö–ª–µ–±–∞.
–í—ã –Ω–∞–µ–ª–∏—Å—å.

[0;32m441H[0;37m [0;32m138M[0;37m 60089–æ –ó–∞—É—á:0 –í—ã—Ö:v> ˇ˘–í—ã –≤—ã–ø–∏–ª–∏ –≤–æ–¥—ã –∏–∑ –º–∞–ª–æ–≥–æ –º–µ—Ö–∞.
–í—ã –Ω–µ —á—É–≤—Å—Ç–≤—É–µ—Ç–µ –∂–∞–∂–¥—ã.

[0;32m441H[0;37m [0;32m138M[0;37m 60089–æ –ó–∞—É—á:0 –í—ã—Ö:v> ˇ˘–í—ã –ø–æ–ø–ª–µ–ª–∏—Å—å –≤–Ω–∏–∑.
[1;36m–í —Ç—Ä–∞–∫—Ç–∏—Ä–µ [6000][0;37m
   –í –¥–æ–º–µ –≤–µ—Å—å–º–∞ —É—é—Ç–Ω–æ –∏ —Ç–µ–ø–ª–æ. –£ –¥–∞–ª—å–Ω–µ–π —Å—Ç–µ–Ω–∫–∏ —Å–ª–æ–∂–µ–Ω –Ω–µ–±–æ–ª—å—à–æ–π –æ—á–∞–≥
–∏–∑ –æ–±–æ–∂–∂–µ–Ω–Ω—ã—Ö –≥–ª–∏–Ω—è–Ω—ã—Ö –∫–∏—Ä–ø–∏—á–µ–π. –í–≤–µ—Ä—Ö –≤–µ–¥–µ—Ç –ª–µ—Å—Ç–Ω–∏—Ü–∞ –∫ –∫–æ–º–Ω–∞—Ç–µ –¥–ª—è –æ—Ç–¥—ã—Ö–∞.
–ó–∞ –Ω–µ–±–æ–ª—å—à–∏–º–∏ —Å—Ç–æ–ª–∏–∫–∞–º–∏ —Å–∏–¥—è—Ç –º–µ—Å—Ç–Ω—ã–µ –∂–∏—Ç–µ–ª–∏, –æ–±–º–µ–Ω–∏–≤–∞—é—â–∏–µ—Å—è –Ω–æ–≤–æ—Å—Ç—è–º–∏ –∏
—Å–ª—É—Ö–∞–º–∏. –ü—Ä–∏—è—Ç–Ω—ã–µ –∑–∞–ø–∞—Ö–∏ —â–µ–∫–æ—á—É—Ç –≤–∞–º –Ω–æ—Å, –∂–µ–ª—É–¥–æ–∫ –Ω–∞–ø–æ–º–∏–Ω–∞–µ—Ç –≤–∞–º, —á—Ç–æ –≤—ã
–ø—Ä–æ–¥–µ–ª–∞–ª–∏ –¥–æ–ª–≥–∏–π –ø—É—Ç—å, –Ω–æ–≥–∏ —Ç–∞–∫ –∏ –ø—Ä–æ—Å—è—Ç—Å—è –ø—Ä–∏—Å–µ—Å—Ç—å –Ω–∞ –∫–∞–∫–æ–π-–Ω–∏–±—É–¥—å —Å—Ç—É–ª.
[0;36m[ Exits: n u ][0;37m
[1;33m–ù–µ–º–Ω–æ–≥–æ –æ—Ç—Ä—É–±–µ–π –ø—Ä–æ—Å—ã–ø–∞–Ω–æ –∑–¥–µ—Å—å.
–ó–¥–µ—Å—å –ª–µ–∂–∏—Ç –º–æ—Ä–∫–æ–≤—å.
[1;31m–ù–µ–≤—ã—Å–æ–∫–∏–π —Å–µ–¥–æ–π –º—É–∂—á–∏–Ω–∞ —Å—Ç–æ–∏—Ç –∑–¥–µ—Å—å.
[0;0m
[0;32m441H[0;37m [0;32m137M[0;37m 60089–æ –ó–∞—É—á:0 –í—ã—Ö:–°^> ˇ˘–í—ã –ø–æ–ø–ª–µ–ª–∏—Å—å –Ω–∞ —Å–µ–≤–µ—Ä.
[1;36m–ü–µ—Ä–µ–¥ —Ç—Ä–∞–∫—Ç–∏—Ä–æ–º [6001][0;37m
   –í—ã –≤—ã—à–ª–∏ –∫ –Ω–µ–±–æ–ª—å—à–æ–º—É –¥–æ–º—É, –ø–æ—Å—Ç—Ä–æ–µ–Ω–Ω–æ–º—É –∏–∑ —Ç–æ–ª—Å—Ç—ã—Ö –±—Ä–µ–≤–µ–Ω. –ò–∑ –ø—Ä–∏–æ—Ç–∫—Ä—ã—Ç–æ–π
–¥–≤–µ—Ä–∏ –ø–æ—Ç—è–Ω—É–ª–∏—Å—å –º–∞–Ω—è—â–∏–µ –∑–∞–ø–∞—Ö–∏. –í–∞–º –Ω–µ —Ç–µ—Ä–ø–∏—Ç—Å—è –≤–æ–π—Ç–∏ –ø–æ—Å–∫–æ—Ä–µ–µ –≤–Ω—É—Ç—Ä—å.
–û–∫–æ–ª–æ –¥–≤–µ—Ä–∏ —Å—Ç–æ–∏—Ç —Å–æ —Å–∫—É—á–∞—é—â–∏–º –≤–∏–¥–æ–º –º–µ—Å—Ç–Ω—ã–π –≤—ã—à–∏–±–∞–ª–∞. –ü—Ä–∏ –≤–∞—à–µ–º –ø—Ä–∏–±–ª–∏–∂–µ–Ω–∏–∏
–æ–Ω –Ω–∞—Å—Ç–æ—Ä–æ–∂–∏–ª—Å—è –∏ –Ω–µ–¥–æ–±—Ä–æ –ø—Ä–∏—â—É—Ä–∏–ª—Å—è. –ó–¥–µ—Å—å –Ω–µ –ª—é–±—è—Ç –¥–µ–±–æ—à–∏—Ä–æ–≤.
[0;36m[ Exits: e s w ][0;37m
[1;33m[1;31m–ú–æ–ª–æ–¥–æ–π –æ—Ö—Ä–∞–Ω–Ω–∏–∫ —Å –∫–æ–ø–Ω–æ–π —á–µ—Ä–Ω—ã—Ö –≤–æ–ª–æ—Å —Å—Ç–æ–∏—Ç –∑–¥–µ—Å—å.
–ú–æ–ª–æ–¥–∞—è —Å–µ–ª—è–Ω–∫–∞ —Ä–∞–∑–≥—É–ª–∏–≤–∞–µ—Ç –ø–æ —É–ª–∏—Ü–∞–º.
–û–±–ª–µ–∑–ª—ã–π –ø–µ—Å –ø–æ–Ω—É—Ä–æ –±—Ä–µ–¥–µ—Ç –∑–¥–µ—Å—å.
–°–µ–ª—è–Ω–∏–Ω –∏–¥–µ—Ç —Å –ø–æ–ª—è –¥–æ–º–æ–π.
–®–∏—Ä–æ–∫–æ–ø–ª–µ—á–∏–π –æ—Ö—Ä–∞–Ω–Ω–∏–∫ —Å—Ç–æ–∏—Ç –∑–¥–µ—Å—å.
[0;0m
[0;32m441H[0;37m [0;32m137M[0;37m 60089–æ –ó–∞—É—á:0 –í—ã—Ö:–í–Æ–ó> ˇ˘–í—ã –ø–æ–ø–ª–µ–ª–∏—Å—å –Ω–∞ –≤–æ—Å—Ç–æ–∫.
[1;36m–£ –∫–æ–Ω—é—à–Ω–∏ [6033][0;37m
   –í—ã –ø–æ–¥–æ—à–ª–∏ –∫ –ø—Ä–∏—Å—Ç—Ä–æ–µ–Ω–Ω–æ–π –∫ —Ç–∞–≤–µ—Ä–Ω–µ –∫–æ–Ω—é—à–Ω–µ. –ò–∑–¥–∞–ª–µ–∫–∞ –≤—ã –∑–∞–º–µ—á–∞–µ—Ç–µ
–∫—Ä–∞—Å–∏–≤—ã—Ö –∏ –≥—Ä–∞—Ü–∏–æ–∑–Ω—ã—Ö –∫–æ–Ω–µ–π, –∏–∑—è—â–Ω—ã—Ö –ª–æ—à–∞–¥–µ–π –∏ –≥—Ä—É–±—ã—Ö —Ç—è–∂–µ–ª–æ–≤–æ–∑–æ–≤.
[0;36m[ Exits: n s w ][0;37m
[1;33m–õ—É–∂–∏—Ü–∞ –¥–æ–∂–¥–µ–≤–æ–π –≤–æ–¥—ã —Ä–∞–∑–ª–∏—Ç–∞ —É –≤–∞—à–∏—Ö –Ω–æ–≥.
[1;31m[0;0m
[0;32m441H[0;37m [0;32m137M[0;37m 60089–æ –ó–∞—É—á:0 –í—ã—Ö:–°–Æ–ó> ˇ˘–í—ã –ø–æ–ø–ª–µ–ª–∏—Å—å –Ω–∞ —Å–µ–≤–µ—Ä.
[1;36m–Ø–º—Å–∫–∞—è [6051][0;37m
   –î–æ–±—Ä–æ—Ç–Ω–∞—è –∏–∑–±–∞-–º–∞–∑–∞–Ω–∫–∞ —Å —à–∏—Ä–æ–∫–∏–º–∏ –ª–∞–≤–∫–∞–º–∏ –ø–æ —Å—Ç–µ–Ω–∞–º –∏ –ø–µ—á—å—é —É —Å–µ–≤–µ—Ä–Ω–æ–π —Å—Ç–µ–Ω—ã.
–ü–æ—á—Ç–∏ –ø–æ–ª–æ–≤–∏–Ω—É –µ–µ –∑–∞–Ω–∏–º–∞–µ—Ç —à–∏—Ä–æ—á–µ–Ω–Ω—ã–π —Å—Ç–æ–ª, –Ω–∞ –∫–æ—Ç–æ—Ä–æ–º –∫—Ä–∞—Å—É–µ—Ç—Å—è –æ–ø–æ–ª–æ–≤–∏–Ω–µ–Ω–Ω—ã–π
–∫—É–≤—à–∏–Ω —Ç–µ–º–Ω–æ–≥–æ –ø–∏–≤–∞, –∞ —Ä—è–¥–æ–º —Å –Ω–∏–º –±—É—Ö–∞–Ω–∫–∞ —Ö–ª–µ–±–∞ –∏ —Ç–æ–ª—Å—Ç—ã–π —à–º–∞—Ç —Å–∞–ª–∞. –ó–¥–µ—Å—å
–ø–æ—Å–ª–µ –¥–∞–ª—å–Ω–µ–π –¥–æ—Ä–æ–≥–∏ –æ—Ç–¥—ã—Ö–∞—é—Ç —è–º—â–∏–∫–∏ - –æ —á–µ–º —Å–≤–∏–¥–µ—Ç–µ–ª—å—Å—Ç–≤—É—é—Ç –≤–∏—Å—è—â–∏–µ –ø–æ —Å—Ç–µ–Ω–∞–º
–Ω–∞–≥–∞–π–∫–∏ –∏ –∫–Ω—É—Ç—ã, –∞ —Ç–∞–∫–∂–µ –∫—Ä–µ–ø–∫–∏–π, —É—Å—Ç–æ—è–≤—à–∏–π—Å—è –∑–∞–ø–∞—Ö –∫–æ–Ω—Å–∫–æ–≥–æ –ø–æ—Ç–∞, —Å–µ–Ω–∞, –º–æ–∫—Ä–æ–π
–æ–≤—á–∏–Ω—ã –∏ –¥–æ—Ä–æ–∂–Ω–æ–π –ø—ã–ª–∏.
[0;36m[ Exits: s ][0;37m
[1;33m[1;31m–Ø–º—â–∏–∫ –≥–æ—Ç–æ–≤ –ø–æ–º–æ—á—å –≤–∞–º –¥–æ—Å—Ç–∞–≤–∏—Ç—å –≤–µ—Å—Ç–æ—á–∫—É —Ä–æ–¥–Ω—ã–º –∏ –±–ª–∏–∑–∫–∏–º.
[0;0m
[0;32m441H[0;37m [0;32m137M[0;37m 60089–æ –ó–∞—É—á:0 –í—ã—Ö:–Æ> ˇ˘–í—ã –ø–æ–ø–ª–µ–ª–∏—Å—å –Ω–∞ —é–≥.
[1;36m–£ –∫–æ–Ω—é—à–Ω–∏ [6033][0;37m
   –í—ã –ø–æ–¥–æ—à–ª–∏ –∫ –ø—Ä–∏—Å—Ç—Ä–æ–µ–Ω–Ω–æ–π –∫ —Ç–∞–≤–µ—Ä–Ω–µ –∫–æ–Ω—é—à–Ω–µ. –ò–∑–¥–∞–ª–µ–∫–∞ –≤—ã –∑–∞–º–µ—á–∞–µ—Ç–µ
–∫—Ä–∞—Å–∏–≤—ã—Ö –∏ –≥—Ä–∞—Ü–∏–æ–∑–Ω—ã—Ö –∫–æ–Ω–µ–π, –∏–∑—è—â–Ω—ã—Ö –ª–æ—à–∞–¥–µ–π –∏ –≥—Ä—É–±—ã—Ö —Ç—è–∂–µ–ª–æ–≤–æ–∑–æ–≤.
[0;36m[ Exits: n s w ][0;37m
[1;33m–õ—É–∂–∏—Ü–∞ –¥–æ–∂–¥–µ–≤–æ–π –≤–æ–¥—ã —Ä–∞–∑–ª–∏—Ç–∞ —É –≤–∞—à–∏—Ö –Ω–æ–≥.
[1;31m[0;0m
[0;32m441H[0;37m [0;32m137M[0;37m 60089–æ –ó–∞—É—á:0 –í—ã—Ö:–°–Æ–ó> ˇ˘–í—ã –ø–æ–ø–ª–µ–ª–∏—Å—å –Ω–∞ –∑–∞–ø–∞–¥.
[1;36m–ü–µ—Ä–µ–¥ —Ç—Ä–∞–∫—Ç–∏—Ä–æ–º [6001][0;37m
   –í—ã –≤—ã—à–ª–∏ –∫ –Ω–µ–±–æ–ª—å—à–æ–º—É –¥–æ–º—É, –ø–æ—Å—Ç—Ä–æ–µ–Ω–Ω–æ–º—É –∏–∑ —Ç–æ–ª—Å—Ç—ã—Ö –±—Ä–µ–≤–µ–Ω. –ò–∑ –ø—Ä–∏–æ—Ç–∫—Ä—ã—Ç–æ–π
–¥–≤–µ—Ä–∏ –ø–æ—Ç—è–Ω—É–ª–∏—Å—å –º–∞–Ω—è—â–∏–µ –∑–∞–ø–∞—Ö–∏. –í–∞–º –Ω–µ —Ç–µ—Ä–ø–∏—Ç—Å—è –≤–æ–π—Ç–∏ –ø–æ—Å–∫–æ—Ä–µ–µ –≤–Ω—É—Ç—Ä—å.
–û–∫–æ–ª–æ –¥–≤–µ—Ä–∏ —Å—Ç–æ–∏—Ç —Å–æ —Å–∫—É—á–∞—é—â–∏–º –≤–∏–¥–æ–º –º–µ—Å—Ç–Ω—ã–π –≤—ã—à–∏–±–∞–ª–∞. –ü—Ä–∏ –≤–∞—à–µ–º –ø—Ä–∏–±–ª–∏–∂–µ–Ω–∏–∏
–æ–Ω –Ω–∞—Å—Ç–æ—Ä–æ–∂–∏–ª—Å—è –∏ –Ω–µ–¥–æ–±—Ä–æ –ø—Ä–∏—â—É—Ä–∏–ª—Å—è. –ó–¥–µ—Å—å –Ω–µ –ª—é–±—è—Ç –¥–µ–±–æ—à–∏—Ä–æ–≤.
[0;36m[ Exits: e s w ][0;37m
[1;33m[1;31m–ú–æ–ª–æ–¥–æ–π –æ—Ö—Ä–∞–Ω–Ω–∏–∫ —Å –∫–æ–ø–Ω–æ–π —á–µ—Ä–Ω—ã—Ö –≤–æ–ª–æ—Å —Å—Ç–æ–∏—Ç –∑–¥–µ—Å—å.
–ú–æ–ª–æ–¥–∞—è —Å–µ–ª—è–Ω–∫–∞ —Ä–∞–∑–≥—É–ª–∏–≤–∞–µ—Ç –ø–æ —É–ª–∏—Ü–∞–º.
–û–±–ª–µ–∑–ª—ã–π –ø–µ—Å –ø–æ–Ω—É—Ä–æ –±—Ä–µ–¥–µ—Ç –∑–¥–µ—Å—å.
–°–µ–ª—è–Ω–∏–Ω –∏–¥–µ—Ç —Å –ø–æ–ª—è –¥–æ–º–æ–π.
–®–∏—Ä–æ–∫–æ–ø–ª–µ—á–∏–π –æ—Ö—Ä–∞–Ω–Ω–∏–∫ —Å—Ç–æ–∏—Ç –∑–¥–µ—Å—å.
[0;0m
[0;32m441H[0;37m [0;32m137M[0;37m 60089–æ –ó–∞—É—á:0 –í—ã—Ö:–í–Æ–ó> ˇ˘–í—ã –ø–æ–ø–ª–µ–ª–∏—Å—å –Ω–∞ –∑–∞–ø–∞–¥.
[1;36m–ù–µ–±–æ–ª—å—à–∞—è —É–ª–æ—á–∫–∞ [6002][0;37m
   –í—ã –∏–¥–µ—Ç–µ –ø–æ —Ü–µ–Ω—Ç—Ä–∞–ª—å–Ω–æ–π —É–ª–∏—Ü–µ, –≤ –æ—Ç–ª–∏—á–∏–µ –æ—Ç –¥—Ä—É–≥–∏—Ö –æ—á–∏—â–µ–Ω–Ω–æ–π –æ—Ç –º—É—Å–æ—Ä–∞.
–ù–∞ —é–≥–æ-–≤–æ—Å—Ç–æ–∫–µ –≤–∏–¥–Ω–µ–µ—Ç—Å—è –∫—Ä–µ–ø–∫–∏–π –¥–æ–º, –∏–∑ —Ç—Ä—É–±—ã –∫–æ—Ç–æ—Ä–æ–≥–æ –ø–æ–¥–Ω–∏–º–∞–µ—Ç—Å—è
—Å–∏–∑—ã–π –¥—ã–º–æ–∫. –ú–µ—Å—Ç–Ω—ã–µ –∂–∏—Ç–µ–ª–∏ —Å –∏–Ω—Ç–µ—Ä–µ—Å–æ–º –∏ –Ω–µ–¥–æ–≤–µ—Ä–∏–µ–º –ø–æ—Å–º–∞—Ç—Ä–∏–≤–∞—é—Ç –Ω–∞ –≤–∞—Å.
[0;36m[ Exits: e w ][0;37m
[1;33m–£ –≤–∞—à–∏—Ö –Ω–æ–≥ –ª–µ–∂–∏—Ç –≥–ª–∏–Ω—è–Ω–∞—è –ø–ª–æ—à–∫–∞.
[1;31m–ú–∞–ª—å—á–∏–∫ –∏–¥–µ—Ç –ø–æ —É–ª–∏—Ü–µ.
–ú–∞–ª—å—á–∏–∫ –∏–¥–µ—Ç –ø–æ —É–ª–∏—Ü–µ.
[0;0m
[0;32m441H[0;37m [0;32m137M[0;37m 60089–æ –ó–∞—É—á:0 –í—ã—Ö:–í–ó> ˇ˘–í—ã –Ω–µ —Å–º–æ–∂–µ—Ç–µ —Ç—É–¥–∞ –ø—Ä–æ–π—Ç–∏...

[0;32m441H[0;37m [0;32m137M[0;37m 60089–æ –ó–∞—É—á:0 –í—ã—Ö:–í–ó> ˇ˘–í—ã –ø–æ–ø–ª–µ–ª–∏—Å—å –Ω–∞ –∑–∞–ø–∞–¥.
[1;36m–¶–µ–Ω—Ç—Ä–∞–ª—å–Ω—ã–π –ø–µ—Ä–µ–∫—Ä–µ—Å—Ç–æ–∫ [6003][0;37m
   –û—Å–º–æ—Ç—Ä–µ–≤—à–∏—Å—å –ø–æ —Å—Ç–æ—Ä–æ–Ω–∞–º, –≤—ã –∑–∞–º–µ—Ç–∏–ª–∏, —á—Ç–æ —É–ª–∏—Ü–∞ —Ä–∞–∑–¥–µ–ª—è–µ—Ç—Å—è –Ω–∞ –¥–≤–∞
–Ω–∞–ø—Ä–∞–≤–ª–µ–Ω–∏—è. –ù–∞ –≤–æ—Å—Ç–æ–∫–µ –≤–∏–¥–Ω–µ–µ—Ç—Å—è –¥–æ–±—Ä–æ—Ç–Ω—ã–π –¥–æ–º, –Ω–∞ –∑–∞–ø–∞–¥ –∂–µ —É–ª–∏—Ü–∞ –≤–µ–¥–µ—Ç
–∫ —Ç–æ—Ä–≥–æ–≤–æ–π —É–ª–∏—Ü–µ. –ü—Ä—è–º–æ –ø–µ—Ä–µ–¥ –≤–∞–º–∏ –Ω–∞ —é–≥–µ —Å—Ç–æ–∏—Ç –∫—Ä–∞—Å–∏–≤—ã–π –¥–æ–º —Å –º–∞—Å—Å–∏–≤–Ω–æ–π
–¥–≤–µ—Ä—å—é.
[0;36m[ Exits: n e s w ][0;37m
[1;33m[1;31m–ú–æ–ª–æ–¥–æ–π –æ—Ö—Ä–∞–Ω–Ω–∏–∫ —Å –∫–æ–ø–Ω–æ–π —á–µ—Ä–Ω—ã—Ö –≤–æ–ª–æ—Å —Å—Ç–æ–∏—Ç –∑–¥–µ—Å—å.
[0;0m
[0;32m441H[0;37m [0;32m137M[0;37m 60089–æ –ó–∞—É—á:0 –í—ã—Ö:–°–í–Æ–ó> ˇ˘–í—ã –ø–æ–ø–ª–µ–ª–∏—Å—å –Ω–∞ —Å–µ–≤–µ—Ä.
[1;36m–°—Ä–µ–¥–∏–Ω–Ω–∞—è –¥–æ—Ä–æ–≥–∞ [6005][0;37m
   –í—ã –∏–¥–µ—Ç–µ –ø–æ –æ–∂–∏–≤–ª–µ–Ω–Ω–æ–π —É–ª–∏—Ü–µ. –°—Ä–µ–¥–∏ –∂–∏—Ç–µ–ª–µ–π –≤—ã –∑–∞–º–µ—á–∞–µ—Ç–µ —Ç–æ—Ä–≥–æ–≤—Ü–µ–≤
–∏–∑ –¥—Ä—É–≥–∏—Ö –¥–µ—Ä–µ–≤–µ–Ω—å. –ù–∏–∫—Ç–æ –∏–∑ –Ω–∏—Ö –Ω–µ –æ–±—Ä–∞—â–∞–µ—Ç –Ω–∞ –≤–∞—Å –≤–Ω–∏–º–∞–Ω–∏—è –∏ –≤—ã —Å –≥–æ—Ä–¥—ã–º
–≤–∏–¥–æ–º —à–µ—Å—Ç–≤—É–µ—Ç–µ –¥–∞–ª—å—à–µ. –í–æ—Å—Ç–æ—á–Ω–µ–µ –≤—ã –∑–∞–º–µ—Ç–∏–ª–∏ —Ö–∏–∂–∏–Ω—É –º–µ—Å—Ç–Ω–æ–π —Ç—Ä–∞–≤–Ω–∏—Ü—ã.
[0;36m[ Exits: n e s ][0;37m
[1;33m[1;31m[0;0m
[0;32m441H[0;37m [0;32m136M[0;37m 60089–æ –ó–∞—É—á:0 –í—ã—Ö:–°–í–Æ> ˇ˘–í—ã –ø–æ–ø–ª–µ–ª–∏—Å—å –Ω–∞ —Å–µ–≤–µ—Ä.
[1;36m–°—Ä–µ–¥–∏–Ω–Ω–∞—è –¥–æ—Ä–æ–≥–∞ [6006][0;37m
   –í—ã –∏–¥–µ—Ç–µ –ø–æ –æ–∂–∏–≤–ª–µ–Ω–Ω–æ–π —É–ª–∏—Ü–µ. –°—Ä–µ–¥–∏ —Å–Ω—É—é—â–∏—Ö –≤–æ–∫—Ä—É–≥ –≤–∞—Å –∂–∏—Ç–µ–ª–µ–π –≤—ã
–∑–∞–º–µ—á–∞–µ—Ç–µ —Ç–æ—Ä–≥–æ–≤—Ü–µ–≤ –∏–∑ –¥—Ä—É–≥–∏—Ö –¥–µ—Ä–µ–≤–µ–Ω—å. –í—ã –∑–∞–º–µ—Ç–∏–ª–∏ –¥–∞–∂–µ –æ–¥–Ω–æ–≥–æ –±–æ—è—Ä–∏–Ω–∞
–∏–∑ —Å—Ç–æ–ª—å–Ω–æ–≥–æ –≥—Ä–∞–¥–∞ –ö–∏–µ–≤–∞. –ù–∏–∫—Ç–æ –∏–∑ –Ω–∏—Ö –Ω–µ –æ–±—Ä–∞—â–∞–µ—Ç –Ω–∞ –≤–∞—Å –≤–Ω–∏–º–∞–Ω–∏—è –∏ –≤—ã
—Å –≥–æ—Ä–¥—ã–º –≤–∏–¥–æ–º —à–µ—Å—Ç–≤—É–µ—Ç–µ –¥–∞–ª—å—à–µ.
[0;36m[ Exits: n s ][0;37m
[1;33m[1;31m–ú–æ–ª–æ–¥–æ–π –æ—Ö—Ä–∞–Ω–Ω–∏–∫ —Å –∫–æ–ø–Ω–æ–π —á–µ—Ä–Ω—ã—Ö –≤–æ–ª–æ—Å —Å—Ç–æ–∏—Ç –∑–¥–µ—Å—å.
–ú–æ–ª–æ–¥–æ–π –≤–æ–∏–Ω –∏–¥–µ—Ç –ø–æ —Å–≤–æ–∏–º –¥–µ–ª–∞–º.
–°—Ç—Ä–∞–Ω–Ω–∏–∫ —Å –∏–Ω—Ç–µ—Ä–µ—Å–æ–º —Å–º–æ—Ç—Ä–∏—Ç –≤–æ–∫—Ä—É–≥.
[0;0m[1;36m–°—Ç—Ä–∞–Ω–Ω–∏–∫ —Å–∫–∞–∑–∞–ª –≤–∞–º : '–ù–µ –ø–æ–¥—Å–∫–∞–∂–µ—Ç–µ, –ª—é–¥–∏ –¥–æ–±—Ä—ã–µ, –∫–∞–∫ –¥–æ–±—Ä–∞—Ç—å—Å—è –¥–æ –±–∏–±–ª–∏–æ—Ç–µ–∫–∏?'[0;37m
[1;30m–°—Ç—Ä–∞–Ω–Ω–∏–∫ –æ—â–µ—Ä–∏–ª –∑—É–±—ã –≤ –≥–Ω—É—Å–Ω–æ–π —É—Ö–º—ã–ª–∫–µ.[0;0m

[0;32m441H[0;37m [0;32m137M[0;37m 60089–æ –ó–∞—É—á:0 –í—ã—Ö:–°–Æ> ˇ˘–í—ã –ø–æ–ø–ª–µ–ª–∏—Å—å –Ω–∞ —Å–µ–≤–µ—Ä.
[1;36m–ü–µ—Ä–µ–∫—Ä–µ—Å—Ç–æ–∫ [6018][0;37m
   –ó–¥–µ—Å—å —É–ª–∏—Ü–∞ —Ä–∞–∑–≤–µ—Ç–≤–ª—è–µ—Ç—Å—è –≤ —Ç—Ä–∏ —Å—Ç–æ—Ä–æ–Ω—ã. –£–ª–∏—Ü–∞ –Ω–∞ —é–≥ –≤–µ–¥–µ—Ç –∫ –º–µ—Å—Ç–Ω–æ–π
—Ç–∞–≤–µ—Ä–Ω–µ. –í –≤–æ—Å—Ç–æ—á–Ω–æ–º –Ω–∞–ø—Ä–∞–≤–ª–µ–Ω–∏–∏ –≤—ã –≤–∏–¥–∏—Ç–µ —Å—Ç—Ä–∞–Ω–Ω—É—é —É–ª–∏—Ü—É, –Ω–∞ –∫–æ—Ç–æ—Ä–æ–π –Ω–µ—Ç
–Ω–µ —Ç–æ–ª—å–∫–æ –≤–∑—Ä–æ—Å–ª—ã—Ö –∂–∏—Ç–µ–ª–µ–π, –Ω–æ —Ç–∞–∫–∂–µ –∏ –∏—Ö –¥–µ—Ç–µ–π. –ù–∞ –∑–∞–ø–∞–¥ –≤–∞—Å –≤–µ–¥–µ—Ç —Å—Ç–æ—Ä–æ–∂–µ–≤–∞—è
—É–ª–∏—Ü–∞.
[0;36m[ Exits: e s w ][0;37m
[1;33m[1;31m–û–±–ª–µ–∑–ª—ã–π –ø–µ—Å –ø–æ–Ω—É—Ä–æ –±—Ä–µ–¥–µ—Ç –∑–¥–µ—Å—å.
[0;0m
[0;32m441H[0;37m [0;32m137M[0;37m 60089–æ –ó–∞—É—á:0 –í—ã—Ö:–í–Æ–ó> ˇ˘–í—ã –ø–æ–ø–ª–µ–ª–∏—Å—å –Ω–∞ –≤–æ—Å—Ç–æ–∫.
[1;36m–ë–µ–∑–ª—é–¥–Ω—ã–π –ø—Ä–æ—É–ª–æ–∫ [6019][0;37m
   –í—ã –∑–∞–º–µ—Ç–∏–ª–∏, —á—Ç–æ –ø–æ —ç—Ç–æ–π –¥–æ—Ä–æ–≥–µ —Ä–µ–¥–∫–æ –∫—Ç–æ –ø—Ä–æ—Ö–æ–¥–∏—Ç. –ù–∞–≤–µ—Ä–Ω–æ —ç—Ç–æ –≤—Å–µ
–∏–∑-–∑–∞ –∑–Ω–∞—Ö–∞—Ä–∫–∏, –∂–∏–≤—É—â–µ–π –≤ –µ–µ –∫–æ–Ω—Ü–µ. –ù–∞ —Å–µ–≤–µ—Ä–µ –≤—ã –≤–∏–¥–∏—Ç–µ –∫—Ä—É–≥–ª–æ–µ –∫–∞–ø–∏—â–µ –¥–ª—è
–∂–µ—Ä—Ç–≤–æ–≤–∞–Ω–∏—è –±–æ–≥–∞–º.
[0;36m[ Exits: n e w ][0;37m
[1;33m–ó–¥–µ—Å—å –ª–µ–∂–∏—Ç –º–æ—Ä–∫–æ–≤—å.
[1;31m[0;0m
[0;32m441H[0;37m [0;32m137M[0;37m 60089–æ –ó–∞—É—á:0 –í—ã—Ö:–°–í–ó> ˇ˘–í—ã –ø–æ–ø–ª–µ–ª–∏—Å—å –Ω–∞ —Å–µ–≤–µ—Ä.
[1;36m–ö–∞–ø–∏—â–µ [6023][0;37m
   –í —Ü–µ–Ω—Ç—Ä–µ –∫–∞–ø–∏—â–∞ —Å—Ç–æ–∏—Ç –±–æ–ª—å—à–æ–π –¥–µ—Ä–µ–≤—è–Ω–Ω—ã–π —Å—Ç–æ–ª–±. –ó–¥–µ—Å—å –º–µ—Å—Ç–Ω—ã–µ –∂–∏—Ç–µ–ª–∏
–∂–µ—Ä—Ç–≤—É—é—Ç —á—Ç–æ-–Ω–∏–±—É–¥—å —Å–≤–æ–∏–º –ë–æ–≥–∞–º, –≤–µ—Ä—è, —á—Ç–æ —ç—Ç–æ –∏—Ö –∑–∞–¥–∞–±—Ä–∏–≤–∞–µ—Ç. –í –Ω–∞—á–∞–ª–µ
–≤–µ—Å–Ω—ã –∑–¥–µ—Å—å —Å–æ–±–∏—Ä–∞–µ—Ç—Å—è –≤—Å—è –¥–µ—Ä–µ–≤–Ω—è –Ω–∞ –ø—Ä–∞–∑–¥–Ω–∏–∫ –ü–æ—Å–≤—è—â–µ–Ω–∏—è –≤ –û—Ö–æ—Ç–Ω–∏–∫–∏.
[0;36m[ Exits: s ][0;37m
[1;33m[1;31m[0;0m
[0;32m441H[0;37m [0;32m137M[0;37m 60089–æ –ó–∞—É—á:0 –í—ã—Ö:–Æ> ˇ˘–í—ã –ø–æ–ø–ª–µ–ª–∏—Å—å –Ω–∞ —é–≥.
[1;36m–ë–µ–∑–ª—é–¥–Ω—ã–π –ø—Ä–æ—É–ª–æ–∫ [6019][0;37m
   –í—ã –∑–∞–º–µ—Ç–∏–ª–∏, —á—Ç–æ –ø–æ —ç—Ç–æ–π –¥–æ—Ä–æ–≥–µ —Ä–µ–¥–∫–æ –∫—Ç–æ –ø—Ä–æ—Ö–æ–¥–∏—Ç. –ù–∞–≤–µ—Ä–Ω–æ —ç—Ç–æ –≤—Å–µ
–∏–∑-–∑–∞ –∑–Ω–∞—Ö–∞—Ä–∫–∏, –∂–∏–≤—É—â–µ–π –≤ –µ–µ –∫–æ–Ω—Ü–µ. –ù–∞ —Å–µ–≤–µ—Ä–µ –≤—ã –≤–∏–¥–∏—Ç–µ –∫—Ä—É–≥–ª–æ–µ –∫–∞–ø–∏—â–µ –¥–ª—è
–∂–µ—Ä—Ç–≤–æ–≤–∞–Ω–∏—è –±–æ–≥–∞–º.
[0;36m[ Exits: n e w ][0;37m
[1;33m–ó–¥–µ—Å—å –ª–µ–∂–∏—Ç –º–æ—Ä–∫–æ–≤—å.
[1;31m[0;0m
[0;32m441H[0;37m [0;32m137M[0;37m 60089–æ –ó–∞—É—á:0 –í—ã—Ö:–°–í–ó> ˇ˘–í—ã –ø–æ–ø–ª–µ–ª–∏—Å—å –Ω–∞ –∑–∞–ø–∞–¥.
[1;36m–ü–µ—Ä–µ–∫—Ä–µ—Å—Ç–æ–∫ [6018][0;37m
   –ó–¥–µ—Å—å —É–ª–∏—Ü–∞ —Ä–∞–∑–≤–µ—Ç–≤–ª—è–µ—Ç—Å—è –≤ —Ç—Ä–∏ —Å—Ç–æ—Ä–æ–Ω—ã. –£–ª–∏—Ü–∞ –Ω–∞ —é–≥ –≤–µ–¥–µ—Ç –∫ –º–µ—Å—Ç–Ω–æ–π
—Ç–∞–≤–µ—Ä–Ω–µ. –í –≤–æ—Å—Ç–æ—á–Ω–æ–º –Ω–∞–ø—Ä–∞–≤–ª–µ–Ω–∏–∏ –≤—ã –≤–∏–¥–∏—Ç–µ —Å—Ç—Ä–∞–Ω–Ω—É—é —É–ª–∏—Ü—É, –Ω–∞ –∫–æ—Ç–æ—Ä–æ–π –Ω–µ—Ç
–Ω–µ —Ç–æ–ª—å–∫–æ –≤–∑—Ä–æ—Å–ª—ã—Ö –∂–∏—Ç–µ–ª–µ–π, –Ω–æ —Ç–∞–∫–∂–µ –∏ –∏—Ö –¥–µ—Ç–µ–π. –ù–∞ –∑–∞–ø–∞–¥ –≤–∞—Å –≤–µ–¥–µ—Ç —Å—Ç–æ—Ä–æ–∂–µ–≤–∞—è
—É–ª–∏—Ü–∞.
[0;36m[ Exits: e s w ][0;37m
[1;33m[1;31m–û–±–ª–µ–∑–ª—ã–π –ø–µ—Å –ø–æ–Ω—É—Ä–æ –±—Ä–µ–¥–µ—Ç –∑–¥–µ—Å—å.
[0;0m
[0;32m441H[0;37m [0;32m136M[0;37m 60089–æ –ó–∞—É—á:0 –í—ã—Ö:–í–Æ–ó> ˇ˘–í—ã –ø–æ–ø–ª–µ–ª–∏—Å—å –Ω–∞ –∑–∞–ø–∞–¥.
[1;36m–°—Ç–æ—Ä–æ–∂–µ–≤–∞—è –¥–æ—Ä–æ–≥–∞ [6024][0;37m
   –ü—Ä–æ–π–¥—è –Ω–µ–º–Ω–æ–≥–æ, –≤—ã –≤–∏–¥–∏—Ç–µ –º–µ—Å—Ç–Ω—É—é —Ä–µ–±—è—Ç–Ω—é, –∏–≥—Ä–∞—é—â–∏—Ö –≤ –æ—á–µ–Ω—å –∑–Ω–∞–∫–æ–º—É—é
–≤–∞–º –∏–≥—Ä—É, –Ω–æ –ø–æ –¥—Ä—É–≥–∏–º –ø—Ä–∞–≤–∏–ª–∞–º. –£–≤–∏–¥–µ–≤ –≤–∞—Å, –æ–Ω–∏ —Å—Ç–∞–ª–∏ —Å –∏–Ω—Ç–µ—Ä–µ—Å–æ–º –≤–∞—Å
–æ–±—Å—É–∂–¥–∞—Ç—å, –ø–æ–∫–∞–∑—ã–≤–∞—è –Ω–∞ –≤–∞—Å –ø–∞–ª—å—Ü–∞–º–∏.
[0;36m[ Exits: N e w ][0;37m
[1;33m[1;31m–ú–∞–ª—å—á–∏–∫ –∏–¥–µ—Ç –ø–æ —É–ª–∏—Ü–µ.
–ú–æ–ª–æ–¥–∞—è —Å–µ–ª—è–Ω–∫–∞ —Ä–∞–∑–≥—É–ª–∏–≤–∞–µ—Ç –ø–æ —É–ª–∏—Ü–∞–º.
[0;0m
[0;32m441H[0;37m [0;32m136M[0;37m 60089–æ –ó–∞—É—á:0 –í—ã—Ö:–°–í–ó> ˇ˘–í—ã –ø–æ–ø–ª–µ–ª–∏—Å—å –Ω–∞ —Å–µ–≤–µ—Ä.
[1;36m–ü–µ—Ä–µ–¥ –æ–≥–æ—Ä–æ–¥–æ–º [6600][0;37m
   –ù–µ–±–æ–ª—å—à–∞—è, —Ö–æ—Ä–æ—à–æ —É—Ç–æ–ø—Ç–∞–Ω–Ω–∞—è —Ç—Ä–æ–ø–∏–Ω–∫–∞ –≤–µ–¥–µ—Ç –Ω–∞ –æ–≥–æ—Ä–æ–¥–Ω—ã–π —É—á–∞—Å—Ç–æ–∫.
–ü–æ –æ–±–æ—á–∏–Ω–∞–º —Ä–∞—Å—Ç—É—Ç —Ä–∞–∑–ª–∏—á–Ω—ã–µ —Å–æ—Ä–Ω—è–∫–∏.
[0;36m[ Exits: n S ][0;37m
[1;33m[1;31m[0;0m
–û–≥–æ—Ä–æ–¥—ã (—Å—Ä–µ–¥–Ω–∏–π —É—Ä–æ–≤–µ–Ω—å: 9).

[0;32m441H[0;37m [0;32m136M[0;37m 60089–æ –ó–∞—É—á:0 –í—ã—Ö:–°–Æ> ˇ˘–í—ã –ø–æ–ø–ª–µ–ª–∏—Å—å –Ω–∞ —Å–µ–≤–µ—Ä.
[1;36m–¢—Ä–æ–ø–∏–Ω–∫–∞ –≤–µ–¥—É—â–∞—è –Ω–∞ –æ–≥–æ—Ä–æ–¥ [6601][0;37m
   –ù–µ–±–æ–ª—å—à–∞—è, —Ö–æ—Ä–æ—à–æ —É—Ç–æ–ø—Ç–∞–Ω–Ω–∞—è —Ç—Ä–æ–ø–∏–Ω–∫–∞ –≤–µ–¥–µ—Ç –Ω–∞ –æ–≥–æ—Ä–æ–¥–Ω—ã–π —É—á–∞—Å—Ç–æ–∫.
–ü–æ –æ–±–æ—á–∏–Ω–∞–º —Ä–∞—Å—Ç—É—Ç —Ä–∞–∑–ª–∏—á–Ω—ã–µ —Å–æ—Ä–Ω—è–∫–∏.
[0;36m[ Exits: e s ][0;37m
[1;33m[1;31m[0;0m
[0;32m441H[0;37m [0;32m134M[0;37m 60089–æ –ó–∞—É—á:0 –í—ã—Ö:–í–Æ> ˇ˘–í—ã –ø–æ–ø–ª–µ–ª–∏—Å—å –Ω–∞ –≤–æ—Å—Ç–æ–∫.
[1;36m–¢—Ä–æ–ø–∏–Ω–∫–∞ –ø–æ –æ–≥–æ—Ä–æ–¥—É [6602][0;37m
   –ù–µ–±–æ–ª—å—à–∞—è, —Ö–æ—Ä–æ—à–æ —É—Ç–æ–ø—Ç–∞–Ω–Ω–∞—è —Ç—Ä–æ–ø–∏–Ω–∫–∞ –∏–¥–µ—Ç —á–µ—Ä–µ–∑ –æ–≥–æ—Ä–æ–¥–Ω—ã–π —É—á–∞—Å—Ç–æ–∫.
–ü–æ —Å—Ç–æ—Ä–æ–Ω–∞–º –≤–∏–¥–Ω—ã —Ö–æ—Ä–æ—à–æ —É—Ö–æ–∂–µ–Ω–Ω—ã–µ –≥—Ä—è–¥–∫–∏. –ù–∞ —Ç—Ä–æ–ø–∏–Ω–∫–µ –≤–∞–ª—è—é—Ç—Å—è –≤—ã—Ä–≤–∞–Ω–Ω—ã–µ
—Å–æ—Ä–Ω—è–∫–∏.
[0;36m[ Exits: n e w ][0;37m
[1;33m[1;31m(–ª–µ—Ç–∏—Ç) –ß–µ—Ä–Ω—ã–π –≥—Ä–∞—á –∫—Ä—É–∂–∏—Ç –Ω–∞–¥ –æ–≥–æ—Ä–æ–¥–æ–º.
[0;0m
[0;32m441H[0;37m [0;32m133M[0;37m 60089–æ –ó–∞—É—á:0 –í—ã—Ö:–°–í–ó> ˇ˘–í—ã –ø–æ–ø–ª–µ–ª–∏—Å—å –Ω–∞ —Å–µ–≤–µ—Ä.
[1;36m–ö–∞—Ä—Ç–æ—Ñ–µ–ª—å–Ω–∞—è –≥—Ä—è–¥–∫–∞ [6603][0;37m
   –í—ã –∑–∞—à–ª–∏ –Ω–∞ —Ö–æ—Ä–æ—à–æ —É—Ö–æ–∂–µ–Ω–Ω—É—é –∫–∞—Ä—Ç–æ—Ñ–µ–ª—å–Ω—É—é –≥—Ä—è–¥–∫—É. –ù–µ –≤–∏–¥–Ω–æ
–Ω–∏ –æ–¥–Ω–æ–≥–æ —Å–æ—Ä–Ω—è–∫–∞. –í—ã—Å–æ–∫–∞—è –∫–∞—Ä—Ç–æ—Ñ–µ–ª—å–Ω–∞—è –±–æ—Ç–≤–∞ –∑–∞–¥–µ–≤–∞–µ—Ç –≤–∞—à–∏ –Ω–æ–≥–∏.
–ù–∞–¥ –≥–æ–ª–æ–≤–æ–π —Å–ª—ã—à–Ω—ã –∫—Ä–∏–∫–∏ –ø—Ç–∏—Ü, –ª–µ—Ç–∞—é—â–∏—Ö –Ω–∞–¥ –æ–≥–æ—Ä–æ–¥–æ–º.
[0;36m[ Exits: e s ][0;37m
[1;33m[1;31m[0;0m
[0;32m441H[0;37m [0;32m135M[0;37m 60089–æ –ó–∞—É—á:0 –í—ã—Ö:–í–Æ> ˇ˘–í—ã –ø–æ–ø–ª–µ–ª–∏—Å—å –Ω–∞ –≤–æ—Å—Ç–æ–∫.
[1;36m–ö–∞—Ä—Ç–æ—Ñ–µ–ª—å–Ω–∞—è –≥—Ä—è–¥–∫–∞ [6604][0;37m
   –í—ã –∑–∞—à–ª–∏ –Ω–∞ —Ö–æ—Ä–æ—à–æ —É—Ö–æ–∂–µ–Ω–Ω—É—é –∫–∞—Ä—Ç–æ—Ñ–µ–ª—å–Ω—É—é –≥—Ä—è–¥–∫—É. –ù–µ –≤–∏–¥–Ω–æ
–Ω–∏ –æ–¥–Ω–æ–≥–æ —Å–æ—Ä–Ω—è–∫–∞. –í—ã—Å–æ–∫–∞—è –∫–∞—Ä—Ç–æ—Ñ–µ–ª—å–Ω–∞—è –±–æ—Ç–≤–∞ –∑–∞–¥–µ–≤–∞–µ—Ç –≤–∞—à–∏ –Ω–æ–≥–∏.
–ù–∞–¥ –≥–æ–ª–æ–≤–æ–π —Å–ª—ã—à–Ω—ã –∫—Ä–∏–∫–∏ –ø—Ç–∏—Ü, –ª–µ—Ç–∞—é—â–∏—Ö –Ω–∞–¥ –æ–≥–æ—Ä–æ–¥–æ–º.
[0;36m[ Exits: e s w ][0;37m
[1;33m[1;31m[0;0m
[0;32m441H[0;37m [0;32m136M[0;37m 60089–æ –ó–∞—É—á:0 –í—ã—Ö:–í–Æ–ó> ˇ˘–í—ã –Ω–µ —Å–º–æ–∂–µ—Ç–µ —Ç—É–¥–∞ –ø—Ä–æ–π—Ç–∏...

[0;32m441H[0;37m [0;32m137M[0;37m 60089–æ –ó–∞—É—á:0 –í—ã—Ö:–í–Æ–ó> ˇ˘–í—ã –ø–æ–ø–ª–µ–ª–∏—Å—å –Ω–∞ –≤–æ—Å—Ç–æ–∫.
[1;36m–ö–∞—Ä—Ç–æ—Ñ–µ–ª—å–Ω–∞—è –≥—Ä—è–¥–∫–∞ [6609][0;37m
   –í—ã –∑–∞—à–ª–∏ –Ω–∞ —Ö–æ—Ä–æ—à–æ —É—Ö–æ–∂–µ–Ω–Ω—É—é –∫–∞—Ä—Ç–æ—Ñ–µ–ª—å–Ω—É—é –≥—Ä—è–¥–∫—É. –ù–µ –≤–∏–¥–Ω–æ
–Ω–∏ –æ–¥–Ω–æ–≥–æ —Å–æ—Ä–Ω—è–∫–∞. –í—ã—Å–æ–∫–∞—è –∫–∞—Ä—Ç–æ—Ñ–µ–ª—å–Ω–∞—è –±–æ—Ç–≤–∞ –∑–∞–¥–µ–≤–∞–µ—Ç –≤–∞—à–∏ –Ω–æ–≥–∏.
–ù–∞–¥ –≥–æ–ª–æ–≤–æ–π —Å–ª—ã—à–Ω—ã –∫—Ä–∏–∫–∏ –ø—Ç–∏—Ü, –ª–µ—Ç–∞—é—â–∏—Ö –Ω–∞–¥ –æ–≥–æ—Ä–æ–¥–æ–º.
[0;36m[ Exits: n e s w ][0;37m
[1;33m[1;31m–û–≥–æ—Ä–æ–¥–Ω–∏–∫-—Ä–∞–±–æ—Ç—è–≥–∞ —É—Ö–∞–∂–∏–≤–∞–µ—Ç –∑–∞ –æ–≥–æ—Ä–æ–¥–æ–º.
(–ª–µ—Ç–∏—Ç) –ß–µ—Ä–Ω—ã–π –≥—Ä–∞—á –∫—Ä—É–∂–∏—Ç –Ω–∞–¥ –æ–≥–æ—Ä–æ–¥–æ–º.
(–ª–µ—Ç–∏—Ç) –ß–µ—Ä–Ω—ã–π –≥—Ä–∞—á –∫—Ä—É–∂–∏—Ç –Ω–∞–¥ –æ–≥–æ—Ä–æ–¥–æ–º.
[0;0m
[0;32m441H[0;37m [0;32m136M[0;37m 60089–æ –ó–∞—É—á:0 –í—ã—Ö:–°–í–Æ–ó> ˇ˘[1;33m–í—ã –ø—ã—Ä–Ω—É–ª–∏ –æ–≥–æ—Ä–æ–¥–Ω–∏–∫–∞.
[0;0m
[0;32m441H[0;37m [0;32m138M[0;37m 60041–æ –ó–∞—É—á:0 [0;32m[–ì–µ–Ω–æ–¥:–ù–µ–≤—Ä–µ–¥–∏–º][0;37m [0;32m[–æ–≥–æ—Ä–æ–¥–Ω–∏–∫:–°–ª–µ–≥–∫–∞ —Ä–∞–Ω–µ–Ω][0;37m > ˇ˘
[1;32m–í–∞—à–µ –º–µ—Ç–∫–æ–µ –ø–æ–ø–∞–¥–∞–Ω–∏–µ —Ç—è–∂–µ–ª–æ —Ä–∞–Ω–∏–ª–æ –æ–≥–æ—Ä–æ–¥–Ω–∏–∫–∞.[0;0m
[1;33m–í—ã —Å–∏–ª—å–Ω–æ –ø—ã—Ä–Ω—É–ª–∏ –æ–≥–æ—Ä–æ–¥–Ω–∏–∫–∞.
[0;0m[1;33m–í—ã —Å–æ–∫—Ä—É—à–∏–ª–∏ –æ–≥–æ—Ä–æ–¥–Ω–∏–∫–∞.
[0;0m[0;31m–û–≥–æ—Ä–æ–¥–Ω–∏–∫ –ø—Ä–æ–º–∞–∑–∞–ª, –∫–æ–≥–¥–∞ —Ö–æ—Ç–µ–ª —É–¥–∞—Ä–∏—Ç—å –≤–∞—Å.
[0;0m[0;31m–û–≥–æ—Ä–æ–¥–Ω–∏–∫ –ø–æ–ø—ã—Ç–∞–ª—Å—è —É–¥–∞—Ä–∏—Ç—å –≤–∞—Å, –Ω–æ –Ω–µ —Ä–∞—Å—Å—á–∏—Ç–∞–ª –∏ –ø—Ä–æ–º–∞—Ö–Ω—É–ª—Å—è.
[0;0m
[0;32m441H[0;37m [0;32m138M[0;37m 59922–æ –ó–∞—É—á:0 [0;32m[–ì–µ–Ω–æ–¥:–ù–µ–≤—Ä–µ–¥–∏–º][0;37m [1;32m[–æ–≥–æ—Ä–æ–¥–Ω–∏–∫:–†–∞–Ω–µ–Ω][0;37m > ˇ˘
–ì—Ä–∞—á –ø—Ä–∏–ª–µ—Ç–µ–ª —Å —Å–µ–≤–µ—Ä–∞.

[0;32m441H[0;37m [0;32m138M[0;37m 59922–æ –ó–∞—É—á:0 [0;32m[–ì–µ–Ω–æ–¥:–ù–µ–≤—Ä–µ–¥–∏–º][0;37m [1;32m[–æ–≥–æ—Ä–æ–¥–Ω–∏–∫:–†–∞–Ω–µ–Ω][0;37m > ˇ˘
[1;33m–í—ã –ø—ã—Ä–Ω—É–ª–∏ –æ–≥–æ—Ä–æ–¥–Ω–∏–∫–∞.
[0;0m[1;33m–í—ã —Å–æ–∫—Ä—É—à–∏–ª–∏ –æ–≥–æ—Ä–æ–¥–Ω–∏–∫–∞.
[0;0m[0;31m–û–≥–æ—Ä–æ–¥–Ω–∏–∫ –ø—Ä–æ–º–∞–∑–∞–ª, –∫–æ–≥–¥–∞ —Ö–æ—Ç–µ–ª —É–¥–∞—Ä–∏—Ç—å –≤–∞—Å.
[0;0m[1;31m–û–≥–æ—Ä–æ–¥–Ω–∏–∫ —É–¥–∞—Ä–∏–ª –≤–∞—Å.
[0;0m
[0;32m428H[0;37m [0;32m138M[0;37m 59820–æ –ó–∞—É—á:0 [0;32m[–ì–µ–Ω–æ–¥:–°–ª–µ–≥–∫–∞ —Ä–∞–Ω–µ–Ω][0;37m [1;33m[–æ–≥–æ—Ä–æ–¥–Ω–∏–∫:–†–∞–Ω–µ–Ω][0;37m > ˇ˘
[0;33m–í—ã –ø–æ–ø—ã—Ç–∞–ª–∏—Å—å –ø—ã—Ä–Ω—É—Ç—å –æ–≥–æ—Ä–æ–¥–Ω–∏–∫–∞, –Ω–æ –≤–∞—à —É–¥–∞—Ä –Ω–µ –¥–æ—Å—Ç–∏–≥ —Ü–µ–ª–∏.
[0;0m[1;33m–í—ã —Å–æ–∫—Ä—É—à–∏–ª–∏ –æ–≥–æ—Ä–æ–¥–Ω–∏–∫–∞.
[0;0m[0;31m–û–≥–æ—Ä–æ–¥–Ω–∏–∫ –ø—Ä–æ–º–∞–∑–∞–ª, –∫–æ–≥–¥–∞ —Ö–æ—Ç–µ–ª —É–¥–∞—Ä–∏—Ç—å –≤–∞—Å.
[0;0m[1;31m–û–≥–æ—Ä–æ–¥–Ω–∏–∫ —É–¥–∞—Ä–∏–ª –≤–∞—Å.
[0;0m
[0;32m420H[0;37m [0;32m138M[0;37m 59762–æ –ó–∞—É—á:0 [0;32m[–ì–µ–Ω–æ–¥:–°–ª–µ–≥–∫–∞ —Ä–∞–Ω–µ–Ω][0;37m [1;33m[–æ–≥–æ—Ä–æ–¥–Ω–∏–∫:–†–∞–Ω–µ–Ω][0;37m > ˇ˘
[1;33m–í—ã –ø—ã—Ä–Ω—É–ª–∏ –æ–≥–æ—Ä–æ–¥–Ω–∏–∫–∞.
[0;0m[1;33m–í—ã —Å–æ–∫—Ä—É—à–∏–ª–∏ –æ–≥–æ—Ä–æ–¥–Ω–∏–∫–∞.
[0;0m[1;31m–û–≥–æ—Ä–æ–¥–Ω–∏–∫ —É–¥–∞—Ä–∏–ª –≤–∞—Å.
[0;0m[0;31m–û–≥–æ—Ä–æ–¥–Ω–∏–∫ –ø–æ–ø—ã—Ç–∞–ª—Å—è —É–¥–∞—Ä–∏—Ç—å –≤–∞—Å, –Ω–æ –Ω–µ —Ä–∞—Å—Å—á–∏—Ç–∞–ª –∏ –ø—Ä–æ–º–∞—Ö–Ω—É–ª—Å—è.
[0;0m
[0;32m412H[0;37m [0;32m138M[0;37m 59660–æ –ó–∞—É—á:0 [0;32m[–ì–µ–Ω–æ–¥:–°–ª–µ–≥–∫–∞ —Ä–∞–Ω–µ–Ω][0;37m [1;31m[–æ–≥–æ—Ä–æ–¥–Ω–∏–∫:–¢—è–∂–µ–ª–æ —Ä–∞–Ω–µ–Ω][0;37m > ˇ˘
[1;33m–í—ã –ø—ã—Ä–Ω—É–ª–∏ –æ–≥–æ—Ä–æ–¥–Ω–∏–∫–∞.
[0;0m[1;33m–í—ã —Å–æ–∫—Ä—É—à–∏–ª–∏ –æ–≥–æ—Ä–æ–¥–Ω–∏–∫–∞.
[0;0m[1;31m–û–≥–æ—Ä–æ–¥–Ω–∏–∫ —É–¥–∞—Ä–∏–ª –≤–∞—Å.
[0;0m[1;31m–û–≥–æ—Ä–æ–¥–Ω–∏–∫ —É–¥–∞—Ä–∏–ª –≤–∞—Å.
[0;0m
[1;32m389H[0;37m [0;32m138M[0;37m 59574–æ –ó–∞—É—á:0 [1;32m[–ì–µ–Ω–æ–¥:–õ–µ–≥–∫–æ —Ä–∞–Ω–µ–Ω][0;37m [0;31m[–æ–≥–æ—Ä–æ–¥–Ω–∏–∫:–û.—Ç—è–∂–µ–ª–æ —Ä–∞–Ω–µ–Ω][0;37m > ˇ˘
[1;33m–í—ã –ø—ã—Ä–Ω—É–ª–∏ –æ–≥–æ—Ä–æ–¥–Ω–∏–∫–∞.
[0;0m–û–≥–æ—Ä–æ–¥–Ω–∏–∫ –±–µ–∑ —Å–æ–∑–Ω–∞–Ω–∏—è, –Ω–æ –≤–æ–∑–º–æ–∂–Ω–æ –æ–Ω –µ—â–µ –ø–æ–≤–æ—é–µ—Ç (–ø–æ–ø–æ–∑–∂–µ :).
[1;33m–í—ã —Å–º–µ—Ä—Ç–µ–ª—å–Ω–æ —Å–æ–∫—Ä—É—à–∏–ª–∏ –æ–≥–æ—Ä–æ–¥–Ω–∏–∫–∞! –¢–µ–ø–µ—Ä—å –æ–Ω –Ω–∏–∫–æ–≥–æ –Ω–µ –ø–æ–±–µ—Å–ø–æ–∫–æ–∏—Ç.
[0;0m–û–≥–æ—Ä–æ–¥–Ω–∏–∫ –º–µ—Ä—Ç–≤, –µ–≥–æ –¥—É—à–∞ –º–µ–¥–ª–µ–Ω–Ω–æ –ø–æ–¥—ã–º–∞–µ—Ç—Å—è –≤ –Ω–µ–±–µ—Å–∞.
–í–∞—à –æ–ø—ã—Ç –ø–æ–≤—ã—Å–∏–ª—Å—è –Ω–∞ 5440 –æ—á–∫–æ–≤.

[1;32m395H[0;37m [0;32m138M[0;37m 54093–æ –ó–∞—É—á:0 –í—ã—Ö:–°–í–Æ–ó> ˇ˘–í—ã –ø–æ–¥–Ω—è–ª–∏ —Ç—Ä—É–ø –æ–≥–æ—Ä–æ–¥–Ω–∏–∫–∞.

[0;32m427H[0;37m [0;32m138M[0;37m 54093–æ –ó–∞—É—á:0 –í—ã—Ö:–°–í–Æ–ó> ˇ˘–í—ã –≤–∑—è–ª–∏ –Ω–µ–±–æ–ª—å—à—É—é –≥–æ—Ä—Å—Ç–∫—É –∫—É–Ω –∏–∑ —Ç—Ä—É–ø–∞ –æ–≥–æ—Ä–æ–¥–Ω–∏–∫–∞.
–≠—Ç–æ —Å–æ—Å—Ç–∞–≤–∏–ª–æ 39 –∫—É–Ω.

[0;32m433H[0;37m [0;32m138M[0;37m 54093–æ –ó–∞—É—á:0 –í—ã—Ö:–°–í–Æ–ó> ˇ˘
–ì—Ä–∞—á —É–ª–µ—Ç–µ–ª –Ω–∞ –∑–∞–ø–∞–¥.

[0;32m439H[0;37m [0;32m138M[0;37m 54093–æ –ó–∞—É—á:0 –í—ã—Ö:–°–í–Æ–ó> ˇ˘–í—ã –±—Ä–æ—Å–∏–ª–∏ —Ç—Ä—É–ø –æ–≥–æ—Ä–æ–¥–Ω–∏–∫–∞.

[0;32m441H[0;37m [0;32m138M[0;37m 54093–æ –ó–∞—É—á:0 –í—ã—Ö:–°–í–Æ–ó> ˇ˘
–°–∏–ª—å–Ω—ã–π –≤–µ—Ç–µ—Ä.

[0;32m441H[0;37m [0;32m138M[0;37m 54093–æ –ó–∞—É—á:0 –í—ã—Ö:–°–í–Æ–ó> ˇ˘
[1;31m–ú–∏–Ω—É–ª —á–∞—Å.[0;37m

[0;32m441H[0;37m [0;32m138M[0;37m 54093–æ –ó–∞—É—á:0 –í—ã—Ö:–°–í–Æ–ó> ˇ˘
–ì—Ä–∞—á —É–ª–µ—Ç–µ–ª –Ω–∞ —Å–µ–≤–µ—Ä.

[0;32m441H[0;37m [0;32m138M[0;37m 54093–æ –ó–∞—É—á:0 –í—ã—Ö:–°–í–Æ–ó> ˇ˘–í—ã –ø–æ–ø–ª–µ–ª–∏—Å—å –Ω–∞ —é–≥.
[1;36m–¢—Ä–æ–ø–∏–Ω–∫–∞ –ø–æ –æ–≥–æ—Ä–æ–¥—É [6608][0;37m
   –ù–µ–±–æ–ª—å—à–∞—è, —Ö–æ—Ä–æ—à–æ —É—Ç–æ–ø—Ç–∞–Ω–Ω–∞—è —Ç—Ä–æ–ø–∏–Ω–∫–∞ –∏–¥–µ—Ç —á–µ—Ä–µ–∑ –æ–≥–æ—Ä–æ–¥–Ω—ã–π —É—á–∞—Å—Ç–æ–∫.
–ü–æ —Å—Ç–æ—Ä–æ–Ω–∞–º –≤–∏–¥–Ω—ã —Ö–æ—Ä–æ—à–æ —É—Ö–æ–∂–µ–Ω–Ω—ã–µ –≥—Ä—è–¥–∫–∏. –ù–∞ —Ç—Ä–æ–ø–∏–Ω–∫–µ –≤–∞–ª—è—é—Ç—Å—è –≤—ã—Ä–≤–∞–Ω–Ω—ã–µ
—Å–æ—Ä–Ω—è–∫–∏.
[0;36m[ Exits: n e s w ][0;37m
[1;33m[1;31m[0;0m
[0;32m441H[0;37m [0;32m136M[0;37m 54093–æ –ó–∞—É—á:0 –í—ã—Ö:–°–í–Æ–ó> ˇ˘–í—ã –ø–æ–ø–ª–µ–ª–∏—Å—å –Ω–∞ –∑–∞–ø–∞–¥.
[1;36m–¢—Ä–æ–ø–∏–Ω–∫–∞ –ø–æ –æ–≥–æ—Ä–æ–¥—É [6605][0;37m
   –ù–µ–±–æ–ª—å—à–∞—è, —Ö–æ—Ä–æ—à–æ —É—Ç–æ–ø—Ç–∞–Ω–Ω–∞—è —Ç—Ä–æ–ø–∏–Ω–∫–∞ –∏–¥–µ—Ç —á–µ—Ä–µ–∑ –æ–≥–æ—Ä–æ–¥–Ω—ã–π —É—á–∞—Å—Ç–æ–∫.
–ü–æ —Å—Ç–æ—Ä–æ–Ω–∞–º –≤–∏–¥–Ω—ã —Ö–æ—Ä–æ—à–æ —É—Ö–æ–∂–µ–Ω–Ω—ã–µ –≥—Ä—è–¥–∫–∏. –ù–∞ —Ç—Ä–æ–ø–∏–Ω–∫–µ –≤–∞–ª—è—é—Ç—Å—è –≤—ã—Ä–≤–∞–Ω–Ω—ã–µ
—Å–æ—Ä–Ω—è–∫–∏.
[0;36m[ Exits: n e s w ][0;37m
[1;33m–ü—É–≥–∞–ª–æ –æ—Ç–≥–æ–Ω—è–µ—Ç —Å–æ—Ä–æ–∫ –æ—Ç –æ–≥–æ—Ä–æ–¥–∞.
[1;31m[0;0m
[0;32m441H[0;37m [0;32m135M[0;37m 54093–æ –ó–∞—É—á:0 –í—ã—Ö:–°–í–Æ–ó> ˇ˘–í—ã –ø–æ–ø–ª–µ–ª–∏—Å—å –Ω–∞ –∑–∞–ø–∞–¥.
[1;36m–¢—Ä–æ–ø–∏–Ω–∫–∞ –ø–æ –æ–≥–æ—Ä–æ–¥—É [6602][0;37m
   –ù–µ–±–æ–ª—å—à–∞—è, —Ö–æ—Ä–æ—à–æ —É—Ç–æ–ø—Ç–∞–Ω–Ω–∞—è —Ç—Ä–æ–ø–∏–Ω–∫–∞ –∏–¥–µ—Ç —á–µ—Ä–µ–∑ –æ–≥–æ—Ä–æ–¥–Ω—ã–π —É—á–∞—Å—Ç–æ–∫.
–ü–æ —Å—Ç–æ—Ä–æ–Ω–∞–º –≤–∏–¥–Ω—ã —Ö–æ—Ä–æ—à–æ —É—Ö–æ–∂–µ–Ω–Ω—ã–µ –≥—Ä—è–¥–∫–∏. –ù–∞ —Ç—Ä–æ–ø–∏–Ω–∫–µ –≤–∞–ª—è—é—Ç—Å—è –≤—ã—Ä–≤–∞–Ω–Ω—ã–µ
—Å–æ—Ä–Ω—è–∫–∏.
[0;36m[ Exits: n e w ][0;37m
[1;33m[1;31m(–ª–µ—Ç–∏—Ç) –ß–µ—Ä–Ω—ã–π –≥—Ä–∞—á –∫—Ä—É–∂–∏—Ç –Ω–∞–¥ –æ–≥–æ—Ä–æ–¥–æ–º.
[0;0m
[0;32m441H[0;37m [0;32m133M[0;37m 54093–æ –ó–∞—É—á:0 –í—ã—Ö:–°–í–ó> ˇ˘–í—ã –ø–æ–ø–ª–µ–ª–∏—Å—å –Ω–∞ –∑–∞–ø–∞–¥.
[1;36m–¢—Ä–æ–ø–∏–Ω–∫–∞ –≤–µ–¥—É—â–∞—è –Ω–∞ –æ–≥–æ—Ä–æ–¥ [6601][0;37m
   –ù–µ–±–æ–ª—å—à–∞—è, —Ö–æ—Ä–æ—à–æ —É—Ç–æ–ø—Ç–∞–Ω–Ω–∞—è —Ç—Ä–æ–ø–∏–Ω–∫–∞ –≤–µ–¥–µ—Ç –Ω–∞ –æ–≥–æ—Ä–æ–¥–Ω—ã–π —É—á–∞—Å—Ç–æ–∫.
–ü–æ –æ–±–æ—á–∏–Ω–∞–º —Ä–∞—Å—Ç—É—Ç —Ä–∞–∑–ª–∏—á–Ω—ã–µ —Å–æ—Ä–Ω—è–∫–∏.
[0;36m[ Exits: e s ][0;37m
[1;33m[1;31m[0;0m
[0;32m441H[0;37m [0;32m133M[0;37m 54093–æ –ó–∞—É—á:0 –í—ã—Ö:–í–Æ> ˇ˘–í—ã –ø–æ–ø–ª–µ–ª–∏—Å—å –Ω–∞ —é–≥.
[1;36m–ü–µ—Ä–µ–¥ –æ–≥–æ—Ä–æ–¥–æ–º [6600][0;37m
   –ù–µ–±–æ–ª—å—à–∞—è, —Ö–æ—Ä–æ—à–æ —É—Ç–æ–ø—Ç–∞–Ω–Ω–∞—è —Ç—Ä–æ–ø–∏–Ω–∫–∞ –≤–µ–¥–µ—Ç –Ω–∞ –æ–≥–æ—Ä–æ–¥–Ω—ã–π —É—á–∞—Å—Ç–æ–∫.
–ü–æ –æ–±–æ—á–∏–Ω–∞–º —Ä–∞—Å—Ç—É—Ç —Ä–∞–∑–ª–∏—á–Ω—ã–µ —Å–æ—Ä–Ω—è–∫–∏.
[0;36m[ Exits: n S ][0;37m
[1;33m[1;31m[0;0m
[0;32m441H[0;37m [0;32m132M[0;37m 54093–æ –ó–∞—É—á:0 –í—ã—Ö:–°–Æ> ˇ˘–í—ã –ø–æ–ø–ª–µ–ª–∏—Å—å –Ω–∞ —é–≥.
[1;36m–°—Ç–æ—Ä–æ–∂–µ–≤–∞—è –¥–æ—Ä–æ–≥–∞ [6024][0;37m
   –ü—Ä–æ–π–¥—è –Ω–µ–º–Ω–æ–≥–æ, –≤—ã –≤–∏–¥–∏—Ç–µ –º–µ—Å—Ç–Ω—É—é —Ä–µ–±—è—Ç–Ω—é, –∏–≥—Ä–∞—é—â–∏—Ö –≤ –æ—á–µ–Ω—å –∑–Ω–∞–∫–æ–º—É—é
–≤–∞–º –∏–≥—Ä—É, –Ω–æ –ø–æ –¥—Ä—É–≥–∏–º –ø—Ä–∞–≤–∏–ª–∞–º. –£–≤–∏–¥–µ–≤ –≤–∞—Å, –æ–Ω–∏ —Å—Ç–∞–ª–∏ —Å –∏–Ω—Ç–µ—Ä–µ—Å–æ–º –≤–∞—Å
–æ–±—Å—É–∂–¥–∞—Ç—å, –ø–æ–∫–∞–∑—ã–≤–∞—è –Ω–∞ –≤–∞—Å –ø–∞–ª—å—Ü–∞–º–∏.
[0;36m[ Exits: N e w ][0;37m
[1;33m[1;31m–ú–∞–ª—å—á–∏–∫ –∏–¥–µ—Ç –ø–æ —É–ª–∏—Ü–µ.
–ú–æ–ª–æ–¥–∞—è —Å–µ–ª—è–Ω–∫–∞ —Ä–∞–∑–≥—É–ª–∏–≤–∞–µ—Ç –ø–æ —É–ª–∏—Ü–∞–º.
[0;0m
–°—Ç–µ–ø–Ω–∞—è –¥–µ—Ä–µ–≤–Ω—è (3-—è —Ä–æ–¥–æ–≤–∞—è).

[0;32m441H[0;37m [0;32m131M[0;37m 54093–æ –ó–∞—É—á:0 –í—ã—Ö:–°–í–ó> ˇ˘–í—ã –ø–æ–ø–ª–µ–ª–∏—Å—å –Ω–∞ –∑–∞–ø–∞–¥.
[1;36m–£–≥–æ–ª –°—Ç–æ—Ä–æ–∂–µ–≤–æ–π –¥–æ—Ä–æ–≥–∏ [6025][0;37m
   –î–æ—Ä–æ–≥–∞ –ø–æ–≤–æ—Ä–∞—á–∏–≤–∞–µ—Ç –Ω–∞ —Å–µ–≤–µ—Ä –∏ –Ω–µ–¥–∞–ª–µ–∫–æ –≤—ã –≤–∏–¥–∏—Ç–µ –ø–µ—Ä–µ–∫—Ä–µ—Å—Ç–æ–∫. –ú–æ–∂–µ—Ç –±—ã—Ç—å
–æ–Ω –≤—ã–≤–µ–¥–µ—Ç –≤–∞—Å —Ç—É–¥–∞, –∫—É–¥–∞ –≤–∞–º –Ω–∞–¥–æ?
[0;36m[ Exits: n e ][0;37m
[1;33m–ó–¥–µ—Å—å –ª–µ–∂–∏—Ç –º–æ—Ä–∫–æ–≤—å.
–ü—Ä–∏–≥–ª—è–¥–µ–≤—à–∏—Å—å, –≤—ã –≤–∏–¥–∏—Ç–µ —è–≥–æ–¥—É –¥–∏–∫–æ–≥–æ –≤–∏–Ω–æ–≥—Ä–∞–¥–∞.
[1;31m[0;0m
[0;32m441H[0;37m [0;32m131M[0;37m 54093–æ –ó–∞—É—á:0 –í—ã—Ö:–°–í> ˇ˘–í—ã –ø–æ–ø–ª–µ–ª–∏—Å—å –Ω–∞ –≤–æ—Å—Ç–æ–∫.
[1;36m–°—Ç–æ—Ä–æ–∂–µ–≤–∞—è –¥–æ—Ä–æ–≥–∞ [6024][0;37m
   –ü—Ä–æ–π–¥—è –Ω–µ–º–Ω–æ–≥–æ, –≤—ã –≤–∏–¥–∏—Ç–µ –º–µ—Å—Ç–Ω—É—é —Ä–µ–±—è—Ç–Ω—é, –∏–≥—Ä–∞—é—â–∏—Ö –≤ –æ—á–µ–Ω—å –∑–Ω–∞–∫–æ–º—É—é
–≤–∞–º –∏–≥—Ä—É, –Ω–æ –ø–æ –¥—Ä—É–≥–∏–º –ø—Ä–∞–≤–∏–ª–∞–º. –£–≤–∏–¥–µ–≤ –≤–∞—Å, –æ–Ω–∏ —Å—Ç–∞–ª–∏ —Å –∏–Ω—Ç–µ—Ä–µ—Å–æ–º –≤–∞—Å
–æ–±—Å—É–∂–¥–∞—Ç—å, –ø–æ–∫–∞–∑—ã–≤–∞—è –Ω–∞ –≤–∞—Å –ø–∞–ª—å—Ü–∞–º–∏.
[0;36m[ Exits: N e w ][0;37m
[1;33m[1;31m–ú–∞–ª—å—á–∏–∫ –∏–¥–µ—Ç –ø–æ —É–ª–∏—Ü–µ.
–ú–æ–ª–æ–¥–∞—è —Å–µ–ª—è–Ω–∫–∞ —Ä–∞–∑–≥—É–ª–∏–≤–∞–µ—Ç –ø–æ —É–ª–∏—Ü–∞–º.
[0;0m
[0;32m441H[0;37m [0;32m134M[0;37m 54093–æ –ó–∞—É—á:0 –í—ã—Ö:–°–í–ó> ˇ˘–í—ã –ø–æ–ø–ª–µ–ª–∏—Å—å –Ω–∞ –≤–æ—Å—Ç–æ–∫.
[1;36m–ü–µ—Ä–µ–∫—Ä–µ—Å—Ç–æ–∫ [6018][0;37m
   –ó–¥–µ—Å—å —É–ª–∏—Ü–∞ —Ä–∞–∑–≤–µ—Ç–≤–ª—è–µ—Ç—Å—è –≤ —Ç—Ä–∏ —Å—Ç–æ—Ä–æ–Ω—ã. –£–ª–∏—Ü–∞ –Ω–∞ —é–≥ –≤–µ–¥–µ—Ç –∫ –º–µ—Å—Ç–Ω–æ–π
—Ç–∞–≤–µ—Ä–Ω–µ. –í –≤–æ—Å—Ç–æ—á–Ω–æ–º –Ω–∞–ø—Ä–∞–≤–ª–µ–Ω–∏–∏ –≤—ã –≤–∏–¥–∏—Ç–µ —Å—Ç—Ä–∞–Ω–Ω—É—é —É–ª–∏—Ü—É, –Ω–∞ –∫–æ—Ç–æ—Ä–æ–π –Ω–µ—Ç
–Ω–µ —Ç–æ–ª—å–∫–æ –≤–∑—Ä–æ—Å–ª—ã—Ö –∂–∏—Ç–µ–ª–µ–π, –Ω–æ —Ç–∞–∫–∂–µ –∏ –∏—Ö –¥–µ—Ç–µ–π. –ù–∞ –∑–∞–ø–∞–¥ –≤–∞—Å –≤–µ–¥–µ—Ç —Å—Ç–æ—Ä–æ–∂–µ–≤–∞—è
—É–ª–∏—Ü–∞.
[0;36m[ Exits: e s w ][0;37m
[1;33m[1;31m[0;0m
[0;32m441H[0;37m [0;32m133M[0;37m 54093–æ –ó–∞—É—á:0 –í—ã—Ö:–í–Æ–ó> ˇ˘–í—ã –ø–æ–ø–ª–µ–ª–∏—Å—å –Ω–∞ —é–≥.
[1;36m–°—Ä–µ–¥–∏–Ω–Ω–∞—è –¥–æ—Ä–æ–≥–∞ [6006][0;37m
   –í—ã –∏–¥–µ—Ç–µ –ø–æ –æ–∂–∏–≤–ª–µ–Ω–Ω–æ–π —É–ª–∏—Ü–µ. –°—Ä–µ–¥–∏ —Å–Ω—É—é—â–∏—Ö –≤–æ–∫—Ä—É–≥ –≤–∞—Å –∂–∏—Ç–µ–ª–µ–π –≤—ã
–∑–∞–º–µ—á–∞–µ—Ç–µ —Ç–æ—Ä–≥–æ–≤—Ü–µ–≤ –∏–∑ –¥—Ä—É–≥–∏—Ö –¥–µ—Ä–µ–≤–µ–Ω—å. –í—ã –∑–∞–º–µ—Ç–∏–ª–∏ –¥–∞–∂–µ –æ–¥–Ω–æ–≥–æ –±–æ—è—Ä–∏–Ω–∞
–∏–∑ —Å—Ç–æ–ª—å–Ω–æ–≥–æ –≥—Ä–∞–¥–∞ –ö–∏–µ–≤–∞. –ù–∏–∫—Ç–æ –∏–∑ –Ω–∏—Ö –Ω–µ –æ–±—Ä–∞—â–∞–µ—Ç –Ω–∞ –≤–∞—Å –≤–Ω–∏–º–∞–Ω–∏—è –∏ –≤—ã
—Å –≥–æ—Ä–¥—ã–º –≤–∏–¥–æ–º —à–µ—Å—Ç–≤—É–µ—Ç–µ –¥–∞–ª—å—à–µ.
[0;36m[ Exits: n s ][0;37m
[1;33m[1;31m–ú–æ–ª–æ–¥–æ–π –æ—Ö—Ä–∞–Ω–Ω–∏–∫ —Å –∫–æ–ø–Ω–æ–π —á–µ—Ä–Ω—ã—Ö –≤–æ–ª–æ—Å —Å—Ç–æ–∏—Ç –∑–¥–µ—Å—å.
–°—Ç—Ä–∞–Ω–Ω–∏–∫ —Å –∏–Ω—Ç–µ—Ä–µ—Å–æ–º —Å–º–æ—Ç—Ä–∏—Ç –≤–æ–∫—Ä—É–≥.
[0;0m[1;36m–°—Ç—Ä–∞–Ω–Ω–∏–∫ —Å–∫–∞–∑–∞–ª –≤–∞–º : '–ù–µ –ø–æ–¥—Å–∫–∞–∂–µ—Ç–µ, –ª—é–¥–∏ –¥–æ–±—Ä—ã–µ, –∫–∞–∫ –¥–æ–±—Ä–∞—Ç—å—Å—è –¥–æ –±–∏–±–ª–∏–æ—Ç–µ–∫–∏?'[0;37m
[1;30m–°—Ç—Ä–∞–Ω–Ω–∏–∫ –æ—â–µ—Ä–∏–ª –∑—É–±—ã –≤ –≥–Ω—É—Å–Ω–æ–π —É—Ö–º—ã–ª–∫–µ.[0;0m

[0;32m441H[0;37m [0;32m133M[0;37m 54093–æ –ó–∞—É—á:0 –í—ã—Ö:–°–Æ> ˇ˘–í—ã –ø–æ–ø–ª–µ–ª–∏—Å—å –Ω–∞ —é–≥.
[1;36m–°—Ä–µ–¥–∏–Ω–Ω–∞—è –¥–æ—Ä–æ–≥–∞ [6005][0;37m
   –í—ã –∏–¥–µ—Ç–µ –ø–æ –æ–∂–∏–≤–ª–µ–Ω–Ω–æ–π —É–ª–∏—Ü–µ. –°—Ä–µ–¥–∏ –∂–∏—Ç–µ–ª–µ–π –≤—ã –∑–∞–º–µ—á–∞–µ—Ç–µ —Ç–æ—Ä–≥–æ–≤—Ü–µ–≤
–∏–∑ –¥—Ä—É–≥–∏—Ö –¥–µ—Ä–µ–≤–µ–Ω—å. –ù–∏–∫—Ç–æ –∏–∑ –Ω–∏—Ö –Ω–µ –æ–±—Ä–∞—â–∞–µ—Ç –Ω–∞ –≤–∞—Å –≤–Ω–∏–º–∞–Ω–∏—è –∏ –≤—ã —Å –≥–æ—Ä–¥—ã–º
–≤–∏–¥–æ–º —à–µ—Å—Ç–≤—É–µ—Ç–µ –¥–∞–ª—å—à–µ. –í–æ—Å—Ç–æ—á–Ω–µ–µ –≤—ã –∑–∞–º–µ—Ç–∏–ª–∏ —Ö–∏–∂–∏–Ω—É –º–µ—Å—Ç–Ω–æ–π —Ç—Ä–∞–≤–Ω–∏—Ü—ã.
[0;36m[ Exits: n e s ][0;37m
[1;33m[1;31m[0;0m
[0;32m441H[0;37m [0;32m134M[0;37m 54093–æ –ó–∞—É—á:0 –í—ã—Ö:–°–í–Æ> ˇ˘–í—ã –ø–æ–ø–ª–µ–ª–∏—Å—å –Ω–∞ —é–≥.
[1;36m–¶–µ–Ω—Ç—Ä–∞–ª—å–Ω—ã–π –ø–µ—Ä–µ–∫—Ä–µ—Å—Ç–æ–∫ [6003][0;37m
   –û—Å–º–æ—Ç—Ä–µ–≤—à–∏—Å—å –ø–æ —Å—Ç–æ—Ä–æ–Ω–∞–º, –≤—ã –∑–∞–º–µ—Ç–∏–ª–∏, —á—Ç–æ —É–ª–∏—Ü–∞ —Ä–∞–∑–¥–µ–ª—è–µ—Ç—Å—è –Ω–∞ –¥–≤–∞
–Ω–∞–ø—Ä–∞–≤–ª–µ–Ω–∏—è. –ù–∞ –≤–æ—Å—Ç–æ–∫–µ –≤–∏–¥–Ω–µ–µ—Ç—Å—è –¥–æ–±—Ä–æ—Ç–Ω—ã–π –¥–æ–º, –Ω–∞ –∑–∞–ø–∞–¥ –∂–µ —É–ª–∏—Ü–∞ –≤–µ–¥–µ—Ç
–∫ —Ç–æ—Ä–≥–æ–≤–æ–π —É–ª–∏—Ü–µ. –ü—Ä—è–º–æ –ø–µ—Ä–µ–¥ –≤–∞–º–∏ –Ω–∞ —é–≥–µ —Å—Ç–æ–∏—Ç –∫—Ä–∞—Å–∏–≤—ã–π –¥–æ–º —Å –º–∞—Å—Å–∏–≤–Ω–æ–π
–¥–≤–µ—Ä—å—é.
[0;36m[ Exits: n e s w ][0;37m
[1;33m[1;31m–ú–æ–ª–æ–¥–æ–π –≤–æ–∏–Ω –∏–¥–µ—Ç –ø–æ —Å–≤–æ–∏–º –¥–µ–ª–∞–º.
–ú–∞–ª—å—á–∏–∫ –∏–¥–µ—Ç –ø–æ —É–ª–∏—Ü–µ.
[0;0m
[0;32m441H[0;37m [0;32m133M[0;37m 54093–æ –ó–∞—É—á:0 –í—ã—Ö:–°–í–Æ–ó> ˇ˘–í—ã –ø–æ–ø–ª–µ–ª–∏—Å—å –Ω–∞ —é–≥.
[1;36m–ì—Ä–∏–¥–Ω—è [6004][0;37m
   –í–æ–π–¥—è –≤ –¥–æ–º, –≤—ã –∑–∞–º–µ—Ç–∏–ª–∏, —á—Ç–æ –æ–Ω –≤—ã–≥–ª—è–¥–∏—Ç –ª—É—á—à–µ, —á–µ–º –≤—Å–µ –¥—Ä—É–≥–∏–µ. –û–∫–æ–ª–æ
—Å—Ç–µ–Ω—ã —Å—Ç–æ–∏—Ç –±–æ–ª—å—à–∞—è –ª–µ–∂–∞–Ω–∫–∞, –≤ —É–≥–ª—É –∞–∫–∫—É—Ä–∞—Ç–Ω–æ —Å–ª–æ–∂–µ–Ω –æ—á–∞–≥ –∏–∑ –æ–±–æ–∂–µ–Ω–Ω–æ–π
–≥–ª–∏–Ω—ã. –í–¥–æ–ª—å —Å—Ç–µ–Ω—ã —Å—Ç–æ–∏—Ç –¥–æ–±—Ä–æ—Ç–Ω—ã–π –º–∞—Å—Å–∏–≤–Ω—ã–π —à–∫–∞—Ñ.
[0;36m[ Exits: n ][0;37m
[1;33m–í–∞—à –ø–æ—Ö–æ–¥–Ω—ã–π —Å—É–Ω–¥—É—á–æ–∫ —Å—Ç–æ–∏—Ç –∑–¥–µ—Å—å.
[1;31m–ó—Ä–µ–ª–∞—è –∂–µ–Ω—â–∏–Ω–∞ –ø—Ä–∏—Å–µ–ª–∞ –Ω–∞ –ª–µ–∂–∞–Ω–∫—É –æ—Ç–¥–æ—Ö–Ω—É—Ç—å.
[0;0m
[0;32m441H[0;37m [0;32m132M[0;37m 54093–æ –ó–∞—É—á:0 –í—ã—Ö:–°> ˇ˘–í—ã –Ω–µ —Å–º–æ–∂–µ—Ç–µ —Ç—É–¥–∞ –ø—Ä–æ–π—Ç–∏...

[0;32m441H[0;37m [0;32m133M[0;37m 54093–æ –ó–∞—É—á:0 –í—ã—Ö:–°> ˇ˘–í—ã –Ω–µ —Å–º–æ–∂–µ—Ç–µ —Ç—É–¥–∞ –ø—Ä–æ–π—Ç–∏...

[0;32m441H[0;37m [0;32m133M[0;37m 54093–æ –ó–∞—É—á:0 –í—ã—Ö:–°> ˇ˘–í—ã –Ω–µ —Å–º–æ–∂–µ—Ç–µ —Ç—É–¥–∞ –ø—Ä–æ–π—Ç–∏...

[0;32m441H[0;37m [0;32m133M[0;37m 54093–æ –ó–∞—É—á:0 –í—ã—Ö:–°> ˇ˘
[0;32m441H[0;37m [0;32m133M[0;37m 54093–æ –ó–∞—É—á:0 –í—ã—Ö:–°> ˇ˘–í—ã –ø–æ–ø–ª–µ–ª–∏—Å—å –Ω–∞ —Å–µ–≤–µ—Ä.
[1;36m–¶–µ–Ω—Ç—Ä–∞–ª—å–Ω—ã–π –ø–µ—Ä–µ–∫—Ä–µ—Å—Ç–æ–∫ [6003][0;37m
   –û—Å–º–æ—Ç—Ä–µ–≤—à–∏—Å—å –ø–æ —Å—Ç–æ—Ä–æ–Ω–∞–º, –≤—ã –∑–∞–º–µ—Ç–∏–ª–∏, —á—Ç–æ —É–ª–∏—Ü–∞ —Ä–∞–∑–¥–µ–ª—è–µ—Ç—Å—è –Ω–∞ –¥–≤–∞
–Ω–∞–ø—Ä–∞–≤–ª–µ–Ω–∏—è. –ù–∞ –≤–æ—Å—Ç–æ–∫–µ –≤–∏–¥–Ω–µ–µ—Ç—Å—è –¥–æ–±—Ä–æ—Ç–Ω—ã–π –¥–æ–º, –Ω–∞ –∑–∞–ø–∞–¥ –∂–µ —É–ª–∏—Ü–∞ –≤–µ–¥–µ—Ç
–∫ —Ç–æ—Ä–≥–æ–≤–æ–π —É–ª–∏—Ü–µ. –ü—Ä—è–º–æ –ø–µ—Ä–µ–¥ –≤–∞–º–∏ –Ω–∞ —é–≥–µ —Å—Ç–æ–∏—Ç –∫—Ä–∞—Å–∏–≤—ã–π –¥–æ–º —Å –º–∞—Å—Å–∏–≤–Ω–æ–π
–¥–≤–µ—Ä—å—é.
[0;36m[ Exits: n e s w ][0;37m
[1;33m[1;31m–ú–æ–ª–æ–¥–æ–π –≤–æ–∏–Ω –∏–¥–µ—Ç –ø–æ —Å–≤–æ–∏–º –¥–µ–ª–∞–º.
–ú–∞–ª—å—á–∏–∫ –∏–¥–µ—Ç –ø–æ —É–ª–∏—Ü–µ.
[0;0m
[0;32m441H[0;37m [0;32m133M[0;37m 54093–æ –ó–∞—É—á:0 –í—ã—Ö:–°–í–Æ–ó> ˇ˘–í—ã –ø–æ–ø–ª–µ–ª–∏—Å—å –Ω–∞ –≤–æ—Å—Ç–æ–∫.
[1;36m–ù–µ–±–æ–ª—å—à–∞—è —É–ª–æ—á–∫–∞ [6002][0;37m
   –í—ã –∏–¥–µ—Ç–µ –ø–æ —Ü–µ–Ω—Ç—Ä–∞–ª—å–Ω–æ–π —É–ª–∏—Ü–µ, –≤ –æ—Ç–ª–∏—á–∏–µ –æ—Ç –¥—Ä—É–≥–∏—Ö –æ—á–∏—â–µ–Ω–Ω–æ–π –æ—Ç –º—É—Å–æ—Ä–∞.
–ù–∞ —é–≥–æ-–≤–æ—Å—Ç–æ–∫–µ –≤–∏–¥–Ω–µ–µ—Ç—Å—è –∫—Ä–µ–ø–∫–∏–π –¥–æ–º, –∏–∑ —Ç—Ä—É–±—ã –∫–æ—Ç–æ—Ä–æ–≥–æ –ø–æ–¥–Ω–∏–º–∞–µ—Ç—Å—è
—Å–∏–∑—ã–π –¥—ã–º–æ–∫. –ú–µ—Å—Ç–Ω—ã–µ –∂–∏—Ç–µ–ª–∏ —Å –∏–Ω—Ç–µ—Ä–µ—Å–æ–º –∏ –Ω–µ–¥–æ–≤–µ—Ä–∏–µ–º –ø–æ—Å–º–∞—Ç—Ä–∏–≤–∞—é—Ç –Ω–∞ –≤–∞—Å.
[0;36m[ Exits: e w ][0;37m
[1;33m–£ –≤–∞—à–∏—Ö –Ω–æ–≥ –ª–µ–∂–∏—Ç –≥–ª–∏–Ω—è–Ω–∞—è –ø–ª–æ—à–∫–∞.
[1;31m–ú–æ–ª–æ–¥–æ–π –æ—Ö—Ä–∞–Ω–Ω–∏–∫ —Å –∫–æ–ø–Ω–æ–π —á–µ—Ä–Ω—ã—Ö –≤–æ–ª–æ—Å —Å—Ç–æ–∏—Ç –∑–¥–µ—Å—å.
–°–µ–ª—è–Ω–∏–Ω –∏–¥–µ—Ç —Å –ø–æ–ª—è –¥–æ–º–æ–π.
[0;0m
[0;32m441H[0;37m [0;32m132M[0;37m 54093–æ –ó–∞—É—á:0 –í—ã—Ö:–í–ó> ˇ˘–í—ã –ø–æ–ø–ª–µ–ª–∏—Å—å –Ω–∞ –≤–æ—Å—Ç–æ–∫.
[1;36m–ü–µ—Ä–µ–¥ —Ç—Ä–∞–∫—Ç–∏—Ä–æ–º [6001][0;37m
   –í—ã –≤—ã—à–ª–∏ –∫ –Ω–µ–±–æ–ª—å—à–æ–º—É –¥–æ–º—É, –ø–æ—Å—Ç—Ä–æ–µ–Ω–Ω–æ–º—É –∏–∑ —Ç–æ–ª—Å—Ç—ã—Ö –±—Ä–µ–≤–µ–Ω. –ò–∑ –ø—Ä–∏–æ—Ç–∫—Ä—ã—Ç–æ–π
–¥–≤–µ—Ä–∏ –ø–æ—Ç—è–Ω—É–ª–∏—Å—å –º–∞–Ω—è—â–∏–µ –∑–∞–ø–∞—Ö–∏. –í–∞–º –Ω–µ —Ç–µ—Ä–ø–∏—Ç—Å—è –≤–æ–π—Ç–∏ –ø–æ—Å–∫–æ—Ä–µ–µ –≤–Ω—É—Ç—Ä—å.
–û–∫–æ–ª–æ –¥–≤–µ—Ä–∏ —Å—Ç–æ–∏—Ç —Å–æ —Å–∫—É—á–∞—é—â–∏–º –≤–∏–¥–æ–º –º–µ—Å—Ç–Ω—ã–π –≤—ã—à–∏–±–∞–ª–∞. –ü—Ä–∏ –≤–∞—à–µ–º –ø—Ä–∏–±–ª–∏–∂–µ–Ω–∏–∏
–æ–Ω –Ω–∞—Å—Ç–æ—Ä–æ–∂–∏–ª—Å—è –∏ –Ω–µ–¥–æ–±—Ä–æ –ø—Ä–∏—â—É—Ä–∏–ª—Å—è. –ó–¥–µ—Å—å –Ω–µ –ª—é–±—è—Ç –¥–µ–±–æ—à–∏—Ä–æ–≤.
[0;36m[ Exits: e s w ][0;37m
[1;33m[1;31m–ú–æ–ª–æ–¥–∞—è —Å–µ–ª—è–Ω–∫–∞ —Ä–∞–∑–≥—É–ª–∏–≤–∞–µ—Ç –ø–æ —É–ª–∏—Ü–∞–º.
–û–±–ª–µ–∑–ª—ã–π –ø–µ—Å –ø–æ–Ω—É—Ä–æ –±—Ä–µ–¥–µ—Ç –∑–¥–µ—Å—å.
–®–∏—Ä–æ–∫–æ–ø–ª–µ—á–∏–π –æ—Ö—Ä–∞–Ω–Ω–∏–∫ —Å—Ç–æ–∏—Ç –∑–¥–µ—Å—å.
[0;0m
[0;32m441H[0;37m [0;32m131M[0;37m 54093–æ –ó–∞—É—á:0 –í—ã—Ö:–í–Æ–ó> ˇ˘–í—ã –ø–æ–ø–ª–µ–ª–∏—Å—å –Ω–∞ —é–≥.
[1;36m–í —Ç—Ä–∞–∫—Ç–∏—Ä–µ [6000][0;37m
   –í –¥–æ–º–µ –≤–µ—Å—å–º–∞ —É—é—Ç–Ω–æ –∏ —Ç–µ–ø–ª–æ. –£ –¥–∞–ª—å–Ω–µ–π —Å—Ç–µ–Ω–∫–∏ —Å–ª–æ–∂–µ–Ω –Ω–µ–±–æ–ª—å—à–æ–π –æ—á–∞–≥
–∏–∑ –æ–±–æ–∂–∂–µ–Ω–Ω—ã—Ö –≥–ª–∏–Ω—è–Ω—ã—Ö –∫–∏—Ä–ø–∏—á–µ–π. –í–≤–µ—Ä—Ö –≤–µ–¥–µ—Ç –ª–µ—Å—Ç–Ω–∏—Ü–∞ –∫ –∫–æ–º–Ω–∞—Ç–µ –¥–ª—è –æ—Ç–¥—ã—Ö–∞.
–ó–∞ –Ω–µ–±–æ–ª—å—à–∏–º–∏ —Å—Ç–æ–ª–∏–∫–∞–º–∏ —Å–∏–¥—è—Ç –º–µ—Å—Ç–Ω—ã–µ –∂–∏—Ç–µ–ª–∏, –æ–±–º–µ–Ω–∏–≤–∞—é—â–∏–µ—Å—è –Ω–æ–≤–æ—Å—Ç—è–º–∏ –∏
—Å–ª—É—Ö–∞–º–∏. –ü—Ä–∏—è—Ç–Ω—ã–µ –∑–∞–ø–∞—Ö–∏ —â–µ–∫–æ—á—É—Ç –≤–∞–º –Ω–æ—Å, –∂–µ–ª—É–¥–æ–∫ –Ω–∞–ø–æ–º–∏–Ω–∞–µ—Ç –≤–∞–º, —á—Ç–æ –≤—ã
–ø—Ä–æ–¥–µ–ª–∞–ª–∏ –¥–æ–ª–≥–∏–π –ø—É—Ç—å, –Ω–æ–≥–∏ —Ç–∞–∫ –∏ –ø—Ä–æ—Å—è—Ç—Å—è –ø—Ä–∏—Å–µ—Å—Ç—å –Ω–∞ –∫–∞–∫–æ–π-–Ω–∏–±—É–¥—å —Å—Ç—É–ª.
[0;36m[ Exits: n u ][0;37m
[1;33m–ù–µ–º–Ω–æ–≥–æ –æ—Ç—Ä—É–±–µ–π –ø—Ä–æ—Å—ã–ø–∞–Ω–æ –∑–¥–µ—Å—å.
–ó–¥–µ—Å—å –ª–µ–∂–∏—Ç –º–æ—Ä–∫–æ–≤—å.
[1;31m–ù–µ–≤—ã—Å–æ–∫–∏–π —Å–µ–¥–æ–π –º—É–∂—á–∏–Ω–∞ —Å—Ç–æ–∏—Ç –∑–¥–µ—Å—å.
[0;0m
[0;32m441H[0;37m [0;32m132M[0;37m 54093–æ –ó–∞—É—á:0 –í—ã—Ö:–°^> ˇ˘–í—ã –ø–æ–ø–ª–µ–ª–∏—Å—å –≤–≤–µ—Ä—Ö.
[1;36m–ö–æ–º–Ω–∞—Ç–∞ –æ—Ç–¥—ã—Ö–∞ [6049][0;37m
   –ù–µ–±–æ–ª—å—à–∞—è –æ—Å–≤–µ—â–µ–Ω–Ω–∞—è –ª–∞–º–ø–∞–º–∏ –∫–æ–º–Ω–∞—Ç–∞. –û–∫–æ–ª–æ —Å—Ç–µ–Ω —Å—Ç–æ—è—Ç –Ω–µ–±–æ–ª—å—à–∏–µ –ª–µ–∂–∞–Ω–∫–∏,
–Ω–∞ –∫–æ—Ç–æ—Ä—ã–µ –º–æ–∂–Ω–æ –ø—Ä–∏–ª–µ—á—å. –ü–æ–ª —É—Å—Ç–µ–ª–µ–Ω —à–∫—É—Ä–∞–º–∏ —Ä–∞–∑–ª–∏—á–Ω—ã—Ö –∂–∏–≤–æ—Ç–Ω—ã—Ö, –≤—ã–ª–æ–∂–µ–Ω–Ω—ã—Ö
–≤ —Å–≤–æ–µ–æ–±—Ä–∞–∑–Ω—ã–π —É–∑–æ—Ä. –¢—É—Ç —Å–ø–æ–∫–æ–π–Ω–∞—è –∞—Ç–º–æ—Å—Ñ–µ—Ä–∞ –∏ –≤—ã –∑–∞–º–µ—á–∞–µ—Ç–µ, —á—Ç–æ –∑–¥–µ—Å—å –º–æ–∂–Ω–æ
–ø—Ä–µ–∫—Ä–∞—Å–Ω–æ –æ—Ç–¥–æ—Ö–Ω—É—Ç—å –∏ –ø–æ—Å–ø–∞—Ç—å. –í —Å–µ–≤–µ—Ä–Ω–æ–π —Å—Ç–µ–Ω–µ –≤–∏–¥–Ω–∞ –¥–≤–µ—Ä—å, –≤–µ–¥—É—â–∞—è
–≤ –æ—Ç–¥–µ–ª—å–Ω—ã–µ –ø–æ–∫–æ–∏.
[1;32m–°–æ–≤—Å–µ–º –º–∞–ª—ã—Ö, –¥–∞ –Ω–µ –æ–±—É—á–µ–Ω–Ω—ã—Ö —Ç–∞–∫ –∏ —Ç—è–Ω–µ—Ç [1;33m–≤–æ–π—Ç–∏ [1;32m–≤ [1;33m—à–∫–æ–ª—É[1;32m.[0;0m
[0;36m[ Exits: d ][0;37m
[1;33m–î–æ—Å–∫–∞ –¥–ª—è —Ä–∞–∑–ª–∏—á–Ω—ã—Ö –∑–∞–º–µ—Ç–æ–∫ –∏ –æ–±—ä—è–≤–ª–µ–Ω–∏–π –ø—Ä–∏–±–∏—Ç–∞ —Ç—É—Ç ..–±–ª–µ—Å—Ç–∏—Ç!
[1;31m–ù–µ–≤—ã—Å–æ–∫–∏–π –º–æ–ª–æ–¥–æ–π –ø–∞—Ä–µ–Ω—å —Å—Ç–æ–∏—Ç –æ–∫–æ–ª–æ –¥–≤–µ—Ä–∏.
[0;0m
[0;32m441H[0;37m [0;32m132M[0;37m 54093–æ –ó–∞—É—á:0 –í—ã—Ö:v> ˇ˘–ú–æ–ª–æ–¥–æ–π —Å–ª—É–≥–∞ —Å–∫–∞–∑–∞–ª –≤–∞–º : "–û–¥–µ—Ç—ã–π —Å–ø–∞—Ç—å –±—É–¥–µ—à—å? –•–º.. –ù—É —Å–º–æ—Ç—Ä–∏, —Ç–æ–≥–¥–∞ –¥–µ—à–µ–≤–ª–µ –≤–æ–∑—å–º—É"
[1;37m - 1 –∫—É–Ω–∞ (15 –µ—Å–ª–∏ —Å–Ω—è—Ç—å) –∑–∞ —Ä–∞–∫–æ–≤–∏–Ω—É —É–ª–∏—Ç–∫–∏ [0;37m
[1;37m - 20 –∫—É–Ω (200 –µ—Å–ª–∏ —Å–Ω—è—Ç—å) –∑–∞ –æ–±—Å–∏–¥–∏–∞–Ω–æ–≤–æ–µ –∫–æ–ª—å—Ü–æ [0;37m
[1;37m - 0 –∫—É–Ω (0 –µ—Å–ª–∏ —Å–Ω—è—Ç—å) –∑–∞ –ª–µ–≥–∫–∏–π –ª–∞—Ç–Ω—ã–π –¥–æ—Å–ø–µ—Ö [0;37m
[1;37m - 40 –∫—É–Ω (4 –µ—Å–ª–∏ —Å–Ω—è—Ç—å) –∑–∞ –¥—ã—Ä—è–≤—É—é —à–ª—è–ø—É [0;37m
[1;37m - 0 –∫—É–Ω (0 –µ—Å–ª–∏ —Å–Ω—è—Ç—å) –∑–∞ –ª–µ–≥–∫–∏–µ –ª–∞—Ç–Ω—ã–µ –ø–æ–Ω–æ–∂–∏ [0;37m
[1;37m - 10 –∫—É–Ω (100 –µ—Å–ª–∏ —Å–Ω—è—Ç—å) –∑–∞ –¥—Ä–∞–Ω—ã–µ —Å–∞–ø–æ–≥–∏ [0;37m
[1;37m - 3 –∫—É–Ω—ã (50 –µ—Å–ª–∏ —Å–Ω—è—Ç—å) –∑–∞ –º–µ—Ö–æ–≤—ã–µ —Ä—É–∫–∞–≤–∏—Ü—ã [0;37m
[1;37m - 24 –∫—É–Ω—ã (240 –µ—Å–ª–∏ —Å–Ω—è—Ç—å) –∑–∞ —à–∫—É—Ä—É –º–µ–¥–≤–µ–¥—è [0;37m
[1;37m - 5 –∫—É–Ω (5 –µ—Å–ª–∏ —Å–Ω—è—Ç—å) –∑–∞ —Ö–æ–ª—â–æ–≤—ã–π –º–µ—à–æ–∫ [0;37m
[1;37m - 10 –∫—É–Ω (100 –µ—Å–ª–∏ —Å–Ω—è—Ç—å) –∑–∞ —Ö–æ—Ö–æ–ª–æ–∫ –∫—É–∫—É—à–∫–∏ [0;37m
[1;37m - 10 –∫—É–Ω (100 –µ—Å–ª–∏ —Å–Ω—è—Ç—å) –∑–∞ —Ö–æ—Ö–æ–ª–æ–∫ –∫—É–∫—É—à–∫–∏ [0;37m
[1;37m - 10 –∫—É–Ω (100 –µ—Å–ª–∏ —Å–Ω—è—Ç—å) –∑–∞ –∑–∞—Ç—É–ø–ª–µ–Ω–Ω—ã–π —Ç–æ–ø–æ—Ä [0;37m
[1;37m - 10 –∫—É–Ω (25 –µ—Å–ª–∏ —Å–Ω—è—Ç—å) –∑–∞ –∫—Ä–µ–ø–∫—É—é –ø–∞–ª–∫—É [0;37m
–ú–æ–ª–æ–¥–æ–π —Å–ª—É–≥–∞ —Å–∫–∞–∑–∞–ª –≤–∞–º : "–≠—Ç–æ —è –≤ —á—É–ª–∞–Ω–µ –∑–∞–ø—Ä—É:"
 - 2 –∫—É–Ω—ã –∑–∞ –º–∞–ª—ã–π –º–µ—Ö 
 - 0 –∫—É–Ω –∑–∞ –ª–æ–º–æ—Ç—å —Ö–ª–µ–±–∞ [11] 
 - 2 –∫—É–Ω—ã (2 –µ—Å–ª–∏ –Ω–∞–¥–µ—Ç—å) –∑–∞ —Å–≤–µ—á–∫—É [2] 
 - 7 –∫—É–Ω (1 –µ—Å–ª–∏ –Ω–∞–¥–µ—Ç—å) –∑–∞ –±—Ä–æ–Ω–∑–æ–≤—ã–π —Å—Ç–∏–ª–µ—Ç 
 - 0 –∫—É–Ω –∑–∞ –∑–µ–ª–µ–Ω—É—é –∫–æ–ª–±–æ—á–∫—É 
 - 0 –∫—É–Ω –∑–∞ —Å–µ—Ä—É—é –∫–æ–ª–±–æ—á–∫—É [3] 
 - 0 –∫—É–Ω –∑–∞ –∫–æ—Ä–∏—á–Ω–µ–≤—É—é –∫–æ–ª–±–æ—á–∫—É 
–ú–æ–ª–æ–¥–æ–π —Å–ª—É–≥–∞ —Å–∫–∞–∑–∞–ª –≤–∞–º : "–ò –µ—â–µ 32 –∫—É–Ω—ã –º–Ω–µ –Ω–∞ —Å–±–∏—Ç–µ–Ω—å —Å –º–µ–¥–æ–≤—É—Ö–æ–π :)"
–ú–æ–ª–æ–¥–æ–π —Å–ª—É–≥–∞ —Å–∫–∞–∑–∞–ª –≤–∞–º : "–í —Å—É–º–º–µ —ç—Ç–æ —Å–æ—Å—Ç–∞–≤–∏—Ç 186 –∫—É–Ω –≤ –¥–µ–Ω—å ."
–ú–æ–ª–æ–¥–æ–π —Å–ª—É–≥–∞ —Å–∫–∞–∑–∞–ª –≤–∞–º :

"–ü–æ—Å—Ç–æ–π –æ–±–æ–π–¥–µ—Ç—Å—è —Ç–µ–±–µ –≤ 186 –∫—É–Ω."
"–¢–≤–æ–∏—Ö –¥–µ–Ω–µ–≥ —Ö–≤–∞—Ç–∏—Ç –Ω–∞ 17 –¥–Ω–µ–π."
–ú–æ–ª–æ–¥–æ–π —Å–ª—É–≥–∞ –∑–∞–ø–µ—Ä –≤–∞—à–∏ –≤–µ—â–∏ –≤ —Å—É–Ω–¥—É–∫ –∏ –ø–æ–≤–µ–ª –≤ —Ç–µ—Å–Ω—É—é –∫–∞–º–æ—Ä–∫—É.

0) –û—Ç—Å–æ–µ–¥–∏–Ω–∏—Ç—å—Å—è.
1) –ù–∞—á–∞—Ç—å –∏–≥—Ä—É.
2) –í–≤–µ—Å—Ç–∏ –æ–ø–∏—Å–∞–Ω–∏–µ –≤–∞—à–µ–≥–æ –ø–µ—Ä—Å–æ–Ω–∞–∂–∞.
3) –£–∑–Ω–∞—Ç—å –∏—Å—Ç–æ—Ä–∏—é.
4) –ò–∑–º–µ–Ω–∏—Ç—å –ø–∞—Ä–æ–ª—å.
5) –£–¥–∞–ª–∏—Ç—å –ø–µ—Ä—Å–æ–Ω–∞–∂–∞.
6) –ò–∑–º–µ–Ω–∏—Ç—å –ø–∞—Ä–∞–º–µ—Ç—Ä—ã –ø–µ—Ä—Å–æ–Ω–∞–∂–∞.
7) –í–∫–ª—é—á–∏—Ç—å/–≤—ã–∫–ª—é—á–∏—Ç—å —Ä–µ–∂–∏–º —Å–ª–µ–ø–æ–≥–æ –∏–≥—Ä–æ–∫–∞.
8) –ü–æ—Å–º–æ—Ç—Ä–µ—Ç—å –≤—Å–µ—Ö –ø–µ—Ä—Å–æ–Ω–∞–∂–µ–π –Ω–∞ –¥–∞–Ω–Ω–æ–º email'e.

   –ß–µ–≥–æ –≤–∞—à–∞ –¥—É—à–∞ –∂–µ–ª–∞–µ—Ç? ˇ˘
–î–æ –≤—Å—Ç—Ä–µ—á–∏ –Ω–∞ –∑–µ–º–ª–µ –ö–∏–µ–≤—Å–∫–æ–π.
–í —Å–ª—É—á–∞–µ –≤–∞—à–µ–≥–æ –æ—Ç—Å—É—Ç—Å—Ç–≤–∏—è –ø–µ—Ä—Å–æ–Ω–∞–∂ –±—É–¥–µ—Ç —Ö—Ä–∞–Ω–∏—Ç—å—Å—è –¥–æ 00:21:54  9 –ò—é–Ω—è 2020 –≥–æ–¥–∞ –Ω–∞—à–µ–π —ç—Ä—ã :).
ˇ˘