ˇ˚Eˇ˚Vˇ˚U
Online: 122

Using keytable
  0) Koi-8
  1) Alt
  2) Windows(JMC,MMC)
  3) Windows(zMUD)
  4) Windows(zMUD 'z')
  5) UTF-8
  6) Windows(zMUD <6.39)
  9) TECT...
Select one :     
 -----------------------------------------------------------------------------                   
          Based On CircleMUD v3.0   Created by Jeremy Elson,   
          DikuMUD Gamma 0.0  by Sebastian Hammer, Michael Seifert, 
          Hans Henrik Staerfeldt, Tom Madsen, Katja Nyboe
 _____________________________________________________________________________

    #######
    ##    
    ##        ####    ####      ####  ####  ####  ####  ####  ####    ####
    #######    ######  ##     ## ##    ##  ####    ##    ##    ######  ##
    ##    ##   ##   ## ##    ##  ##    ####  ##    ########    ##   ## ##
    ##    ##   ##   ## ##    ##  ##    ###   ##    ##    ##    ##   ## ##
    #######   ####### ####  ###  ###  ####  ####  ####  ####  ####### ####

                   –ü–û –ü–†–ï–î–ê–ù–ò–Ø–ú –†–£–°–°–ö–ò–• –ù–ê–†–û–î–ù–´–• –°–ö–ê–ó–û–ö –ò –ë–´–õ–ò–ù.

             –ü–æ –∞–¥–º–∏–Ω–∏—Å—Ç—Ä–∞—Ç–∏–≤–Ω—ã–º –≤–æ–ø—Ä–æ—Å–∞–º –º–æ–∂–µ—Ç–µ —Å–≤—è–∑–∞—Ç—å—Å—è —Å –°—Ç—Ä–∏–±–æ–≥–æ–º
                	     e-mail: stribog@bylins.su

                       –ü–æ—Å–µ—Ç–∏—Ç–µ –Ω–∞—à —Å–∞–π—Ç: www.bylins.su
    –î–ª—è –±–æ–ª–µ–µ –ø–æ–¥—Ä–æ–±–Ω–æ–π –∏–≥—Ä–æ–≤–æ–π –∏–Ω—Ñ–æ—Ä–º–∞—Ü–∏–∏ –ø–æ—Å–µ—Ç–∏—Ç–µ www.bylins.su/?newbies

–í–≤–µ–¥–∏—Ç–µ –∏–º—è –ø–µ—Ä—Å–æ–Ω–∞–∂–∞ (–∏–ª–∏ "–Ω–æ–≤—ã–π" –¥–ª—è —Å–æ–∑–¥–∞–Ω–∏—è –Ω–æ–≤–æ–≥–æ): –ü–µ—Ä—Å–æ–Ω–∞–∂ —Å —Ç–∞–∫–∏–º –∏–º–µ–Ω–µ–º —É–∂–µ —Å—É—â–µ—Å—Ç–≤—É–µ—Ç. –í–≤–µ–¥–∏—Ç–µ –ø–∞—Ä–æ–ª—å : ˇ˘
–ü–µ—Ä–µ—Å–æ–µ–¥–∏–Ω—è–µ–º—Å—è.

[0;32m276H[0;37m [0;32m118M[0;37m 53384–æ –ó–∞—É—á:0 –í—ã—Ö:v> ˇ˘[1;36m–ö–æ–º–Ω–∞—Ç—ã –æ—Ç–¥—ã—Ö–∞ [5000][0;37m
   –•–æ–∑—è–∏–Ω —É—Å—Ç—Ä–æ–∏–ª –∑–¥–µ—Å—å –∫–æ–º–Ω–∞—Ç—ã –¥–ª—è –æ—Ç–¥—ã—Ö–∞. –õ—é–±–æ–π –∂–µ–ª–∞—é—â–∏–π –º–æ–∂–µ—Ç –æ—Å—Ç–∞–Ω–æ–≤–∏—Ç—å—Å—è
–∑–¥–µ—Å—å –∏ –ø–µ—Ä–µ–¥–æ—Ö–Ω—É—Ç—å –ø–æ—Å–ª–µ –¥–∞–ª—å–Ω–µ–π –¥–æ—Ä–æ–≥–∏. –°–≤–µ—Ç–ª—ã–µ –≥–æ—Ä–Ω–∏—Ü—ã —Ç–∞–∫ –∏ –ø—Ä–∏–≥–ª–∞—à–∞—é—Ç
–ø—Ä–æ–π—Ç–∏ –≤ –Ω–∏—Ö –∏ —Ä–∞—Å—Ç—è–Ω—É—Ç—å—Å—è –Ω–∞ –ø–µ—Ä–∏–Ω–µ, –Ω–∞ –ø—É—Ö–æ–≤–æ–π –¥–∞ –∑–∞–±—ã—Ç—å—Å—è —Å–Ω–æ–º –±–æ–≥–∞—Ç—ã—Ä—Å–∫–∏–º.
–ó–¥–µ—Å—å –∂–µ –º–æ–∂–Ω–æ –ø–æ–¥–æ–∂–¥–∞—Ç—å —Å–≤–æ–∏—Ö –∫–æ–º–ø–∞–Ω—å–æ–Ω–æ–≤ –ø–µ—Ä–µ–¥ –¥–æ–ª–≥–æ–π –¥–æ—Ä–æ–≥–æ–π, –ø–æ–≥–æ–≤–æ—Ä–∏—Ç—å
–æ –¥–∞–ª—å–Ω–µ–π—à–∏—Ö –ø–ª–∞–Ω–∞—Ö.
[1;32m–°–æ–≤—Å–µ–º –º–∞–ª—ã—Ö, –¥–∞ –Ω–µ –æ–±—É—á–µ–Ω–Ω—ã—Ö —Ç–∞–∫ –∏ —Ç—è–Ω–µ—Ç [1;33m–≤–æ–π—Ç–∏ [1;32m–≤ [1;33m—à–∫–æ–ª—É[1;32m.[0;0m
[0;36m[ Exits: d ][0;37m
[1;33m–£–∑–∫–∏–π –±—Ä–æ–Ω–∑–æ–≤—ã–π –º–µ—á –ª–µ–∂–∏—Ç –∑–¥–µ—Å—å.
–£—Å—ã–ø–∞–Ω–Ω–∞—è –∂–µ–ª—Ç—ã–º–∏ —Ü–≤–µ—Ç–∞–º–∏ –∫–Ω–∏–≥–∞ –ª–µ–∂–∏—Ç –ø–µ—Ä–µ–¥ –í–∞–º–∏. –ö—Ä–∞—Å–∏–≤–∞—è... –Ø—Ä–∫–∞—è...
–î–æ—Å–∫–∞ –¥–ª—è —Ä–∞–∑–ª–∏—á–Ω—ã—Ö –∑–∞–º–µ—Ç–æ–∫ –∏ –æ–±—ä—è–≤–ª–µ–Ω–∏–π –ø—Ä–∏–±–∏—Ç–∞ —Ç—É—Ç ..–±–ª–µ—Å—Ç–∏—Ç!
[1;31m–ú–µ—Å—Ç–Ω–∞—è –∂–∏—Ç–µ–ª—å–Ω–∏—Ü–∞ –∏–¥–µ—Ç –ø–æ —Å–≤–æ–∏–º –¥–µ–ª–∞–º.
–ú–µ—Å—Ç–Ω—ã–π –∂–∏—Ç–µ–ª—å –∏–¥–µ—Ç –∑–¥–µ—Å—å.
–ü–æ–ª—è–Ω–∏–Ω –î–æ—Ä–º–∞–Ω —Å—Ç–æ–∏—Ç –∑–¥–µ—Å—å. 
–•–æ–∑—è–π–∫–∞ –ø–æ—Å—Ç–æ—è–ª–æ–≥–æ –¥–≤–æ—Ä–∞ —Ä–∞—Å–ø–æ—Ä—è–∂–∞–µ—Ç—Å—è –∑–¥–µ—Å—å.
[0;0m
[0;32m276H[0;37m [0;32m118M[0;37m 53384–æ –ó–∞—É—á:0 –í—ã—Ö:v> ˇ˘[1;36m–ö–æ–º–Ω–∞—Ç—ã –æ—Ç–¥—ã—Ö–∞ [5000][0;37m
   –•–æ–∑—è–∏–Ω —É—Å—Ç—Ä–æ–∏–ª –∑–¥–µ—Å—å –∫–æ–º–Ω–∞—Ç—ã –¥–ª—è –æ—Ç–¥—ã—Ö–∞. –õ—é–±–æ–π –∂–µ–ª–∞—é—â–∏–π –º–æ–∂–µ—Ç –æ—Å—Ç–∞–Ω–æ–≤–∏—Ç—å—Å—è
–∑–¥–µ—Å—å –∏ –ø–µ—Ä–µ–¥–æ—Ö–Ω—É—Ç—å –ø–æ—Å–ª–µ –¥–∞–ª—å–Ω–µ–π –¥–æ—Ä–æ–≥–∏. –°–≤–µ—Ç–ª—ã–µ –≥–æ—Ä–Ω–∏—Ü—ã —Ç–∞–∫ –∏ –ø—Ä–∏–≥–ª–∞—à–∞—é—Ç
–ø—Ä–æ–π—Ç–∏ –≤ –Ω–∏—Ö –∏ —Ä–∞—Å—Ç—è–Ω—É—Ç—å—Å—è –Ω–∞ –ø–µ—Ä–∏–Ω–µ, –Ω–∞ –ø—É—Ö–æ–≤–æ–π –¥–∞ –∑–∞–±—ã—Ç—å—Å—è —Å–Ω–æ–º –±–æ–≥–∞—Ç—ã—Ä—Å–∫–∏–º.
–ó–¥–µ—Å—å –∂–µ –º–æ–∂–Ω–æ –ø–æ–¥–æ–∂–¥–∞—Ç—å —Å–≤–æ–∏—Ö –∫–æ–º–ø–∞–Ω—å–æ–Ω–æ–≤ –ø–µ—Ä–µ–¥ –¥–æ–ª–≥–æ–π –¥–æ—Ä–æ–≥–æ–π, –ø–æ–≥–æ–≤–æ—Ä–∏—Ç—å
–æ –¥–∞–ª—å–Ω–µ–π—à–∏—Ö –ø–ª–∞–Ω–∞—Ö.
[1;32m–°–æ–≤—Å–µ–º –º–∞–ª—ã—Ö, –¥–∞ –Ω–µ –æ–±—É—á–µ–Ω–Ω—ã—Ö —Ç–∞–∫ –∏ —Ç—è–Ω–µ—Ç [1;33m–≤–æ–π—Ç–∏ [1;32m–≤ [1;33m—à–∫–æ–ª—É[1;32m.[0;0m
[0;36m[ Exits: d ][0;37m
[1;33m–£–∑–∫–∏–π –±—Ä–æ–Ω–∑–æ–≤—ã–π –º–µ—á –ª–µ–∂–∏—Ç –∑–¥–µ—Å—å.
–£—Å—ã–ø–∞–Ω–Ω–∞—è –∂–µ–ª—Ç—ã–º–∏ —Ü–≤–µ—Ç–∞–º–∏ –∫–Ω–∏–≥–∞ –ª–µ–∂–∏—Ç –ø–µ—Ä–µ–¥ –í–∞–º–∏. –ö—Ä–∞—Å–∏–≤–∞—è... –Ø—Ä–∫–∞—è...
–î–æ—Å–∫–∞ –¥–ª—è —Ä–∞–∑–ª–∏—á–Ω—ã—Ö –∑–∞–º–µ—Ç–æ–∫ –∏ –æ–±—ä—è–≤–ª–µ–Ω–∏–π –ø—Ä–∏–±–∏—Ç–∞ —Ç—É—Ç ..–±–ª–µ—Å—Ç–∏—Ç!
[1;31m–ú–µ—Å—Ç–Ω–∞—è –∂–∏—Ç–µ–ª—å–Ω–∏—Ü–∞ –∏–¥–µ—Ç –ø–æ —Å–≤–æ–∏–º –¥–µ–ª–∞–º.
–ú–µ—Å—Ç–Ω—ã–π –∂–∏—Ç–µ–ª—å –∏–¥–µ—Ç –∑–¥–µ—Å—å.
–ü–æ–ª—è–Ω–∏–Ω –î–æ—Ä–º–∞–Ω —Å—Ç–æ–∏—Ç –∑–¥–µ—Å—å. 
–•–æ–∑—è–π–∫–∞ –ø–æ—Å—Ç–æ—è–ª–æ–≥–æ –¥–≤–æ—Ä–∞ —Ä–∞—Å–ø–æ—Ä—è–∂–∞–µ—Ç—Å—è –∑–¥–µ—Å—å.
[0;0m
[0;32m276H[0;37m [0;32m118M[0;37m 53384–æ –ó–∞—É—á:0 –í—ã—Ö:v> ˇ˘–í—ã –ø–æ–ø–ª–µ–ª–∏—Å—å –≤–Ω–∏–∑.
[1;36m–ü–æ—Å—Ç–æ—è–ª—ã–π –¥–≤–æ—Ä [5001][0;37m
   –î–µ—Ä–µ–≤–Ω—è —Ö–æ—Ç—å –∏ –Ω–µ–±–æ–ª—å—à–∞—è, –Ω–æ –ø–æ—Å—Ç–æ—è–ª—ã–π –¥–≤–æ—Ä –∏–º–µ–µ—Ç—Å—è, –¥–ª—è –∑–∞–µ–∑–∂–∏—Ö –≥–æ—Å—Ç–µ–π,
—á—Ç–æ–±—ã –±—ã–ª–æ –≥–¥–µ –ø–µ—Ä–µ–≤–µ—Å—Ç–∏ –¥—É—Ö, –µ–¥–æ–π –∏ –ø–∏—Ç—å–µ–º –∑–∞–ø–∞—Å—Ç–∏—Å—å. –ê –µ—Å–ª–∏ –Ω–∞ –¥–≤–æ—Ä–µ —É–∂
–Ω–æ—á—å –∏–ª—å –ø—Ä–æ—Å—Ç–æ –Ω–∞–¥–æ –æ—Å—Ç–∞–Ω–æ–≤–∏—Ç—Å—è –Ω–∞ –¥–µ–Ω—å –¥—Ä—É–≥–æ–π –≤ –¥–µ—Ä–µ–≤–Ω–µ, –∞ —Ä–æ–¥—Å—Ç–≤–µ–Ω–Ω–∏–∫–æ–≤
–Ω–µ—Ç, —Ç–∞–∫ –º–æ–∂–Ω–æ –∏ –ø–µ—Ä–µ–Ω–æ—á–µ–≤–∞—Ç—å –≤ –≥–æ—Ä–Ω–∏—Ü–∞—Ö –Ω–∞–≤–µ—Ä—Ö—É.
[0;36m[ Exits: w u ][0;37m
[1;33m[1;31m–°–µ–¥–æ–≤–ª–∞—Å—ã–π —Å–∫–∞–∑–∏—Ç–µ–ª—å –≥–æ—Ç–æ–≤ –ø–æ–¥–µ–ª–∏—Ç—å—Å—è —Å –í–∞–º–∏ –∏–Ω—Ç–µ—Ä–µ—Å–Ω–æ–π –∏—Å—Ç–æ—Ä–∏–µ–π.
–¢—Ä–∞–∫—Ç–∏—Ä—â–∏–∫ –æ—Ç–¥—ã—Ö–∞–µ—Ç –∑–∞ —Å—Ç–æ–π–∫–æ–π.
[0;0m
[0;32m276H[0;37m [0;32m117M[0;37m 53384–æ –ó–∞—É—á:0 –í—ã—Ö:–ó^> ˇ˘–í—ã –ø–æ–ø–ª–µ–ª–∏—Å—å –Ω–∞ –∑–∞–ø–∞–¥.
[1;36m–ü–µ—Ä–µ–¥ –ø–æ—Å—Ç–æ—è–ª—ã–º –¥–≤–æ—Ä–æ–º [5005][0;37m
   –ß—É—Ç—å –Ω–µ —Å–ø–æ—Ç–∫–Ω—É–≤—à–∏—Å—å –æ –¥–æ—Å–∫—É, –ª–µ–∂–∞—â—É—é —Å—Ä–∞–∑—É —É –ø–æ—Ä–æ–≥–∞ –ø–æ—Å—Ç–æ—è–ª–æ–≥–æ –¥–≤–æ—Ä–∞,
–≤—ã –æ–∫–∞–∑–∞–ª–∏—Å—å –Ω–∞ —Ü–µ–Ω—Ç—Ä–∞–ª—å–Ω–æ–π —É–ª–∏—Ü–µ –¥–µ—Ä–µ–≤–Ω–∏. –ò–º–µ–Ω–Ω–æ –Ω–∞ —ç—Ç–æ–π —É–ª–∏—Ü–µ –º–æ–∂–Ω–æ 
–±—ã—Å—Ç—Ä–æ –Ω–∞–π—Ç–∏ –ª–∞–≤–∫—É —Ä–µ–º–µ—Å–ª–µ–Ω–Ω–∏–∫–∞, –¥–æ–º –∑–Ω–∞—Ö–∞—Ä—è, –∫–æ–Ω—é—à–Ω—é –∏ –¥–æ–º —Å—Ç–∞—Ä–µ–π—à–∏–Ω—ã.
–í —é–∂–Ω–æ–π —á–∞—Å—Ç–∏ –¥–µ—Ä–µ–≤–Ω–∏ –ø–æ—Å–µ–ª–∏–ª–∏—Å—å –≤–æ—Ä–æ–∂–µ–∏.
[0;36m[ Exits: n e s w ][0;37m
[1;33m[1;31m–ú–µ—Å—Ç–Ω—ã–π –∂–∏—Ç–µ–ª—å –∏–¥–µ—Ç –∑–¥–µ—Å—å.
[0;0m
[0;32m276H[0;37m [0;32m117M[0;37m 53384–æ –ó–∞—É—á:0 –í—ã—Ö:–°–í–Æ–ó> ˇ˘–í—ã –ø–æ–ø–ª–µ–ª–∏—Å—å –Ω–∞ —Å–µ–≤–µ—Ä.
[1;36m–ö —Ü–µ–Ω—Ç—Ä—É –¥–µ—Ä–µ–≤–Ω–∏ [5006][0;37m
   –ü–æ–Ω–µ–º–Ω–æ–≥—É –æ—Å—Ç–∞—é—Ç—Å—è –ø–æ–∑–∞–¥–∏ –≥–ª–∞–≤–Ω—ã–µ –¥–æ–º–∞ –¥–µ—Ä–µ–≤–Ω–∏, –∏ –≤–æ–∫—Ä—É–≥ –æ—Ç–∫—Ä—ã–≤–∞–µ—Ç—Å—è –æ–±—ã—á–Ω—ã–π
–¥–µ—Ä–µ–≤–µ–Ω—Å–∫–∏–π –≤–∏–¥. –ö—Ä–µ–ø–∫–∏–µ –¥–æ–º–∞ —Å –º–∞–ª–µ–Ω—å–∫–∏–º–∏ –æ–∫–Ω–∞–º–∏, –Ω–æ –Ω–µ–∏–∑–º–µ–Ω–Ω—ã–º–∏ —Ç—Ä—É–±–∞–º–∏
–ø–µ—á–µ–π. –ò–∑–≥–æ—Ä–æ–¥—å, —Å—Ç–æ—è—â–∞—è –∑–∞ –¥–æ–º–∞–º–∏ –≤–¥–æ–ª—å –ª–µ—Å–∞ –∏ –∑–∞—â–∏—â–∞—é—â–∞—è –¥–µ—Ä–µ–≤–Ω—é —Å —Ç—ã–ª–∞. 
–ù–µ—Ç–æ—Ä–æ–ø–ª–∏–≤—ã–π –ª—é–¥, –∏–¥—É—â–∏–π –ø–æ —Å–≤–æ–∏–º –∏–∑–≤–µ—á–Ω—ã–º –¥–µ–ª–∞–º.
[0;36m[ Exits: n e s w ][0;37m
[1;33m[1;31m[0;0m
[0;32m276H[0;37m [0;32m117M[0;37m 53384–æ –ó–∞—É—á:0 –í—ã—Ö:–°–í–Æ–ó> ˇ˘–í—ã –ø–æ–ø–ª–µ–ª–∏—Å—å –Ω–∞ –∑–∞–ø–∞–¥.
[1;36m–ó–∞–±—Ä–æ—à–µ–Ω–Ω—ã–π –¥–æ–º [5023][0;37m
   –° –≤–∏–¥—É —Ö–æ—Ä–æ—à–∏–π –¥–æ–º —Å—Ç–æ–∏—Ç –Ω–∞ —Ü–µ–Ω—Ç—Ä–∞–ª—å–Ω–æ–π —É–ª–∏—Ü–µ —Å—Ä–µ–¥–∏ –±–æ–ª—å—à–∏—Ö –∏ –±–æ–≥–∞—Ç—ã—Ö
–¥–æ–º–æ–≤. –ó–∞–∫–æ–ª–æ—á–µ–Ω—ã —Å—Ç–∞–≤–Ω–∏, –∑–∞–ø—É—Å—Ç–µ–Ω—å–µ –≤–æ –¥–≤–æ—Ä–µ. –ß—Ç–æ –∑–∞ –Ω–∞–ø–∞—Å—Ç—å –∑–∞—Å—Ç–∞–≤–∏–ª–∞ 
—Ö–æ–∑—è–µ–≤ –ø–æ–∫–∏–Ω—É—Ç—å —Å–≤–æ–µ –∂–∏–ª–∏—â–µ –∏ –∏—Å–∫–∞—Ç—å –Ω–æ–≤–æ–µ –º–µ—Å—Ç–æ.
[0;36m[ Exits: e W ][0;37m
[1;33m[1;31m[0;0m
[0;32m276H[0;37m [0;32m117M[0;37m 53384–æ –ó–∞—É—á:0 –í—ã—Ö:–í–ó> ˇ˘–í—ã –ø–æ–ø–ª–µ–ª–∏—Å—å –Ω–∞ –∑–∞–ø–∞–¥.
[1;36m–ù–∞ –∫—Ä—ã–ª—å—Ü–µ [5100][0;37m
   –ü–æ–∫–æ—Å–∏–≤—à–µ–µ—Å—è –∫—Ä—ã–ª—å—Ü–æ —Å–∫—Ä–∏–ø–∏—Ç –ø–æ–¥ –Ω–æ–≥–∞–º–∏. –î–µ—Ä–µ–≤–æ –ø–æ—á–µ—Ä–Ω–µ–ª–æ –∏ –æ–±–ª—É–ø–∏–ª–æ—Å—å, –Ω–æ
—Å–æ—Ö—Ä–∞–Ω–∏–ª–æ –∫—Ä–µ–ø–æ—Å—Ç—å. –•–æ—Ç—å –∏ –º–æ–∂–Ω–æ –∑–¥–µ—Å—å –ø–æ—Å—Ç–æ—è—Ç—å, –Ω–æ –í–∞—Å –±–æ–ª—å—à–µ –∏–Ω—Ç–µ—Ä–µ—Å—É–µ—Ç —Å–∞–º
–∑–∞–±—Ä–æ—à–µ–Ω–Ω—ã–π –¥–æ–º. –•–æ—á–µ—Ç—Å—è –∑–∞–π—Ç–∏, –Ω–æ —Ö–æ–ª–æ–¥–æ–∫ –≤ –≥—Ä—É–¥–∏ –∑–∞—Å—Ç–∞–≤–ª—è–µ—Ç –ø–æ–¥—É–º–∞—Ç—å –Ω–∞–¥
—ç—Ç–∏–º —à–∞–≥–æ–º. 
[0;36m[ Exits: E w ][0;37m
[1;33m[1;31m[0;0m
–ó–∞–±—Ä–æ—à–µ–Ω–Ω—ã–π –¥–æ–º (—Å—Ä–µ–¥–Ω–∏–π —É—Ä–æ–≤–µ–Ω—å: 2).

[0;32m276H[0;37m [0;32m117M[0;37m 53384–æ –ó–∞—É—á:0 –í—ã—Ö:–í–ó> ˇ˘–í—ã –ø–æ–ø–ª–µ–ª–∏—Å—å –Ω–∞ –∑–∞–ø–∞–¥.
[1;36m–í —Å–µ–Ω—è—Ö [5101][0;37m
   –°–µ–Ω–∏ –∫–æ–≥–¥–∞-—Ç–æ —Å–ª—É–∂–∏–ª–∏ –ø—Ä–æ–º–µ–∂—É—Ç–æ—á–Ω–æ–π —á–∞—Å—Ç—å—é –º–µ–∂–¥—É –æ—Ç–∞–ø–ª–∏–≤–∞–µ–º–æ–π –∏ 
—Ö–æ–∑—è–π—Å—Ç–≤–µ–Ω–Ω–æ–π —á–∞—Å—Ç—å—é –¥–æ–º–∞. –ó–¥–µ—Å—å –∫–æ–≥–¥–∞-—Ç–æ –ª–µ–∂–∞–ª–∞ –Ω–µ—Ö–∏—Ç—Ä–∞—è –∫—Ä–µ—Å—Ç—å—è–Ω—Å–∫–∞—è 
—É—Ç–≤–∞—Ä—å, –Ω–æ —Å–µ–π—á–∞—Å —Ç–æ–ª—å–∫–æ –ø—ã–ª—å –∏ –≥—Ä—è–∑—å.
[0;36m[ Exits: e w ][0;37m
[1;33m[1;31m–ë–ª–æ—Ö–∞ –ø—Ä—è—á–µ—Ç—Å—è –≤ –º—É—Å–æ—Ä–µ.
–°–µ—Ä–∞—è –º—ã—à—å —é—Ä–∫–Ω—É–ª–∞ –∑–¥–µ—Å—å.
[0;0m
[0;32m276H[0;37m [0;32m117M[0;37m 53384–æ –ó–∞—É—á:0 –í—ã—Ö:–í–ó> ˇ˘[0;33m–í—ã –ø–æ–ø—ã—Ç–∞–ª–∏—Å—å —Ä—É–±–∞–Ω—É—Ç—å –±–ª–æ—Ö—É, –Ω–æ –ø–æ–ø–∞–ª–∏ —Ç–æ–ª—å–∫–æ –ø–æ –≤–æ–∑–¥—É—Ö—É.
[0;0m
[0;32m276H[0;37m [0;32m118M[0;37m 53383–æ –ó–∞—É—á:0 [0;32m[–ì–µ–Ω–æ–¥:–ù–µ–≤—Ä–µ–¥–∏–º][0;37m [0;32m[–±–ª–æ—Ö–∞:–ù–µ–≤—Ä–µ–¥–∏–º–∞][0;37m > ˇ˘
[0;31m–ë–ª–æ—Ö–∞ –ø–æ–ø—ã—Ç–∞–ª–∞—Å—å —É–∂–∞–ª–∏—Ç—å –≤–∞—Å, –Ω–æ –ø—Ä–æ–º–∞—Ö–Ω—É–ª–∞—Å—å.
[0;0m[1;33m–í—ã —Ä—É–±–∞–Ω—É–ª–∏ –±–ª–æ—Ö—É.
[0;0m[1;33m–í—ã —É–∫–æ–ª–æ–ª–∏ –±–ª–æ—Ö—É.
[0;0m–ë–ª–æ—Ö–∞ –±–µ–∑ —Å–æ–∑–Ω–∞–Ω–∏—è –∏ –º–µ–¥–ª–µ–Ω–Ω–æ —É–º–∏—Ä–∞–µ—Ç. –ü–æ–º–æ–≥–∏—Ç–µ –∂–µ –µ–π.

[0;32m276H[0;37m [0;32m118M[0;37m 53372–æ –ó–∞—É—á:0 [0;32m[–ì–µ–Ω–æ–¥:–ù–µ–≤—Ä–µ–¥–∏–º][0;37m [0;31m[–±–ª–æ—Ö–∞:–°–º–µ—Ä—Ç–µ–ª—å–Ω–æ —Ä–∞–Ω–µ–Ω–∞][0;37m > ˇ˘
[1;33m–í—ã –ø–æ—Ä—É–±–∏–ª–∏ –±–ª–æ—Ö—É —Ä–æ–≤–Ω—ã–º–∏ –∫—É—Å–æ—á–∫–∞–º–∏. –î–∞ –≤—ã –ø—Ä–æ—Å—Ç–æ –º—è—Å–Ω–∏–∫!
[0;0m–ë–ª–æ—Ö–∞ –º–µ—Ä—Ç–≤–∞, –µ–µ –¥—É—à–∞ –º–µ–¥–ª–µ–Ω–Ω–æ –ø–æ–¥—ã–º–∞–µ—Ç—Å—è –≤ –Ω–µ–±–µ—Å–∞.
–í–∞—à –æ–ø—ã—Ç –ø–æ–≤—ã—Å–∏–ª—Å—è –Ω–∞ 7 –æ—á–∫–æ–≤.
–¢—Ä—É–ø –±–ª–æ—Ö–∏ –ø—É—Å—Ç.

[0;32m276H[0;37m [0;32m118M[0;37m 53364–æ –ó–∞—É—á:0 –í—ã—Ö:–í–ó> ˇ˘[1;36m–í —Å–µ–Ω—è—Ö [5101][0;37m
   –°–µ–Ω–∏ –∫–æ–≥–¥–∞-—Ç–æ —Å–ª—É–∂–∏–ª–∏ –ø—Ä–æ–º–µ–∂—É—Ç–æ—á–Ω–æ–π —á–∞—Å—Ç—å—é –º–µ–∂–¥—É –æ—Ç–∞–ø–ª–∏–≤–∞–µ–º–æ–π –∏ 
—Ö–æ–∑—è–π—Å—Ç–≤–µ–Ω–Ω–æ–π —á–∞—Å—Ç—å—é –¥–æ–º–∞. –ó–¥–µ—Å—å –∫–æ–≥–¥–∞-—Ç–æ –ª–µ–∂–∞–ª–∞ –Ω–µ—Ö–∏—Ç—Ä–∞—è –∫—Ä–µ—Å—Ç—å—è–Ω—Å–∫–∞—è 
—É—Ç–≤–∞—Ä—å, –Ω–æ —Å–µ–π—á–∞—Å —Ç–æ–ª—å–∫–æ –ø—ã–ª—å –∏ –≥—Ä—è–∑—å.
[0;36m[ Exits: e w ][0;37m
[1;33m–¢—Ä—É–ø –±–ª–æ—Ö–∏ –ª–µ–∂–∏—Ç –∑–¥–µ—Å—å.
[1;31m–°–µ—Ä–∞—è –º—ã—à—å —é—Ä–∫–Ω—É–ª–∞ –∑–¥–µ—Å—å.
[0;0m
[0;32m276H[0;37m [0;32m118M[0;37m 53364–æ –ó–∞—É—á:0 –í—ã—Ö:–í–ó> ˇ˘[1;33m–í—ã —Ä—É–±–∞–Ω—É–ª–∏ —Å–µ—Ä—É—é –º—ã—à—å.
[0;0m
[0;32m276H[0;37m [0;32m118M[0;37m 53350–æ –ó–∞—É—á:0 [0;32m[–ì–µ–Ω–æ–¥:–ù–µ–≤—Ä–µ–¥–∏–º][0;37m [1;32m[—Å–µ—Ä–∞—è –º—ã—à—å:–õ–µ–≥–∫–æ —Ä–∞–Ω–µ–Ω–∞][0;37m > ˇ˘
[0;31m–°–µ—Ä–∞—è –º—ã—à—å –ø–æ–ø—ã—Ç–∞–ª–∞—Å—å —Ç–∫–Ω—É—Ç—å –≤–∞—Å, –Ω–æ –ø—Ä–æ–º–∞—Ö–Ω—É–ª–∞—Å—å.
[0;0m[1;33m–í—ã —Å–ª–µ–≥–∫–∞ —Ä—É–±–∞–Ω—É–ª–∏ —Å–µ—Ä—É—é –º—ã—à—å.
[0;0m[0;33m–í—ã –ø–æ–ø—ã—Ç–∞–ª–∏—Å—å –ø—Ä–æ—Ç–∫–Ω—É—Ç—å —Å–µ—Ä—É—é –º—ã—à—å, –Ω–æ –≤–∞—à —É–¥–∞—Ä –Ω–µ –¥–æ—Å—Ç–∏–≥ —Ü–µ–ª–∏.
[0;0m
[0;32m276H[0;37m [0;32m118M[0;37m 53341–æ –ó–∞—É—á:0 [0;32m[–ì–µ–Ω–æ–¥:–ù–µ–≤—Ä–µ–¥–∏–º][0;37m [1;33m[—Å–µ—Ä–∞—è –º—ã—à—å:–†–∞–Ω–µ–Ω–∞][0;37m > ˇ˘
[1;33m–í—ã —Ä—É–±–∞–Ω—É–ª–∏ —Å–µ—Ä—É—é –º—ã—à—å.
[0;0m[0;33m–í—ã –ø–æ–ø—ã—Ç–∞–ª–∏—Å—å —É–∫–æ–ª–æ—Ç—å —Å–µ—Ä—É—é –º—ã—à—å, –Ω–æ –ø—Ä–æ–º–∞—Ö–Ω—É–ª–∏—Å—å.
[0;0m[0;31m–°–µ—Ä–∞—è –º—ã—à—å –ø–æ–ø—ã—Ç–∞–ª–∞—Å—å —Ç–∫–Ω—É—Ç—å –≤–∞—Å, –Ω–æ –µ–µ —É–¥–∞—Ä –Ω–µ –¥–æ—Å—Ç–∏–≥ —Ü–µ–ª–∏.
[0;0m
[0;32m276H[0;37m [0;32m118M[0;37m 53328–æ –ó–∞—É—á:0 [0;32m[–ì–µ–Ω–æ–¥:–ù–µ–≤—Ä–µ–¥–∏–º][0;37m [1;31m[—Å–µ—Ä–∞—è –º—ã—à—å:–¢—è–∂–µ–ª–æ —Ä–∞–Ω–µ–Ω–∞][0;37m > ˇ˘
[0;31m–°–µ—Ä–∞—è –º—ã—à—å –ø–æ–ø—ã—Ç–∞–ª–∞—Å—å —Ç–∫–Ω—É—Ç—å –≤–∞—Å, –Ω–æ –µ–µ —É–¥–∞—Ä –Ω–µ –¥–æ—Å—Ç–∏–≥ —Ü–µ–ª–∏.
[0;0m[1;33m–í—ã —Ä—É–±–∞–Ω—É–ª–∏ —Å–µ—Ä—É—é –º—ã—à—å.
[0;0m–°–µ—Ä–∞—è –º—ã—à—å –±–µ–∑ —Å–æ–∑–Ω–∞–Ω–∏—è, –Ω–æ –≤–æ–∑–º–æ–∂–Ω–æ –æ–Ω–∞ –µ—â–µ –ø–æ–≤–æ—é–µ—Ç (–ø–æ–ø–æ–∑–∂–µ :).

[0;32m276H[0;37m [0;32m118M[0;37m 53315–æ –ó–∞—É—á:0 [0;32m[–ì–µ–Ω–æ–¥:–ù–µ–≤—Ä–µ–¥–∏–º][0;37m [0;31m[—Å–µ—Ä–∞—è –º—ã—à—å:–û.—Ç—è–∂–µ–ª–æ —Ä–∞–Ω–µ–Ω–∞][0;37m > ˇ˘
[1;33m–í—ã –ø–æ—Ä—É–±–∏–ª–∏ —Å–µ—Ä—É—é –º—ã—à—å —Ä–æ–≤–Ω—ã–º–∏ –∫—É—Å–æ—á–∫–∞–º–∏. –î–∞ –≤—ã –ø—Ä–æ—Å—Ç–æ –º—è—Å–Ω–∏–∫!
[0;0m–°–µ—Ä–∞—è –º—ã—à—å –º–µ—Ä—Ç–≤–∞, –µ–µ –¥—É—à–∞ –º–µ–¥–ª–µ–Ω–Ω–æ –ø–æ–¥—ã–º–∞–µ—Ç—Å—è –≤ –Ω–µ–±–µ—Å–∞.
–í–∞—à –æ–ø—ã—Ç –ø–æ–≤—ã—Å–∏–ª—Å—è –Ω–∞ 75 –æ—á–∫–æ–≤.
–¢—Ä—É–ø —Å–µ—Ä–æ–π –º—ã—à–∏ –ø—É—Å—Ç.

[0;32m276H[0;37m [0;32m118M[0;37m 53239–æ –ó–∞—É—á:0 –í—ã—Ö:–í–ó> ˇ˘[1;36m–í —Å–µ–Ω—è—Ö [5101][0;37m
   –°–µ–Ω–∏ –∫–æ–≥–¥–∞-—Ç–æ —Å–ª—É–∂–∏–ª–∏ –ø—Ä–æ–º–µ–∂—É—Ç–æ—á–Ω–æ–π —á–∞—Å—Ç—å—é –º–µ–∂–¥—É –æ—Ç–∞–ø–ª–∏–≤–∞–µ–º–æ–π –∏ 
—Ö–æ–∑—è–π—Å—Ç–≤–µ–Ω–Ω–æ–π —á–∞—Å—Ç—å—é –¥–æ–º–∞. –ó–¥–µ—Å—å –∫–æ–≥–¥–∞-—Ç–æ –ª–µ–∂–∞–ª–∞ –Ω–µ—Ö–∏—Ç—Ä–∞—è –∫—Ä–µ—Å—Ç—å—è–Ω—Å–∫–∞—è 
—É—Ç–≤–∞—Ä—å, –Ω–æ —Å–µ–π—á–∞—Å —Ç–æ–ª—å–∫–æ –ø—ã–ª—å –∏ –≥—Ä—è–∑—å.
[0;36m[ Exits: e w ][0;37m
[1;33m–¢—Ä—É–ø —Å–µ—Ä–æ–π –º—ã—à–∏ –ª–µ–∂–∏—Ç –∑–¥–µ—Å—å.
–¢—Ä—É–ø –±–ª–æ—Ö–∏ –ª–µ–∂–∏—Ç –∑–¥–µ—Å—å.
[1;31m[0;0m
[0;32m276H[0;37m [0;32m118M[0;37m 53239–æ –ó–∞—É—á:0 –í—ã—Ö:–í–ó> ˇ˘–í—ã –ø–æ–ø–ª–µ–ª–∏—Å—å –Ω–∞ –∑–∞–ø–∞–¥.
[1;36m–í —Å–µ–Ω—è—Ö [5102][0;37m
   –ß—Ç–æ –∑–∞—Å—Ç–∞–≤–∏–ª–æ —Ö–æ–∑—è–µ–≤ –ø–æ–∫–∏–Ω—É—Ç—å —ç—Ç–æ—Ç –¥–æ–º, —Å–æ—Ö—Ä–∞–Ω–∏–≤—à–∏–π—Å—è –≤ –ø—Ä–∏–ª–∏—á–Ω–æ–º —Å–æ—Å—Ç–æ—è–Ω–∏–∏
–¥–∞–∂–µ –∑–∞ –¥–æ–ª–≥–æ–µ –≤—Ä–µ–º—è –∑–∞–ø—É—Å—Ç–µ–Ω–∏—è –∏ –æ–¥–∏–Ω–æ—á–µ—Å—Ç–≤–∞? –í —ç—Ç–æ–º –º–µ—Å—Ç–µ —Å–µ–Ω–µ–π –Ω–∞—Ö–æ–¥—è—Ç—Å—è
–¥–≤–µ –¥–≤–µ—Ä–∏, –æ–¥–Ω–∞ –∏–∑ –∫–æ—Ç–æ—Ä—ã—Ö –≤–µ–¥–µ—Ç –≤ –∏–∑–±—É, –¥—Ä—É–≥–∞—è - –Ω–∞ —Å–µ–Ω–æ–≤–∞–ª.  
[0;36m[ Exits: (n) e (s) ][0;37m
[1;33m[1;31m[0;0m
[0;32m276H[0;37m [0;32m117M[0;37m 53239–æ –ó–∞—É—á:0 –í—ã—Ö:(–°)–í(–Æ)> ˇ˘–õ–∞–¥—É—à–∫–∏.

[0;32m276H[0;37m [0;32m118M[0;37m 53239–æ –ó–∞—É—á:0 –í—ã—Ö:(–°)–í–Æ> ˇ˘–í—ã –ø–æ–ø–ª–µ–ª–∏—Å—å –Ω–∞ —é–≥.
[1;36m–ù–∞ —Å–µ–Ω–æ–≤–∞–ª–µ [5103][0;37m
   –ü–æ–¥ –Ω–æ–≥–∞–º–∏ —Ä–∞–∑–±—Ä–æ—Å–∞–Ω–∞ —Å–æ–ª–æ–º–∞ –≤–ø–µ—Ä–µ–º–µ—à–∫—É —Å —Å–µ–Ω–æ–º, –ø–æ —É–≥–ª–∞–º –ª–µ–∂–∞—Ç —Å—Ç–∞—Ä—ã–µ
–∏–Ω—Å—Ç—Ä—É–º–µ–Ω—Ç—ã. –°—é–¥–∞ –∑–∞–±—Ä–∞—Å—ã–≤–∞–µ—Ç—Å—è –∫–æ—Ä–º –¥–ª—è –¥–æ–º–∞—à–Ω–µ–≥–æ —Å–∫–æ—Ç–∞, –∞ –ø–æ—Ç–æ–º –ø–æ–¥–∞–µ—Ç—Å—è
–ø–æ —Å—Ç–æ–π–ª–∞–º.
[0;36m[ Exits: n e s ][0;37m
[1;33m[1;31m–¢–∞—Ä–∞–∫–∞–Ω –±—ã—Å—Ç—Ä–æ –ø—Ä–æ–±–µ–∂–∞–ª –∑–¥–µ—Å—å.
[0;0m
[0;32m276H[0;37m [0;32m117M[0;37m 53239–æ –ó–∞—É—á:0 –í—ã—Ö:–°–í–Æ> ˇ˘[1;33m–í—ã —Ä—É–±–∞–Ω—É–ª–∏ —Ç–∞—Ä–∞–∫–∞–Ω–∞.
[0;0m
[0;32m276H[0;37m [0;32m117M[0;37m 53232–æ –ó–∞—É—á:0 [0;32m[–ì–µ–Ω–æ–¥:–ù–µ–≤—Ä–µ–¥–∏–º][0;37m [1;33m[—Ç–∞—Ä–∞–∫–∞–Ω:–†–∞–Ω–µ–Ω][0;37m > ˇ˘
[0;31m–¢–∞—Ä–∞–∫–∞–Ω –ø–æ–ø—ã—Ç–∞–ª—Å—è –ª—è–≥–Ω—É—Ç—å –≤–∞—Å, –Ω–æ –µ–≥–æ —É–¥–∞—Ä –Ω–µ –¥–æ—Å—Ç–∏–≥ —Ü–µ–ª–∏.
[0;0m[1;33m–í—ã —Å–ª–µ–≥–∫–∞ —Ä—É–±–∞–Ω—É–ª–∏ —Ç–∞—Ä–∞–∫–∞–Ω–∞.
[0;0m–¢–∞—Ä–∞–∫–∞–Ω –±–µ–∑ —Å–æ–∑–Ω–∞–Ω–∏—è –∏ –º–µ–¥–ª–µ–Ω–Ω–æ —É–º–∏—Ä–∞–µ—Ç. –ü–æ–º–æ–≥–∏—Ç–µ –∂–µ –µ–º—É.
[1;33m–í—ã –ø—Ä–æ—Ç–∫–Ω—É–ª–∏ —Ç–∞—Ä–∞–∫–∞–Ω–∞ –Ω–∞—Å–∫–≤–æ–∑—å, –≤—ã–∑–≤–∞–≤ –º–≥–Ω–æ–≤–µ–Ω–Ω—É—é —Å–º–µ—Ä—Ç—å.
[0;0m–¢–∞—Ä–∞–∫–∞–Ω –º–µ—Ä—Ç–≤, –µ–≥–æ –¥—É—à–∞ –º–µ–¥–ª–µ–Ω–Ω–æ –ø–æ–¥—ã–º–∞–µ—Ç—Å—è –≤ –Ω–µ–±–µ—Å–∞.
–í–∞—à –æ–ø—ã—Ç –ø–æ–≤—ã—Å–∏–ª—Å—è –Ω–∞ 6 –æ—á–∫–æ–≤.
–¢—Ä—É–ø —Ç–∞—Ä–∞–∫–∞–Ω–∞ –ø—É—Å—Ç.

[0;32m276H[0;37m [0;32m118M[0;37m 53221–æ –ó–∞—É—á:0 –í—ã—Ö:–°–í–Æ> ˇ˘–°–µ–π—á–∞—Å 10 —á–∞—Å–æ–≤ —É—Ç—Ä–∞, –û—Å–º–∏—Ü–∞, –¥–µ–Ω—å.
–ë–µ–π–ª–µ—Ç - –ú–µ—Å—è—Ü –ë–µ–ª–æ–≥–æ –°–∏—è–Ω–∏—è –∏ –ü–æ–∫–æ—è –ú–∏—Ä–∞, 35–π –î–µ–Ω—å, –ì–æ–¥ 898, –∑–∏–º–∞.

[0;32m276H[0;37m [0;32m118M[0;37m 53221–æ –ó–∞—É—á:0 –í—ã—Ö:–°–í–Æ> ˇ˘[1;36m–ù–∞ —Å–µ–Ω–æ–≤–∞–ª–µ [5103][0;37m
   –ü–æ–¥ –Ω–æ–≥–∞–º–∏ —Ä–∞–∑–±—Ä–æ—Å–∞–Ω–∞ —Å–æ–ª–æ–º–∞ –≤–ø–µ—Ä–µ–º–µ—à–∫—É —Å —Å–µ–Ω–æ–º, –ø–æ —É–≥–ª–∞–º –ª–µ–∂–∞—Ç —Å—Ç–∞—Ä—ã–µ
–∏–Ω—Å—Ç—Ä—É–º–µ–Ω—Ç—ã. –°—é–¥–∞ –∑–∞–±—Ä–∞—Å—ã–≤–∞–µ—Ç—Å—è –∫–æ—Ä–º –¥–ª—è –¥–æ–º–∞—à–Ω–µ–≥–æ —Å–∫–æ—Ç–∞, –∞ –ø–æ—Ç–æ–º –ø–æ–¥–∞–µ—Ç—Å—è
–ø–æ —Å—Ç–æ–π–ª–∞–º.
[0;36m[ Exits: n e s ][0;37m
[1;33m–¢—Ä—É–ø —Ç–∞—Ä–∞–∫–∞–Ω–∞ –ª–µ–∂–∏—Ç –∑–¥–µ—Å—å.
[1;31m[0;0m
[0;32m276H[0;37m [0;32m118M[0;37m 53221–æ –ó–∞—É—á:0 –í—ã—Ö:–°–í–Æ> ˇ˘–í—ã –ø–æ–ø–ª–µ–ª–∏—Å—å –Ω–∞ –≤–æ—Å—Ç–æ–∫.
[1;36m–ù–∞ —Å–µ–Ω–æ–≤–∞–ª–µ [5104][0;37m
   –ü–æ–¥ –Ω–æ–≥–∞–º–∏ —Ä–∞–∑–±—Ä–æ—Å–∞–Ω–∞ —Å–æ–ª–æ–º–∞ –≤–ø–µ—Ä–µ–º–µ—à–∫—É —Å —Å–µ–Ω–æ–º, –ø–æ —É–≥–ª–∞–º –ª–µ–∂–∞—Ç —Å—Ç–∞—Ä—ã–µ
–∏–Ω—Å—Ç—Ä—É–º–µ–Ω—Ç—ã. –°—é–¥–∞ –∑–∞–±—Ä–∞—Å—ã–≤–∞–µ—Ç—Å—è –∫–æ—Ä–º –¥–ª—è –¥–æ–º–∞—à–Ω–µ–≥–æ —Å–∫–æ—Ç–∞, –∞ –ø–æ—Ç–æ–º –ø–æ–¥–∞–µ—Ç—Å—è
–ø–æ —Å—Ç–æ–π–ª–∞–º.
[0;36m[ Exits: s w ][0;37m
[1;33m–ù–∞ –ø–æ–ª—É –ª–µ–∂–∏—Ç –ª–µ—Å—Ç–Ω–∏—Ü–∞.
[1;31m[0;0m
[0;32m276H[0;37m [0;32m117M[0;37m 53221–æ –ó–∞—É—á:0 –í—ã—Ö:–Æ–ó> ˇ˘–ü–æ–¥–Ω–∞—Ç—É–∂–∏–≤—à–∏—Å—å, –í—ã –ø—Ä–∏—Å—Ç–∞–≤–∏–ª–∏ –ª–µ—Å—Ç–Ω–∏—Ü—É –∏ —Ç–µ–ø–µ—Ä—å –º–æ–∂–Ω–æ –ø–æ–¥–Ω—è—Ç—å—Å—è –Ω–∞–≤–µ—Ä—Ö.

[0;32m276H[0;37m [0;32m117M[0;37m 53221–æ –ó–∞—É—á:0 –í—ã—Ö:–Æ–ó^> ˇ˘[1;36m–ù–∞ —Å–µ–Ω–æ–≤–∞–ª–µ [5104][0;37m
   –ü–æ–¥ –Ω–æ–≥–∞–º–∏ —Ä–∞–∑–±—Ä–æ—Å–∞–Ω–∞ —Å–æ–ª–æ–º–∞ –≤–ø–µ—Ä–µ–º–µ—à–∫—É —Å —Å–µ–Ω–æ–º, –ø–æ —É–≥–ª–∞–º –ª–µ–∂–∞—Ç —Å—Ç–∞—Ä—ã–µ
–∏–Ω—Å—Ç—Ä—É–º–µ–Ω—Ç—ã. –°—é–¥–∞ –∑–∞–±—Ä–∞—Å—ã–≤–∞–µ—Ç—Å—è –∫–æ—Ä–º –¥–ª—è –¥–æ–º–∞—à–Ω–µ–≥–æ —Å–∫–æ—Ç–∞, –∞ –ø–æ—Ç–æ–º –ø–æ–¥–∞–µ—Ç—Å—è
–ø–æ —Å—Ç–æ–π–ª–∞–º.
[0;36m[ Exits: s w u ][0;37m
[1;33m–ö –±–∞–ª–∫–µ –ø—Ä–∏—Å—Ç–∞–≤–ª–µ–Ω–∞ –ª–µ—Å—Ç–Ω–∏—Ü–∞, –≤–µ–¥—É—â–∞—è –Ω–∞ —á–µ—Ä–¥–∞–∫.
[1;31m[0;0m
[0;32m276H[0;37m [0;32m117M[0;37m 53221–æ –ó–∞—É—á:0 –í—ã—Ö:–Æ–ó^> ˇ˘–í—ã –ø–æ–ø–ª–µ–ª–∏—Å—å –≤–≤–µ—Ä—Ö.
[1;36m–ù–∞ —á–µ—Ä–¥–∞–∫–µ [5117][0;37m
   –ü—ã–ª—å–Ω—ã–π —á–µ—Ä–¥–∞–∫ –∑–∞–≤–∞–ª–µ–Ω —Å—Ç–∞—Ä—ã–º–∏ –≤–µ—â–∞–º–∏ –∏ —Ä–∞–∑–Ω—ã–º —Ö–ª–∞–º–æ–º, –≤—Å–µ–≥–¥–∞ —É–±–∏—Ä–∞–µ–º—ã–º
—Å –≥–ª–∞–∑ –¥–æ–ª–æ–π –ø–æ–¥–∞–ª—å—à–µ.
[0;36m[ Exits: n e d ][0;37m
[1;33m[1;31m[0;0m
[0;32m276H[0;37m [0;32m117M[0;37m 53221–æ –ó–∞—É—á:0 –í—ã—Ö:–°–ív> ˇ˘–í—ã –ø–æ–ø–ª–µ–ª–∏—Å—å –Ω–∞ —Å–µ–≤–µ—Ä.
[1;36m–ß–µ—Ä–¥–∞–∫ [5119][0;37m
   –ü–æ–¥ —Å—Ç–∞—Ä—ã–º–∏ –≥—Ä—è–∑–Ω—ã–º–∏ —Ç—Ä—è–ø–∫–∞–º–∏ –≤—ã –æ–±–Ω–∞—Ä—É–∂–∏–ª–∏ –º–∞–ª–µ–Ω—å–∫–∏–π —Ç–∫–∞—Ü–∫–∏–π —Å—Ç–∞–Ω–æ—á–µ–∫,
—Ç–æ—Ç, –Ω–∞ –∫–æ—Ç–æ—Ä–æ–º –∏–∑ –º—è–≥–∫–æ–≥–æ –ª—å–Ω–∞ —Ç–∫—É—Ç –ø–æ–ª–æ—Ç–Ω–æ. –≠—Ç–æ –±–æ–ª—å—à–∞—è —Ü–µ–Ω–Ω–æ—Å—Ç—å, –∫–∞–∫ –º–æ–≥–ª–∏
—Ö–æ–∑—è–µ–≤–∞ –æ—Å—Ç–∞–≤–∏—Ç—å –µ–≥–æ.
[0;36m[ Exits: n e s ][0;37m
[1;33m–ü—ã–ª—å–Ω—ã–π —Å—É–Ω–¥—É–∫ –ª–µ–∂–∏—Ç —Å—Ä–µ–¥–∏ –º—É—Å–æ—Ä–∞.
[1;31m–°–µ—Ä–∞—è –º—ã—à—å —é—Ä–∫–Ω—É–ª–∞ –∑–¥–µ—Å—å.
(–ª–µ—Ç–∏—Ç) –ú—É—Ö–∞ –ª–µ—Ç–∞–µ—Ç –∑–¥–µ—Å—å.
[0;0m
[0;32m276H[0;37m [0;32m117M[0;37m 53221–æ –ó–∞—É—á:0 –í—ã—Ö:–°–í–Æ> ˇ˘–í—ã –ø–æ–ø–ª–µ–ª–∏—Å—å –Ω–∞ —Å–µ–≤–µ—Ä.
[1;36m–ß–µ—Ä–¥–∞–∫ [5121][0;37m
   –°–∫–≤–æ–∑—å —Ä–∞–∑–æ—à–µ–¥—à–∏–µ—Å—è –∏ –ø—Ä–æ—Ö—É–¥–∏–≤—à–∏–µ—Å—è –¥–æ—Å–∫–∏ –æ—Ç–∫—Ä—ã–≤–∞–µ—Ç—Å—è –≤–∏–¥ –Ω–∞ —ç—Ç—É —á–∞—Å—Ç—å
–¥–µ—Ä–µ–≤–Ω–∏ –∏ —Ä–µ–∫—É –∑–∞ –Ω–µ–π. –î–∞, –±–æ–ª—å—à–∞—è —Ä–µ–∫–∞, –∏ –Ω–∞ –Ω–µ–π –º–∞–ª—é—Å–µ–Ω—å–∫–æ–µ –ø—è—Ç–Ω–æ –¥–µ—Ä–µ–≤–Ω–∏.
[0;36m[ Exits: e s ][0;37m
[1;33m[1;31m[0;0m
[0;32m276H[0;37m [0;32m117M[0;37m 53221–æ –ó–∞—É—á:0 –í—ã—Ö:–í–Æ> ˇ˘–í—ã –ø–æ–ø–ª–µ–ª–∏—Å—å –Ω–∞ –≤–æ—Å—Ç–æ–∫.
[1;36m–ß–µ—Ä–¥–∞–∫ [5122][0;37m
   –ó–¥–µ—Å—å –¥–∞–≤–Ω–æ –ø–æ—Å–µ–ª–∏–ª—Å—è –ø–∞—É–∫ –∏ –∑–∞–∫—Ä—ã–ª –≤—Å–µ –≤–æ–∑–º–æ–∂–Ω—ã–µ —É–≥–ª–∞ —Å–≤–æ–∏–º–∏ —Å–µ—Ç—è–º–∏.
–í–æ–ª—å–≥–æ—Ç–Ω–æ –µ–º—É, –Ω–∏–∫—Ç–æ –Ω–µ –±–µ—Å–ø–æ–∫–æ–∏—Ç, –≤–æ–Ω —Å–∫–æ–ª—å–∫–æ —É–∂–µ –Ω–∞ –ø–æ–ª—É –≤–∞–ª—è–µ—Ç—Å—è
–æ–±–µ—Å–∫—Ä–æ–≤–ª–µ–Ω–Ω—ã—Ö –Ω–∞—Å–µ–∫–æ–º—ã—Ö.
[0;36m[ Exits: s w ][0;37m
[1;33m[1;31m–ë–æ–ª—å—à–æ–π –ø–∞—É–∫ —Å –±–µ–ª—ã–º –±—Ä—é—Ö–æ–º –∂–¥–µ—Ç –∂–µ—Ä—Ç–≤—É –∑–¥–µ—Å—å.
[0;0m[0;31m–ë–µ–ª—ã–π –ø–∞—É–∫ –ø–æ–ø—ã—Ç–∞–ª—Å—è —É–∂–∞–ª–∏—Ç—å –≤–∞—Å, –Ω–æ –ø—Ä–æ–º–∞—Ö–Ω—É–ª—Å—è.
[0;0m
[0;32m276H[0;37m [0;32m117M[0;37m 53221–æ –ó–∞—É—á:0 [0;32m[–ì–µ–Ω–æ–¥:–ù–µ–≤—Ä–µ–¥–∏–º][0;37m [0;32m[–±–µ–ª—ã–π –ø–∞—É–∫:–ù–µ–≤—Ä–µ–¥–∏–º][0;37m > ˇ˘
[0;31m–ë–µ–ª—ã–π –ø–∞—É–∫ –ø–æ–ø—ã—Ç–∞–ª—Å—è —É–∂–∞–ª–∏—Ç—å –≤–∞—Å, –Ω–æ –ø—Ä–æ–º–∞—Ö–Ω—É–ª—Å—è.
[0;0m[0;33m–í—ã –ø–æ–ø—ã—Ç–∞–ª–∏—Å—å —Ä—É–±–∞–Ω—É—Ç—å –±–µ–ª–æ–≥–æ –ø–∞—É–∫–∞, –Ω–æ –ø–æ–ø–∞–ª–∏ —Ç–æ–ª—å–∫–æ –ø–æ –≤–æ–∑–¥—É—Ö—É.
[0;0m[1;33m–í—ã —É–∫–æ–ª–æ–ª–∏ –±–µ–ª–æ–≥–æ –ø–∞—É–∫–∞.
[0;0m
[0;32m276H[0;37m [0;32m117M[0;37m 53201–æ –ó–∞—É—á:0 [0;32m[–ì–µ–Ω–æ–¥:–ù–µ–≤—Ä–µ–¥–∏–º][0;37m [0;32m[–±–µ–ª—ã–π –ø–∞—É–∫:–°–ª–µ–≥–∫–∞ —Ä–∞–Ω–µ–Ω][0;37m > ˇ˘
–ë–µ–ª—ã–π –ø–∞—É–∫ –∏–∑–¥–∞–ª –Ω–µ–ø–æ–Ω—è—Ç–Ω—ã–π –∑–≤—É–∫.
[0;31m–ë–µ–ª—ã–π –ø–∞—É–∫ –ø–æ–ø—ã—Ç–∞–ª—Å—è —É–∂–∞–ª–∏—Ç—å –≤–∞—Å, –Ω–æ –ø—Ä–æ–º–∞—Ö–Ω—É–ª—Å—è.
[0;0m–ë–µ–ª—ã–π –ø–∞—É–∫ –ø–µ—Ä–µ—Ö–≤–∞—Ç–∏–ª –≤–∞—à—É –∞—Ç–∞–∫—É.
[1;33m–í—ã —Å–ª–µ–≥–∫–∞ —É–∫–æ–ª–æ–ª–∏ –±–µ–ª–æ–≥–æ –ø–∞—É–∫–∞.
[0;0m
[0;32m276H[0;37m [0;32m118M[0;37m 53187–æ –ó–∞—É—á:0 [0;32m[–ì–µ–Ω–æ–¥:–ù–µ–≤—Ä–µ–¥–∏–º][0;37m [1;32m[–±–µ–ª—ã–π –ø–∞—É–∫:–õ–µ–≥–∫–æ —Ä–∞–Ω–µ–Ω][0;37m > ˇ˘
[1;31m–ë–µ–ª—ã–π –ø–∞—É–∫ —É–∂–∞–ª–∏–ª –≤–∞—Å.
[0;0m[0;33m–í—ã –ø–æ–ø—ã—Ç–∞–ª–∏—Å—å —Ä—É–±–∞–Ω—É—Ç—å –±–µ–ª–æ–≥–æ –ø–∞—É–∫–∞, –Ω–æ –ø—Ä–æ–º–∞—Ö–Ω—É–ª–∏—Å—å.
[0;0m[1;33m–í—ã —Å–ª–µ–≥–∫–∞ —É–∫–æ–ª–æ–ª–∏ –±–µ–ª–æ–≥–æ –ø–∞—É–∫–∞.
[0;0m
[0;32m264H[0;37m [0;32m118M[0;37m 53171–æ –ó–∞—É—á:0 [0;32m[–ì–µ–Ω–æ–¥:–°–ª–µ–≥–∫–∞ —Ä–∞–Ω–µ–Ω][0;37m [1;32m[–±–µ–ª—ã–π –ø–∞—É–∫:–õ–µ–≥–∫–æ —Ä–∞–Ω–µ–Ω][0;37m > ˇ˘
[1;33m–í—ã —Å–ª–µ–≥–∫–∞ —Ä—É–±–∞–Ω—É–ª–∏ –±–µ–ª–æ–≥–æ –ø–∞—É–∫–∞.
[0;0m[0;31m–ë–µ–ª—ã–π –ø–∞—É–∫ –ø–æ–ø—ã—Ç–∞–ª—Å—è —É–∂–∞–ª–∏—Ç—å –≤–∞—Å, –Ω–æ –ø—Ä–æ–º–∞—Ö–Ω—É–ª—Å—è.
[0;0m[0;33m–í—ã –ø–æ–ø—ã—Ç–∞–ª–∏—Å—å –ø—Ä–æ—Ç–∫–Ω—É—Ç—å –±–µ–ª–æ–≥–æ –ø–∞—É–∫–∞, –Ω–æ –≤–∞—à —É–¥–∞—Ä –Ω–µ –¥–æ—Å—Ç–∏–≥ —Ü–µ–ª–∏.
[0;0m
[0;32m269H[0;37m [0;32m118M[0;37m 53155–æ –ó–∞—É—á:0 [0;32m[–ì–µ–Ω–æ–¥:–°–ª–µ–≥–∫–∞ —Ä–∞–Ω–µ–Ω][0;37m [1;32m[–±–µ–ª—ã–π –ø–∞—É–∫:–õ–µ–≥–∫–æ —Ä–∞–Ω–µ–Ω][0;37m > ˇ˘
[0;31m–ë–µ–ª—ã–π –ø–∞—É–∫ –ø–æ–ø—ã—Ç–∞–ª—Å—è —É–∂–∞–ª–∏—Ç—å –≤–∞—Å, –Ω–æ –ø—Ä–æ–º–∞—Ö–Ω—É–ª—Å—è.
[0;0m–ë–µ–ª—ã–π –ø–∞—É–∫ –ø–µ—Ä–µ—Ö–≤–∞—Ç–∏–ª –≤–∞—à—É –∞—Ç–∞–∫—É.
[1;33m–í—ã —Å–ª–µ–≥–∫–∞ —É–∫–æ–ª–æ–ª–∏ –±–µ–ª–æ–≥–æ –ø–∞—É–∫–∞.
[0;0m
[0;32m274H[0;37m [0;32m118M[0;37m 53144–æ –ó–∞—É—á:0 [0;32m[–ì–µ–Ω–æ–¥:–°–ª–µ–≥–∫–∞ —Ä–∞–Ω–µ–Ω][0;37m [1;32m[–±–µ–ª—ã–π –ø–∞—É–∫:–õ–µ–≥–∫–æ —Ä–∞–Ω–µ–Ω][0;37m > ˇ˘
[0;31m–ë–µ–ª—ã–π –ø–∞—É–∫ –ø–æ–ø—ã—Ç–∞–ª—Å—è —É–∂–∞–ª–∏—Ç—å –≤–∞—Å, –Ω–æ –ø—Ä–æ–º–∞—Ö–Ω—É–ª—Å—è.
[0;0m–ë–µ–ª—ã–π –ø–∞—É–∫ –ø–µ—Ä–µ—Ö–≤–∞—Ç–∏–ª –≤–∞—à—É –∞—Ç–∞–∫—É.
[0;33m–í—ã –ø–æ–ø—ã—Ç–∞–ª–∏—Å—å —É–∫–æ–ª–æ—Ç—å –±–µ–ª–æ–≥–æ –ø–∞—É–∫–∞, –Ω–æ –ø—Ä–æ–º–∞—Ö–Ω—É–ª–∏—Å—å.
[0;0m
[0;32m276H[0;37m [0;32m118M[0;37m 53143–æ –ó–∞—É—á:0 [0;32m[–ì–µ–Ω–æ–¥:–ù–µ–≤—Ä–µ–¥–∏–º][0;37m [1;32m[–±–µ–ª—ã–π –ø–∞—É–∫:–õ–µ–≥–∫–æ —Ä–∞–Ω–µ–Ω][0;37m > ˇ˘
[1;33m–í—ã —Å–ª–µ–≥–∫–∞ —Ä—É–±–∞–Ω—É–ª–∏ –±–µ–ª–æ–≥–æ –ø–∞—É–∫–∞.
[0;0m[1;33m–í—ã —É–∫–æ–ª–æ–ª–∏ –±–µ–ª–æ–≥–æ –ø–∞—É–∫–∞.
[0;0m[0;31m–ë–µ–ª—ã–π –ø–∞—É–∫ –ø–æ–ø—ã—Ç–∞–ª—Å—è —É–∂–∞–ª–∏—Ç—å –≤–∞—Å, –Ω–æ –ø—Ä–æ–º–∞—Ö–Ω—É–ª—Å—è.
[0;0m
[0;32m276H[0;37m [0;32m118M[0;37m 53107–æ –ó–∞—É—á:0 [0;32m[–ì–µ–Ω–æ–¥:–ù–µ–≤—Ä–µ–¥–∏–º][0;37m [1;32m[–±–µ–ª—ã–π –ø–∞—É–∫:–†–∞–Ω–µ–Ω][0;37m > ˇ˘
[1;31m–ú–∏–Ω—É–ª —á–∞—Å.[0;37m

[0;32m276H[0;37m [0;32m118M[0;37m 53107–æ –ó–∞—É—á:0 [0;32m[–ì–µ–Ω–æ–¥:–ù–µ–≤—Ä–µ–¥–∏–º][0;37m [1;32m[–±–µ–ª—ã–π –ø–∞—É–∫:–†–∞–Ω–µ–Ω][0;37m > ˇ˘
–í—ã –≥–æ–ª–æ–¥–Ω—ã.

[0;32m276H[0;37m [0;32m118M[0;37m 53107–æ –ó–∞—É—á:0 [0;32m[–ì–µ–Ω–æ–¥:–ù–µ–≤—Ä–µ–¥–∏–º][0;37m [1;32m[–±–µ–ª—ã–π –ø–∞—É–∫:–†–∞–Ω–µ–Ω][0;37m > ˇ˘
[0;31m–ë–µ–ª—ã–π –ø–∞—É–∫ –ø–æ–ø—ã—Ç–∞–ª—Å—è —É–∂–∞–ª–∏—Ç—å –≤–∞—Å, –Ω–æ –ø—Ä–æ–º–∞—Ö–Ω—É–ª—Å—è.
[0;0m–ë–µ–ª—ã–π –ø–∞—É–∫ –ø–µ—Ä–µ—Ö–≤–∞—Ç–∏–ª –≤–∞—à—É –∞—Ç–∞–∫—É.
[0;33m–í—ã –ø–æ–ø—ã—Ç–∞–ª–∏—Å—å —Ä—É–±–∞–Ω—É—Ç—å –±–µ–ª–æ–≥–æ –ø–∞—É–∫–∞, –Ω–æ –ø–æ–ø–∞–ª–∏ —Ç–æ–ª—å–∫–æ –ø–æ –≤–æ–∑–¥—É—Ö—É.
[0;0m[1;33m–í—ã —É–∫–æ–ª–æ–ª–∏ –±–µ–ª–æ–≥–æ –ø–∞—É–∫–∞.
[0;0m
[0;32m276H[0;37m [0;32m118M[0;37m 53090–æ –ó–∞—É—á:0 [0;32m[–ì–µ–Ω–æ–¥:–ù–µ–≤—Ä–µ–¥–∏–º][0;37m [1;33m[–±–µ–ª—ã–π –ø–∞—É–∫:–†–∞–Ω–µ–Ω][0;37m > ˇ˘
[0;31m–ë–µ–ª—ã–π –ø–∞—É–∫ –ø–æ–ø—ã—Ç–∞–ª—Å—è —É–∂–∞–ª–∏—Ç—å –≤–∞—Å, –Ω–æ –ø—Ä–æ–º–∞—Ö–Ω—É–ª—Å—è.
[0;0m[1;33m–í—ã —Å–ª–µ–≥–∫–∞ —Ä—É–±–∞–Ω—É–ª–∏ –±–µ–ª–æ–≥–æ –ø–∞—É–∫–∞.
[0;0m[0;33m–í—ã –ø–æ–ø—ã—Ç–∞–ª–∏—Å—å –ø—Ä–æ—Ç–∫–Ω—É—Ç—å –±–µ–ª–æ–≥–æ –ø–∞—É–∫–∞, –Ω–æ –≤–∞—à —É–¥–∞—Ä –Ω–µ –¥–æ—Å—Ç–∏–≥ —Ü–µ–ª–∏.
[0;0m
[0;32m276H[0;37m [0;32m118M[0;37m 53075–æ –ó–∞—É—á:0 [0;32m[–ì–µ–Ω–æ–¥:–ù–µ–≤—Ä–µ–¥–∏–º][0;37m [1;33m[–±–µ–ª—ã–π –ø–∞—É–∫:–†–∞–Ω–µ–Ω][0;37m > ˇ˘
–ë–µ–ª—ã–π –ø–∞—É–∫ –∏–∑–¥–∞–ª –Ω–µ–ø–æ–Ω—è—Ç–Ω—ã–π –∑–≤—É–∫.
[1;31m–ë–µ–ª—ã–π –ø–∞—É–∫ —Å–ª–µ–≥–∫–∞ —É–∂–∞–ª–∏–ª –≤–∞—Å.
[0;0m–ë–µ–ª—ã–π –ø–∞—É–∫ –Ω–µ —Å–º–æ–≥ –ø–µ—Ä–µ—Ö–≤–∞—Ç–∏—Ç—å –≤–∞—à—É –∞—Ç–∞–∫—É.
[1;33m–í—ã —Å–ª–µ–≥–∫–∞ —Ä—É–±–∞–Ω—É–ª–∏ –±–µ–ª–æ–≥–æ –ø–∞—É–∫–∞.
[0;0m[0;33m–í—ã –ø–æ–ø—ã—Ç–∞–ª–∏—Å—å —É–∫–æ–ª–æ—Ç—å –±–µ–ª–æ–≥–æ –ø–∞—É–∫–∞, –Ω–æ –ø—Ä–æ–º–∞—Ö–Ω—É–ª–∏—Å—å.
[0;0m
[0;32m265H[0;37m [0;32m118M[0;37m 53065–æ –ó–∞—É—á:0 [0;32m[–ì–µ–Ω–æ–¥:–°–ª–µ–≥–∫–∞ —Ä–∞–Ω–µ–Ω][0;37m [1;32m[–±–µ–ª—ã–π –ø–∞—É–∫:–õ–µ–≥–∫–æ —Ä–∞–Ω–µ–Ω][0;37m > ˇ˘
[0;31m–ë–µ–ª—ã–π –ø–∞—É–∫ –ø–æ–ø—ã—Ç–∞–ª—Å—è —É–∂–∞–ª–∏—Ç—å –≤–∞—Å, –Ω–æ –ø—Ä–æ–º–∞—Ö–Ω—É–ª—Å—è.
[0;0m[0;33m–í—ã –ø–æ–ø—ã—Ç–∞–ª–∏—Å—å —Ä—É–±–∞–Ω—É—Ç—å –±–µ–ª–æ–≥–æ –ø–∞—É–∫–∞, –Ω–æ –ø–æ–ø–∞–ª–∏ —Ç–æ–ª—å–∫–æ –ø–æ –≤–æ–∑–¥—É—Ö—É.
[0;0m[1;32m–í–∞—à–µ –º–µ—Ç–∫–æ–µ –ø–æ–ø–∞–¥–∞–Ω–∏–µ —Ç—è–∂–µ–ª–æ —Ä–∞–Ω–∏–ª–æ –±–µ–ª–æ–≥–æ –ø–∞—É–∫–∞.[0;0m
[1;33m–í—ã —É–∫–æ–ª–æ–ª–∏ –±–µ–ª–æ–≥–æ –ø–∞—É–∫–∞.
[0;0m
[0;32m270H[0;37m [0;32m118M[0;37m 53029–æ –ó–∞—É—á:0 [0;32m[–ì–µ–Ω–æ–¥:–°–ª–µ–≥–∫–∞ —Ä–∞–Ω–µ–Ω][0;37m [1;32m[–±–µ–ª—ã–π –ø–∞—É–∫:–õ–µ–≥–∫–æ —Ä–∞–Ω–µ–Ω][0;37m > ˇ˘
[1;33m–í—ã —Ä—É–±–∞–Ω—É–ª–∏ –±–µ–ª–æ–≥–æ –ø–∞—É–∫–∞.
[0;0m[1;33m–í—ã —Å–ª–µ–≥–∫–∞ —É–∫–æ–ª–æ–ª–∏ –±–µ–ª–æ–≥–æ –ø–∞—É–∫–∞.
[0;0m[0;31m–ë–µ–ª—ã–π –ø–∞—É–∫ –ø–æ–ø—ã—Ç–∞–ª—Å—è —É–∂–∞–ª–∏—Ç—å –≤–∞—Å, –Ω–æ –ø—Ä–æ–º–∞—Ö–Ω—É–ª—Å—è.
[0;0m
[0;32m274H[0;37m [0;32m118M[0;37m 52996–æ –ó–∞—É—á:0 [0;32m[–ì–µ–Ω–æ–¥:–°–ª–µ–≥–∫–∞ —Ä–∞–Ω–µ–Ω][0;37m [1;32m[–±–µ–ª—ã–π –ø–∞—É–∫:–†–∞–Ω–µ–Ω][0;37m > ˇ˘
[0;31m–ë–µ–ª—ã–π –ø–∞—É–∫ –ø–æ–ø—ã—Ç–∞–ª—Å—è —É–∂–∞–ª–∏—Ç—å –≤–∞—Å, –Ω–æ –ø—Ä–æ–º–∞—Ö–Ω—É–ª—Å—è.
[0;0m–ë–µ–ª—ã–π –ø–∞—É–∫ –ø–µ—Ä–µ—Ö–≤–∞—Ç–∏–ª –≤–∞—à—É –∞—Ç–∞–∫—É.
[0;33m–í—ã –ø–æ–ø—ã—Ç–∞–ª–∏—Å—å —Ä—É–±–∞–Ω—É—Ç—å –±–µ–ª–æ–≥–æ –ø–∞—É–∫–∞, –Ω–æ –ø–æ–ø–∞–ª–∏ —Ç–æ–ª—å–∫–æ –ø–æ –≤–æ–∑–¥—É—Ö—É.
[0;0m[1;33m–í—ã —Å–ª–µ–≥–∫–∞ —É–∫–æ–ª–æ–ª–∏ –±–µ–ª–æ–≥–æ –ø–∞—É–∫–∞.
[0;0m
[0;32m276H[0;37m [0;32m118M[0;37m 52983–æ –ó–∞—É—á:0 [0;32m[–ì–µ–Ω–æ–¥:–ù–µ–≤—Ä–µ–¥–∏–º][0;37m [1;32m[–±–µ–ª—ã–π –ø–∞—É–∫:–†–∞–Ω–µ–Ω][0;37m > ˇ˘
[0;31m–ë–µ–ª—ã–π –ø–∞—É–∫ –ø–æ–ø—ã—Ç–∞–ª—Å—è —É–∂–∞–ª–∏—Ç—å –≤–∞—Å, –Ω–æ –ø—Ä–æ–º–∞—Ö–Ω—É–ª—Å—è.
[0;0m[1;33m–í—ã —Ä—É–±–∞–Ω—É–ª–∏ –±–µ–ª–æ–≥–æ –ø–∞—É–∫–∞.
[0;0m[1;33m–í—ã —Å–ª–µ–≥–∫–∞ —É–∫–æ–ª–æ–ª–∏ –±–µ–ª–æ–≥–æ –ø–∞—É–∫–∞.
[0;0m
[0;32m276H[0;37m [0;32m118M[0;37m 52952–æ –ó–∞—É—á:0 [0;32m[–ì–µ–Ω–æ–¥:–ù–µ–≤—Ä–µ–¥–∏–º][0;37m [1;33m[–±–µ–ª—ã–π –ø–∞—É–∫:–†–∞–Ω–µ–Ω][0;37m > ˇ˘
[0;31m–ë–µ–ª—ã–π –ø–∞—É–∫ –ø–æ–ø—ã—Ç–∞–ª—Å—è —É–∂–∞–ª–∏—Ç—å –≤–∞—Å, –Ω–æ –ø—Ä–æ–º–∞—Ö–Ω—É–ª—Å—è.
[0;0m[0;33m–í—ã –ø–æ–ø—ã—Ç–∞–ª–∏—Å—å —Ä—É–±–∞–Ω—É—Ç—å –±–µ–ª–æ–≥–æ –ø–∞—É–∫–∞, –Ω–æ –ø–æ–ø–∞–ª–∏ —Ç–æ–ª—å–∫–æ –ø–æ –≤–æ–∑–¥—É—Ö—É.
[0;0m[1;33m–í—ã —É–∫–æ–ª–æ–ª–∏ –±–µ–ª–æ–≥–æ –ø–∞—É–∫–∞.
[0;0m
[0;32m276H[0;37m [0;32m118M[0;37m 52933–æ –ó–∞—É—á:0 [0;32m[–ì–µ–Ω–æ–¥:–ù–µ–≤—Ä–µ–¥–∏–º][0;37m [1;33m[–±–µ–ª—ã–π –ø–∞—É–∫:–†–∞–Ω–µ–Ω][0;37m > ˇ˘
[0;31m–ë–µ–ª—ã–π –ø–∞—É–∫ –ø–æ–ø—ã—Ç–∞–ª—Å—è —É–∂–∞–ª–∏—Ç—å –≤–∞—Å, –Ω–æ –ø—Ä–æ–º–∞—Ö–Ω—É–ª—Å—è.
[0;0m–ë–µ–ª—ã–π –ø–∞—É–∫ –ø–µ—Ä–µ—Ö–≤–∞—Ç–∏–ª –≤–∞—à—É –∞—Ç–∞–∫—É.
[0;33m–í—ã –ø–æ–ø—ã—Ç–∞–ª–∏—Å—å —Ä—É–±–∞–Ω—É—Ç—å –±–µ–ª–æ–≥–æ –ø–∞—É–∫–∞, –Ω–æ –ø–æ–ø–∞–ª–∏ —Ç–æ–ª—å–∫–æ –ø–æ –≤–æ–∑–¥—É—Ö—É.
[0;0m[1;33m–í—ã —Å–ª–µ–≥–∫–∞ —É–∫–æ–ª–æ–ª–∏ –±–µ–ª–æ–≥–æ –ø–∞—É–∫–∞.
[0;0m
[0;32m276H[0;37m [0;32m118M[0;37m 52918–æ –ó–∞—É—á:0 [0;32m[–ì–µ–Ω–æ–¥:–ù–µ–≤—Ä–µ–¥–∏–º][0;37m [1;31m[–±–µ–ª—ã–π –ø–∞—É–∫:–¢—è–∂–µ–ª–æ —Ä–∞–Ω–µ–Ω][0;37m > ˇ˘
[0;31m–ë–µ–ª—ã–π –ø–∞—É–∫ –ø–æ–ø—ã—Ç–∞–ª—Å—è —É–∂–∞–ª–∏—Ç—å –≤–∞—Å, –Ω–æ –ø—Ä–æ–º–∞—Ö–Ω—É–ª—Å—è.
[0;0m[1;33m–í—ã —Ä—É–±–∞–Ω—É–ª–∏ –±–µ–ª–æ–≥–æ –ø–∞—É–∫–∞.
[0;0m[1;33m–í—ã —É–∫–æ–ª–æ–ª–∏ –±–µ–ª–æ–≥–æ –ø–∞—É–∫–∞.
[0;0m
[0;32m276H[0;37m [0;32m118M[0;37m 52886–æ –ó–∞—É—á:0 [0;32m[–ì–µ–Ω–æ–¥:–ù–µ–≤—Ä–µ–¥–∏–º][0;37m [1;31m[–±–µ–ª—ã–π –ø–∞—É–∫:–¢—è–∂–µ–ª–æ —Ä–∞–Ω–µ–Ω][0;37m > ˇ˘
[0;31m–ë–µ–ª—ã–π –ø–∞—É–∫ –ø–æ–ø—ã—Ç–∞–ª—Å—è —É–∂–∞–ª–∏—Ç—å –≤–∞—Å, –Ω–æ –ø—Ä–æ–º–∞—Ö–Ω—É–ª—Å—è.
[0;0m[1;33m–í—ã —Ä—É–±–∞–Ω—É–ª–∏ –±–µ–ª–æ–≥–æ –ø–∞—É–∫–∞.
[0;0m[1;33m–í—ã —É–∫–æ–ª–æ–ª–∏ –±–µ–ª–æ–≥–æ –ø–∞—É–∫–∞.
[0;0m
[0;32m276H[0;37m [0;32m118M[0;37m 52845–æ –ó–∞—É—á:0 [0;32m[–ì–µ–Ω–æ–¥:–ù–µ–≤—Ä–µ–¥–∏–º][0;37m [0;31m[–±–µ–ª—ã–π –ø–∞—É–∫:–û.—Ç—è–∂–µ–ª–æ —Ä–∞–Ω–µ–Ω][0;37m > ˇ˘
[0;31m–ë–µ–ª—ã–π –ø–∞—É–∫ –ø–æ–ø—ã—Ç–∞–ª—Å—è —É–∂–∞–ª–∏—Ç—å –≤–∞—Å, –Ω–æ –ø—Ä–æ–º–∞—Ö–Ω—É–ª—Å—è.
[0;0m[0;33m–í—ã –ø–æ–ø—ã—Ç–∞–ª–∏—Å—å —Ä—É–±–∞–Ω—É—Ç—å –±–µ–ª–æ–≥–æ –ø–∞—É–∫–∞, –Ω–æ –ø—Ä–æ–º–∞—Ö–Ω—É–ª–∏—Å—å.
[0;0m[1;33m–í—ã —Å–ª–µ–≥–∫–∞ —É–∫–æ–ª–æ–ª–∏ –±–µ–ª–æ–≥–æ –ø–∞—É–∫–∞.
[0;0m
[0;32m276H[0;37m [0;32m118M[0;37m 52830–æ –ó–∞—É—á:0 [0;32m[–ì–µ–Ω–æ–¥:–ù–µ–≤—Ä–µ–¥–∏–º][0;37m [0;31m[–±–µ–ª—ã–π –ø–∞—É–∫:–û.—Ç—è–∂–µ–ª–æ —Ä–∞–Ω–µ–Ω][0;37m > ˇ˘
[0;31m–ë–µ–ª—ã–π –ø–∞—É–∫ –ø–æ–ø—ã—Ç–∞–ª—Å—è —É–∂–∞–ª–∏—Ç—å –≤–∞—Å, –Ω–æ –ø—Ä–æ–º–∞—Ö–Ω—É–ª—Å—è.
[0;0m–ë–µ–ª—ã–π –ø–∞—É–∫ –ø–µ—Ä–µ—Ö–≤–∞—Ç–∏–ª –≤–∞—à—É –∞—Ç–∞–∫—É.
[0;33m–í—ã –ø–æ–ø—ã—Ç–∞–ª–∏—Å—å —Ä—É–±–∞–Ω—É—Ç—å –±–µ–ª–æ–≥–æ –ø–∞—É–∫–∞, –Ω–æ –ø–æ–ø–∞–ª–∏ —Ç–æ–ª—å–∫–æ –ø–æ –≤–æ–∑–¥—É—Ö—É.
[0;0m[1;33m–í—ã —Å–ª–µ–≥–∫–∞ —É–∫–æ–ª–æ–ª–∏ –±–µ–ª–æ–≥–æ –ø–∞—É–∫–∞.
[0;0m–ë–µ–ª—ã–π –ø–∞—É–∫ –±–µ–∑ —Å–æ–∑–Ω–∞–Ω–∏—è, –Ω–æ –≤–æ–∑–º–æ–∂–Ω–æ –æ–Ω –µ—â–µ –ø–æ–≤–æ—é–µ—Ç (–ø–æ–ø–æ–∑–∂–µ :).

[0;32m276H[0;37m [0;32m118M[0;37m 52814–æ –ó–∞—É—á:0 [0;32m[–ì–µ–Ω–æ–¥:–ù–µ–≤—Ä–µ–¥–∏–º][0;37m [0;31m[–±–µ–ª—ã–π –ø–∞—É–∫:–û.—Ç—è–∂–µ–ª–æ —Ä–∞–Ω–µ–Ω][0;37m > ˇ˘
[1;33m–í—ã –∏–∑—Ä—É–±–∏–ª–∏ –±–µ–ª–æ–≥–æ –ø–∞—É–∫–∞ –≤ –∫–∞–ø—É—Å—Ç—É. –•–æ—Ä–æ—à–∏–π –ø–∏—Ä–æ–≥ –ø–æ–ª—É—á–∏—Ç—Å—è.
[0;0m–ë–µ–ª—ã–π –ø–∞—É–∫ –º–µ—Ä—Ç–≤, –µ–≥–æ –¥—É—à–∞ –º–µ–¥–ª–µ–Ω–Ω–æ –ø–æ–¥—ã–º–∞–µ—Ç—Å—è –≤ –Ω–µ–±–µ—Å–∞.
–í–∞—à –æ–ø—ã—Ç –ø–æ–≤—ã—Å–∏–ª—Å—è –Ω–∞ 600 –æ—á–∫–æ–≤.
–í—ã –≤–∑—è–ª–∏ –º–∞–ª–µ–Ω—å–∫–∏–π –∫–ª—é—á –∏–∑ —Ç—Ä—É–ø–∞ –±–µ–ª–æ–≥–æ –ø–∞—É–∫–∞.

[0;32m276H[0;37m [0;32m118M[0;37m 52213–æ –ó–∞—É—á:0 –í—ã—Ö:–Æ–ó> ˇ˘–í—ã –Ω–µ –≤–∏–¥–∏—Ç–µ —Ü–µ–ª–∏.

[0;32m276H[0;37m [0;32m118M[0;37m 52213–æ –ó–∞—É—á:0 –í—ã—Ö:–Æ–ó> ˇ˘[1;36m–ß–µ—Ä–¥–∞–∫ [5122][0;37m
   –ó–¥–µ—Å—å –¥–∞–≤–Ω–æ –ø–æ—Å–µ–ª–∏–ª—Å—è –ø–∞—É–∫ –∏ –∑–∞–∫—Ä—ã–ª –≤—Å–µ –≤–æ–∑–º–æ–∂–Ω—ã–µ —É–≥–ª–∞ —Å–≤–æ–∏–º–∏ —Å–µ—Ç—è–º–∏.
–í–æ–ª—å–≥–æ—Ç–Ω–æ –µ–º—É, –Ω–∏–∫—Ç–æ –Ω–µ –±–µ—Å–ø–æ–∫–æ–∏—Ç, –≤–æ–Ω —Å–∫–æ–ª—å–∫–æ —É–∂–µ –Ω–∞ –ø–æ–ª—É –≤–∞–ª—è–µ—Ç—Å—è
–æ–±–µ—Å–∫—Ä–æ–≤–ª–µ–Ω–Ω—ã—Ö –Ω–∞—Å–µ–∫–æ–º—ã—Ö.
[0;36m[ Exits: s w ][0;37m
[1;33m–¢—Ä—É–ø –±–µ–ª–æ–≥–æ –ø–∞—É–∫–∞ –ª–µ–∂–∏—Ç –∑–¥–µ—Å—å.
[1;31m[0;0m
[0;32m276H[0;37m [0;32m118M[0;37m 52213–æ –ó–∞—É—á:0 –í—ã—Ö:–Æ–ó> ˇ˘–í—ã –ø–æ–ø–ª–µ–ª–∏—Å—å –Ω–∞ —é–≥.
[1;36m–ß–µ—Ä–¥–∞–∫ [5120][0;37m
   –ö—Ä—ã—à–∞ –ø—Ä–æ—Ö—É–¥–∏–ª–∞—Å—å –∏ –∫–∞–∂–¥—ã–π –¥–æ–∂–¥—å —ç—Ç—É —á–∞—Å—Ç—å —á–µ—Ä–¥–∞–∫–∞ –∑–∞–ª–∏–≤–∞–µ—Ç –≤–æ–¥–æ–π, –æ—Ç—á–µ–≥–æ
–∑–¥–µ—Å—å –ø–æ—Å—Ç–æ—è–Ω–Ω–æ –≤–ª–∞–∂–Ω–æ –∏ —Å–∫–ª–∏–∑–∫–æ.
[0;36m[ Exits: n s w ][0;37m
[1;33m–£ –≤–∞—à–∏—Ö –Ω–æ–≥ –ª–µ–∂–∏—Ç –≥–ª–∏–Ω—è–Ω–∞—è –ø–ª–æ—à–∫–∞.
[1;31m[0;0m
[0;32m276H[0;37m [0;32m117M[0;37m 52213–æ –ó–∞—É—á:0 –í—ã—Ö:–°–Æ–ó> ˇ˘–í—ã –ø–æ–ø–ª–µ–ª–∏—Å—å –Ω–∞ –∑–∞–ø–∞–¥.
[1;36m–ß–µ—Ä–¥–∞–∫ [5119][0;37m
   –ü–æ–¥ —Å—Ç–∞—Ä—ã–º–∏ –≥—Ä—è–∑–Ω—ã–º–∏ —Ç—Ä—è–ø–∫–∞–º–∏ –≤—ã –æ–±–Ω–∞—Ä—É–∂–∏–ª–∏ –º–∞–ª–µ–Ω—å–∫–∏–π —Ç–∫–∞—Ü–∫–∏–π —Å—Ç–∞–Ω–æ—á–µ–∫,
—Ç–æ—Ç, –Ω–∞ –∫–æ—Ç–æ—Ä–æ–º –∏–∑ –º—è–≥–∫–æ–≥–æ –ª—å–Ω–∞ —Ç–∫—É—Ç –ø–æ–ª–æ—Ç–Ω–æ. –≠—Ç–æ –±–æ–ª—å—à–∞—è —Ü–µ–Ω–Ω–æ—Å—Ç—å, –∫–∞–∫ –º–æ–≥–ª–∏
—Ö–æ–∑—è–µ–≤–∞ –æ—Å—Ç–∞–≤–∏—Ç—å –µ–≥–æ.
[0;36m[ Exits: n e s ][0;37m
[1;33m–ü—ã–ª—å–Ω—ã–π —Å—É–Ω–¥—É–∫ –ª–µ–∂–∏—Ç —Å—Ä–µ–¥–∏ –º—É—Å–æ—Ä–∞.
[1;31m(–ª–µ—Ç–∏—Ç) –ú—É—Ö–∞ –ª–µ—Ç–∞–µ—Ç –∑–¥–µ—Å—å.
[0;0m
[0;32m276H[0;37m [0;32m117M[0;37m 52213–æ –ó–∞—É—á:0 –í—ã—Ö:–°–í–Æ> ˇ˘*–©–µ–ª–∫*

[0;32m276H[0;37m [0;32m118M[0;37m 52213–æ –ó–∞—É—á:0 –í—ã—Ö:–°–í–Æ> ˇ˘–ú–∞–ª–µ–Ω—å–∫–∏–π –∫–ª—é—á —Ä–∞—Å—Å—ã–ø–∞–ª—Å—è –≤ —Ä—É–∫–∞—Ö.
–õ–∞–¥—É—à–∫–∏.

[0;32m276H[0;37m [0;32m118M[0;37m 52213–æ –ó–∞—É—á:0 –í—ã—Ö:–°–í–Æ> ˇ˘–í—ã –≤–∑—è–ª–∏ –∫—É—á–∫—É –º–æ–Ω–µ—Ç –∏–∑ –ø—ã–ª—å–Ω–æ–≥–æ —Å—É–Ω–¥—É–∫–∞.
–≠—Ç–æ —Å–æ—Å—Ç–∞–≤–∏–ª–æ 50 –∫—É–Ω.

[0;32m276H[0;37m [0;32m118M[0;37m 52213–æ –ó–∞—É—á:0 –í—ã—Ö:–°–í–Æ> ˇ˘[1;36m–ß–µ—Ä–¥–∞–∫ [5119][0;37m
   –ü–æ–¥ —Å—Ç–∞—Ä—ã–º–∏ –≥—Ä—è–∑–Ω—ã–º–∏ —Ç—Ä—è–ø–∫–∞–º–∏ –≤—ã –æ–±–Ω–∞—Ä—É–∂–∏–ª–∏ –º–∞–ª–µ–Ω—å–∫–∏–π —Ç–∫–∞—Ü–∫–∏–π —Å—Ç–∞–Ω–æ—á–µ–∫,
—Ç–æ—Ç, –Ω–∞ –∫–æ—Ç–æ—Ä–æ–º –∏–∑ –º—è–≥–∫–æ–≥–æ –ª—å–Ω–∞ —Ç–∫—É—Ç –ø–æ–ª–æ—Ç–Ω–æ. –≠—Ç–æ –±–æ–ª—å—à–∞—è —Ü–µ–Ω–Ω–æ—Å—Ç—å, –∫–∞–∫ –º–æ–≥–ª–∏
—Ö–æ–∑—è–µ–≤–∞ –æ—Å—Ç–∞–≤–∏—Ç—å –µ–≥–æ.
[0;36m[ Exits: n e s ][0;37m
[1;33m–ü—ã–ª—å–Ω—ã–π —Å—É–Ω–¥—É–∫ –ª–µ–∂–∏—Ç —Å—Ä–µ–¥–∏ –º—É—Å–æ—Ä–∞.
[1;31m(–ª–µ—Ç–∏—Ç) –ú—É—Ö–∞ –ª–µ—Ç–∞–µ—Ç –∑–¥–µ—Å—å.
[0;0m
[0;32m276H[0;37m [0;32m118M[0;37m 52213–æ –ó–∞—É—á:0 –í—ã—Ö:–°–í–Æ> ˇ˘–ü—ã–ª—å–Ω—ã–π —Å—É–Ω–¥—É–∫: –í—ã –Ω–µ –º–æ–∂–µ—Ç–µ –≤–∑—è—Ç—å –µ–≥–æ.

[0;32m276H[0;37m [0;32m118M[0;37m 52213–æ –ó–∞—É—á:0 –í—ã—Ö:–°–í–Æ> ˇ˘[1;36m–ß–µ—Ä–¥–∞–∫ [5119][0;37m
   –ü–æ–¥ —Å—Ç–∞—Ä—ã–º–∏ –≥—Ä—è–∑–Ω—ã–º–∏ —Ç—Ä—è–ø–∫–∞–º–∏ –≤—ã –æ–±–Ω–∞—Ä—É–∂–∏–ª–∏ –º–∞–ª–µ–Ω—å–∫–∏–π —Ç–∫–∞—Ü–∫–∏–π —Å—Ç–∞–Ω–æ—á–µ–∫,
—Ç–æ—Ç, –Ω–∞ –∫–æ—Ç–æ—Ä–æ–º –∏–∑ –º—è–≥–∫–æ–≥–æ –ª—å–Ω–∞ —Ç–∫—É—Ç –ø–æ–ª–æ—Ç–Ω–æ. –≠—Ç–æ –±–æ–ª—å—à–∞—è —Ü–µ–Ω–Ω–æ—Å—Ç—å, –∫–∞–∫ –º–æ–≥–ª–∏
—Ö–æ–∑—è–µ–≤–∞ –æ—Å—Ç–∞–≤–∏—Ç—å –µ–≥–æ.
[0;36m[ Exits: n e s ][0;37m
[1;33m–ü—ã–ª—å–Ω—ã–π —Å—É–Ω–¥—É–∫ –ª–µ–∂–∏—Ç —Å—Ä–µ–¥–∏ –º—É—Å–æ—Ä–∞.
[1;31m(–ª–µ—Ç–∏—Ç) –ú—É—Ö–∞ –ª–µ—Ç–∞–µ—Ç –∑–¥–µ—Å—å.
[0;0m
[0;32m276H[0;37m [0;32m118M[0;37m 52213–æ –ó–∞—É—á:0 –í—ã—Ö:–°–í–Æ> ˇ˘
–ú—É—Ö–∞ —É–ª–µ—Ç–µ–ª–∞ –Ω–∞ —é–≥.

[0;32m276H[0;37m [0;32m118M[0;37m 52213–æ –ó–∞—É—á:0 –í—ã—Ö:–°–í–Æ> ˇ˘–í—ã –ø–æ–ø–ª–µ–ª–∏—Å—å –Ω–∞ —é–≥.
[1;36m–ù–∞ —á–µ—Ä–¥–∞–∫–µ [5117][0;37m
   –ü—ã–ª—å–Ω—ã–π —á–µ—Ä–¥–∞–∫ –∑–∞–≤–∞–ª–µ–Ω —Å—Ç–∞—Ä—ã–º–∏ –≤–µ—â–∞–º–∏ –∏ —Ä–∞–∑–Ω—ã–º —Ö–ª–∞–º–æ–º, –≤—Å–µ–≥–¥–∞ —É–±–∏—Ä–∞–µ–º—ã–º
—Å –≥–ª–∞–∑ –¥–æ–ª–æ–π –ø–æ–¥–∞–ª—å—à–µ.
[0;36m[ Exits: n e d ][0;37m
[1;33m[1;31m(–ª–µ—Ç–∏—Ç) –ú—É—Ö–∞ –ª–µ—Ç–∞–µ—Ç –∑–¥–µ—Å—å.
[0;0m
[0;32m276H[0;37m [0;32m117M[0;37m 52213–æ –ó–∞—É—á:0 –í—ã—Ö:–°–ív> ˇ˘–í—ã –ø–æ–ø–ª–µ–ª–∏—Å—å –≤–Ω–∏–∑.
[1;36m–ù–∞ —Å–µ–Ω–æ–≤–∞–ª–µ [5104][0;37m
   –ü–æ–¥ –Ω–æ–≥–∞–º–∏ —Ä–∞–∑–±—Ä–æ—Å–∞–Ω–∞ —Å–æ–ª–æ–º–∞ –≤–ø–µ—Ä–µ–º–µ—à–∫—É —Å —Å–µ–Ω–æ–º, –ø–æ —É–≥–ª–∞–º –ª–µ–∂–∞—Ç —Å—Ç–∞—Ä—ã–µ
–∏–Ω—Å—Ç—Ä—É–º–µ–Ω—Ç—ã. –°—é–¥–∞ –∑–∞–±—Ä–∞—Å—ã–≤–∞–µ—Ç—Å—è –∫–æ—Ä–º –¥–ª—è –¥–æ–º–∞—à–Ω–µ–≥–æ —Å–∫–æ—Ç–∞, –∞ –ø–æ—Ç–æ–º –ø–æ–¥–∞–µ—Ç—Å—è
–ø–æ —Å—Ç–æ–π–ª–∞–º.
[0;36m[ Exits: s w u ][0;37m
[1;33m–ö –±–∞–ª–∫–µ –ø—Ä–∏—Å—Ç–∞–≤–ª–µ–Ω–∞ –ª–µ—Å—Ç–Ω–∏—Ü–∞, –≤–µ–¥—É—â–∞—è –Ω–∞ —á–µ—Ä–¥–∞–∫.
[1;31m–°–µ—Ä–∞—è –º—ã—à—å —é—Ä–∫–Ω—É–ª–∞ –∑–¥–µ—Å—å.
[0;0m
[0;32m276H[0;37m [0;32m117M[0;37m 52213–æ –ó–∞—É—á:0 –í—ã—Ö:–Æ–ó^> ˇ˘–í—ã –ø–æ–ø–ª–µ–ª–∏—Å—å –Ω–∞ –∑–∞–ø–∞–¥.
[1;36m–ù–∞ —Å–µ–Ω–æ–≤–∞–ª–µ [5103][0;37m
   –ü–æ–¥ –Ω–æ–≥–∞–º–∏ —Ä–∞–∑–±—Ä–æ—Å–∞–Ω–∞ —Å–æ–ª–æ–º–∞ –≤–ø–µ—Ä–µ–º–µ—à–∫—É —Å —Å–µ–Ω–æ–º, –ø–æ —É–≥–ª–∞–º –ª–µ–∂–∞—Ç —Å—Ç–∞—Ä—ã–µ
–∏–Ω—Å—Ç—Ä—É–º–µ–Ω—Ç—ã. –°—é–¥–∞ –∑–∞–±—Ä–∞—Å—ã–≤–∞–µ—Ç—Å—è –∫–æ—Ä–º –¥–ª—è –¥–æ–º–∞—à–Ω–µ–≥–æ —Å–∫–æ—Ç–∞, –∞ –ø–æ—Ç–æ–º –ø–æ–¥–∞–µ—Ç—Å—è
–ø–æ —Å—Ç–æ–π–ª–∞–º.
[0;36m[ Exits: n e s ][0;37m
[1;33m–¢—Ä—É–ø —Ç–∞—Ä–∞–∫–∞–Ω–∞ –ª–µ–∂–∏—Ç –∑–¥–µ—Å—å.
[1;31m[0;0m
[0;32m276H[0;37m [0;32m117M[0;37m 52213–æ –ó–∞—É—á:0 –í—ã—Ö:–°–í–Æ> ˇ˘–í—ã –ø–æ–ø–ª–µ–ª–∏—Å—å –Ω–∞ —Å–µ–≤–µ—Ä.
[1;36m–í —Å–µ–Ω—è—Ö [5102][0;37m
   –ß—Ç–æ –∑–∞—Å—Ç–∞–≤–∏–ª–æ —Ö–æ–∑—è–µ–≤ –ø–æ–∫–∏–Ω—É—Ç—å —ç—Ç–æ—Ç –¥–æ–º, —Å–æ—Ö—Ä–∞–Ω–∏–≤—à–∏–π—Å—è –≤ –ø—Ä–∏–ª–∏—á–Ω–æ–º —Å–æ—Å—Ç–æ—è–Ω–∏–∏
–¥–∞–∂–µ –∑–∞ –¥–æ–ª–≥–æ–µ –≤—Ä–µ–º—è –∑–∞–ø—É—Å—Ç–µ–Ω–∏—è –∏ –æ–¥–∏–Ω–æ—á–µ—Å—Ç–≤–∞? –í —ç—Ç–æ–º –º–µ—Å—Ç–µ —Å–µ–Ω–µ–π –Ω–∞—Ö–æ–¥—è—Ç—Å—è
–¥–≤–µ –¥–≤–µ—Ä–∏, –æ–¥–Ω–∞ –∏–∑ –∫–æ—Ç–æ—Ä—ã—Ö –≤–µ–¥–µ—Ç –≤ –∏–∑–±—É, –¥—Ä—É–≥–∞—è - –Ω–∞ —Å–µ–Ω–æ–≤–∞–ª.  
[0;36m[ Exits: (n) e s ][0;37m
[1;33m[1;31m[0;0m
[0;32m276H[0;37m [0;32m117M[0;37m 52213–æ –ó–∞—É—á:0 –í—ã—Ö:(–°)–í–Æ> ˇ˘–í—ã –ø–æ–ø–ª–µ–ª–∏—Å—å –Ω–∞ –≤–æ—Å—Ç–æ–∫.
[1;36m–í —Å–µ–Ω—è—Ö [5101][0;37m
   –°–µ–Ω–∏ –∫–æ–≥–¥–∞-—Ç–æ —Å–ª—É–∂–∏–ª–∏ –ø—Ä–æ–º–µ–∂—É—Ç–æ—á–Ω–æ–π —á–∞—Å—Ç—å—é –º–µ–∂–¥—É –æ—Ç–∞–ø–ª–∏–≤–∞–µ–º–æ–π –∏ 
—Ö–æ–∑—è–π—Å—Ç–≤–µ–Ω–Ω–æ–π —á–∞—Å—Ç—å—é –¥–æ–º–∞. –ó–¥–µ—Å—å –∫–æ–≥–¥–∞-—Ç–æ –ª–µ–∂–∞–ª–∞ –Ω–µ—Ö–∏—Ç—Ä–∞—è –∫—Ä–µ—Å—Ç—å—è–Ω—Å–∫–∞—è 
—É—Ç–≤–∞—Ä—å, –Ω–æ —Å–µ–π—á–∞—Å —Ç–æ–ª—å–∫–æ –ø—ã–ª—å –∏ –≥—Ä—è–∑—å.
[0;36m[ Exits: e w ][0;37m
[1;33m–¢—Ä—É–ø —Å–µ—Ä–æ–π –º—ã—à–∏ –ª–µ–∂–∏—Ç –∑–¥–µ—Å—å.
–¢—Ä—É–ø –±–ª–æ—Ö–∏ –ª–µ–∂–∏—Ç –∑–¥–µ—Å—å.
[1;31m[0;0m
[0;32m276H[0;37m [0;32m117M[0;37m 52213–æ –ó–∞—É—á:0 –í—ã—Ö:–í–ó> ˇ˘–í—ã –ø–æ–ø–ª–µ–ª–∏—Å—å –Ω–∞ –≤–æ—Å—Ç–æ–∫.
[1;36m–ù–∞ –∫—Ä—ã–ª—å—Ü–µ [5100][0;37m
   –ü–æ–∫–æ—Å–∏–≤—à–µ–µ—Å—è –∫—Ä—ã–ª—å—Ü–æ —Å–∫—Ä–∏–ø–∏—Ç –ø–æ–¥ –Ω–æ–≥–∞–º–∏. –î–µ—Ä–µ–≤–æ –ø–æ—á–µ—Ä–Ω–µ–ª–æ –∏ –æ–±–ª—É–ø–∏–ª–æ—Å—å, –Ω–æ
—Å–æ—Ö—Ä–∞–Ω–∏–ª–æ –∫—Ä–µ–ø–æ—Å—Ç—å. –•–æ—Ç—å –∏ –º–æ–∂–Ω–æ –∑–¥–µ—Å—å –ø–æ—Å—Ç–æ—è—Ç—å, –Ω–æ –í–∞—Å –±–æ–ª—å—à–µ –∏–Ω—Ç–µ—Ä–µ—Å—É–µ—Ç —Å–∞–º
–∑–∞–±—Ä–æ—à–µ–Ω–Ω—ã–π –¥–æ–º. –•–æ—á–µ—Ç—Å—è –∑–∞–π—Ç–∏, –Ω–æ —Ö–æ–ª–æ–¥–æ–∫ –≤ –≥—Ä—É–¥–∏ –∑–∞—Å—Ç–∞–≤–ª—è–µ—Ç –ø–æ–¥—É–º–∞—Ç—å –Ω–∞–¥
—ç—Ç–∏–º —à–∞–≥–æ–º. 
[0;36m[ Exits: E w ][0;37m
[1;33m[1;31m[0;0m
[0;32m276H[0;37m [0;32m117M[0;37m 52213–æ –ó–∞—É—á:0 –í—ã—Ö:–í–ó> ˇ˘–í—ã –ø–æ–ø–ª–µ–ª–∏—Å—å –Ω–∞ –≤–æ—Å—Ç–æ–∫.
[1;36m–ó–∞–±—Ä–æ—à–µ–Ω–Ω—ã–π –¥–æ–º [5023][0;37m
   –° –≤–∏–¥—É —Ö–æ—Ä–æ—à–∏–π –¥–æ–º —Å—Ç–æ–∏—Ç –Ω–∞ —Ü–µ–Ω—Ç—Ä–∞–ª—å–Ω–æ–π —É–ª–∏—Ü–µ —Å—Ä–µ–¥–∏ –±–æ–ª—å—à–∏—Ö –∏ –±–æ–≥–∞—Ç—ã—Ö
–¥–æ–º–æ–≤. –ó–∞–∫–æ–ª–æ—á–µ–Ω—ã —Å—Ç–∞–≤–Ω–∏, –∑–∞–ø—É—Å—Ç–µ–Ω—å–µ –≤–æ –¥–≤–æ—Ä–µ. –ß—Ç–æ –∑–∞ –Ω–∞–ø–∞—Å—Ç—å –∑–∞—Å—Ç–∞–≤–∏–ª–∞ 
—Ö–æ–∑—è–µ–≤ –ø–æ–∫–∏–Ω—É—Ç—å —Å–≤–æ–µ –∂–∏–ª–∏—â–µ –∏ –∏—Å–∫–∞—Ç—å –Ω–æ–≤–æ–µ –º–µ—Å—Ç–æ.
[0;36m[ Exits: e W ][0;37m
[1;33m[1;31m[0;0m
–î–µ—Ä–µ–≤–Ω—è —É —Ä–µ–∫–∏ (2-–∞—è —Ä–æ–¥–æ–≤–∞—è).

[0;32m276H[0;37m [0;32m117M[0;37m 52213–æ –ó–∞—É—á:0 –í—ã—Ö:–í–ó> ˇ˘–í—ã –ø–æ–ø–ª–µ–ª–∏—Å—å –Ω–∞ –≤–æ—Å—Ç–æ–∫.
[1;36m–ö —Ü–µ–Ω—Ç—Ä—É –¥–µ—Ä–µ–≤–Ω–∏ [5006][0;37m
   –ü–æ–Ω–µ–º–Ω–æ–≥—É –æ—Å—Ç–∞—é—Ç—Å—è –ø–æ–∑–∞–¥–∏ –≥–ª–∞–≤–Ω—ã–µ –¥–æ–º–∞ –¥–µ—Ä–µ–≤–Ω–∏, –∏ –≤–æ–∫—Ä—É–≥ –æ—Ç–∫—Ä—ã–≤–∞–µ—Ç—Å—è –æ–±—ã—á–Ω—ã–π
–¥–µ—Ä–µ–≤–µ–Ω—Å–∫–∏–π –≤–∏–¥. –ö—Ä–µ–ø–∫–∏–µ –¥–æ–º–∞ —Å –º–∞–ª–µ–Ω—å–∫–∏–º–∏ –æ–∫–Ω–∞–º–∏, –Ω–æ –Ω–µ–∏–∑–º–µ–Ω–Ω—ã–º–∏ —Ç—Ä—É–±–∞–º–∏
–ø–µ—á–µ–π. –ò–∑–≥–æ—Ä–æ–¥—å, —Å—Ç–æ—è—â–∞—è –∑–∞ –¥–æ–º–∞–º–∏ –≤–¥–æ–ª—å –ª–µ—Å–∞ –∏ –∑–∞—â–∏—â–∞—é—â–∞—è –¥–µ—Ä–µ–≤–Ω—é —Å —Ç—ã–ª–∞. 
–ù–µ—Ç–æ—Ä–æ–ø–ª–∏–≤—ã–π –ª—é–¥, –∏–¥—É—â–∏–π –ø–æ —Å–≤–æ–∏–º –∏–∑–≤–µ—á–Ω—ã–º –¥–µ–ª–∞–º.
[0;36m[ Exits: n e s w ][0;37m
[1;33m[1;31m[0;0m
[0;32m276H[0;37m [0;32m117M[0;37m 52213–æ –ó–∞—É—á:0 –í—ã—Ö:–°–í–Æ–ó> ˇ˘–í—ã –ø–æ–ø–ª–µ–ª–∏—Å—å –Ω–∞ —é–≥.
[1;36m–ü–µ—Ä–µ–¥ –ø–æ—Å—Ç–æ—è–ª—ã–º –¥–≤–æ—Ä–æ–º [5005][0;37m
   –ß—É—Ç—å –Ω–µ —Å–ø–æ—Ç–∫–Ω—É–≤—à–∏—Å—å –æ –¥–æ—Å–∫—É, –ª–µ–∂–∞—â—É—é —Å—Ä–∞–∑—É —É –ø–æ—Ä–æ–≥–∞ –ø–æ—Å—Ç–æ—è–ª–æ–≥–æ –¥–≤–æ—Ä–∞,
–≤—ã –æ–∫–∞–∑–∞–ª–∏—Å—å –Ω–∞ —Ü–µ–Ω—Ç—Ä–∞–ª—å–Ω–æ–π —É–ª–∏—Ü–µ –¥–µ—Ä–µ–≤–Ω–∏. –ò–º–µ–Ω–Ω–æ –Ω–∞ —ç—Ç–æ–π —É–ª–∏—Ü–µ –º–æ–∂–Ω–æ 
–±—ã—Å—Ç—Ä–æ –Ω–∞–π—Ç–∏ –ª–∞–≤–∫—É —Ä–µ–º–µ—Å–ª–µ–Ω–Ω–∏–∫–∞, –¥–æ–º –∑–Ω–∞—Ö–∞—Ä—è, –∫–æ–Ω—é—à–Ω—é –∏ –¥–æ–º —Å—Ç–∞—Ä–µ–π—à–∏–Ω—ã.
–í —é–∂–Ω–æ–π —á–∞—Å—Ç–∏ –¥–µ—Ä–µ–≤–Ω–∏ –ø–æ—Å–µ–ª–∏–ª–∏—Å—å –≤–æ—Ä–æ–∂–µ–∏.
[0;36m[ Exits: n e s w ][0;37m
[1;33m[1;31m[0;0m
[0;32m276H[0;37m [0;32m117M[0;37m 52213–æ –ó–∞—É—á:0 –í—ã—Ö:–°–í–Æ–ó> ˇ˘–í—ã –ø–æ–ø–ª–µ–ª–∏—Å—å –Ω–∞ –≤–æ—Å—Ç–æ–∫.
[1;36m–ü–æ—Å—Ç–æ—è–ª—ã–π –¥–≤–æ—Ä [5001][0;37m
   –î–µ—Ä–µ–≤–Ω—è —Ö–æ—Ç—å –∏ –Ω–µ–±–æ–ª—å—à–∞—è, –Ω–æ –ø–æ—Å—Ç–æ—è–ª—ã–π –¥–≤–æ—Ä –∏–º–µ–µ—Ç—Å—è, –¥–ª—è –∑–∞–µ–∑–∂–∏—Ö –≥–æ—Å—Ç–µ–π,
—á—Ç–æ–±—ã –±—ã–ª–æ –≥–¥–µ –ø–µ—Ä–µ–≤–µ—Å—Ç–∏ –¥—É—Ö, –µ–¥–æ–π –∏ –ø–∏—Ç—å–µ–º –∑–∞–ø–∞—Å—Ç–∏—Å—å. –ê –µ—Å–ª–∏ –Ω–∞ –¥–≤–æ—Ä–µ —É–∂
–Ω–æ—á—å –∏–ª—å –ø—Ä–æ—Å—Ç–æ –Ω–∞–¥–æ –æ—Å—Ç–∞–Ω–æ–≤–∏—Ç—Å—è –Ω–∞ –¥–µ–Ω—å –¥—Ä—É–≥–æ–π –≤ –¥–µ—Ä–µ–≤–Ω–µ, –∞ —Ä–æ–¥—Å—Ç–≤–µ–Ω–Ω–∏–∫–æ–≤
–Ω–µ—Ç, —Ç–∞–∫ –º–æ–∂–Ω–æ –∏ –ø–µ—Ä–µ–Ω–æ—á–µ–≤–∞—Ç—å –≤ –≥–æ—Ä–Ω–∏—Ü–∞—Ö –Ω–∞–≤–µ—Ä—Ö—É.
[0;36m[ Exits: w u ][0;37m
[1;33m[1;31m–ú–µ—Å—Ç–Ω—ã–π –∂–∏—Ç–µ–ª—å –∏–¥–µ—Ç –∑–¥–µ—Å—å.
–°–µ–¥–æ–≤–ª–∞—Å—ã–π —Å–∫–∞–∑–∏—Ç–µ–ª—å –≥–æ—Ç–æ–≤ –ø–æ–¥–µ–ª–∏—Ç—å—Å—è —Å –í–∞–º–∏ –∏–Ω—Ç–µ—Ä–µ—Å–Ω–æ–π –∏—Å—Ç–æ—Ä–∏–µ–π.
–¢—Ä–∞–∫—Ç–∏—Ä—â–∏–∫ –æ—Ç–¥—ã—Ö–∞–µ—Ç –∑–∞ —Å—Ç–æ–π–∫–æ–π.
[0;0m
[0;32m276H[0;37m [0;32m117M[0;37m 52213–æ –ó–∞—É—á:0 –í—ã—Ö:–ó^> ˇ˘–í—ã –ø–æ–ø–ª–µ–ª–∏—Å—å –≤–≤–µ—Ä—Ö.
[1;36m–ö–æ–º–Ω–∞—Ç—ã –æ—Ç–¥—ã—Ö–∞ [5000][0;37m
   –•–æ–∑—è–∏–Ω —É—Å—Ç—Ä–æ–∏–ª –∑–¥–µ—Å—å –∫–æ–º–Ω–∞—Ç—ã –¥–ª—è –æ—Ç–¥—ã—Ö–∞. –õ—é–±–æ–π –∂–µ–ª–∞—é—â–∏–π –º–æ–∂–µ—Ç –æ—Å—Ç–∞–Ω–æ–≤–∏—Ç—å—Å—è
–∑–¥–µ—Å—å –∏ –ø–µ—Ä–µ–¥–æ—Ö–Ω—É—Ç—å –ø–æ—Å–ª–µ –¥–∞–ª—å–Ω–µ–π –¥–æ—Ä–æ–≥–∏. –°–≤–µ—Ç–ª—ã–µ –≥–æ—Ä–Ω–∏—Ü—ã —Ç–∞–∫ –∏ –ø—Ä–∏–≥–ª–∞—à–∞—é—Ç
–ø—Ä–æ–π—Ç–∏ –≤ –Ω–∏—Ö –∏ —Ä–∞—Å—Ç—è–Ω—É—Ç—å—Å—è –Ω–∞ –ø–µ—Ä–∏–Ω–µ, –Ω–∞ –ø—É—Ö–æ–≤–æ–π –¥–∞ –∑–∞–±—ã—Ç—å—Å—è —Å–Ω–æ–º –±–æ–≥–∞—Ç—ã—Ä—Å–∫–∏–º.
–ó–¥–µ—Å—å –∂–µ –º–æ–∂–Ω–æ –ø–æ–¥–æ–∂–¥–∞—Ç—å —Å–≤–æ–∏—Ö –∫–æ–º–ø–∞–Ω—å–æ–Ω–æ–≤ –ø–µ—Ä–µ–¥ –¥–æ–ª–≥–æ–π –¥–æ—Ä–æ–≥–æ–π, –ø–æ–≥–æ–≤–æ—Ä–∏—Ç—å
–æ –¥–∞–ª—å–Ω–µ–π—à–∏—Ö –ø–ª–∞–Ω–∞—Ö.
[1;32m–°–æ–≤—Å–µ–º –º–∞–ª—ã—Ö, –¥–∞ –Ω–µ –æ–±—É—á–µ–Ω–Ω—ã—Ö —Ç–∞–∫ –∏ —Ç—è–Ω–µ—Ç [1;33m–≤–æ–π—Ç–∏ [1;32m–≤ [1;33m—à–∫–æ–ª—É[1;32m.[0;0m
[0;36m[ Exits: d ][0;37m
[1;33m–î–æ—Å–∫–∞ –¥–ª—è —Ä–∞–∑–ª–∏—á–Ω—ã—Ö –∑–∞–º–µ—Ç–æ–∫ –∏ –æ–±—ä—è–≤–ª–µ–Ω–∏–π –ø—Ä–∏–±–∏—Ç–∞ —Ç—É—Ç ..–±–ª–µ—Å—Ç–∏—Ç!
[1;31m–ú–µ—Å—Ç–Ω–∞—è –∂–∏—Ç–µ–ª—å–Ω–∏—Ü–∞ –∏–¥–µ—Ç –ø–æ —Å–≤–æ–∏–º –¥–µ–ª–∞–º.
–ú–µ—Å—Ç–Ω—ã–π –∂–∏—Ç–µ–ª—å –∏–¥–µ—Ç –∑–¥–µ—Å—å.
–ü–æ–ª—è–Ω–∏–Ω –î–æ—Ä–º–∞–Ω —Å—Ç–æ–∏—Ç –∑–¥–µ—Å—å. 
–•–æ–∑—è–π–∫–∞ –ø–æ—Å—Ç–æ—è–ª–æ–≥–æ –¥–≤–æ—Ä–∞ —Ä–∞—Å–ø–æ—Ä—è–∂–∞–µ—Ç—Å—è –∑–¥–µ—Å—å.
[0;0m
[0;32m276H[0;37m [0;32m117M[0;37m 52213–æ –ó–∞—É—á:0 –í—ã—Ö:v> ˇ˘
–í—ã –≥–æ–ª–æ–¥–Ω—ã.

[0;32m276H[0;37m [0;32m118M[0;37m 52213–æ –ó–∞—É—á:0 –í—ã—Ö:v> ˇ˘
[1;31m–ú–∏–Ω—É–ª —á–∞—Å.[0;37m

[0;32m276H[0;37m [0;32m118M[0;37m 52213–æ –ó–∞—É—á:0 –í—ã—Ö:v> ˇ˘
–í—ã –≥–æ–ª–æ–¥–Ω—ã.

[0;32m276H[0;37m [0;32m118M[0;37m 52213–æ –ó–∞—É—á:0 –í—ã—Ö:v> ˇ˘
–ú–µ—Å—Ç–Ω—ã–π –∂–∏—Ç–µ–ª—å —É—à–µ–ª –≤–Ω–∏–∑.
–ú–µ—Å—Ç–Ω–∞—è –∂–∏—Ç–µ–ª—å–Ω–∏—Ü–∞ —É—à–ª–∞ –≤–Ω–∏–∑.

[0;32m276H[0;37m [0;32m118M[0;37m 52213–æ –ó–∞—É—á:0 –í—ã—Ö:v> ˇ˘–°–µ–π—á–∞—Å –ø–æ–ª–¥–µ–Ω—å, –û—Å–º–∏—Ü–∞, –¥–µ–Ω—å.
–ë–µ–π–ª–µ—Ç - –ú–µ—Å—è—Ü –ë–µ–ª–æ–≥–æ –°–∏—è–Ω–∏—è –∏ –ü–æ–∫–æ—è –ú–∏—Ä–∞, 35–π –î–µ–Ω—å, –ì–æ–¥ 898, –∑–∏–º–∞.

[0;32m276H[0;37m [0;32m118M[0;37m 52213–æ –ó–∞—É—á:0 –í—ã—Ö:v> ˇ˘–•–æ–∑—è–π–∫–∞ —Å–∫–∞–∑–∞–ª–∞ –≤–∞–º : "–û–¥–µ—Ç—ã–π —Å–ø–∞—Ç—å –±—É–¥–µ—à—å? –•–º.. –ù—É —Å–º–æ—Ç—Ä–∏, —Ç–æ–≥–¥–∞ –¥–µ—à–µ–≤–ª–µ –≤–æ–∑—å–º—É"
[1;37m - 0 –∫—É–Ω (0 –µ—Å–ª–∏ —Å–Ω—è—Ç—å) –∑–∞ –ª–µ–≥–∫–∏–π –ª–∞—Ç–Ω—ã–π –¥–æ—Å–ø–µ—Ö [0;37m
[1;37m - 0 –∫—É–Ω (0 –µ—Å–ª–∏ —Å–Ω—è—Ç—å) –∑–∞ –ª–µ–≥–∫–∏–π –ª–∞—Ç–Ω—ã–π —à–ª–µ–º [0;37m
[1;37m - 0 –∫—É–Ω (0 –µ—Å–ª–∏ —Å–Ω—è—Ç—å) –∑–∞ –ª–µ–≥–∫–∏–µ –ª–∞—Ç–Ω—ã–µ –ø–æ–Ω–æ–∂–∏ [0;37m
[1;37m - 10 –∫—É–Ω (100 –µ—Å–ª–∏ —Å–Ω—è—Ç—å) –∑–∞ –¥—Ä–∞–Ω—ã–µ —Å–∞–ø–æ–≥–∏ [0;37m
[1;37m - 24 –∫—É–Ω—ã (240 –µ—Å–ª–∏ —Å–Ω—è—Ç—å) –∑–∞ —à–∫—É—Ä—É –º–µ–¥–≤–µ–¥—è [0;37m
[1;37m - 1 –∫—É–Ω–∞ (10 –µ—Å–ª–∏ —Å–Ω—è—Ç—å) –∑–∞ –±—Ä–æ–Ω–∑–æ–≤—É—é —Å–µ–∫–∏—Ä—É [0;37m
[1;37m - 3 –∫—É–Ω—ã (30 –µ—Å–ª–∏ —Å–Ω—è—Ç—å) –∑–∞ —Ä—ã–±—å—é –∫–æ—Å—Ç—å [0;37m
–•–æ–∑—è–π–∫–∞ —Å–∫–∞–∑–∞–ª–∞ –≤–∞–º : "–≠—Ç–æ —è –≤ —á—É–ª–∞–Ω–µ –∑–∞–ø—Ä—É:"
 - 2 –∫—É–Ω—ã –∑–∞ –º–∞–ª—ã–π –º–µ—Ö 
 - 100 –∫—É–Ω (5 –µ—Å–ª–∏ –Ω–∞–¥–µ—Ç—å) –∑–∞ –∫—É—Ö–æ–Ω–Ω—ã–π –Ω–æ–∂ 
 - 100 –∫—É–Ω (10 –µ—Å–ª–∏ –Ω–∞–¥–µ—Ç—å) –∑–∞ –¥—É–±–æ–≤—ã–π —â–∏—Ç 
–•–æ–∑—è–π–∫–∞ —Å–∫–∞–∑–∞–ª–∞ –≤–∞–º : "–í —Å—É–º–º–µ —ç—Ç–æ —Å–æ—Å—Ç–∞–≤–∏—Ç 240 –∫—É–Ω –≤ –¥–µ–Ω—å ."
–•–æ–∑—è–π–∫–∞ —Å–∫–∞–∑–∞–ª–∞ –≤–∞–º : "–¢–∞–∫ —É–∂ –∏ –±—ã—Ç—å, —è —Å–∫–æ—â—É —Ç–µ–±–µ –ø–æ–ª–æ–≤–∏–Ω—É."
–•–æ–∑—è–π–∫–∞ —Å–∫–∞–∑–∞–ª–∞ –≤–∞–º :

"–ü–æ—Å—Ç–æ–π –æ–±–æ–π–¥–µ—Ç—Å—è —Ç–µ–±–µ –≤ 120 –∫—É–Ω."
"–¢–≤–æ–∏—Ö –¥–µ–Ω–µ–≥ —Ö–≤–∞—Ç–∏—Ç –Ω–∞ 11 –¥–Ω–µ–π."
–•–æ–∑—è–π–∫–∞ –∑–∞–ø–µ—Ä–ª–∞ –≤–∞—à–∏ –≤–µ—â–∏ –≤ —Å—É–Ω–¥—É–∫ –∏ –ø–æ–≤–µ–ª–∞ –≤ —Ç–µ—Å–Ω—É—é –∫–∞–º–æ—Ä–∫—É.

0) –û—Ç—Å–æ–µ–¥–∏–Ω–∏—Ç—å—Å—è.
1) –ù–∞—á–∞—Ç—å –∏–≥—Ä—É.
2) –í–≤–µ—Å—Ç–∏ –æ–ø–∏—Å–∞–Ω–∏–µ –≤–∞—à–µ–≥–æ –ø–µ—Ä—Å–æ–Ω–∞–∂–∞.
3) –£–∑–Ω–∞—Ç—å –∏—Å—Ç–æ—Ä–∏—é.
4) –ò–∑–º–µ–Ω–∏—Ç—å –ø–∞—Ä–æ–ª—å.
5) –£–¥–∞–ª–∏—Ç—å –ø–µ—Ä—Å–æ–Ω–∞–∂–∞.
6) –ò–∑–º–µ–Ω–∏—Ç—å –ø–∞—Ä–∞–º–µ—Ç—Ä—ã –ø–µ—Ä—Å–æ–Ω–∞–∂–∞.
7) –í–∫–ª—é—á–∏—Ç—å/–≤—ã–∫–ª—é—á–∏—Ç—å —Ä–µ–∂–∏–º —Å–ª–µ–ø–æ–≥–æ –∏–≥—Ä–æ–∫–∞.
8) –ü–æ—Å–º–æ—Ç—Ä–µ—Ç—å –≤—Å–µ—Ö –ø–µ—Ä—Å–æ–Ω–∞–∂–µ–π –Ω–∞ –¥–∞–Ω–Ω–æ–º email'e.

   –ß–µ–≥–æ –≤–∞—à–∞ –¥—É—à–∞ –∂–µ–ª–∞–µ—Ç? ˇ˘
–î–æ –≤—Å—Ç—Ä–µ—á–∏ –Ω–∞ –∑–µ–º–ª–µ –ö–∏–µ–≤—Å–∫–æ–π.
–í —Å–ª—É—á–∞–µ –≤–∞—à–µ–≥–æ –æ—Ç—Å—É—Ç—Å—Ç–≤–∏—è –ø–µ—Ä—Å–æ–Ω–∞–∂ –±—É–¥–µ—Ç —Ö—Ä–∞–Ω–∏—Ç—å—Å—è –¥–æ 07:43:32 22 –ê–ø—Ä–µ–ª—è 2020 –≥–æ–¥–∞ –Ω–∞—à–µ–π —ç—Ä—ã :).
ˇ˘