ˇ˚Eˇ˚Vˇ˚U
Online: 130

Using keytable
  0) Koi-8
  1) Alt
  2) Windows(JMC,MMC)
  3) Windows(zMUD)
  4) Windows(zMUD 'z')
  5) UTF-8
  6) Windows(zMUD <6.39)
  9) TECT...
Select one :  -----------------------------------------------------------------------------                   
          Based On CircleMUD v3.0   Created by Jeremy Elson,   
          DikuMUD Gamma 0.0  by Sebastian Hammer, Michael Seifert, 
          Hans Henrik Staerfeldt, Tom Madsen, Katja Nyboe
 _____________________________________________________________________________

    #######
    ##    
    ##        ####    ####      ####  ####  ####  ####  ####  ####    ####
    #######    ######  ##     ## ##    ##  ####    ##    ##    ######  ##
    ##    ##   ##   ## ##    ##  ##    ####  ##    ########    ##   ## ##
    ##    ##   ##   ## ##    ##  ##    ###   ##    ##    ##    ##   ## ##
    #######   ####### ####  ###  ###  ####  ####  ####  ####  ####### ####

                   –ü–û –ü–†–ï–î–ê–ù–ò–Ø–ú –†–£–°–°–ö–ò–• –ù–ê–†–û–î–ù–´–• –°–ö–ê–ó–û–ö –ò –ë–´–õ–ò–ù.

             –ü–æ –∞–¥–º–∏–Ω–∏—Å—Ç—Ä–∞—Ç–∏–≤–Ω—ã–º –≤–æ–ø—Ä–æ—Å–∞–º –º–æ–∂–µ—Ç–µ —Å–≤—è–∑–∞—Ç—å—Å—è —Å –°—Ç—Ä–∏–±–æ–≥–æ–º
                          e-mail: stribog@bylins.su

                      –ü–æ—Å–µ—Ç–∏—Ç–µ –Ω–∞—à —Å–∞–π—Ç: www.bylins.su
                –î–ª—è –±–æ–ª–µ–µ –ø–æ–¥—Ä–æ–±–Ω–æ–π –∏–≥—Ä–æ–≤–æ–π –∏–Ω—Ñ–æ—Ä–º–∞—Ü–∏–∏ –ø–æ—Å–µ—Ç–∏—Ç–µ 
                         https://wiki.bylins.su

–í–≤–µ–¥–∏—Ç–µ –∏–º—è –ø–µ—Ä—Å–æ–Ω–∞–∂–∞ (–∏–ª–∏ "–Ω–æ–≤—ã–π" –¥–ª—è —Å–æ–∑–¥–∞–Ω–∏—è –Ω–æ–≤–æ–≥–æ): –ü–µ—Ä—Å–æ–Ω–∞–∂ —Å —Ç–∞–∫–∏–º –∏–º–µ–Ω–µ–º —É–∂–µ —Å—É—â–µ—Å—Ç–≤—É–µ—Ç. –í–≤–µ–¥–∏—Ç–µ –ø–∞—Ä–æ–ª—å : ˇ˘

–ü–æ—Å–ª–µ–¥–Ω–∏–π —Ä–∞–∑ –≤—ã –∑–∞—Ö–æ–¥–∏–ª–∏ –∫ –Ω–∞–º –≤ 04:45:34  9 –î–µ–∫–∞–±—Ä—è 2021 –≥–æ–¥–∞ —Å –∞–¥—Ä–µ—Å–∞ (69.181.166.191).

* –í —Å–≤—è–∑–∏ —Å –ø—Ä–æ–±–ª–µ–º–∞–º–∏ –ø–µ—Ä–µ–≤–æ–¥–∞ —Ñ—Ä–∞–∑—ã ANYKEY –Ω–∞–∂–º–∏—Ç–µ ENTER *ˇ˘
  –î–æ–±—Ä–æ –ø–æ–∂–∞–ª–æ–≤–∞—Ç—å –Ω–∞ –∑–µ–º–ª—é –ö–∏–µ–≤—Å–∫—É—é, –±–æ–≥–∞—Ç—É—é –∏—Å—Ç–æ—Ä–∏–µ–π –∏ —Å–∞–º—ã–º–∏ –Ω–µ–≤–µ—Ä–æ—è—Ç–Ω—ã–º–∏
–ø—Ä–∏–∫–ª—é—á–µ–Ω–∏—è–º–∏. –í–æ–∑–º–æ–∂–Ω–æ, –≤–∞–º –æ–Ω–∏ –ø–æ–Ω—Ä–∞–≤—è—Ç—Å—è, –∏ –≤—ã —Å—Ç–∞–Ω–µ—Ç–µ –≤ –æ–¥–∏–Ω —Ä—è–¥ —Å –≥–µ—Ä–æ—è–º–∏
–¥–∞–≤–Ω–æ –º–∏–Ω—É–≤—à–∏—Ö –¥–Ω–µ–π.

[1;37m** –ù–∞ —Å–µ–π —Ä–∞–∑ –ø–æ—Å—Ç–æ–π –±—ã–ª –±–µ—Å–ø–ª–∞—Ç–Ω—ã–º **[0;37m

–í–∞—Å –æ–∂–∏–¥–∞—é—Ç —Å–æ–æ–±—â–µ–Ω–∏—è:
  18 –≤ —Ä–∞–∑–¥–µ–ª–µ '–ë–∞–∑–∞—Ä–Ω–∞—è –ø–ª–æ—â–∞–¥—å' [1;37m(–í–µ—á–µ)[0;37m.
  10 –≤ —Ä–∞–∑–¥–µ–ª–µ '–ò–¥–µ–∏ –∏ –∏—Ö –æ–±—Å—É–∂–¥–µ–Ω–∏–µ' [1;37m(–ò–¥–µ–∏)[0;37m.
   2 –≤ —Ä–∞–∑–¥–µ–ª–µ '–°–æ–æ–±—â–µ–Ω–∏—è –æ—Ç –∞–¥–º–∏–Ω–∏—Å—Ç—Ä–∞—Ü–∏–∏' [1;37m(–ê–Ω–æ–Ω—Å—ã)[0;37m.
[1;36m–ö–æ–º–Ω–∞—Ç—ã –æ—Ç–¥—ã—Ö–∞ [5000][0;37m
   –•–æ–∑—è–∏–Ω —É—Å—Ç—Ä–æ–∏–ª –∑–¥–µ—Å—å –∫–æ–º–Ω–∞—Ç—ã –¥–ª—è –æ—Ç–¥—ã—Ö–∞. –õ—é–±–æ–π –∂–µ–ª–∞—é—â–∏–π –º–æ–∂–µ—Ç –æ—Å—Ç–∞–Ω–æ–≤–∏—Ç—å—Å—è
–∑–¥–µ—Å—å –∏ –ø–µ—Ä–µ–¥–æ—Ö–Ω—É—Ç—å –ø–æ—Å–ª–µ –¥–∞–ª—å–Ω–µ–π –¥–æ—Ä–æ–≥–∏. –°–≤–µ—Ç–ª—ã–µ –≥–æ—Ä–Ω–∏—Ü—ã —Ç–∞–∫ –∏ –ø—Ä–∏–≥–ª–∞—à–∞—é—Ç
–ø—Ä–æ–π—Ç–∏ –≤ –Ω–∏—Ö –∏ —Ä–∞—Å—Ç—è–Ω—É—Ç—å—Å—è –Ω–∞ –ø–µ—Ä–∏–Ω–µ, –Ω–∞ –ø—É—Ö–æ–≤–æ–π –¥–∞ –∑–∞–±—ã—Ç—å—Å—è —Å–Ω–æ–º –±–æ–≥–∞—Ç—ã—Ä—Å–∫–∏–º.
–ó–¥–µ—Å—å –∂–µ –º–æ–∂–Ω–æ –ø–æ–¥–æ–∂–¥–∞—Ç—å —Å–≤–æ–∏—Ö –∫–æ–º–ø–∞–Ω—å–æ–Ω–æ–≤ –ø–µ—Ä–µ–¥ –¥–æ–ª–≥–æ–π –¥–æ—Ä–æ–≥–æ–π, –ø–æ–≥–æ–≤–æ—Ä–∏—Ç—å
–æ –¥–∞–ª—å–Ω–µ–π—à–∏—Ö –ø–ª–∞–Ω–∞—Ö.
[1;32m–°–æ–≤—Å–µ–º –º–∞–ª—ã—Ö, –¥–∞ –Ω–µ –æ–±—É—á–µ–Ω–Ω—ã—Ö —Ç–∞–∫ –∏ —Ç—è–Ω–µ—Ç [1;33m–≤–æ–π—Ç–∏ [1;32m–≤ [1;33m—à–∫–æ–ª—É[1;32m.[0;0m
[0;36m[ Exits: d ][0;37m
[1;33m–î–æ—Å–∫–∞ –¥–ª—è —Ä–∞–∑–ª–∏—á–Ω—ã—Ö –∑–∞–º–µ—Ç–æ–∫ –∏ –æ–±—ä—è–≤–ª–µ–Ω–∏–π –ø—Ä–∏–±–∏—Ç–∞ —Ç—É—Ç ..–±–ª–µ—Å—Ç–∏—Ç!
[1;31m–ú–µ—Å—Ç–Ω–∞—è –∂–∏—Ç–µ–ª—å–Ω–∏—Ü–∞ –∏–¥–µ—Ç –ø–æ —Å–≤–æ–∏–º –¥–µ–ª–∞–º.
–ú–µ—Å—Ç–Ω–∞—è –∂–∏—Ç–µ–ª—å–Ω–∏—Ü–∞ –∏–¥–µ—Ç –ø–æ —Å–≤–æ–∏–º –¥–µ–ª–∞–º.
–ú–µ—Å—Ç–Ω—ã–π –∂–∏—Ç–µ–ª—å –∏–¥–µ—Ç –∑–¥–µ—Å—å.
–•–æ–∑—è–π–∫–∞ –ø–æ—Å—Ç–æ—è–ª–æ–≥–æ –¥–≤–æ—Ä–∞ —Ä–∞—Å–ø–æ—Ä—è–∂–∞–µ—Ç—Å—è –∑–¥–µ—Å—å.
[0;0m
–î–µ—Ä–µ–≤–Ω—è —É —Ä–µ–∫–∏ (2-–∞—è —Ä–æ–¥–æ–≤–∞—è).

[0;32m211H[0;37m [0;32m98M[0;37m 10301–æ –ó–∞—É—á:0 –í—ã—Ö:v> ˇ˘–ß–∞–≤–æ?

[0;32m211H[0;37m [0;32m98M[0;37m 10301–æ –ó–∞—É—á:0 –í—ã—Ö:v> ˇ˘[1;30m–°–º–æ—Ç—Ä–∏ - –≤–æ—Ä–æ–Ω–∞ –≤ —Ä–æ—Ç –∑–∞–ª–µ—Ç–∏—Ç.[0;0m

[0;32m211H[0;37m [0;32m98M[0;37m 10301–æ –ó–∞—É—á:0 –í—ã—Ö:v> ˇ˘–í—ã –ì–µ–Ω–æ–¥ (–†—É—Å–∏—á, –°–µ–≤–µ—Ä—è–Ω–∏–Ω, –Ø–∑—ã—á–Ω–∏–∫, –±–æ–≥–∞—Ç—ã—Ä—å 7 —É—Ä–æ–≤–Ω—è).
–°–µ–π—á–∞—Å –≤–∞–º 18 –ª–µ—Ç. 
–í—ã –º–æ–∂–µ—Ç–µ –≤—ã–¥–µ—Ä–∂–∞—Ç—å 211(211) –µ–¥–∏–Ω–∏—Ü –ø–æ–≤—Ä–µ–∂–¥–µ–Ω–∏—è, –∏ –ø—Ä–æ–π—Ç–∏ 98(98) –≤–µ—Ä—Å—Ç –ø–æ —Ä–æ–≤–Ω–æ–π –º–µ—Å—Ç–Ω–æ—Å—Ç–∏.
[1;36m–í–∞—à–∏ —Ö–∞—Ä–∞–∫—Ç–µ—Ä–∏—Å—Ç–∏–∫–∏ :
  –°–∏–ª–∞ : 25(25)  –ü–æ–¥–≤ : 11(11)  –¢–µ–ª–æ : 25(25)  –ú—É–¥—Ä : 13(13)  –£–º   : 11(11)  –û–±–∞—è–Ω: 10(10)
  –†–∞–∑–º–µ—Ä  50( 50)  –†–æ—Å—Ç   193(193)  –í–µ—Å    143(143)[0;37m
[1;32m–í–∞—à–∏ –±–æ–µ–≤—ã–µ –∫–∞—á–µ—Å—Ç–≤–∞ :
  –ó–∞—â–∏—Ç–∞  (AC)     :    9 - [0;31m–í—ã –ø–æ—á—Ç–∏ –ø–æ–ª–Ω–æ—Å—Ç—å—é —É—è–∑–≤–∏–º—ã[1;32m
  –ë—Ä–æ–Ω—è/–ü–æ–≥–ª–æ—â–µ–Ω–∏–µ :   20/0[0;0m
–í–∞—à –æ–ø—ã—Ç - 58699 –æ—á–∫–æ–≤. –í–∞–º –æ—Å—Ç–∞–ª–æ—Å—å –Ω–∞–±—Ä–∞—Ç—å 10301 –æ—á–∫–æ –¥–æ —Å–ª–µ–¥—É—é—â–µ–≥–æ —É—Ä–æ–≤–Ω—è.
–£ –≤–∞—Å –Ω–∞ —Ä—É–∫–∞—Ö 250 –∫—É–Ω –∏ 0 –≥—Ä–∏–≤–µ–Ω.
–í—ã –º–æ–∂–µ—Ç–µ –≤—Å—Ç—É–ø–∏—Ç—å –≤ –≥—Ä—É–ø–ø—É —Å –º–∞–∫—Å–∏–º–∞–ª—å–Ω–æ–π —Ä–∞–∑–Ω–∏—Ü–µ–π –≤ 5 —É—Ä–æ–≤–Ω–µ–π –±–µ–∑ –ø–æ—Ç–µ—Ä—å –¥–ª—è –æ–ø—ã—Ç–∞.
–í—ã –∏–≥—Ä–∞–µ—Ç–µ 1 –¥–µ–Ω—å 1 —á–∞—Å —Ä–µ–∞–ª—å–Ω–æ–≥–æ –≤—Ä–µ–º–µ–Ω–∏.
–í—ã —Å—Ç–æ–∏—Ç–µ.
[1;32m[0;37m[1;32m–¢—É—Ç –≤—ã —á—É–≤—Å—Ç–≤—É–µ—Ç–µ —Å–µ–±—è –≤ –±–µ–∑–æ–ø–∞—Å–Ω–æ—Å—Ç–∏.[0;37m

[0;32m211H[0;37m [0;32m98M[0;37m 10301–æ –ó–∞—É—á:0 –í—ã—Ö:v> ˇ˘
[1;33m–ë–∞–∑–∞—Ä : –Ω–æ–≤—ã–π –ª–æ—Ç (16) - –Ω–æ–∂–Ω—ã –∏–∑ —á–µ—Ä–Ω–æ–π –∫–æ–∂–∏ –ó–º–µ—è-–ó–∞–º–æ—Ä—ã—à–∞ - —Ü–µ–Ω–∞ 5555 –∫—É–Ω. 

[0;0m
[0;32m211H[0;37m [0;32m98M[0;37m 10301–æ –ó–∞—É—á:0 –í—ã—Ö:v> ˇ˘ [0;36m-------------------------------------------------------------------------------------
 || [0;37m–í—ã –ì–µ–Ω–æ–¥, –±–æ–≥–∞—Ç—ã—Ä—å.                                                             [0;36m||
 -------------------------------------------------------------------------------------
 || [0;37m–ü–ª–µ–º—è: –†—É—Å–∏—á       [0;36m| [1;36m–†–æ—Å—Ç:        193(193) [0;36m| [1;32m–ë—Ä–æ–Ω—è:         20 [0;36m| [1;33m–°–æ–ø—Ä–æ—Ç–∏–≤–ª–µ–Ω–∏–µ: [0;36m||
 || [0;37m–†–æ–¥: –°–µ–≤–µ—Ä—è–Ω–∏–Ω     [0;36m| [1;36m–í–µ—Å:         143(143) [0;36m| [1;32m–ó–∞—â–∏—Ç–∞:         9 [0;36m| [1;31m–û–≥–Ω—é:        0 [0;36m||
 || [0;37m–í–µ—Ä–∞: –Ø–∑—ã—á–Ω–∏–∫      [0;36m| [1;36m–†–∞–∑–º–µ—Ä:       50( 50) [0;36m| [1;32m–ü–æ–≥–ª–æ—â–µ–Ω–∏–µ:     0 [0;36m| [1;37m–í–æ–∑–¥—É—Ö—É:     0 [0;36m||
 || [0;37m–£—Ä–æ–≤–µ–Ω—å: [1;37m7         [0;36m| [1;36m–°–∏–ª–∞:          25(25) [0;36m| [1;32m–ê—Ç–∞–∫–∞:        -13 [0;36m| [1;36m–í–æ–¥–µ:        0 [0;36m||
 || [0;37m–ü–µ—Ä–µ–≤–æ–ø–ª–æ—â–µ–Ω–∏–π: [1;37m0  [0;36m| [1;36m–õ–æ–≤–∫–æ—Å—Ç—å:      11(11) [0;36m| [1;32m–£—Ä–æ–Ω:          16 [0;36m| [0;33m–ó–µ–º–ª–µ:       0 [0;36m||
 || [0;37m–í–æ–∑—Ä–∞—Å—Ç: [1;37m18        [0;36m| [1;36m–¢–µ–ª–æ—Å–ª–æ–∂–µ–Ω–∏–µ:  25(25) [0;36m|-------------------| [1;30m–¢—å–º–µ:        0[0;36m ||
 || [0;37m–û–ø—ã—Ç: [1;37m58699        [0;36m| [1;36m–ú—É–¥—Ä–æ—Å—Ç—å:      13(13) [0;36m| [1;32m–ö–æ–ª–¥–æ–≤—Å—Ç–≤–æ:     0 [0;36m|[0;36m----------------||
 || [0;37m–î–°–£: [1;37m10301         [0;36m| [1;36m–£–º:            11(11) [0;36m| [1;32m–ó–∞–ø–æ–º–∏–Ω–∞–Ω–∏–µ:  100 [0;36m| [1;33m–ñ–∏–≤—É—á–µ—Å—Ç—å:   0 [0;36m||
 || [0;37m–î–µ–Ω–µ–≥: [1;37m250         [0;36m| [1;36m–û–±–∞—è–Ω–∏–µ:       10(10) [0;36m|-------------------| [1;33m–†–∞–∑—É–º:       0 [0;36m||
 || [0;37m–ù–∞ —Å—á–µ—Ç—É: [1;37m0        [0;36m| [1;36m–ñ–∏–∑–Ω—å:      211( 211) [0;36m| [0;32m–í–æ–ª—è:          13[0;36m | [1;33m–ò–º–º—É–Ω–∏—Ç–µ—Ç:   0 [0;36m||
 || [0;37m–í—ã —Å—Ç–æ–∏—Ç–µ.         [0;36m| [1;36m–í—ã–Ω–æ—Å–ª.:      98( 98) [0;36m| [0;32m–ó–¥–æ—Ä–æ–≤—å–µ:      15 [0;36m|----------------||
 || [0;37m–ì–æ–ª–æ–¥–µ–Ω: [0;32m–Ω–µ—Ç[0;36m       |                       | [0;32m–°—Ç–æ–π–∫–æ—Å—Ç—å:     25 [0;36m| [0;31m–í–æ—Å—Å—Ç. –∂–∏–∑–Ω–∏:  [0;36m||
 || [0;37m–ñ–∞–∂–¥–∞: [0;32m–Ω–µ—Ç[0;36m         |                       | [0;32m–†–µ–∞–∫—Ü–∏—è:        1 [0;36m| [0;31m   +60% (+155) [0;36m||
 ||                    |                       | [0;32m–£–¥–∞—á–∞:          5 [0;36m| [0;31m–í–æ—Å—Å—Ç. —Å–∏–ª:    [0;36m||
 ||                    |                       | [0;32m–ò–Ω–∏—Ü–∏–∞—Ç–∏–≤–∞:     0 [0;36m| [0;31m  +100% ( +60) [0;36m||
[0;36m ||[0;0m                    [0;36m|                       [0;36m| [0;32m–ú–∞–≥. —Ä–µ–∑–∏—Å—Ç:    0[0;36m |[0;0m                [0;36m||
[0;36m ||[0;0m                    [0;36m|                       [0;36m| [0;32m–§–∏–∑. —Ä–µ–∑–∏—Å—Ç:    0[0;36m |[0;0m                [0;36m||[0;0m
 -------------------------------------------------------------------------------------
 || –í—ã –∑–∞—â–∏—â–µ–Ω—ã –æ—Ç –ø—Ä–∏–∑—ã–≤–∞.                                                         ||
 || [0;37m–í—ã –º–æ–∂–µ—Ç–µ –≤—Å—Ç—É–ø–∏—Ç—å –≤ –≥—Ä—É–ø–ø—É —Å –º–∞–∫—Å–∏–º–∞–ª—å–Ω–æ–π —Ä–∞–∑–Ω–∏—Ü–µ–π                             [0;36m||
 || [0;37m–≤  5 —É—Ä–æ–≤–Ω–µ–π –±–µ–∑ –ø–æ—Ç–µ—Ä—å –¥–ª—è –æ–ø—ã—Ç–∞.                                              [0;36m||
 || [1;32m–¢—É—Ç –≤—ã —á—É–≤—Å—Ç–≤—É–µ—Ç–µ —Å–µ–±—è –≤ –±–µ–∑–æ–ø–∞—Å–Ω–æ—Å—Ç–∏.                                          [0;36m||
 ||                                                                                 ||
 -------------------------------------------------------------------------------------
[0;37m
[0;32m211H[0;37m [0;32m98M[0;37m 10301–æ –ó–∞—É—á:0 –í—ã—Ö:v> ˇ˘–•–æ–∑—è–π–∫–∞ —Å–∫–∞–∑–∞–ª–∞ –≤–∞–º : "–°–µ–≥–æ–¥–Ω—è —Å–ø–∏–º –Ω–∞—Ö–∞–ª—è–≤—É!"
–•–æ–∑—è–π–∫–∞ –∑–∞–ø–µ—Ä–ª–∞ –≤–∞—à–∏ –≤–µ—â–∏ –≤ —Å—É–Ω–¥—É–∫ –∏ –ø–æ–≤–µ–ª–∞ –≤ —Ç–µ—Å–Ω—É—é –∫–∞–º–æ—Ä–∫—É.

0) –û—Ç—Å–æ–µ–¥–∏–Ω–∏—Ç—å—Å—è.
1) –ù–∞—á–∞—Ç—å –∏–≥—Ä—É.
2) –í–≤–µ—Å—Ç–∏ –æ–ø–∏—Å–∞–Ω–∏–µ –≤–∞—à–µ–≥–æ –ø–µ—Ä—Å–æ–Ω–∞–∂–∞.
3) –£–∑–Ω–∞—Ç—å –∏—Å—Ç–æ—Ä–∏—é.
4) –ò–∑–º–µ–Ω–∏—Ç—å –ø–∞—Ä–æ–ª—å.
5) –£–¥–∞–ª–∏—Ç—å –ø–µ—Ä—Å–æ–Ω–∞–∂–∞.
6) –ò–∑–º–µ–Ω–∏—Ç—å –ø–∞—Ä–∞–º–µ—Ç—Ä—ã –ø–µ—Ä—Å–æ–Ω–∞–∂–∞.
7) –í–∫–ª—é—á–∏—Ç—å/–≤—ã–∫–ª—é—á–∏—Ç—å —Ä–µ–∂–∏–º —Å–ª–µ–ø–æ–≥–æ –∏–≥—Ä–æ–∫–∞.
8) –ü–æ—Å–º–æ—Ç—Ä–µ—Ç—å –≤—Å–µ—Ö –ø–µ—Ä—Å–æ–Ω–∞–∂–µ–π –Ω–∞ –¥–∞–Ω–Ω–æ–º email'e.

   –ß–µ–≥–æ –≤–∞—à–∞ –¥—É—à–∞ –∂–µ–ª–∞–µ—Ç? ˇ˘
–î–æ –≤—Å—Ç—Ä–µ—á–∏ –Ω–∞ –∑–µ–º–ª–µ –ö–∏–µ–≤—Å–∫–æ–π.
–í —Å–ª—É—á–∞–µ –≤–∞—à–µ–≥–æ –æ—Ç—Å—É—Ç—Å—Ç–≤–∏—è –ø–µ—Ä—Å–æ–Ω–∞–∂ –±—É–¥–µ—Ç —Ö—Ä–∞–Ω–∏—Ç—å—Å—è –¥–æ 05:04:56 27 –Ø–Ω–≤–∞—Ä—è 2022 –≥–æ–¥–∞ –Ω–∞—à–µ–π —ç—Ä—ã :).
ˇ˘