ˇ˚Eˇ˚Vˇ˚U
Online: 116

Using keytable
  0) Koi-8
  1) Alt
  2) Windows(JMC,MMC)
  3) Windows(zMUD)
  4) Windows(zMUD 'z')
  5) UTF-8
  6) Windows(zMUD <6.39)
  9) TECT...
Select one :     
 -----------------------------------------------------------------------------                   
          Based On CircleMUD v3.0   Created by Jeremy Elson,   
          DikuMUD Gamma 0.0  by Sebastian Hammer, Michael Seifert, 
          Hans Henrik Staerfeldt, Tom Madsen, Katja Nyboe
 _____________________________________________________________________________

    #######
    ##    
    ##        ####    ####      ####  ####  ####  ####  ####  ####    ####
    #######    ######  ##     ## ##    ##  ####    ##    ##    ######  ##
    ##    ##   ##   ## ##    ##  ##    ####  ##    ########    ##   ## ##
    ##    ##   ##   ## ##    ##  ##    ###   ##    ##    ##    ##   ## ##
    #######   ####### ####  ###  ###  ####  ####  ####  ####  ####### ####

                   –ü–û –ü–†–ï–î–ê–ù–ò–Ø–ú –†–£–°–°–ö–ò–• –ù–ê–†–û–î–ù–´–• –°–ö–ê–ó–û–ö –ò –ë–´–õ–ò–ù.

             –ü–æ –∞–¥–º–∏–Ω–∏—Å—Ç—Ä–∞—Ç–∏–≤–Ω—ã–º –≤–æ–ø—Ä–æ—Å–∞–º –º–æ–∂–µ—Ç–µ —Å–≤—è–∑–∞—Ç—å—Å—è —Å –°—Ç—Ä–∏–±–æ–≥–æ–º
                	     e-mail: stribog@bylins.su

                       –ü–æ—Å–µ—Ç–∏—Ç–µ –Ω–∞—à —Å–∞–π—Ç: www.bylins.su
    –î–ª—è –±–æ–ª–µ–µ –ø–æ–¥—Ä–æ–±–Ω–æ–π –∏–≥—Ä–æ–≤–æ–π –∏–Ω—Ñ–æ—Ä–º–∞—Ü–∏–∏ –ø–æ—Å–µ—Ç–∏—Ç–µ www.bylins.su/?newbies

–í–≤–µ–¥–∏—Ç–µ –∏–º—è –ø–µ—Ä—Å–æ–Ω–∞–∂–∞ (–∏–ª–∏ "–Ω–æ–≤—ã–π" –¥–ª—è —Å–æ–∑–¥–∞–Ω–∏—è –Ω–æ–≤–æ–≥–æ): –ü–µ—Ä—Å–æ–Ω–∞–∂ —Å —Ç–∞–∫–∏–º –∏–º–µ–Ω–µ–º —É–∂–µ —Å—É—â–µ—Å—Ç–≤—É–µ—Ç. –í–≤–µ–¥–∏—Ç–µ –ø–∞—Ä–æ–ª—å : ˇ˘
–ü–µ—Ä–µ—Å–æ–µ–¥–∏–Ω—è–µ–º—Å—è.

[0;32m463H[0;37m [0;32m142M[0;37m 99221–æ –ó–∞—É—á:0 –í—ã—Ö:–Æ–ó> ˇ˘
–õ–µ—Å–Ω–æ–π –æ–ª–µ–Ω—å –ø—Ä–∏–±–µ–∂–∞–ª —Å —é–≥–∞.

[0;32m463H[0;37m [0;32m142M[0;37m 99221–æ –ó–∞—É—á:0 –í—ã—Ö:–Æ–ó> ˇ˘
–î–∏–∫–∞—è –ø—á–µ–ª–∞ –ø—Ä–∏–ª–µ—Ç–µ–ª–∞ —Å –∑–∞–ø–∞–¥–∞.

[0;32m463H[0;37m [0;32m142M[0;37m 99221–æ –ó–∞—É—á:0 –í—ã—Ö:–Æ–ó> ˇ˘[1;36m–†–∞–º–µ–Ω—å–µ [6760][0;37m
–°–ª–∏—à–∫–æ–º —Ç–µ–º–Ω–æ...
[0;36m[ Exits: s w ][0;37m
[1;33m–¢—Ä—É–ø –¥–∏–∫–æ–≥–æ –±—ã–∫–∞ –ª–µ–∂–∏—Ç –∑–¥–µ—Å—å.
[1;31m(–ª–µ—Ç–∏—Ç) –î–∏–∫–∞—è –ª–µ—Å–Ω–∞—è –ø—á–µ–ª–∞ –∂—É–∂–∂–∏—Ç –∑–¥–µ—Å—å –ø–æ —Å–≤–æ–∏–º –¥–µ–ª–∞–º.
–ú–æ–ª–æ–¥–æ–π –æ–ª–µ–Ω—å —É–¥–∏–≤–ª–µ–Ω–Ω–æ —Å–º–æ—Ç—Ä–∏—Ç –Ω–∞ –í–∞—Å.
–ë–æ–ª—å—à–æ–π –¥–∏–∫–∏–π –±—ã–∫ –≤–µ–ª–∏—á–∞–≤–æ –ø–µ—Ä–µ–∂–µ–≤—ã–≤–∞–µ—Ç —Ç—Ä–∞–≤—É –∑–¥–µ—Å—å.
[0;0m
[0;32m463H[0;37m [0;32m142M[0;37m 99221–æ –ó–∞—É—á:0 –í—ã—Ö:–Æ–ó> ˇ˘
–õ–µ—Å–Ω–æ–π –æ–ª–µ–Ω—å —É–±–µ–∂–∞–ª –Ω–∞ —é–≥.

[0;32m463H[0;37m [0;32m142M[0;37m 99221–æ –ó–∞—É—á:0 –í—ã—Ö:–Æ–ó> ˇ˘
–°–∏–ª—å–Ω—ã–π –≤–µ—Ç–µ—Ä.

[0;32m463H[0;37m [0;32m142M[0;37m 99221–æ –ó–∞—É—á:0 –í—ã—Ö:–Æ–ó> ˇ˘
[1;31m–ú–∏–Ω—É–ª —á–∞—Å.[0;37m

[0;32m463H[0;37m [0;32m142M[0;37m 99221–æ –ó–∞—É—á:0 –í—ã—Ö:–Æ–ó> ˇ˘[1;36m–†–∞–º–µ–Ω—å–µ [6760][0;37m
–°–ª–∏—à–∫–æ–º —Ç–µ–º–Ω–æ...
[0;36m[ Exits: s w ][0;37m
[1;33m–¢—Ä—É–ø –¥–∏–∫–æ–≥–æ –±—ã–∫–∞ –ª–µ–∂–∏—Ç –∑–¥–µ—Å—å.
[1;31m(–ª–µ—Ç–∏—Ç) –î–∏–∫–∞—è –ª–µ—Å–Ω–∞—è –ø—á–µ–ª–∞ –∂—É–∂–∂–∏—Ç –∑–¥–µ—Å—å –ø–æ —Å–≤–æ–∏–º –¥–µ–ª–∞–º.
–ë–æ–ª—å—à–æ–π –¥–∏–∫–∏–π –±—ã–∫ –≤–µ–ª–∏—á–∞–≤–æ –ø–µ—Ä–µ–∂–µ–≤—ã–≤–∞–µ—Ç —Ç—Ä–∞–≤—É –∑–¥–µ—Å—å.
[0;0m
[0;32m463H[0;37m [0;32m142M[0;37m 99221–æ –ó–∞—É—á:0 –í—ã—Ö:–Æ–ó> ˇ˘[0;33m–í—ã –ø–æ–ø—ã—Ç–∞–ª–∏—Å—å —Å–æ–∫—Ä—É—à–∏—Ç—å –¥–∏–∫–æ–≥–æ –±—ã–∫–∞, –Ω–æ –ø—Ä–æ–º–∞—Ö–Ω—É–ª–∏—Å—å.
[0;0m
[0;32m463H[0;37m [0;32m142M[0;37m 99220–æ –ó–∞—É—á:0 [0;32m[–ì–µ–Ω–æ–¥:–ù–µ–≤—Ä–µ–¥–∏–º][0;37m [0;32m[–¥–∏–∫–∏–π –±—ã–∫:–ù–µ–≤—Ä–µ–¥–∏–º][0;37m > ˇ˘
[1;33m–í—ã —Å–æ–∫—Ä—É—à–∏–ª–∏ –¥–∏–∫–æ–≥–æ –±—ã–∫–∞.
[0;0m[1;33m–í—ã –æ–≥—Ä–µ–ª–∏ –¥–∏–∫–æ–≥–æ –±—ã–∫–∞.
[0;0m[0;31m–î–∏–∫–∏–π –±—ã–∫ —Ö–æ—Ç–µ–ª –∑–∞–≤–∞–ª–∏—Ç—å –≤–∞—Å, –Ω–æ, –Ω–µ —Ä–∞—Å—Å—á–∏—Ç–∞–≤ —Å–∏–ª, —É–ø–∞–ª —Å–∞–º.
[0;0m[0;31m–î–∏–∫–∏–π –±—ã–∫ –ø–æ–ø—ã—Ç–∞–ª—Å—è —É–¥–∞—Ä–∏—Ç—å –≤–∞—Å, –Ω–æ –Ω–µ —Ä–∞—Å—Å—á–∏—Ç–∞–ª –∏ –ø—Ä–æ–º–∞—Ö–Ω—É–ª—Å—è.
[0;0m[0;31m–î–∏–∫–∏–π –±—ã–∫ –ø–æ–ø—ã—Ç–∞–ª—Å—è —É–¥–∞—Ä–∏—Ç—å –≤–∞—Å, –Ω–æ –Ω–µ —Ä–∞—Å—Å—á–∏—Ç–∞–ª –∏ –ø—Ä–æ–º–∞—Ö–Ω—É–ª—Å—è.
[0;0m
[0;32m463H[0;37m [0;32m142M[0;37m 99173–æ –ó–∞—É—á:0 [0;32m[–ì–µ–Ω–æ–¥:–ù–µ–≤—Ä–µ–¥–∏–º][0;37m [1;32m[–¥–∏–∫–∏–π –±—ã–∫:–õ–µ–≥–∫–æ —Ä–∞–Ω–µ–Ω][0;37m > ˇ˘
[1;33m–í—ã —Å–æ–∫—Ä—É—à–∏–ª–∏ –¥–∏–∫–æ–≥–æ –±—ã–∫–∞.
[0;0m[0;33m–í—ã –ø–æ–ø—ã—Ç–∞–ª–∏—Å—å –æ–≥—Ä–µ—Ç—å –¥–∏–∫–æ–≥–æ –±—ã–∫–∞, –Ω–æ –≤–∞—à —É–¥–∞—Ä –Ω–µ –¥–æ—Å—Ç–∏–≥ —Ü–µ–ª–∏.
[0;0m[0;31m–î–∏–∫–∏–π –±—ã–∫ –ø—Ä–æ–º–∞–∑–∞–ª, –∫–æ–≥–¥–∞ —Ö–æ—Ç–µ–ª —É–¥–∞—Ä–∏—Ç—å –≤–∞—Å.
[0;0m[0;31m–î–∏–∫–∏–π –±—ã–∫ –ø–æ–ø—ã—Ç–∞–ª—Å—è —É–¥–∞—Ä–∏—Ç—å –≤–∞—Å, –Ω–æ –Ω–µ —Ä–∞—Å—Å—á–∏—Ç–∞–ª –∏ –ø—Ä–æ–º–∞—Ö–Ω—É–ª—Å—è.
[0;0m
[0;32m463H[0;37m [0;32m142M[0;37m 99136–æ –ó–∞—É—á:0 [0;32m[–ì–µ–Ω–æ–¥:–ù–µ–≤—Ä–µ–¥–∏–º][0;37m [1;32m[–¥–∏–∫–∏–π –±—ã–∫:–õ–µ–≥–∫–æ —Ä–∞–Ω–µ–Ω][0;37m > ˇ˘
[0;31m–î–∏–∫–∏–π –±—ã–∫ –ø–æ–ø—ã—Ç–∞–ª—Å—è —É–¥–∞—Ä–∏—Ç—å –≤–∞—Å, –Ω–æ –Ω–µ —Ä–∞—Å—Å—á–∏—Ç–∞–ª –∏ –ø—Ä–æ–º–∞—Ö–Ω—É–ª—Å—è.
[0;0m[0;31m–î–∏–∫–∏–π –±—ã–∫ –ø–æ–ø—ã—Ç–∞–ª—Å—è —É–¥–∞—Ä–∏—Ç—å –≤–∞—Å, –Ω–æ –Ω–µ —Ä–∞—Å—Å—á–∏—Ç–∞–ª –∏ –ø—Ä–æ–º–∞—Ö–Ω—É–ª—Å—è.
[0;0m[1;33m–í—ã —Å–æ–∫—Ä—É—à–∏–ª–∏ –¥–∏–∫–æ–≥–æ –±—ã–∫–∞.
[0;0m[1;33m–í—ã –æ–≥—Ä–µ–ª–∏ –¥–∏–∫–æ–≥–æ –±—ã–∫–∞.
[0;0m
[0;32m463H[0;37m [0;32m142M[0;37m 99069–æ –ó–∞—É—á:0 [0;32m[–ì–µ–Ω–æ–¥:–ù–µ–≤—Ä–µ–¥–∏–º][0;37m [1;32m[–¥–∏–∫–∏–π –±—ã–∫:–†–∞–Ω–µ–Ω][0;37m > ˇ˘
–î–∏–∫–∏–π –±—ã–∫ –ø–æ–¥–Ω—è–ª—Å—è.
[1;33m–í—ã —Å–æ–∫—Ä—É—à–∏–ª–∏ –¥–∏–∫–æ–≥–æ –±—ã–∫–∞.
[0;0m[1;33m–í—ã –æ–≥—Ä–µ–ª–∏ –¥–∏–∫–æ–≥–æ –±—ã–∫–∞.
[0;0m[0;31m–î–∏–∫–∏–π –±—ã–∫ —Ö–æ—Ç–µ–ª –∑–∞–≤–∞–ª–∏—Ç—å –≤–∞—Å, –Ω–æ, –Ω–µ —Ä–∞—Å—Å—á–∏—Ç–∞–≤ —Å–∏–ª, —É–ø–∞–ª —Å–∞–º.
[0;0m[1;31m–î–∏–∫–∏–π –±—ã–∫ –ª–µ–≥–æ–Ω—å–∫–æ —É–¥–∞—Ä–∏–ª –≤–∞—Å.
[0;0m[0;31m–î–∏–∫–∏–π –±—ã–∫ –ø—Ä–æ–º–∞–∑–∞–ª, –∫–æ–≥–¥–∞ —Ö–æ—Ç–µ–ª —É–¥–∞—Ä–∏—Ç—å –≤–∞—Å.
[0;0m
[0;32m459H[0;37m [0;32m142M[0;37m 99016–æ –ó–∞—É—á:0 [0;32m[–ì–µ–Ω–æ–¥:–°–ª–µ–≥–∫–∞ —Ä–∞–Ω–µ–Ω][0;37m [1;33m[–¥–∏–∫–∏–π –±—ã–∫:–†–∞–Ω–µ–Ω][0;37m > ˇ˘
[1;33m–í—ã —Å–æ–∫—Ä—É—à–∏–ª–∏ –¥–∏–∫–æ–≥–æ –±—ã–∫–∞.
[0;0m[1;33m–í—ã –æ–≥—Ä–µ–ª–∏ –¥–∏–∫–æ–≥–æ –±—ã–∫–∞.
[0;0m[0;31m–î–∏–∫–∏–π –±—ã–∫ –ø—Ä–æ–º–∞–∑–∞–ª, –∫–æ–≥–¥–∞ —Ö–æ—Ç–µ–ª —É–¥–∞—Ä–∏—Ç—å –≤–∞—Å.
[0;0m[0;31m–î–∏–∫–∏–π –±—ã–∫ –ø—Ä–æ–º–∞–∑–∞–ª, –∫–æ–≥–¥–∞ —Ö–æ—Ç–µ–ª —É–¥–∞—Ä–∏—Ç—å –≤–∞—Å.
[0;0m
[0;32m463H[0;37m [0;32m142M[0;37m 98957–æ –ó–∞—É—á:0 [0;32m[–ì–µ–Ω–æ–¥:–ù–µ–≤—Ä–µ–¥–∏–º][0;37m [1;31m[–¥–∏–∫–∏–π –±—ã–∫:–¢—è–∂–µ–ª–æ —Ä–∞–Ω–µ–Ω][0;37m > ˇ˘
[1;33m–í—ã —Å–∏–ª—å–Ω–æ —Å–æ–∫—Ä—É—à–∏–ª–∏ –¥–∏–∫–æ–≥–æ –±—ã–∫–∞.
[0;0m[0;33m–í—ã –ø–æ–ø—ã—Ç–∞–ª–∏—Å—å –æ–≥—Ä–µ—Ç—å –¥–∏–∫–æ–≥–æ –±—ã–∫–∞, –Ω–æ –ø—Ä–æ–º–∞—Ö–Ω—É–ª–∏—Å—å.
[0;0m[0;31m–î–∏–∫–∏–π –±—ã–∫ –ø—Ä–æ–º–∞–∑–∞–ª, –∫–æ–≥–¥–∞ —Ö–æ—Ç–µ–ª —É–¥–∞—Ä–∏—Ç—å –≤–∞—Å.
[0;0m[0;31m–î–∏–∫–∏–π –±—ã–∫ –ø–æ–ø—ã—Ç–∞–ª—Å—è —É–¥–∞—Ä–∏—Ç—å –≤–∞—Å, –Ω–æ –Ω–µ —Ä–∞—Å—Å—á–∏—Ç–∞–ª –∏ –ø—Ä–æ–º–∞—Ö–Ω—É–ª—Å—è.
[0;0m
[0;32m463H[0;37m [0;32m142M[0;37m 98913–æ –ó–∞—É—á:0 [0;32m[–ì–µ–Ω–æ–¥:–ù–µ–≤—Ä–µ–¥–∏–º][0;37m [1;31m[–¥–∏–∫–∏–π –±—ã–∫:–¢—è–∂–µ–ª–æ —Ä–∞–Ω–µ–Ω][0;37m > ˇ˘
–î–∏–∫–∏–π –±—ã–∫ –ø–æ–¥–Ω—è–ª—Å—è.
[1;31m–í—ã –ø–æ–ª–µ—Ç–µ–ª–∏ –Ω–∞ –∑–µ–º–ª—é –æ—Ç –º–æ—â–Ω–æ–≥–æ —É–¥–∞—Ä–∞ –¥–∏–∫–æ–≥–æ –±—ã–∫–∞.
[0;0m[0;31m–î–∏–∫–∏–π –±—ã–∫ –ø—Ä–æ–º–∞–∑–∞–ª, –∫–æ–≥–¥–∞ —Ö–æ—Ç–µ–ª —É–¥–∞—Ä–∏—Ç—å –≤–∞—Å.
[0;0m[0;31m–î–∏–∫–∏–π –±—ã–∫ –ø—Ä–æ–º–∞–∑–∞–ª, –∫–æ–≥–¥–∞ —Ö–æ—Ç–µ–ª —É–¥–∞—Ä–∏—Ç—å –≤–∞—Å.
[0;0m[1;37m–í–∞–º –ª—É—á—à–µ –≤—Å—Ç–∞—Ç—å –Ω–∞ –Ω–æ–≥–∏![0;37m
[1;33m–í—ã —Å–æ–∫—Ä—É—à–∏–ª–∏ –¥–∏–∫–æ–≥–æ –±—ã–∫–∞.
[0;0m[1;33m–í—ã –æ–≥—Ä–µ–ª–∏ –¥–∏–∫–æ–≥–æ –±—ã–∫–∞.
[0;0m
[0;32m461H[0;37m [0;32m142M[0;37m 98871–æ –ó–∞—É—á:0 [0;32m[–ì–µ–Ω–æ–¥:–°–ª–µ–≥–∫–∞ —Ä–∞–Ω–µ–Ω][0;37m [0;31m[–¥–∏–∫–∏–π –±—ã–∫:–û.—Ç—è–∂–µ–ª–æ —Ä–∞–Ω–µ–Ω][0;37m > ˇ˘
[1;37m–í–∞–º –ª—É—á—à–µ –≤—Å—Ç–∞—Ç—å –Ω–∞ –Ω–æ–≥–∏![0;37m
[1;33m–í—ã —Å–æ–∫—Ä—É—à–∏–ª–∏ –¥–∏–∫–æ–≥–æ –±—ã–∫–∞.
[0;0m[1;33m–í—ã –æ–≥—Ä–µ–ª–∏ –¥–∏–∫–æ–≥–æ –±—ã–∫–∞.
[0;0m[1;31m–î–∏–∫–∏–π –±—ã–∫ —É–¥–∞—Ä–∏–ª –≤–∞—Å.
[0;0m[0;31m–î–∏–∫–∏–π –±—ã–∫ –ø—Ä–æ–º–∞–∑–∞–ª, –∫–æ–≥–¥–∞ —Ö–æ—Ç–µ–ª —É–¥–∞—Ä–∏—Ç—å –≤–∞—Å.
[0;0m
[0;32m451H[0;37m [0;32m142M[0;37m 98833–æ –ó–∞—É—á:0 [0;32m[–ì–µ–Ω–æ–¥:–°–ª–µ–≥–∫–∞ —Ä–∞–Ω–µ–Ω][0;37m [0;31m[–¥–∏–∫–∏–π –±—ã–∫:–û.—Ç—è–∂–µ–ª–æ —Ä–∞–Ω–µ–Ω][0;37m > ˇ˘
[1;37m–í–∞–º –ª—É—á—à–µ –≤—Å—Ç–∞—Ç—å –Ω–∞ –Ω–æ–≥–∏![0;37m
[1;33m–í—ã —Å–æ–∫—Ä—É—à–∏–ª–∏ –¥–∏–∫–æ–≥–æ –±—ã–∫–∞.
[0;0m–î–∏–∫–∏–π –±—ã–∫ –±–µ–∑ —Å–æ–∑–Ω–∞–Ω–∏—è, –Ω–æ –≤–æ–∑–º–æ–∂–Ω–æ –æ–Ω –µ—â–µ –ø–æ–≤–æ—é–µ—Ç (–ø–æ–ø–æ–∑–∂–µ :).
[1;33m–° –∫—Ä–∏–∫–æ–º "–ê –≤–æ—Ç —Ç–≤–æ—è –ø–∞–Ω–∞–º–∞!" –≤—ã —Ä–∞–∑–º–æ–∑–∂–∏–ª–∏ –≥–æ–ª–æ–≤—É –¥–∏–∫–æ–º—É –±—ã–∫—É.
[0;0m–î–∏–∫–∏–π –±—ã–∫ –º–µ—Ä—Ç–≤, –µ–≥–æ –¥—É—à–∞ –º–µ–¥–ª–µ–Ω–Ω–æ –ø–æ–¥—ã–º–∞–µ—Ç—Å—è –≤ –Ω–µ–±–µ—Å–∞.
–í–∞—à –æ–ø—ã—Ç –ø–æ–≤—ã—Å–∏–ª—Å—è –Ω–∞ 2016 –æ—á–∫–æ–≤.

[0;32m457H[0;37m [0;32m142M[0;37m 96796–æ –ó–∞—É—á:0 –í—ã—Ö:–Æ–ó> ˇ˘–ü–æ–∂–∞–ª—É–π, –≤–∞–º –ª—É—á—à–µ –≤—Å—Ç–∞—Ç—å –Ω–∞ –Ω–æ–≥–∏.

[0;32m463H[0;37m [0;32m142M[0;37m 96796–æ –ó–∞—É—á:0 –í—ã—Ö:–Æ–ó> ˇ˘–í—ã –≤–∑—è–ª–∏ –±—ã—á—å–∏ —Å—É—Ö–æ–∂–∏–ª—å—è –∏–∑ —Ç—Ä—É–ø–∞ –¥–∏–∫–æ–≥–æ –±—ã–∫–∞.

[0;32m463H[0;37m [0;32m142M[0;37m 96796–æ –ó–∞—É—á:0 –í—ã—Ö:–Æ–ó> ˇ˘
–î–∏–∫–∞—è –ø—á–µ–ª–∞ –ø—Ä–∏–ª–µ—Ç–µ–ª–∞ —Å —é–≥–∞.

[0;32m463H[0;37m [0;32m142M[0;37m 96796–æ –ó–∞—É—á:0 –í—ã—Ö:–Æ–ó> ˇ˘
–î–∏–∫–∞—è –ø—á–µ–ª–∞ —É–ª–µ—Ç–µ–ª–∞ –Ω–∞ —é–≥.

[0;32m463H[0;37m [0;32m142M[0;37m 96796–æ –ó–∞—É—á:0 –í—ã—Ö:–Æ–ó> ˇ˘[1;36m–†–∞–º–µ–Ω—å–µ [6760][0;37m
–°–ª–∏—à–∫–æ–º —Ç–µ–º–Ω–æ...
[0;36m[ Exits: s w ][0;37m
[1;33m–¢—Ä—É–ø –¥–∏–∫–æ–≥–æ –±—ã–∫–∞ –ª–µ–∂–∏—Ç –∑–¥–µ—Å—å.
–¢—Ä—É–ø –¥–∏–∫–æ–≥–æ –±—ã–∫–∞ –ª–µ–∂–∏—Ç –∑–¥–µ—Å—å.
[1;31m(–ª–µ—Ç–∏—Ç) –î–∏–∫–∞—è –ª–µ—Å–Ω–∞—è –ø—á–µ–ª–∞ –∂—É–∂–∂–∏—Ç –∑–¥–µ—Å—å –ø–æ —Å–≤–æ–∏–º –¥–µ–ª–∞–º.
[0;0m
[0;32m463H[0;37m [0;32m142M[0;37m 96796–æ –ó–∞—É—á:0 –í—ã—Ö:–Æ–ó> ˇ˘–ü–æ–∂–∞–ª—É–π, –≤–∞–º –ª—É—á—à–µ –≤—Å—Ç–∞—Ç—å –Ω–∞ –Ω–æ–≥–∏.

[0;32m463H[0;37m [0;32m142M[0;37m 96796–æ –ó–∞—É—á:0 –í—ã—Ö:–Æ–ó> ˇ˘–í—ã –≤—Å—Ç–∞–ª–∏.

[0;32m463H[0;37m [0;32m142M[0;37m 96796–æ –ó–∞—É—á:0 –í—ã—Ö:–Æ–ó> ˇ˘–í—ã –ø–æ–ø–ª–µ–ª–∏—Å—å –Ω–∞ –∑–∞–ø–∞–¥.
[1;36m–ü–æ–∫–æ—Å [6755][0;37m
–°–ª–∏—à–∫–æ–º —Ç–µ–º–Ω–æ...
[0;36m[ Exits: n e s w ][0;37m
[1;33m[1;31m[0;0m
[0;32m463H[0;37m [0;32m140M[0;37m 96796–æ –ó–∞—É—á:0 –í—ã—Ö:–°–í–Æ–ó> ˇ˘
–£–º–µ—Ä–µ–Ω–Ω—ã–π –≤–µ—Ç–µ—Ä.

[0;32m463H[0;37m [0;32m141M[0;37m 96796–æ –ó–∞—É—á:0 –í—ã—Ö:–°–í–Æ–ó> ˇ˘
[1;31m–ú–∏–Ω—É–ª —á–∞—Å.[0;37m

[0;32m463H[0;37m [0;32m141M[0;37m 96796–æ –ó–∞—É—á:0 –í—ã—Ö:–°–í–Æ–ó> ˇ˘–í—ã –ø–æ–ø–ª–µ–ª–∏—Å—å –Ω–∞ –∑–∞–ø–∞–¥.
[1;36m–ü–æ–∫–æ—Å [6752][0;37m
–°–ª–∏—à–∫–æ–º —Ç–µ–º–Ω–æ...
[0;36m[ Exits: n e s w ][0;37m
[1;33m[1;31m–ú–∞–ª–µ–Ω—å–∫–∏–π –∑–∞–π—á–∏–∫ –≤–µ—Å–µ–ª–æ –Ω–æ—Å–∏—Ç—Å—è –∑–¥–µ—Å—å.
[0;0m
[0;32m463H[0;37m [0;32m139M[0;37m 96796–æ –ó–∞—É—á:0 –í—ã—Ö:–°–í–Æ–ó> ˇ˘–í—ã –ø–æ–ø–ª–µ–ª–∏—Å—å –Ω–∞ —Å–µ–≤–µ—Ä.
[1;36m–ü–∞—à–Ω—è [6751][0;37m
–°–ª–∏—à–∫–æ–º —Ç–µ–º–Ω–æ...
[0;36m[ Exits: e s w ][0;37m
[1;33m[1;31m[0;0m
[0;32m463H[0;37m [0;32m139M[0;37m 96796–æ –ó–∞—É—á:0 –í—ã—Ö:–í–Æ–ó> ˇ˘–í—ã –ø–æ–ø–ª–µ–ª–∏—Å—å –Ω–∞ –∑–∞–ø–∞–¥.
[1;36m–ü–∞—à–Ω—è [6750][0;37m
–°–ª–∏—à–∫–æ–º —Ç–µ–º–Ω–æ...
[0;36m[ Exits: n e s w ][0;37m
[1;33m[1;31m[0;0m
[0;32m463H[0;37m [0;32m138M[0;37m 96796–æ –ó–∞—É—á:0 –í—ã—Ö:–°–í–Æ–ó> ˇ˘–í—ã –ø–æ–ø–ª–µ–ª–∏—Å—å –Ω–∞ –∑–∞–ø–∞–¥.
[1;36m–ü–∞—à–Ω—è [6721][0;37m
–°–ª–∏—à–∫–æ–º —Ç–µ–º–Ω–æ...
[0;36m[ Exits: n e s w ][0;37m
[1;33m[1;31m[0;0m
[0;32m463H[0;37m [0;32m137M[0;37m 96796–æ –ó–∞—É—á:0 –í—ã—Ö:–°–í–Æ–ó> ˇ˘–í—ã –ø–æ–ø–ª–µ–ª–∏—Å—å –Ω–∞ –∑–∞–ø–∞–¥.
[1;36m–®–∏—Ä–æ–∫–æ–µ –ø–æ–ª–µ [6711][0;37m
–°–ª–∏—à–∫–æ–º —Ç–µ–º–Ω–æ...
[0;36m[ Exits: n e ][0;37m
[1;33m–¢—Ä—É–ø –≤–µ—Å–µ–ª–æ–≥–æ —à–º–µ–ª—è –ª–µ–∂–∏—Ç –∑–¥–µ—Å—å.
[1;31m[0;0m
[0;32m463H[0;37m [0;32m137M[0;37m 96796–æ –ó–∞—É—á:0 –í—ã—Ö:–°–í> ˇ˘–í—ã –ø–æ–ø–ª–µ–ª–∏—Å—å –Ω–∞ —Å–µ–≤–µ—Ä.
[1;36m–®–∏—Ä–æ–∫–æ–µ –ø–æ–ª–µ [6710][0;37m
–°–ª–∏—à–∫–æ–º —Ç–µ–º–Ω–æ...
[0;36m[ Exits: n e s w ][0;37m
[1;33m[1;31m[0;0m
[0;32m463H[0;37m [0;32m136M[0;37m 96796–æ –ó–∞—É—á:0 –í—ã—Ö:–°–í–Æ–ó> ˇ˘–í—ã –ø–æ–ø–ª–µ–ª–∏—Å—å –Ω–∞ –∑–∞–ø–∞–¥.
[1;36m–®–∏—Ä–æ–∫–æ–µ –ø–æ–ª–µ [6702][0;37m
–°–ª–∏—à–∫–æ–º —Ç–µ–º–Ω–æ...
[0;36m[ Exits: n e ][0;37m
[1;33m[1;31m–ó–µ–ª–µ–Ω—ã–π –∫—É–∑–Ω–µ—á–∏–∫ –ø—Ä—ã–≥–∞–µ—Ç –ø–æ —Ç—Ä–∞–≤–∫–∞–º.
[0;0m
[0;32m463H[0;37m [0;32m135M[0;37m 96796–æ –ó–∞—É—á:0 –í—ã—Ö:–°–í> ˇ˘–í—ã –ø–æ–ø–ª–µ–ª–∏—Å—å –Ω–∞ —Å–µ–≤–µ—Ä.
[1;36m–î–æ—Ä–æ–∂–∫–∞ [6701][0;37m
–°–ª–∏—à–∫–æ–º —Ç–µ–º–Ω–æ...
[0;36m[ Exits: n e s w ][0;37m
[1;33m[1;31m–î–∏–∫–∏–π —Å—Ç–µ–ø–Ω–æ–π –∫–æ–Ω—å –≤–æ–ª—å–Ω–æ –ø–∞—Å–µ—Ç—Å—è –∑–¥–µ—Å—å.
–ó–µ–ª–µ–Ω—ã–π –∫—É–∑–Ω–µ—á–∏–∫ –ø—Ä—ã–≥–∞–µ—Ç –ø–æ —Ç—Ä–∞–≤–∫–∞–º.
[0;0m
[0;32m463H[0;37m [0;32m134M[0;37m 96796–æ –ó–∞—É—á:0 –í—ã—Ö:–°–í–Æ–ó> ˇ˘–í—ã –ø–æ–ø–ª–µ–ª–∏—Å—å –Ω–∞ –∑–∞–ø–∞–¥.
[1;36m–î–æ—Ä–æ–∂–∫–∞ [6700][0;37m
–°–ª–∏—à–∫–æ–º —Ç–µ–º–Ω–æ...
[0;36m[ Exits: n e W ][0;37m
[1;33m[1;31m(–ª–µ—Ç–∏—Ç) –î–∏–∫–∞—è –ª–µ—Å–Ω–∞—è –ø—á–µ–ª–∞ –∂—É–∂–∂–∏—Ç –∑–¥–µ—Å—å –ø–æ —Å–≤–æ–∏–º –¥–µ–ª–∞–º.
[0;0m
[0;32m463H[0;37m [0;32m134M[0;37m 96796–æ –ó–∞—É—á:0 –í—ã—Ö:–°–í–ó> ˇ˘–í—ã –ø–æ–ø–ª–µ–ª–∏—Å—å –Ω–∞ –∑–∞–ø–∞–¥.
[1;36m–ù–∞ –¥–æ—Ä–æ–≥–µ —É –¥–µ—Ä–µ–≤–Ω–∏ [6048][0;37m
   –ß—É—Ç—å —é–∂–Ω–µ–µ —Ä–∞—Å–ø–æ–ª–æ–∂–µ–Ω—ã –≤–æ—Ä–æ—Ç–∞, –≤–µ–¥—É—â–∏–µ –≤ —Å—Ç–µ–ø–Ω—É—é –¥–µ—Ä–µ–≤–Ω—é. –ù–∞ –≤–æ—Å—Ç–æ–∫ —É—Ö–æ–¥–∏—Ç
—Å—Ç–µ–ø–Ω–∞—è –¥–æ—Ä–æ–≥–∞. –î–æ—Ä–æ–≥–∞ –ø—Ä—è–º–æ –≤–µ–¥–µ—Ç –∫ –±–ª–∏–∂–∞–π—à–µ–º—É –ø—Ä–∏–ª–µ—Å–∫—É.
[0;36m[ Exits: E (s) ][0;37m
[1;33m–ü—Ä–∏–≥–ª—è–¥–µ–≤—à–∏—Å—å, –≤—ã –≤–∏–¥–∏—Ç–µ —è–≥–æ–¥—É –¥–∏–∫–æ–≥–æ –≤–∏–Ω–æ–≥—Ä–∞–¥–∞.
[1;31m[0;0m
–°—Ç–µ–ø–Ω–∞—è –¥–µ—Ä–µ–≤–Ω—è (3-—è —Ä–æ–¥–æ–≤–∞—è).

[0;32m463H[0;37m [0;32m134M[0;37m 96796–æ –ó–∞—É—á:0 –í—ã—Ö:–í(–Æ)> ˇ˘[0;33m–Æ–≥:[0;37m  –∑–∞–∫—Ä—ã—Ç–æ (–≤–æ—Ä–æ—Ç–∞).

[0;32m463H[0;37m [0;32m135M[0;37m 96796–æ –ó–∞—É—á:0 –í—ã—Ö:–í(–Æ)> ˇ˘–õ–∞–¥—É—à–∫–∏.

[0;32m463H[0;37m [0;32m137M[0;37m 96796–æ –ó–∞—É—á:0 –í—ã—Ö:–í–Æ> ˇ˘–í—ã –ø–æ–ø–ª–µ–ª–∏—Å—å –Ω–∞ —é–≥.
[1;36m–ö—Ä–µ–ø–∫–∏–µ –≤–æ—Ä–æ—Ç–∞ [6031][0;37m
   –í–æ–π–¥—è –≤ –¥–µ—Ä–µ–≤—É—à–∫—É, –≤—ã –∑–∞–º–µ—Ç–∏–ª–∏, —á—Ç–æ –æ–Ω–∞ –Ω–µ —Ç–∞–∫ —É–∂ –∏ –º–∞–ª–∞, –∫–∞–∫ –∫–∞–∂–µ—Ç—Å—è
—Å–Ω–∞—Ä—É–∂–∏. –û–∫–æ–ª–æ —Å—Ç–≤–æ—Ä–æ–∫ –≤–æ—Ä–æ—Ç —Å—Ç–æ–∏—Ç –Ω–∞ –ø–æ—Å—Ç—É –ø–∞—Ä–∞ –º–µ—Å—Ç–Ω—ã—Ö –æ—Ö—Ä–∞–Ω–Ω–∏–∫–æ–≤. 
–ì–æ–≤–æ—Ä—è—Ç, —á—Ç–æ –≤ —ç—Ç—É –¥–µ—Ä–µ–≤–Ω—é –Ω–∏ —Ä–∞–∑—É –Ω–µ –≤—Ä—ã–≤–∞–ª–∏—Å—å –ø–æ–ª–æ–≤—Ü—ã –±–ª–∞–≥–æ–¥–∞—Ä—è —Ö—Ä–∞–±—Ä–æ—Å—Ç–∏
—Å–≤–æ–∏—Ö –∑–∞—â–∏—Ç–Ω–∏–∫–æ–≤.  
[0;36m[ Exits: n s ][0;37m
[1;33m[1;31m[0;0m
[0;32m463H[0;37m [0;32m137M[0;37m 96796–æ –ó–∞—É—á:0 –í—ã—Ö:–°–Æ> ˇ˘–í—ã –ø–æ–ø–ª–µ–ª–∏—Å—å –Ω–∞ —é–≥.
[1;36m–°—Ç–æ—Ä–æ–∂–µ–≤–∞—è –¥–æ—Ä–æ–≥–∞ [6030][0;37m
   –í—ã –∏–¥–µ—Ç–µ –ø–æ –¥–æ—Ä–æ–≥–µ, –≤—ã–≥–ª—è–¥—è—â–µ–π –Ω–µ–º–Ω–æ–≥–æ –ø—É—Å—Ç—ã–Ω–Ω–æ –∏–∑-–∑–∞ –æ—Ç—Å—É—Ç—Å—Ç–≤–∏—è
–∂–∏—Ç–µ–ª–µ–π. –≠—Ç–æ –ø–µ—Ä–≤—ã–π –∑–∞—â–∏—Ç–Ω—ã–π —Ä—É–±–µ–∂ –æ—Ç –Ω–∞–±–µ–≥–æ–≤ –ø–æ–ª–æ–≤—Ü–µ–≤.
[0;36m[ Exits: n s W ][0;37m
[1;33m[1;31m–ú–æ–ª–æ–¥–∞—è —Å–µ–ª—è–Ω–∫–∞ —Ä–∞–∑–≥—É–ª–∏–≤–∞–µ—Ç –ø–æ —É–ª–∏—Ü–∞–º.
–ú–æ–ª–æ–¥–æ–π –æ—Ö—Ä–∞–Ω–Ω–∏–∫ —Å –∫–æ–ø–Ω–æ–π —á–µ—Ä–Ω—ã—Ö –≤–æ–ª–æ—Å —Å—Ç–æ–∏—Ç –∑–¥–µ—Å—å.
[0;0m
[0;32m463H[0;37m [0;32m137M[0;37m 96796–æ –ó–∞—É—á:0 –í—ã—Ö:–°–Æ–ó> ˇ˘–í—ã –ø–æ–ø–ª–µ–ª–∏—Å—å –Ω–∞ —é–≥.
[1;36m–°—Ç–æ—Ä–æ–∂–µ–≤–∞—è –¥–æ—Ä–æ–≥–∞ [6028][0;37m
   –ù–µ–±–æ–ª—å—à–∞—è —É–∫—Ä–µ–ø–ª–µ–Ω–Ω–∞—è —Å –¥–≤—É—Ö —Å—Ç–æ—Ä–æ–Ω —Å—Ç–µ–Ω–∞–º–∏ –¥–æ—Ä–æ–≥–∞ –ø—Ä–æ—Ö–æ–¥–∏—Ç –º–∏–º–æ —Ö–∏–∂–∏–Ω—ã
–º–µ—Å—Ç–Ω–æ–≥–æ –æ—Ö–æ—Ç–Ω–∏–∫–∞. –ó–∞–ø–∞–¥–Ω–µ–µ –≤–∏–¥–µ–Ω –¥–æ–º —Å–æ—Ç–Ω–∏–∫–∞ –∏ –µ–≥–æ —Å–µ–º—å–∏. –û–∫–æ–ª–æ –¥–≤–µ—Ä–µ–π
–¥–æ–º–∞ —Å—Ç–æ–∏—Ç –ø–∞—Ä–∞ –∫—Ä–µ–ø–∫–∏—Ö –ø–∞—Ä–Ω–µ–π, –æ–±–ª–∞—á–µ–Ω–Ω—ã—Ö –≤ —Å—Ç–µ–≥–∞–Ω—ã–µ –∫–æ–∂–∞–Ω—ã–µ –¥–æ—Å–ø–µ—Ö–∏.
[0;36m[ Exits: n e s w ][0;37m
[1;33m–ù–µ–º–Ω–æ–≥–æ –æ—Ç—Ä—É–±–µ–π –ø—Ä–æ—Å—ã–ø–∞–Ω–æ –∑–¥–µ—Å—å.
[1;31m[0;0m
[0;32m463H[0;37m [0;32m137M[0;37m 96796–æ –ó–∞—É—á:0 –í—ã—Ö:–°–í–Æ–ó> ˇ˘–í—ã –ø–æ–ø–ª–µ–ª–∏—Å—å –Ω–∞ —é–≥.
[1;36m–°—Ç–æ—Ä–æ–∂–µ–≤–∞—è –¥–æ—Ä–æ–≥–∞ [6026][0;37m
   –í—ã –∏–¥–µ—Ç–µ –ø–æ –¥–æ—Ä–æ–≥–µ, –≤—ã–≥–ª—è–¥—è—â–µ–π –Ω–µ–º–Ω–æ–≥–æ –ø—É—Å—Ç—ã–Ω–Ω–æ –∏–∑-–∑–∞ –æ—Ç—Å—É—Ç—Å—Ç–≤–∏—è
–∂–∏—Ç–µ–ª–µ–π. –≠—Ç–æ –ø–µ—Ä–≤—ã–π –∑–∞—â–∏—Ç–Ω—ã–π —Ä—É–±–µ–∂ –æ—Ç –Ω–∞–±–µ–≥–æ–≤ –ø–æ–ª–æ–≤—Ü–µ–≤.
[0;36m[ Exits: n s ][0;37m
[1;33m[1;31m–°—Ç—Ä–∞–Ω–Ω–∏–∫ —Å –∏–Ω—Ç–µ—Ä–µ—Å–æ–º —Å–º–æ—Ç—Ä–∏—Ç –≤–æ–∫—Ä—É–≥.
[0;0m[1;36m–°—Ç—Ä–∞–Ω–Ω–∏–∫ —Å–∫–∞–∑–∞–ª –≤–∞–º : '–ù–µ –ø–æ–¥—Å–∫–∞–∂–µ—Ç–µ, –ª—é–¥–∏ –¥–æ–±—Ä—ã–µ, –∫–∞–∫ –¥–æ–±—Ä–∞—Ç—å—Å—è –¥–æ –±–∏–±–ª–∏–æ—Ç–µ–∫–∏?'[0;37m
[1;30m–°—Ç—Ä–∞–Ω–Ω–∏–∫ –æ—â–µ—Ä–∏–ª –∑—É–±—ã –≤ –≥–Ω—É—Å–Ω–æ–π —É—Ö–º—ã–ª–∫–µ.[0;0m

[0;32m463H[0;37m [0;32m137M[0;37m 96796–æ –ó–∞—É—á:0 –í—ã—Ö:–°–Æ> ˇ˘–í—ã –ø–æ–ø–ª–µ–ª–∏—Å—å –Ω–∞ —é–≥.
[1;36m–£–≥–æ–ª –°—Ç–æ—Ä–æ–∂–µ–≤–æ–π –¥–æ—Ä–æ–≥–∏ [6025][0;37m
   –î–æ—Ä–æ–≥–∞ –ø–æ–≤–æ—Ä–∞—á–∏–≤–∞–µ—Ç –Ω–∞ —Å–µ–≤–µ—Ä –∏ –Ω–µ–¥–∞–ª–µ–∫–æ –≤—ã –≤–∏–¥–∏—Ç–µ –ø–µ—Ä–µ–∫—Ä–µ—Å—Ç–æ–∫. –ú–æ–∂–µ—Ç –±—ã—Ç—å
–æ–Ω –≤—ã–≤–µ–¥–µ—Ç –≤–∞—Å —Ç—É–¥–∞, –∫—É–¥–∞ –≤–∞–º –Ω–∞–¥–æ?
[0;36m[ Exits: n e ][0;37m
[1;33m[1;31m–û–±–ª–µ–∑–ª—ã–π –ø–µ—Å –ø–æ–Ω—É—Ä–æ –±—Ä–µ–¥–µ—Ç –∑–¥–µ—Å—å.
[0;0m
[0;32m463H[0;37m [0;32m137M[0;37m 96796–æ –ó–∞—É—á:0 –í—ã—Ö:–°–í> ˇ˘–í—ã –ø–æ–ø–ª–µ–ª–∏—Å—å –Ω–∞ –≤–æ—Å—Ç–æ–∫.
[1;36m–°—Ç–æ—Ä–æ–∂–µ–≤–∞—è –¥–æ—Ä–æ–≥–∞ [6024][0;37m
   –ü—Ä–æ–π–¥—è –Ω–µ–º–Ω–æ–≥–æ, –≤—ã –≤–∏–¥–∏—Ç–µ –º–µ—Å—Ç–Ω—É—é —Ä–µ–±—è—Ç–Ω—é, –∏–≥—Ä–∞—é—â–∏—Ö –≤ –æ—á–µ–Ω—å –∑–Ω–∞–∫–æ–º—É—é
–≤–∞–º –∏–≥—Ä—É, –Ω–æ –ø–æ –¥—Ä—É–≥–∏–º –ø—Ä–∞–≤–∏–ª–∞–º. –£–≤–∏–¥–µ–≤ –≤–∞—Å, –æ–Ω–∏ —Å—Ç–∞–ª–∏ —Å –∏–Ω—Ç–µ—Ä–µ—Å–æ–º –≤–∞—Å
–æ–±—Å—É–∂–¥–∞—Ç—å, –ø–æ–∫–∞–∑—ã–≤–∞—è –Ω–∞ –≤–∞—Å –ø–∞–ª—å—Ü–∞–º–∏.
[0;36m[ Exits: N e w ][0;37m
[1;33m[1;31m–ó—Ä–µ–ª—ã–π –º—É–∂–∏–∫ —Å –∑–æ—Ä–∫–∏–º–∏ –≥–ª–∞–∑–∞–º–∏ —Ö–æ–¥–∏—Ç –ø–æ —É–ª–∏—Ü–µ.
[0;0m
[0;32m463H[0;37m [0;32m137M[0;37m 96796–æ –ó–∞—É—á:0 –í—ã—Ö:–°–í–ó> ˇ˘–í—ã –ø–æ–ø–ª–µ–ª–∏—Å—å –Ω–∞ –≤–æ—Å—Ç–æ–∫.
[1;36m–ü–µ—Ä–µ–∫—Ä–µ—Å—Ç–æ–∫ [6018][0;37m
   –ó–¥–µ—Å—å —É–ª–∏—Ü–∞ —Ä–∞–∑–≤–µ—Ç–≤–ª—è–µ—Ç—Å—è –≤ —Ç—Ä–∏ —Å—Ç–æ—Ä–æ–Ω—ã. –£–ª–∏—Ü–∞ –Ω–∞ —é–≥ –≤–µ–¥–µ—Ç –∫ –º–µ—Å—Ç–Ω–æ–π
—Ç–∞–≤–µ—Ä–Ω–µ. –í –≤–æ—Å—Ç–æ—á–Ω–æ–º –Ω–∞–ø—Ä–∞–≤–ª–µ–Ω–∏–∏ –≤—ã –≤–∏–¥–∏—Ç–µ —Å—Ç—Ä–∞–Ω–Ω—É—é —É–ª–∏—Ü—É, –Ω–∞ –∫–æ—Ç–æ—Ä–æ–π –Ω–µ—Ç
–Ω–µ —Ç–æ–ª—å–∫–æ –≤–∑—Ä–æ—Å–ª—ã—Ö –∂–∏—Ç–µ–ª–µ–π, –Ω–æ —Ç–∞–∫–∂–µ –∏ –∏—Ö –¥–µ—Ç–µ–π. –ù–∞ –∑–∞–ø–∞–¥ –≤–∞—Å –≤–µ–¥–µ—Ç —Å—Ç–æ—Ä–æ–∂–µ–≤–∞—è
—É–ª–∏—Ü–∞.
[0;36m[ Exits: e s w ][0;37m
[1;33m[1;31m[0;0m
[0;32m463H[0;37m [0;32m138M[0;37m 96796–æ –ó–∞—É—á:0 –í—ã—Ö:–í–Æ–ó> ˇ˘–í—ã –ø–æ–ø–ª–µ–ª–∏—Å—å –Ω–∞ —é–≥.
[1;36m–°—Ä–µ–¥–∏–Ω–Ω–∞—è –¥–æ—Ä–æ–≥–∞ [6006][0;37m
   –í—ã –∏–¥–µ—Ç–µ –ø–æ –æ–∂–∏–≤–ª–µ–Ω–Ω–æ–π —É–ª–∏—Ü–µ. –°—Ä–µ–¥–∏ —Å–Ω—É—é—â–∏—Ö –≤–æ–∫—Ä—É–≥ –≤–∞—Å –∂–∏—Ç–µ–ª–µ–π –≤—ã
–∑–∞–º–µ—á–∞–µ—Ç–µ —Ç–æ—Ä–≥–æ–≤—Ü–µ–≤ –∏–∑ –¥—Ä—É–≥–∏—Ö –¥–µ—Ä–µ–≤–µ–Ω—å. –í—ã –∑–∞–º–µ—Ç–∏–ª–∏ –¥–∞–∂–µ –æ–¥–Ω–æ–≥–æ –±–æ—è—Ä–∏–Ω–∞
–∏–∑ —Å—Ç–æ–ª—å–Ω–æ–≥–æ –≥—Ä–∞–¥–∞ –ö–∏–µ–≤–∞. –ù–∏–∫—Ç–æ –∏–∑ –Ω–∏—Ö –Ω–µ –æ–±—Ä–∞—â–∞–µ—Ç –Ω–∞ –≤–∞—Å –≤–Ω–∏–º–∞–Ω–∏—è –∏ –≤—ã
—Å –≥–æ—Ä–¥—ã–º –≤–∏–¥–æ–º —à–µ—Å—Ç–≤—É–µ—Ç–µ –¥–∞–ª—å—à–µ.
[0;36m[ Exits: n s ][0;37m
[1;33m–õ—É–∂–∏—Ü–∞ –¥–æ–∂–¥–µ–≤–æ–π –≤–æ–¥—ã —Ä–∞–∑–ª–∏—Ç–∞ —É –≤–∞—à–∏—Ö –Ω–æ–≥.
–ù–µ–º–Ω–æ–≥–æ –æ—Ç—Ä—É–±–µ–π –ø—Ä–æ—Å—ã–ø–∞–Ω–æ –∑–¥–µ—Å—å.
[1;31m–°—Ç—Ä–∞–Ω—Å—Ç–≤—É—é—â–∏–π —Ç–æ—Ä–≥–æ–≤–µ—Ü –º–µ–¥–ª–µ–Ω–Ω–æ –±—Ä–µ–¥–µ—Ç –º–∏–º–æ.
...–æ–∫—É—Ç–∞–Ω —Å–≤–µ—Ä–∫–∞—é—â–∏–º –∫–æ–∫–æ–Ω–æ–º 
...—Å–µ—Ä–µ–±—Ä–∏—Å—Ç–∞—è –∞—É—Ä–∞ 
–û–±–ª–µ–∑–ª—ã–π –ø–µ—Å –ø–æ–Ω—É—Ä–æ –±—Ä–µ–¥–µ—Ç –∑–¥–µ—Å—å.
–ú–∞–ª—å—á–∏–∫ –∏–¥–µ—Ç –ø–æ —É–ª–∏—Ü–µ.
[0;0m
[0;32m463H[0;37m [0;32m138M[0;37m 96796–æ –ó–∞—É—á:0 –í—ã—Ö:–°–Æ> ˇ˘–í—ã –ø–æ–ø–ª–µ–ª–∏—Å—å –Ω–∞ —é–≥.
[1;36m–°—Ä–µ–¥–∏–Ω–Ω–∞—è –¥–æ—Ä–æ–≥–∞ [6005][0;37m
   –í—ã –∏–¥–µ—Ç–µ –ø–æ –æ–∂–∏–≤–ª–µ–Ω–Ω–æ–π —É–ª–∏—Ü–µ. –°—Ä–µ–¥–∏ –∂–∏—Ç–µ–ª–µ–π –≤—ã –∑–∞–º–µ—á–∞–µ—Ç–µ —Ç–æ—Ä–≥–æ–≤—Ü–µ–≤
–∏–∑ –¥—Ä—É–≥–∏—Ö –¥–µ—Ä–µ–≤–µ–Ω—å. –ù–∏–∫—Ç–æ –∏–∑ –Ω–∏—Ö –Ω–µ –æ–±—Ä–∞—â–∞–µ—Ç –Ω–∞ –≤–∞—Å –≤–Ω–∏–º–∞–Ω–∏—è –∏ –≤—ã —Å –≥–æ—Ä–¥—ã–º
–≤–∏–¥–æ–º —à–µ—Å—Ç–≤—É–µ—Ç–µ –¥–∞–ª—å—à–µ. –í–æ—Å—Ç–æ—á–Ω–µ–µ –≤—ã –∑–∞–º–µ—Ç–∏–ª–∏ —Ö–∏–∂–∏–Ω—É –º–µ—Å—Ç–Ω–æ–π —Ç—Ä–∞–≤–Ω–∏—Ü—ã.
[0;36m[ Exits: n e s ][0;37m
[1;33m–ù–µ–º–Ω–æ–≥–æ –æ—Ç—Ä—É–±–µ–π –ø—Ä–æ—Å—ã–ø–∞–Ω–æ –∑–¥–µ—Å—å.
[1;31m–ú–∞–ª—å—á–∏–∫ –∏–¥–µ—Ç –ø–æ —É–ª–∏—Ü–µ.
[0;0m
[0;32m463H[0;37m [0;32m138M[0;37m 96796–æ –ó–∞—É—á:0 –í—ã—Ö:–°–í–Æ> ˇ˘–í—ã –ø–æ–ø–ª–µ–ª–∏—Å—å –Ω–∞ —é–≥.
[1;36m–¶–µ–Ω—Ç—Ä–∞–ª—å–Ω—ã–π –ø–µ—Ä–µ–∫—Ä–µ—Å—Ç–æ–∫ [6003][0;37m
   –û—Å–º–æ—Ç—Ä–µ–≤—à–∏—Å—å –ø–æ —Å—Ç–æ—Ä–æ–Ω–∞–º, –≤—ã –∑–∞–º–µ—Ç–∏–ª–∏, —á—Ç–æ —É–ª–∏—Ü–∞ —Ä–∞–∑–¥–µ–ª—è–µ—Ç—Å—è –Ω–∞ –¥–≤–∞
–Ω–∞–ø—Ä–∞–≤–ª–µ–Ω–∏—è. –ù–∞ –≤–æ—Å—Ç–æ–∫–µ –≤–∏–¥–Ω–µ–µ—Ç—Å—è –¥–æ–±—Ä–æ—Ç–Ω—ã–π –¥–æ–º, –Ω–∞ –∑–∞–ø–∞–¥ –∂–µ —É–ª–∏—Ü–∞ –≤–µ–¥–µ—Ç
–∫ —Ç–æ—Ä–≥–æ–≤–æ–π —É–ª–∏—Ü–µ. –ü—Ä—è–º–æ –ø–µ—Ä–µ–¥ –≤–∞–º–∏ –Ω–∞ —é–≥–µ —Å—Ç–æ–∏—Ç –∫—Ä–∞—Å–∏–≤—ã–π –¥–æ–º —Å –º–∞—Å—Å–∏–≤–Ω–æ–π
–¥–≤–µ—Ä—å—é.
[0;36m[ Exits: n e s w ][0;37m
[1;33m[1;31m–ú–æ–ª–æ–¥–æ–π –æ—Ö—Ä–∞–Ω–Ω–∏–∫ —Å –∫–æ–ø–Ω–æ–π —á–µ—Ä–Ω—ã—Ö –≤–æ–ª–æ—Å —Å—Ç–æ–∏—Ç –∑–¥–µ—Å—å.
–ú–∞–ª—å—á–∏–∫ –∏–¥–µ—Ç –ø–æ —É–ª–∏—Ü–µ.
[0;0m
[0;32m463H[0;37m [0;32m138M[0;37m 96796–æ –ó–∞—É—á:0 –í—ã—Ö:–°–í–Æ–ó> ˇ˘–í—ã –ø–æ–ø–ª–µ–ª–∏—Å—å –Ω–∞ –≤–æ—Å—Ç–æ–∫.
[1;36m–ù–µ–±–æ–ª—å—à–∞—è —É–ª–æ—á–∫–∞ [6002][0;37m
   –í—ã –∏–¥–µ—Ç–µ –ø–æ —Ü–µ–Ω—Ç—Ä–∞–ª—å–Ω–æ–π —É–ª–∏—Ü–µ, –≤ –æ—Ç–ª–∏—á–∏–µ –æ—Ç –¥—Ä—É–≥–∏—Ö –æ—á–∏—â–µ–Ω–Ω–æ–π –æ—Ç –º—É—Å–æ—Ä–∞.
–ù–∞ —é–≥–æ-–≤–æ—Å—Ç–æ–∫–µ –≤–∏–¥–Ω–µ–µ—Ç—Å—è –∫—Ä–µ–ø–∫–∏–π –¥–æ–º, –∏–∑ —Ç—Ä—É–±—ã –∫–æ—Ç–æ—Ä–æ–≥–æ –ø–æ–¥–Ω–∏–º–∞–µ—Ç—Å—è
—Å–∏–∑—ã–π –¥—ã–º–æ–∫. –ú–µ—Å—Ç–Ω—ã–µ –∂–∏—Ç–µ–ª–∏ —Å –∏–Ω—Ç–µ—Ä–µ—Å–æ–º –∏ –Ω–µ–¥–æ–≤–µ—Ä–∏–µ–º –ø–æ—Å–º–∞—Ç—Ä–∏–≤–∞—é—Ç –Ω–∞ –≤–∞—Å.
[0;36m[ Exits: e w ][0;37m
[1;33m[1;31m–ú–æ–ª–æ–¥–æ–π –æ—Ö—Ä–∞–Ω–Ω–∏–∫ —Å –∫–æ–ø–Ω–æ–π —á–µ—Ä–Ω—ã—Ö –≤–æ–ª–æ—Å —Å—Ç–æ–∏—Ç –∑–¥–µ—Å—å.
–ú–æ–ª–æ–¥–æ–π –≤–æ–∏–Ω –∏–¥–µ—Ç –ø–æ —Å–≤–æ–∏–º –¥–µ–ª–∞–º.
–ú–æ–ª–æ–¥–∞—è —Å–µ–ª—è–Ω–∫–∞ —Ä–∞–∑–≥—É–ª–∏–≤–∞–µ—Ç –ø–æ —É–ª–∏—Ü–∞–º.
[0;0m
[0;32m463H[0;37m [0;32m139M[0;37m 96796–æ –ó–∞—É—á:0 –í—ã—Ö:–í–ó> ˇ˘–í—ã –ø–æ–ø–ª–µ–ª–∏—Å—å –Ω–∞ –≤–æ—Å—Ç–æ–∫.
[1;36m–ü–µ—Ä–µ–¥ —Ç—Ä–∞–∫—Ç–∏—Ä–æ–º [6001][0;37m
   –í—ã –≤—ã—à–ª–∏ –∫ –Ω–µ–±–æ–ª—å—à–æ–º—É –¥–æ–º—É, –ø–æ—Å—Ç—Ä–æ–µ–Ω–Ω–æ–º—É –∏–∑ —Ç–æ–ª—Å—Ç—ã—Ö –±—Ä–µ–≤–µ–Ω. –ò–∑ –ø—Ä–∏–æ—Ç–∫—Ä—ã—Ç–æ–π
–¥–≤–µ—Ä–∏ –ø–æ—Ç—è–Ω—É–ª–∏—Å—å –º–∞–Ω—è—â–∏–µ –∑–∞–ø–∞—Ö–∏. –í–∞–º –Ω–µ —Ç–µ—Ä–ø–∏—Ç—Å—è –≤–æ–π—Ç–∏ –ø–æ—Å–∫–æ—Ä–µ–µ –≤–Ω—É—Ç—Ä—å.
–û–∫–æ–ª–æ –¥–≤–µ—Ä–∏ —Å—Ç–æ–∏—Ç —Å–æ —Å–∫—É—á–∞—é—â–∏–º –≤–∏–¥–æ–º –º–µ—Å—Ç–Ω—ã–π –≤—ã—à–∏–±–∞–ª–∞. –ü—Ä–∏ –≤–∞—à–µ–º –ø—Ä–∏–±–ª–∏–∂–µ–Ω–∏–∏
–æ–Ω –Ω–∞—Å—Ç–æ—Ä–æ–∂–∏–ª—Å—è –∏ –Ω–µ–¥–æ–±—Ä–æ –ø—Ä–∏—â—É—Ä–∏–ª—Å—è. –ó–¥–µ—Å—å –Ω–µ –ª—é–±—è—Ç –¥–µ–±–æ—à–∏—Ä–æ–≤.
[0;36m[ Exits: e s w ][0;37m
[1;33m[1;31m–°–µ–ª—è–Ω–∏–Ω –∏–¥–µ—Ç —Å –ø–æ–ª—è –¥–æ–º–æ–π.
–®–∏—Ä–æ–∫–æ–ø–ª–µ—á–∏–π –æ—Ö—Ä–∞–Ω–Ω–∏–∫ —Å—Ç–æ–∏—Ç –∑–¥–µ—Å—å.
[0;0m
[0;32m463H[0;37m [0;32m139M[0;37m 96796–æ –ó–∞—É—á:0 –í—ã—Ö:–í–Æ–ó> ˇ˘–í—ã –ø–æ–ø–ª–µ–ª–∏—Å—å –Ω–∞ —é–≥.
[1;36m–í —Ç—Ä–∞–∫—Ç–∏—Ä–µ [6000][0;37m
   –í –¥–æ–º–µ –≤–µ—Å—å–º–∞ —É—é—Ç–Ω–æ –∏ —Ç–µ–ø–ª–æ. –£ –¥–∞–ª—å–Ω–µ–π —Å—Ç–µ–Ω–∫–∏ —Å–ª–æ–∂–µ–Ω –Ω–µ–±–æ–ª—å—à–æ–π –æ—á–∞–≥
–∏–∑ –æ–±–æ–∂–∂–µ–Ω–Ω—ã—Ö –≥–ª–∏–Ω—è–Ω—ã—Ö –∫–∏—Ä–ø–∏—á–µ–π. –í–≤–µ—Ä—Ö –≤–µ–¥–µ—Ç –ª–µ—Å—Ç–Ω–∏—Ü–∞ –∫ –∫–æ–º–Ω–∞—Ç–µ –¥–ª—è –æ—Ç–¥—ã—Ö–∞.
–ó–∞ –Ω–µ–±–æ–ª—å—à–∏–º–∏ —Å—Ç–æ–ª–∏–∫–∞–º–∏ —Å–∏–¥—è—Ç –º–µ—Å—Ç–Ω—ã–µ –∂–∏—Ç–µ–ª–∏, –æ–±–º–µ–Ω–∏–≤–∞—é—â–∏–µ—Å—è –Ω–æ–≤–æ—Å—Ç—è–º–∏ –∏
—Å–ª—É—Ö–∞–º–∏. –ü—Ä–∏—è—Ç–Ω—ã–µ –∑–∞–ø–∞—Ö–∏ —â–µ–∫–æ—á—É—Ç –≤–∞–º –Ω–æ—Å, –∂–µ–ª—É–¥–æ–∫ –Ω–∞–ø–æ–º–∏–Ω–∞–µ—Ç –≤–∞–º, —á—Ç–æ –≤—ã
–ø—Ä–æ–¥–µ–ª–∞–ª–∏ –¥–æ–ª–≥–∏–π –ø—É—Ç—å, –Ω–æ–≥–∏ —Ç–∞–∫ –∏ –ø—Ä–æ—Å—è—Ç—Å—è –ø—Ä–∏—Å–µ—Å—Ç—å –Ω–∞ –∫–∞–∫–æ–π-–Ω–∏–±—É–¥—å —Å—Ç—É–ª.
[0;36m[ Exits: n u ][0;37m
[1;33m[1;31m–ù–µ–≤—ã—Å–æ–∫–∏–π —Å–µ–¥–æ–π –º—É–∂—á–∏–Ω–∞ —Å—Ç–æ–∏—Ç –∑–¥–µ—Å—å.
[0;0m
[0;32m463H[0;37m [0;32m139M[0;37m 96796–æ –ó–∞—É—á:0 –í—ã—Ö:–°^> ˇ˘–í—ã –ø–æ–ø–ª–µ–ª–∏—Å—å –≤–≤–µ—Ä—Ö.
[1;36m–ö–æ–º–Ω–∞—Ç–∞ –æ—Ç–¥—ã—Ö–∞ [6049][0;37m
   –ù–µ–±–æ–ª—å—à–∞—è –æ—Å–≤–µ—â–µ–Ω–Ω–∞—è –ª–∞–º–ø–∞–º–∏ –∫–æ–º–Ω–∞—Ç–∞. –û–∫–æ–ª–æ —Å—Ç–µ–Ω —Å—Ç–æ—è—Ç –Ω–µ–±–æ–ª—å—à–∏–µ –ª–µ–∂–∞–Ω–∫–∏,
–Ω–∞ –∫–æ—Ç–æ—Ä—ã–µ –º–æ–∂–Ω–æ –ø—Ä–∏–ª–µ—á—å. –ü–æ–ª —É—Å—Ç–µ–ª–µ–Ω —à–∫—É—Ä–∞–º–∏ —Ä–∞–∑–ª–∏—á–Ω—ã—Ö –∂–∏–≤–æ—Ç–Ω—ã—Ö, –≤—ã–ª–æ–∂–µ–Ω–Ω—ã—Ö
–≤ —Å–≤–æ–µ–æ–±—Ä–∞–∑–Ω—ã–π —É–∑–æ—Ä. –¢—É—Ç —Å–ø–æ–∫–æ–π–Ω–∞—è –∞—Ç–º–æ—Å—Ñ–µ—Ä–∞ –∏ –≤—ã –∑–∞–º–µ—á–∞–µ—Ç–µ, —á—Ç–æ –∑–¥–µ—Å—å –º–æ–∂–Ω–æ
–ø—Ä–µ–∫—Ä–∞—Å–Ω–æ –æ—Ç–¥–æ—Ö–Ω—É—Ç—å –∏ –ø–æ—Å–ø–∞—Ç—å. –í —Å–µ–≤–µ—Ä–Ω–æ–π —Å—Ç–µ–Ω–µ –≤–∏–¥–Ω–∞ –¥–≤–µ—Ä—å, –≤–µ–¥—É—â–∞—è
–≤ –æ—Ç–¥–µ–ª—å–Ω—ã–µ –ø–æ–∫–æ–∏.
[1;32m–°–æ–≤—Å–µ–º –º–∞–ª—ã—Ö, –¥–∞ –Ω–µ –æ–±—É—á–µ–Ω–Ω—ã—Ö —Ç–∞–∫ –∏ —Ç—è–Ω–µ—Ç [1;33m–≤–æ–π—Ç–∏ [1;32m–≤ [1;33m—à–∫–æ–ª—É[1;32m.[0;0m
[0;36m[ Exits: d ][0;37m
[1;33m–î–æ—Å–∫–∞ –¥–ª—è —Ä–∞–∑–ª–∏—á–Ω—ã—Ö –∑–∞–º–µ—Ç–æ–∫ –∏ –æ–±—ä—è–≤–ª–µ–Ω–∏–π –ø—Ä–∏–±–∏—Ç–∞ —Ç—É—Ç ..–∂–µ–ª—Ç–∞—è –∞—É—Ä–∞! ..–±–ª–µ—Å—Ç–∏—Ç!
[1;31m–ù–µ–≤—ã—Å–æ–∫–∏–π –º–æ–ª–æ–¥–æ–π –ø–∞—Ä–µ–Ω—å —Å—Ç–æ–∏—Ç –æ–∫–æ–ª–æ –¥–≤–µ—Ä–∏.
[0;0m
[0;32m463H[0;37m [0;32m140M[0;37m 96796–æ –ó–∞—É—á:0 –í—ã—Ö:v> ˇ˘–ú–æ–ª–æ–¥–æ–π —Å–ª—É–≥–∞ —Å–∫–∞–∑–∞–ª –≤–∞–º : "–û–¥–µ—Ç—ã–π —Å–ø–∞—Ç—å –±—É–¥–µ—à—å? –•–º.. –ù—É —Å–º–æ—Ç—Ä–∏, —Ç–æ–≥–¥–∞ –¥–µ—à–µ–≤–ª–µ –≤–æ–∑—å–º—É"
[1;37m - 20 –∫—É–Ω (200 –µ—Å–ª–∏ —Å–Ω—è—Ç—å) –∑–∞ –æ–±—Å–∏–¥–∏–∞–Ω–æ–≤–æ–µ –∫–æ–ª—å—Ü–æ [0;37m
[1;37m - 0 –∫—É–Ω (0 –µ—Å–ª–∏ —Å–Ω—è—Ç—å) –∑–∞ –ª–µ–≥–∫–∏–π –ª–∞—Ç–Ω—ã–π –¥–æ—Å–ø–µ—Ö [0;37m
[1;37m - 40 –∫—É–Ω (4 –µ—Å–ª–∏ —Å–Ω—è—Ç—å) –∑–∞ –¥—ã—Ä—è–≤—É—é —à–ª—è–ø—É [0;37m
[1;37m - 3 –∫—É–Ω—ã (25 –µ—Å–ª–∏ —Å–Ω—è—Ç—å) –∑–∞ –ª–µ–≥–∫–∏–µ –ª–∞—Ç–Ω—ã–µ –ø–æ–Ω–æ–∂–∏ [0;37m
[1;37m - 10 –∫—É–Ω (100 –µ—Å–ª–∏ —Å–Ω—è—Ç—å) –∑–∞ –¥—Ä–∞–Ω—ã–µ —Å–∞–ø–æ–≥–∏ [0;37m
[1;37m - 3 –∫—É–Ω—ã (50 –µ—Å–ª–∏ —Å–Ω—è—Ç—å) –∑–∞ –º–µ—Ö–æ–≤—ã–µ —Ä—É–∫–∞–≤–∏—Ü—ã [0;37m
[1;37m - 3 –∫—É–Ω—ã (25 –µ—Å–ª–∏ —Å–Ω—è—Ç—å) –∑–∞ –ª–µ–≥–∫–∏–µ –ª–∞—Ç–Ω—ã–µ –Ω–∞—Ä—É—á–∏ [0;37m
[1;37m - 5 –∫—É–Ω (50 –µ—Å–ª–∏ —Å–Ω—è—Ç—å) –∑–∞ –ª–µ–≥–∫–∏–µ –ª–∞—Ç–Ω—ã–µ –Ω–∞–ø–ª–µ—á–Ω–∏–∫–∏ [0;37m
[1;37m - 5 –∫—É–Ω (100 –µ—Å–ª–∏ —Å–Ω—è—Ç—å) –∑–∞ –¥–æ—Ä–æ–∂–Ω—É—é –∫–æ—Ç–æ–º–∫—É [0;37m
[1;37m - 10 –∫—É–Ω (100 –µ—Å–ª–∏ —Å–Ω—è—Ç—å) –∑–∞ —Ö–æ—Ö–æ–ª–æ–∫ –∫—É–∫—É—à–∫–∏ [0;37m
[1;37m - 10 –∫—É–Ω (100 –µ—Å–ª–∏ —Å–Ω—è—Ç—å) –∑–∞ —Ö–æ—Ö–æ–ª–æ–∫ –∫—É–∫—É—à–∫–∏ [0;37m
[1;37m - 10 –∫—É–Ω (25 –µ—Å–ª–∏ —Å–Ω—è—Ç—å) –∑–∞ –∫—Ä–µ–ø–∫—É—é –ø–∞–ª–∫—É [0;37m
[1;37m - 3 –∫—É–Ω—ã (30 –µ—Å–ª–∏ —Å–Ω—è—Ç—å) –∑–∞ –º–∞–ª–µ–Ω—å–∫—É—é —Ç—è–ø–∫—É [0;37m
–ú–æ–ª–æ–¥–æ–π —Å–ª—É–≥–∞ —Å–∫–∞–∑–∞–ª –≤–∞–º : "–≠—Ç–æ —è –≤ —á—É–ª–∞–Ω–µ –∑–∞–ø—Ä—É:"
 - 5 –∫—É–Ω –∑–∞ –±—ã—á—å–∏ —Å—É—Ö–æ–∂–∏–ª—å—è 
 - 2 –∫—É–Ω—ã –∑–∞ –º–∞–ª—ã–π –º–µ—Ö 
 - 200 –∫—É–Ω (10 –µ—Å–ª–∏ –Ω–∞–¥–µ—Ç—å) –∑–∞ –¥–æ—Ä–æ–∂–Ω—É—é –∫–æ—Ç–æ–º–∫—É [2] 
 - 5 –∫—É–Ω (5 –µ—Å–ª–∏ –Ω–∞–¥–µ—Ç—å) –∑–∞ —Ö–æ–ª—â–æ–≤—ã–π –º–µ—à–æ–∫ 
 - 20 –∫—É–Ω (2 –µ—Å–ª–∏ –Ω–∞–¥–µ—Ç—å) –∑–∞ —Ä–≤–∞–Ω—ã–π –∫–∞—Ñ—Ç–∞–Ω 
 - 50 –∫—É–Ω (5 –µ—Å–ª–∏ –Ω–∞–¥–µ—Ç—å) –∑–∞ –¥–ª–∏–Ω–Ω—É—é –æ–≥–ª–æ–±–ª—é 
 - 20 –∫—É–Ω (2 –µ—Å–ª–∏ –Ω–∞–¥–µ—Ç—å) –∑–∞ –≥—Ä—è–∑–Ω—ã–µ –ª–∞–ø—Ç–∏ 
 - 1 –∫—É–Ω–∞ (1 –µ—Å–ª–∏ –Ω–∞–¥–µ—Ç—å) –∑–∞ —Å–≤–µ—á–∫—É 
 - 0 –∫—É–Ω –∑–∞ –ª–æ–º–æ—Ç—å —Ö–ª–µ–±–∞ [17] 
 - 7 –∫—É–Ω (1 –µ—Å–ª–∏ –Ω–∞–¥–µ—Ç—å) –∑–∞ –±—Ä–æ–Ω–∑–æ–≤—ã–π —Å—Ç–∏–ª–µ—Ç 
–ú–æ–ª–æ–¥–æ–π —Å–ª—É–≥–∞ —Å–∫–∞–∑–∞–ª –≤–∞–º : "–ò –µ—â–µ 34 –∫—É–Ω—ã –º–Ω–µ –Ω–∞ —Å–±–∏—Ç–µ–Ω—å —Å –º–µ–¥–æ–≤—É—Ö–æ–π :)"
–ú–æ–ª–æ–¥–æ–π —Å–ª—É–≥–∞ —Å–∫–∞–∑–∞–ª –≤–∞–º : "–í —Å—É–º–º–µ —ç—Ç–æ —Å–æ—Å—Ç–∞–≤–∏—Ç 466 –∫—É–Ω –≤ –¥–µ–Ω—å ."
–ú–æ–ª–æ–¥–æ–π —Å–ª—É–≥–∞ —Å–∫–∞–∑–∞–ª –≤–∞–º :

"–ü–æ—Å—Ç–æ–π –æ–±–æ–π–¥–µ—Ç—Å—è —Ç–µ–±–µ –≤ 466 –∫—É–Ω."
"–¢–≤–æ–∏—Ö –¥–µ–Ω–µ–≥ —Ö–≤–∞—Ç–∏—Ç –Ω–∞ 6 –¥–Ω–µ–π."
–ú–æ–ª–æ–¥–æ–π —Å–ª—É–≥–∞ –∑–∞–ø–µ—Ä –≤–∞—à–∏ –≤–µ—â–∏ –≤ —Å—É–Ω–¥—É–∫ –∏ –ø–æ–≤–µ–ª –≤ —Ç–µ—Å–Ω—É—é –∫–∞–º–æ—Ä–∫—É.

0) –û—Ç—Å–æ–µ–¥–∏–Ω–∏—Ç—å—Å—è.
1) –ù–∞—á–∞—Ç—å –∏–≥—Ä—É.
2) –í–≤–µ—Å—Ç–∏ –æ–ø–∏—Å–∞–Ω–∏–µ –≤–∞—à–µ–≥–æ –ø–µ—Ä—Å–æ–Ω–∞–∂–∞.
3) –£–∑–Ω–∞—Ç—å –∏—Å—Ç–æ—Ä–∏—é.
4) –ò–∑–º–µ–Ω–∏—Ç—å –ø–∞—Ä–æ–ª—å.
5) –£–¥–∞–ª–∏—Ç—å –ø–µ—Ä—Å–æ–Ω–∞–∂–∞.
6) –ò–∑–º–µ–Ω–∏—Ç—å –ø–∞—Ä–∞–º–µ—Ç—Ä—ã –ø–µ—Ä—Å–æ–Ω–∞–∂–∞.
7) –í–∫–ª—é—á–∏—Ç—å/–≤—ã–∫–ª—é—á–∏—Ç—å —Ä–µ–∂–∏–º —Å–ª–µ–ø–æ–≥–æ –∏–≥—Ä–æ–∫–∞.
8) –ü–æ—Å–º–æ—Ç—Ä–µ—Ç—å –≤—Å–µ—Ö –ø–µ—Ä—Å–æ–Ω–∞–∂–µ–π –Ω–∞ –¥–∞–Ω–Ω–æ–º email'e.

   –ß–µ–≥–æ –≤–∞—à–∞ –¥—É—à–∞ –∂–µ–ª–∞–µ—Ç? ˇ˘
  –î–æ–±—Ä–æ –ø–æ–∂–∞–ª–æ–≤–∞—Ç—å –Ω–∞ –∑–µ–º–ª—é –ö–∏–µ–≤—Å–∫—É—é, –±–æ–≥–∞—Ç—É—é –∏—Å—Ç–æ—Ä–∏–µ–π –∏ —Å–∞–º—ã–º–∏ –Ω–µ–≤–µ—Ä–æ—è—Ç–Ω—ã–º–∏
–ø—Ä–∏–∫–ª—é—á–µ–Ω–∏—è–º–∏. –í–æ–∑–º–æ–∂–Ω–æ, –≤–∞–º –æ–Ω–∏ –ø–æ–Ω—Ä–∞–≤—è—Ç—Å—è, –∏ –≤—ã —Å—Ç–∞–Ω–µ—Ç–µ –≤ –æ–¥–∏–Ω —Ä—è–¥ —Å –≥–µ—Ä–æ—è–º–∏
–¥–∞–≤–Ω–æ –º–∏–Ω—É–≤—à–∏—Ö –¥–Ω–µ–π.

[1;36m–ö–æ–º–Ω–∞—Ç–∞ –æ—Ç–¥—ã—Ö–∞ [6049][0;37m
   –ù–µ–±–æ–ª—å—à–∞—è –æ—Å–≤–µ—â–µ–Ω–Ω–∞—è –ª–∞–º–ø–∞–º–∏ –∫–æ–º–Ω–∞—Ç–∞. –û–∫–æ–ª–æ —Å—Ç–µ–Ω —Å—Ç–æ—è—Ç –Ω–µ–±–æ–ª—å—à–∏–µ –ª–µ–∂–∞–Ω–∫–∏,
–Ω–∞ –∫–æ—Ç–æ—Ä—ã–µ –º–æ–∂–Ω–æ –ø—Ä–∏–ª–µ—á—å. –ü–æ–ª —É—Å—Ç–µ–ª–µ–Ω —à–∫—É—Ä–∞–º–∏ —Ä–∞–∑–ª–∏—á–Ω—ã—Ö –∂–∏–≤–æ—Ç–Ω—ã—Ö, –≤—ã–ª–æ–∂–µ–Ω–Ω—ã—Ö
–≤ —Å–≤–æ–µ–æ–±—Ä–∞–∑–Ω—ã–π —É–∑–æ—Ä. –¢—É—Ç —Å–ø–æ–∫–æ–π–Ω–∞—è –∞—Ç–º–æ—Å—Ñ–µ—Ä–∞ –∏ –≤—ã –∑–∞–º–µ—á–∞–µ—Ç–µ, —á—Ç–æ –∑–¥–µ—Å—å –º–æ–∂–Ω–æ
–ø—Ä–µ–∫—Ä–∞—Å–Ω–æ –æ—Ç–¥–æ—Ö–Ω—É—Ç—å –∏ –ø–æ—Å–ø–∞—Ç—å. –í —Å–µ–≤–µ—Ä–Ω–æ–π —Å—Ç–µ–Ω–µ –≤–∏–¥–Ω–∞ –¥–≤–µ—Ä—å, –≤–µ–¥—É—â–∞—è
–≤ –æ—Ç–¥–µ–ª—å–Ω—ã–µ –ø–æ–∫–æ–∏.
[1;32m–°–æ–≤—Å–µ–º –º–∞–ª—ã—Ö, –¥–∞ –Ω–µ –æ–±—É—á–µ–Ω–Ω—ã—Ö —Ç–∞–∫ –∏ —Ç—è–Ω–µ—Ç [1;33m–≤–æ–π—Ç–∏ [1;32m–≤ [1;33m—à–∫–æ–ª—É[1;32m.[0;0m
[0;36m[ Exits: d ][0;37m
[1;33m–î–æ—Å–∫–∞ –¥–ª—è —Ä–∞–∑–ª–∏—á–Ω—ã—Ö –∑–∞–º–µ—Ç–æ–∫ –∏ –æ–±—ä—è–≤–ª–µ–Ω–∏–π –ø—Ä–∏–±–∏—Ç–∞ —Ç—É—Ç ..–∂–µ–ª—Ç–∞—è –∞—É—Ä–∞! ..–±–ª–µ—Å—Ç–∏—Ç!
[1;31m–ù–µ–≤—ã—Å–æ–∫–∏–π –º–æ–ª–æ–¥–æ–π –ø–∞—Ä–µ–Ω—å —Å—Ç–æ–∏—Ç –æ–∫–æ–ª–æ –¥–≤–µ—Ä–∏.
[0;0m
[0;32m463H[0;37m [0;32m142M[0;37m 96796–æ –ó–∞—É—á:0 –í—ã—Ö:v> ˇ˘[1;36m–ö–æ–º–Ω–∞—Ç–∞ –æ—Ç–¥—ã—Ö–∞ [6049][0;37m
   –ù–µ–±–æ–ª—å—à–∞—è –æ—Å–≤–µ—â–µ–Ω–Ω–∞—è –ª–∞–º–ø–∞–º–∏ –∫–æ–º–Ω–∞—Ç–∞. –û–∫–æ–ª–æ —Å—Ç–µ–Ω —Å—Ç–æ—è—Ç –Ω–µ–±–æ–ª—å—à–∏–µ –ª–µ–∂–∞–Ω–∫–∏,
–Ω–∞ –∫–æ—Ç–æ—Ä—ã–µ –º–æ–∂–Ω–æ –ø—Ä–∏–ª–µ—á—å. –ü–æ–ª —É—Å—Ç–µ–ª–µ–Ω —à–∫—É—Ä–∞–º–∏ —Ä–∞–∑–ª–∏—á–Ω—ã—Ö –∂–∏–≤–æ—Ç–Ω—ã—Ö, –≤—ã–ª–æ–∂–µ–Ω–Ω—ã—Ö
–≤ —Å–≤–æ–µ–æ–±—Ä–∞–∑–Ω—ã–π —É–∑–æ—Ä. –¢—É—Ç —Å–ø–æ–∫–æ–π–Ω–∞—è –∞—Ç–º–æ—Å—Ñ–µ—Ä–∞ –∏ –≤—ã –∑–∞–º–µ—á–∞–µ—Ç–µ, —á—Ç–æ –∑–¥–µ—Å—å –º–æ–∂–Ω–æ
–ø—Ä–µ–∫—Ä–∞—Å–Ω–æ –æ—Ç–¥–æ—Ö–Ω—É—Ç—å –∏ –ø–æ—Å–ø–∞—Ç—å. –í —Å–µ–≤–µ—Ä–Ω–æ–π —Å—Ç–µ–Ω–µ –≤–∏–¥–Ω–∞ –¥–≤–µ—Ä—å, –≤–µ–¥—É—â–∞—è
–≤ –æ—Ç–¥–µ–ª—å–Ω—ã–µ –ø–æ–∫–æ–∏.
[1;32m–°–æ–≤—Å–µ–º –º–∞–ª—ã—Ö, –¥–∞ –Ω–µ –æ–±—É—á–µ–Ω–Ω—ã—Ö —Ç–∞–∫ –∏ —Ç—è–Ω–µ—Ç [1;33m–≤–æ–π—Ç–∏ [1;32m–≤ [1;33m—à–∫–æ–ª—É[1;32m.[0;0m
[0;36m[ Exits: d ][0;37m
[1;33m–î–æ—Å–∫–∞ –¥–ª—è —Ä–∞–∑–ª–∏—á–Ω—ã—Ö –∑–∞–º–µ—Ç–æ–∫ –∏ –æ–±—ä—è–≤–ª–µ–Ω–∏–π –ø—Ä–∏–±–∏—Ç–∞ —Ç—É—Ç ..–∂–µ–ª—Ç–∞—è –∞—É—Ä–∞! ..–±–ª–µ—Å—Ç–∏—Ç!
[1;31m–ù–µ–≤—ã—Å–æ–∫–∏–π –º–æ–ª–æ–¥–æ–π –ø–∞—Ä–µ–Ω—å —Å—Ç–æ–∏—Ç –æ–∫–æ–ª–æ –¥–≤–µ—Ä–∏.
[0;0m
[0;32m463H[0;37m [0;32m142M[0;37m 96796–æ –ó–∞—É—á:0 –í—ã—Ö:v> ˇ˘–í—ã –ø–æ–ø–ª–µ–ª–∏—Å—å –≤–Ω–∏–∑.
[1;36m–í —Ç—Ä–∞–∫—Ç–∏—Ä–µ [6000][0;37m
   –í –¥–æ–º–µ –≤–µ—Å—å–º–∞ —É—é—Ç–Ω–æ –∏ —Ç–µ–ø–ª–æ. –£ –¥–∞–ª—å–Ω–µ–π —Å—Ç–µ–Ω–∫–∏ —Å–ª–æ–∂–µ–Ω –Ω–µ–±–æ–ª—å—à–æ–π –æ—á–∞–≥
–∏–∑ –æ–±–æ–∂–∂–µ–Ω–Ω—ã—Ö –≥–ª–∏–Ω—è–Ω—ã—Ö –∫–∏—Ä–ø–∏—á–µ–π. –í–≤–µ—Ä—Ö –≤–µ–¥–µ—Ç –ª–µ—Å—Ç–Ω–∏—Ü–∞ –∫ –∫–æ–º–Ω–∞—Ç–µ –¥–ª—è –æ—Ç–¥—ã—Ö–∞.
–ó–∞ –Ω–µ–±–æ–ª—å—à–∏–º–∏ —Å—Ç–æ–ª–∏–∫–∞–º–∏ —Å–∏–¥—è—Ç –º–µ—Å—Ç–Ω—ã–µ –∂–∏—Ç–µ–ª–∏, –æ–±–º–µ–Ω–∏–≤–∞—é—â–∏–µ—Å—è –Ω–æ–≤–æ—Å—Ç—è–º–∏ –∏
—Å–ª—É—Ö–∞–º–∏. –ü—Ä–∏—è—Ç–Ω—ã–µ –∑–∞–ø–∞—Ö–∏ —â–µ–∫–æ—á—É—Ç –≤–∞–º –Ω–æ—Å, –∂–µ–ª—É–¥–æ–∫ –Ω–∞–ø–æ–º–∏–Ω–∞–µ—Ç –≤–∞–º, —á—Ç–æ –≤—ã
–ø—Ä–æ–¥–µ–ª–∞–ª–∏ –¥–æ–ª–≥–∏–π –ø—É—Ç—å, –Ω–æ–≥–∏ —Ç–∞–∫ –∏ –ø—Ä–æ—Å—è—Ç—Å—è –ø—Ä–∏—Å–µ—Å—Ç—å –Ω–∞ –∫–∞–∫–æ–π-–Ω–∏–±—É–¥—å —Å—Ç—É–ª.
[0;36m[ Exits: n u ][0;37m
[1;33m[1;31m–ù–µ–≤—ã—Å–æ–∫–∏–π —Å–µ–¥–æ–π –º—É–∂—á–∏–Ω–∞ —Å—Ç–æ–∏—Ç –∑–¥–µ—Å—å.
[0;0m
[0;32m463H[0;37m [0;32m141M[0;37m 96796–æ –ó–∞—É—á:0 –í—ã—Ö:–°^> ˇ˘–í—ã –ø–æ–ø–ª–µ–ª–∏—Å—å –Ω–∞ —Å–µ–≤–µ—Ä.
[1;36m–ü–µ—Ä–µ–¥ —Ç—Ä–∞–∫—Ç–∏—Ä–æ–º [6001][0;37m
   –í—ã –≤—ã—à–ª–∏ –∫ –Ω–µ–±–æ–ª—å—à–æ–º—É –¥–æ–º—É, –ø–æ—Å—Ç—Ä–æ–µ–Ω–Ω–æ–º—É –∏–∑ —Ç–æ–ª—Å—Ç—ã—Ö –±—Ä–µ–≤–µ–Ω. –ò–∑ –ø—Ä–∏–æ—Ç–∫—Ä—ã—Ç–æ–π
–¥–≤–µ—Ä–∏ –ø–æ—Ç—è–Ω—É–ª–∏—Å—å –º–∞–Ω—è—â–∏–µ –∑–∞–ø–∞—Ö–∏. –í–∞–º –Ω–µ —Ç–µ—Ä–ø–∏—Ç—Å—è –≤–æ–π—Ç–∏ –ø–æ—Å–∫–æ—Ä–µ–µ –≤–Ω—É—Ç—Ä—å.
–û–∫–æ–ª–æ –¥–≤–µ—Ä–∏ —Å—Ç–æ–∏—Ç —Å–æ —Å–∫—É—á–∞—é—â–∏–º –≤–∏–¥–æ–º –º–µ—Å—Ç–Ω—ã–π –≤—ã—à–∏–±–∞–ª–∞. –ü—Ä–∏ –≤–∞—à–µ–º –ø—Ä–∏–±–ª–∏–∂–µ–Ω–∏–∏
–æ–Ω –Ω–∞—Å—Ç–æ—Ä–æ–∂–∏–ª—Å—è –∏ –Ω–µ–¥–æ–±—Ä–æ –ø—Ä–∏—â—É—Ä–∏–ª—Å—è. –ó–¥–µ—Å—å –Ω–µ –ª—é–±—è—Ç –¥–µ–±–æ—à–∏—Ä–æ–≤.
[0;36m[ Exits: e s w ][0;37m
[1;33m[1;31m–°–µ–ª—è–Ω–∏–Ω –∏–¥–µ—Ç —Å –ø–æ–ª—è –¥–æ–º–æ–π.
–®–∏—Ä–æ–∫–æ–ø–ª–µ—á–∏–π –æ—Ö—Ä–∞–Ω–Ω–∏–∫ —Å—Ç–æ–∏—Ç –∑–¥–µ—Å—å.
[0;0m
[0;32m463H[0;37m [0;32m140M[0;37m 96796–æ –ó–∞—É—á:0 –í—ã—Ö:–í–Æ–ó> ˇ˘–í—ã –ø–æ–ø–ª–µ–ª–∏—Å—å –Ω–∞ –∑–∞–ø–∞–¥.
[1;36m–ù–µ–±–æ–ª—å—à–∞—è —É–ª–æ—á–∫–∞ [6002][0;37m
   –í—ã –∏–¥–µ—Ç–µ –ø–æ —Ü–µ–Ω—Ç—Ä–∞–ª—å–Ω–æ–π —É–ª–∏—Ü–µ, –≤ –æ—Ç–ª–∏—á–∏–µ –æ—Ç –¥—Ä—É–≥–∏—Ö –æ—á–∏—â–µ–Ω–Ω–æ–π –æ—Ç –º—É—Å–æ—Ä–∞.
–ù–∞ —é–≥–æ-–≤–æ—Å—Ç–æ–∫–µ –≤–∏–¥–Ω–µ–µ—Ç—Å—è –∫—Ä–µ–ø–∫–∏–π –¥–æ–º, –∏–∑ —Ç—Ä—É–±—ã –∫–æ—Ç–æ—Ä–æ–≥–æ –ø–æ–¥–Ω–∏–º–∞–µ—Ç—Å—è
—Å–∏–∑—ã–π –¥—ã–º–æ–∫. –ú–µ—Å—Ç–Ω—ã–µ –∂–∏—Ç–µ–ª–∏ —Å –∏–Ω—Ç–µ—Ä–µ—Å–æ–º –∏ –Ω–µ–¥–æ–≤–µ—Ä–∏–µ–º –ø–æ—Å–º–∞—Ç—Ä–∏–≤–∞—é—Ç –Ω–∞ –≤–∞—Å.
[0;36m[ Exits: e w ][0;37m
[1;33m[1;31m–ú–æ–ª–æ–¥–æ–π –æ—Ö—Ä–∞–Ω–Ω–∏–∫ —Å –∫–æ–ø–Ω–æ–π —á–µ—Ä–Ω—ã—Ö –≤–æ–ª–æ—Å —Å—Ç–æ–∏—Ç –∑–¥–µ—Å—å.
–ú–æ–ª–æ–¥–æ–π –≤–æ–∏–Ω –∏–¥–µ—Ç –ø–æ —Å–≤–æ–∏–º –¥–µ–ª–∞–º.
–ú–æ–ª–æ–¥–∞—è —Å–µ–ª—è–Ω–∫–∞ —Ä–∞–∑–≥—É–ª–∏–≤–∞–µ—Ç –ø–æ —É–ª–∏—Ü–∞–º.
[0;0m
[0;32m463H[0;37m [0;32m140M[0;37m 96796–æ –ó–∞—É—á:0 –í—ã—Ö:–í–ó> ˇ˘–í—ã –ø–æ–ø–ª–µ–ª–∏—Å—å –Ω–∞ –∑–∞–ø–∞–¥.
[1;36m–¶–µ–Ω—Ç—Ä–∞–ª—å–Ω—ã–π –ø–µ—Ä–µ–∫—Ä–µ—Å—Ç–æ–∫ [6003][0;37m
   –û—Å–º–æ—Ç—Ä–µ–≤—à–∏—Å—å –ø–æ —Å—Ç–æ—Ä–æ–Ω–∞–º, –≤—ã –∑–∞–º–µ—Ç–∏–ª–∏, —á—Ç–æ —É–ª–∏—Ü–∞ —Ä–∞–∑–¥–µ–ª—è–µ—Ç—Å—è –Ω–∞ –¥–≤–∞
–Ω–∞–ø—Ä–∞–≤–ª–µ–Ω–∏—è. –ù–∞ –≤–æ—Å—Ç–æ–∫–µ –≤–∏–¥–Ω–µ–µ—Ç—Å—è –¥–æ–±—Ä–æ—Ç–Ω—ã–π –¥–æ–º, –Ω–∞ –∑–∞–ø–∞–¥ –∂–µ —É–ª–∏—Ü–∞ –≤–µ–¥–µ—Ç
–∫ —Ç–æ—Ä–≥–æ–≤–æ–π —É–ª–∏—Ü–µ. –ü—Ä—è–º–æ –ø–µ—Ä–µ–¥ –≤–∞–º–∏ –Ω–∞ —é–≥–µ —Å—Ç–æ–∏—Ç –∫—Ä–∞—Å–∏–≤—ã–π –¥–æ–º —Å –º–∞—Å—Å–∏–≤–Ω–æ–π
–¥–≤–µ—Ä—å—é.
[0;36m[ Exits: n e s w ][0;37m
[1;33m[1;31m–ú–æ–ª–æ–¥–æ–π –æ—Ö—Ä–∞–Ω–Ω–∏–∫ —Å –∫–æ–ø–Ω–æ–π —á–µ—Ä–Ω—ã—Ö –≤–æ–ª–æ—Å —Å—Ç–æ–∏—Ç –∑–¥–µ—Å—å.
[0;0m
[0;32m463H[0;37m [0;32m141M[0;37m 96796–æ –ó–∞—É—á:0 –í—ã—Ö:–°–í–Æ–ó> ˇ˘–í—ã –ø–æ–ø–ª–µ–ª–∏—Å—å –Ω–∞ –∑–∞–ø–∞–¥.
[1;36m–¶–µ–Ω—Ç—Ä–∞–ª—å–Ω–∞—è —É–ª–∏—Ü–∞ [6007][0;37m
   –í—ã –∏–¥–µ—Ç–µ –ø–æ —à–∏—Ä–æ–∫–æ–π, —á–∏—Å—Ç–æ–π —É–ª–∏—Ü–µ, –≤–µ–¥—É—â–µ–π –∫ —Ç–æ—Ä–≥–æ–≤–æ–π –ø–ª–æ—â–∞–¥–∏. –ñ–∏—Ç–µ–ª–∏,
–ø—Ä–æ—Ö–æ–¥—è—â–∏–µ –º–∏–º–æ –≤–∞—Å, –Ω–µ –æ–±—Ä–∞—â–∞—é—Ç –Ω–∞ –≤–∞—Å –Ω–∏–∫–∞–∫–æ–≥–æ –≤–Ω–∏–º–∞–Ω–∏—è. –í–∏–¥–Ω–æ, —Ç–∞–∫–∏–µ
–∫–∞–∫ –≤—ã, –∑–∞–µ–∑–∂–∞—é—Ç —Å—é–¥–∞ –¥–æ–≤–æ–ª—å–Ω–æ —á–∞—Å—Ç–æ.
[0;36m[ Exits: e w ][0;37m
[1;33m[1;31m–ú–æ–ª–æ–¥–∞—è —Å–µ–ª—è–Ω–∫–∞ —Ä–∞–∑–≥—É–ª–∏–≤–∞–µ—Ç –ø–æ —É–ª–∏—Ü–∞–º.
[0;0m
[0;32m463H[0;37m [0;32m141M[0;37m 96796–æ –ó–∞—É—á:0 –í—ã—Ö:–í–ó> ˇ˘–í—ã –ø–æ–ø–ª–µ–ª–∏—Å—å –Ω–∞ –∑–∞–ø–∞–¥.
[1;36m–¶–µ–Ω—Ç—Ä–∞–ª—å–Ω–∞—è —É–ª–∏—Ü–∞ [6008][0;37m
   –í—ã –∑–∞–º–µ—Ç–∏–ª–∏, —á—Ç–æ –Ω–∞ —é–≥ –æ—Ç—Ö–æ–¥–∏—Ç –≥—Ä—è–∑–Ω—ã–π –ø—Ä–æ—É–ª–æ–∫, –æ—Ç–∫—É–¥–∞ –¥–æ–ª–µ—Ç–∞—é—Ç
—Ç–æ—à–Ω–æ—Ç–≤–æ—Ä–Ω—ã–µ –∑–∞–ø–∞—Ö–∏. –¶–µ–Ω—Ç—Ä–∞–ª—å–Ω–∞—è –∂–µ —É–ª–∏—Ü–∞ –ø—Ä–æ–¥–æ–ª–∂–∞–µ—Ç—Å—è –¥–∞–ª—å—à–µ –Ω–∞ –≤–æ—Å—Ç–æ–∫
–∏ –∑–∞–ø–∞–¥.
[0;36m[ Exits: e s w ][0;37m
[1;33m[1;31m–û–±–ª–µ–∑–ª—ã–π –ø–µ—Å –ø–æ–Ω—É—Ä–æ –±—Ä–µ–¥–µ—Ç –∑–¥–µ—Å—å.
–ú–æ–ª–æ–¥–∞—è —Å–µ–ª—è–Ω–∫–∞ —Ä–∞–∑–≥—É–ª–∏–≤–∞–µ—Ç –ø–æ —É–ª–∏—Ü–∞–º.
[0;0m
[0;32m463H[0;37m [0;32m141M[0;37m 96796–æ –ó–∞—É—á:0 –í—ã—Ö:–í–Æ–ó> ˇ˘–í—ã –ø–æ–ø–ª–µ–ª–∏—Å—å –Ω–∞ –∑–∞–ø–∞–¥.
[1;36m–ì–ª–∞–≤–Ω–∞—è —É–ª–∏—Ü–∞ [6016][0;37m
   –í—ã –∏–¥–µ—Ç–µ –ø–æ —à–∏—Ä–æ–∫–æ–π, —á–∏—Å—Ç–æ–π —É–ª–∏—Ü–µ, –≤–µ–¥—É—â–µ–π –∫ —Ç–æ—Ä–≥–æ–≤–æ–π –ø–ª–æ—â–∞–¥–∏. –ñ–∏—Ç–µ–ª–∏,
–ø—Ä–æ—Ö–æ–¥—è—â–∏–µ –º–∏–º–æ –≤–∞—Å, –Ω–µ –æ–±—Ä–∞—â–∞—é—Ç –Ω–∞ –≤–∞—Å –Ω–∏–∫–∞–∫–æ–≥–æ –≤–Ω–∏–º–∞–Ω–∏—è. –í–∏–¥–Ω–æ, —Ç–∞–∫–∏–µ
–∫–∞–∫ –≤—ã, –∑–∞–µ–∑–∂–∞—é—Ç —Å—é–¥–∞ –¥–æ–≤–æ–ª—å–Ω–æ —á–∞—Å—Ç–æ. –ù–∞ —Å–µ–≤–µ—Ä–µ –æ—Ç –≤–∞—Å —Ä–∞—Å–ø–æ–ª–æ–∂–µ–Ω–∞
–Ω–µ–±–æ–ª—å—à–∞—è —Ü–µ—Ä–∫–≤—É—à–∫–∞.
[0;36m[ Exits: n e w ][0;37m
[1;33m[1;31m–ú–æ–ª–æ–¥–æ–π –æ—Ö—Ä–∞–Ω–Ω–∏–∫ —Å –∫–æ–ø–Ω–æ–π —á–µ—Ä–Ω—ã—Ö –≤–æ–ª–æ—Å —Å—Ç–æ–∏—Ç –∑–¥–µ—Å—å.
–°–µ–ª—è–Ω–∏–Ω –∏–¥–µ—Ç —Å –ø–æ–ª—è –¥–æ–º–æ–π.
[0;0m
[0;32m463H[0;37m [0;32m141M[0;37m 96796–æ –ó–∞—É—á:0 –í—ã—Ö:–°–í–ó> ˇ˘–í—ã –Ω–µ—Å–µ—Ç–µ:
–±—ã—á—å–∏ —Å—É—Ö–æ–∂–∏–ª–∏—è  [1;37m<–≤–µ–ª–∏–∫–æ–ª–µ–ø–Ω–æ>[0;37m
–º–∞–ª—ã–π –º–µ—Ö  [1;37m<–≤–µ–ª–∏–∫–æ–ª–µ–ø–Ω–æ>[0;37m
–¥–æ—Ä–æ–∂–Ω–∞—è –∫–æ—Ç–æ–º–∫–∞ [2]
—Ö–æ–ª—â–æ–≤—ã–π –º–µ—à–æ–∫  [1;37m<–≤–µ–ª–∏–∫–æ–ª–µ–ø–Ω–æ>[0;37m (–µ—Å—Ç—å —Å–æ–¥–µ—Ä–∂–∏–º–æ–µ)

[0;32m463H[0;37m [0;32m142M[0;37m 96796–æ –ó–∞—É—á:0 –í—ã—Ö:–°–í–ó> ˇ˘–í—ã –ø–æ–ø–ª–µ–ª–∏—Å—å –Ω–∞ –∑–∞–ø–∞–¥.
[1;36m–ì–ª–∞–≤–Ω–∞—è —É–ª–∏—Ü–∞ [6017][0;37m
   –í—ã –∏–¥–µ—Ç–µ –ø–æ —à–∏—Ä–æ–∫–æ–π, —á–∏—Å—Ç–æ–π —É–ª–∏—Ü–µ, –≤–µ–¥—É—â–µ–π –∫ —Ç–æ—Ä–≥–æ–≤–æ–π –ø–ª–æ—â–∞–¥–∏.
–ñ–∏—Ç–µ–ª–∏, –ø—Ä–æ—Ö–æ–¥—è—â–∏–µ –º–∏–º–æ, –Ω–µ –æ–±—Ä–∞—â–∞—é—Ç –Ω–∞ –≤–∞—Å –Ω–∏–∫–∞–∫–æ–≥–æ –≤–Ω–∏–º–∞–Ω–∏—è.
–í–∏–¥–Ω–æ, —Ç–∞–∫–∏–µ –∫–∞–∫ –≤—ã, –∑–∞–µ–∑–∂–∞—é—Ç —Å—é–¥–∞ –¥–æ–≤–æ–ª—å–Ω–æ —á–∞—Å—Ç–æ. –Æ–∂–Ω–µ–µ –≤–∏–¥–µ–Ω
–¥–æ–º —Å—Ç–∞—Ä–æ—Å—Ç—ã.
[0;36m[ Exits: e s w ][0;37m
[1;33m[1;31m–ú–æ–ª–æ–¥–æ–π –≤–æ–∏–Ω –∏–¥–µ—Ç –ø–æ —Å–≤–æ–∏–º –¥–µ–ª–∞–º.
–°–µ–ª—è–Ω–∏–Ω –∏–¥–µ—Ç —Å –ø–æ–ª—è –¥–æ–º–æ–π.
[0;0m
[0;32m463H[0;37m [0;32m141M[0;37m 96796–æ –ó–∞—É—á:0 –í—ã—Ö:–í–Æ–ó> ˇ˘–í—ã –ø–æ–ø–ª–µ–ª–∏—Å—å –Ω–∞ –∑–∞–ø–∞–¥.
[1;36m–û–∂–∏–≤–ª–µ–Ω–Ω—ã–π –ø–µ—Ä–µ–∫—Ä–µ—Å—Ç–æ–∫  [6034][0;37m
   –í—ã –≤—ã—à–ª–∏ –Ω–∞ –ø–µ—Ä–µ–∫—Ä–µ—Å—Ç–æ–∫ –¥–≤—É—Ö —É–ª–∏—Ü, —è–≤–Ω–æ –ø–æ–ª—å–∑—É—é—â–∏—Ö—Å—è –ø–æ–ø—É–ª—è—Ä–Ω–æ—Å—Ç—å—é –ø–æ
–≤–∏–¥—É –º–∞—Å—Å—ã –Ω–∞—Ä–æ–¥–∞, —Å–Ω—É—é—â–µ–π –≤ —Ä–∞–∑–Ω—ã–µ —Å—Ç–æ—Ä–æ–Ω—ã. –û–∫–æ–ª–æ —Å—Ç–µ–Ω—ã —Å—Ç–æ—è—Ç —Ç–æ—Ä–≥–æ–≤—Ü—ã
—Å –ø—Ä–∏–ª–∞–≤–∫–∞–º–∏. –ò–∑ —Ç—Ä—É–±—ã –∑–¥–∞–Ω–∏—è –Ω–∞ —é–≥–µ –≤–∞–ª–∏—Ç –¥—ã–º.
[0;36m[ Exits: n e s w ][0;37m
[1;33m–ó–¥–µ—Å—å –ª–µ–∂–∏—Ç –º–æ—Ä–∫–æ–≤—å.
[1;31m–ú–æ–ª–æ–¥–æ–π –≤–æ–∏–Ω –∏–¥–µ—Ç –ø–æ —Å–≤–æ–∏–º –¥–µ–ª–∞–º.
–û–±–ª–µ–∑–ª—ã–π –ø–µ—Å –ø–æ–Ω—É—Ä–æ –±—Ä–µ–¥–µ—Ç –∑–¥–µ—Å—å.
–ú–æ–ª–æ–¥–æ–π –æ—Ö—Ä–∞–Ω–Ω–∏–∫ —Å –∫–æ–ø–Ω–æ–π —á–µ—Ä–Ω—ã—Ö –≤–æ–ª–æ—Å —Å—Ç–æ–∏—Ç –∑–¥–µ—Å—å.
–°–µ–ª—è–Ω–∏–Ω –∏–¥–µ—Ç —Å –ø–æ–ª—è –¥–æ–º–æ–π.
[0;0m
[0;32m463H[0;37m [0;32m141M[0;37m 96796–æ –ó–∞—É—á:0 –í—ã—Ö:–°–í–Æ–ó> ˇ˘–í—ã –ø–æ–ø–ª–µ–ª–∏—Å—å –Ω–∞ —Å–µ–≤–µ—Ä.
[1;36m–¢–æ—Ä–≥–æ–≤–∞—è —Å–ª–æ–±–æ–¥–∞ [6036][0;37m
   –í—ã –∏–¥–µ—Ç–µ –ø–æ –æ–∂–∏–≤–ª–µ–Ω–Ω–æ–π –¥–æ—Ä–æ–≥–µ. –í–æ–∫—Ä—É–≥ –≤–∞—Å –º–∞—Å—Å–∞ –Ω–∞—Ä–æ–¥—É, —Å–ª—ã—à–Ω—ã –∫—Ä–∏–∫–∏
–∑–∞–∑—ã–≤–∞–ª –∏ —Ç–æ—Ä–≥–æ–≤–æ–∫. –°–µ–≤–µ—Ä–Ω–µ–µ –≤—ã –≤–∏–¥–∏—Ç–µ –Ω–µ–±–æ–ª—å—à–æ–π –∫–æ–ª–æ–¥–µ—Ü, –≤—ã—Ä—ã—Ç—ã–π –ø–æ—Å–µ—Ä–µ–¥–∫–µ
–ø–ª–æ—â–∞–¥–∏. –í–¥–æ–ª—å —Å—Ç–µ–Ω –¥–æ–º–æ–≤ —Å—Ç–æ—è—Ç —Ç–æ—Ä–≥–æ–≤—Ü—ã —Å —Ç–æ—Ä–≥–æ–≤—ã–º–∏ –ª–∞–≤–∫–∞–º–∏ –ø—Ä–µ–¥–ª–∞–≥–∞—è –≤–∞–º
—Å–≤–æ–π —Ç–æ–≤–∞—Ä.
[0;36m[ Exits: n s ][0;37m
[1;33m[1;31m–ó—Ä–µ–ª—ã–π –º—É–∂–∏–∫ —Å –∑–æ—Ä–∫–∏–º–∏ –≥–ª–∞–∑–∞–º–∏ —Ö–æ–¥–∏—Ç –ø–æ —É–ª–∏—Ü–µ.
[0;0m
[0;32m463H[0;37m [0;32m141M[0;37m 96796–æ –ó–∞—É—á:0 –í—ã—Ö:–°–Æ> ˇ˘–í—ã –ø–æ–ø–ª–µ–ª–∏—Å—å –Ω–∞ —Å–µ–≤–µ—Ä.
[1;36m–¢–æ—Ä–≥–æ–≤–∞—è –ø–ª–æ—â–∞–¥—å [6035][0;37m
   –í —Ü–µ–Ω—Ç—Ä–µ –ø–ª–æ—â–∞–¥–∏ —Å—Ç–æ–∏—Ç –Ω–µ–±–æ–ª—å—à–æ–π –∫–æ–ª–æ–¥–µ—Ü. –û–≥–ª—è–¥–µ–≤—à–∏—Å—å, –≤—ã –≤–∏–¥–∏—Ç–µ
—Ä–∞—Å–ø–æ–ª–æ–∂–µ–Ω–Ω—ã–µ –≤–æ–∫—Ä—É–≥ –≤–∞—Å –∑–¥–∞–Ω–∏—è. –ù–µ–¥–∞—Ä–æ–º —Ç—É—Ç —Ç–∞–∫ –º–Ω–æ–≥–æ –ª—é–¥–µ–π - –Ω–∞ –º–Ω–æ–≥–æ
–≤–µ—Ä—Å—Ç –≤–æ–∫—Ä—É–≥ –Ω–µ –Ω–∞–π–¥–µ—à—å —Ç–∞–∫–æ–π –±–æ–ª—å—à–æ–π –¥–µ—Ä–µ–≤–Ω–∏.
[0;36m[ Exits: n e s w ][0;37m
[1;33m–ö–æ–ª–æ–¥–µ—Ü –≤—ã–∫–æ–ø–∞–Ω –∑–¥–µ—Å—å. ..–∂–µ–ª—Ç–∞—è –∞—É—Ä–∞!
[1;31m–ë–∞–∑–∞—Ä–Ω—ã–π –∑–∞–∑—ã–≤–∞–ª–∞ —Å—Ç–æ–∏—Ç –∑–¥–µ—Å—å, –∑—ã—á–Ω—ã–º –≥–æ–ª–æ—Å–æ–º —Ä–∞—Å—Ö–≤–∞–ª–∏–≤–∞—è –≤—ã—Å—Ç–∞–≤–ª–µ–Ω–Ω—ã–π —Ç–æ–≤–∞—Ä.
[0;0m
[0;32m463H[0;37m [0;32m141M[0;37m 96796–æ –ó–∞—É—á:0 –í—ã—Ö:–°–í–Æ–ó> ˇ˘–í—ã –ø–æ–ø–ª–µ–ª–∏—Å—å –Ω–∞ –≤–æ—Å—Ç–æ–∫.
[1;36m–ö—É–∑–Ω–∏—Ü–∞ [6037][0;37m
–ö—É–∑–Ω–µ—Ü, —Å—Ç–æ—è—â–∏–π —É –Ω–∞–∫–æ–≤–∞–ª—å–Ω–∏, –∏–∑–≤–µ—Å—Ç–µ–Ω —Å–≤–æ–∏–º –æ—Ä—É–∂–∏–µ–º –≤–æ –º–Ω–æ–≥–∏—Ö –≥–æ—Ä–æ–¥–∞—Ö. –ú—è–≥–∫–æ
–ø–æ—Å—Ç—É–∫–∏–≤–∞—è, –æ–Ω –≤–µ–¥–µ—Ç –º–æ–ª–æ—Ç–æ–º –≤–¥–æ–ª—å –∂–µ–ª–µ–∑–Ω–æ–≥–æ –±—Ä—É—Å–∫–∞, –∏ –ø–æ—Å—Ç–µ–ø–µ–Ω–Ω–æ –∫—É—Å–æ–∫ –∂–µ–ª–µ–∑–∞
–Ω–∞—á–∏–Ω–∞–µ—Ç –ø—Ä–∏–æ–±—Ä–µ—Ç–∞—Ç—å –≤–∏–¥ –∫–ª–∏–Ω–∫–∞. –ï—â–µ —á–µ—Ä–µ–∑ –º–∏–Ω—É—Ç—É –∫–ª–∏–Ω–æ–∫ –≥–æ—Ç–æ–≤, –∏ –≤—ã —É–≤–∏–¥–µ–ª–∏,
—á—Ç–æ –∫—É–∑–Ω–µ—Ü –¥–µ—Ä–∂–∏—Ç –≤ —Ä—É–∫–∞—Ö –º–µ—á –ø–æ—Ä–∞–∑–∏—Ç–µ–ª—å–Ω–æ–π –∫—Ä–∞—Å–æ—Ç—ã –∏ —Å–∏–ª—ã. –î–∞ –¥–µ–π—Å—Ç–≤–∏—Ç–µ–ª—å–Ω–æ,
–∏—Å–∫—É—Å–Ω—ã–π –º–∞—Å—Ç–µ—Ä –í–∞–∫—É–ª–∞. –ù–µ –¥–∞—Ä–æ–º –í–∞–∫—É–ª—É –ø–æ—á–∏—Ç–∞—é—Ç –∑–∞ –µ–≥–æ —É–º–µ–ª—ã–µ —Ä—É–∫–∏.  
[0;36m[ Exits: w ][0;37m
[1;33m[1;31m–ú–æ–ª–æ–¥–æ–π –ø–∞—Ä–µ–Ω—å —Å—Ç–æ–∏—Ç —É —Ä–∞–∑–≤–µ—à–µ–Ω–Ω–æ–≥–æ –æ—Ä—É–∂–∏—è.
–í—ã—Å–æ–∫–∏–π –∏ —Å–∏–ª—å–Ω—ã–π –∫—É–∑–Ω–µ—Ü –∑–∞–Ω—è—Ç —Å–≤–æ–∏–º –¥–µ–ª–æ–º.
[0;0m
[0;32m463H[0;37m [0;32m141M[0;37m 96796–æ –ó–∞—É—á:0 –í—ã—Ö:–ó> ˇ˘[1;36m–ü–æ–º–æ—â–Ω–∏–∫ –∫—É–∑–Ω–µ—Ü–∞ —Å–∫–∞–∑–∞–ª –≤–∞–º : '–ü–æ–ª—É—á–∏ –∑–∞ –¥–æ—Ä–æ–∂–Ω—É—é –∫–æ—Ç–æ–º–∫—É 20 –∫—É–Ω.'[0;37m

[0;32m463H[0;37m [0;32m142M[0;37m 96796–æ –ó–∞—É—á:0 –í—ã—Ö:–ó> ˇ˘–£ –≤–∞—Å —É–∂–µ —á—Ç–æ-—Ç–æ –Ω–∞–¥–µ—Ç–æ –Ω–∞ –ø–æ—è—Å.

[0;32m463H[0;37m [0;32m142M[0;37m 96796–æ –ó–∞—É—á:0 –í—ã—Ö:–ó> ˇ˘–ù–∞ –≤–∞—Å –Ω–∞–¥–µ—Ç–æ:
<–ø—Ä–∞–≤—ã–π —É–∫–∞–∑–∞—Ç–µ–ª—å–Ω—ã–π –ø–∞–ª–µ—Ü> –æ–±—Å–∏–¥–∏–∞–Ω–æ–≤–æ–µ –∫–æ–ª—å—Ü–æ  [1;32m<–æ—á–µ–Ω—å —Ö–æ—Ä–æ—à–æ>[0;37m
<–Ω–∞ —Ç–µ–ª–µ>                   –ª–µ–≥–∫–∏–π –ª–∞—Ç–Ω—ã–π –¥–æ—Å–ø–µ—Ö  [0;32m<—Ö–æ—Ä–æ—à–æ>[0;37m
<–Ω–∞ –≥–æ–ª–æ–≤–µ>                 –¥—ã—Ä—è–≤–∞—è —à–ª—è–ø–∞  [1;32m<–æ—á–µ–Ω—å —Ö–æ—Ä–æ—à–æ>[0;37m
<–Ω–∞ –Ω–æ–≥–∞—Ö>                  –ª–µ–≥–∫–∏–µ –ª–∞—Ç–Ω—ã–µ –ø–æ–Ω–æ–∂–∏  [1;32m<–æ—á–µ–Ω—å —Ö–æ—Ä–æ—à–æ>[0;37m
<–Ω–∞ —Å—Ç—É–ø–Ω—è—Ö>                –¥—Ä–∞–Ω—ã–µ —Å–∞–ø–æ–≥–∏  [1;32m<–æ—á–µ–Ω—å —Ö–æ—Ä–æ—à–æ>[0;37m
<–Ω–∞ –∫–∏—Å—Ç—è—Ö>                 –º–µ—Ö–æ–≤—ã–µ —Ä—É–∫–∞–≤–∏—Ü—ã  [1;32m<–æ—á–µ–Ω—å —Ö–æ—Ä–æ—à–æ>[0;37m
<–Ω–∞ —Ä—É–∫–∞—Ö>                  –ª–µ–≥–∫–∏–µ –ª–∞—Ç–Ω—ã–µ –Ω–∞—Ä—É—á–∏  [1;32m<–æ—á–µ–Ω—å —Ö–æ—Ä–æ—à–æ>[0;37m
<–Ω–∞ –ø–ª–µ—á–∞—Ö>                 –ª–µ–≥–∫–∏–µ –ª–∞—Ç–Ω—ã–µ –Ω–∞–ø–ª–µ—á–Ω–∏–∫–∏  [1;32m<–æ—á–µ–Ω—å —Ö–æ—Ä–æ—à–æ>[0;37m
<–Ω–∞ –ø–æ—è—Å–µ>                  –¥–æ—Ä–æ–∂–Ω–∞—è –∫–æ—Ç–æ–º–∫–∞  [1;37m<–≤–µ–ª–∏–∫–æ–ª–µ–ø–Ω–æ>[0;37m (–ø—É—Å—Ç–∞)
<–Ω–∞ –ø—Ä–∞–≤–æ–º –∑–∞–ø—è—Å—Ç—å–µ>        —Ö–æ—Ö–æ–ª–æ–∫ –∫—É–∫—É—à–∫–∏  [1;32m<–æ—á–µ–Ω—å —Ö–æ—Ä–æ—à–æ>[0;37m
<–Ω–∞ –ª–µ–≤–æ–º –∑–∞–ø—è—Å—Ç—å–µ>         —Ö–æ—Ö–æ–ª–æ–∫ –∫—É–∫—É—à–∫–∏  [0;32m<—Ö–æ—Ä–æ—à–æ>[0;37m
<–≤ –ø—Ä–∞–≤–æ–π —Ä—É–∫–µ>             –∫—Ä–µ–ø–∫–∞—è –ø–∞–ª–∫–∞  [0;32m<—Ö–æ—Ä–æ—à–æ>[0;37m
<–≤ –ª–µ–≤–æ–π —Ä—É–∫–µ>              –º–∞–ª–µ–Ω—å–∫–∞—è —Ç—è–ø–∫–∞  [1;32m<–æ—á–µ–Ω—å —Ö–æ—Ä–æ—à–æ>[0;37m

[0;32m463H[0;37m [0;32m142M[0;37m 96796–æ –ó–∞—É—á:0 –í—ã—Ö:–ó> ˇ˘[1;36m–ü–æ–º–æ—â–Ω–∏–∫ –∫—É–∑–Ω–µ—Ü–∞ —Å–∫–∞–∑–∞–ª –≤–∞–º : '–ü–æ–ª—É—á–∏ –∑–∞ –¥–æ—Ä–æ–∂–Ω—É—é –∫–æ—Ç–æ–º–∫—É 20 –∫—É–Ω.'[0;37m

[0;32m463H[0;37m [0;32m142M[0;37m 96796–æ –ó–∞—É—á:0 –í—ã—Ö:–ó> ˇ˘–£ –≤–∞—Å –Ω–µ—Ç –∫–æ—Ç–æ–º!

[0;32m463H[0;37m [0;32m142M[0;37m 96796–æ –ó–∞—É—á:0 –í—ã—Ö:–ó> ˇ˘[1;36m–ö—É–∑–Ω–∏—Ü–∞ [6037][0;37m
–ö—É–∑–Ω–µ—Ü, —Å—Ç–æ—è—â–∏–π —É –Ω–∞–∫–æ–≤–∞–ª—å–Ω–∏, –∏–∑–≤–µ—Å—Ç–µ–Ω —Å–≤–æ–∏–º –æ—Ä—É–∂–∏–µ–º –≤–æ –º–Ω–æ–≥–∏—Ö –≥–æ—Ä–æ–¥–∞—Ö. –ú—è–≥–∫–æ
–ø–æ—Å—Ç—É–∫–∏–≤–∞—è, –æ–Ω –≤–µ–¥–µ—Ç –º–æ–ª–æ—Ç–æ–º –≤–¥–æ–ª—å –∂–µ–ª–µ–∑–Ω–æ–≥–æ –±—Ä—É—Å–∫–∞, –∏ –ø–æ—Å—Ç–µ–ø–µ–Ω–Ω–æ –∫—É—Å–æ–∫ –∂–µ–ª–µ–∑–∞
–Ω–∞—á–∏–Ω–∞–µ—Ç –ø—Ä–∏–æ–±—Ä–µ—Ç–∞—Ç—å –≤–∏–¥ –∫–ª–∏–Ω–∫–∞. –ï—â–µ —á–µ—Ä–µ–∑ –º–∏–Ω—É—Ç—É –∫–ª–∏–Ω–æ–∫ –≥–æ—Ç–æ–≤, –∏ –≤—ã —É–≤–∏–¥–µ–ª–∏,
—á—Ç–æ –∫—É–∑–Ω–µ—Ü –¥–µ—Ä–∂–∏—Ç –≤ —Ä—É–∫–∞—Ö –º–µ—á –ø–æ—Ä–∞–∑–∏—Ç–µ–ª—å–Ω–æ–π –∫—Ä–∞—Å–æ—Ç—ã –∏ —Å–∏–ª—ã. –î–∞ –¥–µ–π—Å—Ç–≤–∏—Ç–µ–ª—å–Ω–æ,
–∏—Å–∫—É—Å–Ω—ã–π –º–∞—Å—Ç–µ—Ä –í–∞–∫—É–ª–∞. –ù–µ –¥–∞—Ä–æ–º –í–∞–∫—É–ª—É –ø–æ—á–∏—Ç–∞—é—Ç –∑–∞ –µ–≥–æ —É–º–µ–ª—ã–µ —Ä—É–∫–∏.  
[0;36m[ Exits: w ][0;37m
[1;33m[1;31m–ú–æ–ª–æ–¥–æ–π –ø–∞—Ä–µ–Ω—å —Å—Ç–æ–∏—Ç —É —Ä–∞–∑–≤–µ—à–µ–Ω–Ω–æ–≥–æ –æ—Ä—É–∂–∏—è.
–í—ã—Å–æ–∫–∏–π –∏ —Å–∏–ª—å–Ω—ã–π –∫—É–∑–Ω–µ—Ü –∑–∞–Ω—è—Ç —Å–≤–æ–∏–º –¥–µ–ª–æ–º.
[0;0m
[0;32m463H[0;37m [0;32m142M[0;37m 96796–æ –ó–∞—É—á:0 –í—ã—Ö:–ó> ˇ˘–í—ã –ø–æ–ø–ª–µ–ª–∏—Å—å –Ω–∞ –∑–∞–ø–∞–¥.
[1;36m–¢–æ—Ä–≥–æ–≤–∞—è –ø–ª–æ—â–∞–¥—å [6035][0;37m
   –í —Ü–µ–Ω—Ç—Ä–µ –ø–ª–æ—â–∞–¥–∏ —Å—Ç–æ–∏—Ç –Ω–µ–±–æ–ª—å—à–æ–π –∫–æ–ª–æ–¥–µ—Ü. –û–≥–ª—è–¥–µ–≤—à–∏—Å—å, –≤—ã –≤–∏–¥–∏—Ç–µ
—Ä–∞—Å–ø–æ–ª–æ–∂–µ–Ω–Ω—ã–µ –≤–æ–∫—Ä—É–≥ –≤–∞—Å –∑–¥–∞–Ω–∏—è. –ù–µ–¥–∞—Ä–æ–º —Ç—É—Ç —Ç–∞–∫ –º–Ω–æ–≥–æ –ª—é–¥–µ–π - –Ω–∞ –º–Ω–æ–≥–æ
–≤–µ—Ä—Å—Ç –≤–æ–∫—Ä—É–≥ –Ω–µ –Ω–∞–π–¥–µ—à—å —Ç–∞–∫–æ–π –±–æ–ª—å—à–æ–π –¥–µ—Ä–µ–≤–Ω–∏.
[0;36m[ Exits: n e s w ][0;37m
[1;33m–ö–æ–ª–æ–¥–µ—Ü –≤—ã–∫–æ–ø–∞–Ω –∑–¥–µ—Å—å. ..–∂–µ–ª—Ç–∞—è –∞—É—Ä–∞!
[1;31m–ë–∞–∑–∞—Ä–Ω—ã–π –∑–∞–∑—ã–≤–∞–ª–∞ —Å—Ç–æ–∏—Ç –∑–¥–µ—Å—å, –∑—ã—á–Ω—ã–º –≥–æ–ª–æ—Å–æ–º —Ä–∞—Å—Ö–≤–∞–ª–∏–≤–∞—è –≤—ã—Å—Ç–∞–≤–ª–µ–Ω–Ω—ã–π —Ç–æ–≤–∞—Ä.
[0;0m
[0;32m463H[0;37m [0;32m141M[0;37m 96796–æ –ó–∞—É—á:0 –í—ã—Ö:–°–í–Æ–ó> ˇ˘–í—ã –ø–æ–ø–ª–µ–ª–∏—Å—å –Ω–∞ —é–≥.
[1;36m–¢–æ—Ä–≥–æ–≤–∞—è —Å–ª–æ–±–æ–¥–∞ [6036][0;37m
   –í—ã –∏–¥–µ—Ç–µ –ø–æ –æ–∂–∏–≤–ª–µ–Ω–Ω–æ–π –¥–æ—Ä–æ–≥–µ. –í–æ–∫—Ä—É–≥ –≤–∞—Å –º–∞—Å—Å–∞ –Ω–∞—Ä–æ–¥—É, —Å–ª—ã—à–Ω—ã –∫—Ä–∏–∫–∏
–∑–∞–∑—ã–≤–∞–ª –∏ —Ç–æ—Ä–≥–æ–≤–æ–∫. –°–µ–≤–µ—Ä–Ω–µ–µ –≤—ã –≤–∏–¥–∏—Ç–µ –Ω–µ–±–æ–ª—å—à–æ–π –∫–æ–ª–æ–¥–µ—Ü, –≤—ã—Ä—ã—Ç—ã–π –ø–æ—Å–µ—Ä–µ–¥–∫–µ
–ø–ª–æ—â–∞–¥–∏. –í–¥–æ–ª—å —Å—Ç–µ–Ω –¥–æ–º–æ–≤ —Å—Ç–æ—è—Ç —Ç–æ—Ä–≥–æ–≤—Ü—ã —Å —Ç–æ—Ä–≥–æ–≤—ã–º–∏ –ª–∞–≤–∫–∞–º–∏ –ø—Ä–µ–¥–ª–∞–≥–∞—è –≤–∞–º
—Å–≤–æ–π —Ç–æ–≤–∞—Ä.
[0;36m[ Exits: n s ][0;37m
[1;33m[1;31m–ú–æ–ª–æ–¥–æ–π –æ—Ö—Ä–∞–Ω–Ω–∏–∫ —Å –∫–æ–ø–Ω–æ–π —á–µ—Ä–Ω—ã—Ö –≤–æ–ª–æ—Å —Å—Ç–æ–∏—Ç –∑–¥–µ—Å—å.
–ó—Ä–µ–ª—ã–π –º—É–∂–∏–∫ —Å –∑–æ—Ä–∫–∏–º–∏ –≥–ª–∞–∑–∞–º–∏ —Ö–æ–¥–∏—Ç –ø–æ —É–ª–∏—Ü–µ.
[0;0m
[0;32m463H[0;37m [0;32m141M[0;37m 96796–æ –ó–∞—É—á:0 –í—ã—Ö:–°–Æ> ˇ˘–í—ã –ø–æ–ø–ª–µ–ª–∏—Å—å –Ω–∞ —é–≥.
[1;36m–û–∂–∏–≤–ª–µ–Ω–Ω—ã–π –ø–µ—Ä–µ–∫—Ä–µ—Å—Ç–æ–∫  [6034][0;37m
   –í—ã –≤—ã—à–ª–∏ –Ω–∞ –ø–µ—Ä–µ–∫—Ä–µ—Å—Ç–æ–∫ –¥–≤—É—Ö —É–ª–∏—Ü, —è–≤–Ω–æ –ø–æ–ª—å–∑—É—é—â–∏—Ö—Å—è –ø–æ–ø—É–ª—è—Ä–Ω–æ—Å—Ç—å—é –ø–æ
–≤–∏–¥—É –º–∞—Å—Å—ã –Ω–∞—Ä–æ–¥–∞, —Å–Ω—É—é—â–µ–π –≤ —Ä–∞–∑–Ω—ã–µ —Å—Ç–æ—Ä–æ–Ω—ã. –û–∫–æ–ª–æ —Å—Ç–µ–Ω—ã —Å—Ç–æ—è—Ç —Ç–æ—Ä–≥–æ–≤—Ü—ã
—Å –ø—Ä–∏–ª–∞–≤–∫–∞–º–∏. –ò–∑ —Ç—Ä—É–±—ã –∑–¥–∞–Ω–∏—è –Ω–∞ —é–≥–µ –≤–∞–ª–∏—Ç –¥—ã–º.
[0;36m[ Exits: n e s w ][0;37m
[1;33m–ó–¥–µ—Å—å –ª–µ–∂–∏—Ç –º–æ—Ä–∫–æ–≤—å.
[1;31m–°–µ–ª—è–Ω–∏–Ω –∏–¥–µ—Ç —Å –ø–æ–ª—è –¥–æ–º–æ–π.
–ú–æ–ª–æ–¥–æ–π –≤–æ–∏–Ω –∏–¥–µ—Ç –ø–æ —Å–≤–æ–∏–º –¥–µ–ª–∞–º.
–û–±–ª–µ–∑–ª—ã–π –ø–µ—Å –ø–æ–Ω—É—Ä–æ –±—Ä–µ–¥–µ—Ç –∑–¥–µ—Å—å.
–°–µ–ª—è–Ω–∏–Ω –∏–¥–µ—Ç —Å –ø–æ–ª—è –¥–æ–º–æ–π.
[0;0m
[0;32m463H[0;37m [0;32m141M[0;37m 96796–æ –ó–∞—É—á:0 –í—ã—Ö:–°–í–Æ–ó> ˇ˘–í—ã –ø–æ–ø–ª–µ–ª–∏—Å—å –Ω–∞ –≤–æ—Å—Ç–æ–∫.
[1;36m–ì–ª–∞–≤–Ω–∞—è —É–ª–∏—Ü–∞ [6017][0;37m
   –í—ã –∏–¥–µ—Ç–µ –ø–æ —à–∏—Ä–æ–∫–æ–π, —á–∏—Å—Ç–æ–π —É–ª–∏—Ü–µ, –≤–µ–¥—É—â–µ–π –∫ —Ç–æ—Ä–≥–æ–≤–æ–π –ø–ª–æ—â–∞–¥–∏.
–ñ–∏—Ç–µ–ª–∏, –ø—Ä–æ—Ö–æ–¥—è—â–∏–µ –º–∏–º–æ, –Ω–µ –æ–±—Ä–∞—â–∞—é—Ç –Ω–∞ –≤–∞—Å –Ω–∏–∫–∞–∫–æ–≥–æ –≤–Ω–∏–º–∞–Ω–∏—è.
–í–∏–¥–Ω–æ, —Ç–∞–∫–∏–µ –∫–∞–∫ –≤—ã, –∑–∞–µ–∑–∂–∞—é—Ç —Å—é–¥–∞ –¥–æ–≤–æ–ª—å–Ω–æ —á–∞—Å—Ç–æ. –Æ–∂–Ω–µ–µ –≤–∏–¥–µ–Ω
–¥–æ–º —Å—Ç–∞—Ä–æ—Å—Ç—ã.
[0;36m[ Exits: e s w ][0;37m
[1;33m[1;31m–ú–æ–ª–æ–¥–æ–π –≤–æ–∏–Ω –∏–¥–µ—Ç –ø–æ —Å–≤–æ–∏–º –¥–µ–ª–∞–º.
[0;0m
[0;32m463H[0;37m [0;32m141M[0;37m 96796–æ –ó–∞—É—á:0 –í—ã—Ö:–í–Æ–ó> ˇ˘–í—ã –ø–æ–ø–ª–µ–ª–∏—Å—å –Ω–∞ –≤–æ—Å—Ç–æ–∫.
[1;36m–ì–ª–∞–≤–Ω–∞—è —É–ª–∏—Ü–∞ [6016][0;37m
   –í—ã –∏–¥–µ—Ç–µ –ø–æ —à–∏—Ä–æ–∫–æ–π, —á–∏—Å—Ç–æ–π —É–ª–∏—Ü–µ, –≤–µ–¥—É—â–µ–π –∫ —Ç–æ—Ä–≥–æ–≤–æ–π –ø–ª–æ—â–∞–¥–∏. –ñ–∏—Ç–µ–ª–∏,
–ø—Ä–æ—Ö–æ–¥—è—â–∏–µ –º–∏–º–æ –≤–∞—Å, –Ω–µ –æ–±—Ä–∞—â–∞—é—Ç –Ω–∞ –≤–∞—Å –Ω–∏–∫–∞–∫–æ–≥–æ –≤–Ω–∏–º–∞–Ω–∏—è. –í–∏–¥–Ω–æ, —Ç–∞–∫–∏–µ
–∫–∞–∫ –≤—ã, –∑–∞–µ–∑–∂–∞—é—Ç —Å—é–¥–∞ –¥–æ–≤–æ–ª—å–Ω–æ —á–∞—Å—Ç–æ. –ù–∞ —Å–µ–≤–µ—Ä–µ –æ—Ç –≤–∞—Å —Ä–∞—Å–ø–æ–ª–æ–∂–µ–Ω–∞
–Ω–µ–±–æ–ª—å—à–∞—è —Ü–µ—Ä–∫–≤—É—à–∫–∞.
[0;36m[ Exits: n e w ][0;37m
[1;33m[1;31m–ú–æ–ª–æ–¥–æ–π –æ—Ö—Ä–∞–Ω–Ω–∏–∫ —Å –∫–æ–ø–Ω–æ–π —á–µ—Ä–Ω—ã—Ö –≤–æ–ª–æ—Å —Å—Ç–æ–∏—Ç –∑–¥–µ—Å—å.
–°–µ–ª—è–Ω–∏–Ω –∏–¥–µ—Ç —Å –ø–æ–ª—è –¥–æ–º–æ–π.
[0;0m
[0;32m463H[0;37m [0;32m141M[0;37m 96796–æ –ó–∞—É—á:0 –í—ã—Ö:–°–í–ó> ˇ˘–í—ã –ø–æ–ø–ª–µ–ª–∏—Å—å –Ω–∞ –≤–æ—Å—Ç–æ–∫.
[1;36m–¶–µ–Ω—Ç—Ä–∞–ª—å–Ω–∞—è —É–ª–∏—Ü–∞ [6008][0;37m
   –í—ã –∑–∞–º–µ—Ç–∏–ª–∏, —á—Ç–æ –Ω–∞ —é–≥ –æ—Ç—Ö–æ–¥–∏—Ç –≥—Ä—è–∑–Ω—ã–π –ø—Ä–æ—É–ª–æ–∫, –æ—Ç–∫—É–¥–∞ –¥–æ–ª–µ—Ç–∞—é—Ç
—Ç–æ—à–Ω–æ—Ç–≤–æ—Ä–Ω—ã–µ –∑–∞–ø–∞—Ö–∏. –¶–µ–Ω—Ç—Ä–∞–ª—å–Ω–∞—è –∂–µ —É–ª–∏—Ü–∞ –ø—Ä–æ–¥–æ–ª–∂–∞–µ—Ç—Å—è –¥–∞–ª—å—à–µ –Ω–∞ –≤–æ—Å—Ç–æ–∫
–∏ –∑–∞–ø–∞–¥.
[0;36m[ Exits: e s w ][0;37m
[1;33m[1;31m–û–±–ª–µ–∑–ª—ã–π –ø–µ—Å –ø–æ–Ω—É—Ä–æ –±—Ä–µ–¥–µ—Ç –∑–¥–µ—Å—å.
–ú–æ–ª–æ–¥–∞—è —Å–µ–ª—è–Ω–∫–∞ —Ä–∞–∑–≥—É–ª–∏–≤–∞–µ—Ç –ø–æ —É–ª–∏—Ü–∞–º.
[0;0m
[0;32m463H[0;37m [0;32m141M[0;37m 96796–æ –ó–∞—É—á:0 –í—ã—Ö:–í–Æ–ó> ˇ˘–í—ã –ø–æ–ø–ª–µ–ª–∏—Å—å –Ω–∞ –≤–æ—Å—Ç–æ–∫.
[1;36m–¶–µ–Ω—Ç—Ä–∞–ª—å–Ω–∞—è —É–ª–∏—Ü–∞ [6007][0;37m
   –í—ã –∏–¥–µ—Ç–µ –ø–æ —à–∏—Ä–æ–∫–æ–π, —á–∏—Å—Ç–æ–π —É–ª–∏—Ü–µ, –≤–µ–¥—É—â–µ–π –∫ —Ç–æ—Ä–≥–æ–≤–æ–π –ø–ª–æ—â–∞–¥–∏. –ñ–∏—Ç–µ–ª–∏,
–ø—Ä–æ—Ö–æ–¥—è—â–∏–µ –º–∏–º–æ –≤–∞—Å, –Ω–µ –æ–±—Ä–∞—â–∞—é—Ç –Ω–∞ –≤–∞—Å –Ω–∏–∫–∞–∫–æ–≥–æ –≤–Ω–∏–º–∞–Ω–∏—è. –í–∏–¥–Ω–æ, —Ç–∞–∫–∏–µ
–∫–∞–∫ –≤—ã, –∑–∞–µ–∑–∂–∞—é—Ç —Å—é–¥–∞ –¥–æ–≤–æ–ª—å–Ω–æ —á–∞—Å—Ç–æ.
[0;36m[ Exits: e w ][0;37m
[1;33m[1;31m–ú–æ–ª–æ–¥–∞—è —Å–µ–ª—è–Ω–∫–∞ —Ä–∞–∑–≥—É–ª–∏–≤–∞–µ—Ç –ø–æ —É–ª–∏—Ü–∞–º.
[0;0m
[0;32m463H[0;37m [0;32m141M[0;37m 96796–æ –ó–∞—É—á:0 –í—ã—Ö:–í–ó> ˇ˘–í—ã –ø–æ–ø–ª–µ–ª–∏—Å—å –Ω–∞ –≤–æ—Å—Ç–æ–∫.
[1;36m–¶–µ–Ω—Ç—Ä–∞–ª—å–Ω—ã–π –ø–µ—Ä–µ–∫—Ä–µ—Å—Ç–æ–∫ [6003][0;37m
   –û—Å–º–æ—Ç—Ä–µ–≤—à–∏—Å—å –ø–æ —Å—Ç–æ—Ä–æ–Ω–∞–º, –≤—ã –∑–∞–º–µ—Ç–∏–ª–∏, —á—Ç–æ —É–ª–∏—Ü–∞ —Ä–∞–∑–¥–µ–ª—è–µ—Ç—Å—è –Ω–∞ –¥–≤–∞
–Ω–∞–ø—Ä–∞–≤–ª–µ–Ω–∏—è. –ù–∞ –≤–æ—Å—Ç–æ–∫–µ –≤–∏–¥–Ω–µ–µ—Ç—Å—è –¥–æ–±—Ä–æ—Ç–Ω—ã–π –¥–æ–º, –Ω–∞ –∑–∞–ø–∞–¥ –∂–µ —É–ª–∏—Ü–∞ –≤–µ–¥–µ—Ç
–∫ —Ç–æ—Ä–≥–æ–≤–æ–π —É–ª–∏—Ü–µ. –ü—Ä—è–º–æ –ø–µ—Ä–µ–¥ –≤–∞–º–∏ –Ω–∞ —é–≥–µ —Å—Ç–æ–∏—Ç –∫—Ä–∞—Å–∏–≤—ã–π –¥–æ–º —Å –º–∞—Å—Å–∏–≤–Ω–æ–π
–¥–≤–µ—Ä—å—é.
[0;36m[ Exits: n e s w ][0;37m
[1;33m[1;31m–ú–æ–ª–æ–¥–æ–π –æ—Ö—Ä–∞–Ω–Ω–∏–∫ —Å –∫–æ–ø–Ω–æ–π —á–µ—Ä–Ω—ã—Ö –≤–æ–ª–æ—Å —Å—Ç–æ–∏—Ç –∑–¥–µ—Å—å.
[0;0m
[0;32m463H[0;37m [0;32m141M[0;37m 96796–æ –ó–∞—É—á:0 –í—ã—Ö:–°–í–Æ–ó> ˇ˘–í—ã –ø–æ–ø–ª–µ–ª–∏—Å—å –Ω–∞ –≤–æ—Å—Ç–æ–∫.
[1;36m–ù–µ–±–æ–ª—å—à–∞—è —É–ª–æ—á–∫–∞ [6002][0;37m
   –í—ã –∏–¥–µ—Ç–µ –ø–æ —Ü–µ–Ω—Ç—Ä–∞–ª—å–Ω–æ–π —É–ª–∏—Ü–µ, –≤ –æ—Ç–ª–∏—á–∏–µ –æ—Ç –¥—Ä—É–≥–∏—Ö –æ—á–∏—â–µ–Ω–Ω–æ–π –æ—Ç –º—É—Å–æ—Ä–∞.
–ù–∞ —é–≥–æ-–≤–æ—Å—Ç–æ–∫–µ –≤–∏–¥–Ω–µ–µ—Ç—Å—è –∫—Ä–µ–ø–∫–∏–π –¥–æ–º, –∏–∑ —Ç—Ä—É–±—ã –∫–æ—Ç–æ—Ä–æ–≥–æ –ø–æ–¥–Ω–∏–º–∞–µ—Ç—Å—è
—Å–∏–∑—ã–π –¥—ã–º–æ–∫. –ú–µ—Å—Ç–Ω—ã–µ –∂–∏—Ç–µ–ª–∏ —Å –∏–Ω—Ç–µ—Ä–µ—Å–æ–º –∏ –Ω–µ–¥–æ–≤–µ—Ä–∏–µ–º –ø–æ—Å–º–∞—Ç—Ä–∏–≤–∞—é—Ç –Ω–∞ –≤–∞—Å.
[0;36m[ Exits: e w ][0;37m
[1;33m[1;31m–ú–æ–ª–æ–¥–∞—è —Å–µ–ª—è–Ω–∫–∞ —Ä–∞–∑–≥—É–ª–∏–≤–∞–µ—Ç –ø–æ —É–ª–∏—Ü–∞–º.
[0;0m
[0;32m463H[0;37m [0;32m141M[0;37m 96796–æ –ó–∞—É—á:0 –í—ã—Ö:–í–ó> ˇ˘–í—ã –ø–æ–ø–ª–µ–ª–∏—Å—å –Ω–∞ –≤–æ—Å—Ç–æ–∫.
[1;36m–ü–µ—Ä–µ–¥ —Ç—Ä–∞–∫—Ç–∏—Ä–æ–º [6001][0;37m
   –í—ã –≤—ã—à–ª–∏ –∫ –Ω–µ–±–æ–ª—å—à–æ–º—É –¥–æ–º—É, –ø–æ—Å—Ç—Ä–æ–µ–Ω–Ω–æ–º—É –∏–∑ —Ç–æ–ª—Å—Ç—ã—Ö –±—Ä–µ–≤–µ–Ω. –ò–∑ –ø—Ä–∏–æ—Ç–∫—Ä—ã—Ç–æ–π
–¥–≤–µ—Ä–∏ –ø–æ—Ç—è–Ω—É–ª–∏—Å—å –º–∞–Ω—è—â–∏–µ –∑–∞–ø–∞—Ö–∏. –í–∞–º –Ω–µ —Ç–µ—Ä–ø–∏—Ç—Å—è –≤–æ–π—Ç–∏ –ø–æ—Å–∫–æ—Ä–µ–µ –≤–Ω—É—Ç—Ä—å.
–û–∫–æ–ª–æ –¥–≤–µ—Ä–∏ —Å—Ç–æ–∏—Ç —Å–æ —Å–∫—É—á–∞—é—â–∏–º –≤–∏–¥–æ–º –º–µ—Å—Ç–Ω—ã–π –≤—ã—à–∏–±–∞–ª–∞. –ü—Ä–∏ –≤–∞—à–µ–º –ø—Ä–∏–±–ª–∏–∂–µ–Ω–∏–∏
–æ–Ω –Ω–∞—Å—Ç–æ—Ä–æ–∂–∏–ª—Å—è –∏ –Ω–µ–¥–æ–±—Ä–æ –ø—Ä–∏—â—É—Ä–∏–ª—Å—è. –ó–¥–µ—Å—å –Ω–µ –ª—é–±—è—Ç –¥–µ–±–æ—à–∏—Ä–æ–≤.
[0;36m[ Exits: e s w ][0;37m
[1;33m[1;31m–ú–æ–ª–æ–¥–æ–π –≤–æ–∏–Ω –∏–¥–µ—Ç –ø–æ —Å–≤–æ–∏–º –¥–µ–ª–∞–º.
–°–µ–ª—è–Ω–∏–Ω –∏–¥–µ—Ç —Å –ø–æ–ª—è –¥–æ–º–æ–π.
–®–∏—Ä–æ–∫–æ–ø–ª–µ—á–∏–π –æ—Ö—Ä–∞–Ω–Ω–∏–∫ —Å—Ç–æ–∏—Ç –∑–¥–µ—Å—å.
[0;0m
[0;32m463H[0;37m [0;32m141M[0;37m 96796–æ –ó–∞—É—á:0 –í—ã—Ö:–í–Æ–ó> ˇ˘–í—ã –ø–æ–ø–ª–µ–ª–∏—Å—å –Ω–∞ —é–≥.
[1;36m–í —Ç—Ä–∞–∫—Ç–∏—Ä–µ [6000][0;37m
   –í –¥–æ–º–µ –≤–µ—Å—å–º–∞ —É—é—Ç–Ω–æ –∏ —Ç–µ–ø–ª–æ. –£ –¥–∞–ª—å–Ω–µ–π —Å—Ç–µ–Ω–∫–∏ —Å–ª–æ–∂–µ–Ω –Ω–µ–±–æ–ª—å—à–æ–π –æ—á–∞–≥
–∏–∑ –æ–±–æ–∂–∂–µ–Ω–Ω—ã—Ö –≥–ª–∏–Ω—è–Ω—ã—Ö –∫–∏—Ä–ø–∏—á–µ–π. –í–≤–µ—Ä—Ö –≤–µ–¥–µ—Ç –ª–µ—Å—Ç–Ω–∏—Ü–∞ –∫ –∫–æ–º–Ω–∞—Ç–µ –¥–ª—è –æ—Ç–¥—ã—Ö–∞.
–ó–∞ –Ω–µ–±–æ–ª—å—à–∏–º–∏ —Å—Ç–æ–ª–∏–∫–∞–º–∏ —Å–∏–¥—è—Ç –º–µ—Å—Ç–Ω—ã–µ –∂–∏—Ç–µ–ª–∏, –æ–±–º–µ–Ω–∏–≤–∞—é—â–∏–µ—Å—è –Ω–æ–≤–æ—Å—Ç—è–º–∏ –∏
—Å–ª—É—Ö–∞–º–∏. –ü—Ä–∏—è—Ç–Ω—ã–µ –∑–∞–ø–∞—Ö–∏ —â–µ–∫–æ—á—É—Ç –≤–∞–º –Ω–æ—Å, –∂–µ–ª—É–¥–æ–∫ –Ω–∞–ø–æ–º–∏–Ω–∞–µ—Ç –≤–∞–º, —á—Ç–æ –≤—ã
–ø—Ä–æ–¥–µ–ª–∞–ª–∏ –¥–æ–ª–≥–∏–π –ø—É—Ç—å, –Ω–æ–≥–∏ —Ç–∞–∫ –∏ –ø—Ä–æ—Å—è—Ç—Å—è –ø—Ä–∏—Å–µ—Å—Ç—å –Ω–∞ –∫–∞–∫–æ–π-–Ω–∏–±—É–¥—å —Å—Ç—É–ª.
[0;36m[ Exits: n u ][0;37m
[1;33m[1;31m–ù–µ–≤—ã—Å–æ–∫–∏–π —Å–µ–¥–æ–π –º—É–∂—á–∏–Ω–∞ —Å—Ç–æ–∏—Ç –∑–¥–µ—Å—å.
[0;0m
[0;32m463H[0;37m [0;32m141M[0;37m 96796–æ –ó–∞—É—á:0 –í—ã—Ö:–°^> ˇ˘–í—ã –ø–æ–ø–ª–µ–ª–∏—Å—å –≤–≤–µ—Ä—Ö.
[1;36m–ö–æ–º–Ω–∞—Ç–∞ –æ—Ç–¥—ã—Ö–∞ [6049][0;37m
   –ù–µ–±–æ–ª—å—à–∞—è –æ—Å–≤–µ—â–µ–Ω–Ω–∞—è –ª–∞–º–ø–∞–º–∏ –∫–æ–º–Ω–∞—Ç–∞. –û–∫–æ–ª–æ —Å—Ç–µ–Ω —Å—Ç–æ—è—Ç –Ω–µ–±–æ–ª—å—à–∏–µ –ª–µ–∂–∞–Ω–∫–∏,
–Ω–∞ –∫–æ—Ç–æ—Ä—ã–µ –º–æ–∂–Ω–æ –ø—Ä–∏–ª–µ—á—å. –ü–æ–ª —É—Å—Ç–µ–ª–µ–Ω —à–∫—É—Ä–∞–º–∏ —Ä–∞–∑–ª–∏—á–Ω—ã—Ö –∂–∏–≤–æ—Ç–Ω—ã—Ö, –≤—ã–ª–æ–∂–µ–Ω–Ω—ã—Ö
–≤ —Å–≤–æ–µ–æ–±—Ä–∞–∑–Ω—ã–π —É–∑–æ—Ä. –¢—É—Ç —Å–ø–æ–∫–æ–π–Ω–∞—è –∞—Ç–º–æ—Å—Ñ–µ—Ä–∞ –∏ –≤—ã –∑–∞–º–µ—á–∞–µ—Ç–µ, —á—Ç–æ –∑–¥–µ—Å—å –º–æ–∂–Ω–æ
–ø—Ä–µ–∫—Ä–∞—Å–Ω–æ –æ—Ç–¥–æ—Ö–Ω—É—Ç—å –∏ –ø–æ—Å–ø–∞—Ç—å. –í —Å–µ–≤–µ—Ä–Ω–æ–π —Å—Ç–µ–Ω–µ –≤–∏–¥–Ω–∞ –¥–≤–µ—Ä—å, –≤–µ–¥—É—â–∞—è
–≤ –æ—Ç–¥–µ–ª—å–Ω—ã–µ –ø–æ–∫–æ–∏.
[1;32m–°–æ–≤—Å–µ–º –º–∞–ª—ã—Ö, –¥–∞ –Ω–µ –æ–±—É—á–µ–Ω–Ω—ã—Ö —Ç–∞–∫ –∏ —Ç—è–Ω–µ—Ç [1;33m–≤–æ–π—Ç–∏ [1;32m–≤ [1;33m—à–∫–æ–ª—É[1;32m.[0;0m
[0;36m[ Exits: d ][0;37m
[1;33m–î–æ—Å–∫–∞ –¥–ª—è —Ä–∞–∑–ª–∏—á–Ω—ã—Ö –∑–∞–º–µ—Ç–æ–∫ –∏ –æ–±—ä—è–≤–ª–µ–Ω–∏–π –ø—Ä–∏–±–∏—Ç–∞ —Ç—É—Ç ..–∂–µ–ª—Ç–∞—è –∞—É—Ä–∞! ..–±–ª–µ—Å—Ç–∏—Ç!
[1;31m–ù–µ–≤—ã—Å–æ–∫–∏–π –º–æ–ª–æ–¥–æ–π –ø–∞—Ä–µ–Ω—å —Å—Ç–æ–∏—Ç –æ–∫–æ–ª–æ –¥–≤–µ—Ä–∏.
[0;0m
[0;32m463H[0;37m [0;32m141M[0;37m 96796–æ –ó–∞—É—á:0 –í—ã—Ö:v> ˇ˘–ú–æ–ª–æ–¥–æ–π —Å–ª—É–≥–∞ —Å–∫–∞–∑–∞–ª –≤–∞–º : "–û–¥–µ—Ç—ã–π —Å–ø–∞—Ç—å –±—É–¥–µ—à—å? –•–º.. –ù—É —Å–º–æ—Ç—Ä–∏, —Ç–æ–≥–¥–∞ –¥–µ—à–µ–≤–ª–µ –≤–æ–∑—å–º—É"
[1;37m - 20 –∫—É–Ω (200 –µ—Å–ª–∏ —Å–Ω—è—Ç—å) –∑–∞ –æ–±—Å–∏–¥–∏–∞–Ω–æ–≤–æ–µ –∫–æ–ª—å—Ü–æ [0;37m
[1;37m - 0 –∫—É–Ω (0 –µ—Å–ª–∏ —Å–Ω—è—Ç—å) –∑–∞ –ª–µ–≥–∫–∏–π –ª–∞—Ç–Ω—ã–π –¥–æ—Å–ø–µ—Ö [0;37m
[1;37m - 40 –∫—É–Ω (4 –µ—Å–ª–∏ —Å–Ω—è—Ç—å) –∑–∞ –¥—ã—Ä—è–≤—É—é —à–ª—è–ø—É [0;37m
[1;37m - 3 –∫—É–Ω—ã (25 –µ—Å–ª–∏ —Å–Ω—è—Ç—å) –∑–∞ –ª–µ–≥–∫–∏–µ –ª–∞—Ç–Ω—ã–µ –ø–æ–Ω–æ–∂–∏ [0;37m
[1;37m - 10 –∫—É–Ω (100 –µ—Å–ª–∏ —Å–Ω—è—Ç—å) –∑–∞ –¥—Ä–∞–Ω—ã–µ —Å–∞–ø–æ–≥–∏ [0;37m
[1;37m - 3 –∫—É–Ω—ã (50 –µ—Å–ª–∏ —Å–Ω—è—Ç—å) –∑–∞ –º–µ—Ö–æ–≤—ã–µ —Ä—É–∫–∞–≤–∏—Ü—ã [0;37m
[1;37m - 3 –∫—É–Ω—ã (25 –µ—Å–ª–∏ —Å–Ω—è—Ç—å) –∑–∞ –ª–µ–≥–∫–∏–µ –ª–∞—Ç–Ω—ã–µ –Ω–∞—Ä—É—á–∏ [0;37m
[1;37m - 5 –∫—É–Ω (50 –µ—Å–ª–∏ —Å–Ω—è—Ç—å) –∑–∞ –ª–µ–≥–∫–∏–µ –ª–∞—Ç–Ω—ã–µ –Ω–∞–ø–ª–µ—á–Ω–∏–∫–∏ [0;37m
[1;37m - 5 –∫—É–Ω (100 –µ—Å–ª–∏ —Å–Ω—è—Ç—å) –∑–∞ –¥–æ—Ä–æ–∂–Ω—É—é –∫–æ—Ç–æ–º–∫—É [0;37m
[1;37m - 10 –∫—É–Ω (100 –µ—Å–ª–∏ —Å–Ω—è—Ç—å) –∑–∞ —Ö–æ—Ö–æ–ª–æ–∫ –∫—É–∫—É—à–∫–∏ [0;37m
[1;37m - 10 –∫—É–Ω (100 –µ—Å–ª–∏ —Å–Ω—è—Ç—å) –∑–∞ —Ö–æ—Ö–æ–ª–æ–∫ –∫—É–∫—É—à–∫–∏ [0;37m
[1;37m - 10 –∫—É–Ω (25 –µ—Å–ª–∏ —Å–Ω—è—Ç—å) –∑–∞ –∫—Ä–µ–ø–∫—É—é –ø–∞–ª–∫—É [0;37m
[1;37m - 3 –∫—É–Ω—ã (30 –µ—Å–ª–∏ —Å–Ω—è—Ç—å) –∑–∞ –º–∞–ª–µ–Ω—å–∫—É—é —Ç—è–ø–∫—É [0;37m
–ú–æ–ª–æ–¥–æ–π —Å–ª—É–≥–∞ —Å–∫–∞–∑–∞–ª –≤–∞–º : "–≠—Ç–æ —è –≤ —á—É–ª–∞–Ω–µ –∑–∞–ø—Ä—É:"
 - 5 –∫—É–Ω –∑–∞ –±—ã—á—å–∏ —Å—É—Ö–æ–∂–∏–ª—å—è 
 - 2 –∫—É–Ω—ã –∑–∞ –º–∞–ª—ã–π –º–µ—Ö 
 - 5 –∫—É–Ω (5 –µ—Å–ª–∏ –Ω–∞–¥–µ—Ç—å) –∑–∞ —Ö–æ–ª—â–æ–≤—ã–π –º–µ—à–æ–∫ 
 - 20 –∫—É–Ω (2 –µ—Å–ª–∏ –Ω–∞–¥–µ—Ç—å) –∑–∞ —Ä–≤–∞–Ω—ã–π –∫–∞—Ñ—Ç–∞–Ω 
 - 50 –∫—É–Ω (5 –µ—Å–ª–∏ –Ω–∞–¥–µ—Ç—å) –∑–∞ –¥–ª–∏–Ω–Ω—É—é –æ–≥–ª–æ–±–ª—é 
 - 20 –∫—É–Ω (2 –µ—Å–ª–∏ –Ω–∞–¥–µ—Ç—å) –∑–∞ –≥—Ä—è–∑–Ω—ã–µ –ª–∞–ø—Ç–∏ 
 - 1 –∫—É–Ω–∞ (1 –µ—Å–ª–∏ –Ω–∞–¥–µ—Ç—å) –∑–∞ —Å–≤–µ—á–∫—É 
 - 0 –∫—É–Ω –∑–∞ –ª–æ–º–æ—Ç—å —Ö–ª–µ–±–∞ [17] 
 - 7 –∫—É–Ω (1 –µ—Å–ª–∏ –Ω–∞–¥–µ—Ç—å) –∑–∞ –±—Ä–æ–Ω–∑–æ–≤—ã–π —Å—Ç–∏–ª–µ—Ç 
–ú–æ–ª–æ–¥–æ–π —Å–ª—É–≥–∞ —Å–∫–∞–∑–∞–ª –≤–∞–º : "–ò –µ—â–µ 34 –∫—É–Ω—ã –º–Ω–µ –Ω–∞ —Å–±–∏—Ç–µ–Ω—å —Å –º–µ–¥–æ–≤—É—Ö–æ–π :)"
–ú–æ–ª–æ–¥–æ–π —Å–ª—É–≥–∞ —Å–∫–∞–∑–∞–ª –≤–∞–º : "–í —Å—É–º–º–µ —ç—Ç–æ —Å–æ—Å—Ç–∞–≤–∏—Ç 266 –∫—É–Ω –≤ –¥–µ–Ω—å ."
–ú–æ–ª–æ–¥–æ–π —Å–ª—É–≥–∞ —Å–∫–∞–∑–∞–ª –≤–∞–º :

"–ü–æ—Å—Ç–æ–π –æ–±–æ–π–¥–µ—Ç—Å—è —Ç–µ–±–µ –≤ 266 –∫—É–Ω."
"–¢–≤–æ–∏—Ö –¥–µ–Ω–µ–≥ —Ö–≤–∞—Ç–∏—Ç –Ω–∞ 11 –¥–Ω–µ–π."
–ú–æ–ª–æ–¥–æ–π —Å–ª—É–≥–∞ –∑–∞–ø–µ—Ä –≤–∞—à–∏ –≤–µ—â–∏ –≤ —Å—É–Ω–¥—É–∫ –∏ –ø–æ–≤–µ–ª –≤ —Ç–µ—Å–Ω—É—é –∫–∞–º–æ—Ä–∫—É.

0) –û—Ç—Å–æ–µ–¥–∏–Ω–∏—Ç—å—Å—è.
1) –ù–∞—á–∞—Ç—å –∏–≥—Ä—É.
2) –í–≤–µ—Å—Ç–∏ –æ–ø–∏—Å–∞–Ω–∏–µ –≤–∞—à–µ–≥–æ –ø–µ—Ä—Å–æ–Ω–∞–∂–∞.
3) –£–∑–Ω–∞—Ç—å –∏—Å—Ç–æ—Ä–∏—é.
4) –ò–∑–º–µ–Ω–∏—Ç—å –ø–∞—Ä–æ–ª—å.
5) –£–¥–∞–ª–∏—Ç—å –ø–µ—Ä—Å–æ–Ω–∞–∂–∞.
6) –ò–∑–º–µ–Ω–∏—Ç—å –ø–∞—Ä–∞–º–µ—Ç—Ä—ã –ø–µ—Ä—Å–æ–Ω–∞–∂–∞.
7) –í–∫–ª—é—á–∏—Ç—å/–≤—ã–∫–ª—é—á–∏—Ç—å —Ä–µ–∂–∏–º —Å–ª–µ–ø–æ–≥–æ –∏–≥—Ä–æ–∫–∞.
8) –ü–æ—Å–º–æ—Ç—Ä–µ—Ç—å –≤—Å–µ—Ö –ø–µ—Ä—Å–æ–Ω–∞–∂–µ–π –Ω–∞ –¥–∞–Ω–Ω–æ–º email'e.

   –ß–µ–≥–æ –≤–∞—à–∞ –¥—É—à–∞ –∂–µ–ª–∞–µ—Ç? ˇ˘
–î–æ –≤—Å—Ç—Ä–µ—á–∏ –Ω–∞ –∑–µ–º–ª–µ –ö–∏–µ–≤—Å–∫–æ–π.
–í —Å–ª—É—á–∞–µ –≤–∞—à–µ–≥–æ –æ—Ç—Å—É—Ç—Å—Ç–≤–∏—è –ø–µ—Ä—Å–æ–Ω–∞–∂ –±—É–¥–µ—Ç —Ö—Ä–∞–Ω–∏—Ç—å—Å—è –¥–æ 07:25:02 17 –ò—é–Ω—è 2020 –≥–æ–¥–∞ –Ω–∞—à–µ–π —ç—Ä—ã :).
ˇ˘