ˇ˚Eˇ˚Vˇ˚U
Online: 133

Using keytable
  0) Koi-8
  1) Alt
  2) Windows(JMC,MMC)
  3) Windows(zMUD)
  4) Windows(zMUD 'z')
  5) UTF-8
  6) Windows(zMUD <6.39)
  9) TECT...
Select one :     
 -----------------------------------------------------------------------------                   
          Based On CircleMUD v3.0   Created by Jeremy Elson,   
          DikuMUD Gamma 0.0  by Sebastian Hammer, Michael Seifert, 
          Hans Henrik Staerfeldt, Tom Madsen, Katja Nyboe
 _____________________________________________________________________________

    #######
    ##    
    ##        ####    ####      ####  ####  ####  ####  ####  ####    ####
    #######    ######  ##     ## ##    ##  ####    ##    ##    ######  ##
    ##    ##   ##   ## ##    ##  ##    ####  ##    ########    ##   ## ##
    ##    ##   ##   ## ##    ##  ##    ###   ##    ##    ##    ##   ## ##
    #######   ####### ####  ###  ###  ####  ####  ####  ####  ####### ####

                   –ü–û –ü–†–ï–î–ê–ù–ò–Ø–ú –†–£–°–°–ö–ò–• –ù–ê–†–û–î–ù–´–• –°–ö–ê–ó–û–ö –ò –ë–´–õ–ò–ù.

             –ü–æ –∞–¥–º–∏–Ω–∏—Å—Ç—Ä–∞—Ç–∏–≤–Ω—ã–º –≤–æ–ø—Ä–æ—Å–∞–º –º–æ–∂–µ—Ç–µ —Å–≤—è–∑–∞—Ç—å—Å—è —Å –°—Ç—Ä–∏–±–æ–≥–æ–º
                	     e-mail: stribog@bylins.su

                       –ü–æ—Å–µ—Ç–∏—Ç–µ –Ω–∞—à —Å–∞–π—Ç: www.bylins.su
    –î–ª—è –±–æ–ª–µ–µ –ø–æ–¥—Ä–æ–±–Ω–æ–π –∏–≥—Ä–æ–≤–æ–π –∏–Ω—Ñ–æ—Ä–º–∞—Ü–∏–∏ –ø–æ—Å–µ—Ç–∏—Ç–µ www.bylins.su/?newbies

–í–≤–µ–¥–∏—Ç–µ –∏–º—è –ø–µ—Ä—Å–æ–Ω–∞–∂–∞ (–∏–ª–∏ "–Ω–æ–≤—ã–π" –¥–ª—è —Å–æ–∑–¥–∞–Ω–∏—è –Ω–æ–≤–æ–≥–æ): –ü–µ—Ä—Å–æ–Ω–∞–∂ —Å —Ç–∞–∫–∏–º –∏–º–µ–Ω–µ–º —É–∂–µ —Å—É—â–µ—Å—Ç–≤—É–µ—Ç. –í–≤–µ–¥–∏—Ç–µ –ø–∞—Ä–æ–ª—å : ˇ˘

–ü–æ—Å–ª–µ–¥–Ω–∏–π —Ä–∞–∑ –≤—ã –∑–∞—Ö–æ–¥–∏–ª–∏ –∫ –Ω–∞–º –≤ 22:42:48  6 –°–µ–Ω—Ç—è–±—Ä—è 2019 –≥–æ–¥–∞ —Å –∞–¥—Ä–µ—Å–∞ (96.64.242.30).

* –í —Å–≤—è–∑–∏ —Å –ø—Ä–æ–±–ª–µ–º–∞–º–∏ –ø–µ—Ä–µ–≤–æ–¥–∞ —Ñ—Ä–∞–∑—ã ANYKEY –Ω–∞–∂–º–∏—Ç–µ ENTER *ˇ˘
  –î–æ–±—Ä–æ –ø–æ–∂–∞–ª–æ–≤–∞—Ç—å –Ω–∞ –∑–µ–º–ª—é –ö–∏–µ–≤—Å–∫—É—é, –±–æ–≥–∞—Ç—É—é –∏—Å—Ç–æ—Ä–∏–µ–π –∏ —Å–∞–º—ã–º–∏ –Ω–µ–≤–µ—Ä–æ—è—Ç–Ω—ã–º–∏
–ø—Ä–∏–∫–ª—é—á–µ–Ω–∏—è–º–∏. –í–æ–∑–º–æ–∂–Ω–æ, –≤–∞–º –æ–Ω–∏ –ø–æ–Ω—Ä–∞–≤—è—Ç—Å—è, –∏ –≤—ã —Å—Ç–∞–Ω–µ—Ç–µ –≤ –æ–¥–∏–Ω —Ä—è–¥ —Å –≥–µ—Ä–æ—è–º–∏
–¥–∞–≤–Ω–æ –º–∏–Ω—É–≤—à–∏—Ö –¥–Ω–µ–π.


:                [1;32m---[0;0m                       
:               [1;32m|[0;0m   [1;32m|[0;0m                      
:                [1;30mv[0;0m[1;30m- [0;0m [1;32m---[0;0m                   
:               [1;32m|[0;0m   [1;32m|[0;0m [0;36m@[0;0m [1;32m|[0;0m                  
:                [1;30m - [0;0m [1;30m - [0;0m                   
:               [1;32m|[0;0m   [1;30m:[0;0m [1;30m~[0;0m [1;32m|[0;0m                  
:            [1;30m - [0;0m [1;30m - [0;0m [1;32m---[0;0m                   
:           [1;30m:[0;0m   [1;30m:[0;0m   [1;32m|[0;0m                      
:            [1;30m - [0;0m [1;30m - [0;0m                       
:               [1;32m|[0;0m   [1;32m|[0;0m                      
:                [1;32m---[0;0m                       

[1;36m–í –∫–æ—Ä—á–º–µ [35040][0;37m
   –ó–∞–∫–æ–ø—á–µ–Ω–Ω—ã–µ —Å—Ç–µ–Ω—ã, —à–∏—Ä–æ–∫–∏–µ –ª–∞–≤–∫–∏, –¥–∞ –∫—Ä–µ–ø–∫–∏–µ —Å—Ç–æ–ª—ã. –í—Å–µ –∫–∞–∫ –≤–µ–∑–¥–µ. –ù–æ
–∂–∏–≤–æ—Ç –≤—á–µ—Ä–∞—à–Ω–µ–≥–æ –Ω–µ –ø–æ–º–Ω–∏—Ç. –•–æ–∑—è–∏–Ω! –ñ—Ä–∞—Ç—å –ø–æ–¥–∞–≤–∞–π! –≠–π —Ç—ã, –ø—å—è–Ω–∞—è –º–æ—Ä–¥–∞! –ê
–Ω—É –ø–æ–¥–≤–∏–Ω—É–ª—Å—è! –° —ç—Ç–∏–º–∏ —Å–ª–æ–≤–∞–º–∏ –≤—ã –æ—Å–≤–æ–±–æ–¥–∏–ª–∏ –ø–µ—Ä–≤—ã–π –ø–æ–ø–∞–≤—à–∏–π—Å—è —Å—Ç–æ–ª –æ—Ç —É–∂–µ
–Ω–µ –≤ –º–µ—Ä—É –ø–æ–¥–∫—Ä–µ–ø–∏–≤—à–µ–≥–æ—Å—è –≤–∏–Ω–æ–º –ø—Ä–æ–π–¥–æ—Ö–∏. –¢—É—Ç –∂–µ –ø–æ–¥—Å–∫–æ—á–∏–≤—à–∏–π —Ö–æ–∑—è–∏–Ω –≤ 
–∑–∞–ª—è–ø–∞–Ω–Ω–æ–º —á–µ–º-—Ç–æ —Ñ–∞—Ä—Ç—É–∫–µ –æ–¥–Ω–∏–º, –Ω–µ—Ä–∞–∑–ª–∏—á–∏–º–æ –±—ã—Å—Ç—Ä—ã–º –∏ –æ—Ç—Ç–æ—á–µ–Ω–Ω—ã–º –≥–æ–¥–∞–º–∏,
–ø–∏–Ω–∫–æ–º –æ—Ç–ø—Ä–∞–≤–∏–ª –±–µ–¥–æ–ª–∞–≥—É –∑–∞ –¥–≤–µ—Ä–∏. –ï–≥–æ –ø–æ–º–æ—â–Ω–∏–∫ —É–∂–µ —Ç—è–Ω–µ—Ç –≥–æ—Ä—à–æ–∫ —Å –∫–∞—à–µ–π –∏
–º—è—Å–æ–º. –ù—É –∏ –∫—É–≤—à–∏–Ω –≤–∏–Ω–∞, –∫–æ–Ω–µ—á–Ω–æ.
[0;36m[ Exits: s ][0;37m
[1;33m[1;31m–ë—ã–≤–∞–ª—ã–π –≤–æ–∂–∞–∫ –≤–∞—Ç–∞–≥–∏ –Ω–∞—ë–º–Ω–∏–∫–æ–≤ —Å—Ç–æ–∏—Ç –∑–¥–µ—Å—å, –ø—Ä–∏—Ö–ª–µ–±—ã–≤–∞—è –ø–∏–≤–æ –∏–∑ –∫—Ä—É–∂–∫–∏ –∏ –≥—Ä—ã–∑—è –∫—Ä–æ–≤—è–Ω—É—é –∫–æ–ª–±–∞—Å–∫—É.
–ü–∞—Ä–Ω–∏—à–∫–∞ –ª–µ—Ç –ø—è—Ç–Ω–∞–¥—Ü–∞—Ç–∏ —Å–ø–µ—à–∏—Ç –∫ –í–∞–º —Å —Ä–∞–∑–Ω–æ—Å–æ–º.
–•–æ–∑—è–∏–Ω –ø–æ—Å—Ç–æ—è–ª–æ–≥–æ –¥–≤–æ—Ä–∞ –ø—Ä–µ–¥–ª–∞–≥–∞–µ—Ç –í–∞–º –∫–æ–º–Ω–∞—Ç—É.
[0;0m
–í–∞—Å –æ–∂–∏–¥–∞—é—Ç —Å–æ–æ–±—â–µ–Ω–∏—è:
 200 –≤ —Ä–∞–∑–¥–µ–ª–µ '–ë–∞–∑–∞—Ä–Ω–∞—è –ø–ª–æ—â–∞–¥—å' [1;37m(–í–µ—á–µ)[0;37m.
 200 –≤ —Ä–∞–∑–¥–µ–ª–µ '–ò–¥–µ–∏ –∏ –∏—Ö –æ–±—Å—É–∂–¥–µ–Ω–∏–µ' [1;37m(–ò–¥–µ–∏)[0;37m.
  57 –≤ —Ä–∞–∑–¥–µ–ª–µ '–°–æ–æ–±—â–µ–Ω–∏—è –æ—Ç –∞–¥–º–∏–Ω–∏—Å—Ç—Ä–∞—Ü–∏–∏' [1;37m(–ê–Ω–æ–Ω—Å—ã)[0;37m.
 126 –≤ —Ä–∞–∑–¥–µ–ª–µ '–ê–Ω–æ–Ω—Å—ã –∏ –Ω–æ–≤–æ—Å—Ç–∏ –ë—ã–ª–∏–Ω' [1;37m(–ù–æ–≤–æ—Å—Ç–∏)[0;37m.
[0;32m712H[0;37m [0;32m186M[0;37m 10000248–æ –ó–∞—É—á:0 26L 3284G –í—ã—Ö:–Æ> ˇ˘–ü–æ–∫–∞–∑ –∫–∞—Ä—Ç—ã –æ–∫—Ä–µ—Å—Ç–Ω–æ—Å—Ç–µ–π –ø—Ä–∏ –ø–µ—Ä–µ–º–µ—â–µ–Ω–∏–∏ –æ—Ç–∫–ª—é—á–µ–Ω.
[0;32m712H[0;37m [0;32m186M[0;37m 10000248–æ –ó–∞—É—á:0 26L 3284G –í—ã—Ö:–Æ> ˇ˘–†–µ–∂–∏–º –¥–ª—è –º–∞–ø–ø–µ—Ä–æ–≤ –≤—ã–∫–ª—é—á–µ–Ω.
[0;32m712H[0;37m [0;32m186M[0;37m 10000248–æ –ó–∞—É—á:0 26L 3284G –í—ã—Ö:–Æ> ˇ˘–†–µ–∂–∏–º –¥–ª—è –º–∞–ø–ø–µ—Ä–æ–≤ –≤–∫–ª—é—á–µ–Ω.
[0;32m712H[0;37m [0;32m186M[0;37m 10000248–æ –ó–∞—É—á:0 26L 3284G –í—ã—Ö:–Æ> ˇ˘
:                [1;32m---[0;0m                       
:               [1;32m|[0;0m   [1;32m|[0;0m                      
:                [1;30mv[0;0m[1;30m- [0;0m [1;32m---[0;0m                   
:               [1;32m|[0;0m   [1;32m|[0;0m [0;36m@[0;0m [1;32m|[0;0m                  
:                [1;30m - [0;0m [1;30m - [0;0m                   
:               [1;32m|[0;0m   [1;30m:[0;0m [1;30m~[0;0m [1;32m|[0;0m                  
:            [1;30m - [0;0m [1;30m - [0;0m [1;32m---[0;0m                   
:           [1;30m:[0;0m   [1;30m:[0;0m   [1;32m|[0;0m                      
:            [1;30m - [0;0m [1;30m - [0;0m                       
:               [1;32m|[0;0m   [1;32m|[0;0m                      
:                [1;32m---[0;0m                       


–ì–æ—Ä–æ–¥ –†—É—Å—Å–∞.
[0;32m712H[0;37m [0;32m186M[0;37m 10000248–æ –ó–∞—É—á:0 26L 3284G –í—ã—Ö:–Æ> ˇ˘[1;36m–í –∫–æ—Ä—á–º–µ [35040][0;37m
   –ó–∞–∫–æ–ø—á–µ–Ω–Ω—ã–µ —Å—Ç–µ–Ω—ã, —à–∏—Ä–æ–∫–∏–µ –ª–∞–≤–∫–∏, –¥–∞ –∫—Ä–µ–ø–∫–∏–µ —Å—Ç–æ–ª—ã. –í—Å–µ –∫–∞–∫ –≤–µ–∑–¥–µ. –ù–æ
–∂–∏–≤–æ—Ç –≤—á–µ—Ä–∞—à–Ω–µ–≥–æ –Ω–µ –ø–æ–º–Ω–∏—Ç. –•–æ–∑—è–∏–Ω! –ñ—Ä–∞—Ç—å –ø–æ–¥–∞–≤–∞–π! –≠–π —Ç—ã, –ø—å—è–Ω–∞—è –º–æ—Ä–¥–∞! –ê
–Ω—É –ø–æ–¥–≤–∏–Ω—É–ª—Å—è! –° —ç—Ç–∏–º–∏ —Å–ª–æ–≤–∞–º–∏ –≤—ã –æ—Å–≤–æ–±–æ–¥–∏–ª–∏ –ø–µ—Ä–≤—ã–π –ø–æ–ø–∞–≤—à–∏–π—Å—è —Å—Ç–æ–ª –æ—Ç —É–∂–µ
–Ω–µ –≤ –º–µ—Ä—É –ø–æ–¥–∫—Ä–µ–ø–∏–≤—à–µ–≥–æ—Å—è –≤–∏–Ω–æ–º –ø—Ä–æ–π–¥–æ—Ö–∏. –¢—É—Ç –∂–µ –ø–æ–¥—Å–∫–æ—á–∏–≤—à–∏–π —Ö–æ–∑—è–∏–Ω –≤ 
–∑–∞–ª—è–ø–∞–Ω–Ω–æ–º —á–µ–º-—Ç–æ —Ñ–∞—Ä—Ç—É–∫–µ –æ–¥–Ω–∏–º, –Ω–µ—Ä–∞–∑–ª–∏—á–∏–º–æ –±—ã—Å—Ç—Ä—ã–º –∏ –æ—Ç—Ç–æ—á–µ–Ω–Ω—ã–º –≥–æ–¥–∞–º–∏,
–ø–∏–Ω–∫–æ–º –æ—Ç–ø—Ä–∞–≤–∏–ª –±–µ–¥–æ–ª–∞–≥—É –∑–∞ –¥–≤–µ—Ä–∏. –ï–≥–æ –ø–æ–º–æ—â–Ω–∏–∫ —É–∂–µ —Ç—è–Ω–µ—Ç –≥–æ—Ä—à–æ–∫ —Å –∫–∞—à–µ–π –∏
–º—è—Å–æ–º. –ù—É –∏ –∫—É–≤—à–∏–Ω –≤–∏–Ω–∞, –∫–æ–Ω–µ—á–Ω–æ.
[0;36m[ Exits: s ][0;37m
[1;33m[1;31m–ë—ã–≤–∞–ª—ã–π –≤–æ–∂–∞–∫ –≤–∞—Ç–∞–≥–∏ –Ω–∞—ë–º–Ω–∏–∫–æ–≤ —Å—Ç–æ–∏—Ç –∑–¥–µ—Å—å, –ø—Ä–∏—Ö–ª–µ–±—ã–≤–∞—è –ø–∏–≤–æ –∏–∑ –∫—Ä—É–∂–∫–∏ –∏ –≥—Ä—ã–∑—è –∫—Ä–æ–≤—è–Ω—É—é –∫–æ–ª–±–∞—Å–∫—É.
–ü–∞—Ä–Ω–∏—à–∫–∞ –ª–µ—Ç –ø—è—Ç–Ω–∞–¥—Ü–∞—Ç–∏ —Å–ø–µ—à–∏—Ç –∫ –í–∞–º —Å —Ä–∞–∑–Ω–æ—Å–æ–º.
–•–æ–∑—è–∏–Ω –ø–æ—Å—Ç–æ—è–ª–æ–≥–æ –¥–≤–æ—Ä–∞ –ø—Ä–µ–¥–ª–∞–≥–∞–µ—Ç –í–∞–º –∫–æ–º–Ω–∞—Ç—É.
[0;0m[0;32m712H[0;37m [0;32m186M[0;37m 10000248–æ –ó–∞—É—á:0 26L 3284G –í—ã—Ö:–Æ> ˇ˘–í—ã –õ–æ–∂–∫–∞ –õ–∞–¥–µ–Ω—å, –ì—Ä–æ–∑–∞ –ú–∞–Ω–Ω–æ–π –ö–∞—à–∏ (–†—É—Å–∏—á, –î—Ä–µ–≤–ª—è–Ω–∏–Ω, –Ø–∑—ã—á–Ω–∏–∫, –∫—É–∑–Ω–µ—Ü 26 —É—Ä–æ–≤–Ω—è).
–°–µ–π—á–∞—Å –≤–∞–º 407 –ª–µ—Ç. 
–í—ã –º–æ–∂–µ—Ç–µ –≤—ã–¥–µ—Ä–∂–∞—Ç—å 712(712) –µ–¥–∏–Ω–∏—Ü –ø–æ–≤—Ä–µ–∂–¥–µ–Ω–∏—è, –∏ –ø—Ä–æ–π—Ç–∏ 186(186) –≤–µ—Ä—Å—Ç –ø–æ —Ä–æ–≤–Ω–æ–π –º–µ—Å—Ç–Ω–æ—Å—Ç–∏.
[1;36m–í–∞—à–∏ —Ö–∞—Ä–∞–∫—Ç–µ—Ä–∏—Å—Ç–∏–∫–∏ :
  –°–∏–ª–∞ : 29(29)  –ü–æ–¥–≤ : 18(18)  –¢–µ–ª–æ : 24(24)  –ú—É–¥—Ä : 18(18)  –£–º   : 14(14)  –û–±–∞—è–Ω: 16(16)
  –†–∞–∑–º–µ—Ä  50( 50)  –†–æ—Å—Ç   175(175)  –í–µ—Å    194(194)[0;37m
[1;32m–í–∞—à–∏ –±–æ–µ–≤—ã–µ –∫–∞—á–µ—Å—Ç–≤–∞ :
  –ó–∞—â–∏—Ç–∞  (AC)     :    6 - [1;31m–í—ã —Å–æ–≤—Å–µ–º –Ω–µ–º–Ω–æ–≥–æ –∑–∞—â–∏—â–µ–Ω—ã[1;32m
  –ë—Ä–æ–Ω—è/–ü–æ–≥–ª–æ—â–µ–Ω–∏–µ :    0/0[0;0m
–í–∞—à –æ–ø—ã—Ç - 24999752 –æ—á–∫–∞. –í–∞–º –æ—Å—Ç–∞–ª–æ—Å—å –Ω–∞–±—Ä–∞—Ç—å 10000248 –æ—á–∫–æ–≤ –¥–æ —Å–ª–µ–¥—É—é—â–µ–≥–æ —É—Ä–æ–≤–Ω—è.
–£ –≤–∞—Å –Ω–∞ —Ä—É–∫–∞—Ö 3284 –∫—É–Ω—ã –∏ 0 –≥—Ä–∏–≤–µ–Ω (–∏ –µ—â–µ 757624 –∫—É–Ω—ã –ø—Ä–∏–ø—Ä—è—Ç–∞–Ω–æ –≤ –ª–µ–∂–Ω–µ).
–í—ã –º–æ–∂–µ—Ç–µ –≤—Å—Ç—É–ø–∏—Ç—å –≤ –≥—Ä—É–ø–ø—É —Å –º–∞–∫—Å–∏–º–∞–ª—å–Ω–æ–π —Ä–∞–∑–Ω–∏—Ü–µ–π –≤ 5 —É—Ä–æ–≤–Ω–µ–π –±–µ–∑ –ø–æ—Ç–µ—Ä—å –¥–ª—è –æ–ø—ã—Ç–∞.
–í—ã –∏–≥—Ä–∞–µ—Ç–µ 76 –¥–Ω–µ–π 4 —á–∞—Å–∞ —Ä–µ–∞–ª—å–Ω–æ–≥–æ –≤—Ä–µ–º–µ–Ω–∏.
–í—ã —Å—Ç–æ–∏—Ç–µ.
[1;32m–í—ã –≥–æ–ª–æ–¥–Ω—ã.
–í–∞—Å –º—É—á–∞–µ—Ç –∂–∞–∂–¥–∞.
[0;37m[1;32m–¢—É—Ç –≤—ã —á—É–≤—Å—Ç–≤—É–µ—Ç–µ —Å–µ–±—è –≤ –±–µ–∑–æ–ø–∞—Å–Ω–æ—Å—Ç–∏.[0;37m
[0;32m712H[0;37m [0;32m186M[0;37m 10000248–æ –ó–∞—É—á:0 26L 3284G –í—ã—Ö:–Æ> ˇ˘–í—ã –ø–æ–ø–ª–µ–ª–∏—Å—å –Ω–∞ —é–≥.
[1;36m–í–æ –¥–≤–æ—Ä–µ –ø–µ—Ä–µ–¥ –∫–æ—Ä—á–º–æ–π [35039][0;37m
   –ü—Ä—è–º–æ –ø–µ—Ä–µ–¥ –≤—Ö–æ–¥–æ–º –≤ –∫–æ—Ä—á–º—É –ø–æ—Å—Ç–∞–≤–ª–µ–Ω–∞ —à–∏—Ä–æ–∫–∞—è –∫–æ–Ω–æ–≤—è–∑—å. –ü–æ—Å—Ä–µ–¥–∏ –¥–≤–æ—Ä–∞
—Å—Ç–æ–∏—Ç –∫–æ–ª–æ–¥–µ—Ü. –ù–∞–ø—Ä–æ—Ç–∏–≤ –∫–æ—Ä—á–º—ã - –±–æ–ª—å—à–∞—è –∫–æ–Ω—é—à–Ω—è, –≤–æ–∑–ª–µ –∫–æ—Ç–æ—Ä–æ–π —Å—É–µ—Ç–∏—Ç—Å—è
—Å—Ä–∞–∑—É –Ω–µ—Å–∫–æ–ª—å–∫–æ —á–µ–ª–æ–≤–µ–∫. –£ —Ö–æ–∑—è–∏–Ω–∞ –≤—Å–µ–≥–¥–∞ –µ—Å—Ç—å —Å–≤–µ–∂–∏–µ –∫–æ–Ω–∏ - –µ—Å–ª–∏ –Ω–µ–æ–±—Ö–æ–¥–∏–º–æ -
–≤—Å–µ–≥–¥–∞ –ø–æ–∂–∞–ª—É–π—Å—Ç–∞. –ü–ª–∞—Ç–∏ –∏ –∑–∞–±–∏—Ä–∞–π. –ù–æ, –ø–æ–∂–∞–ª—É–π, —Å–Ω–∞—á–∞–ª–∞ –ø–µ—Ä–µ–∫—É—Å–∏—Ç—å –±—ã... 
–ê —Ç–æ –æ—Ç –∞—Ä–æ–º–∞—Ç–æ–≤, –≤—ã—Ä—ã–≤–∞—é—â–∏—Ö—Å—è –∏–∑ –¥–≤–µ—Ä–Ω–æ–≥–æ –ø—Ä–æ–µ–º–∞, –∂–µ–ª—É–¥–æ–∫ –∑–∞—É—Ä—á–∞–ª. –ù—É –∏
–ø–æ—Å–ø–∞—Ç—å –±—ã –Ω–µ –ø–æ–º–µ—à–∞–ª–æ. –í–¥—Ä—É–≥, –∏–∑ –¥–≤–µ—Ä–µ–π –∫–æ—Ä—á–º—ã –≤—ã–≤–∞–ª–∏–ª–æ—Å—å –Ω–µ—á—Ç–æ. –ù–µ—á—Ç–æ
—Å–¥–µ–ª–∞–ª–æ –¥–≤–∞ –Ω–µ—É–≤–µ—Ä–µ–Ω–Ω—ã—Ö —à–∞–≥–∞, –∏–∫–Ω—É–ª–æ, —É–ø–∞–ª–æ –ø—Ä—è–º–æ –≤ –ª—É–∂—É –∏ –±–ª–∞–∂–µ–Ω–Ω–æ –∑–∞—Ö—Ä–∞–ø–µ–ª–æ.
[0;36m[ Exits: n w ][0;37m
[1;33m[1;31m–ö–æ–±—ã–ª–∞ –≥–Ω–µ–¥–æ–π –º–∞—Å—Ç–∏ —Å—Ç–æ–∏—Ç –∑–¥–µ—Å—å
–í–¥—Ä—ã–∑–≥ –ø—å—è–Ω–æ–µ —Ç–µ–ª–æ –±–ª–∞–∂–µ–Ω–Ω–æ –ø–æ—Å–∞–ø—ã–≤–∞–µ—Ç –≤ –ª—É–∂–µ.
–ö–æ–Ω—é—Ö –ø—Ä–µ–¥–ª–æ–∂–∏–ª –í–∞–º –∫—É–ø–∏—Ç—å —É –Ω–µ–≥–æ —Å–≤–µ–∂–µ–≥–æ —Å–∫–∞–∫—É–Ω–∞.
[0;0m[0;32m712H[0;37m [0;32m185M[0;37m 10000248–æ –ó–∞—É—á:0 26L 3284G –í—ã—Ö:–°–ó> ˇ˘
–í—ã –Ω–∏–∫–æ–≥–æ –Ω–µ –≤–∏–¥–∏—Ç–µ.
[0;32m712H[0;37m [0;32m185M[0;37m 10000248–æ –ó–∞—É—á:0 26L 3284G –í—ã—Ö:–°–ó> ˇ˘
–í—ã –≥–æ—Ç–æ–≤—ã —Å–æ–∂—Ä–∞—Ç—å –±—ã–∫–∞.
–í–∞–º —Ö–æ—á–µ—Ç—Å—è –≤—ã–ø–∏—Ç—å –æ–∑–µ—Ä–æ.
[0;32m712H[0;37m [0;32m185M[0;37m 10000248–æ –ó–∞—É—á:0 26L 3284G –í—ã—Ö:–°–ó> ˇ˘–í—ã –ø–æ–ø–ª–µ–ª–∏—Å—å –Ω–∞ –∑–∞–ø–∞–¥.
[1;36m–í–µ–ª–∏–∫–∞—è —É–ª–∏—Ü–∞ [35031][0;37m
   –í–µ–ª–∏–∫–∞—è —É–ª–∏—Ü–∞. –¢–æ–ª—å–∫–æ –≤–µ–ª–∏–∫–∞ –æ–Ω–∞ –≤—Å–µ–≥–æ —Ç—Ä–µ–º—è –≤–µ—â–∞–º–∏: –Ω–∞–ª–∏—á–∏–µ–º –æ—Ç–ª–∏—á–Ω–æ–≥–æ
–ø–æ—Å—Ç–æ—è–ª–æ–≥–æ –¥–≤–æ—Ä–∞, —Å–æ—Å–µ–¥—Å—Ç–≤–æ–º –Ω–∞ –∑–∞–ø–∞–¥–µ —Å –ø–æ—Å–∞–¥—Å–∫–∏–º –¥–≤–æ—Ä–æ–º, –¥–∞ —Ç–µ–º, —á—Ç–æ –Ω–∞ 
–ø–æ–ª –≤–µ—Ä—à–∫–∞ –≤—ã—à–µ –¥—Ä—É–≥–∏—Ö –≤ –≥–æ—Ä–æ–¥–µ. –î–∞, –∫—Å—Ç–∞—Ç–∏. –ï—Å–ª–∏ –í–∞–º –ø–æ—Å–ø–∞—Ç—å –ø–æ–¥–æ–ª—å—à–µ –¥–∞
–ø–æ–∂—Ä–∞—Ç—å –ø–æ–≤–∫—É—Å–Ω–µ–µ - –í–∞–º –≤–æ–Ω –Ω–∞ –≤–æ—Å—Ç–æ–∫ –∫–∞–∫ —Ä–∞–∑. –ü—Ä–∏—à–ª–∏ —É–∂–µ.
[0;36m[ Exits: n e s ][0;37m
[1;33m[1;31m[0;0m[0;32m712H[0;37m [0;32m185M[0;37m 10000248–æ –ó–∞—É—á:0 26L 3284G –í—ã—Ö:–°–í–Æ> ˇ˘–í—ã –º–æ–∂–µ—Ç–µ —É—Å—Ç–∞–Ω–æ–≤–∏—Ç—å —Å–ª–µ–¥—É—é—â–µ–µ.

          –∞–≤—Ç–æ–≤—ã—Ö–æ–¥—ã (autoexits)
             –∫—Ä–∞—Ç–∫–∏–π (brief)
              —Å–∂–∞—Ç—ã–π (compact)
              –ø–æ–≤—Ç–æ—Ä (norepeat)
           –æ–±—Ä–∞—â–µ–Ω–∏—è (notell)
              –∫—Ç–æ-—Ç–æ (noinvistell)
             –±–æ–ª—Ç–∞—Ç—å (nogossip)
             –∫—Ä–∏—á–∞—Ç—å (noshout)
               –æ—Ä–∞—Ç—å (noholler)
        –ø–æ–∑–¥—Ä–∞–≤–ª–µ–Ω–∏—è (nogratz)
             –∞—É–∫—Ü–∏–æ–Ω (noauction)
               –±–∞–∑–∞—Ä (exchange)
             –∑–∞–¥–∞–Ω–∏–µ (quest)
      –∞–≤—Ç–æ–∑–∞—É—á–∏–≤–∞–Ω–∏–µ (automem)
              –ø—Ä–∏–∑—ã–≤ (nosummon)
      –∞–≤—Ç–æ–∑–∞–≤–µ—Ä—à–µ–Ω–∏–µ (goahead)
              –≥—Ä—É–ø–ø–∞ (showgroup)
       –±–µ–∑ –¥–≤–æ–π–Ω–∏–∫–æ–≤ (noclones)
          –∞–≤—Ç–æ–ø–æ–º–æ—â—å (autoassist)
          –∞–≤—Ç–æ–≥—Ä–∞–±–µ–∂ (autoloot)
           –∞–≤—Ç–æ–¥–µ–ª–µ–∂ (autosplit)
          –±—Ä–∞—Ç—å –∫—É–Ω—ã (automoney)
               –∞—Ä–µ–Ω–∞ (arena)
              —à–∏—Ä–∏–Ω–∞ (length)
              –≤—ã—Å–æ—Ç–∞ (width)
               —ç–∫—Ä–∞–Ω (screen)
             –Ω–æ–≤–æ—Å—Ç–∏ (news)
               –¥–æ—Å–∫–∏ (boards)
           —Ö—Ä–∞–Ω–∏–ª–∏—â–µ (chest)
              –ø–∫–ª–∏—Å—Ç (pklist)
            –ø–æ–ª–∏—Ç–∏–∫–∞ (politics)
            –ø–∫—Ñ–æ—Ä–º–∞—Ç (pkformat)
          —Å–æ–∫–ª–∞–Ω–æ–≤—Ü—ã (workmate)
              –æ—Ñ—Ñ—Ç–æ–ø (offtop)
        –ø–æ—Ç–µ—Ä—è —Å–≤—è–∑–∏ (disconnect)
         –∏–Ω–≥—Ä–µ–¥–∏–µ–Ω—Ç—ã (ingredient)
           –≤—Å–ø–æ–º–Ω–∏—Ç—å (remember)
         —É–≤–µ–¥–æ–º–ª–µ–Ω–∏—è (notify)
               –∫–∞—Ä—Ç–∞ (map)
         –≤—Ö–æ–¥ –≤ –∑–æ–Ω—É (enter zone)
             –º–∞–≥—â–∏—Ç—ã (mageshields)
          –∞–≤—Ç–æ–ø—Ä–∏–∑—ã–≤ (autonosummon)
            –Ω–µ–∑—Ä—è—á–∏–π (blind)
              –º–∞–ø–ø–µ—Ä (mapper)
         –∫–æ–Ω—Ç—Ä–æ–ª—å IP (IP control)
[0;32m712H[0;37m [0;32m186M[0;37m 10000248–æ –ó–∞—É—á:0 26L 3284G –í—ã—Ö:–°–í–Æ> ˇ˘
–ì–æ—Ä–æ–¥—Å–∫–æ–π —Å—Ç—Ä–∞–∂–Ω–∏–∫ –ø—Ä–∏—à–µ–ª —Å —é–≥–∞.
[0;32m712H[0;37m [0;32m186M[0;37m 10000248–æ –ó–∞—É—á:0 26L 3284G –í—ã—Ö:–°–í–Æ> ˇ˘ –ê–≤—Ç–æ–≤—ã—Ö–æ–¥—ã    : ON       –ö—Ä–∞—Ç–∫–∏–π —Ä–µ–∂–∏–º : OFF      –°–∂–∞—Ç—ã–π —Ä–µ–∂–∏–º  : ON  
 –ü–æ–≤—Ç–æ—Ä –∫–æ–º–∞–Ω–¥ : YES      –û–±—Ä–∞—â–µ–Ω–∏—è     : ON       –¶–≤–µ—Ç          : –ø–æ–ª–Ω—ã–π   
 –ö—Ç–æ-—Ç–æ        : –º–æ–∂–Ω–æ    –ë–æ–ª—Ç–∞—Ç—å       : ON       –û—Ä–∞—Ç—å         : ON  
 –ê—É–∫—Ü–∏–æ–Ω       : ON       –ë–∞–∑–∞—Ä         : OFF      –ê–≤—Ç–æ–∑–∞—É—á–∏–≤–∞–Ω–∏–µ: OFF 
 –ü—Ä–∏–∑—ã–≤        : OFF      –ê–≤—Ç–æ–∑–∞–≤–µ—Ä—à–µ–Ω–∏–µ: ON       –ì—Ä—É–ø–ø–∞ (–≤–∏–¥)  : –∫—Ä–∞—Ç–∫–∏–π 
 –ë–µ–∑ –¥–≤–æ–π–Ω–∏–∫–æ–≤ : OFF      –ê–≤—Ç–æ–ø–æ–º–æ—â—å    : ON       –ê–≤—Ç–æ–¥–µ–ª–µ–∂     : ON  
 –ê–≤—Ç–æ–≥—Ä–∞–±–µ–∂    : OFF      –ë—Ä–∞—Ç—å –∫—É–Ω—ã    : OFF      –ê—Ä–µ–Ω–∞         : ON  
 –¢—Ä—É—Å–æ—Å—Ç—å      : –Ω–µ—Ç      –®–∏—Ä–∏–Ω–∞ —ç–∫—Ä–∞–Ω–∞ : 80       –í—ã—Å–æ—Ç–∞ —ç–∫—Ä–∞–Ω–∞ : 25  
 –°–∂–∞—Ç–∏–µ        : –Ω–µ—Ç      –ù–æ–≤–æ—Å—Ç–∏ (–≤–∏–¥) : –ª–µ–Ω—Ç–∞    –î–æ—Å–∫–∏         : OFF 
 –•—Ä–∞–Ω–∏–ª–∏—â–µ     : –≤—ã–∫–ª     –ü–∫–ª–∏—Å—Ç        : ON       –ü–æ–ª–∏—Ç–∏–∫–∞      : OFF 
 –ü–∫—Ñ–æ—Ä–º–∞—Ç      : –ø–æ–ª–Ω—ã–π   –°–æ–∫–ª–∞–Ω–æ–≤—Ü—ã    : OFF      –û—Ñ—Ñ—Ç–æ–ø        : ON  
 –ü–æ—Ç–µ—Ä—è —Å–≤—è–∑–∏  : OFF      –ò–Ω–≥—Ä–µ–¥–∏–µ–Ω—Ç—ã   : OFF      –í—Å–ø–æ–º–Ω–∏—Ç—å     : 15  
 –£–≤–µ–¥–æ–º–ª–µ–Ω–∏—è   : –ù–µ—Ç      –ö–∞—Ä—Ç–∞         : OFF      –í—Ö–æ–¥ –≤ –∑–æ–Ω—É   : OFF   
 –ú–∞–≥—â–∏—Ç—ã (–≤–∏–¥) : –ø–æ–ª–Ω—ã–π   –ê–≤—Ç–æ–ø—Ä–∏–∑—ã–≤    : OFF      –ú–∞–ø–ø–µ—Ä        : ON    
 –ö–æ–Ω—Ç—Ä–æ–ª—å IP   : OFF     
[0;32m712H[0;37m [0;32m186M[0;37m 10000248–æ –ó–∞—É—á:0 26L 3284G –í—ã—Ö:–°–í–Æ> ˇ˘
–£–º–µ—Ä–µ–Ω–Ω—ã–π –≤–µ—Ç–µ—Ä.
[0;32m712H[0;37m [0;32m186M[0;37m 10000248–æ –ó–∞—É—á:0 26L 3284G –í—ã—Ö:–°–í–Æ> ˇ˘
[1;31m–ú–∏–Ω—É–ª —á–∞—Å.[0;37m
[0;32m712H[0;37m [0;32m186M[0;37m 10000248–æ –ó–∞—É—á:0 26L 3284G –í—ã—Ö:–°–í–Æ> ˇ˘
–í—ã –≥–æ—Ç–æ–≤—ã —Å–æ–∂—Ä–∞—Ç—å –±—ã–∫–∞.
–í–∞–º —Ö–æ—á–µ—Ç—Å—è –≤—ã–ø–∏—Ç—å –æ–∑–µ—Ä–æ.
[0;32m712H[0;37m [0;32m186M[0;37m 10000248–æ –ó–∞—É—á:0 26L 3284G –í—ã—Ö:–°–í–Æ> ˇ˘[1;36m–í–µ–ª–∏–∫–∞—è —É–ª–∏—Ü–∞ [35031][0;37m
   –í–µ–ª–∏–∫–∞—è —É–ª–∏—Ü–∞. –¢–æ–ª—å–∫–æ –≤–µ–ª–∏–∫–∞ –æ–Ω–∞ –≤—Å–µ–≥–æ —Ç—Ä–µ–º—è –≤–µ—â–∞–º–∏: –Ω–∞–ª–∏—á–∏–µ–º –æ—Ç–ª–∏—á–Ω–æ–≥–æ
–ø–æ—Å—Ç–æ—è–ª–æ–≥–æ –¥–≤–æ—Ä–∞, —Å–æ—Å–µ–¥—Å—Ç–≤–æ–º –Ω–∞ –∑–∞–ø–∞–¥–µ —Å –ø–æ—Å–∞–¥—Å–∫–∏–º –¥–≤–æ—Ä–æ–º, –¥–∞ —Ç–µ–º, —á—Ç–æ –Ω–∞ 
–ø–æ–ª –≤–µ—Ä—à–∫–∞ –≤—ã—à–µ –¥—Ä—É–≥–∏—Ö –≤ –≥–æ—Ä–æ–¥–µ. –î–∞, –∫—Å—Ç–∞—Ç–∏. –ï—Å–ª–∏ –í–∞–º –ø–æ—Å–ø–∞—Ç—å –ø–æ–¥–æ–ª—å—à–µ –¥–∞
–ø–æ–∂—Ä–∞—Ç—å –ø–æ–≤–∫—É—Å–Ω–µ–µ - –í–∞–º –≤–æ–Ω –Ω–∞ –≤–æ—Å—Ç–æ–∫ –∫–∞–∫ —Ä–∞–∑. –ü—Ä–∏—à–ª–∏ —É–∂–µ.
[0;36m[ Exits: n e s ][0;37m
[1;33m[1;31m–û–¥–µ—Ç—ã–π –≤ –ª–µ–≥–∫—É—é –±—Ä–æ–Ω—é —Å—Ç—Ä–∞–∂ –Ω–µ—Å–ø–µ—à–Ω–æ –æ–±—Ö–æ–¥–∏—Ç –≥–æ—Ä–æ–¥.
[0;0m[0;32m712H[0;37m [0;32m186M[0;37m 10000248–æ –ó–∞—É—á:0 26L 3284G –í—ã—Ö:–°–í–Æ> ˇ˘–°–∂–∞—Ç—ã–π —Ä–µ–∂–∏–º –≤—ã–∫–ª—é—á–µ–Ω.

[0;32m712H[0;37m [0;32m186M[0;37m 10000248–æ –ó–∞—É—á:0 26L 3284G –í—ã—Ö:–°–í–Æ> ˇ˘[1;36m–í–µ–ª–∏–∫–∞—è —É–ª–∏—Ü–∞ [35031][0;37m
   –í–µ–ª–∏–∫–∞—è —É–ª–∏—Ü–∞. –¢–æ–ª—å–∫–æ –≤–µ–ª–∏–∫–∞ –æ–Ω–∞ –≤—Å–µ–≥–æ —Ç—Ä–µ–º—è –≤–µ—â–∞–º–∏: –Ω–∞–ª–∏—á–∏–µ–º –æ—Ç–ª–∏—á–Ω–æ–≥–æ
–ø–æ—Å—Ç–æ—è–ª–æ–≥–æ –¥–≤–æ—Ä–∞, —Å–æ—Å–µ–¥—Å—Ç–≤–æ–º –Ω–∞ –∑–∞–ø–∞–¥–µ —Å –ø–æ—Å–∞–¥—Å–∫–∏–º –¥–≤–æ—Ä–æ–º, –¥–∞ —Ç–µ–º, —á—Ç–æ –Ω–∞ 
–ø–æ–ª –≤–µ—Ä—à–∫–∞ –≤—ã—à–µ –¥—Ä—É–≥–∏—Ö –≤ –≥–æ—Ä–æ–¥–µ. –î–∞, –∫—Å—Ç–∞—Ç–∏. –ï—Å–ª–∏ –í–∞–º –ø–æ—Å–ø–∞—Ç—å –ø–æ–¥–æ–ª—å—à–µ –¥–∞
–ø–æ–∂—Ä–∞—Ç—å –ø–æ–≤–∫—É—Å–Ω–µ–µ - –í–∞–º –≤–æ–Ω –Ω–∞ –≤–æ—Å—Ç–æ–∫ –∫–∞–∫ —Ä–∞–∑. –ü—Ä–∏—à–ª–∏ —É–∂–µ.
[0;36m[ Exits: n e s ][0;37m
[1;33m[1;31m–û–¥–µ—Ç—ã–π –≤ –ª–µ–≥–∫—É—é –±—Ä–æ–Ω—é —Å—Ç—Ä–∞–∂ –Ω–µ—Å–ø–µ—à–Ω–æ –æ–±—Ö–æ–¥–∏—Ç –≥–æ—Ä–æ–¥.
[0;0m
[0;32m712H[0;37m [0;32m186M[0;37m 10000248–æ –ó–∞—É—á:0 26L 3284G –í—ã—Ö:–°–í–Æ> ˇ˘–í—ã –ø–æ–ø–ª–µ–ª–∏—Å—å –Ω–∞ —é–≥.
[1;36m–ü–æ—Å–∞–¥—Å–∫–∞—è —É–ª–∏—Ü–∞ [35030][0;37m
   –ì–ª–∞–≤–Ω–æ–π –¥–æ—Å—Ç–æ–ø—Ä–∏–º–µ—á–∞—Ç–µ–ª—å–Ω–æ—Å—Ç—å—é —É–ª–∏—Ü—ã —è–≤–ª—è–µ—Ç—Å—è –≤–æ–æ–æ–Ω —Ç–æ—Ç –¥–≤–æ—Ä. –î–∞-–¥–∞,
–æ–Ω —Å–∞–º—ã–π, –±–æ–ª—å—à–µ –ø–æ—Ö–æ–∂–∏–π –Ω–∞ –∫—Ä–µ–ø–æ—Å—Ç–∏—Ü—É. –ü–æ –±–æ–ª—å—à–æ–º—É —Å—á–µ—Ç—É, —Ç–∞–∫–æ–≤—ã–º –¥–æ–º–∏—à–∫–æ
–∏ —è–≤–ª—è–µ—Ç—Å—è. –¢–∞–º –∏ –ø–æ—Å–∞–¥–Ω–∏–∫ –≤—Å–µ –≤–æ–ø—Ä–æ—Å—ã —Ä–µ—à–∞–µ—Ç, —Ç–∞–º –∏ –∏–∑–±–∞ –¥—Ä—É–∂–∏–Ω–Ω–∞—è —Å—Ç–æ–∏—Ç.
–ó–¥–µ—Å—å –ø–æ—Å–∞–¥—Å–∫–∞—è —É–ª–∏—Ü–∞ –ø–æ–≤–æ—Ä–∞—á–∏–≤–∞–µ—Ç –∫ –≥–æ—Å—Ç–∏–Ω–Ω–æ–º—É –¥–≤–æ—Ä—É.
[0;36m[ Exits: n s w ][0;37m
[1;33m[1;31m[0;0m
[0;32m712H[0;37m [0;32m185M[0;37m 10000248–æ –ó–∞—É—á:0 26L 3284G –í—ã—Ö:–°–Æ–ó> ˇ˘
–ö—É–ø–µ—Ü –ø—Ä–∏—à–µ–ª —Å –∑–∞–ø–∞–¥–∞.

[0;32m712H[0;37m [0;32m185M[0;37m 10000248–æ –ó–∞—É—á:0 26L 3284G –í—ã—Ö:–°–Æ–ó> ˇ˘–í—ã –ø–æ—Å–º–æ—Ç—Ä–µ–ª–∏ –ø–æ —Å—Ç–æ—Ä–æ–Ω–∞–º.
[0;33m–°–µ–≤–µ—Ä:[0;37m –í–µ–ª–∏–∫–∞—è —É–ª–∏—Ü–∞
[1;31m–ì–æ—Ä–æ–¥—Å–∫–æ–π —Å—Ç—Ä–∞–∂–Ω–∏–∫ —Å—Ç–æ–∏—Ç –∑–¥–µ—Å—å. 
[0;0m[0;33m–Æ–≥:[0;37m –ö—É–ø–µ—á–µ—Å–∫–æ–µ –ø–æ–¥–≤–æ—Ä—å–µ
[1;31m[0;0m[0;33m–ó–∞–ø–∞–¥:[0;37m –ü–æ—Å–∞–¥—Å–∫–∞—è —É–ª–∏—Ü–∞
[1;31m–ü–æ—Å–∞–¥—Å–∫–∏–π –≥—Ä–∏–¥–µ–Ω—å —Å—Ç–æ–∏—Ç –∑–¥–µ—Å—å. 
[0;0m
[0;32m712H[0;37m [0;32m185M[0;37m 10000248–æ –ó–∞—É—á:0 26L 3284G –í—ã—Ö:–°–Æ–ó> ˇ˘–í—ã –ø–æ–ø–ª–µ–ª–∏—Å—å –Ω–∞ —é–≥.
[1;36m–ö—É–ø–µ—á–µ—Å–∫–æ–µ –ø–æ–¥–≤–æ—Ä—å–µ [35058][0;37m
   –í—ã –≤–æ—à–ª–∏ –Ω–∞ –ø–æ–¥–≤–æ—Ä—å–µ –æ–¥–Ω–æ–≥–æ –∏–∑ –±–æ–≥–∞—Ç–µ–π—à–∏—Ö –º–µ—Å—Ç–Ω—ã—Ö –∫—É–ø—Ü–æ–≤. –î–∞ —á—Ç–æ —Ç–∞–º,
–º–æ–∂–µ—Ç –≤–æ–æ–±—â–µ –æ–¥–Ω–æ–≥–æ –∏–∑ –±–æ–≥–∞—Ç–µ–π—à–∏—Ö. –î–æ–º –≤ —Ç—Ä–∏ —ç—Ç–∞–∂–∞! –£–∑–∫–∏–π, –ø—Ä–∞–≤–¥–∞. –ù–æ —Ç–æ
–∏–∑-–∑–∞ –¥–≤—É—Ö –±–æ–ª—å—à–∏—Ö —Å–∞—Ä–∞–µ–≤ –≤–¥–æ–ª—å –∑–∞–±–æ—Ä–∞. –î–∞ –∏ –Ω–µ –∑–∞–±–æ—Ä —ç—Ç–æ –≤–æ–≤—Å–µ - —á–∞—Å—Ç–æ–∫–æ–ª
–Ω–∞—Å—Ç–æ—è—â–∏–π, —Å –ø–æ–º–æ—Å—Ç–∞–º–∏ –¥–ª—è —Å—Ç—Ä–∞–∂–∏, –Ω–∞–≤–µ—Å–æ–º –∏ –±–æ–π–Ω–∏—Ü–∞–º–∏. –ü–æ–¥–∏, –µ—Å—Ç—å —á–µ–≥–æ
–æ–±–µ—Ä–µ–≥–∞—Ç—å...
[0;36m[ Exits: n ][0;37m
[1;33m[1;31m[0;0m
[0;32m712H[0;37m [0;32m184M[0;37m 10000248–æ –ó–∞—É—á:0 26L 3284G –í—ã—Ö:–°> ˇ˘–í—ã –ø–æ—Å–º–æ—Ç—Ä–µ–ª–∏ –ø–æ —Å—Ç–æ—Ä–æ–Ω–∞–º.
[0;33m–°–µ–≤–µ—Ä:[0;37m –ü–æ—Å–∞–¥—Å–∫–∞—è —É–ª–∏—Ü–∞
[1;31m–ö—É–ø–µ—Ü —Å—Ç–æ–∏—Ç –∑–¥–µ—Å—å. 
[0;0m
[0;32m712H[0;37m [0;32m185M[0;37m 10000248–æ –ó–∞—É—á:0 26L 3284G –í—ã—Ö:–°> ˇ˘–≠—Ç–∞ –∫–æ–º–∞–Ω–¥–∞ –Ω–µ–¥–æ—Å—Ç—É–ø–Ω–∞ –≤ —ç—Ç–æ–º –º–µ—Å—Ç–µ!

[0;32m712H[0;37m [0;32m185M[0;37m 10000248–æ –ó–∞—É—á:0 26L 3284G –í—ã—Ö:–°> ˇ˘–í—ã –ø–æ–ø–ª–µ–ª–∏—Å—å –Ω–∞ —Å–µ–≤–µ—Ä.
[1;36m–ü–æ—Å–∞–¥—Å–∫–∞—è —É–ª–∏—Ü–∞ [35030][0;37m
   –ì–ª–∞–≤–Ω–æ–π –¥–æ—Å—Ç–æ–ø—Ä–∏–º–µ—á–∞—Ç–µ–ª—å–Ω–æ—Å—Ç—å—é —É–ª–∏—Ü—ã —è–≤–ª—è–µ—Ç—Å—è –≤–æ–æ–æ–Ω —Ç–æ—Ç –¥–≤–æ—Ä. –î–∞-–¥–∞,
–æ–Ω —Å–∞–º—ã–π, –±–æ–ª—å—à–µ –ø–æ—Ö–æ–∂–∏–π –Ω–∞ –∫—Ä–µ–ø–æ—Å—Ç–∏—Ü—É. –ü–æ –±–æ–ª—å—à–æ–º—É —Å—á–µ—Ç—É, —Ç–∞–∫–æ–≤—ã–º –¥–æ–º–∏—à–∫–æ
–∏ —è–≤–ª—è–µ—Ç—Å—è. –¢–∞–º –∏ –ø–æ—Å–∞–¥–Ω–∏–∫ –≤—Å–µ –≤–æ–ø—Ä–æ—Å—ã —Ä–µ—à–∞–µ—Ç, —Ç–∞–º –∏ –∏–∑–±–∞ –¥—Ä—É–∂–∏–Ω–Ω–∞—è —Å—Ç–æ–∏—Ç.
–ó–¥–µ—Å—å –ø–æ—Å–∞–¥—Å–∫–∞—è —É–ª–∏—Ü–∞ –ø–æ–≤–æ—Ä–∞—á–∏–≤–∞–µ—Ç –∫ –≥–æ—Å—Ç–∏–Ω–Ω–æ–º—É –¥–≤–æ—Ä—É.
[0;36m[ Exits: n s w ][0;37m
[1;33m[1;31m–ú–µ—Å—Ç–Ω—ã–π –∫—É–ø–µ—Ü —Å—Ç–µ–ø–µ–Ω–Ω–æ —à–∞–≥–∞–µ—Ç –º–∏–º–æ.
[0;0m
[0;32m712H[0;37m [0;32m184M[0;37m 10000248–æ –ó–∞—É—á:0 26L 3284G –í—ã—Ö:–°–Æ–ó> ˇ˘–≠—Ç–∞ –∫–æ–º–∞–Ω–¥–∞ –Ω–µ–¥–æ—Å—Ç—É–ø–Ω–∞ –≤ —ç—Ç–æ–º –º–µ—Å—Ç–µ!

[0;32m712H[0;37m [0;32m185M[0;37m 10000248–æ –ó–∞—É—á:0 26L 3284G –í—ã—Ö:–°–Æ–ó> ˇ˘–í—ã –≥–æ—Ç–æ–≤—ã —Å–æ–∂—Ä–∞—Ç—å –±—ã–∫–∞.
–í–∞–º —Ö–æ—á–µ—Ç—Å—è –≤—ã–ø–∏—Ç—å –æ–∑–µ—Ä–æ.
–í—ã –ø–æ—Å–º–æ—Ç—Ä–µ–ª–∏ –ø–æ —Å—Ç–æ—Ä–æ–Ω–∞–º.
[0;33m–°–µ–≤–µ—Ä:[0;37m –í–µ–ª–∏–∫–∞—è —É–ª–∏—Ü–∞
[1;31m–ì–æ—Ä–æ–¥—Å–∫–æ–π —Å—Ç—Ä–∞–∂–Ω–∏–∫ —Å—Ç–æ–∏—Ç –∑–¥–µ—Å—å. 
[0;0m[0;33m–Æ–≥:[0;37m –ö—É–ø–µ—á–µ—Å–∫–æ–µ –ø–æ–¥–≤–æ—Ä—å–µ
[1;31m[0;0m[0;33m–ó–∞–ø–∞–¥:[0;37m –ü–æ—Å–∞–¥—Å–∫–∞—è —É–ª–∏—Ü–∞
[1;31m–ö—É–ø–µ—Ü —Å—Ç–æ–∏—Ç –∑–¥–µ—Å—å. 
[0;0m
[0;32m712H[0;37m [0;32m185M[0;37m 10000248–æ –ó–∞—É—á:0 26L 3284G –í—ã—Ö:–°–Æ–ó> ˇ˘–í—ã –ø–æ–ø–ª–µ–ª–∏—Å—å –Ω–∞ –∑–∞–ø–∞–¥.
[1;36m–ü–æ—Å–∞–¥—Å–∫–∞—è —É–ª–∏—Ü–∞ [35029][0;37m
   –ì–ª–∞–≤–Ω–æ–π –¥–æ—Å—Ç–æ–ø—Ä–∏–º–µ—á–∞—Ç–µ–ª—å–Ω–æ—Å—Ç—å—é —É–ª–∏—Ü—ã —è–≤–ª—è–µ—Ç—Å—è –≤–æ–æ–æ–Ω —Ç–æ—Ç –¥–≤–æ—Ä. –î–∞-–¥–∞,
–æ–Ω —Å–∞–º—ã–π, –±–æ–ª—å—à–µ –ø–æ—Ö–æ–∂–∏–π –Ω–∞ –∫—Ä–µ–ø–æ—Å—Ç–∏—Ü—É. –ü–æ –±–æ–ª—å—à–æ–º—É —Å—á–µ—Ç—É, —Ç–∞–∫–æ–≤—ã–º –¥–æ–º–∏—à–∫–æ
–∏ —è–≤–ª—è–µ—Ç—Å—è. –¢–∞–º –∏ –ø–æ—Å–∞–¥–Ω–∏–∫ –≤—Å–µ –≤–æ–ø—Ä–æ—Å—ã —Ä–µ—à–∞–µ—Ç, —Ç–∞–º –∏ –∏–∑–±–∞ –¥—Ä—É–∂–∏–Ω–Ω–∞—è —Å—Ç–æ–∏—Ç.
- –•–≤–∞—Ç–∏—Ç –ø—è–ª–∏—Ç—å—Å—è –Ω–∞ –≤–æ—Ä–æ—Ç–∞! –ï—Å–ª–∏ –ø–æ –¥–µ–ª—É - –∑–∞—Ö–æ–¥–∏. –ù–µ—Ç - –ø—Ä–æ–≤–∞–ª–∏–≤–∞–π.
–ù–µ–ø—Ä–∏–º–µ—á–µ–Ω–Ω—ã–π –í–∞–º–∏ –¥–µ—Ç–∏–Ω–∞, —Å –¥—É–±–∏–Ω–æ–π —á—Ç–æ —Ç–∞ –∫–æ–ª–æ–¥–∞, —á—É—Ç—å —à–µ–≤–µ–ª—å–Ω—É–ª—Å—è, —Ä–∞–∑–º—è–≤
–ø–ª–µ—á–∏, –∏ –æ–±—Ä–∞—Ç–Ω–æ –ø—Ä–∏–≤–∞–ª–∏–ª—Å—è –∫ —Ä–∞—Å–ø–∞—Ö–Ω—É—Ç—ã–º –≤–æ—Ä–æ—Ç–∞–º, –ø–æ–ª–Ω–æ—Å—Ç—å—é —Ä–∞—Å—Ç–≤–æ—Ä–∏–≤—à–∏—Å—å
–≤ –∏—Ö —Ç–µ–Ω–∏.
[0;36m[ Exits: n e s w ][0;37m
[1;33m[1;31m–ú–µ—Å—Ç–Ω—ã–π –∫—É–ø–µ—Ü —Å—Ç–µ–ø–µ–Ω–Ω–æ —à–∞–≥–∞–µ—Ç –º–∏–º–æ.
[0;0m
[0;32m712H[0;37m [0;32m185M[0;37m 10000248–æ –ó–∞—É—á:0 26L 3284G –í—ã—Ö:–°–í–Æ–ó> ˇ˘–í—ã –ø–æ—Å–º–æ—Ç—Ä–µ–ª–∏ –ø–æ —Å—Ç–æ—Ä–æ–Ω–∞–º.
[0;33m–°–µ–≤–µ—Ä:[0;37m –ü–µ—Ä–µ–¥ –¥–æ–º–æ–º –ø–æ—Å–∞–¥–Ω–∏–∫–∞
[1;31m–ì–æ–Ω–µ—Ü —è–º—Å–∫–æ–≥–æ –ø—Ä–∏–∫–∞–∑–∞ —Å—Ç–æ–∏—Ç –∑–¥–µ—Å—å. 
[0;0m[0;33m–í–æ—Å—Ç–æ–∫:[0;37m –ü–æ—Å–∞–¥—Å–∫–∞—è —É–ª–∏—Ü–∞
[1;31m–ö—É–ø–µ—Ü —Å—Ç–æ–∏—Ç –∑–¥–µ—Å—å. 
[0;0m[0;33m–Æ–≥:[0;37m –Æ–∂–Ω—ã–π —Å–ø—É—Å–∫
[1;31m[0;0m[0;33m–ó–∞–ø–∞–¥:[0;37m –ü–æ—Å–∞–¥—Å–∫–∞—è —É–ª–∏—Ü–∞
[1;31m[0;0m
[0;32m712H[0;37m [0;32m185M[0;37m 10000248–æ –ó–∞—É—á:0 26L 3284G –í—ã—Ö:–°–í–Æ–ó> ˇ˘–ù–æ –≤—ã –Ω–µ –∑–Ω–∞–µ—Ç–µ –∫–∞–∫.

[0;32m712H[0;37m [0;32m186M[0;37m 10000248–æ –ó–∞—É—á:0 26L 3284G –í—ã—Ö:–°–í–Æ–ó> ˇ˘–í—ã –ø–æ—Å–º–æ—Ç—Ä–µ–ª–∏ –ø–æ —Å—Ç–æ—Ä–æ–Ω–∞–º.
[0;33m–°–µ–≤–µ—Ä:[0;37m –ü–µ—Ä–µ–¥ –¥–æ–º–æ–º –ø–æ—Å–∞–¥–Ω–∏–∫–∞
[1;31m–ì–æ–Ω–µ—Ü —è–º—Å–∫–æ–≥–æ –ø—Ä–∏–∫–∞–∑–∞ —Å—Ç–æ–∏—Ç –∑–¥–µ—Å—å. 
[0;0m[0;33m–í–æ—Å—Ç–æ–∫:[0;37m –ü–æ—Å–∞–¥—Å–∫–∞—è —É–ª–∏—Ü–∞
[1;31m–ö—É–ø–µ—Ü —Å—Ç–æ–∏—Ç –∑–¥–µ—Å—å. 
[0;0m[0;33m–Æ–≥:[0;37m –Æ–∂–Ω—ã–π —Å–ø—É—Å–∫
[1;31m[0;0m[0;33m–ó–∞–ø–∞–¥:[0;37m –ü–æ—Å–∞–¥—Å–∫–∞—è —É–ª–∏—Ü–∞
[1;31m[0;0m
[0;32m712H[0;37m [0;32m186M[0;37m 10000248–æ –ó–∞—É—á:0 26L 3284G –í—ã—Ö:–°–í–Æ–ó> ˇ˘–í—ã –ø–æ–ø–ª–µ–ª–∏—Å—å –Ω–∞ —Å–µ–≤–µ—Ä.
[1;36m–ü–µ—Ä–µ–¥ –¥–æ–º–æ–º –ø–æ—Å–∞–¥–Ω–∏–∫–∞ [35064][0;37m
   –ù–∞ –ø—Ä–æ—Å—Ç–æ—Ä–Ω–æ–º –ø–æ–¥–≤–æ—Ä—å–µ –∑–∞–ø—Ä–æ—Å—Ç–æ –º–æ–∂–µ—Ç –≤–º–µ—Å—Ç–∏—Ç—å—Å—è –º–∞–ª–∞—è –¥—Ä—É–∂–∏–Ω–∞. –ü–æ—Å–∞–¥–Ω–∏–∫
—á–µ–ª–æ–≤–µ–∫ –ø—Ä–∞–∫—Ç–∏—á–Ω—ã–π, –∏ —Å–¥–µ–ª–∞–ª –∏–∑ —Å–≤–æ–µ–≥–æ –¥–æ–º–∞ —ç–¥–∞–∫—É—é –∫—Ä–µ–ø–æ—Å—Ç–∏—Ü—É. –û–±–Ω–µ—Å —Å–æ –≤—Å–µ—Ö
—Å—Ç–æ—Ä–æ–Ω –≤—ã—Å–æ–∫–∏–º —á–∞—Å—Ç–æ–∫–æ–ª–æ–º —Å –±–æ–π–Ω–∏—Ü–∞–º–∏ –∏ –Ω–∞—Å—Ç–∏–ª–∞–º–∏ –¥–ª—è –ª—É—á–Ω–∏–∫–æ–≤. –í–æ—Ä–æ—Ç–∞ —É–∫—Ä–µ–ø–∏–ª
–∂–µ–ª–µ–∑–æ–º - –∏ –Ω–µ –ø–æ–∂–∞–ª–µ–ª –≤–µ–¥—å. –¢—É—Ç –∂–µ —Å–ª–æ–∂–µ–Ω–æ –Ω–µ—Å–∫–æ–ª—å–∫–æ —Å–≤–µ–∂–∏—Ö –±—Ä–µ–≤–µ–Ω, –≥—Ä—É–¥—ã
–∫–∞–º–Ω–µ–π, –±–æ—á–∫–∏ —Å–æ —Å–º–æ–ª–æ–π. –ö –æ—Å–∞–¥–µ –≥–æ—Ç–æ–≤–∏—Ç—Å—è, –Ω–µ –∏–Ω–∞—á–µ...
[0;36m[ Exits: n s w ][0;37m
[1;33m[1;31m–ó–∞–ø—ã—Ö–∞–≤—à–∏–π—Å—è –ø–∞—Ä–Ω–∏—à–∫–∞ –±–µ–∂–∏—Ç –∫ –ø–æ—Å–∞–¥–Ω–∏–∫—É —Å –ø–æ–ª–Ω–æ–π —Å—É–º–æ–π –ø–∏—Å–µ–º
[0;0m
[0;32m712H[0;37m [0;32m185M[0;37m 10000248–æ –ó–∞—É—á:0 26L 3284G –í—ã—Ö:–°–Æ–ó> ˇ˘–í—ã –ø–æ—Å–º–æ—Ç—Ä–µ–ª–∏ –ø–æ —Å—Ç–æ—Ä–æ–Ω–∞–º.
[0;33m–°–µ–≤–µ—Ä:[0;37m –í –¥–æ–º–µ –ø–æ—Å–∞–¥–Ω–∏–∫–∞
[1;31m–†–æ—Å—Ç–æ–≤—â–∏–∫ —Å—Ç–æ–∏—Ç –∑–¥–µ—Å—å. 
–ü–∏—Å–∞—Ä—å —Å–∏–¥–∏—Ç –∑–¥–µ—Å—å. 
–ü–æ—Å–∞–¥–Ω–∏–∫ —Å–∏–¥–∏—Ç –∑–¥–µ—Å—å. 
[0;0m[0;33m–Æ–≥:[0;37m –ü–æ—Å–∞–¥—Å–∫–∞—è —É–ª–∏—Ü–∞
[1;31m–ö—É–ø–µ—Ü —Å—Ç–æ–∏—Ç –∑–¥–µ—Å—å. 
[0;0m[0;33m–ó–∞–ø–∞–¥:[0;37m –î—Ä—É–∂–∏–Ω–Ω–∞—è –∏–∑–±–∞
[1;31m–ü–æ—Å–∞–¥—Å–∫–∏–π –≥—Ä–∏–¥–µ–Ω—å —Å—Ç–æ–∏—Ç –∑–¥–µ—Å—å. 
–ü–æ—Å–∞–¥—Å–∫–∏–π –≥—Ä–∏–¥–µ–Ω—å —Å—Ç–æ–∏—Ç –∑–¥–µ—Å—å. 
–ü–æ—Å–∞–¥—Å–∫–∏–π –≥—Ä–∏–¥–µ–Ω—å —Å—Ç–æ–∏—Ç –∑–¥–µ—Å—å. 
[0;0m
[0;32m712H[0;37m [0;32m185M[0;37m 10000248–æ –ó–∞—É—á:0 26L 3284G –í—ã—Ö:–°–Æ–ó> ˇ˘–í—ã –ø–æ–ø–ª–µ–ª–∏—Å—å –Ω–∞ —Å–µ–≤–µ—Ä.
[1;36m–í –¥–æ–º–µ –ø–æ—Å–∞–¥–Ω–∏–∫–∞ [35063][0;37m
   –ü–æ–º–µ—â–µ–Ω–∏–µ –±–æ–ª—å—à–µ –Ω–∞–ø–æ–º–∏–Ω–∞–µ—Ç –∫—Ä–µ–ø–æ—Å—Ç—å - —É–∑–∫–∏–µ –æ–∫–Ω–∞, —á–µ—Ä–µ–∑ –∫–æ—Ç–æ—Ä—ã–µ —Ö–æ—Ä–æ—à–æ
—Å—Ç—Ä–µ–ª–∞–º–∏ —É–≥–æ—â–∞—Ç—å, –∏ —Ç–æ–ª—Å—Ç—ã–µ —Å—Ç–µ–Ω—ã, –∫–æ—Ç–æ—Ä—ã–µ –Ω–µ –∫–∞–∂–¥—ã–π —Ç–∞—Ä–∞–Ω —Å—Ä–∞–∑—É –ø—Ä–æ–±—å–µ—Ç.
–í–¥–æ–ª—å —Å—Ç–µ–Ω –ª–∞–≤–∫–∏ –∏ —Å–≤–µ—Ç–∏–ª—å–Ω–∏–∫–∏. –£ –¥–∞–ª—å–Ω–µ–π —Å—Ç–µ–Ω—ã - –Ω–µ–±–æ–ª—å—à–æ–µ –≤–æ–∑–≤—ã—à–µ–Ω–∏–µ –∏ 
–∫—Ä–µ—Å–ª–æ. –ù–∞–ø–æ–º–∏–Ω–∞–µ—Ç –∫–Ω—è–∂–µ—Å–∫–∏–π —Ç—Ä–æ–Ω, –Ω–æ –±–µ–∑ —Ä–æ—Å–∫–æ—à–∏. –ù–∞ —Å—Ç–µ–Ω–µ –Ω–∞–¥ –∫—Ä–µ—Å–ª–æ–º 
–≤–∏—Å–∏—Ç —Ç—è–∂–µ–ª—ã–π –∫—Ä—É–≥–ª—ã–π —â–∏—Ç, —Ä—è–¥–æ–º —Å –∫—Ä–µ—Å–ª–æ–º –Ω–µ–±–æ–ª—å—à–æ–π —Å—Ç–æ–ª–∏–∫ –¥–ª—è –ø–∏—Å–∞—Ä—è.
–¢—É—Ç –∂–µ –∫—É–¥–∞-—Ç–æ –≤–≤–µ—Ä—Ö —É—Ö–æ–¥–∏—Ç –ª–µ—Å—Ç–Ω–∏—Ü–∞.
[0;36m[ Exits: s w u ][0;37m
[1;33m[1;31m–¢–æ–ª—Å—Ç—ã–π —Ä–æ—Å—Ç–æ–≤—â–∏–∫ –ø—Ä–∏—à–µ–ª –∫ –ø–æ—Å–∞–¥–Ω–∏–∫—É –ø–æ –¥–µ–ª–∞–º.
–ü–ª—é–≥–∞–≤—ã–π –ø–∏—Å–∞—Ä—å —Å–≥–æ—Ä–±–∏–ª—Å—è –Ω–∞–¥ –ø–µ—Ä–≥–∞–º–µ–Ω—Ç–æ–º.
–®–∏—Ä–æ–∫–æ–ø–ª–µ—á–∏–π –º—É–∂–∏–∫ –≤ –ø—Ä–æ—Å—Ç–æ–π —Ä—É–±–∞—Ö–µ —á—Ç–æ-—Ç–æ –≥–æ–≤–æ—Ä–∏—Ç –ø–∏—Å–∞—Ä—é.
[0;0m–ü–æ—Å–∞–¥–Ω–∏–∫ –ø–æ–¥–Ω—è–ª—Å—è.

[0;32m712H[0;37m [0;32m185M[0;37m 10000248–æ –ó–∞—É—á:0 26L 3284G –í—ã—Ö:–Æ–ó^> ˇ˘–í—ã –ø–æ—Å–º–æ—Ç—Ä–µ–ª–∏ –ø–æ —Å—Ç–æ—Ä–æ–Ω–∞–º.
[0;33m–Æ–≥:[0;37m –ü–µ—Ä–µ–¥ –¥–æ–º–æ–º –ø–æ—Å–∞–¥–Ω–∏–∫–∞
[1;31m–ì–æ–Ω–µ—Ü —è–º—Å–∫–æ–≥–æ –ø—Ä–∏–∫–∞–∑–∞ —Å—Ç–æ–∏—Ç –∑–¥–µ—Å—å. 
[0;0m[0;33m–ó–∞–ø–∞–¥:[0;37m –õ–∏—á–Ω—ã–µ –ø–æ–∫–æ–∏ –ø–æ—Å–∞–¥–Ω–∏–∫–∞
[1;31m–ü–æ—Å–∞–¥—Å–∫–∏–π –≥—Ä–∏–¥–µ–Ω—å —Å—Ç–æ–∏—Ç –∑–¥–µ—Å—å. 
[0;0m[0;33m–í–≤–µ—Ä—Ö:[0;37m –û–±–∑–æ—Ä–Ω–∞—è –±–∞—à–Ω—è
[1;31m[0;0m
[0;32m712H[0;37m [0;32m185M[0;37m 10000248–æ –ó–∞—É—á:0 26L 3284G –í—ã—Ö:–Æ–ó^> ˇ˘
–ü–æ—Å–∞–¥–Ω–∏–∫ —Å–µ–ª.

[0;32m712H[0;37m [0;32m186M[0;37m 10000248–æ –ó–∞—É—á:0 26L 3284G –í—ã—Ö:–Æ–ó^> ˇ˘
[0;32m712H[0;37m [0;32m186M[0;37m 10000248–æ –ó–∞—É—á:0 26L 3284G –í—ã—Ö:–Æ–ó^> ˇ˘–í—ã –ø–æ–ø–ª–µ–ª–∏—Å—å –Ω–∞ —é–≥.
[1;36m–ü–µ—Ä–µ–¥ –¥–æ–º–æ–º –ø–æ—Å–∞–¥–Ω–∏–∫–∞ [35064][0;37m
   –ù–∞ –ø—Ä–æ—Å—Ç–æ—Ä–Ω–æ–º –ø–æ–¥–≤–æ—Ä—å–µ –∑–∞–ø—Ä–æ—Å—Ç–æ –º–æ–∂–µ—Ç –≤–º–µ—Å—Ç–∏—Ç—å—Å—è –º–∞–ª–∞—è –¥—Ä—É–∂–∏–Ω–∞. –ü–æ—Å–∞–¥–Ω–∏–∫
—á–µ–ª–æ–≤–µ–∫ –ø—Ä–∞–∫—Ç–∏—á–Ω—ã–π, –∏ —Å–¥–µ–ª–∞–ª –∏–∑ —Å–≤–æ–µ–≥–æ –¥–æ–º–∞ —ç–¥–∞–∫—É—é –∫—Ä–µ–ø–æ—Å—Ç–∏—Ü—É. –û–±–Ω–µ—Å —Å–æ –≤—Å–µ—Ö
—Å—Ç–æ—Ä–æ–Ω –≤—ã—Å–æ–∫–∏–º —á–∞—Å—Ç–æ–∫–æ–ª–æ–º —Å –±–æ–π–Ω–∏—Ü–∞–º–∏ –∏ –Ω–∞—Å—Ç–∏–ª–∞–º–∏ –¥–ª—è –ª—É—á–Ω–∏–∫–æ–≤. –í–æ—Ä–æ—Ç–∞ —É–∫—Ä–µ–ø–∏–ª
–∂–µ–ª–µ–∑–æ–º - –∏ –Ω–µ –ø–æ–∂–∞–ª–µ–ª –≤–µ–¥—å. –¢—É—Ç –∂–µ —Å–ª–æ–∂–µ–Ω–æ –Ω–µ—Å–∫–æ–ª—å–∫–æ —Å–≤–µ–∂–∏—Ö –±—Ä–µ–≤–µ–Ω, –≥—Ä—É–¥—ã
–∫–∞–º–Ω–µ–π, –±–æ—á–∫–∏ —Å–æ —Å–º–æ–ª–æ–π. –ö –æ—Å–∞–¥–µ –≥–æ—Ç–æ–≤–∏—Ç—Å—è, –Ω–µ –∏–Ω–∞—á–µ...
[0;36m[ Exits: n s w ][0;37m
[1;33m[1;31m–ó–∞–ø—ã—Ö–∞–≤—à–∏–π—Å—è –ø–∞—Ä–Ω–∏—à–∫–∞ –±–µ–∂–∏—Ç –∫ –ø–æ—Å–∞–¥–Ω–∏–∫—É —Å –ø–æ–ª–Ω–æ–π —Å—É–º–æ–π –ø–∏—Å–µ–º
[0;0m
[0;32m712H[0;37m [0;32m185M[0;37m 10000248–æ –ó–∞—É—á:0 26L 3284G –í—ã—Ö:–°–Æ–ó> ˇ˘–í—ã –ø–æ–ø–ª–µ–ª–∏—Å—å –Ω–∞ —é–≥.
[1;36m–ü–æ—Å–∞–¥—Å–∫–∞—è —É–ª–∏—Ü–∞ [35029][0;37m
   –ì–ª–∞–≤–Ω–æ–π –¥–æ—Å—Ç–æ–ø—Ä–∏–º–µ—á–∞—Ç–µ–ª—å–Ω–æ—Å—Ç—å—é —É–ª–∏—Ü—ã —è–≤–ª—è–µ—Ç—Å—è –≤–æ–æ–æ–Ω —Ç–æ—Ç –¥–≤–æ—Ä. –î–∞-–¥–∞,
–æ–Ω —Å–∞–º—ã–π, –±–æ–ª—å—à–µ –ø–æ—Ö–æ–∂–∏–π –Ω–∞ –∫—Ä–µ–ø–æ—Å—Ç–∏—Ü—É. –ü–æ –±–æ–ª—å—à–æ–º—É —Å—á–µ—Ç—É, —Ç–∞–∫–æ–≤—ã–º –¥–æ–º–∏—à–∫–æ
–∏ —è–≤–ª—è–µ—Ç—Å—è. –¢–∞–º –∏ –ø–æ—Å–∞–¥–Ω–∏–∫ –≤—Å–µ –≤–æ–ø—Ä–æ—Å—ã —Ä–µ—à–∞–µ—Ç, —Ç–∞–º –∏ –∏–∑–±–∞ –¥—Ä—É–∂–∏–Ω–Ω–∞—è —Å—Ç–æ–∏—Ç.
- –•–≤–∞—Ç–∏—Ç –ø—è–ª–∏—Ç—å—Å—è –Ω–∞ –≤–æ—Ä–æ—Ç–∞! –ï—Å–ª–∏ –ø–æ –¥–µ–ª—É - –∑–∞—Ö–æ–¥–∏. –ù–µ—Ç - –ø—Ä–æ–≤–∞–ª–∏–≤–∞–π.
–ù–µ–ø—Ä–∏–º–µ—á–µ–Ω–Ω—ã–π –í–∞–º–∏ –¥–µ—Ç–∏–Ω–∞, —Å –¥—É–±–∏–Ω–æ–π —á—Ç–æ —Ç–∞ –∫–æ–ª–æ–¥–∞, —á—É—Ç—å —à–µ–≤–µ–ª—å–Ω—É–ª—Å—è, —Ä–∞–∑–º—è–≤
–ø–ª–µ—á–∏, –∏ –æ–±—Ä–∞—Ç–Ω–æ –ø—Ä–∏–≤–∞–ª–∏–ª—Å—è –∫ —Ä–∞—Å–ø–∞—Ö–Ω—É—Ç—ã–º –≤–æ—Ä–æ—Ç–∞–º, –ø–æ–ª–Ω–æ—Å—Ç—å—é —Ä–∞—Å—Ç–≤–æ—Ä–∏–≤—à–∏—Å—å
–≤ –∏—Ö —Ç–µ–Ω–∏.
[0;36m[ Exits: n e s w ][0;37m
[1;33m[1;31m[0;0m
[0;32m712H[0;37m [0;32m184M[0;37m 10000248–æ –ó–∞—É—á:0 26L 3284G –í—ã—Ö:–°–í–Æ–ó> ˇ˘–í—ã –ø–æ—Å–º–æ—Ç—Ä–µ–ª–∏ –ø–æ —Å—Ç–æ—Ä–æ–Ω–∞–º.
[0;33m–°–µ–≤–µ—Ä:[0;37m –ü–µ—Ä–µ–¥ –¥–æ–º–æ–º –ø–æ—Å–∞–¥–Ω–∏–∫–∞
[1;31m–ì–æ–Ω–µ—Ü —è–º—Å–∫–æ–≥–æ –ø—Ä–∏–∫–∞–∑–∞ —Å—Ç–æ–∏—Ç –∑–¥–µ—Å—å. 
[0;0m[0;33m–í–æ—Å—Ç–æ–∫:[0;37m –ü–æ—Å–∞–¥—Å–∫–∞—è —É–ª–∏—Ü–∞
[1;31m–ö—É–ø–µ—Ü —Å—Ç–æ–∏—Ç –∑–¥–µ—Å—å. 
[0;0m[0;33m–Æ–≥:[0;37m –Æ–∂–Ω—ã–π —Å–ø—É—Å–∫
[1;31m–ö—É–ø–µ—Ü —Å—Ç–æ–∏—Ç –∑–¥–µ—Å—å. 
[0;0m[0;33m–ó–∞–ø–∞–¥:[0;37m –ü–æ—Å–∞–¥—Å–∫–∞—è —É–ª–∏—Ü–∞
[1;31m–ì–æ—Ä–æ–¥—Å–∫–æ–π —Å—Ç—Ä–∞–∂–Ω–∏–∫ —Å—Ç–æ–∏—Ç –∑–¥–µ—Å—å. 
[0;0m
[0;32m712H[0;37m [0;32m184M[0;37m 10000248–æ –ó–∞—É—á:0 26L 3284G –í—ã—Ö:–°–í–Æ–ó> ˇ˘–í—ã –ø–æ–ø–ª–µ–ª–∏—Å—å –Ω–∞ –∑–∞–ø–∞–¥.
[1;36m–ü–æ—Å–∞–¥—Å–∫–∞—è —É–ª–∏—Ü–∞ [35028][0;37m
   –ì–ª–∞–≤–Ω–æ–π –¥–æ—Å—Ç–æ–ø—Ä–∏–º–µ—á–∞—Ç–µ–ª—å–Ω–æ—Å—Ç—å—é —É–ª–∏—Ü—ã —è–≤–ª—è–µ—Ç—Å—è –≤–æo–æ–Ω —Ç–æ—Ç –¥–≤–æ—Ä. –î–∞-–¥–∞,
–æ–Ω —Å–∞–º—ã–π, –±–æ–ª—å—à–µ –ø–æ—Ö–æ–∂–∏–π –Ω–∞ –∫—Ä–µ–ø–æ—Å—Ç–∏—Ü—É. –ü–æ –±–æ–ª—å—à–æ–º—É —Å—á–µ—Ç—É, —Ç–∞–∫–æ–≤—ã–º –¥–æ–º–∏—à–∫–æ
–∏ —è–≤–ª—è–µ—Ç—Å—è. –¢–∞–º –∏ –ø–æ—Å–∞–¥–Ω–∏–∫ –≤—Å–µ –≤–æ–ø—Ä–æ—Å—ã —Ä–µ—à–∞–µ—Ç, —Ç–∞–º –∏ –∏–∑–±–∞ –¥—Ä—É–∂–∏–Ω–Ω–∞—è —Å—Ç–æ–∏—Ç.
–ù—ã–Ω–µ—à–Ω–∏–π –ø–æ—Å–∞–¥–Ω–∏–∫ —Å–∞–º –∏–∑ –ø—Ä–æ—Å—Ç—ã—Ö –≤–æ—è–∫.
[0;36m[ Exits: e s w ][0;37m
[1;33m[1;31m–û–¥–µ—Ç—ã–π –≤ –ª–µ–≥–∫—É—é –±—Ä–æ–Ω—é —Å—Ç—Ä–∞–∂ –Ω–µ—Å–ø–µ—à–Ω–æ –æ–±—Ö–æ–¥–∏—Ç –≥–æ—Ä–æ–¥.
[0;0m
[0;32m712H[0;37m [0;32m184M[0;37m 10000248–æ –ó–∞—É—á:0 26L 3284G –í—ã—Ö:–í–Æ–ó> ˇ˘–í—ã –ø–æ—Å–º–æ—Ç—Ä–µ–ª–∏ –ø–æ —Å—Ç–æ—Ä–æ–Ω–∞–º.
[0;33m–í–æ—Å—Ç–æ–∫:[0;37m –ü–æ—Å–∞–¥—Å–∫–∞—è —É–ª–∏—Ü–∞
[1;31m[0;0m[0;33m–Æ–≥:[0;37m –ü–æ–¥–≤–æ—Ä—å–µ
[1;31m–ü–æ—Å–∞–¥—Å–∫–∏–π –≥—Ä–∏–¥–µ–Ω—å —Å—Ç–æ–∏—Ç –∑–¥–µ—Å—å. 
[0;0m[0;33m–ó–∞–ø–∞–¥:[0;37m –ü–æ–¥–≤–æ—Ä—å–µ –±–æ—è—Ä–∏–Ω–∞
[1;31m[0;0m
[0;32m712H[0;37m [0;32m184M[0;37m 10000248–æ –ó–∞—É—á:0 26L 3284G –í—ã—Ö:–í–Æ–ó> ˇ˘–í—ã –ø–æ–ø–ª–µ–ª–∏—Å—å –Ω–∞ –∑–∞–ø–∞–¥.
[1;36m–ü–æ–¥–≤–æ—Ä—å–µ –±–æ—è—Ä–∏–Ω–∞ [35060][0;37m
   –ù–µ–¥–∞–≤–Ω–æ –ø–æ—Å—Ç–∞–≤–ª–µ–Ω–Ω—ã–π –¥–æ–º –ø–æ—á—Ç–∏ –¥–æ–¥–µ–ª–∞–ª–∏. –°–µ–π—á–∞—Å –æ—Å—Ç–∞–ª–æ—Å—å —Ç–æ–ª—å–∫–æ –≤—ã–∫—Ä–∞—Å–∏—Ç—å
–Ω–∞–ª–∏—á–Ω–∏–∫–∏ –¥–∞ —Å—Ç–∞–≤–Ω–∏. –ü–ª–æ—Ç–Ω–∏–∫–∏ –∏ —Å–∞—Ä–∞–π —É–∂–µ –ø–æ—á—Ç–∏ –∑–∞–∫–æ–Ω—á–∏–ª–∏. –°–æ —Å–ª–æ–≤ –º–µ—Å—Ç–Ω—ã—Ö,
—Ö–æ–∑—è–∏–Ω –¥–æ–º–∞ - –±—ã–≤—à–∏–π –≤–æ–µ–≤–æ–¥–∞ –æ—Ç–∫—É–¥–∞-—Ç–æ –∏–∑ –∫–∏–µ–≤—Å–∫–∏—Ö –∑–µ–º–µ–ª—å, –Ω–æ —Ä–æ–¥–æ–º –∏–∑ –†—É—Å—Å—ã.
–ó–∞–∫–æ–Ω—á–∏–≤ —Å–ª—É–∂–±—É, –≤–µ—Ä–Ω—É–ª—Å—è –≤ —Ä–æ–¥–Ω—ã–µ –∫—Ä–∞—è. –ù–æ –ø–æ—Å–∞–¥–Ω–∏–∫ –≤–µ—Ä–Ω–æ –æ—Ü–µ–Ω–∏–ª –µ–≥–æ –æ–ø—ã—Ç.
–£–≥–æ–≤–æ—Ä–∏–ª-—Ç–∞–∫–∏ —Å–æ–≤–µ—Ç–Ω–∏–∫–æ–º –∫ —Å–µ–±–µ –ø–æ–π—Ç–∏. –í—ã–±–∏–ª, —Ö–æ—Ç—å –∏ —Å —Ç—Ä—É–¥–æ–º, —É –≥–æ—Ä–æ–¥—Å–∫–æ–≥–æ
–≤–µ—á–µ –¥–æ–º –¥–ª—è –±–æ—è—Ä–∏–Ω–∞. –î–∞ –Ω–µ –≥–¥–µ-–Ω–∏–±—É–¥—å, –∞ –Ω–∞ —Ö–æ–ª–º–µ, —Ä—è–¥–æ–º —Å —Å–æ–±–æ–π.
[0;36m[ Exits: e ][0;37m
[1;33m[1;31m[0;0m
[0;32m712H[0;37m [0;32m183M[0;37m 10000248–æ –ó–∞—É—á:0 26L 3284G –í—ã—Ö:–í> ˇ˘–í—ã –ø–æ—Å–º–æ—Ç—Ä–µ–ª–∏ –ø–æ —Å—Ç–æ—Ä–æ–Ω–∞–º.
[0;33m–í–æ—Å—Ç–æ–∫:[0;37m –ü–æ—Å–∞–¥—Å–∫–∞—è —É–ª–∏—Ü–∞
[1;31m–ì–æ—Ä–æ–¥—Å–∫–æ–π —Å—Ç—Ä–∞–∂–Ω–∏–∫ —Å—Ç–æ–∏—Ç –∑–¥–µ—Å—å. 
[0;0m
[0;32m712H[0;37m [0;32m183M[0;37m 10000248–æ –ó–∞—É—á:0 26L 3284G –í—ã—Ö:–í> ˇ˘–í—ã –ø–æ–ø–ª–µ–ª–∏—Å—å –Ω–∞ –≤–æ—Å—Ç–æ–∫.
[1;36m–ü–æ—Å–∞–¥—Å–∫–∞—è —É–ª–∏—Ü–∞ [35028][0;37m
   –ì–ª–∞–≤–Ω–æ–π –¥–æ—Å—Ç–æ–ø—Ä–∏–º–µ—á–∞—Ç–µ–ª—å–Ω–æ—Å—Ç—å—é —É–ª–∏—Ü—ã —è–≤–ª—è–µ—Ç—Å—è –≤–æo–æ–Ω —Ç–æ—Ç –¥–≤–æ—Ä. –î–∞-–¥–∞,
–æ–Ω —Å–∞–º—ã–π, –±–æ–ª—å—à–µ –ø–æ—Ö–æ–∂–∏–π –Ω–∞ –∫—Ä–µ–ø–æ—Å—Ç–∏—Ü—É. –ü–æ –±–æ–ª—å—à–æ–º—É —Å—á–µ—Ç—É, —Ç–∞–∫–æ–≤—ã–º –¥–æ–º–∏—à–∫–æ
–∏ —è–≤–ª—è–µ—Ç—Å—è. –¢–∞–º –∏ –ø–æ—Å–∞–¥–Ω–∏–∫ –≤—Å–µ –≤–æ–ø—Ä–æ—Å—ã —Ä–µ—à–∞–µ—Ç, —Ç–∞–º –∏ –∏–∑–±–∞ –¥—Ä—É–∂–∏–Ω–Ω–∞—è —Å—Ç–æ–∏—Ç.
–ù—ã–Ω–µ—à–Ω–∏–π –ø–æ—Å–∞–¥–Ω–∏–∫ —Å–∞–º –∏–∑ –ø—Ä–æ—Å—Ç—ã—Ö –≤–æ—è–∫.
[0;36m[ Exits: e s w ][0;37m
[1;33m[1;31m–û–¥–µ—Ç—ã–π –≤ –ª–µ–≥–∫—É—é –±—Ä–æ–Ω—é —Å—Ç—Ä–∞–∂ –Ω–µ—Å–ø–µ—à–Ω–æ –æ–±—Ö–æ–¥–∏—Ç –≥–æ—Ä–æ–¥.
[0;0m
[0;32m712H[0;37m [0;32m182M[0;37m 10000248–æ –ó–∞—É—á:0 26L 3284G –í—ã—Ö:–í–Æ–ó> ˇ˘–í—ã –ø–æ–ø–ª–µ–ª–∏—Å—å –Ω–∞ —é–≥.
[1;36m–ü–æ–¥–≤–æ—Ä—å–µ [35059][0;37m
   –ü–µ—Ä–µ–¥ –í–∞–º–∏ –∞–∫–∫—É—Ä–∞—Ç–Ω—ã–π –¥–≤–æ—Ä –∑–∞–∂–∏—Ç–æ—á–Ω–æ–≥–æ –≥–æ—Ä–æ–∂–∞–Ω–∏–Ω–∞. –ù–∏–∫–∞–∫–∏—Ö –∫–æ—Ä—ã—Ç –¥–ª—è
—Å–∫–æ—Ç–∞ –∑–¥–µ—Å—å –Ω–µ—Ç. –ö–æ–Ω–æ–≤—è–∑—å, –Ω–∞–∫—Ä—ã—Ç—ã–µ –Ω–∞–≤–µ—Å–æ–º –ª–∞–≤–∫–∏ —Å –∫—Ä–µ–ø–∫–∏–º —Å—Ç–æ–ª–æ–º. –î–∞–ª—å—à–µ
–Ω–∞ —é–≥–µ - —Ö–æ—Ä–æ—à–∏–π –¥–æ–º —Å —Ä–µ–∑–Ω—ã–º–∏ —Å—Ç–∞–≤–Ω—è–º–∏ –∏ –∫—Ä–∞—Å–∏–≤—ã–º –∫—Ä—ã–ª—å—Ü–æ–º. –†—è–¥–æ–º - —Å–µ–Ω–æ–≤–∞–ª
–¥–∞ –Ω–µ–±–æ–ª—å—à–∞—è –∫–æ–Ω—é—à–Ω—è. –ë–ª–∏–∂–µ –∫ –∑–∞–±–æ—Ä—É - –∫–æ–ª–æ–¥–µ—Ü.
[0;36m[ Exits: n ][0;37m
[1;33m[1;31m–ì—Ä–∏–¥–µ–Ω—å –∏–∑ –¥—Ä—É–∂–∏–Ω—ã –º–µ—Å—Ç–Ω–æ–≥–æ –ø–æ—Å–∞–¥–Ω–∏–∫–∞ –æ–∫–∏–Ω—É–ª –í–∞—Å –≤–∑–≥–ª—è–¥–æ–º.
[0;0m
[0;32m712H[0;37m [0;32m181M[0;37m 10000248–æ –ó–∞—É—á:0 26L 3284G –í—ã—Ö:–°> ˇ˘–í—ã –ø–æ–ø–ª–µ–ª–∏—Å—å –Ω–∞ —Å–µ–≤–µ—Ä.
[1;36m–ü–æ—Å–∞–¥—Å–∫–∞—è —É–ª–∏—Ü–∞ [35028][0;37m
   –ì–ª–∞–≤–Ω–æ–π –¥–æ—Å—Ç–æ–ø—Ä–∏–º–µ—á–∞—Ç–µ–ª—å–Ω–æ—Å—Ç—å—é —É–ª–∏—Ü—ã —è–≤–ª—è–µ—Ç—Å—è –≤–æo–æ–Ω —Ç–æ—Ç –¥–≤–æ—Ä. –î–∞-–¥–∞,
–æ–Ω —Å–∞–º—ã–π, –±–æ–ª—å—à–µ –ø–æ—Ö–æ–∂–∏–π –Ω–∞ –∫—Ä–µ–ø–æ—Å—Ç–∏—Ü—É. –ü–æ –±–æ–ª—å—à–æ–º—É —Å—á–µ—Ç—É, —Ç–∞–∫–æ–≤—ã–º –¥–æ–º–∏—à–∫–æ
–∏ —è–≤–ª—è–µ—Ç—Å—è. –¢–∞–º –∏ –ø–æ—Å–∞–¥–Ω–∏–∫ –≤—Å–µ –≤–æ–ø—Ä–æ—Å—ã —Ä–µ—à–∞–µ—Ç, —Ç–∞–º –∏ –∏–∑–±–∞ –¥—Ä—É–∂–∏–Ω–Ω–∞—è —Å—Ç–æ–∏—Ç.
–ù—ã–Ω–µ—à–Ω–∏–π –ø–æ—Å–∞–¥–Ω–∏–∫ —Å–∞–º –∏–∑ –ø—Ä–æ—Å—Ç—ã—Ö –≤–æ—è–∫.
[0;36m[ Exits: e s w ][0;37m
[1;33m[1;31m–û–¥–µ—Ç—ã–π –≤ –ª–µ–≥–∫—É—é –±—Ä–æ–Ω—é —Å—Ç—Ä–∞–∂ –Ω–µ—Å–ø–µ—à–Ω–æ –æ–±—Ö–æ–¥–∏—Ç –≥–æ—Ä–æ–¥.
[0;0m
[0;32m712H[0;37m [0;32m180M[0;37m 10000248–æ –ó–∞—É—á:0 26L 3284G –í—ã—Ö:–í–Æ–ó> ˇ˘–í—ã –ø–æ–ø–ª–µ–ª–∏—Å—å –Ω–∞ –≤–æ—Å—Ç–æ–∫.
[1;36m–ü–æ—Å–∞–¥—Å–∫–∞—è —É–ª–∏—Ü–∞ [35029][0;37m
   –ì–ª–∞–≤–Ω–æ–π –¥–æ—Å—Ç–æ–ø—Ä–∏–º–µ—á–∞—Ç–µ–ª—å–Ω–æ—Å—Ç—å—é —É–ª–∏—Ü—ã —è–≤–ª—è–µ—Ç—Å—è –≤–æ–æ–æ–Ω —Ç–æ—Ç –¥–≤–æ—Ä. –î–∞-–¥–∞,
–æ–Ω —Å–∞–º—ã–π, –±–æ–ª—å—à–µ –ø–æ—Ö–æ–∂–∏–π –Ω–∞ –∫—Ä–µ–ø–æ—Å—Ç–∏—Ü—É. –ü–æ –±–æ–ª—å—à–æ–º—É —Å—á–µ—Ç—É, —Ç–∞–∫–æ–≤—ã–º –¥–æ–º–∏—à–∫–æ
–∏ —è–≤–ª—è–µ—Ç—Å—è. –¢–∞–º –∏ –ø–æ—Å–∞–¥–Ω–∏–∫ –≤—Å–µ –≤–æ–ø—Ä–æ—Å—ã —Ä–µ—à–∞–µ—Ç, —Ç–∞–º –∏ –∏–∑–±–∞ –¥—Ä—É–∂–∏–Ω–Ω–∞—è —Å—Ç–æ–∏—Ç.
- –•–≤–∞—Ç–∏—Ç –ø—è–ª–∏—Ç—å—Å—è –Ω–∞ –≤–æ—Ä–æ—Ç–∞! –ï—Å–ª–∏ –ø–æ –¥–µ–ª—É - –∑–∞—Ö–æ–¥–∏. –ù–µ—Ç - –ø—Ä–æ–≤–∞–ª–∏–≤–∞–π.
–ù–µ–ø—Ä–∏–º–µ—á–µ–Ω–Ω—ã–π –í–∞–º–∏ –¥–µ—Ç–∏–Ω–∞, —Å –¥—É–±–∏–Ω–æ–π —á—Ç–æ —Ç–∞ –∫–æ–ª–æ–¥–∞, —á—É—Ç—å —à–µ–≤–µ–ª—å–Ω—É–ª—Å—è, —Ä–∞–∑–º—è–≤
–ø–ª–µ—á–∏, –∏ –æ–±—Ä–∞—Ç–Ω–æ –ø—Ä–∏–≤–∞–ª–∏–ª—Å—è –∫ —Ä–∞—Å–ø–∞—Ö–Ω—É—Ç—ã–º –≤–æ—Ä–æ—Ç–∞–º, –ø–æ–ª–Ω–æ—Å—Ç—å—é —Ä–∞—Å—Ç–≤–æ—Ä–∏–≤—à–∏—Å—å
–≤ –∏—Ö —Ç–µ–Ω–∏.
[0;36m[ Exits: n e s w ][0;37m
[1;33m[1;31m[0;0m
[0;32m712H[0;37m [0;32m179M[0;37m 10000248–æ –ó–∞—É—á:0 26L 3284G –í—ã—Ö:–°–í–Æ–ó> ˇ˘–í—ã –ø–æ–ø–ª–µ–ª–∏—Å—å –Ω–∞ —é–≥.
[1;36m–Æ–∂–Ω—ã–π —Å–ø—É—Å–∫ [35027][0;37m
   –ù–∞ —Ö–æ–ª–º—É, –≥–¥–µ —Ä–∞—Å–ø–æ–ª–æ–∂–∏–ª–∏—Å—å –¥–æ–º–∞ –±–æ–≥–∞—Ç—ã—Ö –≥–æ—Ä–æ–∂–∞–Ω, –∫–∞–∫ –±—É–¥—Ç–æ —Å–æ–ª–Ω—Ü–µ, –∏
—Ç–æ —è—Ä—á–µ —Å–≤–µ—Ç–∏—Ç. –í–æ—Ä–æ—Ç–∞ —É –¥–≤–æ—Ä–æ–≤ —Å–≤–µ–∂–µ–≤—ã–∫—Ä–∞—à–µ–Ω—ã. –ù–∞ —É–ª–∏—Ü–∞—Ö —á–∏—â–µ, —Ö–æ—Ç—è –∫–æ–Ω–∏
–∑–¥–µ—Å—å —è–≤–ª–µ–Ω–∏–µ –∏ –≤–æ–≤—Å–µ –µ–∂–µ–º–∏–Ω—É—Ç–Ω–æ–µ - —Ç–æ –±–æ—è—Ä–∏–Ω –∫–∞–∫–æ–π –ø—Ä–∏–µ–¥–µ—Ç, —Ç–æ —Å–ª—É–∂–∏–≤—ã–µ
–≤ –∑–∞—Å–µ–∫–∏ —É—Ö–æ–¥—è—Ç, —Ç–æ –ø–æ—Å—Ç–æ—è–ª—å—Ü—ã –≤ –≥–æ—Å—Ç–∏–Ω–Ω—ã–π –¥–≤–æ—Ä, —á—Ç–æ –ø–æ –í–µ–ª–∏–∫–æ–π —É–ª–∏—Ü–µ...
–ò –≤—Å–µ –∫–æ–Ω–Ω—ã–µ. –î–∞ –∏ –∫–æ–Ω–∏ - –∑–∞–≥–ª—è–¥–µ–Ω—å–µ. –≠—Ç–æ –Ω–µ –º—É–∂–∏—Ü–∫–∏–µ –∫–ª—è—á–∏.
[0;36m[ Exits: n d ][0;37m
[1;33m[1;31m–ú–µ—Å—Ç–Ω—ã–π –∫—É–ø–µ—Ü —Å—Ç–µ–ø–µ–Ω–Ω–æ —à–∞–≥–∞–µ—Ç –º–∏–º–æ.
[0;0m
[0;32m712H[0;37m [0;32m179M[0;37m 10000248–æ –ó–∞—É—á:0 26L 3284G –í—ã—Ö:–°v> ˇ˘–í—ã –ø–æ—Å–º–æ—Ç—Ä–µ–ª–∏ –ø–æ —Å—Ç–æ—Ä–æ–Ω–∞–º.
[0;33m–°–µ–≤–µ—Ä:[0;37m –ü–æ—Å–∞–¥—Å–∫–∞—è —É–ª–∏—Ü–∞
[1;31m[0;0m[0;33m–í–Ω–∏–∑:[0;37m –Æ–∂–Ω—ã–π —Å–ø—É—Å–∫
[1;31m–ü–æ—Å–∞–¥—Å–∫–∏–π –≥—Ä–∏–¥–µ–Ω—å —Å—Ç–æ–∏—Ç –∑–¥–µ—Å—å. 
[0;0m
[0;32m712H[0;37m [0;32m179M[0;37m 10000248–æ –ó–∞—É—á:0 26L 3284G –í—ã—Ö:–°v> ˇ˘–í—ã –ø–æ–ø–ª–µ–ª–∏—Å—å –≤–Ω–∏–∑.
[1;36m–Æ–∂–Ω—ã–π —Å–ø—É—Å–∫ [35026][0;37m
   –£–ª–∏—Ü–∞ –ø–æ–¥–Ω–∏–º–∞–µ—Ç—Å—è –Ω–∞ —Ö–æ–ª–º –∫ –¥–æ–º—É –ø–æ—Å–∞–¥–Ω–∏–∫–∞. –ê –≤–¥–æ–ª—å - –∫–∞–∫ –≥—Ä–∏–±—ã –ø–æ—Å–ª–µ
–¥–æ–∂–¥—è - —Ç–µ—Å–Ω–æ —Å—Ç–æ—è—Ç –¥–æ–º–∞ –≤–ø–æ–ª–Ω–µ –Ω–µ –ø–ª–æ—Ö–æ–≥–æ –¥–æ—Å—Ç–∞—Ç–∫–∞ –≥–æ—Ä–æ–∂–∞–Ω, –∫–æ—Ç–æ—Ä—ã–º –Ω–µ 
—Ö–≤–∞—Ç–∏–ª–æ –º–µ—Å—Ç–∞ –Ω–∞ —Ö–æ–ª–º—É. –ê –º–æ–∂–µ—Ç –∏ –¥–µ–Ω–µ–≥. –¢–∞–º –≤–µ–¥—å –∏ –∑–µ–º–ª—è –ø–æ–¥–æ—Ä–æ–∂–µ.
[0;36m[ Exits: s w u ][0;37m
[1;33m[1;31m–ì—Ä–∏–¥–µ–Ω—å –∏–∑ –¥—Ä—É–∂–∏–Ω—ã –º–µ—Å—Ç–Ω–æ–≥–æ –ø–æ—Å–∞–¥–Ω–∏–∫–∞ –æ–∫–∏–Ω—É–ª –í–∞—Å –≤–∑–≥–ª—è–¥–æ–º.
[0;0m
[0;32m712H[0;37m [0;32m179M[0;37m 10000248–æ –ó–∞—É—á:0 26L 3284G –í—ã—Ö:–Æ–ó^> ˇ˘
–ü–æ—Å–∞–¥—Å–∫–∏–π –≥—Ä–∏–¥–µ–Ω—å —É—à–µ–ª –≤–≤–µ—Ä—Ö.

[0;32m712H[0;37m [0;32m179M[0;37m 10000248–æ –ó–∞—É—á:0 26L 3284G –í—ã—Ö:–Æ–ó^> ˇ˘–í—ã –ø–æ—Å–º–æ—Ç—Ä–µ–ª–∏ –ø–æ —Å—Ç–æ—Ä–æ–Ω–∞–º.
[0;33m–Æ–≥:[0;37m –£ —é–∂–Ω–æ–π —Å—Ç–µ–Ω—ã
[1;31m–°–∏–¥–æ—Ä –∫–æ—Å–æ–ª–∞–ø—ã–π —Å—Ç–æ–∏—Ç –∑–¥–µ—Å—å. 
[0;0m[0;33m–ó–∞–ø–∞–¥:[0;37m –ù–µ–±–æ–ª—å—à–æ–π –¥–æ–º–∏–∫
[1;31m–î–µ—Ç–∏ —Å—Ç–æ—è—Ç –∑–¥–µ—Å—å. 
–ë–∞–±—É—à–∫–∞ —Å—Ç–æ–∏—Ç –∑–¥–µ—Å—å. 
[0;0m[0;33m–í–≤–µ—Ä—Ö:[0;37m –Æ–∂–Ω—ã–π —Å–ø—É—Å–∫
[1;31m–ü–æ—Å–∞–¥—Å–∫–∏–π –≥—Ä–∏–¥–µ–Ω—å —Å—Ç–æ–∏—Ç –∑–¥–µ—Å—å. 
–ö—É–ø–µ—Ü —Å—Ç–æ–∏—Ç –∑–¥–µ—Å—å. 
[0;0m
[0;32m712H[0;37m [0;32m179M[0;37m 10000248–æ –ó–∞—É—á:0 26L 3284G –í—ã—Ö:–Æ–ó^> ˇ˘
–ö—É–ø–µ—Ü –ø—Ä–∏—à–µ–ª —Å–≤–µ—Ä—Ö—É.

[0;32m712H[0;37m [0;32m179M[0;37m 10000248–æ –ó–∞—É—á:0 26L 3284G –í—ã—Ö:–Æ–ó^> ˇ˘–í—ã –ø–æ–ø–ª–µ–ª–∏—Å—å –Ω–∞ –∑–∞–ø–∞–¥.
[1;36m–ù–µ–±–æ–ª—å—à–æ–π –¥–æ–º–∏–∫ [35087][0;37m
   –í—ã –∑–∞—à–ª–∏ –≤ –Ω–µ–±–æ–ª—å—à–æ–π, –∞–∫–∫—É—Ä–∞—Ç–Ω–æ –ø—Ä–∏–±—Ä–∞–Ω–Ω—ã–π –¥–æ–º–∏–∫. –í–¥–æ–ª—å —Å—Ç–µ–Ω—ã –∏–¥–µ—Ç —à–∏—Ä–æ–∫–∞—è
–¥–µ—Ä–µ–≤—è–Ω–Ω–∞—è –ª–∞–≤–∫–∞, –Ω–∞ –∫–æ—Ç–æ—Ä–æ–π –ø—Ä–∏–º–æ—Å—Ç–∏–ª–æ—Å—å –Ω–µ—Å–∫–æ–ª—å–∫–æ –¥–µ—Ç–µ–π, –æ–¥–∏–Ω –¥—Ä—É–≥–æ–≥–æ –º–µ–Ω—å—à–µ.
–†—è–¥–æ–º –∂–µ —Å –ø–µ—á–∫–æ–π —Å–∏–¥–∏—Ç –¥–æ–±—Ä–∞—è —Å—Ç–∞—Ä—É—à–∫–∞, –∫–æ—Ç–æ—Ä–∞—è –ª–∞—Å–∫–∞–µ—Ç –¥–æ–≤–æ–ª—å–Ω–æ –º—É—Ä–ª—ã–∫–∞—é—â–µ–≥–æ
–∫–æ—Ç–∞, —Å–∏–¥—è—â–µ–≥–æ –Ω–∞ –µ–µ –∫–æ–ª–µ–Ω—è—Ö, –∏ —Ä–∞—Å—Å–∫–∞–∑—ã–≤–∞–µ—Ç –æ—á–µ—Ä–µ–¥–Ω—É—é —Å–∫–∞–∑–∫—É.
[0;36m[ Exits: e ][0;37m
[1;33m[1;31m–ù–µ—Å–∫–æ–ª—å–∫–æ –¥–µ—Ç–µ–π —Å —É–ø–æ–µ–Ω–∏–µ–º –∑–∞—Å–ª—É—à–∏–≤–∞—é—Ç—Å—è —Å–∫–∞–∑–∫–∞–º–∏ —Å–≤–æ–µ–π –±–∞–±—É—à–∫–∏.
–î–æ–±—Ä–∞—è —Å—Ç–∞—Ä—É—à–∫–∞ —Ä–∞—Å—Å–∫–∞–∑—ã–≤–∞–µ—Ç —Å–∫–∞–∑–∫–∏ –¥–µ—Ç—è–º.
[0;0m
[0;32m712H[0;37m [0;32m179M[0;37m 10000248–æ –ó–∞—É—á:0 26L 3284G –í—ã—Ö:–í> ˇ˘
'... –∏ –∂–∏–ª–∏ –æ–Ω–∏ –¥–æ–ª–≥–æ –∏ —Å—á–∞—Å—Ç–ª–∏–≤–æ', - —É—Å–ø–µ–ª–∏ –≤—ã —É—Å–ª—ã—à–∞—Ç—å –ø–æ—Å–ª–µ–¥–Ω–∏–µ —Å–ª–æ–≤–∞ —Å—Ç–∞—Ä—É—à–∫–∏.

[0;32m712H[0;37m [0;32m179M[0;37m 10000248–æ –ó–∞—É—á:0 26L 3284G –í—ã—Ö:–í> ˇ˘
–ú–∞–ª—ã—à–Ω—è –Ω–µ—Å–∫–æ–ª—å–∫–æ —Å–µ–∫—É–Ω–¥ –º–µ—á—Ç–∞—Ç–µ–ª—å–Ω–æ –ø–æ–º–æ–ª—á–∞–ª–∞, —Ä–∞–¥—É—è—Å—å –∑–∞ –≥–µ—Ä–æ–µ–≤ —Å–∫–∞–∑–∫–∏, –∏ —Ö–æ—Ä–æ–º –∑–∞–≥–∞–ª–¥–µ–ª–∞, —Ç—Ä–µ–±—É—è –Ω–æ–≤—ã—Ö —Ä–∞—Å—Å–∫–∞–∑–æ–≤.

[0;32m712H[0;37m [0;32m179M[0;37m 10000248–æ –ó–∞—É—á:0 26L 3284G –í—ã—Ö:–í> ˇ˘
–ú–∞–ª–µ–Ω—å–∫–∞—è –¥–µ–≤–æ—á–∫–∞ –∑–∞–ø–∏—â–∞–ª–∞: '–ï—â–µ —Ä–∞—Å—Å–∫–∞–∂–∏, –Ω—É –µ—â–µ, –±–∞–±—É-—É-—É-—É-—É–ª—å...'
'–î–∞-–¥–∞, —Ö–æ—Ç–∏–º –µ—â–µ!' - –ø–æ–¥—Ö–≤–∞—Ç–∏–ª–∞ –æ—Å—Ç–∞–ª—å–Ω–∞—è –¥–µ—Ç–≤–æ—Ä–∞.

[0;32m712H[0;37m [0;32m179M[0;37m 10000248–æ –ó–∞—É—á:0 26L 3284G –í—ã—Ö:–í> ˇ˘
–ë–∞–±—É—à–∫–∞ –ª–∏—à—å –ª–∞—Å–∫–æ–≤–æ —É–ª—ã–±–Ω—É–ª–∞—Å—å, —Å–ª—É—à–∞—è –≥–∞–ª–¥–µ–∂ —Å–≤–æ–∏—Ö –≤–Ω—É–∫–æ–≤ –∏ –≤–Ω—É—á–∞—Ç.
–ë–∞–±—É—à–∫–∞ —Å–∫–∞–∑–∞–ª–∞ : '–ß—Ç–æ –±—ã –≤–∞–º —Ç–∞–∫–æ–≥–æ —Ä–∞—Å—Å–∫–∞–∑–∞—Ç—å?'
[1;30m–ë–∞–±—É—à–∫–∞ –ø–æ–¥–ø–µ—Ä–ª–∞ –±—É–π–Ω—É –≥–æ–ª–æ–≤—É—à–∫—É –∫—É–ª–∞–∫–æ–º –∏ –Ω–∞—á–∞–ª–∞ –¥—É–º–∞—Ç—å –¥—É–º—É —Ç—è–∂–∫—É—é.[0;0m

[0;32m712H[0;37m [0;32m179M[0;37m 10000248–æ –ó–∞—É—á:0 26L 3284G –í—ã—Ö:–í> ˇ˘
–ë–∞–±—É—à–∫–∞ —Å–∫–∞–∑–∞–ª–∞ : '–•–æ—Ç–∏—Ç–µ —Ä–∞—Å—Å–∫–∞–∂—É –ø—Ä–æ –î—É–±–∏–Ω—É—à–∫—É? –ò–ª–∏ –±—ã—Ç—å –º–æ–∂–µ—Ç –ø—Ä–æ –¥–µ–≤–æ—á–∫—É –ì–µ—Ä–¥—É... –î–∞ –∏, –≤—Ä–æ–¥–µ, –ø—Ä–æ –§–∏–Ω–∏—Å—Ç–∞ –Ø—Å–Ω–æ-–°–æ–ª–Ω—ã—à–∫–æ, —è –≤–∞–º –µ—â–µ –Ω–µ —Ä–∞—Å—Å–∫–∞–∑—ã–≤–∞–ª–∞.'
–ë–∞–±—É—à–∫–∞ —Å–∫–∞–∑–∞–ª–∞ : '–ß—Ç–æ –≤—ã–±–µ—Ä–µ—Ç–µ?'

[0;32m712H[0;37m [0;32m179M[0;37m 10000248–æ –ó–∞—É—á:0 26L 3284G –í—ã—Ö:–í> ˇ˘
–î–µ—Ç–∏ —è—Ä–æ—Å—Ç–Ω–æ –∑–∞—Å–ø–æ—Ä–∏–ª–∏, –ø—ã—Ç–∞—è—Å—å –æ–ø—Ä–µ–¥–µ–ª–∏—Ç—å –∫–∞–∫—É—é —Å–∫–∞–∑–∫—É —Å–ª—É—à–∞—Ç—å –ø–µ—Ä–≤–æ–π.
'... –î—É–±–∏–Ω—É—à–∫—É —Ö–æ—á—É... –ù–µ—Ç, –¥–∞–≤–∞–π—Ç–µ –ø—Ä–æ –ì–µ—Ä–¥—É... –§–∏–Ω–∏—Å—Ç, –∞ –∫—Ç–æ —Ç–∞–∫–æ–π –§–∏–Ω–∏—Å—Ç?!... –î—É–±–∏–Ω—É—à–∫—É... –§–∏–Ω–∏—Å—Ç–∞!...–ì–µ—Ä–¥—É —Ö–æ—á—É-—É-—É-!!!

[0;32m712H[0;37m [0;32m180M[0;37m 10000248–æ –ó–∞—É—á:0 26L 3284G –í—ã—Ö:–í> ˇ˘
[1;30m–ë–∞–±—É—à–∫–∞ –≥—Ä–æ–º–∫–æ –∑–∞—Ö–æ—Ö–æ—Ç–∞–ª–∞. –í—ã –≤—Å–ø–æ–º–Ω–∏–ª–∏ –¥–µ—Ç—Å—Ç–≤–æ, –ø—Ä–æ–≤–µ–¥–µ–Ω–Ω–æ–µ —Ä—è–¥–æ–º —Å –∫–æ–Ω—é—à–Ω–µ–π.[0;0m

[0;32m712H[0;37m [0;32m180M[0;37m 10000248–æ –ó–∞—É—á:0 26L 3284G –í—ã—Ö:–í> ˇ˘
–í–Ω–µ–∑–∞–ø–Ω–æ —Å—Ç–∞—Ä—É—à–∫–∞ –∑–∞–º–µ—Ç–∏–ª–∞ –í–∞—Å.
–ë–∞–±—É—à–∫–∞ —Å–∫–∞–∑–∞–ª–∞ : '–í–æ—Ç –¥–∞–≤–∞–π—Ç–µ –ø–∞—Ä–Ω—è —Å–ø—Ä–æ—Å–∏–º, —Ä–∞–∑ –≤—ã —Å–∞–º–∏ —Ä–µ—à–∏—Ç—å –Ω–µ –º–æ–∂–µ—Ç–µ.'
–ë–∞–±—É—à–∫–∞ —Å–∫–∞–∑–∞–ª–∞ : '–ö–∞–∫—É—é —Å–∫–∞–∑–∫—É –º–Ω–µ –¥–µ—Ç—è–º —Ä–∞—Å—Å–∫–∞–∑–∞—Ç—å? –ü—Ä–æ –∫–æ–≥–æ?'

[0;32m712H[0;37m [0;32m180M[0;37m 10000248–æ –ó–∞—É—á:0 26L 3284G –í—ã—Ö:–í> ˇ˘–í—ã –ø–æ–ø–ª–µ–ª–∏—Å—å –Ω–∞ –≤–æ—Å—Ç–æ–∫.
[1;36m–Æ–∂–Ω—ã–π —Å–ø—É—Å–∫ [35026][0;37m
   –£–ª–∏—Ü–∞ –ø–æ–¥–Ω–∏–º–∞–µ—Ç—Å—è –Ω–∞ —Ö–æ–ª–º –∫ –¥–æ–º—É –ø–æ—Å–∞–¥–Ω–∏–∫–∞. –ê –≤–¥–æ–ª—å - –∫–∞–∫ –≥—Ä–∏–±—ã –ø–æ—Å–ª–µ
–¥–æ–∂–¥—è - —Ç–µ—Å–Ω–æ —Å—Ç–æ—è—Ç –¥–æ–º–∞ –≤–ø–æ–ª–Ω–µ –Ω–µ –ø–ª–æ—Ö–æ–≥–æ –¥–æ—Å—Ç–∞—Ç–∫–∞ –≥–æ—Ä–æ–∂–∞–Ω, –∫–æ—Ç–æ—Ä—ã–º –Ω–µ 
—Ö–≤–∞—Ç–∏–ª–æ –º–µ—Å—Ç–∞ –Ω–∞ —Ö–æ–ª–º—É. –ê –º–æ–∂–µ—Ç –∏ –¥–µ–Ω–µ–≥. –¢–∞–º –≤–µ–¥—å –∏ –∑–µ–º–ª—è –ø–æ–¥–æ—Ä–æ–∂–µ.
[0;36m[ Exits: s w u ][0;37m
[1;33m[1;31m–ú–µ—Å—Ç–Ω—ã–π –∫—É–ø–µ—Ü —Å—Ç–µ–ø–µ–Ω–Ω–æ —à–∞–≥–∞–µ—Ç –º–∏–º–æ.
[0;0m
[0;32m712H[0;37m [0;32m179M[0;37m 10000248–æ –ó–∞—É—á:0 26L 3284G –í—ã—Ö:–Æ–ó^> ˇ˘
–°–ª–∞–±—ã–π –≤–µ—Ç–µ—Ä.

[0;32m712H[0;37m [0;32m179M[0;37m 10000248–æ –ó–∞—É—á:0 26L 3284G –í—ã—Ö:–Æ–ó^> ˇ˘
[1;31m–ú–∏–Ω—É–ª —á–∞—Å.[0;37m

[0;32m712H[0;37m [0;32m179M[0;37m 10000248–æ –ó–∞—É—á:0 26L 3284G –í—ã—Ö:–Æ–ó^> ˇ˘
–í—ã –≥–æ—Ç–æ–≤—ã —Å–æ–∂—Ä–∞—Ç—å –±—ã–∫–∞.
–í–∞–º —Ö–æ—á–µ—Ç—Å—è –≤—ã–ø–∏—Ç—å –æ–∑–µ—Ä–æ.

[0;32m712H[0;37m [0;32m179M[0;37m 10000248–æ –ó–∞—É—á:0 26L 3284G –í—ã—Ö:–Æ–ó^> ˇ˘–í—ã –ø–æ–ø–ª–µ–ª–∏—Å—å –Ω–∞ —é–≥.
[1;36m–£ —é–∂–Ω–æ–π —Å—Ç–µ–Ω—ã [35001][0;37m
   –í—ã –Ω–∞—Ö–æ–¥–∏—Ç–µ—Å—å –≤ —é–∂–Ω–æ–π —á–∞—Å—Ç–∏ –≥–æ—Ä–æ–¥–∏—â–∞. –®–∏—Ä–æ–∫–∞—è —É–ª–∏—Ü–∞ –≤—ã–ª–æ–∂–µ–Ω–∞ –¥–æ—Å–∫–∞–º–∏.
–ö–æ–µ-–≥–¥–µ –¥–æ—Å–∫–∏ –Ω–µ–¥–∞–≤–Ω–æ –∑–∞–º–µ–Ω–µ–Ω—ã. –î—Ä—É–≥–∏–µ —Ç–æ–ª—å–∫–æ –∂–¥—É—Ç —Å–≤–æ–µ–π –æ—á–µ—Ä–µ–¥–∏. –ù–∞ 
—Å–µ–≤–µ—Ä–µ –≤–∏–¥–µ–Ω –ø–æ–¥—ä–µ–º –Ω–∞ –í–µ–ª–∏–∫—É—é —É–ª–∏—Ü—É - —Ç–∞–º —Ä–∞—Å–ø–æ–ª–æ–∂–∏–ª–∏—Å—å –¥–æ–º–∞ –±–æ–≥–∞—Ç—ã–µ –∏
–¥–≤–æ—Ä –ø–æ—Å–∞–¥–Ω–∏–∫–∞, –±–æ–ª—å—à–µ –Ω–∞–ø–æ–º–∏–Ω–∞—é—â–∏–π –Ω–µ–±–æ–ª—å—à—É—é –∫—Ä–µ–ø–æ—Å—Ç—å.
[0;36m[ Exits: n e s w ][0;37m
[1;33m[1;31m–ì—Ä—É–∑–Ω—ã–π –º—É–∂—á–∏–Ω–∞ –Ω–µ—Ä–≤–Ω–æ —à–∞–≥–∞–µ—Ç –∏–∑ —Å—Ç–æ—Ä–æ–Ω—ã –≤ —Å—Ç–æ—Ä–æ–Ω—É, –≤ –æ–∂–∏–¥–∞–Ω–∏–∏ –∫–æ–≥–æ-—Ç–æ.
[0;0m
[0;32m712H[0;37m [0;32m178M[0;37m 10000248–æ –ó–∞—É—á:0 26L 3284G –í—ã—Ö:–°–í–Æ–ó> ˇ˘–í—ã –ø–æ—Å–º–æ—Ç—Ä–µ–ª–∏ –ø–æ —Å—Ç–æ—Ä–æ–Ω–∞–º.
[0;33m–°–µ–≤–µ—Ä:[0;37m –Æ–∂–Ω—ã–π —Å–ø—É—Å–∫
[1;31m–ö—É–ø–µ—Ü —Å—Ç–æ–∏—Ç –∑–¥–µ—Å—å. 
[0;0m[0;33m–í–æ—Å—Ç–æ–∫:[0;37m –£ —é–∂–Ω–æ–π —Å—Ç–µ–Ω—ã
[1;31m[0;0m[0;33m–Æ–≥:[0;37m –ü–µ—Ä–µ–¥ —é–∂–Ω—ã–º–∏ –≤–æ—Ä–æ—Ç–∞–º–∏
[1;31m–°–∫—É—á–∞—é—â–∏–π —Å—Ç—Ä–∞–∂–Ω–∏–∫ —Å—Ç–æ–∏—Ç –∑–¥–µ—Å—å. 
[0;0m[0;33m–ó–∞–ø–∞–¥:[0;37m –£ —é–∂–Ω–æ–π —Å—Ç–µ–Ω—ã
[1;31m[0;0m
[0;32m712H[0;37m [0;32m179M[0;37m 10000248–æ –ó–∞—É—á:0 26L 3284G –í—ã—Ö:–°–í–Æ–ó> ˇ˘–í—ã –ø–æ–ø–ª–µ–ª–∏—Å—å –Ω–∞ –∑–∞–ø–∞–¥.
[1;36m–£ —é–∂–Ω–æ–π —Å—Ç–µ–Ω—ã [35002][0;37m
   –í—ã –Ω–∞—Ö–æ–¥–∏—Ç–µ—Å—å –≤ —é–∂–Ω–æ–π —á–∞—Å—Ç–∏ –≥–æ—Ä–æ–¥–∏—â–∞. –®–∏—Ä–æ–∫–∞—è —É–ª–∏—Ü–∞ –≤—ã–ª–æ–∂–µ–Ω–∞ –¥–æ—Å–∫–∞–º–∏.
–ö–æ–µ-–≥–¥–µ –¥–æ—Å–∫–∏ –Ω–µ–¥–∞–≤–Ω–æ –∑–∞–º–µ–Ω–µ–Ω—ã. –î—Ä—É–≥–∏–µ —Ç–æ–ª—å–∫–æ –∂–¥—É—Ç —Å–≤–æ–µ–π –æ—á–µ—Ä–µ–¥–∏. –ö —á–∞—Å—Ç–æ–∫–æ–ª—É
–ø—Ä–∏–≤–∞–ª–µ–Ω–æ –Ω–µ—Å–∫–æ–ª—å–∫–æ —Å–≤–µ–∂–∏—Ö –±—Ä–µ–≤–µ–Ω - –Ω–∏–∫–∞–∫ —á–∏–Ω–∏—Ç—å —Å–æ–±—Ä–∞–ª–∏—Å—å...
[0;36m[ Exits: e w ][0;37m
[1;33m–õ—É–∂–∏—Ü–∞ –∫–æ–Ω–æ–ø–ª—è–Ω–æ–≥–æ –º–∞—Å–ª–∞ —Ä–∞–∑–ª–∏—Ç–∞ —É –≤–∞—à–∏—Ö –Ω–æ–≥.
[1;31m[0;0m
[0;32m712H[0;37m [0;32m178M[0;37m 10000248–æ –ó–∞—É—á:0 26L 3284G –í—ã—Ö:–í–ó> ˇ˘–í—ã –ø–æ–ø–ª–µ–ª–∏—Å—å –Ω–∞ –∑–∞–ø–∞–¥.
[1;36m–£ —é–≥–æ-–∑–∞–ø–∞–¥–Ω–æ–π –±–∞—à–Ω–∏ [35003][0;37m
   –î–æ–∑–æ—Ä–Ω–∞—è –±–∞—à–Ω—è –≤–æ–∑–≤—ã—à–∞–µ—Ç—Å—è –Ω–∞–¥ –í–∞–º–∏, —Å–ª–æ–∂–µ–Ω–Ω–∞—è –∏–∑ —Ç–æ–ª—Å—Ç—ã—Ö –±—Ä–µ–≤–µ–Ω –∏
–≤–æ–∑–≤—ã—à–∞—é—â–∞—è—Å—è –Ω–∞ –Ω–µ—Å–∫–æ–ª—å–∫–æ –∫–æ—Å—ã—Ö —Å–∞–∂–µ–Ω–µ–π –Ω–∞–¥ –∑–µ–º–ª–µ–π. –ö—Ä–µ–ø–∫–æ–≥–æ –≤–∏–¥–∞ –ª–µ—Å—Ç–Ω–∏—Ü–∞,
—Å–¥–µ–ª–∞–Ω–Ω–∞—è –∏–∑ —Å–≤–µ–∂–µ—Å—Ä—É–±–ª–µ–Ω–Ω—ã—Ö —Å–æ—Å–µ–Ω –≤–µ–¥–µ—Ç –Ω–∞–≤–µ—Ä—Ö. –ü—É—Å—Ç–æ–π –±—É—Ä–¥—é–∫ –≤–∞–ª—è–µ—Ç—Å—è –ø–æ–¥
–ª–µ—Å—Ç–Ω–∏—Ü–µ–π - –æ—Ö –∏ –ø–æ–ø–∞–¥–µ—Ç –∫–æ–º—É-—Ç–æ, –µ—Å–ª–∏ –¥–µ—Å—è—Ç–Ω–∏–∫ —É–≤–∏–¥–∏—Ç.
[0;36m[ Exits: n e u ][0;37m
[1;33m[1;31m[0;0m
[0;32m712H[0;37m [0;32m177M[0;37m 10000248–æ –ó–∞—É—á:0 26L 3284G –í—ã—Ö:–°–í^> ˇ˘–í—ã –ø–æ—Å–º–æ—Ç—Ä–µ–ª–∏ –ø–æ —Å—Ç–æ—Ä–æ–Ω–∞–º.
[0;33m–°–µ–≤–µ—Ä:[0;37m –¢–æ—Ä–≥–æ–≤—ã–π —Å–ø—É—Å–∫
[1;31m–ö—É–ø–µ—Ü —Å—Ç–æ–∏—Ç –∑–¥–µ—Å—å. 
[0;0m[0;33m–í–æ—Å—Ç–æ–∫:[0;37m –£ —é–∂–Ω–æ–π —Å—Ç–µ–Ω—ã
[1;31m[0;0m[0;33m–í–≤–µ—Ä—Ö:[0;37m –î–æ–∑–æ—Ä–Ω–∞—è –±–∞—à–Ω—è
[1;31m–û–ø—ã—Ç–Ω—ã–π –ª—É—á–Ω–∏–∫ —Å—Ç–æ–∏—Ç –∑–¥–µ—Å—å. 
[0;0m
[0;32m712H[0;37m [0;32m178M[0;37m 10000248–æ –ó–∞—É—á:0 26L 3284G –í—ã—Ö:–°–í^> ˇ˘–í—ã –ø–æ–ø–ª–µ–ª–∏—Å—å –Ω–∞ —Å–µ–≤–µ—Ä.
[1;36m–¢–æ—Ä–≥–æ–≤—ã–π —Å–ø—É—Å–∫ [35005][0;37m
   –° —Å–µ–≤–µ—Ä–æ-–∑–∞–ø–∞–¥–∞ –¥–æ–Ω–æ—Å–∏—Ç—Å—è —à—É–º —Ç–æ–ª–ø—ã. –ó–¥–µ—Å—å —é–∂–Ω–∞—è —É–ª–æ—á–∫–∞ –≤—ã—Ö–æ–¥–∏—Ç –Ω–∞ —Ç–æ—Ä–≥–æ–≤—ã–π
—Å–ø—É—Å–∫. –°–æ–±—Å—Ç–≤–µ–Ω–Ω–æ, –∑–¥–µ—Å—å –æ–Ω —É–∂–µ –∑–∞–∫–∞–Ω—á–∏–≤–∞–µ—Ç—Å—è. –ê —Å–∞–º —Ç–æ—Ä–≥ —Ç–∞–º - –¥–∞–ª—å—à–µ.
[0;36m[ Exits: s w ][0;37m
[1;33m[1;31m–ú–µ—Å—Ç–Ω—ã–π –∫—É–ø–µ—Ü —Å—Ç–µ–ø–µ–Ω–Ω–æ —à–∞–≥–∞–µ—Ç –º–∏–º–æ.
[0;0m
[0;32m712H[0;37m [0;32m177M[0;37m 10000248–æ –ó–∞—É—á:0 26L 3284G –í—ã—Ö:–Æ–ó> ˇ˘–í—ã –ø–æ—Å–º–æ—Ç—Ä–µ–ª–∏ –ø–æ —Å—Ç–æ—Ä–æ–Ω–∞–º.
[0;33m–Æ–≥:[0;37m –£ —é–≥–æ-–∑–∞–ø–∞–¥–Ω–æ–π –±–∞—à–Ω–∏
[1;31m[0;0m[0;33m–ó–∞–ø–∞–¥:[0;37m –¢–æ—Ä–≥–æ–≤—ã–π —Å–ø—É—Å–∫
[1;31m–ì–æ—Ä–æ–∂–∞–Ω–∫–∞ —Å—Ç–æ–∏—Ç –∑–¥–µ—Å—å. 
[0;0m
[0;32m712H[0;37m [0;32m177M[0;37m 10000248–æ –ó–∞—É—á:0 26L 3284G –í—ã—Ö:–Æ–ó> ˇ˘–í—ã –ø–æ–ø–ª–µ–ª–∏—Å—å –Ω–∞ –∑–∞–ø–∞–¥.
[1;36m–¢–æ—Ä–≥–æ–≤—ã–π —Å–ø—É—Å–∫ [35004][0;37m
   –í–¥–æ–ª—å –≥–æ—Ä–æ–¥—Å–∫–æ–≥–æ —á–∞—Å—Ç–æ–∫–æ–ª–∞ —Å—Ç–æ—è—Ç —Ç–æ—Ä–≥–æ–≤—ã–µ —Ä—è–¥—ã. –¢–æ—Ä–≥—É—é—Ç –≤—Å–µ–º - –æ—Ç –ø–µ–Ω—å–∫–æ–≤–æ–π
–≤–µ—Ä–µ–≤–∫–∏, –¥–æ –∑–∞–º–æ—Ä—Å–∫–∏—Ö —É–∫—Ä–∞—à–µ–Ω–∏–π. –ú–µ—Å—Ç–Ω—ã–µ –∫—É–ø—Ü—ã –≤–µ–∑—É—Ç –æ—Ç—Å—é–¥–∞ —Å–æ–ª—å, –∞ –Ω–∞–∑–∞–¥
–≤–æ–∑–≤—Ä–∞—â–∞—é—Ç—Å—è —Å –∑–∞–º–æ—Ä—Å–∫–∏–º–∏ —Ç–æ–≤–∞—Ä–∞–º–∏. –ó–∞—Å–º–æ—Ç—Ä–µ–≤—à–∏—Å—å, –í—ã —á—É—Ç—å –±—ã–ª–æ –Ω–µ –≤—Å—Ç—É–ø–∏–ª–∏ –≤
—Å–≤–µ–∂—É—é –∫—É—á—É, –æ—Å—Ç–∞–≤–ª–µ–Ω–Ω—É—é —á—å–∏–º-—Ç–æ –∫–æ–Ω–µ–º.
[0;36m[ Exits: n e ][0;37m
[1;33m[1;31m–ñ–µ–Ω—â–∏–Ω–∞ –≤ —Å–∞—Ä–∞—Ñ–∞–Ω–µ —Å –∫–æ—Ä–∑–∏–Ω–∫–æ–π –≤ —Ä—É–∫–∞—Ö —Å—Ç–æ–∏—Ç –∑–¥–µ—Å—å.
[0;0m
[0;32m712H[0;37m [0;32m176M[0;37m 10000248–æ –ó–∞—É—á:0 26L 3284G –í—ã—Ö:–°–í> ˇ˘–í—ã –ø–æ–ø–ª–µ–ª–∏—Å—å –Ω–∞ —Å–µ–≤–µ—Ä.
[1;36m–ü–µ—Ä–µ–¥ –∫—É–∑–Ω–µ–π [35006][0;37m
   –í–¥–æ–ª—å –≥–æ—Ä–æ–¥—Å–∫–æ–≥–æ —á–∞—Å—Ç–æ–∫–æ–ª–∞ —Å—Ç–æ—è—Ç —Ç–æ—Ä–≥–æ–≤—ã–µ —Ä—è–¥—ã. –¢–æ—Ä–≥—É—é—Ç –≤—Å–µ–º - –æ—Ç –ø–µ–Ω—å–∫–æ–≤–æ–π
–≤–µ—Ä–µ–≤–∫–∏, –¥–æ –∑–∞–º–æ—Ä—Å–∫–∏—Ö —É–∫—Ä–∞—à–µ–Ω–∏–π. –ú–µ—Å—Ç–Ω—ã–µ –∫—É–ø—Ü—ã –≤–µ–∑—É—Ç –æ—Ç—Å—é–¥–∞ —Å–æ–ª—å, –∞ –Ω–∞–∑–∞–¥
–≤–æ–∑–≤—Ä–∞—â–∞—é—Ç—Å—è —Å –∑–∞–º–æ—Ä—Å–∫–∏–º–∏ —Ç–æ–≤–∞—Ä–∞–º–∏. –ó–≤–æ–Ω–∫–∏–µ —É–¥–∞—Ä—ã –æ –Ω–∞–∫–æ–≤–∞–ª—å–Ω—é —Å–ª—ã—à–∞—Ç—Å—è –Ω–∞
–≤–æ—Å—Ç–æ–∫–µ. –£ —Å–∞–º–æ–≥–æ –≤—Ö–æ–¥–∞ —Å—Ç–æ–∏—Ç —Å—Ç–∞—Ä–∞—è –Ω–∞–∫–æ–≤–∞–ª—å–Ω—è.
[0;36m[ Exits: n e s ][0;37m
[1;33m[1;31m–ì–æ—Ä–æ–∂–∞–Ω–∏–Ω —Å –≥—É—Å—Ç–æ–π –±–æ—Ä–æ–¥–æ–π –∏–¥–µ—Ç –ø–æ —Å–≤–æ–∏–º –¥–µ–ª–∞–º.
[0;0m
[0;32m712H[0;37m [0;32m176M[0;37m 10000248–æ –ó–∞—É—á:0 26L 3284G –í—ã—Ö:–°–í–Æ> ˇ˘–í—ã –ø–æ—Å–º–æ—Ç—Ä–µ–ª–∏ –ø–æ —Å—Ç–æ—Ä–æ–Ω–∞–º.
[0;33m–°–µ–≤–µ—Ä:[0;37m –£ –∑–∞–ø–∞–¥–Ω–æ–π –±–∞—à–Ω–∏
[1;31m[0;0m[0;33m–í–æ—Å—Ç–æ–∫:[0;37m –ö—É–∑–Ω—è
[1;31m–ì–æ—Ä–æ–¥—Å–∫–æ–π —Å—Ç—Ä–∞–∂–Ω–∏–∫ —Å—Ç–æ–∏—Ç –∑–¥–µ—Å—å. 
–ë–æ—Ä–æ–¥–∞—Ç—ã–π –º—É–∂–∏–∫ —Å—Ç–æ–∏—Ç –∑–¥–µ—Å—å. 
–ü–æ–¥–º–∞—Å—Ç–µ—Ä—å–µ —Å—Ç–æ–∏—Ç –∑–¥–µ—Å—å. 
[0;0m[0;33m–Æ–≥:[0;37m –¢–æ—Ä–≥–æ–≤—ã–π —Å–ø—É—Å–∫
[1;31m–ì–æ—Ä–æ–∂–∞–Ω–∫–∞ —Å—Ç–æ–∏—Ç –∑–¥–µ—Å—å. 
[0;0m
[0;32m712H[0;37m [0;32m176M[0;37m 10000248–æ –ó–∞—É—á:0 26L 3284G –í—ã—Ö:–°–í–Æ> ˇ˘
–ì–æ—Ä–æ–∂–∞–Ω–∫–∞ –ø—Ä–∏—à–ª–∞ —Å —é–≥–∞.

[0;32m712H[0;37m [0;32m176M[0;37m 10000248–æ –ó–∞—É—á:0 26L 3284G –í—ã—Ö:–°–í–Æ> ˇ˘–í—ã –ø–æ–ø–ª–µ–ª–∏—Å—å –Ω–∞ —Å–µ–≤–µ—Ä.
[1;36m–£ –∑–∞–ø–∞–¥–Ω–æ–π –±–∞—à–Ω–∏ [35007][0;37m
   –î–æ–∑–æ—Ä–Ω–∞—è –±–∞—à–Ω—è –≤–æ–∑–≤—ã—à–∞–µ—Ç—Å—è –Ω–∞–¥ –í–∞–º–∏. –°–ª–æ–∂–µ–Ω–Ω–∞—è –∏–∑ —Ç–æ–ª—Å—Ç—ã—Ö –±—Ä–µ–≤–µ–Ω –∏ 
–≤–æ–∑–≤—ã—à–∞—é—â–∞—è—Å—è –Ω–∞ –Ω–µ—Å–∫–æ–ª—å–∫–æ –∫–æ—Å—ã—Ö —Å–∞–∂–µ–Ω–µ–π –Ω–∞–¥ –∑–µ–º–ª–µ–π. –ö—Ä–µ–ø–∫–æ–≥–æ –≤–∏–¥–∞ –ª–µ—Å—Ç–Ω–∏—Ü–∞,
—Å–¥–µ–ª–∞–Ω–Ω–∞—è –∏–∑ —Å–≤–µ–∂–µ—Å—Ä—É–±–ª–µ–Ω–Ω—ã—Ö —Å–æ—Å–µ–Ω –≤–µ–¥–µ—Ç –Ω–∞–≤–µ—Ä—Ö. –° —ç—Ç–æ–π –±–∞—à–Ω–∏, –∑–∞–æ–¥–Ω–æ,
—Ö–æ—Ä–æ—à–æ –≤–∏–¥–Ω–æ, —á—Ç–æ –ø—Ä–æ–∏—Å—Ö–æ–¥–∏—Ç –Ω–∞ —Ç–æ—Ä–≥—É. –í–æ–Ω –∏–∑ –±–∞—à–Ω–∏ –≤–∏–¥–µ–Ω —Å—Ç—Ä–∞–∂–Ω–∏–∫, —á–µ–π 
–Ω–∞–º–µ—Ç–∞–Ω–Ω—ã–π –≤–∑–≥–ª—è–¥, –ø–æ—Ö–æ–∂–µ, —É–∂–µ –ø—Ä–∏–º–µ—Ç–∏–ª –≤–æ—Ä–∏—à–∫—É, –∫–æ—Ç–æ—Ä—ã–π —Å–≤–∏—Å—Ç–Ω—É–ª —É –í–∞—Å
–∫–æ—à–µ–ª—å... –ß—Ç–æ? –î–æ —Å–∏—Ö –ø–æ—Ä –Ω–µ –∑–∞–º–µ—Ç–∏–ª–∏?  
[0;36m[ Exits: n e s u ][0;37m
[1;33m[1;31m[0;0m
[0;32m712H[0;37m [0;32m176M[0;37m 10000248–æ –ó–∞—É—á:0 26L 3284G –í—ã—Ö:–°–í–Æ^> ˇ˘–í—ã –ø–æ—Å–º–æ—Ç—Ä–µ–ª–∏ –ø–æ —Å—Ç–æ—Ä–æ–Ω–∞–º.
[0;33m–°–µ–≤–µ—Ä:[0;37m –¢–æ—Ä–≥–æ–≤—ã–π —Å–ø—É—Å–∫
[1;31m–ë–∞–∑–∞—Ä–Ω—ã–π –∑–∞–∑—ã–≤–∞–ª–∞ —Å—Ç–æ–∏—Ç –∑–¥–µ—Å—å. 
[0;0m[0;33m–í–æ—Å—Ç–æ–∫:[0;37m –ù–∞ —Ç–æ—Ä–≥–æ–≤–æ–π –ø–ª–æ—â–∞–¥–∏
[1;31m–ì–æ—Ä–æ–¥—Å–∫–æ–π —Å—Ç—Ä–∞–∂–Ω–∏–∫ —Å—Ç–æ–∏—Ç –∑–¥–µ—Å—å. 
[0;0m[0;33m–Æ–≥:[0;37m –ü–µ—Ä–µ–¥ –∫—É–∑–Ω–µ–π
[1;31m–ì–æ—Ä–æ–∂–∞–Ω–∫–∞ —Å—Ç–æ–∏—Ç –∑–¥–µ—Å—å. 
–ë–æ—Ä–æ–¥–∞—Ç—ã–π –º—É–∂–∏–∫ —Å—Ç–æ–∏—Ç –∑–¥–µ—Å—å. 
[0;0m[0;33m–í–≤–µ—Ä—Ö:[0;37m –î–æ–∑–æ—Ä–Ω–∞—è –±–∞—à–Ω—è
[1;31m–ì–æ—Ä–æ–∂–∞–Ω–∫–∞ —Å—Ç–æ–∏—Ç –∑–¥–µ—Å—å. 
–û–ø—ã—Ç–Ω—ã–π –ª—É—á–Ω–∏–∫ —Å—Ç–æ–∏—Ç –∑–¥–µ—Å—å. 
[0;0m
[0;32m712H[0;37m [0;32m177M[0;37m 10000248–æ –ó–∞—É—á:0 26L 3284G –í—ã—Ö:–°–í–Æ^> ˇ˘–í—ã –ø–æ–ø–ª–µ–ª–∏—Å—å –Ω–∞ —Å–µ–≤–µ—Ä.
[1;36m–¢–æ—Ä–≥–æ–≤—ã–π —Å–ø—É—Å–∫ [35008][0;37m
   –í–¥–æ–ª—å –≥–æ—Ä–æ–¥—Å–∫–æ–≥–æ —á–∞—Å—Ç–æ–∫–æ–ª–∞ —Å—Ç–æ—è—Ç —Ç–æ—Ä–≥–æ–≤—ã–µ —Ä—è–¥—ã. –¢–æ—Ä–≥—É—é—Ç –≤—Å–µ–º - –æ—Ç –ø–µ–Ω—å–∫–æ–≤–æ–π
–≤–µ—Ä–µ–≤–∫–∏, –¥–æ –∑–∞–º–æ—Ä—Å–∫–∏—Ö —É–∫—Ä–∞—à–µ–Ω–∏–π. –ú–µ—Å—Ç–Ω—ã–µ –∫—É–ø—Ü—ã –≤–µ–∑—É—Ç –æ—Ç—Å—é–¥–∞ —Å–æ–ª—å, –∞ –Ω–∞–∑–∞–¥
–≤–æ–∑–≤—Ä–∞—â–∞—é—Ç—Å—è —Å –∑–∞–º–æ—Ä—Å–∫–∏–º–∏ —Ç–æ–≤–∞—Ä–∞–º–∏. –ù–µ—Å–∫–æ–ª—å–∫–æ —Ç–µ–ª–µ–≥ –¥–∞–∂–µ –Ω–µ —Å—Ç–∞–ª–∏ —Ä–∞–∑–≥—Ä—É–∂–∞—Ç—å,
–ø—Ä–æ—Å—Ç–æ –ø–æ–¥–∫–∞—Ç–∏–ª–∏ –ø–æ–±–ª–∏–∂–µ –∫ –∑–∞–±–æ—Ä—É. –õ–æ–≤–∫–∏–π –º–∞–ª—å—á–∏—à–∫–∞ —Å–Ω—É–µ—Ç –º–µ–∂–¥—É —Ç–µ–ª–µ–≥–∞–º–∏ - 
–ø–æ–¥–∞–µ—Ç —Ç–æ–≤–∞—Ä —Ç–æ—Ä–≥–æ–≤—Ü—É, –∞ —É–∂ —Ç–æ—Ç —Å—Ç–∞—Ä–∞–µ—Ç—Å—è –≤–æ –≤—Å—é, –≤–æ—Ç —É–∂ –≥–¥–µ –≥–ª–æ—Ç–∫–∞ –ª—É–∂–µ–Ω–∞—è, 
—á–µ–≥–æ –∂ —Ç–∞–∫ –æ—Ä–∞—Ç—å-—Ç–æ?
[0;36m[ Exits: n e s ][0;37m
[1;33m[1;31m–ë–∞–∑–∞—Ä–Ω—ã–π –∑–∞–∑—ã–≤–∞–ª–∞ –Ω–∞–¥—Ä—ã–≤–∞–µ—Ç –∑–¥–µ—Å—å –≥–ª–æ—Ç–∫—É, –ø—ã—Ç–∞—è—Å—å –∑–∞–≤–ª–µ—á—å –ø–æ–∫—É–ø–∞—Ç–µ–ª–µ–π.
[0;0m
[0;32m712H[0;37m [0;32m176M[0;37m 10000248–æ –ó–∞—É—á:0 26L 3284G –í—ã—Ö:–°–í–Æ> ˇ˘–í—ã –ø–æ—Å–º–æ—Ç—Ä–µ–ª–∏ –ø–æ —Å—Ç–æ—Ä–æ–Ω–∞–º.
[0;33m–°–µ–≤–µ—Ä:[0;37m –õ–µ–∂–Ω—è
[1;31m–•–æ–∑—è–∏–Ω –ª–µ–∂–Ω–∏ —Å—Ç–æ–∏—Ç –∑–¥–µ—Å—å. 
[0;0m[0;33m–í–æ—Å—Ç–æ–∫:[0;37m –¢–æ—Ä–≥–æ–≤—ã–π —Å–ø—É—Å–∫
[1;31m[0;0m[0;33m–Æ–≥:[0;37m –£ –∑–∞–ø–∞–¥–Ω–æ–π –±–∞—à–Ω–∏
[1;31m[0;0m
[0;32m712H[0;37m [0;32m176M[0;37m 10000248–æ –ó–∞—É—á:0 26L 3284G –í—ã—Ö:–°–í–Æ> ˇ˘–í—ã –ø–æ–ø–ª–µ–ª–∏—Å—å –Ω–∞ —Å–µ–≤–µ—Ä.
[1;36m–õ–µ–∂–Ω—è [35089][0;37m
   –•–æ–ª–æ–¥–Ω—ã–π –∫–∞–º–µ–Ω–Ω—ã–π –¥–æ–º —Å –æ–∫–æ–≤–∞–Ω–Ω–æ–π –∂–µ–ª–µ–∑–æ–º –¥–≤–µ—Ä—å—é, –≤ –∏ –±–µ–∑ —Ç–æ–≥–æ
–º–∞–ª–µ–Ω—å–∫–∏—Ö –æ–∫–Ω–∞—Ö –≤—Å—Ç–∞–≤–ª–µ–Ω—ã –¥–æ —Ç–æ–≥–æ —Ç–æ–ª—Å—Ç—ã–µ –ø—Ä—É—Ç—å—è, —á—Ç–æ –ª—É—á–∏–∫–∏ —Å–≤–µ—Ç–∞
–µ–¥–≤–∞ –ø—Ä–æ—Ö–æ–¥—è—Ç —Å–∫–≤–æ–∑—å –Ω–∏—Ö. –°—É–Ω–¥—É–∫–æ–≤, –≥–¥–µ —Ö–æ–∑—è–∏–Ω —Ö—Ä–∞–Ω–∏—Ç –¥–µ–Ω—å–≥–∏, –Ω–µ –∑–∞–º–µ—Ç–Ω–æ.
–û–Ω–æ –∏ –≤–µ—Ä–Ω–æ, –∫–∞–∫–æ–π –∂–µ –¥—É—Ä–∞–∫ –±—É–¥–µ—Ç —Ö—Ä–∞–Ω–∏—Ç—å –±–æ–≥–∞—Ç—Å—Ç–≤–∞ –Ω–∞ –≤–∏–¥–Ω–æ–º –º–µ—Å—Ç–µ.
[0;36m[ Exits: s ][0;37m
[1;33m–í–∞—à –ø–æ—Ö–æ–¥–Ω—ã–π —Å—É–Ω–¥—É—á–æ–∫ —Å—Ç–æ–∏—Ç –∑–¥–µ—Å—å.
[1;31m–¢–æ—â–∏–π —Ö–æ–∑—è–∏–Ω –ª–µ–∂–Ω–∏ –∂–∞–¥–Ω–æ –ø–æ—Ç–∏—Ä–∞–µ—Ç —Ä—É–∫–∏ –ø—Ä–∏ –≤–∏–¥–µ –í–∞—Å.
[0;0m
[0;32m712H[0;37m [0;32m176M[0;37m 10000248–æ –ó–∞—É—á:0 26L 3284G –í—ã—Ö:–Æ> ˇ˘[1;37m–í—ã –ø–µ—Ä–µ–≤–µ–ª–∏ 10000 –∫—É–Ω –ì–µ–Ω–æ–¥—É[0;37m.

[0;32m712H[0;37m [0;32m178M[0;37m 10000248–æ –ó–∞—É—á:0 26L 3284G –í—ã—Ö:–Æ> ˇ˘
[0;32m712H[0;37m [0;32m178M[0;37m 10000248–æ –ó–∞—É—á:0 26L 3284G –í—ã—Ö:–Æ> ˇ˘–ù–∞ –≤–∞—Å –Ω–∞–¥–µ—Ç–æ:
 –í—ã –≥–æ–ª—ã, –∞–∫–∏ —Å–æ–∫–æ–ª.

[0;32m712H[0;37m [0;32m180M[0;37m 10000248–æ –ó–∞—É—á:0 26L 3284G –í—ã—Ö:–Æ> ˇ˘–ê—Ñ—Ñ–µ–∫—Ç—ã: [1;33m–Ω–∏—á–µ–≥–æ[0;37m

[0;32m712H[0;37m [0;32m180M[0;37m 10000248–æ –ó–∞—É—á:0 26L 3284G –í—ã—Ö:–Æ> ˇ˘–î–æ —Å–≤–∏–¥–∞–Ω–∏—è, —Å—Ç—Ä–∞–Ω–Ω–∏–∫... –ú—ã –∂–¥–µ–º —Ç–µ–±—è —Å–Ω–æ–≤–∞!

0) –û—Ç—Å–æ–µ–¥–∏–Ω–∏—Ç—å—Å—è.
1) –ù–∞—á–∞—Ç—å –∏–≥—Ä—É.
2) –í–≤–µ—Å—Ç–∏ –æ–ø–∏—Å–∞–Ω–∏–µ –≤–∞—à–µ–≥–æ –ø–µ—Ä—Å–æ–Ω–∞–∂–∞.
3) –£–∑–Ω–∞—Ç—å –∏—Å—Ç–æ—Ä–∏—é.
4) –ò–∑–º–µ–Ω–∏—Ç—å –ø–∞—Ä–æ–ª—å.
5) –£–¥–∞–ª–∏—Ç—å –ø–µ—Ä—Å–æ–Ω–∞–∂–∞.
6) –ò–∑–º–µ–Ω–∏—Ç—å –ø–∞—Ä–∞–º–µ—Ç—Ä—ã –ø–µ—Ä—Å–æ–Ω–∞–∂–∞.
7) –í–∫–ª—é—á–∏—Ç—å/–≤—ã–∫–ª—é—á–∏—Ç—å —Ä–µ–∂–∏–º —Å–ª–µ–ø–æ–≥–æ –∏–≥—Ä–æ–∫–∞.
8) –ü–æ—Å–º–æ—Ç—Ä–µ—Ç—å –≤—Å–µ—Ö –ø–µ—Ä—Å–æ–Ω–∞–∂–µ–π –Ω–∞ –¥–∞–Ω–Ω–æ–º email'e.

   –ß–µ–≥–æ –≤–∞—à–∞ –¥—É—à–∞ –∂–µ–ª–∞–µ—Ç? ˇ˘
–î–æ –≤—Å—Ç—Ä–µ—á–∏ –Ω–∞ –∑–µ–º–ª–µ –ö–∏–µ–≤—Å–∫–æ–π.
ˇ˘