ˇ˚Eˇ˚Vˇ˚U
Online: 136

Using keytable
  0) Koi-8
  1) Alt
  2) Windows(JMC,MMC)
  3) Windows(zMUD)
  4) Windows(zMUD 'z')
  5) UTF-8
  6) Windows(zMUD <6.39)
  9) TECT...
Select one :     
 -----------------------------------------------------------------------------                   
          Based On CircleMUD v3.0   Created by Jeremy Elson,   
          DikuMUD Gamma 0.0  by Sebastian Hammer, Michael Seifert, 
          Hans Henrik Staerfeldt, Tom Madsen, Katja Nyboe
 _____________________________________________________________________________

    #######
    ##    
    ##        ####    ####      ####  ####  ####  ####  ####  ####    ####
    #######    ######  ##     ## ##    ##  ####    ##    ##    ######  ##
    ##    ##   ##   ## ##    ##  ##    ####  ##    ########    ##   ## ##
    ##    ##   ##   ## ##    ##  ##    ###   ##    ##    ##    ##   ## ##
    #######   ####### ####  ###  ###  ####  ####  ####  ####  ####### ####

                   –ü–û –ü–†–ï–î–ê–ù–ò–Ø–ú –†–£–°–°–ö–ò–• –ù–ê–†–û–î–ù–´–• –°–ö–ê–ó–û–ö –ò –ë–´–õ–ò–ù.

             –ü–æ –∞–¥–º–∏–Ω–∏—Å—Ç—Ä–∞—Ç–∏–≤–Ω—ã–º –≤–æ–ø—Ä–æ—Å–∞–º –º–æ–∂–µ—Ç–µ —Å–≤—è–∑–∞—Ç—å—Å—è —Å –°—Ç—Ä–∏–±–æ–≥–æ–º
                	     e-mail: stribog@bylins.su

                       –ü–æ—Å–µ—Ç–∏—Ç–µ –Ω–∞—à —Å–∞–π—Ç: www.bylins.su
    –î–ª—è –±–æ–ª–µ–µ –ø–æ–¥—Ä–æ–±–Ω–æ–π –∏–≥—Ä–æ–≤–æ–π –∏–Ω—Ñ–æ—Ä–º–∞—Ü–∏–∏ –ø–æ—Å–µ—Ç–∏—Ç–µ www.bylins.su/?newbies

–í–≤–µ–¥–∏—Ç–µ –∏–º—è –ø–µ—Ä—Å–æ–Ω–∞–∂–∞ (–∏–ª–∏ "–Ω–æ–≤—ã–π" –¥–ª—è —Å–æ–∑–¥–∞–Ω–∏—è –Ω–æ–≤–æ–≥–æ): –ü–µ—Ä—Å–æ–Ω–∞–∂ —Å —Ç–∞–∫–∏–º –∏–º–µ–Ω–µ–º —É–∂–µ —Å—É—â–µ—Å—Ç–≤—É–µ—Ç. –í–≤–µ–¥–∏—Ç–µ –ø–∞—Ä–æ–ª—å : ˇ˘
–ü–µ—Ä–µ—Å–æ–µ–¥–∏–Ω—è–µ–º—Å—è.

[0;32m441H[0;37m [0;32m138M[0;37m 199166–æ –ó–∞—É—á:0 –í—ã—Ö:> ˇ˘
[1;31m–ú–∏–Ω—É–ª —á–∞—Å.[0;37m

[0;32m441H[0;37m [0;32m138M[0;37m 199166–æ –ó–∞—É—á:0 –í—ã—Ö:> ˇ˘–í–∞—Å —Å–∏–ª—å–Ω–æ –º—É—á–∞–µ—Ç –∂–∞–∂–¥–∞.
–≠—Ç–∞ –∫–æ–º–∞–Ω–¥–∞ –Ω–µ–¥–æ—Å—Ç—É–ø–Ω–∞ –≤ —ç—Ç–æ–º –º–µ—Å—Ç–µ!

[0;32m441H[0;37m [0;32m138M[0;37m 199166–æ –ó–∞—É—á:0 –í—ã—Ö:–ó> ˇ˘–ß–∞–≤–æ?

[0;32m441H[0;37m [0;32m138M[0;37m 199166–æ –ó–∞—É—á:0 –í—ã—Ö:–ó> ˇ˘–í—ã –Ω–µ –∑–Ω–∞–µ—Ç–µ –∫–∞–∫.

[0;32m441H[0;37m [0;32m138M[0;37m 199166–æ –ó–∞—É—á:0 –í—ã—Ö:–ó> ˇ˘–í—ã –ø–æ–ø–ª–µ–ª–∏—Å—å –Ω–∞ –∑–∞–ø–∞–¥.
[1;36m–¢–æ—Ä–≥–æ–≤–∞—è –ø–ª–æ—â–∞–¥—å [6035][0;37m
   –í —Ü–µ–Ω—Ç—Ä–µ –ø–ª–æ—â–∞–¥–∏ —Å—Ç–æ–∏—Ç –Ω–µ–±–æ–ª—å—à–æ–π –∫–æ–ª–æ–¥–µ—Ü. –û–≥–ª—è–¥–µ–≤—à–∏—Å—å, –≤—ã –≤–∏–¥–∏—Ç–µ
—Ä–∞—Å–ø–æ–ª–æ–∂–µ–Ω–Ω—ã–µ –≤–æ–∫—Ä—É–≥ –≤–∞—Å –∑–¥–∞–Ω–∏—è. –ù–µ–¥–∞—Ä–æ–º —Ç—É—Ç —Ç–∞–∫ –º–Ω–æ–≥–æ –ª—é–¥–µ–π - –Ω–∞ –º–Ω–æ–≥–æ
–≤–µ—Ä—Å—Ç –≤–æ–∫—Ä—É–≥ –Ω–µ –Ω–∞–π–¥–µ—à—å —Ç–∞–∫–æ–π –±–æ–ª—å—à–æ–π –¥–µ—Ä–µ–≤–Ω–∏.
[0;36m[ Exits: n e s w ][0;37m
[1;33m–ö–æ–ª–æ–¥–µ—Ü –≤—ã–∫–æ–ø–∞–Ω –∑–¥–µ—Å—å.
[1;31m–°–µ–ª—è–Ω–∏–Ω –∏–¥–µ—Ç —Å –ø–æ–ª—è –¥–æ–º–æ–π.
–°–µ–ª—è–Ω–∏–Ω –∏–¥–µ—Ç —Å –ø–æ–ª—è –¥–æ–º–æ–π.
–ë–∞–∑–∞—Ä–Ω—ã–π –∑–∞–∑—ã–≤–∞–ª–∞ —Å—Ç–æ–∏—Ç –∑–¥–µ—Å—å, –∑—ã—á–Ω—ã–º –≥–æ–ª–æ—Å–æ–º —Ä–∞—Å—Ö–≤–∞–ª–∏–≤–∞—è –≤—ã—Å—Ç–∞–≤–ª–µ–Ω–Ω—ã–π —Ç–æ–≤–∞—Ä.
[0;0m
[0;32m441H[0;37m [0;32m137M[0;37m 199166–æ –ó–∞—É—á:0 –í—ã—Ö:–°–í–Æ–ó> ˇ˘–í—ã –ø–æ–ø–ª–µ–ª–∏—Å—å –Ω–∞ —é–≥.
[1;36m–¢–æ—Ä–≥–æ–≤–∞—è —Å–ª–æ–±–æ–¥–∞ [6036][0;37m
   –í—ã –∏–¥–µ—Ç–µ –ø–æ –æ–∂–∏–≤–ª–µ–Ω–Ω–æ–π –¥–æ—Ä–æ–≥–µ. –í–æ–∫—Ä—É–≥ –≤–∞—Å –º–∞—Å—Å–∞ –Ω–∞—Ä–æ–¥—É, —Å–ª—ã—à–Ω—ã –∫—Ä–∏–∫–∏
–∑–∞–∑—ã–≤–∞–ª –∏ —Ç–æ—Ä–≥–æ–≤–æ–∫. –°–µ–≤–µ—Ä–Ω–µ–µ –≤—ã –≤–∏–¥–∏—Ç–µ –Ω–µ–±–æ–ª—å—à–æ–π –∫–æ–ª–æ–¥–µ—Ü, –≤—ã—Ä—ã—Ç—ã–π –ø–æ—Å–µ—Ä–µ–¥–∫–µ
–ø–ª–æ—â–∞–¥–∏. –í–¥–æ–ª—å —Å—Ç–µ–Ω –¥–æ–º–æ–≤ —Å—Ç–æ—è—Ç —Ç–æ—Ä–≥–æ–≤—Ü—ã —Å —Ç–æ—Ä–≥–æ–≤—ã–º–∏ –ª–∞–≤–∫–∞–º–∏ –ø—Ä–µ–¥–ª–∞–≥–∞—è –≤–∞–º
—Å–≤–æ–π —Ç–æ–≤–∞—Ä.
[0;36m[ Exits: n s ][0;37m
[1;33m[1;31m–ú–æ–ª–æ–¥–∞—è —Å–µ–ª—è–Ω–∫–∞ —Ä–∞–∑–≥—É–ª–∏–≤–∞–µ—Ç –ø–æ —É–ª–∏—Ü–∞–º.
[0;0m
[0;32m441H[0;37m [0;32m136M[0;37m 199166–æ –ó–∞—É—á:0 –í—ã—Ö:–°–Æ> ˇ˘–í—ã –ø–æ–ø–ª–µ–ª–∏—Å—å –Ω–∞ —é–≥.
[1;36m–û–∂–∏–≤–ª–µ–Ω–Ω—ã–π –ø–µ—Ä–µ–∫—Ä–µ—Å—Ç–æ–∫  [6034][0;37m
   –í—ã –≤—ã—à–ª–∏ –Ω–∞ –ø–µ—Ä–µ–∫—Ä–µ—Å—Ç–æ–∫ –¥–≤—É—Ö —É–ª–∏—Ü, —è–≤–Ω–æ –ø–æ–ª—å–∑—É—é—â–∏—Ö—Å—è –ø–æ–ø—É–ª—è—Ä–Ω–æ—Å—Ç—å—é –ø–æ
–≤–∏–¥—É –º–∞—Å—Å—ã –Ω–∞—Ä–æ–¥–∞, —Å–Ω—É—é—â–µ–π –≤ —Ä–∞–∑–Ω—ã–µ —Å—Ç–æ—Ä–æ–Ω—ã. –û–∫–æ–ª–æ —Å—Ç–µ–Ω—ã —Å—Ç–æ—è—Ç —Ç–æ—Ä–≥–æ–≤—Ü—ã
—Å –ø—Ä–∏–ª–∞–≤–∫–∞–º–∏. –ò–∑ —Ç—Ä—É–±—ã –∑–¥–∞–Ω–∏—è –Ω–∞ —é–≥–µ –≤–∞–ª–∏—Ç –¥—ã–º.
[0;36m[ Exits: n e s w ][0;37m
[1;33m[1;31m–ú–æ–ª–æ–¥–∞—è —Å–µ–ª—è–Ω–∫–∞ —Ä–∞–∑–≥—É–ª–∏–≤–∞–µ—Ç –ø–æ —É–ª–∏—Ü–∞–º.
–ú–∞–ª—å—á–∏–∫ –∏–¥–µ—Ç –ø–æ —É–ª–∏—Ü–µ.
–°—Ç—Ä–æ–π–Ω—ã–π –º–æ–ª–æ–¥–æ–π –æ—Ö–æ—Ç–Ω–∏–∫-—Å–ª–µ–¥–æ–ø—ã—Ç –ø—Ä–æ—Ö–æ–¥–∏—Ç –∑–¥–µ—Å—å.
[0;0m
[0;32m441H[0;37m [0;32m136M[0;37m 199166–æ –ó–∞—É—á:0 –í—ã—Ö:–°–í–Æ–ó> ˇ˘–í—ã –ø–æ–ø–ª–µ–ª–∏—Å—å –Ω–∞ –≤–æ—Å—Ç–æ–∫.
[1;36m–ì–ª–∞–≤–Ω–∞—è —É–ª–∏—Ü–∞ [6017][0;37m
   –í—ã –∏–¥–µ—Ç–µ –ø–æ —à–∏—Ä–æ–∫–æ–π, —á–∏—Å—Ç–æ–π —É–ª–∏—Ü–µ, –≤–µ–¥—É—â–µ–π –∫ —Ç–æ—Ä–≥–æ–≤–æ–π –ø–ª–æ—â–∞–¥–∏.
–ñ–∏—Ç–µ–ª–∏, –ø—Ä–æ—Ö–æ–¥—è—â–∏–µ –º–∏–º–æ, –Ω–µ –æ–±—Ä–∞—â–∞—é—Ç –Ω–∞ –≤–∞—Å –Ω–∏–∫–∞–∫–æ–≥–æ –≤–Ω–∏–º–∞–Ω–∏—è.
–í–∏–¥–Ω–æ, —Ç–∞–∫–∏–µ –∫–∞–∫ –≤—ã, –∑–∞–µ–∑–∂–∞—é—Ç —Å—é–¥–∞ –¥–æ–≤–æ–ª—å–Ω–æ —á–∞—Å—Ç–æ. –Æ–∂–Ω–µ–µ –≤–∏–¥–µ–Ω
–¥–æ–º —Å—Ç–∞—Ä–æ—Å—Ç—ã.
[0;36m[ Exits: e s w ][0;37m
[1;33m[1;31m–û–±–ª–µ–∑–ª—ã–π –ø–µ—Å –ø–æ–Ω—É—Ä–æ –±—Ä–µ–¥–µ—Ç –∑–¥–µ—Å—å.
[0;0m
[0;32m441H[0;37m [0;32m136M[0;37m 199166–æ –ó–∞—É—á:0 –í—ã—Ö:–í–Æ–ó> ˇ˘
–ú–æ–ª–æ–¥–∞—è —Å–µ–ª—è–Ω–∫–∞ –ø—Ä–∏—à–ª–∞ —Å –∑–∞–ø–∞–¥–∞.

[0;32m441H[0;37m [0;32m136M[0;37m 199166–æ –ó–∞—É—á:0 –í—ã—Ö:–í–Æ–ó> ˇ˘–í—ã –ø–æ–ø–ª–µ–ª–∏—Å—å –Ω–∞ –≤–æ—Å—Ç–æ–∫.
[1;36m–ì–ª–∞–≤–Ω–∞—è —É–ª–∏—Ü–∞ [6016][0;37m
   –í—ã –∏–¥–µ—Ç–µ –ø–æ —à–∏—Ä–æ–∫–æ–π, —á–∏—Å—Ç–æ–π —É–ª–∏—Ü–µ, –≤–µ–¥—É—â–µ–π –∫ —Ç–æ—Ä–≥–æ–≤–æ–π –ø–ª–æ—â–∞–¥–∏. –ñ–∏—Ç–µ–ª–∏,
–ø—Ä–æ—Ö–æ–¥—è—â–∏–µ –º–∏–º–æ –≤–∞—Å, –Ω–µ –æ–±—Ä–∞—â–∞—é—Ç –Ω–∞ –≤–∞—Å –Ω–∏–∫–∞–∫–æ–≥–æ –≤–Ω–∏–º–∞–Ω–∏—è. –í–∏–¥–Ω–æ, —Ç–∞–∫–∏–µ
–∫–∞–∫ –≤—ã, –∑–∞–µ–∑–∂–∞—é—Ç —Å—é–¥–∞ –¥–æ–≤–æ–ª—å–Ω–æ —á–∞—Å—Ç–æ. –ù–∞ —Å–µ–≤–µ—Ä–µ –æ—Ç –≤–∞—Å —Ä–∞—Å–ø–æ–ª–æ–∂–µ–Ω–∞
–Ω–µ–±–æ–ª—å—à–∞—è —Ü–µ—Ä–∫–≤—É—à–∫–∞.
[0;36m[ Exits: n e w ][0;37m
[1;33m[1;31m[0;0m
[0;32m441H[0;37m [0;32m135M[0;37m 199166–æ –ó–∞—É—á:0 –í—ã—Ö:–°–í–ó> ˇ˘–í—ã –ø–æ–ø–ª–µ–ª–∏—Å—å –Ω–∞ –≤–æ—Å—Ç–æ–∫.
[1;36m–¶–µ–Ω—Ç—Ä–∞–ª—å–Ω–∞—è —É–ª–∏—Ü–∞ [6008][0;37m
   –í—ã –∑–∞–º–µ—Ç–∏–ª–∏, —á—Ç–æ –Ω–∞ —é–≥ –æ—Ç—Ö–æ–¥–∏—Ç –≥—Ä—è–∑–Ω—ã–π –ø—Ä–æ—É–ª–æ–∫, –æ—Ç–∫—É–¥–∞ –¥–æ–ª–µ—Ç–∞—é—Ç
—Ç–æ—à–Ω–æ—Ç–≤–æ—Ä–Ω—ã–µ –∑–∞–ø–∞—Ö–∏. –¶–µ–Ω—Ç—Ä–∞–ª—å–Ω–∞—è –∂–µ —É–ª–∏—Ü–∞ –ø—Ä–æ–¥–æ–ª–∂–∞–µ—Ç—Å—è –¥–∞–ª—å—à–µ –Ω–∞ –≤–æ—Å—Ç–æ–∫
–∏ –∑–∞–ø–∞–¥.
[0;36m[ Exits: e s w ][0;37m
[1;33m[1;31m–ó—Ä–µ–ª—ã–π –º—É–∂–∏–∫ —Å –∑–æ—Ä–∫–∏–º–∏ –≥–ª–∞–∑–∞–º–∏ —Ö–æ–¥–∏—Ç –ø–æ —É–ª–∏—Ü–µ.
–°–µ–ª—è–Ω–∏–Ω –∏–¥–µ—Ç —Å –ø–æ–ª—è –¥–æ–º–æ–π.
[0;0m
[0;32m441H[0;37m [0;32m134M[0;37m 199166–æ –ó–∞—É—á:0 –í—ã—Ö:–í–Æ–ó> ˇ˘–í—ã –ø–æ–ø–ª–µ–ª–∏—Å—å –Ω–∞ –≤–æ—Å—Ç–æ–∫.
[1;36m–¶–µ–Ω—Ç—Ä–∞–ª—å–Ω–∞—è —É–ª–∏—Ü–∞ [6007][0;37m
   –í—ã –∏–¥–µ—Ç–µ –ø–æ —à–∏—Ä–æ–∫–æ–π, —á–∏—Å—Ç–æ–π —É–ª–∏—Ü–µ, –≤–µ–¥—É—â–µ–π –∫ —Ç–æ—Ä–≥–æ–≤–æ–π –ø–ª–æ—â–∞–¥–∏. –ñ–∏—Ç–µ–ª–∏,
–ø—Ä–æ—Ö–æ–¥—è—â–∏–µ –º–∏–º–æ –≤–∞—Å, –Ω–µ –æ–±—Ä–∞—â–∞—é—Ç –Ω–∞ –≤–∞—Å –Ω–∏–∫–∞–∫–æ–≥–æ –≤–Ω–∏–º–∞–Ω–∏—è. –í–∏–¥–Ω–æ, —Ç–∞–∫–∏–µ
–∫–∞–∫ –≤—ã, –∑–∞–µ–∑–∂–∞—é—Ç —Å—é–¥–∞ –¥–æ–≤–æ–ª—å–Ω–æ —á–∞—Å—Ç–æ.
[0;36m[ Exits: e w ][0;37m
[1;33m[1;31m–ú–∞–ª—å—á–∏–∫ –∏–¥–µ—Ç –ø–æ —É–ª–∏—Ü–µ.
–ú–æ–ª–æ–¥–æ–π –æ—Ö—Ä–∞–Ω–Ω–∏–∫ —Å –∫–æ–ø–Ω–æ–π —á–µ—Ä–Ω—ã—Ö –≤–æ–ª–æ—Å —Å—Ç–æ–∏—Ç –∑–¥–µ—Å—å.
[0;0m
[0;32m441H[0;37m [0;32m135M[0;37m 199166–æ –ó–∞—É—á:0 –í—ã—Ö:–í–ó> ˇ˘–í—ã –ø–æ–ø–ª–µ–ª–∏—Å—å –Ω–∞ –≤–æ—Å—Ç–æ–∫.
[1;36m–¶–µ–Ω—Ç—Ä–∞–ª—å–Ω—ã–π –ø–µ—Ä–µ–∫—Ä–µ—Å—Ç–æ–∫ [6003][0;37m
   –û—Å–º–æ—Ç—Ä–µ–≤—à–∏—Å—å –ø–æ —Å—Ç–æ—Ä–æ–Ω–∞–º, –≤—ã –∑–∞–º–µ—Ç–∏–ª–∏, —á—Ç–æ —É–ª–∏—Ü–∞ —Ä–∞–∑–¥–µ–ª—è–µ—Ç—Å—è –Ω–∞ –¥–≤–∞
–Ω–∞–ø—Ä–∞–≤–ª–µ–Ω–∏—è. –ù–∞ –≤–æ—Å—Ç–æ–∫–µ –≤–∏–¥–Ω–µ–µ—Ç—Å—è –¥–æ–±—Ä–æ—Ç–Ω—ã–π –¥–æ–º, –Ω–∞ –∑–∞–ø–∞–¥ –∂–µ —É–ª–∏—Ü–∞ –≤–µ–¥–µ—Ç
–∫ —Ç–æ—Ä–≥–æ–≤–æ–π —É–ª–∏—Ü–µ. –ü—Ä—è–º–æ –ø–µ—Ä–µ–¥ –≤–∞–º–∏ –Ω–∞ —é–≥–µ —Å—Ç–æ–∏—Ç –∫—Ä–∞—Å–∏–≤—ã–π –¥–æ–º —Å –º–∞—Å—Å–∏–≤–Ω–æ–π
–¥–≤–µ—Ä—å—é.
[0;36m[ Exits: n e s w ][0;37m
[1;33m–ù–µ–º–Ω–æ–≥–æ –æ—Ç—Ä—É–±–µ–π –ø—Ä–æ—Å—ã–ø–∞–Ω–æ –∑–¥–µ—Å—å.
[1;31m[0;0m
[0;32m441H[0;37m [0;32m135M[0;37m 199166–æ –ó–∞—É—á:0 –í—ã—Ö:–°–í–Æ–ó> ˇ˘–í—ã –ø–æ–ø–ª–µ–ª–∏—Å—å –Ω–∞ —é–≥.
[1;36m–ì—Ä–∏–¥–Ω—è [6004][0;37m
   –í–æ–π–¥—è –≤ –¥–æ–º, –≤—ã –∑–∞–º–µ—Ç–∏–ª–∏, —á—Ç–æ –æ–Ω –≤—ã–≥–ª—è–¥–∏—Ç –ª—É—á—à–µ, —á–µ–º –≤—Å–µ –¥—Ä—É–≥–∏–µ. –û–∫–æ–ª–æ
—Å—Ç–µ–Ω—ã —Å—Ç–æ–∏—Ç –±–æ–ª—å—à–∞—è –ª–µ–∂–∞–Ω–∫–∞, –≤ —É–≥–ª—É –∞–∫–∫—É—Ä–∞—Ç–Ω–æ —Å–ª–æ–∂–µ–Ω –æ—á–∞–≥ –∏–∑ –æ–±–æ–∂–µ–Ω–Ω–æ–π
–≥–ª–∏–Ω—ã. –í–¥–æ–ª—å —Å—Ç–µ–Ω—ã —Å—Ç–æ–∏—Ç –¥–æ–±—Ä–æ—Ç–Ω—ã–π –º–∞—Å—Å–∏–≤–Ω—ã–π —à–∫–∞—Ñ.
[0;36m[ Exits: n ][0;37m
[1;33m–í–∞—à –ø–æ—Ö–æ–¥–Ω—ã–π —Å—É–Ω–¥—É—á–æ–∫ —Å—Ç–æ–∏—Ç –∑–¥–µ—Å—å.
[1;31m–ó—Ä–µ–ª–∞—è –∂–µ–Ω—â–∏–Ω–∞ –ø—Ä–∏—Å–µ–ª–∞ –Ω–∞ –ª–µ–∂–∞–Ω–∫—É –æ—Ç–¥–æ—Ö–Ω—É—Ç—å.
[0;0m
[0;32m441H[0;37m [0;32m135M[0;37m 199166–æ –ó–∞—É—á:0 –í—ã—Ö:–°> ˇ˘–í—ã –ø–æ–ø–ª–µ–ª–∏—Å—å –Ω–∞ —Å–µ–≤–µ—Ä.
[1;36m–¶–µ–Ω—Ç—Ä–∞–ª—å–Ω—ã–π –ø–µ—Ä–µ–∫—Ä–µ—Å—Ç–æ–∫ [6003][0;37m
   –û—Å–º–æ—Ç—Ä–µ–≤—à–∏—Å—å –ø–æ —Å—Ç–æ—Ä–æ–Ω–∞–º, –≤—ã –∑–∞–º–µ—Ç–∏–ª–∏, —á—Ç–æ —É–ª–∏—Ü–∞ —Ä–∞–∑–¥–µ–ª—è–µ—Ç—Å—è –Ω–∞ –¥–≤–∞
–Ω–∞–ø—Ä–∞–≤–ª–µ–Ω–∏—è. –ù–∞ –≤–æ—Å—Ç–æ–∫–µ –≤–∏–¥–Ω–µ–µ—Ç—Å—è –¥–æ–±—Ä–æ—Ç–Ω—ã–π –¥–æ–º, –Ω–∞ –∑–∞–ø–∞–¥ –∂–µ —É–ª–∏—Ü–∞ –≤–µ–¥–µ—Ç
–∫ —Ç–æ—Ä–≥–æ–≤–æ–π —É–ª–∏—Ü–µ. –ü—Ä—è–º–æ –ø–µ—Ä–µ–¥ –≤–∞–º–∏ –Ω–∞ —é–≥–µ —Å—Ç–æ–∏—Ç –∫—Ä–∞—Å–∏–≤—ã–π –¥–æ–º —Å –º–∞—Å—Å–∏–≤–Ω–æ–π
–¥–≤–µ—Ä—å—é.
[0;36m[ Exits: n e s w ][0;37m
[1;33m–ù–µ–º–Ω–æ–≥–æ –æ—Ç—Ä—É–±–µ–π –ø—Ä–æ—Å—ã–ø–∞–Ω–æ –∑–¥–µ—Å—å.
[1;31m[0;0m
[0;32m441H[0;37m [0;32m136M[0;37m 199166–æ –ó–∞—É—á:0 –í—ã—Ö:–°–í–Æ–ó> ˇ˘
[1;33m–ë–∞–∑–∞—Ä : –Ω–æ–≤—ã–π –ª–æ—Ç (259) - –∑–∞–ø–∏—Å–∫–∏ —Ö–æ–¥–æ–∫–∞ –∑–∞ —Ç—Ä–∏ –º–æ—Ä—è - —Ü–µ–Ω–∞ 30000 –∫—É–Ω. 

[0;0m
[0;32m441H[0;37m [0;32m136M[0;37m 199166–æ –ó–∞—É—á:0 –í—ã—Ö:–°–í–Æ–ó> ˇ˘–í—ã –ø–æ–ø–ª–µ–ª–∏—Å—å –Ω–∞ –≤–æ—Å—Ç–æ–∫.
[1;36m–ù–µ–±–æ–ª—å—à–∞—è —É–ª–æ—á–∫–∞ [6002][0;37m
   –í—ã –∏–¥–µ—Ç–µ –ø–æ —Ü–µ–Ω—Ç—Ä–∞–ª—å–Ω–æ–π —É–ª–∏—Ü–µ, –≤ –æ—Ç–ª–∏—á–∏–µ –æ—Ç –¥—Ä—É–≥–∏—Ö –æ—á–∏—â–µ–Ω–Ω–æ–π –æ—Ç –º—É—Å–æ—Ä–∞.
–ù–∞ —é–≥–æ-–≤–æ—Å—Ç–æ–∫–µ –≤–∏–¥–Ω–µ–µ—Ç—Å—è –∫—Ä–µ–ø–∫–∏–π –¥–æ–º, –∏–∑ —Ç—Ä—É–±—ã –∫–æ—Ç–æ—Ä–æ–≥–æ –ø–æ–¥–Ω–∏–º–∞–µ—Ç—Å—è
—Å–∏–∑—ã–π –¥—ã–º–æ–∫. –ú–µ—Å—Ç–Ω—ã–µ –∂–∏—Ç–µ–ª–∏ —Å –∏–Ω—Ç–µ—Ä–µ—Å–æ–º –∏ –Ω–µ–¥–æ–≤–µ—Ä–∏–µ–º –ø–æ—Å–º–∞—Ç—Ä–∏–≤–∞—é—Ç –Ω–∞ –≤–∞—Å.
[0;36m[ Exits: e w ][0;37m
[1;33m[1;31m–ú–æ–ª–æ–¥–æ–π –æ—Ö—Ä–∞–Ω–Ω–∏–∫ —Å –∫–æ–ø–Ω–æ–π —á–µ—Ä–Ω—ã—Ö –≤–æ–ª–æ—Å —Å—Ç–æ–∏—Ç –∑–¥–µ—Å—å.
–û–±–ª–µ–∑–ª—ã–π –ø–µ—Å –ø–æ–Ω—É—Ä–æ –±—Ä–µ–¥–µ—Ç –∑–¥–µ—Å—å.
–ú–æ–ª–æ–¥–∞—è —Å–µ–ª—è–Ω–∫–∞ —Ä–∞–∑–≥—É–ª–∏–≤–∞–µ—Ç –ø–æ —É–ª–∏—Ü–∞–º.
–ú–æ–ª–æ–¥–æ–π –≤–æ–∏–Ω –∏–¥–µ—Ç –ø–æ —Å–≤–æ–∏–º –¥–µ–ª–∞–º.
[0;0m
[0;32m441H[0;37m [0;32m135M[0;37m 199166–æ –ó–∞—É—á:0 –í—ã—Ö:–í–ó> ˇ˘–í—ã –ø–æ–ø–ª–µ–ª–∏—Å—å –Ω–∞ –≤–æ—Å—Ç–æ–∫.
[1;36m–ü–µ—Ä–µ–¥ —Ç—Ä–∞–∫—Ç–∏—Ä–æ–º [6001][0;37m
   –í—ã –≤—ã—à–ª–∏ –∫ –Ω–µ–±–æ–ª—å—à–æ–º—É –¥–æ–º—É, –ø–æ—Å—Ç—Ä–æ–µ–Ω–Ω–æ–º—É –∏–∑ —Ç–æ–ª—Å—Ç—ã—Ö –±—Ä–µ–≤–µ–Ω. –ò–∑ –ø—Ä–∏–æ—Ç–∫—Ä—ã—Ç–æ–π
–¥–≤–µ—Ä–∏ –ø–æ—Ç—è–Ω—É–ª–∏—Å—å –º–∞–Ω—è—â–∏–µ –∑–∞–ø–∞—Ö–∏. –í–∞–º –Ω–µ —Ç–µ—Ä–ø–∏—Ç—Å—è –≤–æ–π—Ç–∏ –ø–æ—Å–∫–æ—Ä–µ–µ –≤–Ω—É—Ç—Ä—å.
–û–∫–æ–ª–æ –¥–≤–µ—Ä–∏ —Å—Ç–æ–∏—Ç —Å–æ —Å–∫—É—á–∞—é—â–∏–º –≤–∏–¥–æ–º –º–µ—Å—Ç–Ω—ã–π –≤—ã—à–∏–±–∞–ª–∞. –ü—Ä–∏ –≤–∞—à–µ–º –ø—Ä–∏–±–ª–∏–∂–µ–Ω–∏–∏
–æ–Ω –Ω–∞—Å—Ç–æ—Ä–æ–∂–∏–ª—Å—è –∏ –Ω–µ–¥–æ–±—Ä–æ –ø—Ä–∏—â—É—Ä–∏–ª—Å—è. –ó–¥–µ—Å—å –Ω–µ –ª—é–±—è—Ç –¥–µ–±–æ—à–∏—Ä–æ–≤.
[0;36m[ Exits: e s w ][0;37m
[1;33m[1;31m–ú–æ–ª–æ–¥–æ–π –≤–æ–∏–Ω –∏–¥–µ—Ç –ø–æ —Å–≤–æ–∏–º –¥–µ–ª–∞–º.
–û–±–ª–µ–∑–ª—ã–π –ø–µ—Å –ø–æ–Ω—É—Ä–æ –±—Ä–µ–¥–µ—Ç –∑–¥–µ—Å—å.
–®–∏—Ä–æ–∫–æ–ø–ª–µ—á–∏–π –æ—Ö—Ä–∞–Ω–Ω–∏–∫ —Å—Ç–æ–∏—Ç –∑–¥–µ—Å—å.
[0;0m
[0;32m441H[0;37m [0;32m135M[0;37m 199166–æ –ó–∞—É—á:0 –í—ã—Ö:–í–Æ–ó> ˇ˘–í—ã –ø–æ–ø–ª–µ–ª–∏—Å—å –Ω–∞ —é–≥.
[1;36m–í —Ç—Ä–∞–∫—Ç–∏—Ä–µ [6000][0;37m
   –í –¥–æ–º–µ –≤–µ—Å—å–º–∞ —É—é—Ç–Ω–æ –∏ —Ç–µ–ø–ª–æ. –£ –¥–∞–ª—å–Ω–µ–π —Å—Ç–µ–Ω–∫–∏ —Å–ª–æ–∂–µ–Ω –Ω–µ–±–æ–ª—å—à–æ–π –æ—á–∞–≥
–∏–∑ –æ–±–æ–∂–∂–µ–Ω–Ω—ã—Ö –≥–ª–∏–Ω—è–Ω—ã—Ö –∫–∏—Ä–ø–∏—á–µ–π. –í–≤–µ—Ä—Ö –≤–µ–¥–µ—Ç –ª–µ—Å—Ç–Ω–∏—Ü–∞ –∫ –∫–æ–º–Ω–∞—Ç–µ –¥–ª—è –æ—Ç–¥—ã—Ö–∞.
–ó–∞ –Ω–µ–±–æ–ª—å—à–∏–º–∏ —Å—Ç–æ–ª–∏–∫–∞–º–∏ —Å–∏–¥—è—Ç –º–µ—Å—Ç–Ω—ã–µ –∂–∏—Ç–µ–ª–∏, –æ–±–º–µ–Ω–∏–≤–∞—é—â–∏–µ—Å—è –Ω–æ–≤–æ—Å—Ç—è–º–∏ –∏
—Å–ª—É—Ö–∞–º–∏. –ü—Ä–∏—è—Ç–Ω—ã–µ –∑–∞–ø–∞—Ö–∏ —â–µ–∫–æ—á—É—Ç –≤–∞–º –Ω–æ—Å, –∂–µ–ª—É–¥–æ–∫ –Ω–∞–ø–æ–º–∏–Ω–∞–µ—Ç –≤–∞–º, —á—Ç–æ –≤—ã
–ø—Ä–æ–¥–µ–ª–∞–ª–∏ –¥–æ–ª–≥–∏–π –ø—É—Ç—å, –Ω–æ–≥–∏ —Ç–∞–∫ –∏ –ø—Ä–æ—Å—è—Ç—Å—è –ø—Ä–∏—Å–µ—Å—Ç—å –Ω–∞ –∫–∞–∫–æ–π-–Ω–∏–±—É–¥—å —Å—Ç—É–ª.
[0;36m[ Exits: n u ][0;37m
[1;33m–õ—É–∂–∏—Ü–∞ –¥–æ–∂–¥–µ–≤–æ–π –≤–æ–¥—ã —Ä–∞–∑–ª–∏—Ç–∞ —É –≤–∞—à–∏—Ö –Ω–æ–≥.
[1;31m–ù–µ–≤—ã—Å–æ–∫–∏–π —Å–µ–¥–æ–π –º—É–∂—á–∏–Ω–∞ —Å—Ç–æ–∏—Ç –∑–¥–µ—Å—å.
[0;0m
[0;32m441H[0;37m [0;32m135M[0;37m 199166–æ –ó–∞—É—á:0 –í—ã—Ö:–°^> ˇ˘–í—ã –ø–æ–ø–ª–µ–ª–∏—Å—å –≤–≤–µ—Ä—Ö.
[1;36m–ö–æ–º–Ω–∞—Ç–∞ –æ—Ç–¥—ã—Ö–∞ [6049][0;37m
   –ù–µ–±–æ–ª—å—à–∞—è –æ—Å–≤–µ—â–µ–Ω–Ω–∞—è –ª–∞–º–ø–∞–º–∏ –∫–æ–º–Ω–∞—Ç–∞. –û–∫–æ–ª–æ —Å—Ç–µ–Ω —Å—Ç–æ—è—Ç –Ω–µ–±–æ–ª—å—à–∏–µ –ª–µ–∂–∞–Ω–∫–∏,
–Ω–∞ –∫–æ—Ç–æ—Ä—ã–µ –º–æ–∂–Ω–æ –ø—Ä–∏–ª–µ—á—å. –ü–æ–ª —É—Å—Ç–µ–ª–µ–Ω —à–∫—É—Ä–∞–º–∏ —Ä–∞–∑–ª–∏—á–Ω—ã—Ö –∂–∏–≤–æ—Ç–Ω—ã—Ö, –≤—ã–ª–æ–∂–µ–Ω–Ω—ã—Ö
–≤ —Å–≤–æ–µ–æ–±—Ä–∞–∑–Ω—ã–π —É–∑–æ—Ä. –¢—É—Ç —Å–ø–æ–∫–æ–π–Ω–∞—è –∞—Ç–º–æ—Å—Ñ–µ—Ä–∞ –∏ –≤—ã –∑–∞–º–µ—á–∞–µ—Ç–µ, —á—Ç–æ –∑–¥–µ—Å—å –º–æ–∂–Ω–æ
–ø—Ä–µ–∫—Ä–∞—Å–Ω–æ –æ—Ç–¥–æ—Ö–Ω—É—Ç—å –∏ –ø–æ—Å–ø–∞—Ç—å. –í —Å–µ–≤–µ—Ä–Ω–æ–π —Å—Ç–µ–Ω–µ –≤–∏–¥–Ω–∞ –¥–≤–µ—Ä—å, –≤–µ–¥—É—â–∞—è
–≤ –æ—Ç–¥–µ–ª—å–Ω—ã–µ –ø–æ–∫–æ–∏.
[1;32m–°–æ–≤—Å–µ–º –º–∞–ª—ã—Ö, –¥–∞ –Ω–µ –æ–±—É—á–µ–Ω–Ω—ã—Ö —Ç–∞–∫ –∏ —Ç—è–Ω–µ—Ç [1;33m–≤–æ–π—Ç–∏ [1;32m–≤ [1;33m—à–∫–æ–ª—É[1;32m.[0;0m
[0;36m[ Exits: d ][0;37m
[1;33m–ó–¥–µ—Å—å –ª–µ–∂–∏—Ç –º–æ—Ä–∫–æ–≤—å.
–î–æ—Å–∫–∞ –¥–ª—è —Ä–∞–∑–ª–∏—á–Ω—ã—Ö –∑–∞–º–µ—Ç–æ–∫ –∏ –æ–±—ä—è–≤–ª–µ–Ω–∏–π –ø—Ä–∏–±–∏—Ç–∞ —Ç—É—Ç ..–±–ª–µ—Å—Ç–∏—Ç!
[1;31m–ù–µ–≤—ã—Å–æ–∫–∏–π –º–æ–ª–æ–¥–æ–π –ø–∞—Ä–µ–Ω—å —Å—Ç–æ–∏—Ç –æ–∫–æ–ª–æ –¥–≤–µ—Ä–∏.
[0;0m
[0;32m441H[0;37m [0;32m134M[0;37m 199166–æ –ó–∞—É—á:0 –í—ã—Ö:v> ˇ˘–ú–æ–ª–æ–¥–æ–π —Å–ª—É–≥–∞ —Å–∫–∞–∑–∞–ª –≤–∞–º : "–û–¥–µ—Ç—ã–π —Å–ø–∞—Ç—å –±—É–¥–µ—à—å? –•–º.. –ù—É —Å–º–æ—Ç—Ä–∏, —Ç–æ–≥–¥–∞ –¥–µ—à–µ–≤–ª–µ –≤–æ–∑—å–º—É"
[1;37m - 20 –∫—É–Ω (200 –µ—Å–ª–∏ —Å–Ω—è—Ç—å) –∑–∞ –æ–±—Å–∏–¥–∏–∞–Ω–æ–≤–æ–µ –∫–æ–ª—å—Ü–æ [0;37m
[1;37m - 1 –∫—É–Ω–∞ (15 –µ—Å–ª–∏ —Å–Ω—è—Ç—å) –∑–∞ —Ä–∞–∫–æ–≤–∏–Ω—É —É–ª–∏—Ç–∫–∏ [0;37m
[1;37m - 0 –∫—É–Ω (0 –µ—Å–ª–∏ —Å–Ω—è—Ç—å) –∑–∞ –ª–µ–≥–∫–∏–π –ª–∞—Ç–Ω—ã–π –¥–æ—Å–ø–µ—Ö [0;37m
[1;37m - 40 –∫—É–Ω (4 –µ—Å–ª–∏ —Å–Ω—è—Ç—å) –∑–∞ –¥—ã—Ä—è–≤—É—é —à–ª—è–ø—É [0;37m
[1;37m - 0 –∫—É–Ω (0 –µ—Å–ª–∏ —Å–Ω—è—Ç—å) –∑–∞ –ª–µ–≥–∫–∏–µ –ª–∞—Ç–Ω—ã–µ –ø–æ–Ω–æ–∂–∏ [0;37m
[1;37m - 10 –∫—É–Ω (100 –µ—Å–ª–∏ —Å–Ω—è—Ç—å) –∑–∞ –¥—Ä–∞–Ω—ã–µ —Å–∞–ø–æ–≥–∏ [0;37m
[1;37m - 3 –∫—É–Ω—ã (50 –µ—Å–ª–∏ —Å–Ω—è—Ç—å) –∑–∞ –º–µ—Ö–æ–≤—ã–µ —Ä—É–∫–∞–≤–∏—Ü—ã [0;37m
[1;37m - 24 –∫—É–Ω—ã (240 –µ—Å–ª–∏ —Å–Ω—è—Ç—å) –∑–∞ —à–∫—É—Ä—É –º–µ–¥–≤–µ–¥—è [0;37m
[1;37m - 5 –∫—É–Ω (5 –µ—Å–ª–∏ —Å–Ω—è—Ç—å) –∑–∞ —Ö–æ–ª—â–æ–≤—ã–π –º–µ—à–æ–∫ [0;37m
[1;37m - 10 –∫—É–Ω (100 –µ—Å–ª–∏ —Å–Ω—è—Ç—å) –∑–∞ —Ö–æ—Ö–æ–ª–æ–∫ –∫—É–∫—É—à–∫–∏ [0;37m
[1;37m - 10 –∫—É–Ω (100 –µ—Å–ª–∏ —Å–Ω—è—Ç—å) –∑–∞ —Ö–æ—Ö–æ–ª–æ–∫ –∫—É–∫—É—à–∫–∏ [0;37m
[1;37m - 10 –∫—É–Ω (100 –µ—Å–ª–∏ —Å–Ω—è—Ç—å) –∑–∞ –∑–∞—Ç—É–ø–ª–µ–Ω–Ω—ã–π —Ç–æ–ø–æ—Ä [0;37m
[1;37m - 3 –∫—É–Ω—ã (30 –µ—Å–ª–∏ —Å–Ω—è—Ç—å) –∑–∞ –º–∞–ª–µ–Ω—å–∫—É—é —Ç—è–ø–∫—É [0;37m
–ú–æ–ª–æ–¥–æ–π —Å–ª—É–≥–∞ —Å–∫–∞–∑–∞–ª –≤–∞–º : "–≠—Ç–æ —è –≤ —á—É–ª–∞–Ω–µ –∑–∞–ø—Ä—É:"
 - 2 –∫—É–Ω—ã –∑–∞ –º–∞–ª—ã–π –º–µ—Ö 
 - 2 –∫—É–Ω—ã (2 –µ—Å–ª–∏ –Ω–∞–¥–µ—Ç—å) –∑–∞ —Å–≤–µ—á–∫—É [2] 
 - 7 –∫—É–Ω (1 –µ—Å–ª–∏ –Ω–∞–¥–µ—Ç—å) –∑–∞ –±—Ä–æ–Ω–∑–æ–≤—ã–π —Å—Ç–∏–ª–µ—Ç 
 - 300 –∫—É–Ω (120 –µ—Å–ª–∏ –Ω–∞–¥–µ—Ç—å) –∑–∞ –º–µ—á —Ñ—Ä–∞–Ω–∫—Å–∫–æ–π –∫–æ–≤–∫–∏ 
 - 0 –∫—É–Ω –∑–∞ –ª–æ–º–æ—Ç—å —Ö–ª–µ–±–∞ [18] 
 - 0 –∫—É–Ω –∑–∞ –∑–µ–ª–µ–Ω—É—é –∫–æ–ª–±–æ—á–∫—É [3] 
 - 0 –∫—É–Ω –∑–∞ —Å–µ—Ä—É—é –∫–æ–ª–±–æ—á–∫—É [3] 
 - 0 –∫—É–Ω –∑–∞ –≥–æ–ª—É–±—É—é –∫–æ–ª–±–æ—á–∫—É 
 - 0 –∫—É–Ω –∑–∞ –±–µ–ª—É—é –∫–æ–ª–±–æ—á–∫—É [2] 
 - 0 –∫—É–Ω –∑–∞ –∫–æ—Ä–∏—á–Ω–µ–≤—É—é –∫–æ–ª–±–æ—á–∫—É [2] 
–ú–æ–ª–æ–¥–æ–π —Å–ª—É–≥–∞ —Å–∫–∞–∑–∞–ª –≤–∞–º : "–ò –µ—â–µ 32 –∫—É–Ω—ã –º–Ω–µ –Ω–∞ —Å–±–∏—Ç–µ–Ω—å —Å –º–µ–¥–æ–≤—É—Ö–æ–π :)"
–ú–æ–ª–æ–¥–æ–π —Å–ª—É–≥–∞ —Å–∫–∞–∑–∞–ª –≤–∞–º : "–í —Å—É–º–º–µ —ç—Ç–æ —Å–æ—Å—Ç–∞–≤–∏—Ç 479 –∫—É–Ω –≤ –¥–µ–Ω—å ."
–ú–æ–ª–æ–¥–æ–π —Å–ª—É–≥–∞ —Å–∫–∞–∑–∞–ª –≤–∞–º :

"–ü–æ—Å—Ç–æ–π –æ–±–æ–π–¥–µ—Ç—Å—è —Ç–µ–±–µ –≤ 479 –∫—É–Ω."
"–¢–≤–æ–∏—Ö –¥–µ–Ω–µ–≥ —Ö–≤–∞—Ç–∏—Ç –Ω–∞ 6 –¥–Ω–µ–π."
–ú–æ–ª–æ–¥–æ–π —Å–ª—É–≥–∞ –∑–∞–ø–µ—Ä –≤–∞—à–∏ –≤–µ—â–∏ –≤ —Å—É–Ω–¥—É–∫ –∏ –ø–æ–≤–µ–ª –≤ —Ç–µ—Å–Ω—É—é –∫–∞–º–æ—Ä–∫—É.

0) –û—Ç—Å–æ–µ–¥–∏–Ω–∏—Ç—å—Å—è.
1) –ù–∞—á–∞—Ç—å –∏–≥—Ä—É.
2) –í–≤–µ—Å—Ç–∏ –æ–ø–∏—Å–∞–Ω–∏–µ –≤–∞—à–µ–≥–æ –ø–µ—Ä—Å–æ–Ω–∞–∂–∞.
3) –£–∑–Ω–∞—Ç—å –∏—Å—Ç–æ—Ä–∏—é.
4) –ò–∑–º–µ–Ω–∏—Ç—å –ø–∞—Ä–æ–ª—å.
5) –£–¥–∞–ª–∏—Ç—å –ø–µ—Ä—Å–æ–Ω–∞–∂–∞.
6) –ò–∑–º–µ–Ω–∏—Ç—å –ø–∞—Ä–∞–º–µ—Ç—Ä—ã –ø–µ—Ä—Å–æ–Ω–∞–∂–∞.
7) –í–∫–ª—é—á–∏—Ç—å/–≤—ã–∫–ª—é—á–∏—Ç—å —Ä–µ–∂–∏–º —Å–ª–µ–ø–æ–≥–æ –∏–≥—Ä–æ–∫–∞.
8) –ü–æ—Å–º–æ—Ç—Ä–µ—Ç—å –≤—Å–µ—Ö –ø–µ—Ä—Å–æ–Ω–∞–∂–µ–π –Ω–∞ –¥–∞–Ω–Ω–æ–º email'e.

   –ß–µ–≥–æ –≤–∞—à–∞ –¥—É—à–∞ –∂–µ–ª–∞–µ—Ç? ˇ˘
–î–æ –≤—Å—Ç—Ä–µ—á–∏ –Ω–∞ –∑–µ–º–ª–µ –ö–∏–µ–≤—Å–∫–æ–π.
–í —Å–ª—É—á–∞–µ –≤–∞—à–µ–≥–æ –æ—Ç—Å—É—Ç—Å—Ç–≤–∏—è –ø–µ—Ä—Å–æ–Ω–∞–∂ –±—É–¥–µ—Ç —Ö—Ä–∞–Ω–∏—Ç—å—Å—è –¥–æ 13:57:35  8 –ò—é–Ω—è 2020 –≥–æ–¥–∞ –Ω–∞—à–µ–π —ç—Ä—ã :).
ˇ˘