ˇ˚Eˇ˚Vˇ˚U
Online: 130

Using keytable
  0) Koi-8
  1) Alt
  2) Windows(JMC,MMC)
  3) Windows(zMUD)
  4) Windows(zMUD 'z')
  5) UTF-8
  6) Windows(zMUD <6.39)
  9) TECT...
Select one :  -----------------------------------------------------------------------------                   
          Based On CircleMUD v3.0   Created by Jeremy Elson,   
          DikuMUD Gamma 0.0  by Sebastian Hammer, Michael Seifert, 
          Hans Henrik Staerfeldt, Tom Madsen, Katja Nyboe
 _____________________________________________________________________________

    #######
    ##    
    ##        ####    ####      ####  ####  ####  ####  ####  ####    ####
    #######    ######  ##     ## ##    ##  ####    ##    ##    ######  ##
    ##    ##   ##   ## ##    ##  ##    ####  ##    ########    ##   ## ##
    ##    ##   ##   ## ##    ##  ##    ###   ##    ##    ##    ##   ## ##
    #######   ####### ####  ###  ###  ####  ####  ####  ####  ####### ####

                   –ü–û –ü–†–ï–î–ê–ù–ò–Ø–ú –†–£–°–°–ö–ò–• –ù–ê–†–û–î–ù–´–• –°–ö–ê–ó–û–ö –ò –ë–´–õ–ò–ù.

             –ü–æ –∞–¥–º–∏–Ω–∏—Å—Ç—Ä–∞—Ç–∏–≤–Ω—ã–º –≤–æ–ø—Ä–æ—Å–∞–º –º–æ–∂–µ—Ç–µ —Å–≤—è–∑–∞—Ç—å—Å—è —Å –°—Ç—Ä–∏–±–æ–≥–æ–º
                          e-mail: stribog@bylins.su

                      –ü–æ—Å–µ—Ç–∏—Ç–µ –Ω–∞—à —Å–∞–π—Ç: www.bylins.su
                –î–ª—è –±–æ–ª–µ–µ –ø–æ–¥—Ä–æ–±–Ω–æ–π –∏–≥—Ä–æ–≤–æ–π –∏–Ω—Ñ–æ—Ä–º–∞—Ü–∏–∏ –ø–æ—Å–µ—Ç–∏—Ç–µ 
                         https://wiki.bylins.su

–í–≤–µ–¥–∏—Ç–µ –∏–º—è –ø–µ—Ä—Å–æ–Ω–∞–∂–∞ (–∏–ª–∏ "–Ω–æ–≤—ã–π" –¥–ª—è —Å–æ–∑–¥–∞–Ω–∏—è –Ω–æ–≤–æ–≥–æ): –ü–µ—Ä—Å–æ–Ω–∞–∂ —Å —Ç–∞–∫–∏–º –∏–º–µ–Ω–µ–º —É–∂–µ —Å—É—â–µ—Å—Ç–≤—É–µ—Ç. –í–≤–µ–¥–∏—Ç–µ –ø–∞—Ä–æ–ª—å : ˇ˘

–ü–æ—Å–ª–µ–¥–Ω–∏–π —Ä–∞–∑ –≤—ã –∑–∞—Ö–æ–¥–∏–ª–∏ –∫ –Ω–∞–º –≤ 14:30:34 27 –ù–æ—è–±—Ä—è 2021 –≥–æ–¥–∞ —Å –∞–¥—Ä–µ—Å–∞ (69.181.166.191).

* –í —Å–≤—è–∑–∏ —Å –ø—Ä–æ–±–ª–µ–º–∞–º–∏ –ø–µ—Ä–µ–≤–æ–¥–∞ —Ñ—Ä–∞–∑—ã ANYKEY –Ω–∞–∂–º–∏—Ç–µ ENTER *ˇ˘
  –î–æ–±—Ä–æ –ø–æ–∂–∞–ª–æ–≤–∞—Ç—å –Ω–∞ –∑–µ–º–ª—é –ö–∏–µ–≤—Å–∫—É—é, –±–æ–≥–∞—Ç—É—é –∏—Å—Ç–æ—Ä–∏–µ–π –∏ —Å–∞–º—ã–º–∏ –Ω–µ–≤–µ—Ä–æ—è—Ç–Ω—ã–º–∏
–ø—Ä–∏–∫–ª—é—á–µ–Ω–∏—è–º–∏. –í–æ–∑–º–æ–∂–Ω–æ, –≤–∞–º –æ–Ω–∏ –ø–æ–Ω—Ä–∞–≤—è—Ç—Å—è, –∏ –≤—ã —Å—Ç–∞–Ω–µ—Ç–µ –≤ –æ–¥–∏–Ω —Ä—è–¥ —Å –≥–µ—Ä–æ—è–º–∏
–¥–∞–≤–Ω–æ –º–∏–Ω—É–≤—à–∏—Ö –¥–Ω–µ–π.

[1;37m** –ù–∞ —Å–µ–π —Ä–∞–∑ –ø–æ—Å—Ç–æ–π –±—ã–ª –±–µ—Å–ø–ª–∞—Ç–Ω—ã–º **[0;37m

–í–∞—Å –æ–∂–∏–¥–∞—é—Ç —Å–æ–æ–±—â–µ–Ω–∏—è:
   1 –≤ —Ä–∞–∑–¥–µ–ª–µ '–ò–¥–µ–∏ –∏ –∏—Ö –æ–±—Å—É–∂–¥–µ–Ω–∏–µ' [1;37m(–ò–¥–µ–∏)[0;37m.
[1;36m–ö–æ–º–Ω–∞—Ç—ã –æ—Ç–¥—ã—Ö–∞ [5000][0;37m
   –•–æ–∑—è–∏–Ω —É—Å—Ç—Ä–æ–∏–ª –∑–¥–µ—Å—å –∫–æ–º–Ω–∞—Ç—ã –¥–ª—è –æ—Ç–¥—ã—Ö–∞. –õ—é–±–æ–π –∂–µ–ª–∞—é—â–∏–π –º–æ–∂–µ—Ç –æ—Å—Ç–∞–Ω–æ–≤–∏—Ç—å—Å—è
–∑–¥–µ—Å—å –∏ –ø–µ—Ä–µ–¥–æ—Ö–Ω—É—Ç—å –ø–æ—Å–ª–µ –¥–∞–ª—å–Ω–µ–π –¥–æ—Ä–æ–≥–∏. –°–≤–µ—Ç–ª—ã–µ –≥–æ—Ä–Ω–∏—Ü—ã —Ç–∞–∫ –∏ –ø—Ä–∏–≥–ª–∞—à–∞—é—Ç
–ø—Ä–æ–π—Ç–∏ –≤ –Ω–∏—Ö –∏ —Ä–∞—Å—Ç—è–Ω—É—Ç—å—Å—è –Ω–∞ –ø–µ—Ä–∏–Ω–µ, –Ω–∞ –ø—É—Ö–æ–≤–æ–π –¥–∞ –∑–∞–±—ã—Ç—å—Å—è —Å–Ω–æ–º –±–æ–≥–∞—Ç—ã—Ä—Å–∫–∏–º.
–ó–¥–µ—Å—å –∂–µ –º–æ–∂–Ω–æ –ø–æ–¥–æ–∂–¥–∞—Ç—å —Å–≤–æ–∏—Ö –∫–æ–º–ø–∞–Ω—å–æ–Ω–æ–≤ –ø–µ—Ä–µ–¥ –¥–æ–ª–≥–æ–π –¥–æ—Ä–æ–≥–æ–π, –ø–æ–≥–æ–≤–æ—Ä–∏—Ç—å
–æ –¥–∞–ª—å–Ω–µ–π—à–∏—Ö –ø–ª–∞–Ω–∞—Ö.
[1;32m–°–æ–≤—Å–µ–º –º–∞–ª—ã—Ö, –¥–∞ –Ω–µ –æ–±—É—á–µ–Ω–Ω—ã—Ö —Ç–∞–∫ –∏ —Ç—è–Ω–µ—Ç [1;33m–≤–æ–π—Ç–∏ [1;32m–≤ [1;33m—à–∫–æ–ª—É[1;32m.[0;0m
[0;36m[ Exits: d ][0;37m
[1;33m–î–æ—Å–∫–∞ –¥–ª—è —Ä–∞–∑–ª–∏—á–Ω—ã—Ö –∑–∞–º–µ—Ç–æ–∫ –∏ –æ–±—ä—è–≤–ª–µ–Ω–∏–π –ø—Ä–∏–±–∏—Ç–∞ —Ç—É—Ç ..–±–ª–µ—Å—Ç–∏—Ç!
[1;31m–•–æ–∑—è–π–∫–∞ –ø–æ—Å—Ç–æ—è–ª–æ–≥–æ –¥–≤–æ—Ä–∞ —Ä–∞—Å–ø–æ—Ä—è–∂–∞–µ—Ç—Å—è –∑–¥–µ—Å—å.
[0;0m
–î–µ—Ä–µ–≤–Ω—è —É —Ä–µ–∫–∏ (2-–∞—è —Ä–æ–¥–æ–≤–∞—è).

[0;32m96H[0;37m [0;32m88M[0;37m 3376–æ –ó–∞—É—á:0 –í—ã—Ö:v> ˇ˘[1;36m–ö–æ–º–Ω–∞—Ç—ã –æ—Ç–¥—ã—Ö–∞ [5000][0;37m
   –•–æ–∑—è–∏–Ω —É—Å—Ç—Ä–æ–∏–ª –∑–¥–µ—Å—å –∫–æ–º–Ω–∞—Ç—ã –¥–ª—è –æ—Ç–¥—ã—Ö–∞. –õ—é–±–æ–π –∂–µ–ª–∞—é—â–∏–π –º–æ–∂–µ—Ç –æ—Å—Ç–∞–Ω–æ–≤–∏—Ç—å—Å—è
–∑–¥–µ—Å—å –∏ –ø–µ—Ä–µ–¥–æ—Ö–Ω—É—Ç—å –ø–æ—Å–ª–µ –¥–∞–ª—å–Ω–µ–π –¥–æ—Ä–æ–≥–∏. –°–≤–µ—Ç–ª—ã–µ –≥–æ—Ä–Ω–∏—Ü—ã —Ç–∞–∫ –∏ –ø—Ä–∏–≥–ª–∞—à–∞—é—Ç
–ø—Ä–æ–π—Ç–∏ –≤ –Ω–∏—Ö –∏ —Ä–∞—Å—Ç—è–Ω—É—Ç—å—Å—è –Ω–∞ –ø–µ—Ä–∏–Ω–µ, –Ω–∞ –ø—É—Ö–æ–≤–æ–π –¥–∞ –∑–∞–±—ã—Ç—å—Å—è —Å–Ω–æ–º –±–æ–≥–∞—Ç—ã—Ä—Å–∫–∏–º.
–ó–¥–µ—Å—å –∂–µ –º–æ–∂–Ω–æ –ø–æ–¥–æ–∂–¥–∞—Ç—å —Å–≤–æ–∏—Ö –∫–æ–º–ø–∞–Ω—å–æ–Ω–æ–≤ –ø–µ—Ä–µ–¥ –¥–æ–ª–≥–æ–π –¥–æ—Ä–æ–≥–æ–π, –ø–æ–≥–æ–≤–æ—Ä–∏—Ç—å
–æ –¥–∞–ª—å–Ω–µ–π—à–∏—Ö –ø–ª–∞–Ω–∞—Ö.
[1;32m–°–æ–≤—Å–µ–º –º–∞–ª—ã—Ö, –¥–∞ –Ω–µ –æ–±—É—á–µ–Ω–Ω—ã—Ö —Ç–∞–∫ –∏ —Ç—è–Ω–µ—Ç [1;33m–≤–æ–π—Ç–∏ [1;32m–≤ [1;33m—à–∫–æ–ª—É[1;32m.[0;0m
[0;36m[ Exits: d ][0;37m
[1;33m–î–æ—Å–∫–∞ –¥–ª—è —Ä–∞–∑–ª–∏—á–Ω—ã—Ö –∑–∞–º–µ—Ç–æ–∫ –∏ –æ–±—ä—è–≤–ª–µ–Ω–∏–π –ø—Ä–∏–±–∏—Ç–∞ —Ç—É—Ç ..–±–ª–µ—Å—Ç–∏—Ç!
[1;31m–•–æ–∑—è–π–∫–∞ –ø–æ—Å—Ç–æ—è–ª–æ–≥–æ –¥–≤–æ—Ä–∞ —Ä–∞—Å–ø–æ—Ä—è–∂–∞–µ—Ç—Å—è –∑–¥–µ—Å—å.
[0;0m
–î–µ—Ä–µ–≤–Ω—è —É —Ä–µ–∫–∏ (2-–∞—è —Ä–æ–¥–æ–≤–∞—è).

[0;32m96H[0;37m [0;32m88M[0;37m 3376–æ –ó–∞—É—á:0 –í—ã—Ö:v> ˇ˘–í—ã –ø–æ–ø–ª–µ–ª–∏—Å—å –≤–Ω–∏–∑.
[1;36m–ü–æ—Å—Ç–æ—è–ª—ã–π –¥–≤–æ—Ä [5001][0;37m
   –î–µ—Ä–µ–≤–Ω—è —Ö–æ—Ç—å –∏ –Ω–µ–±–æ–ª—å—à–∞—è, –Ω–æ –ø–æ—Å—Ç–æ—è–ª—ã–π –¥–≤–æ—Ä –∏–º–µ–µ—Ç—Å—è, –¥–ª—è –∑–∞–µ–∑–∂–∏—Ö –≥–æ—Å—Ç–µ–π,
—á—Ç–æ–±—ã –±—ã–ª–æ –≥–¥–µ –ø–µ—Ä–µ–≤–µ—Å—Ç–∏ –¥—É—Ö, –µ–¥–æ–π –∏ –ø–∏—Ç—å–µ–º –∑–∞–ø–∞—Å—Ç–∏—Å—å. –ê –µ—Å–ª–∏ –Ω–∞ –¥–≤–æ—Ä–µ —É–∂
–Ω–æ—á—å –∏–ª—å –ø—Ä–æ—Å—Ç–æ –Ω–∞–¥–æ –æ—Å—Ç–∞–Ω–æ–≤–∏—Ç—Å—è –Ω–∞ –¥–µ–Ω—å –¥—Ä—É–≥–æ–π –≤ –¥–µ—Ä–µ–≤–Ω–µ, –∞ —Ä–æ–¥—Å—Ç–≤–µ–Ω–Ω–∏–∫–æ–≤
–Ω–µ—Ç, —Ç–∞–∫ –º–æ–∂–Ω–æ –∏ –ø–µ—Ä–µ–Ω–æ—á–µ–≤–∞—Ç—å –≤ –≥–æ—Ä–Ω–∏—Ü–∞—Ö –Ω–∞–≤–µ—Ä—Ö—É.
[0;36m[ Exits: w u ][0;37m
[1;33m[1;31m–°–µ–¥–æ–≤–ª–∞—Å—ã–π —Å–∫–∞–∑–∏—Ç–µ–ª—å –≥–æ—Ç–æ–≤ –ø–æ–¥–µ–ª–∏—Ç—å—Å—è —Å –í–∞–º–∏ –∏–Ω—Ç–µ—Ä–µ—Å–Ω–æ–π –∏—Å—Ç–æ—Ä–∏–µ–π.
–¢—Ä–∞–∫—Ç–∏—Ä—â–∏–∫ –æ—Ç–¥—ã—Ö–∞–µ—Ç –∑–∞ —Å—Ç–æ–π–∫–æ–π.
[0;0m
[0;32m96H[0;37m [0;32m87M[0;37m 3376–æ –ó–∞—É—á:0 –í—ã—Ö:–ó^> ˇ˘
—Å–∫–∞–∑–∏—Ç–µ–ª—å, –∑–∞–≤–∏–¥–µ–≤ –≤–∞—Å, —à–∏—Ä–æ–∫–æ —É–ª—ã–±–Ω—É–ª—Å—è.
—Å–∫–∞–∑–∏—Ç–µ–ª—å —Å–∫–∞–∑–∞–ª : '–ë–æ–≥–∞—Ç—ã—Ä—å - —Ö–æ—Ä–æ—à–∞—è –ø—Ä–æ—Ñ–µ—Å—Å–∏—è'
—Å–∫–∞–∑–∏—Ç–µ–ª—å —Å–∫–∞–∑–∞–ª : '–ï—Å—Ç—å —É –º–µ–Ω—è –æ–¥–Ω–∞ –Ω–µ–ø–ª–æ—Ö–∞—è —Å–∫–∞–∑–∫–∞ –ø—Ä–æ –≤–∞—à–µ–≥–æ –±—Ä–∞—Ç–∞'

[0;32m96H[0;37m [0;32m87M[0;37m 3376–æ –ó–∞—É—á:0 –í—ã—Ö:–ó^> ˇ˘–í—ã –ø–æ–ø–ª–µ–ª–∏—Å—å –Ω–∞ –∑–∞–ø–∞–¥.
[1;36m–ü–µ—Ä–µ–¥ –ø–æ—Å—Ç–æ—è–ª—ã–º –¥–≤–æ—Ä–æ–º [5005][0;37m
   –ß—É—Ç—å –Ω–µ —Å–ø–æ—Ç–∫–Ω—É–≤—à–∏—Å—å –æ –¥–æ—Å–∫—É, –ª–µ–∂–∞—â—É—é —Å—Ä–∞–∑—É —É –ø–æ—Ä–æ–≥–∞ –ø–æ—Å—Ç–æ—è–ª–æ–≥–æ –¥–≤–æ—Ä–∞,
–≤—ã –æ–∫–∞–∑–∞–ª–∏—Å—å –Ω–∞ —Ü–µ–Ω—Ç—Ä–∞–ª—å–Ω–æ–π —É–ª–∏—Ü–µ –¥–µ—Ä–µ–≤–Ω–∏. –ò–º–µ–Ω–Ω–æ –Ω–∞ —ç—Ç–æ–π —É–ª–∏—Ü–µ –º–æ–∂–Ω–æ 
–±—ã—Å—Ç—Ä–æ –Ω–∞–π—Ç–∏ –ª–∞–≤–∫—É —Ä–µ–º–µ—Å–ª–µ–Ω–Ω–∏–∫–∞, –¥–æ–º –∑–Ω–∞—Ö–∞—Ä—è, –∫–æ–Ω—é—à–Ω—é –∏ –¥–æ–º —Å—Ç–∞—Ä–µ–π—à–∏–Ω—ã.
–í —é–∂–Ω–æ–π —á–∞—Å—Ç–∏ –¥–µ—Ä–µ–≤–Ω–∏ –ø–æ—Å–µ–ª–∏–ª–∏—Å—å –≤–æ—Ä–æ–∂–µ–∏.
[0;36m[ Exits: n e s w ][0;37m
[1;33m[1;31m[0;0m
[0;32m96H[0;37m [0;32m87M[0;37m 3376–æ –ó–∞—É—á:0 –í—ã—Ö:–°–í–Æ–ó> ˇ˘–í—ã –ø–æ–ø–ª–µ–ª–∏—Å—å –Ω–∞ —Å–µ–≤–µ—Ä.
[1;36m–ö —Ü–µ–Ω—Ç—Ä—É –¥–µ—Ä–µ–≤–Ω–∏ [5006][0;37m
   –ü–æ–Ω–µ–º–Ω–æ–≥—É –æ—Å—Ç–∞—é—Ç—Å—è –ø–æ–∑–∞–¥–∏ –≥–ª–∞–≤–Ω—ã–µ –¥–æ–º–∞ –¥–µ—Ä–µ–≤–Ω–∏, –∏ –≤–æ–∫—Ä—É–≥ –æ—Ç–∫—Ä—ã–≤–∞–µ—Ç—Å—è –æ–±—ã—á–Ω—ã–π
–¥–µ—Ä–µ–≤–µ–Ω—Å–∫–∏–π –≤–∏–¥. –ö—Ä–µ–ø–∫–∏–µ –¥–æ–º–∞ —Å –º–∞–ª–µ–Ω—å–∫–∏–º–∏ –æ–∫–Ω–∞–º–∏, –Ω–æ –Ω–µ–∏–∑–º–µ–Ω–Ω—ã–º–∏ —Ç—Ä—É–±–∞–º–∏
–ø–µ—á–µ–π. –ò–∑–≥–æ—Ä–æ–¥—å, —Å—Ç–æ—è—â–∞—è –∑–∞ –¥–æ–º–∞–º–∏ –≤–¥–æ–ª—å –ª–µ—Å–∞ –∏ –∑–∞—â–∏—â–∞—é—â–∞—è –¥–µ—Ä–µ–≤–Ω—é —Å —Ç—ã–ª–∞. 
–ù–µ—Ç–æ—Ä–æ–ø–ª–∏–≤—ã–π –ª—é–¥, –∏–¥—É—â–∏–π –ø–æ —Å–≤–æ–∏–º –∏–∑–≤–µ—á–Ω—ã–º –¥–µ–ª–∞–º.
[0;36m[ Exits: n e s w ][0;37m
[1;33m[1;31m[0;0m
[0;32m96H[0;37m [0;32m87M[0;37m 3376–æ –ó–∞—É—á:0 –í—ã—Ö:–°–í–Æ–ó> ˇ˘–í—ã –ø–æ–ø–ª–µ–ª–∏—Å—å –Ω–∞ –∑–∞–ø–∞–¥.
[1;36m–ó–∞–±—Ä–æ—à–µ–Ω–Ω—ã–π –¥–æ–º [5023][0;37m
   –° –≤–∏–¥—É —Ö–æ—Ä–æ—à–∏–π –¥–æ–º —Å—Ç–æ–∏—Ç –Ω–∞ —Ü–µ–Ω—Ç—Ä–∞–ª—å–Ω–æ–π —É–ª–∏—Ü–µ —Å—Ä–µ–¥–∏ –±–æ–ª—å—à–∏—Ö –∏ –±–æ–≥–∞—Ç—ã—Ö
–¥–æ–º–æ–≤. –ó–∞–∫–æ–ª–æ—á–µ–Ω—ã —Å—Ç–∞–≤–Ω–∏, –∑–∞–ø—É—Å—Ç–µ–Ω—å–µ –≤–æ –¥–≤–æ—Ä–µ. –ß—Ç–æ –∑–∞ –Ω–∞–ø–∞—Å—Ç—å –∑–∞—Å—Ç–∞–≤–∏–ª–∞ 
—Ö–æ–∑—è–µ–≤ –ø–æ–∫–∏–Ω—É—Ç—å —Å–≤–æ–µ –∂–∏–ª–∏—â–µ –∏ –∏—Å–∫–∞—Ç—å –Ω–æ–≤–æ–µ –º–µ—Å—Ç–æ.
[0;36m[ Exits: e W ][0;37m
[1;33m–ù–µ–º–Ω–æ–≥–æ –æ—Ç—Ä—É–±–µ–π –ø—Ä–æ—Å—ã–ø–∞–Ω–æ –∑–¥–µ—Å—å.
[1;31m–ú–µ—Å—Ç–Ω–∞—è –∂–∏—Ç–µ–ª—å–Ω–∏—Ü–∞ –∏–¥–µ—Ç –ø–æ —Å–≤–æ–∏–º –¥–µ–ª–∞–º.
–ú–µ—Å—Ç–Ω—ã–π –∂–∏—Ç–µ–ª—å –∏–¥–µ—Ç –∑–¥–µ—Å—å.
[0;0m
[0;32m96H[0;37m [0;32m87M[0;37m 3376–æ –ó–∞—É—á:0 –í—ã—Ö:–í–ó> ˇ˘–í—ã –ø–æ–ø–ª–µ–ª–∏—Å—å –Ω–∞ –∑–∞–ø–∞–¥.
[1;36m–ù–∞ –∫—Ä—ã–ª—å—Ü–µ [5100][0;37m
   –ü–æ–∫–æ—Å–∏–≤—à–µ–µ—Å—è –∫—Ä—ã–ª—å—Ü–æ —Å–∫—Ä–∏–ø–∏—Ç –ø–æ–¥ –Ω–æ–≥–∞–º–∏. –î–µ—Ä–µ–≤–æ –ø–æ—á–µ—Ä–Ω–µ–ª–æ –∏ –æ–±–ª—É–ø–∏–ª–æ—Å—å, –Ω–æ
—Å–æ—Ö—Ä–∞–Ω–∏–ª–æ –∫—Ä–µ–ø–æ—Å—Ç—å. –•–æ—Ç—å –∏ –º–æ–∂–Ω–æ –∑–¥–µ—Å—å –ø–æ—Å—Ç–æ—è—Ç—å, –Ω–æ –í–∞—Å –±–æ–ª—å—à–µ –∏–Ω—Ç–µ—Ä–µ—Å—É–µ—Ç —Å–∞–º
–∑–∞–±—Ä–æ—à–µ–Ω–Ω—ã–π –¥–æ–º. –•–æ—á–µ—Ç—Å—è –∑–∞–π—Ç–∏, –Ω–æ —Ö–æ–ª–æ–¥–æ–∫ –≤ –≥—Ä—É–¥–∏ –∑–∞—Å—Ç–∞–≤–ª—è–µ—Ç –ø–æ–¥—É–º–∞—Ç—å –Ω–∞–¥
—ç—Ç–∏–º —à–∞–≥–æ–º. 
[0;36m[ Exits: E w ][0;37m
[1;33m[1;31m–°—Ç—Ä–∞–Ω—Å—Ç–≤—É—é—â–∏–π —Ç–æ—Ä–≥–æ–≤–µ—Ü –º–µ–¥–ª–µ–Ω–Ω–æ –±—Ä–µ–¥–µ—Ç –º–∏–º–æ.
...–æ–∫—É—Ç–∞–Ω —Å–≤–µ—Ä–∫–∞—é—â–∏–º –∫–æ–∫–æ–Ω–æ–º 
[0;0m
–ó–∞–±—Ä–æ—à–µ–Ω–Ω—ã–π –¥–æ–º (—Å—Ä–µ–¥–Ω–∏–π —É—Ä–æ–≤–µ–Ω—å: 2).

[0;32m96H[0;37m [0;32m87M[0;37m 3376–æ –ó–∞—É—á:0 –í—ã—Ö:–í–ó> ˇ˘–í—ã –ø–æ–ø–ª–µ–ª–∏—Å—å –Ω–∞ –∑–∞–ø–∞–¥.
[1;36m–í —Å–µ–Ω—è—Ö [5101][0;37m
   –°–µ–Ω–∏ –∫–æ–≥–¥–∞-—Ç–æ —Å–ª—É–∂–∏–ª–∏ –ø—Ä–æ–º–µ–∂—É—Ç–æ—á–Ω–æ–π —á–∞—Å—Ç—å—é –º–µ–∂–¥—É –æ—Ç–∞–ø–ª–∏–≤–∞–µ–º–æ–π –∏ 
—Ö–æ–∑—è–π—Å—Ç–≤–µ–Ω–Ω–æ–π —á–∞—Å—Ç—å—é –¥–æ–º–∞. –ó–¥–µ—Å—å –∫–æ–≥–¥–∞-—Ç–æ –ª–µ–∂–∞–ª–∞ –Ω–µ—Ö–∏—Ç—Ä–∞—è –∫—Ä–µ—Å—Ç—å—è–Ω—Å–∫–∞—è 
—É—Ç–≤–∞—Ä—å, –Ω–æ —Å–µ–π—á–∞—Å —Ç–æ–ª—å–∫–æ –ø—ã–ª—å –∏ –≥—Ä—è–∑—å.
[0;36m[ Exits: e w ][0;37m
[1;33m[1;31m–ë–ª–æ—Ö–∞ –ø—Ä—è—á–µ—Ç—Å—è –≤ –º—É—Å–æ—Ä–µ.
[0;0m
[0;32m96H[0;37m [0;32m87M[0;37m 3376–æ –ó–∞—É—á:0 –í—ã—Ö:–í–ó> ˇ˘
[1;31m–ú–∏–Ω—É–ª —á–∞—Å.[0;37m

[0;32m96H[0;37m [0;32m88M[0;37m 3376–æ –ó–∞—É—á:0 –í—ã—Ö:–í–ó> ˇ˘[1;30m"–•—Ä–∞–Ω–∏ —Ç–µ–±—è –ì–æ—Å–ø–æ–¥—å, –±–ª–æ—Ö–∞!" - –ø–µ—Ä–µ–∫—Ä–µ—Å—Ç–∏–ª–∏ –≤—ã –µ–µ.[0;0m

[0;32m96H[0;37m [0;32m88M[0;37m 3376–æ –ó–∞—É—á:0 –í—ã—Ö:–í–ó> ˇ˘[1;30m–í—ã –∑–∞–¥—É–º–∞–ª–∏—Å—å –Ω–∞–¥ –¥–∞–ª—å–Ω–µ–π—à–µ–π —Å—É–¥—å–±–æ–π –±–ª–æ—Ö–∏.[0;0m

[0;32m96H[0;37m [0;32m88M[0;37m 3376–æ –ó–∞—É—á:0 –í—ã—Ö:–í–ó> ˇ˘[1;30m"–£–∂–∞—Å-—Ç–æ –∫–∞–∫–æ–π!.." - –ø–æ–¥—É–º–∞–ª–∏ –≤—ã, —Å–æ —Å—Ç—Ä–∞—Ö–æ–º –≥–ª—è–¥—è –Ω–∞ –±–ª–æ—Ö—É.[0;0m

[0;32m96H[0;37m [0;32m88M[0;37m 3376–æ –ó–∞—É—á:0 –í—ã—Ö:–í–ó> ˇ˘[1;30m"–ó–∞ –∑–¥–æ—Ä–æ–≤—å–µ?" - —Ç–æ –ª–∏ —Å–ø—Ä–æ—Å–∏–ª–∏, —Ç–æ –ª–∏ –ø—Ä–µ–¥–ª–æ–∂–∏–ª–∏ –≤—ã –±–ª–æ—Ö–µ.[0;0m

[0;32m96H[0;37m [0;32m88M[0;37m 3376–æ –ó–∞—É—á:0 –í—ã—Ö:–í–ó> ˇ˘[1;30m–í—ã –ø—Ä–∏—Ö–≤–∞—Å—Ç–Ω—É–ª–∏ –ø–µ—Ä–µ–¥ –±–ª–æ—Ö–æ–π.[0;0m

[0;32m96H[0;37m [0;32m88M[0;37m 3376–æ –ó–∞—É—á:0 –í—ã—Ö:–í–ó> ˇ˘[1;30m–í—ã —Ä–µ—à–∏–ª–∏ —Å–æ—Å—Ä–µ–¥–æ—Ç–æ—á–∏—Ç—å –≤–Ω–∏–º–∞–Ω–∏–µ –Ω–∞ –±–ª–æ—Ö–µ.[0;0m

[0;32m96H[0;37m [0;32m88M[0;37m 3376–æ –ó–∞—É—á:0 –í—ã—Ö:–í–ó> ˇ˘–í—ã –ø–æ–ø–ª–µ–ª–∏—Å—å –Ω–∞ –∑–∞–ø–∞–¥.
[1;36m–í —Å–µ–Ω—è—Ö [5102][0;37m
   –ß—Ç–æ –∑–∞—Å—Ç–∞–≤–∏–ª–æ —Ö–æ–∑—è–µ–≤ –ø–æ–∫–∏–Ω—É—Ç—å —ç—Ç–æ—Ç –¥–æ–º, —Å–æ—Ö—Ä–∞–Ω–∏–≤—à–∏–π—Å—è –≤ –ø—Ä–∏–ª–∏—á–Ω–æ–º —Å–æ—Å—Ç–æ—è–Ω–∏–∏
–¥–∞–∂–µ –∑–∞ –¥–æ–ª–≥–æ–µ –≤—Ä–µ–º—è –∑–∞–ø—É—Å—Ç–µ–Ω–∏—è –∏ –æ–¥–∏–Ω–æ—á–µ—Å—Ç–≤–∞? –í —ç—Ç–æ–º –º–µ—Å—Ç–µ —Å–µ–Ω–µ–π –Ω–∞—Ö–æ–¥—è—Ç—Å—è
–¥–≤–µ –¥–≤–µ—Ä–∏, –æ–¥–Ω–∞ –∏–∑ –∫–æ—Ç–æ—Ä—ã—Ö –≤–µ–¥–µ—Ç –≤ –∏–∑–±—É, –¥—Ä—É–≥–∞—è - –Ω–∞ —Å–µ–Ω–æ–≤–∞–ª.  
[0;36m[ Exits: (n) e (s) ][0;37m
[1;33m–¢—Ä—É–ø –±–ª–æ—Ö–∏ –ª–µ–∂–∏—Ç –∑–¥–µ—Å—å.
[1;31m(–ª–µ—Ç–∏—Ç) –ú—É—Ö–∞ –ª–µ—Ç–∞–µ—Ç –∑–¥–µ—Å—å.
[0;0m
[0;32m96H[0;37m [0;32m87M[0;37m 3376–æ –ó–∞—É—á:0 –í—ã—Ö:(–°)–í(–Æ)> ˇ˘[1;30m"–•—Ä–∞–Ω–∏ —Ç–µ–±—è –ì–æ—Å–ø–æ–¥—å, –º—É—Ö–∞!" - –ø–µ—Ä–µ–∫—Ä–µ—Å—Ç–∏–ª–∏ –≤—ã –µ–µ.[0;0m

[0;32m96H[0;37m [0;32m88M[0;37m 3376–æ –ó–∞—É—á:0 –í—ã—Ö:(–°)–í(–Æ)> ˇ˘[1;30m–í—ã –∑–∞–¥—É–º–∞–ª–∏—Å—å –Ω–∞–¥ –¥–∞–ª—å–Ω–µ–π—à–µ–π —Å—É–¥—å–±–æ–π –º—É—Ö–∏.[0;0m

[0;32m96H[0;37m [0;32m88M[0;37m 3376–æ –ó–∞—É—á:0 –í—ã—Ö:(–°)–í(–Æ)> ˇ˘[1;30m"–£–∂–∞—Å-—Ç–æ –∫–∞–∫–æ–π!.." - –ø–æ–¥—É–º–∞–ª–∏ –≤—ã, —Å–æ —Å—Ç—Ä–∞—Ö–æ–º –≥–ª—è–¥—è –Ω–∞ –º—É—Ö—É.[0;0m

[0;32m96H[0;37m [0;32m88M[0;37m 3376–æ –ó–∞—É—á:0 –í—ã—Ö:(–°)–í(–Æ)> ˇ˘[1;30m"–ó–∞ –∑–¥–æ—Ä–æ–≤—å–µ?" - —Ç–æ –ª–∏ —Å–ø—Ä–æ—Å–∏–ª–∏, —Ç–æ –ª–∏ –ø—Ä–µ–¥–ª–æ–∂–∏–ª–∏ –≤—ã –º—É—Ö–µ.[0;0m

[0;32m96H[0;37m [0;32m88M[0;37m 3376–æ –ó–∞—É—á:0 –í—ã—Ö:(–°)–í(–Æ)> ˇ˘[1;30m–í—ã –ø—Ä–∏—Ö–≤–∞—Å—Ç–Ω—É–ª–∏ –ø–µ—Ä–µ–¥ –º—É—Ö–æ–π.[0;0m

[0;32m96H[0;37m [0;32m88M[0;37m 3376–æ –ó–∞—É—á:0 –í—ã—Ö:(–°)–í(–Æ)> ˇ˘[1;30m–í—ã —Ä–µ—à–∏–ª–∏ —Å–æ—Å—Ä–µ–¥–æ—Ç–æ—á–∏—Ç—å –≤–Ω–∏–º–∞–Ω–∏–µ –Ω–∞ –º—É—Ö–µ.[0;0m

[0;32m96H[0;37m [0;32m88M[0;37m 3376–æ –ó–∞—É—á:0 –í—ã—Ö:(–°)–í(–Æ)> ˇ˘–í—ã –Ω–µ —Å–º–æ–∂–µ—Ç–µ —Ç—É–¥–∞ –ø—Ä–æ–π—Ç–∏...

[0;32m96H[0;37m [0;32m88M[0;37m 3376–æ –ó–∞—É—á:0 –í—ã—Ö:(–°)–í(–Æ)> ˇ˘–õ–∞–¥—É—à–∫–∏.

[0;32m96H[0;37m [0;32m88M[0;37m 3376–æ –ó–∞—É—á:0 –í—ã—Ö:(–°)–í–Æ> ˇ˘–í—ã –ø–æ–ø–ª–µ–ª–∏—Å—å –Ω–∞ —é–≥.
[1;36m–ù–∞ —Å–µ–Ω–æ–≤–∞–ª–µ [5103][0;37m
   –ü–æ–¥ –Ω–æ–≥–∞–º–∏ —Ä–∞–∑–±—Ä–æ—Å–∞–Ω–∞ —Å–æ–ª–æ–º–∞ –≤–ø–µ—Ä–µ–º–µ—à–∫—É —Å —Å–µ–Ω–æ–º, –ø–æ —É–≥–ª–∞–º –ª–µ–∂–∞—Ç —Å—Ç–∞—Ä—ã–µ
–∏–Ω—Å—Ç—Ä—É–º–µ–Ω—Ç—ã. –°—é–¥–∞ –∑–∞–±—Ä–∞—Å—ã–≤–∞–µ—Ç—Å—è –∫–æ—Ä–º –¥–ª—è –¥–æ–º–∞—à–Ω–µ–≥–æ —Å–∫–æ—Ç–∞, –∞ –ø–æ—Ç–æ–º –ø–æ–¥–∞–µ—Ç—Å—è
–ø–æ —Å—Ç–æ–π–ª–∞–º.
[0;36m[ Exits: n e s ][0;37m
[1;33m[1;31m(–ª–µ—Ç–∏—Ç) –ú—É—Ö–∞ –ª–µ—Ç–∞–µ—Ç –∑–¥–µ—Å—å.
[0;0m
[0;32m96H[0;37m [0;32m87M[0;37m 3376–æ –ó–∞—É—á:0 –í—ã—Ö:–°–í–Æ> ˇ˘–í—ã –ø–æ–ø–ª–µ–ª–∏—Å—å –Ω–∞ –≤–æ—Å—Ç–æ–∫.
[1;36m–ù–∞ —Å–µ–Ω–æ–≤–∞–ª–µ [5104][0;37m
   –ü–æ–¥ –Ω–æ–≥–∞–º–∏ —Ä–∞–∑–±—Ä–æ—Å–∞–Ω–∞ —Å–æ–ª–æ–º–∞ –≤–ø–µ—Ä–µ–º–µ—à–∫—É —Å —Å–µ–Ω–æ–º, –ø–æ —É–≥–ª–∞–º –ª–µ–∂–∞—Ç —Å—Ç–∞—Ä—ã–µ
–∏–Ω—Å—Ç—Ä—É–º–µ–Ω—Ç—ã. –°—é–¥–∞ –∑–∞–±—Ä–∞—Å—ã–≤–∞–µ—Ç—Å—è –∫–æ—Ä–º –¥–ª—è –¥–æ–º–∞—à–Ω–µ–≥–æ —Å–∫–æ—Ç–∞, –∞ –ø–æ—Ç–æ–º –ø–æ–¥–∞–µ—Ç—Å—è
–ø–æ —Å—Ç–æ–π–ª–∞–º.
[0;36m[ Exits: s w ][0;37m
[1;33m–¢—Ä—É–ø –º–æ–ª–∏ –ª–µ–∂–∏—Ç –∑–¥–µ—Å—å.
–¢—Ä—É–ø –∫–ª–æ–ø–∞ –ª–µ–∂–∏—Ç –∑–¥–µ—Å—å.
–ù–∞ –ø–æ–ª—É –ª–µ–∂–∏—Ç –ª–µ—Å—Ç–Ω–∏—Ü–∞.
[1;31m–¢–∞—Ä–∞–∫–∞–Ω –±—ã—Å—Ç—Ä–æ –ø—Ä–æ–±–µ–∂–∞–ª –∑–¥–µ—Å—å.
–°–µ—Ä–∞—è –º—ã—à—å —é—Ä–∫–Ω—É–ª–∞ –∑–¥–µ—Å—å.
[0;0m
[0;32m96H[0;37m [0;32m87M[0;37m 3376–æ –ó–∞—É—á:0 –í—ã—Ö:–Æ–ó> ˇ˘[0;33m–í–∞—à–∞ —Ä—É–∫–∞ –Ω–µ –¥–æ—Å—Ç–∏–≥–ª–∞ —Å–µ—Ä–æ–π –º—ã—à–∏ - –Ω—É–∂–Ω–æ –±—ã–ª–æ –ª—É—á—à–µ —Ç—Ä–µ–Ω–∏—Ä–æ–≤–∞—Ç—å—Å—è.
[0;0m
[0;32m96H[0;37m [0;32m88M[0;37m 3375–æ –ó–∞—É—á:0 [0;32m[–ì–µ–Ω–æ–¥:–ù–µ–≤—Ä–µ–¥–∏–º][0;37m [0;32m[—Å–µ—Ä–∞—è –º—ã—à—å:–ù–µ–≤—Ä–µ–¥–∏–º–∞][0;37m > ˇ˘
[0;31m–°–µ—Ä–∞—è –º—ã—à—å –ø–æ–ø—ã—Ç–∞–ª–∞—Å—å —Ç–∫–Ω—É—Ç—å –≤–∞—Å, –Ω–æ –µ–µ —É–¥–∞—Ä –Ω–µ –¥–æ—Å—Ç–∏–≥ —Ü–µ–ª–∏.
[0;0m[0;33m–í–∞—à–∞ —Ä—É–∫–∞ –Ω–µ –¥–æ—Å—Ç–∏–≥–ª–∞ —Å–µ—Ä–æ–π –º—ã—à–∏ - –Ω—É–∂–Ω–æ –±—ã–ª–æ –ª—É—á—à–µ —Ç—Ä–µ–Ω–∏—Ä–æ–≤–∞—Ç—å—Å—è.
[0;0m
[0;32m96H[0;37m [0;32m88M[0;37m 3374–æ –ó–∞—É—á:0 [0;32m[–ì–µ–Ω–æ–¥:–ù–µ–≤—Ä–µ–¥–∏–º][0;37m [0;32m[—Å–µ—Ä–∞—è –º—ã—à—å:–ù–µ–≤—Ä–µ–¥–∏–º–∞][0;37m > ˇ˘
[0;31m–°–µ—Ä–∞—è –º—ã—à—å –ø–æ–ø—ã—Ç–∞–ª–∞—Å—å —Ç–∫–Ω—É—Ç—å –≤–∞—Å, –Ω–æ –ø—Ä–æ–º–∞—Ö–Ω—É–ª–∞—Å—å.
[0;0m[0;33m–í—ã –ø–æ–ø—ã—Ç–∞–ª–∏—Å—å —É–¥–∞—Ä–∏—Ç—å —Å–µ—Ä—É—é –º—ã—à—å - –Ω–µ—É–¥–∞—á–Ω–æ.
[0;0m
[0;32m96H[0;37m [0;32m88M[0;37m 3373–æ –ó–∞—É—á:0 [0;32m[–ì–µ–Ω–æ–¥:–ù–µ–≤—Ä–µ–¥–∏–º][0;37m [0;32m[—Å–µ—Ä–∞—è –º—ã—à—å:–ù–µ–≤—Ä–µ–¥–∏–º–∞][0;37m > ˇ˘
[1;31m–°–µ—Ä–∞—è –º—ã—à—å –ª–µ–≥–æ–Ω—å–∫–æ —Ç–∫–Ω—É–ª–∞ –≤–∞—Å.
[0;0m[0;33m–í—ã –ø–æ–ø—ã—Ç–∞–ª–∏—Å—å —É–¥–∞—Ä–∏—Ç—å —Å–µ—Ä—É—é –º—ã—à—å - –Ω–µ—É–¥–∞—á–Ω–æ.
[0;0m
[0;32m91H[0;37m [0;32m88M[0;37m 3372–æ –ó–∞—É—á:0 [0;32m[–ì–µ–Ω–æ–¥:–°–ª–µ–≥–∫–∞ —Ä–∞–Ω–µ–Ω][0;37m [0;32m[—Å–µ—Ä–∞—è –º—ã—à—å:–ù–µ–≤—Ä–µ–¥–∏–º–∞][0;37m > ˇ˘
[0;31m–°–µ—Ä–∞—è –º—ã—à—å –ø–æ–ø—ã—Ç–∞–ª–∞—Å—å —Ç–∫–Ω—É—Ç—å –≤–∞—Å, –Ω–æ –µ–µ —É–¥–∞—Ä –Ω–µ –¥–æ—Å—Ç–∏–≥ —Ü–µ–ª–∏.
[0;0m[0;33m–í—ã –ø–æ–ø—ã—Ç–∞–ª–∏—Å—å —É–¥–∞—Ä–∏—Ç—å —Å–µ—Ä—É—é –º—ã—à—å - –Ω–µ—É–¥–∞—á–Ω–æ.
[0;0m
[0;32m94H[0;37m [0;32m88M[0;37m 3371–æ –ó–∞—É—á:0 [0;32m[–ì–µ–Ω–æ–¥:–°–ª–µ–≥–∫–∞ —Ä–∞–Ω–µ–Ω][0;37m [0;32m[—Å–µ—Ä–∞—è –º—ã—à—å:–ù–µ–≤—Ä–µ–¥–∏–º–∞][0;37m > ˇ˘
[0;31m–°–µ—Ä–∞—è –º—ã—à—å –ø–æ–ø—ã—Ç–∞–ª–∞—Å—å —Ç–∫–Ω—É—Ç—å –≤–∞—Å, –Ω–æ –µ–µ —É–¥–∞—Ä –Ω–µ –¥–æ—Å—Ç–∏–≥ —Ü–µ–ª–∏.
[0;0m[1;33m–í—ã —É–¥–∞—Ä–∏–ª–∏ —Å–µ—Ä—É—é –º—ã—à—å.
[0;0m
[0;32m96H[0;37m [0;32m88M[0;37m 3368–æ –ó–∞—É—á:0 [0;32m[–ì–µ–Ω–æ–¥:–ù–µ–≤—Ä–µ–¥–∏–º][0;37m [1;32m[—Å–µ—Ä–∞—è –º—ã—à—å:–õ–µ–≥–∫–æ —Ä–∞–Ω–µ–Ω–∞][0;37m > ˇ˘
[0;31m–°–µ—Ä–∞—è –º—ã—à—å –ø–æ–ø—ã—Ç–∞–ª–∞—Å—å —Ç–∫–Ω—É—Ç—å –≤–∞—Å, –Ω–æ –µ–µ —É–¥–∞—Ä –Ω–µ –¥–æ—Å—Ç–∏–≥ —Ü–µ–ª–∏.
[0;0m[0;33m–í–∞—à–∞ —Ä—É–∫–∞ –Ω–µ –¥–æ—Å—Ç–∏–≥–ª–∞ —Å–µ—Ä–æ–π –º—ã—à–∏ - –Ω—É–∂–Ω–æ –±—ã–ª–æ –ª—É—á—à–µ —Ç—Ä–µ–Ω–∏—Ä–æ–≤–∞—Ç—å—Å—è.
[0;0m
[0;32m96H[0;37m [0;32m88M[0;37m 3367–æ –ó–∞—É—á:0 [0;32m[–ì–µ–Ω–æ–¥:–ù–µ–≤—Ä–µ–¥–∏–º][0;37m [1;32m[—Å–µ—Ä–∞—è –º—ã—à—å:–õ–µ–≥–∫–æ —Ä–∞–Ω–µ–Ω–∞][0;37m > ˇ˘
[0;31m–°–µ—Ä–∞—è –º—ã—à—å –ø–æ–ø—ã—Ç–∞–ª–∞—Å—å —Ç–∫–Ω—É—Ç—å –≤–∞—Å, –Ω–æ –µ–µ —É–¥–∞—Ä –Ω–µ –¥–æ—Å—Ç–∏–≥ —Ü–µ–ª–∏.
[0;0m[0;33m–í–∞—à–∞ —Ä—É–∫–∞ –Ω–µ –¥–æ—Å—Ç–∏–≥–ª–∞ —Å–µ—Ä–æ–π –º—ã—à–∏ - –Ω—É–∂–Ω–æ –±—ã–ª–æ –ª—É—á—à–µ —Ç—Ä–µ–Ω–∏—Ä–æ–≤–∞—Ç—å—Å—è.
[0;0m
[0;32m96H[0;37m [0;32m88M[0;37m 3366–æ –ó–∞—É—á:0 [0;32m[–ì–µ–Ω–æ–¥:–ù–µ–≤—Ä–µ–¥–∏–º][0;37m [1;32m[—Å–µ—Ä–∞—è –º—ã—à—å:–õ–µ–≥–∫–æ —Ä–∞–Ω–µ–Ω–∞][0;37m > ˇ˘
[0;31m–°–µ—Ä–∞—è –º—ã—à—å –ø–æ–ø—ã—Ç–∞–ª–∞—Å—å —Ç–∫–Ω—É—Ç—å –≤–∞—Å, –Ω–æ –ø—Ä–æ–º–∞—Ö–Ω—É–ª–∞—Å—å.
[0;0m[1;33m–í—ã —É–¥–∞—Ä–∏–ª–∏ —Å–µ—Ä—É—é –º—ã—à—å.
[0;0m
[0;32m96H[0;37m [0;32m88M[0;37m 3362–æ –ó–∞—É—á:0 [0;32m[–ì–µ–Ω–æ–¥:–ù–µ–≤—Ä–µ–¥–∏–º][0;37m [1;33m[—Å–µ—Ä–∞—è –º—ã—à—å:–†–∞–Ω–µ–Ω–∞][0;37m > ˇ˘
[1;31m–°–µ—Ä–∞—è –º—ã—à—å –ª–µ–≥–æ–Ω—å–∫–æ —Ç–∫–Ω—É–ª–∞ –≤–∞—Å.
[0;0m[0;33m–í—ã –ø–æ–ø—ã—Ç–∞–ª–∏—Å—å —É–¥–∞—Ä–∏—Ç—å —Å–µ—Ä—É—é –º—ã—à—å - –Ω–µ—É–¥–∞—á–Ω–æ.
[0;0m
[0;32m92H[0;37m [0;32m88M[0;37m 3361–æ –ó–∞—É—á:0 [0;32m[–ì–µ–Ω–æ–¥:–°–ª–µ–≥–∫–∞ —Ä–∞–Ω–µ–Ω][0;37m [1;33m[—Å–µ—Ä–∞—è –º—ã—à—å:–†–∞–Ω–µ–Ω–∞][0;37m > ˇ˘
[0;31m–°–µ—Ä–∞—è –º—ã—à—å –ø–æ–ø—ã—Ç–∞–ª–∞—Å—å —Ç–∫–Ω—É—Ç—å –≤–∞—Å, –Ω–æ –µ–µ —É–¥–∞—Ä –Ω–µ –¥–æ—Å—Ç–∏–≥ —Ü–µ–ª–∏.
[0;0m[0;33m–í–∞—à–∞ —Ä—É–∫–∞ –Ω–µ –¥–æ—Å—Ç–∏–≥–ª–∞ —Å–µ—Ä–æ–π –º—ã—à–∏ - –Ω—É–∂–Ω–æ –±—ã–ª–æ –ª—É—á—à–µ —Ç—Ä–µ–Ω–∏—Ä–æ–≤–∞—Ç—å—Å—è.
[0;0m
[0;32m95H[0;37m [0;32m88M[0;37m 3360–æ –ó–∞—É—á:0 [0;32m[–ì–µ–Ω–æ–¥:–°–ª–µ–≥–∫–∞ —Ä–∞–Ω–µ–Ω][0;37m [1;33m[—Å–µ—Ä–∞—è –º—ã—à—å:–†–∞–Ω–µ–Ω–∞][0;37m > ˇ˘
[0;31m–°–µ—Ä–∞—è –º—ã—à—å –ø–æ–ø—ã—Ç–∞–ª–∞—Å—å —Ç–∫–Ω—É—Ç—å –≤–∞—Å, –Ω–æ –µ–µ —É–¥–∞—Ä –Ω–µ –¥–æ—Å—Ç–∏–≥ —Ü–µ–ª–∏.
[0;0m[0;33m–í—ã –ø–æ–ø—ã—Ç–∞–ª–∏—Å—å —É–¥–∞—Ä–∏—Ç—å —Å–µ—Ä—É—é –º—ã—à—å - –Ω–µ—É–¥–∞—á–Ω–æ.
[0;0m
[0;32m96H[0;37m [0;32m88M[0;37m 3359–æ –ó–∞—É—á:0 [0;32m[–ì–µ–Ω–æ–¥:–ù–µ–≤—Ä–µ–¥–∏–º][0;37m [1;33m[—Å–µ—Ä–∞—è –º—ã—à—å:–†–∞–Ω–µ–Ω–∞][0;37m > ˇ˘
[0;31m–°–µ—Ä–∞—è –º—ã—à—å –ø–æ–ø—ã—Ç–∞–ª–∞—Å—å —Ç–∫–Ω—É—Ç—å –≤–∞—Å, –Ω–æ –ø—Ä–æ–º–∞—Ö–Ω—É–ª–∞—Å—å.
[0;0m[1;33m–í—ã —É–¥–∞—Ä–∏–ª–∏ —Å–µ—Ä—É—é –º—ã—à—å.
[0;0m
[0;32m96H[0;37m [0;32m88M[0;37m 3356–æ –ó–∞—É—á:0 [0;32m[–ì–µ–Ω–æ–¥:–ù–µ–≤—Ä–µ–¥–∏–º][0;37m [0;31m[—Å–µ—Ä–∞—è –º—ã—à—å:–û.—Ç—è–∂–µ–ª–æ —Ä–∞–Ω–µ–Ω–∞][0;37m > ˇ˘
[0;31m–°–µ—Ä–∞—è –º—ã—à—å –ø–æ–ø—ã—Ç–∞–ª–∞—Å—å —Ç–∫–Ω—É—Ç—å –≤–∞—Å, –Ω–æ –µ–µ —É–¥–∞—Ä –Ω–µ –¥–æ—Å—Ç–∏–≥ —Ü–µ–ª–∏.
[0;0m[1;33m–í—ã —É–¥–∞—Ä–∏–ª–∏ —Å–µ—Ä—É—é –º—ã—à—å.
[0;0m–°–µ—Ä–∞—è –º—ã—à—å —Å–º–µ—Ä—Ç–µ–ª—å–Ω–æ —Ä–∞–Ω–µ–Ω–∞ –∏ —É–º—Ä–µ—Ç, –µ—Å–ª–∏ –µ–π –Ω–µ –ø–æ–º–æ–≥—É—Ç.

[0;32m96H[0;37m [0;32m88M[0;37m 3355–æ –ó–∞—É—á:0 [0;32m[–ì–µ–Ω–æ–¥:–ù–µ–≤—Ä–µ–¥–∏–º][0;37m [0;31m[—Å–µ—Ä–∞—è –º—ã—à—å:–°–º–µ—Ä—Ç–µ–ª—å–Ω–æ —Ä–∞–Ω–µ–Ω–∞][0;37m > ˇ˘
[1;33m–í—ã –≤—ã–±–∏–ª–∏ –æ—Å—Ç–∞—Ç–∫–∏ –∂–∏–∑–Ω–∏ –∏–∑ —Å–µ—Ä–æ–π –º—ã—à–∏ —Å–≤–æ–∏–º –º–æ—â–Ω—ã–º —É–¥–∞—Ä–æ–º.
[0;0m–°–µ—Ä–∞—è –º—ã—à—å –º–µ—Ä—Ç–≤–∞, –µ–µ –¥—É—à–∞ –º–µ–¥–ª–µ–Ω–Ω–æ –ø–æ–¥—ã–º–∞–µ—Ç—Å—è –≤ –Ω–µ–±–µ—Å–∞.
–í–∞—à –æ–ø—ã—Ç –ø–æ–≤—ã—Å–∏–ª—Å—è –Ω–∞ 400 –æ—á–∫–æ–≤.
–¢—Ä—É–ø —Å–µ—Ä–æ–π –º—ã—à–∏ –ø—É—Å—Ç.

[0;32m96H[0;37m [0;32m88M[0;37m 2954–æ –ó–∞—É—á:0 –í—ã—Ö:–Æ–ó> ˇ˘[1;30m"–•—Ä–∞–Ω–∏ —Ç–µ–±—è –ì–æ—Å–ø–æ–¥—å, —Ç–∞—Ä–∞–∫–∞–Ω!" - –ø–µ—Ä–µ–∫—Ä–µ—Å—Ç–∏–ª–∏ –≤—ã –µ–≥–æ.[0;0m

[0;32m96H[0;37m [0;32m88M[0;37m 2954–æ –ó–∞—É—á:0 –í—ã—Ö:–Æ–ó> ˇ˘[1;30m–í—ã –∑–∞–¥—É–º–∞–ª–∏—Å—å –Ω–∞–¥ –¥–∞–ª—å–Ω–µ–π—à–µ–π —Å—É–¥—å–±–æ–π —Ç–∞—Ä–∞–∫–∞–Ω–∞.[0;0m

[0;32m96H[0;37m [0;32m88M[0;37m 2954–æ –ó–∞—É—á:0 –í—ã—Ö:–Æ–ó> ˇ˘[1;30m"–£–∂–∞—Å-—Ç–æ –∫–∞–∫–æ–π!.." - –ø–æ–¥—É–º–∞–ª–∏ –≤—ã, —Å–æ —Å—Ç—Ä–∞—Ö–æ–º –≥–ª—è–¥—è –Ω–∞ —Ç–∞—Ä–∞–∫–∞–Ω–∞.[0;0m

[0;32m96H[0;37m [0;32m88M[0;37m 2954–æ –ó–∞—É—á:0 –í—ã—Ö:–Æ–ó> ˇ˘[1;30m"–ó–∞ –∑–¥–æ—Ä–æ–≤—å–µ?" - —Ç–æ –ª–∏ —Å–ø—Ä–æ—Å–∏–ª–∏, —Ç–æ –ª–∏ –ø—Ä–µ–¥–ª–æ–∂–∏–ª–∏ –≤—ã —Ç–∞—Ä–∞–∫–∞–Ω—É.[0;0m

[0;32m96H[0;37m [0;32m88M[0;37m 2954–æ –ó–∞—É—á:0 –í—ã—Ö:–Æ–ó> ˇ˘[1;30m–í—ã –ø—Ä–∏—Ö–≤–∞—Å—Ç–Ω—É–ª–∏ –ø–µ—Ä–µ–¥ —Ç–∞—Ä–∞–∫–∞–Ω–æ–º.[0;0m

[0;32m96H[0;37m [0;32m88M[0;37m 2954–æ –ó–∞—É—á:0 –í—ã—Ö:–Æ–ó> ˇ˘[1;30m–í—ã —Ä–µ—à–∏–ª–∏ —Å–æ—Å—Ä–µ–¥–æ—Ç–æ—á–∏—Ç—å –≤–Ω–∏–º–∞–Ω–∏–µ –Ω–∞ —Ç–∞—Ä–∞–∫–∞–Ω–µ.[0;0m

[0;32m96H[0;37m [0;32m88M[0;37m 2954–æ –ó–∞—É—á:0 –í—ã—Ö:–Æ–ó> ˇ˘[1;36m–ù–∞ —Å–µ–Ω–æ–≤–∞–ª–µ [5104][0;37m
   –ü–æ–¥ –Ω–æ–≥–∞–º–∏ —Ä–∞–∑–±—Ä–æ—Å–∞–Ω–∞ —Å–æ–ª–æ–º–∞ –≤–ø–µ—Ä–µ–º–µ—à–∫—É —Å —Å–µ–Ω–æ–º, –ø–æ —É–≥–ª–∞–º –ª–µ–∂–∞—Ç —Å—Ç–∞—Ä—ã–µ
–∏–Ω—Å—Ç—Ä—É–º–µ–Ω—Ç—ã. –°—é–¥–∞ –∑–∞–±—Ä–∞—Å—ã–≤–∞–µ—Ç—Å—è –∫–æ—Ä–º –¥–ª—è –¥–æ–º–∞—à–Ω–µ–≥–æ —Å–∫–æ—Ç–∞, –∞ –ø–æ—Ç–æ–º –ø–æ–¥–∞–µ—Ç—Å—è
–ø–æ —Å—Ç–æ–π–ª–∞–º.
[0;36m[ Exits: s w ][0;37m
[1;33m–¢—Ä—É–ø —Å–µ—Ä–æ–π –º—ã—à–∏ –ª–µ–∂–∏—Ç –∑–¥–µ—Å—å.
–¢—Ä—É–ø –º–æ–ª–∏ –ª–µ–∂–∏—Ç –∑–¥–µ—Å—å.
–¢—Ä—É–ø –∫–ª–æ–ø–∞ –ª–µ–∂–∏—Ç –∑–¥–µ—Å—å.
–ù–∞ –ø–æ–ª—É –ª–µ–∂–∏—Ç –ª–µ—Å—Ç–Ω–∏—Ü–∞.
[1;31m–¢–∞—Ä–∞–∫–∞–Ω –±—ã—Å—Ç—Ä–æ –ø—Ä–æ–±–µ–∂–∞–ª –∑–¥–µ—Å—å.
[0;0m
[0;32m96H[0;37m [0;32m88M[0;37m 2954–æ –ó–∞—É—á:0 –í—ã—Ö:–Æ–ó> ˇ˘–í–∞–º —Å—Ç–æ–∏—Ç –¥–æ—Å—Ç–∏—á—å —Ö–æ—Ç—è –±—ã 8 —É—Ä–æ–≤–Ω—è, —á—Ç–æ–±—ã –ø–æ–ª—å–∑–æ–≤–∞—Ç—å—Å—è –±–∞–∑–∞—Ä–æ–º.

[0;32m96H[0;37m [0;32m88M[0;37m 2954–æ –ó–∞—É—á:0 –í—ã—Ö:–Æ–ó> ˇ˘–í—ã –ø–æ–ø–ª–µ–ª–∏—Å—å –Ω–∞ —é–≥.
[1;36m–ù–∞ —Å–µ–Ω–æ–≤–∞–ª–µ [5106][0;37m
   –ó–¥–µ—Å—å –∫–æ–≥–¥–∞-—Ç–æ —Ö—Ä–∞–Ω–∏–ª–∏—Å—å –º–µ—à–∫–∏ —Å –∑–µ—Ä–Ω–æ–º –∏ –º—É–∫–æ–π. –î–∞–∂–µ —Å–µ–π—á–∞—Å –µ—â–µ –Ω–∞
–ø–æ–ª—É –ø–æ–ø–∞–¥–∞—é—Ç—Å—è —Ä–∞–∑–±—Ä–æ—Å–∞–Ω–Ω—ã–µ –∑–µ—Ä–Ω–∞ –∏ –±–µ–ª—ã–µ –ø—è—Ç–Ω–∞ –æ—Ç –º—É–∫–∏. –î–ª—è —Ä–∞—á–∏—Ç–µ–ª—å–Ω—ã—Ö
—Ö–æ–∑—è–µ–≤ –Ω–µ–ø–æ–∑–≤–æ–ª–∏—Ç–µ–ª—å–Ω–æ, —á—Ç–æ–±—ã —Ö–ª–µ–± —Ç–∞–∫ –±—Ä–æ—Å–∞–ª—Å—è.
[0;36m[ Exits: n w ][0;37m
[1;33m[1;31m[0;0m
[0;32m96H[0;37m [0;32m87M[0;37m 2954–æ –ó–∞—É—á:0 –í—ã—Ö:–°–ó> ˇ˘–í—ã –ø–æ–ø–ª–µ–ª–∏—Å—å –Ω–∞ –∑–∞–ø–∞–¥.
[1;36m–ù–∞ —Å–µ–Ω–æ–≤–∞–ª–µ [5105][0;37m
   –ö–æ–≥–¥–∞-—Ç–æ –≤–µ—Å—å –∑–∞–ø–æ–ª–Ω–µ–Ω–Ω—ã–π –≤–µ—Ä–µ–≤–∫–∞–º–∏ —Å —Å—É—à–µ–Ω–Ω—ã–º –ª—É–∫–æ–º, —á–µ—Å–Ω–æ–∫–æ–º –∏ –¥—Ä—É–≥–∏–º–∏
—Å–ø–µ—Ü–∏—è–º–∏. –°–µ–π—á–∞—Å –¥–∞–∂–µ –∑–∞–ø–∞—Ö–∞ –æ—Ç –Ω–∏—Ö –Ω–µ –æ—Å—Ç–∞–ª–æ—Å—å.
[0;36m[ Exits: n e ][0;37m
[1;33m–¢—Ä—É–ø –º—É—Ö–∏ –ª–µ–∂–∏—Ç –∑–¥–µ—Å—å.
–¢—Ä—É–ø —Ç–∞—Ä–∞–∫–∞–Ω–∞ –ª–µ–∂–∏—Ç –∑–¥–µ—Å—å.
[1;31m(–ª–µ—Ç–∏—Ç) –ú—É—Ö–∞ –ª–µ—Ç–∞–µ—Ç –∑–¥–µ—Å—å.
(–ª–µ—Ç–∏—Ç) –ú—É—Ö–∞ –ª–µ—Ç–∞–µ—Ç –∑–¥–µ—Å—å.
[0;0m
[0;32m96H[0;37m [0;32m86M[0;37m 2954–æ –ó–∞—É—á:0 –í—ã—Ö:–°–í> ˇ˘
[0;32m96H[0;37m [0;32m86M[0;37m 2954–æ –ó–∞—É—á:0 –í—ã—Ö:–°–í> ˇ˘–ù–æ –≤—ã –Ω–µ –∑–Ω–∞–µ—Ç–µ –∫–∞–∫.

[0;32m96H[0;37m [0;32m88M[0;37m 2954–æ –ó–∞—É—á:0 –í—ã—Ö:–°–í> ˇ˘–ù–æ –≤—ã –Ω–µ –∑–Ω–∞–µ—Ç–µ –∫–∞–∫.

[0;32m96H[0;37m [0;32m88M[0;37m 2954–æ –ó–∞—É—á:0 –í—ã—Ö:–°–í> ˇ˘–í—ã –ø–æ–ø–ª–µ–ª–∏—Å—å –Ω–∞ —Å–µ–≤–µ—Ä.
[1;36m–ù–∞ —Å–µ–Ω–æ–≤–∞–ª–µ [5103][0;37m
   –ü–æ–¥ –Ω–æ–≥–∞–º–∏ —Ä–∞–∑–±—Ä–æ—Å–∞–Ω–∞ —Å–æ–ª–æ–º–∞ –≤–ø–µ—Ä–µ–º–µ—à–∫—É —Å —Å–µ–Ω–æ–º, –ø–æ —É–≥–ª–∞–º –ª–µ–∂–∞—Ç —Å—Ç–∞—Ä—ã–µ
–∏–Ω—Å—Ç—Ä—É–º–µ–Ω—Ç—ã. –°—é–¥–∞ –∑–∞–±—Ä–∞—Å—ã–≤–∞–µ—Ç—Å—è –∫–æ—Ä–º –¥–ª—è –¥–æ–º–∞—à–Ω–µ–≥–æ —Å–∫–æ—Ç–∞, –∞ –ø–æ—Ç–æ–º –ø–æ–¥–∞–µ—Ç—Å—è
–ø–æ —Å—Ç–æ–π–ª–∞–º.
[0;36m[ Exits: n e s ][0;37m
[1;33m[1;31m(–ª–µ—Ç–∏—Ç) –ú—É—Ö–∞ –ª–µ—Ç–∞–µ—Ç –∑–¥–µ—Å—å.
[0;0m
[0;32m96H[0;37m [0;32m87M[0;37m 2954–æ –ó–∞—É—á:0 –í—ã—Ö:–°–í–Æ> ˇ˘–í—ã –ø–æ–ø–ª–µ–ª–∏—Å—å –Ω–∞ —Å–µ–≤–µ—Ä.
[1;36m–í —Å–µ–Ω—è—Ö [5102][0;37m
   –ß—Ç–æ –∑–∞—Å—Ç–∞–≤–∏–ª–æ —Ö–æ–∑—è–µ–≤ –ø–æ–∫–∏–Ω—É—Ç—å —ç—Ç–æ—Ç –¥–æ–º, —Å–æ—Ö—Ä–∞–Ω–∏–≤—à–∏–π—Å—è –≤ –ø—Ä–∏–ª–∏—á–Ω–æ–º —Å–æ—Å—Ç–æ—è–Ω–∏–∏
–¥–∞–∂–µ –∑–∞ –¥–æ–ª–≥–æ–µ –≤—Ä–µ–º—è –∑–∞–ø—É—Å—Ç–µ–Ω–∏—è –∏ –æ–¥–∏–Ω–æ—á–µ—Å—Ç–≤–∞? –í —ç—Ç–æ–º –º–µ—Å—Ç–µ —Å–µ–Ω–µ–π –Ω–∞—Ö–æ–¥—è—Ç—Å—è
–¥–≤–µ –¥–≤–µ—Ä–∏, –æ–¥–Ω–∞ –∏–∑ –∫–æ—Ç–æ—Ä—ã—Ö –≤–µ–¥–µ—Ç –≤ –∏–∑–±—É, –¥—Ä—É–≥–∞—è - –Ω–∞ —Å–µ–Ω–æ–≤–∞–ª.  
[0;36m[ Exits: (n) e s ][0;37m
[1;33m–¢—Ä—É–ø –±–ª–æ—Ö–∏ –ª–µ–∂–∏—Ç –∑–¥–µ—Å—å.
[1;31m[0;0m
[0;32m96H[0;37m [0;32m87M[0;37m 2954–æ –ó–∞—É—á:0 –í—ã—Ö:(–°)–í–Æ> ˇ˘–õ–∞–¥—É—à–∫–∏.

[0;32m96H[0;37m [0;32m88M[0;37m 2954–æ –ó–∞—É—á:0 –í—ã—Ö:–°–í–Æ> ˇ˘
[0;32m96H[0;37m [0;32m88M[0;37m 2954–æ –ó–∞—É—á:0 –í—ã—Ö:–°–í–Æ> ˇ˘–í—ã –ø–æ–ø–ª–µ–ª–∏—Å—å –Ω–∞ —Å–µ–≤–µ—Ä.
[1;36m–í –∏–∑–±–µ [5107][0;37m
   –ö—Ä–µ–ø–∫–∏–π –ø—è—Ç–∏—Å—Ç–µ–Ω–æ–∫ —Å—Ä—É–±–ª–µ–Ω –æ–ø—ã—Ç–Ω—ã–º–∏ –º–∞—Å—Ç–µ—Ä–∞–º–∏, —Ç–æ–ª—Å—Ç—ã–µ –±—Ä–µ–≤–Ω–∞ –ø–ª–æ—Ç–Ω–æ
–ø–æ–¥–æ–≥–Ω–∞–Ω—ã –¥—Ä—É–≥ –∫ –¥—Ä—É–≥—É, –≤–Ω—É—Ç—Ä–µ–Ω–Ω—è—è —Å—Ç–æ—Ä–æ–Ω–∞ —Å—Ç–µ—Å–∞–Ω–∞ —Ç–∞–∫, —á—Ç–æ —Å–æ–∑–¥–∞—é—Ç—Å—è
–ø–ª–æ—Å–∫–∏–µ –≥–ª–∞–¥–∫–∏–µ —Å—Ç–µ–Ω—ã.
[0;36m[ Exits: n e s ][0;37m
[1;33m[1;31m–ë–ª–æ—Ö–∞ –ø—Ä—è—á–µ—Ç—Å—è –≤ –º—É—Å–æ—Ä–µ.
[0;0m
[0;32m96H[0;37m [0;32m87M[0;37m 2954–æ –ó–∞—É—á:0 –í—ã—Ö:–°–í–Æ> ˇ˘–í—ã –ø–æ–ø–ª–µ–ª–∏—Å—å –Ω–∞ —Å–µ–≤–µ—Ä.
[1;36m–í –∏–∑–±–µ [5108][0;37m
   –í–¥–æ–ª—å —Å—Ç–µ–Ω –ø–æ—Å—Ç–∞–≤–ª–µ–Ω—ã —à–∏—Ä–æ–∫–∏–µ –∫—Ä–µ–ø–∫–∏–µ –ª–∞–≤–∫–∏, –Ω–∞ –∫–æ—Ç–æ—Ä—ã—Ö –º–æ–∂–Ω–æ —Å–∏–¥–µ—Ç—å,
–∞ –≤ —Å–ª—É—á–∞–µ –Ω–µ–æ–±—Ö–æ–¥–∏–º–æ—Å—Ç–∏ –∏ –ø—Ä–∏–ª–µ—á—å. –ù–∞ —Å–¥–µ–ª–∞–Ω–Ω–æ–π –∏–∑ —Ç–æ–ª—Å—Ç–æ–π –¥–æ—Å–∫–∏ –ª–∞–≤–∫–µ
—Ä–∞–∑–º–µ—Å—Ç–∏—Ç—Å—è –∏ –∑–¥–æ—Ä–æ–≤—ã–π –º—É–∂–∏–∫.
[0;36m[ Exits: e s ][0;37m
[1;33m[1;31m–¢–∞—Ä–∞–∫–∞–Ω –±—ã—Å—Ç—Ä–æ –ø—Ä–æ–±–µ–∂–∞–ª –∑–¥–µ—Å—å.
(–ª–µ—Ç–∏—Ç) –ö–æ–º–∞—Ä –∂—É–∂–∂–∏—Ç –∑–¥–µ—Å—å.
–¢–∞—Ä–∞–∫–∞–Ω –±—ã—Å—Ç—Ä–æ –ø—Ä–æ–±–µ–∂–∞–ª –∑–¥–µ—Å—å.
(–ª–µ—Ç–∏—Ç) –ú–æ–ª—å –ª–µ—Ç–∞–µ—Ç –∑–¥–µ—Å—å.
[0;0m[0;31m–ö–æ–º–∞—Ä –ø–æ–ø—ã—Ç–∞–ª—Å—è —É–∂–∞–ª–∏—Ç—å –≤–∞—Å, –Ω–æ –ø—Ä–æ–º–∞—Ö–Ω—É–ª—Å—è.
[0;0m
[0;32m96H[0;37m [0;32m87M[0;37m 2954–æ –ó–∞—É—á:0 [0;32m[–ì–µ–Ω–æ–¥:–ù–µ–≤—Ä–µ–¥–∏–º][0;37m [0;32m[–∫–æ–º–∞—Ä:–ù–µ–≤—Ä–µ–¥–∏–º][0;37m > ˇ˘
[0;31m–ö–æ–º–∞—Ä –ø–æ–ø—ã—Ç–∞–ª—Å—è —É–∂–∞–ª–∏—Ç—å –≤–∞—Å, –Ω–æ –ø—Ä–æ–º–∞—Ö–Ω—É–ª—Å—è.
[0;0m[1;33m–í—ã —É–¥–∞—Ä–∏–ª–∏ –∫–æ–º–∞—Ä–∞.
[0;0m
[0;32m96H[0;37m [0;32m88M[0;37m 2950–æ –ó–∞—É—á:0 [0;32m[–ì–µ–Ω–æ–¥:–ù–µ–≤—Ä–µ–¥–∏–º][0;37m [0;31m[–∫–æ–º–∞—Ä:–û.—Ç—è–∂–µ–ª–æ —Ä–∞–Ω–µ–Ω][0;37m > ˇ˘
[0;31m–ö–æ–º–∞—Ä –ø–æ–ø—ã—Ç–∞–ª—Å—è —É–∂–∞–ª–∏—Ç—å –≤–∞—Å, –Ω–æ –ø—Ä–æ–º–∞—Ö–Ω—É–ª—Å—è.
[0;0m[0;33m–í–∞—à–∞ —Ä—É–∫–∞ –Ω–µ –¥–æ—Å—Ç–∏–≥–ª–∞ –∫–æ–º–∞—Ä–∞ - –Ω—É–∂–Ω–æ –±—ã–ª–æ –ª—É—á—à–µ —Ç—Ä–µ–Ω–∏—Ä–æ–≤–∞—Ç—å—Å—è.
[0;0m
[0;32m96H[0;37m [0;32m88M[0;37m 2949–æ –ó–∞—É—á:0 [0;32m[–ì–µ–Ω–æ–¥:–ù–µ–≤—Ä–µ–¥–∏–º][0;37m [0;31m[–∫–æ–º–∞—Ä:–û.—Ç—è–∂–µ–ª–æ —Ä–∞–Ω–µ–Ω][0;37m > ˇ˘
[0;31m–ö–æ–º–∞—Ä –ø–æ–ø—ã—Ç–∞–ª—Å—è —É–∂–∞–ª–∏—Ç—å –≤–∞—Å, –Ω–æ –ø—Ä–æ–º–∞—Ö–Ω—É–ª—Å—è.
[0;0m[0;33m–í–∞—à–∞ —Ä—É–∫–∞ –Ω–µ –¥–æ—Å—Ç–∏–≥–ª–∞ –∫–æ–º–∞—Ä–∞ - –Ω—É–∂–Ω–æ –±—ã–ª–æ –ª—É—á—à–µ —Ç—Ä–µ–Ω–∏—Ä–æ–≤–∞—Ç—å—Å—è.
[0;0m
[0;32m96H[0;37m [0;32m88M[0;37m 2948–æ –ó–∞—É—á:0 [0;32m[–ì–µ–Ω–æ–¥:–ù–µ–≤—Ä–µ–¥–∏–º][0;37m [0;31m[–∫–æ–º–∞—Ä:–û.—Ç—è–∂–µ–ª–æ —Ä–∞–Ω–µ–Ω][0;37m > ˇ˘
[0;31m–ö–æ–º–∞—Ä –ø–æ–ø—ã—Ç–∞–ª—Å—è —É–∂–∞–ª–∏—Ç—å –≤–∞—Å, –Ω–æ –ø—Ä–æ–º–∞—Ö–Ω—É–ª—Å—è.
[0;0m[1;33m–í—ã —É–¥–∞—Ä–∏–ª–∏ –∫–æ–º–∞—Ä–∞.
[0;0m–ö–æ–º–∞—Ä —Å–º–µ—Ä—Ç–µ–ª—å–Ω–æ —Ä–∞–Ω–µ–Ω –∏ —É–º—Ä–µ—Ç, –µ—Å–ª–∏ –µ–º—É –Ω–µ –ø–æ–º–æ–≥—É—Ç.

[0;32m96H[0;37m [0;32m88M[0;37m 2947–æ –ó–∞—É—á:0 [0;32m[–ì–µ–Ω–æ–¥:–ù–µ–≤—Ä–µ–¥–∏–º][0;37m [0;31m[–∫–æ–º–∞—Ä:–°–º–µ—Ä—Ç–µ–ª—å–Ω–æ —Ä–∞–Ω–µ–Ω][0;37m > ˇ˘
[1;33m–í—ã –Ω–∞–Ω–µ—Å–ª–∏ –∫–æ–º–∞—Ä—É –ø—Ä–µ–∫—Ä–∞—Å–Ω—ã–π —É–¥–∞—Ä - –ø–æ—Å–ª–µ —ç—Ç–æ–≥–æ –µ–º—É —É–∂–µ –Ω–µ –≤—Å—Ç–∞—Ç—å.
[0;0m–ö–æ–º–∞—Ä –º–µ—Ä—Ç–≤, –µ–≥–æ –¥—É—à–∞ –º–µ–¥–ª–µ–Ω–Ω–æ –ø–æ–¥—ã–º–∞–µ—Ç—Å—è –≤ –Ω–µ–±–µ—Å–∞.
–í–∞—à –æ–ø—ã—Ç –ø–æ–≤—ã—Å–∏–ª—Å—è –Ω–∞ 32 –æ—á–∫–∞.
–¢—Ä—É–ø –∫–æ–º–∞—Ä–∞ –ø—É—Å—Ç.

[0;32m96H[0;37m [0;32m88M[0;37m 2914–æ –ó–∞—É—á:0 –í—ã—Ö:–í–Æ> ˇ˘–ß–∞–≤–æ?

[0;32m96H[0;37m [0;32m88M[0;37m 2914–æ –ó–∞—É—á:0 –í—ã—Ö:–í–Æ> ˇ˘[1;36m–í –∏–∑–±–µ [5108][0;37m
   –í–¥–æ–ª—å —Å—Ç–µ–Ω –ø–æ—Å—Ç–∞–≤–ª–µ–Ω—ã —à–∏—Ä–æ–∫–∏–µ –∫—Ä–µ–ø–∫–∏–µ –ª–∞–≤–∫–∏, –Ω–∞ –∫–æ—Ç–æ—Ä—ã—Ö –º–æ–∂–Ω–æ —Å–∏–¥–µ—Ç—å,
–∞ –≤ —Å–ª—É—á–∞–µ –Ω–µ–æ–±—Ö–æ–¥–∏–º–æ—Å—Ç–∏ –∏ –ø—Ä–∏–ª–µ—á—å. –ù–∞ —Å–¥–µ–ª–∞–Ω–Ω–æ–π –∏–∑ —Ç–æ–ª—Å—Ç–æ–π –¥–æ—Å–∫–∏ –ª–∞–≤–∫–µ
—Ä–∞–∑–º–µ—Å—Ç–∏—Ç—Å—è –∏ –∑–¥–æ—Ä–æ–≤—ã–π –º—É–∂–∏–∫.
[0;36m[ Exits: e s ][0;37m
[1;33m–¢—Ä—É–ø –∫–æ–º–∞—Ä–∞ –ª–µ–∂–∏—Ç –∑–¥–µ—Å—å.
[1;31m–¢–∞—Ä–∞–∫–∞–Ω –±—ã—Å—Ç—Ä–æ –ø—Ä–æ–±–µ–∂–∞–ª –∑–¥–µ—Å—å.
–¢–∞—Ä–∞–∫–∞–Ω –±—ã—Å—Ç—Ä–æ –ø—Ä–æ–±–µ–∂–∞–ª –∑–¥–µ—Å—å.
(–ª–µ—Ç–∏—Ç) –ú–æ–ª—å –ª–µ—Ç–∞–µ—Ç –∑–¥–µ—Å—å.
[0;0m
[0;32m96H[0;37m [0;32m88M[0;37m 2914–æ –ó–∞—É—á:0 –í—ã—Ö:–í–Æ> ˇ˘–ß–∞–≤–æ?

[0;32m96H[0;37m [0;32m88M[0;37m 2914–æ –ó–∞—É—á:0 –í—ã—Ö:–í–Æ> ˇ˘
[1;31m–ú–∏–Ω—É–ª —á–∞—Å.[0;37m

[0;32m96H[0;37m [0;32m88M[0;37m 2914–æ –ó–∞—É—á:0 –í—ã—Ö:–í–Æ> ˇ˘[1;33m–í—ã —É–¥–∞—Ä–∏–ª–∏ —Ç–∞—Ä–∞–∫–∞–Ω–∞.
[0;0m–¢–∞—Ä–∞–∫–∞–Ω –±–µ–∑ —Å–æ–∑–Ω–∞–Ω–∏—è, –Ω–æ –≤–æ–∑–º–æ–∂–Ω–æ –æ–Ω –µ—â–µ –ø–æ–≤–æ—é–µ—Ç (–ø–æ–ø–æ–∑–∂–µ :).

[0;32m96H[0;37m [0;32m88M[0;37m 2910–æ –ó–∞—É—á:0 [0;32m[–ì–µ–Ω–æ–¥:–ù–µ–≤—Ä–µ–¥–∏–º][0;37m [0;31m[—Ç–∞—Ä–∞–∫–∞–Ω:–°–º–µ—Ä—Ç–µ–ª—å–Ω–æ —Ä–∞–Ω–µ–Ω][0;37m > ˇ˘
[1;33m–í—ã –Ω–∞–Ω–µ—Å–ª–∏ —Ç–∞—Ä–∞–∫–∞–Ω—É –ø—Ä–µ–∫—Ä–∞—Å–Ω—ã–π —É–¥–∞—Ä - –ø–æ—Å–ª–µ —ç—Ç–æ–≥–æ –µ–º—É —É–∂–µ –Ω–µ –≤—Å—Ç–∞—Ç—å.
[0;0m–¢–∞—Ä–∞–∫–∞–Ω –º–µ—Ä—Ç–≤, –µ–≥–æ –¥—É—à–∞ –º–µ–¥–ª–µ–Ω–Ω–æ –ø–æ–¥—ã–º–∞–µ—Ç—Å—è –≤ –Ω–µ–±–µ—Å–∞.
–í–∞—à –æ–ø—ã—Ç –ø–æ–≤—ã—Å–∏–ª—Å—è –Ω–∞ 22 –æ—á–∫–∞.
–¢—Ä—É–ø —Ç–∞—Ä–∞–∫–∞–Ω–∞ –ø—É—Å—Ç.

[0;32m96H[0;37m [0;32m88M[0;37m 2887–æ –ó–∞—É—á:0 –í—ã—Ö:–í–Æ> ˇ˘[0;33m–í—ã –ø–æ–ø—ã—Ç–∞–ª–∏—Å—å —É–¥–∞—Ä–∏—Ç—å —Ç–∞—Ä–∞–∫–∞–Ω–∞ - –Ω–µ—É–¥–∞—á–Ω–æ.
[0;0m
[0;32m96H[0;37m [0;32m88M[0;37m 2886–æ –ó–∞—É—á:0 [0;32m[–ì–µ–Ω–æ–¥:–ù–µ–≤—Ä–µ–¥–∏–º][0;37m [0;32m[—Ç–∞—Ä–∞–∫–∞–Ω:–ù–µ–≤—Ä–µ–¥–∏–º][0;37m > ˇ˘
[0;31m–¢–∞—Ä–∞–∫–∞–Ω –ø–æ–ø—ã—Ç–∞–ª—Å—è –ª—è–≥–Ω—É—Ç—å –≤–∞—Å, –Ω–æ –ø—Ä–æ–º–∞—Ö–Ω—É–ª—Å—è.
[0;0m[0;33m–í–∞—à–∞ —Ä—É–∫–∞ –Ω–µ –¥–æ—Å—Ç–∏–≥–ª–∞ —Ç–∞—Ä–∞–∫–∞–Ω–∞ - –Ω—É–∂–Ω–æ –±—ã–ª–æ –ª—É—á—à–µ —Ç—Ä–µ–Ω–∏—Ä–æ–≤–∞—Ç—å—Å—è.
[0;0m
[0;32m96H[0;37m [0;32m88M[0;37m 2885–æ –ó–∞—É—á:0 [0;32m[–ì–µ–Ω–æ–¥:–ù–µ–≤—Ä–µ–¥–∏–º][0;37m [0;32m[—Ç–∞—Ä–∞–∫–∞–Ω:–ù–µ–≤—Ä–µ–¥–∏–º][0;37m > ˇ˘
[0;31m–¢–∞—Ä–∞–∫–∞–Ω –ø–æ–ø—ã—Ç–∞–ª—Å—è –ª—è–≥–Ω—É—Ç—å –≤–∞—Å, –Ω–æ –ø—Ä–æ–º–∞—Ö–Ω—É–ª—Å—è.
[0;0m[1;33m–í—ã —É–¥–∞—Ä–∏–ª–∏ —Ç–∞—Ä–∞–∫–∞–Ω–∞.
[0;0m
[0;32m96H[0;37m [0;32m88M[0;37m 2882–æ –ó–∞—É—á:0 [0;32m[–ì–µ–Ω–æ–¥:–ù–µ–≤—Ä–µ–¥–∏–º][0;37m [1;31m[—Ç–∞—Ä–∞–∫–∞–Ω:–¢—è–∂–µ–ª–æ —Ä–∞–Ω–µ–Ω][0;37m > ˇ˘
[0;33m–í—ã –ø–æ–ø—ã—Ç–∞–ª–∏—Å—å —É–¥–∞—Ä–∏—Ç—å —Ç–∞—Ä–∞–∫–∞–Ω–∞ - –Ω–µ—É–¥–∞—á–Ω–æ.
[0;0m[0;31m–¢–∞—Ä–∞–∫–∞–Ω –ø–æ–ø—ã—Ç–∞–ª—Å—è –ª—è–≥–Ω—É—Ç—å –≤–∞—Å, –Ω–æ –µ–≥–æ —É–¥–∞—Ä –Ω–µ –¥–æ—Å—Ç–∏–≥ —Ü–µ–ª–∏.
[0;0m
[0;32m96H[0;37m [0;32m88M[0;37m 2881–æ –ó–∞—É—á:0 [0;32m[–ì–µ–Ω–æ–¥:–ù–µ–≤—Ä–µ–¥–∏–º][0;37m [1;31m[—Ç–∞—Ä–∞–∫–∞–Ω:–¢—è–∂–µ–ª–æ —Ä–∞–Ω–µ–Ω][0;37m > ˇ˘
[0;31m–¢–∞—Ä–∞–∫–∞–Ω –ø–æ–ø—ã—Ç–∞–ª—Å—è –ª—è–≥–Ω—É—Ç—å –≤–∞—Å, –Ω–æ –ø—Ä–æ–º–∞—Ö–Ω—É–ª—Å—è.
[0;0m[1;33m–í—ã —É–¥–∞—Ä–∏–ª–∏ —Ç–∞—Ä–∞–∫–∞–Ω–∞.
[0;0m–¢–∞—Ä–∞–∫–∞–Ω —Å–º–µ—Ä—Ç–µ–ª—å–Ω–æ —Ä–∞–Ω–µ–Ω –∏ —É–º—Ä–µ—Ç, –µ—Å–ª–∏ –µ–º—É –Ω–µ –ø–æ–º–æ–≥—É—Ç.

[0;32m96H[0;37m [0;32m88M[0;37m 2880–æ –ó–∞—É—á:0 [0;32m[–ì–µ–Ω–æ–¥:–ù–µ–≤—Ä–µ–¥–∏–º][0;37m [0;31m[—Ç–∞—Ä–∞–∫–∞–Ω:–°–º–µ—Ä—Ç–µ–ª—å–Ω–æ —Ä–∞–Ω–µ–Ω][0;37m > ˇ˘
[1;33m–í—ã –≤—ã–±–∏–ª–∏ –æ—Å—Ç–∞—Ç–∫–∏ –∂–∏–∑–Ω–∏ –∏–∑ —Ç–∞—Ä–∞–∫–∞–Ω–∞ —Å–≤–æ–∏–º –º–æ—â–Ω—ã–º —É–¥–∞—Ä–æ–º.
[0;0m–¢–∞—Ä–∞–∫–∞–Ω –º–µ—Ä—Ç–≤, –µ–≥–æ –¥—É—à–∞ –º–µ–¥–ª–µ–Ω–Ω–æ –ø–æ–¥—ã–º–∞–µ—Ç—Å—è –≤ –Ω–µ–±–µ—Å–∞.
–í–∞—à –æ–ø—ã—Ç –ø–æ–≤—ã—Å–∏–ª—Å—è –Ω–∞ 21 –æ—á–∫–æ.
–¢—Ä—É–ø —Ç–∞—Ä–∞–∫–∞–Ω–∞ –ø—É—Å—Ç.

[0;32m96H[0;37m [0;32m88M[0;37m 2858–æ –ó–∞—É—á:0 –í—ã—Ö:–í–Æ> ˇ˘[1;30m"–•—Ä–∞–Ω–∏ —Ç–µ–±—è –ì–æ—Å–ø–æ–¥—å, –º–æ–ª—å!" - –ø–µ—Ä–µ–∫—Ä–µ—Å—Ç–∏–ª–∏ –≤—ã –µ–µ.[0;0m

[0;32m96H[0;37m [0;32m88M[0;37m 2858–æ –ó–∞—É—á:0 –í—ã—Ö:–í–Æ> ˇ˘[1;30m–í—ã –∑–∞–¥—É–º–∞–ª–∏—Å—å –Ω–∞–¥ –¥–∞–ª—å–Ω–µ–π—à–µ–π —Å—É–¥—å–±–æ–π –º–æ–ª–∏.[0;0m

[0;32m96H[0;37m [0;32m88M[0;37m 2858–æ –ó–∞—É—á:0 –í—ã—Ö:–í–Æ> ˇ˘[1;30m"–£–∂–∞—Å-—Ç–æ –∫–∞–∫–æ–π!.." - –ø–æ–¥—É–º–∞–ª–∏ –≤—ã, —Å–æ —Å—Ç—Ä–∞—Ö–æ–º –≥–ª—è–¥—è –Ω–∞ –º–æ–ª—å.[0;0m

[0;32m96H[0;37m [0;32m88M[0;37m 2858–æ –ó–∞—É—á:0 –í—ã—Ö:–í–Æ> ˇ˘[1;30m"–ó–∞ –∑–¥–æ—Ä–æ–≤—å–µ?" - —Ç–æ –ª–∏ —Å–ø—Ä–æ—Å–∏–ª–∏, —Ç–æ –ª–∏ –ø—Ä–µ–¥–ª–æ–∂–∏–ª–∏ –≤—ã –º–æ–ª–∏.[0;0m

[0;32m96H[0;37m [0;32m88M[0;37m 2858–æ –ó–∞—É—á:0 –í—ã—Ö:–í–Æ> ˇ˘[1;30m–í—ã –ø—Ä–∏—Ö–≤–∞—Å—Ç–Ω—É–ª–∏ –ø–µ—Ä–µ–¥ –º–æ–ª—å—é.[0;0m

[0;32m96H[0;37m [0;32m88M[0;37m 2858–æ –ó–∞—É—á:0 –í—ã—Ö:–í–Æ> ˇ˘[1;30m–í—ã —Ä–µ—à–∏–ª–∏ —Å–æ—Å—Ä–µ–¥–æ—Ç–æ—á–∏—Ç—å –≤–Ω–∏–º–∞–Ω–∏–µ –Ω–∞ –º–æ–ª–∏.[0;0m

[0;32m96H[0;37m [0;32m88M[0;37m 2858–æ –ó–∞—É—á:0 –í—ã—Ö:–í–Æ> ˇ˘
–ú–æ–ª—å —É–ª–µ—Ç–µ–ª–∞ –Ω–∞ —é–≥.

[0;32m96H[0;37m [0;32m88M[0;37m 2858–æ –ó–∞—É—á:0 –í—ã—Ö:–í–Æ> ˇ˘
–ù–∞ –≤–æ—Å—Ç–æ–∫–µ –ø–æ–∫–∞–∑–∞–ª–∏—Å—å –ø–µ—Ä–≤—ã–µ —Å–æ–ª–Ω–µ—á–Ω—ã–µ –ª—É—á–∏.

[0;32m96H[0;37m [0;32m88M[0;37m 2858–æ –ó–∞—É—á:0 –í—ã—Ö:–í–Æ> ˇ˘
[1;31m–ú–∏–Ω—É–ª —á–∞—Å.[0;37m

[0;32m96H[0;37m [0;32m88M[0;37m 2858–æ –ó–∞—É—á:0 –í—ã—Ö:–í–Æ> ˇ˘
–ú–æ–ª—å –ø—Ä–∏–ª–µ—Ç–µ–ª–∞ —Å –≤–æ—Å—Ç–æ–∫–∞.

[0;32m96H[0;37m [0;32m88M[0;37m 2858–æ –ó–∞—É—á:0 –í—ã—Ö:–í–Æ> ˇ˘[1;30m"–•—Ä–∞–Ω–∏ —Ç–µ–±—è –ì–æ—Å–ø–æ–¥—å, –º–æ–ª—å!" - –ø–µ—Ä–µ–∫—Ä–µ—Å—Ç–∏–ª–∏ –≤—ã –µ–µ.[0;0m

[0;32m96H[0;37m [0;32m88M[0;37m 2858–æ –ó–∞—É—á:0 –í—ã—Ö:–í–Æ> ˇ˘[1;30m–í—ã –∑–∞–¥—É–º–∞–ª–∏—Å—å –Ω–∞–¥ –¥–∞–ª—å–Ω–µ–π—à–µ–π —Å—É–¥—å–±–æ–π –º–æ–ª–∏.[0;0m

[0;32m96H[0;37m [0;32m88M[0;37m 2858–æ –ó–∞—É—á:0 –í—ã—Ö:–í–Æ> ˇ˘[1;30m"–£–∂–∞—Å-—Ç–æ –∫–∞–∫–æ–π!.." - –ø–æ–¥—É–º–∞–ª–∏ –≤—ã, —Å–æ —Å—Ç—Ä–∞—Ö–æ–º –≥–ª—è–¥—è –Ω–∞ –º–æ–ª—å.[0;0m

[0;32m96H[0;37m [0;32m88M[0;37m 2858–æ –ó–∞—É—á:0 –í—ã—Ö:–í–Æ> ˇ˘[1;30m"–ó–∞ –∑–¥–æ—Ä–æ–≤—å–µ?" - —Ç–æ –ª–∏ —Å–ø—Ä–æ—Å–∏–ª–∏, —Ç–æ –ª–∏ –ø—Ä–µ–¥–ª–æ–∂–∏–ª–∏ –≤—ã –º–æ–ª–∏.[0;0m

[0;32m96H[0;37m [0;32m88M[0;37m 2858–æ –ó–∞—É—á:0 –í—ã—Ö:–í–Æ> ˇ˘[1;30m–í—ã –ø—Ä–∏—Ö–≤–∞—Å—Ç–Ω—É–ª–∏ –ø–µ—Ä–µ–¥ –º–æ–ª—å—é.[0;0m

[0;32m96H[0;37m [0;32m88M[0;37m 2858–æ –ó–∞—É—á:0 –í—ã—Ö:–í–Æ> ˇ˘[1;30m–í—ã —Ä–µ—à–∏–ª–∏ —Å–æ—Å—Ä–µ–¥–æ—Ç–æ—á–∏—Ç—å –≤–Ω–∏–º–∞–Ω–∏–µ –Ω–∞ –º–æ–ª–∏.[0;0m

[0;32m96H[0;37m [0;32m88M[0;37m 2858–æ –ó–∞—É—á:0 –í—ã—Ö:–í–Æ> ˇ˘
–ú—É—Ö–∞ –ø—Ä–∏–ª–µ—Ç–µ–ª–∞ —Å —é–≥–∞.

[0;32m96H[0;37m [0;32m88M[0;37m 2858–æ –ó–∞—É—á:0 –í—ã—Ö:–í–Æ> ˇ˘
–ú–æ–ª—å —É–ª–µ—Ç–µ–ª–∞ –Ω–∞ –≤–æ—Å—Ç–æ–∫.

[0;32m96H[0;37m [0;32m88M[0;37m 2858–æ –ó–∞—É—á:0 –í—ã—Ö:–í–Æ> ˇ˘
–ú—É—Ö–∞ —É–ª–µ—Ç–µ–ª–∞ –Ω–∞ —é–≥.

[0;32m96H[0;37m [0;32m88M[0;37m 2858–æ –ó–∞—É—á:0 –í—ã—Ö:–í–Æ> ˇ˘
–°–≤–µ—Ç–ª—è—á–æ–∫ –ø—Ä–∏—à–µ–ª —Å —é–≥–∞.

[0;32m96H[0;37m [0;32m88M[0;37m 2858–æ –ó–∞—É—á:0 –í—ã—Ö:–í–Æ> ˇ˘[1;36m–í –∏–∑–±–µ [5108][0;37m
   –í–¥–æ–ª—å —Å—Ç–µ–Ω –ø–æ—Å—Ç–∞–≤–ª–µ–Ω—ã —à–∏—Ä–æ–∫–∏–µ –∫—Ä–µ–ø–∫–∏–µ –ª–∞–≤–∫–∏, –Ω–∞ –∫–æ—Ç–æ—Ä—ã—Ö –º–æ–∂–Ω–æ —Å–∏–¥–µ—Ç—å,
–∞ –≤ —Å–ª—É—á–∞–µ –Ω–µ–æ–±—Ö–æ–¥–∏–º–æ—Å—Ç–∏ –∏ –ø—Ä–∏–ª–µ—á—å. –ù–∞ —Å–¥–µ–ª–∞–Ω–Ω–æ–π –∏–∑ —Ç–æ–ª—Å—Ç–æ–π –¥–æ—Å–∫–∏ –ª–∞–≤–∫–µ
—Ä–∞–∑–º–µ—Å—Ç–∏—Ç—Å—è –∏ –∑–¥–æ—Ä–æ–≤—ã–π –º—É–∂–∏–∫.
[0;36m[ Exits: e s ][0;37m
[1;33m–¢—Ä—É–ø —Ç–∞—Ä–∞–∫–∞–Ω–∞ –ª–µ–∂–∏—Ç –∑–¥–µ—Å—å. [2]
–¢—Ä—É–ø –∫–æ–º–∞—Ä–∞ –ª–µ–∂–∏—Ç –∑–¥–µ—Å—å.
[1;31m–°–≤–µ—Ç–ª—è—á–æ–∫ –ø–æ–ª–∑–∞–µ—Ç –∑–¥–µ—Å—å.
[0;0m
[0;32m96H[0;37m [0;32m88M[0;37m 2858–æ –ó–∞—É—á:0 –í—ã—Ö:–í–Æ> ˇ˘–í—ã –ø–æ–ø–ª–µ–ª–∏—Å—å –Ω–∞ —é–≥.
[1;36m–í –∏–∑–±–µ [5107][0;37m
   –ö—Ä–µ–ø–∫–∏–π –ø—è—Ç–∏—Å—Ç–µ–Ω–æ–∫ —Å—Ä—É–±–ª–µ–Ω –æ–ø—ã—Ç–Ω—ã–º–∏ –º–∞—Å—Ç–µ—Ä–∞–º–∏, —Ç–æ–ª—Å—Ç—ã–µ –±—Ä–µ–≤–Ω–∞ –ø–ª–æ—Ç–Ω–æ
–ø–æ–¥–æ–≥–Ω–∞–Ω—ã –¥—Ä—É–≥ –∫ –¥—Ä—É–≥—É, –≤–Ω—É—Ç—Ä–µ–Ω–Ω—è—è —Å—Ç–æ—Ä–æ–Ω–∞ —Å—Ç–µ—Å–∞–Ω–∞ —Ç–∞–∫, —á—Ç–æ —Å–æ–∑–¥–∞—é—Ç—Å—è
–ø–ª–æ—Å–∫–∏–µ –≥–ª–∞–¥–∫–∏–µ —Å—Ç–µ–Ω—ã.
[0;36m[ Exits: n e s ][0;37m
[1;33m[1;31m(–ª–µ—Ç–∏—Ç) –ú–æ–ª—å –ª–µ—Ç–∞–µ—Ç –∑–¥–µ—Å—å.
[0;0m
[0;32m96H[0;37m [0;32m87M[0;37m 2858–æ –ó–∞—É—á:0 –í—ã—Ö:–°–í–Æ> ˇ˘–í—ã –ø–æ–ø–ª–µ–ª–∏—Å—å –Ω–∞ —é–≥.
[1;36m–í —Å–µ–Ω—è—Ö [5102][0;37m
   –ß—Ç–æ –∑–∞—Å—Ç–∞–≤–∏–ª–æ —Ö–æ–∑—è–µ–≤ –ø–æ–∫–∏–Ω—É—Ç—å —ç—Ç–æ—Ç –¥–æ–º, —Å–æ—Ö—Ä–∞–Ω–∏–≤—à–∏–π—Å—è –≤ –ø—Ä–∏–ª–∏—á–Ω–æ–º —Å–æ—Å—Ç–æ—è–Ω–∏–∏
–¥–∞–∂–µ –∑–∞ –¥–æ–ª–≥–æ–µ –≤—Ä–µ–º—è –∑–∞–ø—É—Å—Ç–µ–Ω–∏—è –∏ –æ–¥–∏–Ω–æ—á–µ—Å—Ç–≤–∞? –í —ç—Ç–æ–º –º–µ—Å—Ç–µ —Å–µ–Ω–µ–π –Ω–∞—Ö–æ–¥—è—Ç—Å—è
–¥–≤–µ –¥–≤–µ—Ä–∏, –æ–¥–Ω–∞ –∏–∑ –∫–æ—Ç–æ—Ä—ã—Ö –≤–µ–¥–µ—Ç –≤ –∏–∑–±—É, –¥—Ä—É–≥–∞—è - –Ω–∞ —Å–µ–Ω–æ–≤–∞–ª.  
[0;36m[ Exits: n e s ][0;37m
[1;33m[1;31m–ë–ª–æ—Ö–∞ –ø—Ä—è—á–µ—Ç—Å—è –≤ –º—É—Å–æ—Ä–µ.
(–ª–µ—Ç–∏—Ç) –ú—É—Ö–∞ –ª–µ—Ç–∞–µ—Ç –∑–¥–µ—Å—å.
[0;0m
[0;32m96H[0;37m [0;32m87M[0;37m 2858–æ –ó–∞—É—á:0 –í—ã—Ö:–°–í–Æ> ˇ˘–í—ã –ø–æ–ø–ª–µ–ª–∏—Å—å –Ω–∞ –≤–æ—Å—Ç–æ–∫.
[1;36m–í —Å–µ–Ω—è—Ö [5101][0;37m
   –°–µ–Ω–∏ –∫–æ–≥–¥–∞-—Ç–æ —Å–ª—É–∂–∏–ª–∏ –ø—Ä–æ–º–µ–∂—É—Ç–æ—á–Ω–æ–π —á–∞—Å—Ç—å—é –º–µ–∂–¥—É –æ—Ç–∞–ø–ª–∏–≤–∞–µ–º–æ–π –∏ 
—Ö–æ–∑—è–π—Å—Ç–≤–µ–Ω–Ω–æ–π —á–∞—Å—Ç—å—é –¥–æ–º–∞. –ó–¥–µ—Å—å –∫–æ–≥–¥–∞-—Ç–æ –ª–µ–∂–∞–ª–∞ –Ω–µ—Ö–∏—Ç—Ä–∞—è –∫—Ä–µ—Å—Ç—å—è–Ω—Å–∫–∞—è 
—É—Ç–≤–∞—Ä—å, –Ω–æ —Å–µ–π—á–∞—Å —Ç–æ–ª—å–∫–æ –ø—ã–ª—å –∏ –≥—Ä—è–∑—å.
[0;36m[ Exits: e w ][0;37m
[1;33m[1;31m[0;0m
[0;32m96H[0;37m [0;32m87M[0;37m 2858–æ –ó–∞—É—á:0 –í—ã—Ö:–í–ó> ˇ˘–í—ã –ø–æ–ø–ª–µ–ª–∏—Å—å –Ω–∞ –≤–æ—Å—Ç–æ–∫.
[1;36m–ù–∞ –∫—Ä—ã–ª—å—Ü–µ [5100][0;37m
   –ü–æ–∫–æ—Å–∏–≤—à–µ–µ—Å—è –∫—Ä—ã–ª—å—Ü–æ —Å–∫—Ä–∏–ø–∏—Ç –ø–æ–¥ –Ω–æ–≥–∞–º–∏. –î–µ—Ä–µ–≤–æ –ø–æ—á–µ—Ä–Ω–µ–ª–æ –∏ –æ–±–ª—É–ø–∏–ª–æ—Å—å, –Ω–æ
—Å–æ—Ö—Ä–∞–Ω–∏–ª–æ –∫—Ä–µ–ø–æ—Å—Ç—å. –•–æ—Ç—å –∏ –º–æ–∂–Ω–æ –∑–¥–µ—Å—å –ø–æ—Å—Ç–æ—è—Ç—å, –Ω–æ –í–∞—Å –±–æ–ª—å—à–µ –∏–Ω—Ç–µ—Ä–µ—Å—É–µ—Ç —Å–∞–º
–∑–∞–±—Ä–æ—à–µ–Ω–Ω—ã–π –¥–æ–º. –•–æ—á–µ—Ç—Å—è –∑–∞–π—Ç–∏, –Ω–æ —Ö–æ–ª–æ–¥–æ–∫ –≤ –≥—Ä—É–¥–∏ –∑–∞—Å—Ç–∞–≤–ª—è–µ—Ç –ø–æ–¥—É–º–∞—Ç—å –Ω–∞–¥
—ç—Ç–∏–º —à–∞–≥–æ–º. 
[0;36m[ Exits: E w ][0;37m
[1;33m[1;31m–ë–ª–æ—Ö–∞ –ø—Ä—è—á–µ—Ç—Å—è –≤ –º—É—Å–æ—Ä–µ.
[0;0m
[0;32m96H[0;37m [0;32m87M[0;37m 2858–æ –ó–∞—É—á:0 –í—ã—Ö:–í–ó> ˇ˘–í—ã –ø–æ–ø–ª–µ–ª–∏—Å—å –Ω–∞ –≤–æ—Å—Ç–æ–∫.
[1;36m–ó–∞–±—Ä–æ—à–µ–Ω–Ω—ã–π –¥–æ–º [5023][0;37m
   –° –≤–∏–¥—É —Ö–æ—Ä–æ—à–∏–π –¥–æ–º —Å—Ç–æ–∏—Ç –Ω–∞ —Ü–µ–Ω—Ç—Ä–∞–ª—å–Ω–æ–π —É–ª–∏—Ü–µ —Å—Ä–µ–¥–∏ –±–æ–ª—å—à–∏—Ö –∏ –±–æ–≥–∞—Ç—ã—Ö
–¥–æ–º–æ–≤. –ó–∞–∫–æ–ª–æ—á–µ–Ω—ã —Å—Ç–∞–≤–Ω–∏, –∑–∞–ø—É—Å—Ç–µ–Ω—å–µ –≤–æ –¥–≤–æ—Ä–µ. –ß—Ç–æ –∑–∞ –Ω–∞–ø–∞—Å—Ç—å –∑–∞—Å—Ç–∞–≤–∏–ª–∞ 
—Ö–æ–∑—è–µ–≤ –ø–æ–∫–∏–Ω—É—Ç—å —Å–≤–æ–µ –∂–∏–ª–∏—â–µ –∏ –∏—Å–∫–∞—Ç—å –Ω–æ–≤–æ–µ –º–µ—Å—Ç–æ.
[0;36m[ Exits: e W ][0;37m
[1;33m–ù–µ–º–Ω–æ–≥–æ –æ—Ç—Ä—É–±–µ–π –ø—Ä–æ—Å—ã–ø–∞–Ω–æ –∑–¥–µ—Å—å.
[1;31m–ú–µ—Å—Ç–Ω–∞—è –∂–∏—Ç–µ–ª—å–Ω–∏—Ü–∞ –∏–¥–µ—Ç –ø–æ —Å–≤–æ–∏–º –¥–µ–ª–∞–º.
–ú–µ—Å—Ç–Ω—ã–π –∂–∏—Ç–µ–ª—å –∏–¥–µ—Ç –∑–¥–µ—Å—å.
[0;0m
–î–µ—Ä–µ–≤–Ω—è —É —Ä–µ–∫–∏ (2-–∞—è —Ä–æ–¥–æ–≤–∞—è).

[0;32m96H[0;37m [0;32m86M[0;37m 2858–æ –ó–∞—É—á:0 –í—ã—Ö:–í–ó> ˇ˘–í—ã –ø–æ–ø–ª–µ–ª–∏—Å—å –Ω–∞ –≤–æ—Å—Ç–æ–∫.
[1;36m–ö —Ü–µ–Ω—Ç—Ä—É –¥–µ—Ä–µ–≤–Ω–∏ [5006][0;37m
   –ü–æ–Ω–µ–º–Ω–æ–≥—É –æ—Å—Ç–∞—é—Ç—Å—è –ø–æ–∑–∞–¥–∏ –≥–ª–∞–≤–Ω—ã–µ –¥–æ–º–∞ –¥–µ—Ä–µ–≤–Ω–∏, –∏ –≤–æ–∫—Ä—É–≥ –æ—Ç–∫—Ä—ã–≤–∞–µ—Ç—Å—è –æ–±—ã—á–Ω—ã–π
–¥–µ—Ä–µ–≤–µ–Ω—Å–∫–∏–π –≤–∏–¥. –ö—Ä–µ–ø–∫–∏–µ –¥–æ–º–∞ —Å –º–∞–ª–µ–Ω—å–∫–∏–º–∏ –æ–∫–Ω–∞–º–∏, –Ω–æ –Ω–µ–∏–∑–º–µ–Ω–Ω—ã–º–∏ —Ç—Ä—É–±–∞–º–∏
–ø–µ—á–µ–π. –ò–∑–≥–æ—Ä–æ–¥—å, —Å—Ç–æ—è—â–∞—è –∑–∞ –¥–æ–º–∞–º–∏ –≤–¥–æ–ª—å –ª–µ—Å–∞ –∏ –∑–∞—â–∏—â–∞—é—â–∞—è –¥–µ—Ä–µ–≤–Ω—é —Å —Ç—ã–ª–∞. 
–ù–µ—Ç–æ—Ä–æ–ø–ª–∏–≤—ã–π –ª—é–¥, –∏–¥—É—â–∏–π –ø–æ —Å–≤–æ–∏–º –∏–∑–≤–µ—á–Ω—ã–º –¥–µ–ª–∞–º.
[0;36m[ Exits: n e s w ][0;37m
[1;33m[1;31m[0;0m
[0;32m96H[0;37m [0;32m86M[0;37m 2858–æ –ó–∞—É—á:0 –í—ã—Ö:–°–í–Æ–ó> ˇ˘–í—ã –ø–æ–ø–ª–µ–ª–∏—Å—å –Ω–∞ —é–≥.
[1;36m–ü–µ—Ä–µ–¥ –ø–æ—Å—Ç–æ—è–ª—ã–º –¥–≤–æ—Ä–æ–º [5005][0;37m
   –ß—É—Ç—å –Ω–µ —Å–ø–æ—Ç–∫–Ω—É–≤—à–∏—Å—å –æ –¥–æ—Å–∫—É, –ª–µ–∂–∞—â—É—é —Å—Ä–∞–∑—É —É –ø–æ—Ä–æ–≥–∞ –ø–æ—Å—Ç–æ—è–ª–æ–≥–æ –¥–≤–æ—Ä–∞,
–≤—ã –æ–∫–∞–∑–∞–ª–∏—Å—å –Ω–∞ —Ü–µ–Ω—Ç—Ä–∞–ª—å–Ω–æ–π —É–ª–∏—Ü–µ –¥–µ—Ä–µ–≤–Ω–∏. –ò–º–µ–Ω–Ω–æ –Ω–∞ —ç—Ç–æ–π —É–ª–∏—Ü–µ –º–æ–∂–Ω–æ 
–±—ã—Å—Ç—Ä–æ –Ω–∞–π—Ç–∏ –ª–∞–≤–∫—É —Ä–µ–º–µ—Å–ª–µ–Ω–Ω–∏–∫–∞, –¥–æ–º –∑–Ω–∞—Ö–∞—Ä—è, –∫–æ–Ω—é—à–Ω—é –∏ –¥–æ–º —Å—Ç–∞—Ä–µ–π—à–∏–Ω—ã.
–í —é–∂–Ω–æ–π —á–∞—Å—Ç–∏ –¥–µ—Ä–µ–≤–Ω–∏ –ø–æ—Å–µ–ª–∏–ª–∏—Å—å –≤–æ—Ä–æ–∂–µ–∏.
[0;36m[ Exits: n e s w ][0;37m
[1;33m[1;31m[0;0m
[0;32m96H[0;37m [0;32m86M[0;37m 2858–æ –ó–∞—É—á:0 –í—ã—Ö:–°–í–Æ–ó> ˇ˘–í—ã –ø–æ–ø–ª–µ–ª–∏—Å—å –Ω–∞ –≤–æ—Å—Ç–æ–∫.
[1;36m–ü–æ—Å—Ç–æ—è–ª—ã–π –¥–≤–æ—Ä [5001][0;37m
   –î–µ—Ä–µ–≤–Ω—è —Ö–æ—Ç—å –∏ –Ω–µ–±–æ–ª—å—à–∞—è, –Ω–æ –ø–æ—Å—Ç–æ—è–ª—ã–π –¥–≤–æ—Ä –∏–º–µ–µ—Ç—Å—è, –¥–ª—è –∑–∞–µ–∑–∂–∏—Ö –≥–æ—Å—Ç–µ–π,
—á—Ç–æ–±—ã –±—ã–ª–æ –≥–¥–µ –ø–µ—Ä–µ–≤–µ—Å—Ç–∏ –¥—É—Ö, –µ–¥–æ–π –∏ –ø–∏—Ç—å–µ–º –∑–∞–ø–∞—Å—Ç–∏—Å—å. –ê –µ—Å–ª–∏ –Ω–∞ –¥–≤–æ—Ä–µ —É–∂
–Ω–æ—á—å –∏–ª—å –ø—Ä–æ—Å—Ç–æ –Ω–∞–¥–æ –æ—Å—Ç–∞–Ω–æ–≤–∏—Ç—Å—è –Ω–∞ –¥–µ–Ω—å –¥—Ä—É–≥–æ–π –≤ –¥–µ—Ä–µ–≤–Ω–µ, –∞ —Ä–æ–¥—Å—Ç–≤–µ–Ω–Ω–∏–∫–æ–≤
–Ω–µ—Ç, —Ç–∞–∫ –º–æ–∂–Ω–æ –∏ –ø–µ—Ä–µ–Ω–æ—á–µ–≤–∞—Ç—å –≤ –≥–æ—Ä–Ω–∏—Ü–∞—Ö –Ω–∞–≤–µ—Ä—Ö—É.
[0;36m[ Exits: w u ][0;37m
[1;33m[1;31m–°–µ–¥–æ–≤–ª–∞—Å—ã–π —Å–∫–∞–∑–∏—Ç–µ–ª—å –≥–æ—Ç–æ–≤ –ø–æ–¥–µ–ª–∏—Ç—å—Å—è —Å –í–∞–º–∏ –∏–Ω—Ç–µ—Ä–µ—Å–Ω–æ–π –∏—Å—Ç–æ—Ä–∏–µ–π.
–¢—Ä–∞–∫—Ç–∏—Ä—â–∏–∫ –æ—Ç–¥—ã—Ö–∞–µ—Ç –∑–∞ —Å—Ç–æ–π–∫–æ–π.
[0;0m
[0;32m96H[0;37m [0;32m86M[0;37m 2858–æ –ó–∞—É—á:0 –í—ã—Ö:–ó^> ˇ˘
—Å–∫–∞–∑–∏—Ç–µ–ª—å, –∑–∞–≤–∏–¥–µ–≤ –≤–∞—Å, —à–∏—Ä–æ–∫–æ —É–ª—ã–±–Ω—É–ª—Å—è.
—Å–∫–∞–∑–∏—Ç–µ–ª—å —Å–∫–∞–∑–∞–ª : '–ë–æ–≥–∞—Ç—ã—Ä—å - —Ö–æ—Ä–æ—à–∞—è –ø—Ä–æ—Ñ–µ—Å—Å–∏—è'
—Å–∫–∞–∑–∏—Ç–µ–ª—å —Å–∫–∞–∑–∞–ª : '–ï—Å—Ç—å —É –º–µ–Ω—è –æ–¥–Ω–∞ –Ω–µ–ø–ª–æ—Ö–∞—è —Å–∫–∞–∑–∫–∞ –ø—Ä–æ –≤–∞—à–µ–≥–æ –±—Ä–∞—Ç–∞'

[0;32m96H[0;37m [0;32m86M[0;37m 2858–æ –ó–∞—É—á:0 –í—ã—Ö:–ó^> ˇ˘–í—ã –ø–æ–ø–ª–µ–ª–∏—Å—å –≤–≤–µ—Ä—Ö.
[1;36m–ö–æ–º–Ω–∞—Ç—ã –æ—Ç–¥—ã—Ö–∞ [5000][0;37m
   –•–æ–∑—è–∏–Ω —É—Å—Ç—Ä–æ–∏–ª –∑–¥–µ—Å—å –∫–æ–º–Ω–∞—Ç—ã –¥–ª—è –æ—Ç–¥—ã—Ö–∞. –õ—é–±–æ–π –∂–µ–ª–∞—é—â–∏–π –º–æ–∂–µ—Ç –æ—Å—Ç–∞–Ω–æ–≤–∏—Ç—å—Å—è
–∑–¥–µ—Å—å –∏ –ø–µ—Ä–µ–¥–æ—Ö–Ω—É—Ç—å –ø–æ—Å–ª–µ –¥–∞–ª—å–Ω–µ–π –¥–æ—Ä–æ–≥–∏. –°–≤–µ—Ç–ª—ã–µ –≥–æ—Ä–Ω–∏—Ü—ã —Ç–∞–∫ –∏ –ø—Ä–∏–≥–ª–∞—à–∞—é—Ç
–ø—Ä–æ–π—Ç–∏ –≤ –Ω–∏—Ö –∏ —Ä–∞—Å—Ç—è–Ω—É—Ç—å—Å—è –Ω–∞ –ø–µ—Ä–∏–Ω–µ, –Ω–∞ –ø—É—Ö–æ–≤–æ–π –¥–∞ –∑–∞–±—ã—Ç—å—Å—è —Å–Ω–æ–º –±–æ–≥–∞—Ç—ã—Ä—Å–∫–∏–º.
–ó–¥–µ—Å—å –∂–µ –º–æ–∂–Ω–æ –ø–æ–¥–æ–∂–¥–∞—Ç—å —Å–≤–æ–∏—Ö –∫–æ–º–ø–∞–Ω—å–æ–Ω–æ–≤ –ø–µ—Ä–µ–¥ –¥–æ–ª–≥–æ–π –¥–æ—Ä–æ–≥–æ–π, –ø–æ–≥–æ–≤–æ—Ä–∏—Ç—å
–æ –¥–∞–ª—å–Ω–µ–π—à–∏—Ö –ø–ª–∞–Ω–∞—Ö.
[1;32m–°–æ–≤—Å–µ–º –º–∞–ª—ã—Ö, –¥–∞ –Ω–µ –æ–±—É—á–µ–Ω–Ω—ã—Ö —Ç–∞–∫ –∏ —Ç—è–Ω–µ—Ç [1;33m–≤–æ–π—Ç–∏ [1;32m–≤ [1;33m—à–∫–æ–ª—É[1;32m.[0;0m
[0;36m[ Exits: d ][0;37m
[1;33m–î–æ—Å–∫–∞ –¥–ª—è —Ä–∞–∑–ª–∏—á–Ω—ã—Ö –∑–∞–º–µ—Ç–æ–∫ –∏ –æ–±—ä—è–≤–ª–µ–Ω–∏–π –ø—Ä–∏–±–∏—Ç–∞ —Ç—É—Ç ..–±–ª–µ—Å—Ç–∏—Ç!
[1;31m–•–æ–∑—è–π–∫–∞ –ø–æ—Å—Ç–æ—è–ª–æ–≥–æ –¥–≤–æ—Ä–∞ —Ä–∞—Å–ø–æ—Ä—è–∂–∞–µ—Ç—Å—è –∑–¥–µ—Å—å.
[0;0m
[0;32m96H[0;37m [0;32m86M[0;37m 2858–æ –ó–∞—É—á:0 –í—ã—Ö:v> ˇ˘–•–æ–∑—è–π–∫–∞ —Å–∫–∞–∑–∞–ª–∞ –≤–∞–º : "–°–µ–≥–æ–¥–Ω—è —Å–ø–∏–º –Ω–∞—Ö–∞–ª—è–≤—É!"
–•–æ–∑—è–π–∫–∞ –∑–∞–ø–µ—Ä–ª–∞ –≤–∞—à–∏ –≤–µ—â–∏ –≤ —Å—É–Ω–¥—É–∫ –∏ –ø–æ–≤–µ–ª–∞ –≤ —Ç–µ—Å–Ω—É—é –∫–∞–º–æ—Ä–∫—É.

0) –û—Ç—Å–æ–µ–¥–∏–Ω–∏—Ç—å—Å—è.
1) –ù–∞—á–∞—Ç—å –∏–≥—Ä—É.
2) –í–≤–µ—Å—Ç–∏ –æ–ø–∏—Å–∞–Ω–∏–µ –≤–∞—à–µ–≥–æ –ø–µ—Ä—Å–æ–Ω–∞–∂–∞.
3) –£–∑–Ω–∞—Ç—å –∏—Å—Ç–æ—Ä–∏—é.
4) –ò–∑–º–µ–Ω–∏—Ç—å –ø–∞—Ä–æ–ª—å.
5) –£–¥–∞–ª–∏—Ç—å –ø–µ—Ä—Å–æ–Ω–∞–∂–∞.
6) –ò–∑–º–µ–Ω–∏—Ç—å –ø–∞—Ä–∞–º–µ—Ç—Ä—ã –ø–µ—Ä—Å–æ–Ω–∞–∂–∞.
7) –í–∫–ª—é—á–∏—Ç—å/–≤—ã–∫–ª—é—á–∏—Ç—å —Ä–µ–∂–∏–º —Å–ª–µ–ø–æ–≥–æ –∏–≥—Ä–æ–∫–∞.
8) –ü–æ—Å–º–æ—Ç—Ä–µ—Ç—å –≤—Å–µ—Ö –ø–µ—Ä—Å–æ–Ω–∞–∂–µ–π –Ω–∞ –¥–∞–Ω–Ω–æ–º email'e.

   –ß–µ–≥–æ –≤–∞—à–∞ –¥—É—à–∞ –∂–µ–ª–∞–µ—Ç? ˇ˘
–î–æ –≤—Å—Ç—Ä–µ—á–∏ –Ω–∞ –∑–µ–º–ª–µ –ö–∏–µ–≤—Å–∫–æ–π.
–í —Å–ª—É—á–∞–µ –≤–∞—à–µ–≥–æ –æ—Ç—Å—É—Ç—Å—Ç–≤–∏—è –ø–µ—Ä—Å–æ–Ω–∞–∂ –±—É–¥–µ—Ç —Ö—Ä–∞–Ω–∏—Ç—å—Å—è –¥–æ 14:45:13 18 –î–µ–∫–∞–±—Ä—è 2021 –≥–æ–¥–∞ –Ω–∞—à–µ–π —ç—Ä—ã :).
ˇ˘