ˇ˚Eˇ˚Vˇ˚U
Online: 133

Using keytable
  0) Koi-8
  1) Alt
  2) Windows(JMC,MMC)
  3) Windows(zMUD)
  4) Windows(zMUD 'z')
  5) UTF-8
  6) Windows(zMUD <6.39)
  9) TECT...
Select one :  -----------------------------------------------------------------------------                   
          Based On CircleMUD v3.0   Created by Jeremy Elson,   
          DikuMUD Gamma 0.0  by Sebastian Hammer, Michael Seifert, 
          Hans Henrik Staerfeldt, Tom Madsen, Katja Nyboe
 _____________________________________________________________________________

    #######
    ##    
    ##        ####    ####      ####  ####  ####  ####  ####  ####    ####
    #######    ######  ##     ## ##    ##  ####    ##    ##    ######  ##
    ##    ##   ##   ## ##    ##  ##    ####  ##    ########    ##   ## ##
    ##    ##   ##   ## ##    ##  ##    ###   ##    ##    ##    ##   ## ##
    #######   ####### ####  ###  ###  ####  ####  ####  ####  ####### ####

                   –ü–û –ü–†–ï–î–ê–ù–ò–Ø–ú –†–£–°–°–ö–ò–• –ù–ê–†–û–î–ù–´–• –°–ö–ê–ó–û–ö –ò –ë–´–õ–ò–ù.

             –ü–æ –∞–¥–º–∏–Ω–∏—Å—Ç—Ä–∞—Ç–∏–≤–Ω—ã–º –≤–æ–ø—Ä–æ—Å–∞–º –º–æ–∂–µ—Ç–µ —Å–≤—è–∑–∞—Ç—å—Å—è —Å –°—Ç—Ä–∏–±–æ–≥–æ–º
                          e-mail: stribog@bylins.su

                      –ü–æ—Å–µ—Ç–∏—Ç–µ –Ω–∞—à —Å–∞–π—Ç: www.bylins.su
                –î–ª—è –±–æ–ª–µ–µ –ø–æ–¥—Ä–æ–±–Ω–æ–π –∏–≥—Ä–æ–≤–æ–π –∏–Ω—Ñ–æ—Ä–º–∞—Ü–∏–∏ –ø–æ—Å–µ—Ç–∏—Ç–µ 
                         https://wiki.bylins.su

–í–≤–µ–¥–∏—Ç–µ –∏–º—è –ø–µ—Ä—Å–æ–Ω–∞–∂–∞ (–∏–ª–∏ "–Ω–æ–≤—ã–π" –¥–ª—è —Å–æ–∑–¥–∞–Ω–∏—è –Ω–æ–≤–æ–≥–æ): –ü–µ—Ä—Å–æ–Ω–∞–∂ —Å —Ç–∞–∫–∏–º –∏–º–µ–Ω–µ–º —É–∂–µ —Å—É—â–µ—Å—Ç–≤—É–µ—Ç. –í–≤–µ–¥–∏—Ç–µ –ø–∞—Ä–æ–ª—å : ˇ˘
–ü–µ—Ä–µ—Å–æ–µ–¥–∏–Ω—è–µ–º—Å—è.

–í–∞—Å –æ–∂–∏–¥–∞—é—Ç —Å–æ–æ–±—â–µ–Ω–∏—è:
  18 –≤ —Ä–∞–∑–¥–µ–ª–µ '–ë–∞–∑–∞—Ä–Ω–∞—è –ø–ª–æ—â–∞–¥—å' [1;37m(–í–µ—á–µ)[0;37m.
   9 –≤ —Ä–∞–∑–¥–µ–ª–µ '–ò–¥–µ–∏ –∏ –∏—Ö –æ–±—Å—É–∂–¥–µ–Ω–∏–µ' [1;37m(–ò–¥–µ–∏)[0;37m.
   2 –≤ —Ä–∞–∑–¥–µ–ª–µ '–°–æ–æ–±—â–µ–Ω–∏—è –æ—Ç –∞–¥–º–∏–Ω–∏—Å—Ç—Ä–∞—Ü–∏–∏' [1;37m(–ê–Ω–æ–Ω—Å—ã)[0;37m.

[0;32m211H[0;37m [0;32m98M[0;37m 23786–æ –ó–∞—É—á:0 –í—ã—Ö:–°–í–Æ–ó> ˇ˘
[0;32m211H[0;37m [0;32m98M[0;37m 23786–æ –ó–∞—É—á:0 –í—ã—Ö:–°–í–Æ–ó> ˇ˘–£—Ä–æ–≤–µ–Ω—å          –û–ø—ã—Ç            –ú–∞–∫—Å –Ω–∞ —É—Ä–≤.
[ 1]             1-1,999         199          
[ 2]         2,000-3,999         200          
[ 3]         4,000-7,999         400          
[ 4]         8,000-13,999        600          
[ 5]        14,000-23,999        1,000        
[ 6]        24,000-38,999        1,500        
[1;36m[ 7]        39,000-68,999        3,000        [0;37m
[ 8]        69,000-118,999       5,000        
[ 9]       119,000-188,999       7,000        
[10]       189,000-288,999       10,000       
[11]       289,000-418,999       13,000       
[12]       419,000-578,999       16,000       
[13]       579,000-799,999       22,100       
[14]       800,000-1,069,999     27,000       
[15]     1,070,000-1,339,999     27,000       
[16]     1,340,000-1,659,999     32,000       
[17]     1,660,000-2,029,999     37,000       
[18]     2,030,000-2,449,999     42,000       
[19]     2,450,000-2,949,999     50,000       
[20]     2,950,000-3,949,999     100,000      
[21]     3,950,000-5,249,999     130,000      
[22]     5,250,000-6,749,999     150,000      
[23]     6,750,000-8,449,999     170,000      
[24]     8,450,000-10,349,999    190,000      
[25]    10,350,000-13,999,999    365,000      
[26]    14,000,000-20,999,999    700,000      
[27]    21,000,000-30,999,999    1,000,000    
[28]    31,000,000-43,999,999    1,300,000    
[29]    44,000,000-63,999,999    2,000,000    

–õ–∏—Å—Ç–∞—Ç—å : <RETURN>, Q<–ö>–æ–Ω–µ—Ü, R<–ü>–æ–≤—Ç–æ—Ä, B<–ù>–∞–∑–∞–¥, –∏–ª–∏ –Ω–æ–º–µ—Ä —Å—Ç—Ä–∞–Ω–∏—Ü—ã (1/2).ˇ˘
–í–∞—Å –º—É—á–∞–µ—Ç –∂–∞–∂–¥–∞.

–õ–∏—Å—Ç–∞—Ç—å : <RETURN>, Q<–ö>–æ–Ω–µ—Ü, R<–ü>–æ–≤—Ç–æ—Ä, B<–ù>–∞–∑–∞–¥, –∏–ª–∏ –Ω–æ–º–µ—Ä —Å—Ç—Ä–∞–Ω–∏—Ü—ã (1/2).ˇ˘
[0;32m211H[0;37m [0;32m98M[0;37m 23786–æ –ó–∞—É—á:0 –í—ã—Ö:–°–í–Æ–ó> ˇ˘[1;30m–í—ã –∫—Ä–µ–ø–∫–æ –∑–∞–¥—É–º–∞–ª–∏—Å—å –æ —Å–≤–æ–µ–π –¥–∞–ª—å–Ω–µ–π—à–µ–π —Å—É–¥—å–±–µ.[0;0m

[0;32m211H[0;37m [0;32m98M[0;37m 23786–æ –ó–∞—É—á:0 –í—ã—Ö:–°–í–Æ–ó> ˇ˘[1;36m–ü–µ—Ä–µ–¥ –∫–æ–Ω—é—à–Ω–µ–π [5003][0;37m
   –¶–µ–Ω—Ç—Ä–∞–ª—å–Ω–∞—è —á–∞—Å—Ç—å –¥–µ—Ä–µ–≤–Ω–∏ –∑–∞–ø–æ–ª–Ω–µ–Ω–∞ –Ω—É–∂–Ω—ã–º–∏ –≤—Å–µ–º –º–∞—Å—Ç–µ—Ä—Å–∫–∏–º–∏ –∏ –ª–∞–≤–∫–∞–º–∏.
–£–¥–∞—á–Ω–æ–µ –º–µ—Å—Ç–æ –¥–µ—Ä–µ–≤–Ω–∏ –≤ –Ω–µ–∑–∞–ø–∞–º—è—Ç–Ω—ã–µ –≤—Ä–µ–º–µ–Ω–∞ –ø—Ä–∏–≤–ª–µ–∫–ª–æ —Å—é–¥–∞ —Ç–æ—Ä–≥–æ–≤—Ü–µ–≤ –∏
–º–∞—Å—Ç–µ—Ä–æ–≤—ã—Ö, –∏ —Å —Ç–µ—Ö –ø–æ—Ä –ø–æ–≤–µ–ª–æ—Å—å, —á—Ç–æ –≤ —ç—Ç–æ–π —á–∞—Å—Ç–∏ –¥–µ—Ä–µ–≤–Ω–∏ —Å—Ç–æ—è—Ç –±–æ–ª—å—à–∏–µ –∏
–±–æ–≥–∞—Ç—ã–µ –¥–æ–º–∞. –°–æ –≤—Å–µ–π –æ–∫—Ä—É–≥–∏ –∏ –¥–∞–∂–µ –∏–∑ –¥–∞–ª–µ–∫–æ–π –≥–ª—É—à–∏ –ø—Ä–∏—Ö–æ–¥—è—Ç –ª—é–¥–∏ —Å—é–¥–∞
–∑–∞ —Ç–æ–≤–∞—Ä–æ–º –∫—É–ø–∏—Ç—å —á—Ç–æ, –ø—Ä–æ–¥–∞—Ç—å —á—Ç–æ, –∑–∞–∫–∞–∑–∞—Ç—å —á—Ç–æ.
[0;36m[ Exits: n e s w ][0;37m
[1;33m[1;31m–ú–µ—Å—Ç–Ω—ã–π –∂–∏—Ç–µ–ª—å –∏–¥–µ—Ç –∑–¥–µ—Å—å.
[0;0m
[0;32m211H[0;37m [0;32m98M[0;37m 23786–æ –ó–∞—É—á:0 –í—ã—Ö:–°–í–Æ–ó> ˇ˘–í—ã –ø–æ–ø–ª–µ–ª–∏—Å—å –Ω–∞ —é–≥.
[1;36m–¶–µ–Ω—Ç—Ä –¥–µ—Ä–µ–≤–Ω–∏ [5009][0;37m
   –¶–µ–Ω—Ç—Ä–∞–ª—å–Ω–∞—è —á–∞—Å—Ç—å –¥–µ—Ä–µ–≤–Ω–∏ –∑–∞–ø–æ–ª–Ω–µ–Ω–∞ –Ω—É–∂–Ω—ã–º–∏ –≤—Å–µ–º –º–∞—Å—Ç–µ—Ä—Å–∫–∏–º–∏ –∏ –ª–∞–≤–∫–∞–º–∏.
–£–¥–∞—á–Ω–æ–µ –º–µ—Å—Ç–æ –¥–µ—Ä–µ–≤–Ω–∏ –≤ –Ω–µ–∑–∞–ø–∞–º—è—Ç–Ω—ã–µ –≤—Ä–µ–º–µ–Ω–∞ –ø—Ä–∏–≤–ª–µ–∫–ª–æ —Å—é–¥–∞ —Ç–æ—Ä–≥–æ–≤—Ü–µ–≤ –∏
–º–∞—Å—Ç–µ—Ä–æ–≤—ã—Ö, –∏ —Å —Ç–µ—Ö –ø–æ—Ä –ø–æ–≤–µ–ª–æ—Å—å, —á—Ç–æ –≤ —ç—Ç–æ–π —á–∞—Å—Ç–∏ –¥–µ—Ä–µ–≤–Ω–∏ —Å—Ç–æ—è—Ç –±–æ–ª—å—à–∏–µ –∏
–±–æ–≥–∞—Ç—ã–µ –¥–æ–º–∞. –°–æ –≤—Å–µ–π –æ–∫—Ä—É–≥–∏ –∏ –¥–∞–∂–µ –∏–∑ –¥–∞–ª–µ–∫–æ–π –≥–ª—É—à–∏ –ø—Ä–∏—Ö–æ–¥—è—Ç –ª—é–¥–∏ —Å—é–¥–∞
–∑–∞ —Ç–æ–≤–∞—Ä–æ–º –∫—É–ø–∏—Ç—å —á—Ç–æ, –ø—Ä–æ–¥–∞—Ç—å —á—Ç–æ, –∑–∞–∫–∞–∑–∞—Ç—å —á—Ç–æ.
[0;36m[ Exits: n e s w ][0;37m
[1;33m–ù–µ–º–Ω–æ–≥–æ –æ—Ç—Ä—É–±–µ–π –ø—Ä–æ—Å—ã–ø–∞–Ω–æ –∑–¥–µ—Å—å.
[1;31m–ü–æ–∂–∏–ª–æ–π —à–∏—Ä–æ–∫–æ–ø–ª–µ—á–∏–π –∫—Ä–µ—Å—Ç—å—è–Ω–∏–Ω –≤ –¥–æ–±—Ä–æ—Ç–Ω–æ–π –æ–¥–µ–∂–¥–µ –ø—Ä–æ—Ö–∞–∂–∏–≤–∞–µ—Ç—Å—è —Ç—É—Ç.
[0;0m
[0;32m211H[0;37m [0;32m97M[0;37m 23786–æ –ó–∞—É—á:0 –í—ã—Ö:–°–í–Æ–ó> ˇ˘–í—ã –ø–æ–ø–ª–µ–ª–∏—Å—å –Ω–∞ –≤–æ—Å—Ç–æ–∫.
[1;36m–î–≤–æ—Ä —Å—Ç–∞—Ä–µ–π—à–∏–Ω—ã [5030][0;37m
   –≠—Ç–æ —Å–∞–º—ã–π –±–æ–ª—å—à–æ–π –¥–≤–æ—Ä –≤ –¥–µ—Ä–µ–≤–Ω–∏. –ó–¥–µ—Å—å –ø—Ä–æ–∏—Å—Ö–æ–¥—è—Ç —Å—Ö–æ–¥—ã –∂–∏—Ç–µ–ª–µ–π –¥–ª—è 
—Ä–µ—à–µ–Ω–∏—è –æ–±—â–∏—Ö –ø—Ä–æ–±–ª–µ–º. –ö–∞–∂–¥—ã–π –º–æ–∂–µ—Ç –≤—ã—Å–∫–∞–∑–∞—Ç—å—Å—è –Ω–∞ —ç—Ç–æ–º —Å–æ–±—Ä–∞–Ω–∏–∏ –Ω–µ–∑–∞–≤–∏—Å–∏–º–æ
–æ—Ç —Å–≤–æ–µ–≥–æ —Å—Ç–∞—Ç—É—Å–∞. –ò–º–µ–Ω–Ω–æ –∑–¥–µ—Å—å —Ä–µ—à–∞—é—Ç—Å—è —Å—Å–æ—Ä—ã, –Ω–∞–∫–∞–∑—ã–≤–∞—é—Ç—Å—è —Å–æ–≤–µ—Ä—à–∏–≤—à–∏–µ
–ø–ª–æ—Ö–∏–µ –ø—Ä–æ—Å—Ç—É–ø–∫–∏.
[0;36m[ Exits: e w ][0;37m
[1;33m[1;31m–ï—Ñ–∏–º–∏–π, –±—Ä–∞—Ç –¥–µ—Ä–µ–≤–µ–Ω—Å–∫–æ–≥–æ —Å—Ç–∞—Ä–æ—Å—Ç—ã, —Å—Ç–æ–∏—Ç –∑–¥–µ—Å—å.
[0;0m
[0;32m211H[0;37m [0;32m97M[0;37m 23786–æ –ó–∞—É—á:0 –í—ã—Ö:–í–ó> ˇ˘–í—ã –ø–æ–ø–ª–µ–ª–∏—Å—å –Ω–∞ –≤–æ—Å—Ç–æ–∫.
[1;36m–í –¥–æ–º–µ —Å—Ç–∞—Ä–µ–π—à–∏–Ω—ã [5031][0;37m
   –°–æ—Å—Ç–æ—è—â–∏–π –∏–∑ –¥–≤—É—Ö –ø—è—Ç–∏—Å—Ç–µ–Ω–∫–æ–≤ –¥–æ–º –ø–æ—Ä–∞–∂–∞–µ—Ç —Å–≤–æ–∏–º–∏ —Ä–∞–∑–º–µ—Ä–∞–º–∏. –ó–¥–µ—Å—å –º–æ–≥–ª–∏
–±—ã —Ä–∞–∑–º–µ—Å—Ç–∏—Ç—å—Å—è —á–µ—Ç—ã—Ä–µ –∏–ª–∏ –ø—è—Ç—å –æ–±—ã—á–Ω—ã—Ö –¥–æ–º–æ–º. –î–≤–µ –ø–µ—á–∏, –Ω–µ—Å–∫–æ–ª—å–∫–æ –∫–æ–º–Ω–∞—Ç,
–≤ —Å–∞–º–æ–π –±–æ–ª—å—à–æ–π –∏–∑ –∫–æ—Ç–æ—Ä—ã—Ö –≤—ã —Å–µ–π—á–∞—Å –∏ –Ω–∞—Ö–æ–¥–∏—Ç–µ—Å—å. –ó–¥–µ—Å—å –æ–¥–Ω–æ–≤—Ä–µ–º–µ–Ω–Ω–æ –º–æ–∂–µ—Ç
–Ω–∞—Ö–æ–¥–∏—Ç—Å—è –Ω–µ –æ–¥–∏–Ω –¥–µ—Å—è—Ç–æ–∫ —á–µ–ª–æ–≤–µ–∫.
[0;36m[ Exits: s w ][0;37m
[1;33m[1;31m–°–µ–¥–æ–π –∫—Ä–µ–ø–∫–∏–π –º—É–∂—á–∏–Ω–∞ —Å—Ç–æ–∏—Ç –∑–¥–µ—Å—å.
...—Å–≤–µ—Ç–∏—Ç—Å—è —è—Ä–∫–∏–º —Å–∏—è–Ω–∏–µ–º 
[0;0m
[0;32m211H[0;37m [0;32m97M[0;37m 23786–æ –ó–∞—É—á:0 –í—ã—Ö:–Æ–ó> ˇ˘–í—ã –ø–æ–ø–ª–µ–ª–∏—Å—å –Ω–∞ —é–≥.
[1;36m–í —Å–≤–µ—Ç–ª–æ–π –∫–æ–º–Ω–∞—Ç–µ [5032][0;37m
   –¢–∏—Ö–∞—è —Å–≤–µ—Ç–ª–∞—è –∫–æ–º–Ω–∞—Ç–∞ –∑–Ω–∞—á–∏—Ç–µ–ª—å–Ω–æ –º–µ–Ω—å—à–µ –ø—Ä–µ–¥—ã–¥—É—â–µ–π, –Ω–æ –∏ —Å—é–¥–∞ –ø–æ—Å—Ç–æ—è–Ω–Ω–æ
–∑–∞—Ö–æ–¥—è—Ç –ª—é–¥–∏. –ó–¥–µ—Å—å –≤ —Å–ª—É—á–∞–µ –Ω–µ–æ–±—Ö–æ–¥–∏–º–æ—Å—Ç–∏ –º–æ–∂–Ω–æ –æ—Å—Ç–∞–≤–∏—Ç—å –Ω–∞ —Ö—Ä–∞–Ω–µ–Ω–∏–µ —Å–≤–æ–∏
–¥–µ–Ω—å–≥–∏.
[0;36m[ Exits: n ][0;37m
[1;33m–í–∞—à –ø–æ—Ö–æ–¥–Ω—ã–π —Å—É–Ω–¥—É—á–æ–∫ —Å—Ç–æ–∏—Ç –∑–¥–µ—Å—å.
[1;31m–î–æ—á–∫–∞ —Å—Ç–∞—Ä–µ–π—à–∏–Ω—ã —Å—Ç–æ–∏—Ç –∑–¥–µ—Å—å.
–î–æ—Ä–æ–¥–Ω–∞—è –∂–µ–Ω—â–∏–Ω–∞ —Å—Ç–æ–∏—Ç –∑–¥–µ—Å—å.
[0;0m
[0;32m211H[0;37m [0;32m96M[0;37m 23786–æ –ó–∞—É—á:0 –í—ã—Ö:–°> ˇ˘
–î–æ—á–∫–∞ —Å–∫–∞–∑–∞–ª–∞ –í–∞–º:
- –≠—Ö —Ç—ã –≥–æ—Ä–µ–º—ã—á–Ω—ã–π, –≥–æ–ª–æ–¥–Ω—ã–π –Ω–∞–≤–µ—Ä–Ω–æ–µ, –ì–µ–Ω–æ–¥.
- –ß—Ç–æ –º—ã –Ω–µ—Ö—Ä–∏—Å—Ç–∏ —á—Ç–æ–±—ã –Ω–µ –Ω–∞–∫–æ—Ä–º–∏—Ç—å.
- –°–µ–π—á–∞—Å, –ø–æ–¥–æ–∂–¥–∏...
–í—ã –ø–æ–ª–Ω–æ—Å—Ç—å—é –Ω–∞—Å—ã—Ç–∏–ª–∏—Å—å.

[0;32m211H[0;37m [0;32m97M[0;37m 23786–æ –ó–∞—É—á:0 –í—ã—Ö:–°> ˇ˘
[1;31m–ú–∏–Ω—É–ª —á–∞—Å.[0;37m

[0;32m211H[0;37m [0;32m98M[0;37m 23786–æ –ó–∞—É—á:0 –í—ã—Ö:–°> ˇ˘[1;36m–í —Å–≤–µ—Ç–ª–æ–π –∫–æ–º–Ω–∞—Ç–µ [5032][0;37m
   –¢–∏—Ö–∞—è —Å–≤–µ—Ç–ª–∞—è –∫–æ–º–Ω–∞—Ç–∞ –∑–Ω–∞—á–∏—Ç–µ–ª—å–Ω–æ –º–µ–Ω—å—à–µ –ø—Ä–µ–¥—ã–¥—É—â–µ–π, –Ω–æ –∏ —Å—é–¥–∞ –ø–æ—Å—Ç–æ—è–Ω–Ω–æ
–∑–∞—Ö–æ–¥—è—Ç –ª—é–¥–∏. –ó–¥–µ—Å—å –≤ —Å–ª—É—á–∞–µ –Ω–µ–æ–±—Ö–æ–¥–∏–º–æ—Å—Ç–∏ –º–æ–∂–Ω–æ –æ—Å—Ç–∞–≤–∏—Ç—å –Ω–∞ —Ö—Ä–∞–Ω–µ–Ω–∏–µ —Å–≤–æ–∏
–¥–µ–Ω—å–≥–∏.
[0;36m[ Exits: n ][0;37m
[1;33m–í–∞—à –ø–æ—Ö–æ–¥–Ω—ã–π —Å—É–Ω–¥—É—á–æ–∫ —Å—Ç–æ–∏—Ç –∑–¥–µ—Å—å.
[1;31m–î–æ—á–∫–∞ —Å—Ç–∞—Ä–µ–π—à–∏–Ω—ã —Å—Ç–æ–∏—Ç –∑–¥–µ—Å—å.
–î–æ—Ä–æ–¥–Ω–∞—è –∂–µ–Ω—â–∏–Ω–∞ —Å—Ç–æ–∏—Ç –∑–¥–µ—Å—å.
[0;0m
[0;32m211H[0;37m [0;32m98M[0;37m 23786–æ –ó–∞—É—á:0 –í—ã—Ö:–°> ˇ˘[1;36m–í —Å–≤–µ—Ç–ª–æ–π –∫–æ–º–Ω–∞—Ç–µ [5032][0;37m
   –¢–∏—Ö–∞—è —Å–≤–µ—Ç–ª–∞—è –∫–æ–º–Ω–∞—Ç–∞ –∑–Ω–∞—á–∏—Ç–µ–ª—å–Ω–æ –º–µ–Ω—å—à–µ –ø—Ä–µ–¥—ã–¥—É—â–µ–π, –Ω–æ –∏ —Å—é–¥–∞ –ø–æ—Å—Ç–æ—è–Ω–Ω–æ
–∑–∞—Ö–æ–¥—è—Ç –ª—é–¥–∏. –ó–¥–µ—Å—å –≤ —Å–ª—É—á–∞–µ –Ω–µ–æ–±—Ö–æ–¥–∏–º–æ—Å—Ç–∏ –º–æ–∂–Ω–æ –æ—Å—Ç–∞–≤–∏—Ç—å –Ω–∞ —Ö—Ä–∞–Ω–µ–Ω–∏–µ —Å–≤–æ–∏
–¥–µ–Ω—å–≥–∏.
[0;36m[ Exits: n ][0;37m
[1;33m–í–∞—à –ø–æ—Ö–æ–¥–Ω—ã–π —Å—É–Ω–¥—É—á–æ–∫ —Å—Ç–æ–∏—Ç –∑–¥–µ—Å—å.
[1;31m–î–æ—á–∫–∞ —Å—Ç–∞—Ä–µ–π—à–∏–Ω—ã —Å—Ç–æ–∏—Ç –∑–¥–µ—Å—å.
–î–æ—Ä–æ–¥–Ω–∞—è –∂–µ–Ω—â–∏–Ω–∞ —Å—Ç–æ–∏—Ç –∑–¥–µ—Å—å.
[0;0m
[0;32m211H[0;37m [0;32m98M[0;37m 23786–æ –ó–∞—É—á:0 –í—ã—Ö:–°> ˇ˘–í—ã –ø–æ–ø–ª–µ–ª–∏—Å—å –Ω–∞ —Å–µ–≤–µ—Ä.
[1;36m–í –¥–æ–º–µ —Å—Ç–∞—Ä–µ–π—à–∏–Ω—ã [5031][0;37m
   –°–æ—Å—Ç–æ—è—â–∏–π –∏–∑ –¥–≤—É—Ö –ø—è—Ç–∏—Å—Ç–µ–Ω–∫–æ–≤ –¥–æ–º –ø–æ—Ä–∞–∂–∞–µ—Ç —Å–≤–æ–∏–º–∏ —Ä–∞–∑–º–µ—Ä–∞–º–∏. –ó–¥–µ—Å—å –º–æ–≥–ª–∏
–±—ã —Ä–∞–∑–º–µ—Å—Ç–∏—Ç—å—Å—è —á–µ—Ç—ã—Ä–µ –∏–ª–∏ –ø—è—Ç—å –æ–±—ã—á–Ω—ã—Ö –¥–æ–º–æ–º. –î–≤–µ –ø–µ—á–∏, –Ω–µ—Å–∫–æ–ª—å–∫–æ –∫–æ–º–Ω–∞—Ç,
–≤ —Å–∞–º–æ–π –±–æ–ª—å—à–æ–π –∏–∑ –∫–æ—Ç–æ—Ä—ã—Ö –≤—ã —Å–µ–π—á–∞—Å –∏ –Ω–∞—Ö–æ–¥–∏—Ç–µ—Å—å. –ó–¥–µ—Å—å –æ–¥–Ω–æ–≤—Ä–µ–º–µ–Ω–Ω–æ –º–æ–∂–µ—Ç
–Ω–∞—Ö–æ–¥–∏—Ç—Å—è –Ω–µ –æ–¥–∏–Ω –¥–µ—Å—è—Ç–æ–∫ —á–µ–ª–æ–≤–µ–∫.
[0;36m[ Exits: s w ][0;37m
[1;33m[1;31m–°–µ–¥–æ–π –∫—Ä–µ–ø–∫–∏–π –º—É–∂—á–∏–Ω–∞ —Å—Ç–æ–∏—Ç –∑–¥–µ—Å—å.
...—Å–≤–µ—Ç–∏—Ç—Å—è —è—Ä–∫–∏–º —Å–∏—è–Ω–∏–µ–º 
[0;0m
[0;32m211H[0;37m [0;32m97M[0;37m 23786–æ –ó–∞—É—á:0 –í—ã—Ö:–Æ–ó> ˇ˘–í—ã –ø–æ–ø–ª–µ–ª–∏—Å—å –Ω–∞ –∑–∞–ø–∞–¥.
[1;36m–î–≤–æ—Ä —Å—Ç–∞—Ä–µ–π—à–∏–Ω—ã [5030][0;37m
   –≠—Ç–æ —Å–∞–º—ã–π –±–æ–ª—å—à–æ–π –¥–≤–æ—Ä –≤ –¥–µ—Ä–µ–≤–Ω–∏. –ó–¥–µ—Å—å –ø—Ä–æ–∏—Å—Ö–æ–¥—è—Ç —Å—Ö–æ–¥—ã –∂–∏—Ç–µ–ª–µ–π –¥–ª—è 
—Ä–µ—à–µ–Ω–∏—è –æ–±—â–∏—Ö –ø—Ä–æ–±–ª–µ–º. –ö–∞–∂–¥—ã–π –º–æ–∂–µ—Ç –≤—ã—Å–∫–∞–∑–∞—Ç—å—Å—è –Ω–∞ —ç—Ç–æ–º —Å–æ–±—Ä–∞–Ω–∏–∏ –Ω–µ–∑–∞–≤–∏—Å–∏–º–æ
–æ—Ç —Å–≤–æ–µ–≥–æ —Å—Ç–∞—Ç—É—Å–∞. –ò–º–µ–Ω–Ω–æ –∑–¥–µ—Å—å —Ä–µ—à–∞—é—Ç—Å—è —Å—Å–æ—Ä—ã, –Ω–∞–∫–∞–∑—ã–≤–∞—é—Ç—Å—è —Å–æ–≤–µ—Ä—à–∏–≤—à–∏–µ
–ø–ª–æ—Ö–∏–µ –ø—Ä–æ—Å—Ç—É–ø–∫–∏.
[0;36m[ Exits: e w ][0;37m
[1;33m–ü—Ä–∏–≥–ª—è–¥–µ–≤—à–∏—Å—å, –≤—ã –≤–∏–¥–∏—Ç–µ —è–≥–æ–¥—É –¥–∏–∫–æ–≥–æ –≤–∏–Ω–æ–≥—Ä–∞–¥–∞.
[1;31m–ï—Ñ–∏–º–∏–π, –±—Ä–∞—Ç –¥–µ—Ä–µ–≤–µ–Ω—Å–∫–æ–≥–æ —Å—Ç–∞—Ä–æ—Å—Ç—ã, —Å—Ç–æ–∏—Ç –∑–¥–µ—Å—å.
[0;0m
[0;32m211H[0;37m [0;32m97M[0;37m 23786–æ –ó–∞—É—á:0 –í—ã—Ö:–í–ó> ˇ˘–í—ã –ø–æ–ø–ª–µ–ª–∏—Å—å –Ω–∞ –∑–∞–ø–∞–¥.
[1;36m–¶–µ–Ω—Ç—Ä –¥–µ—Ä–µ–≤–Ω–∏ [5009][0;37m
   –¶–µ–Ω—Ç—Ä–∞–ª—å–Ω–∞—è —á–∞—Å—Ç—å –¥–µ—Ä–µ–≤–Ω–∏ –∑–∞–ø–æ–ª–Ω–µ–Ω–∞ –Ω—É–∂–Ω—ã–º–∏ –≤—Å–µ–º –º–∞—Å—Ç–µ—Ä—Å–∫–∏–º–∏ –∏ –ª–∞–≤–∫–∞–º–∏.
–£–¥–∞—á–Ω–æ–µ –º–µ—Å—Ç–æ –¥–µ—Ä–µ–≤–Ω–∏ –≤ –Ω–µ–∑–∞–ø–∞–º—è—Ç–Ω—ã–µ –≤—Ä–µ–º–µ–Ω–∞ –ø—Ä–∏–≤–ª–µ–∫–ª–æ —Å—é–¥–∞ —Ç–æ—Ä–≥–æ–≤—Ü–µ–≤ –∏
–º–∞—Å—Ç–µ—Ä–æ–≤—ã—Ö, –∏ —Å —Ç–µ—Ö –ø–æ—Ä –ø–æ–≤–µ–ª–æ—Å—å, —á—Ç–æ –≤ —ç—Ç–æ–π —á–∞—Å—Ç–∏ –¥–µ—Ä–µ–≤–Ω–∏ —Å—Ç–æ—è—Ç –±–æ–ª—å—à–∏–µ –∏
–±–æ–≥–∞—Ç—ã–µ –¥–æ–º–∞. –°–æ –≤—Å–µ–π –æ–∫—Ä—É–≥–∏ –∏ –¥–∞–∂–µ –∏–∑ –¥–∞–ª–µ–∫–æ–π –≥–ª—É—à–∏ –ø—Ä–∏—Ö–æ–¥—è—Ç –ª—é–¥–∏ —Å—é–¥–∞
–∑–∞ —Ç–æ–≤–∞—Ä–æ–º –∫—É–ø–∏—Ç—å —á—Ç–æ, –ø—Ä–æ–¥–∞—Ç—å —á—Ç–æ, –∑–∞–∫–∞–∑–∞—Ç—å —á—Ç–æ.
[0;36m[ Exits: n e s w ][0;37m
[1;33m[1;31m–ü–æ–∂–∏–ª–æ–π —à–∏—Ä–æ–∫–æ–ø–ª–µ—á–∏–π –∫—Ä–µ—Å—Ç—å—è–Ω–∏–Ω –≤ –¥–æ–±—Ä–æ—Ç–Ω–æ–π –æ–¥–µ–∂–¥–µ –ø—Ä–æ—Ö–∞–∂–∏–≤–∞–µ—Ç—Å—è —Ç—É—Ç.
[0;0m
[0;32m211H[0;37m [0;32m97M[0;37m 23786–æ –ó–∞—É—á:0 –í—ã—Ö:–°–í–Æ–ó> ˇ˘–í—ã –ø–æ–ø–ª–µ–ª–∏—Å—å –Ω–∞ —Å–µ–≤–µ—Ä.
[1;36m–ü–µ—Ä–µ–¥ –∫–æ–Ω—é—à–Ω–µ–π [5003][0;37m
   –¶–µ–Ω—Ç—Ä–∞–ª—å–Ω–∞—è —á–∞—Å—Ç—å –¥–µ—Ä–µ–≤–Ω–∏ –∑–∞–ø–æ–ª–Ω–µ–Ω–∞ –Ω—É–∂–Ω—ã–º–∏ –≤—Å–µ–º –º–∞—Å—Ç–µ—Ä—Å–∫–∏–º–∏ –∏ –ª–∞–≤–∫–∞–º–∏.
–£–¥–∞—á–Ω–æ–µ –º–µ—Å—Ç–æ –¥–µ—Ä–µ–≤–Ω–∏ –≤ –Ω–µ–∑–∞–ø–∞–º—è—Ç–Ω—ã–µ –≤—Ä–µ–º–µ–Ω–∞ –ø—Ä–∏–≤–ª–µ–∫–ª–æ —Å—é–¥–∞ —Ç–æ—Ä–≥–æ–≤—Ü–µ–≤ –∏
–º–∞—Å—Ç–µ—Ä–æ–≤—ã—Ö, –∏ —Å —Ç–µ—Ö –ø–æ—Ä –ø–æ–≤–µ–ª–æ—Å—å, —á—Ç–æ –≤ —ç—Ç–æ–π —á–∞—Å—Ç–∏ –¥–µ—Ä–µ–≤–Ω–∏ —Å—Ç–æ—è—Ç –±–æ–ª—å—à–∏–µ –∏
–±–æ–≥–∞—Ç—ã–µ –¥–æ–º–∞. –°–æ –≤—Å–µ–π –æ–∫—Ä—É–≥–∏ –∏ –¥–∞–∂–µ –∏–∑ –¥–∞–ª–µ–∫–æ–π –≥–ª—É—à–∏ –ø—Ä–∏—Ö–æ–¥—è—Ç –ª—é–¥–∏ —Å—é–¥–∞
–∑–∞ —Ç–æ–≤–∞—Ä–æ–º –∫—É–ø–∏—Ç—å —á—Ç–æ, –ø—Ä–æ–¥–∞—Ç—å —á—Ç–æ, –∑–∞–∫–∞–∑–∞—Ç—å —á—Ç–æ.
[0;36m[ Exits: n e s w ][0;37m
[1;33m–£ –≤–∞—à–∏—Ö –Ω–æ–≥ –ª–µ–∂–∏—Ç –≥–ª–∏–Ω—è–Ω–∞—è –ø–ª–æ—à–∫–∞.
[1;31m–ú–µ—Å—Ç–Ω—ã–π –∂–∏—Ç–µ–ª—å –∏–¥–µ—Ç –∑–¥–µ—Å—å.
[0;0m
[0;32m211H[0;37m [0;32m97M[0;37m 23786–æ –ó–∞—É—á:0 –í—ã—Ö:–°–í–Æ–ó> ˇ˘–í—ã –ø–æ–ø–ª–µ–ª–∏—Å—å –Ω–∞ —Å–µ–≤–µ—Ä.
[1;36m–¶–µ–Ω—Ç—Ä –¥–µ—Ä–µ–≤–Ω–∏ [5004][0;37m
   –¶–µ–Ω—Ç—Ä–∞–ª—å–Ω–∞—è —á–∞—Å—Ç—å –¥–µ—Ä–µ–≤–Ω–∏ –∑–∞–ø–æ–ª–Ω–µ–Ω–∞ –Ω—É–∂–Ω—ã–º–∏ –≤—Å–µ–º –º–∞—Å—Ç–µ—Ä—Å–∫–∏–º–∏ –∏ –ª–∞–≤–∫–∞–º–∏.
–£–¥–∞—á–Ω–æ–µ –º–µ—Å—Ç–æ –¥–µ—Ä–µ–≤–Ω–∏ –≤ –Ω–µ–∑–∞–ø–∞–º—è—Ç–Ω—ã–µ –≤—Ä–µ–º–µ–Ω–∞ –ø—Ä–∏–≤–ª–µ–∫–ª–æ —Å—é–¥–∞ —Ç–æ—Ä–≥–æ–≤—Ü–µ–≤ –∏
–º–∞—Å—Ç–µ—Ä–æ–≤—ã—Ö, –∏ —Å —Ç–µ—Ö –ø–æ—Ä –ø–æ–≤–µ–ª–æ—Å—å, —á—Ç–æ –≤ —ç—Ç–æ–π —á–∞—Å—Ç–∏ –¥–µ—Ä–µ–≤–Ω–∏ —Å—Ç–æ—è—Ç –±–æ–ª—å—à–∏–µ –∏
–±–æ–≥–∞—Ç—ã–µ –¥–æ–º–∞. –°–æ –≤—Å–µ–π –æ–∫—Ä—É–≥–∏ –∏ –¥–∞–∂–µ –∏–∑ –¥–∞–ª–µ–∫–æ–π –≥–ª—É—à–∏ –ø—Ä–∏—Ö–æ–¥—è—Ç –ª—é–¥–∏ —Å—é–¥–∞
–∑–∞ —Ç–æ–≤–∞—Ä–æ–º –∫—É–ø–∏—Ç—å —á—Ç–æ, –ø—Ä–æ–¥–∞—Ç—å —á—Ç–æ, –∑–∞–∫–∞–∑–∞—Ç—å —á—Ç–æ.
[0;36m[ Exits: n s w ][0;37m
[1;33m[1;31m–ë–∞–∑–∞—Ä–Ω—ã–π –∑–∞–∑—ã–≤–∞–ª–∞ —Å—Ç–æ–∏—Ç –∑–¥–µ—Å—å, –∑—ã—á–Ω—ã–º –≥–æ–ª–æ—Å–æ–º —Ä–∞—Å—Ö–≤–∞–ª–∏–≤–∞—è –≤—ã—Å—Ç–∞–≤–ª–µ–Ω–Ω—ã–π —Ç–æ–≤–∞—Ä.
[0;0m
[0;32m211H[0;37m [0;32m97M[0;37m 23786–æ –ó–∞—É—á:0 –í—ã—Ö:–°–Æ–ó> ˇ˘–í—ã –ø–æ–ø–ª–µ–ª–∏—Å—å –Ω–∞ —Å–µ–≤–µ—Ä.
[1;36m–ü–µ—Ä–µ–¥ –ø–æ—Å—Ç–æ—è–ª—ã–º –¥–≤–æ—Ä–æ–º [5005][0;37m
   –ß—É—Ç—å –Ω–µ —Å–ø–æ—Ç–∫–Ω—É–≤—à–∏—Å—å –æ –¥–æ—Å–∫—É, –ª–µ–∂–∞—â—É—é —Å—Ä–∞–∑—É —É –ø–æ—Ä–æ–≥–∞ –ø–æ—Å—Ç–æ—è–ª–æ–≥–æ –¥–≤–æ—Ä–∞,
–≤—ã –æ–∫–∞–∑–∞–ª–∏—Å—å –Ω–∞ —Ü–µ–Ω—Ç—Ä–∞–ª—å–Ω–æ–π —É–ª–∏—Ü–µ –¥–µ—Ä–µ–≤–Ω–∏. –ò–º–µ–Ω–Ω–æ –Ω–∞ —ç—Ç–æ–π —É–ª–∏—Ü–µ –º–æ–∂–Ω–æ 
–±—ã—Å—Ç—Ä–æ –Ω–∞–π—Ç–∏ –ª–∞–≤–∫—É —Ä–µ–º–µ—Å–ª–µ–Ω–Ω–∏–∫–∞, –¥–æ–º –∑–Ω–∞—Ö–∞—Ä—è, –∫–æ–Ω—é—à–Ω—é –∏ –¥–æ–º —Å—Ç–∞—Ä–µ–π—à–∏–Ω—ã.
–í —é–∂–Ω–æ–π —á–∞—Å—Ç–∏ –¥–µ—Ä–µ–≤–Ω–∏ –ø–æ—Å–µ–ª–∏–ª–∏—Å—å –≤–æ—Ä–æ–∂–µ–∏.
[0;36m[ Exits: n e s w ][0;37m
[1;33m[1;31m[0;0m
[0;32m211H[0;37m [0;32m97M[0;37m 23786–æ –ó–∞—É—á:0 –í—ã—Ö:–°–í–Æ–ó> ˇ˘–í—ã –ø–æ–ø–ª–µ–ª–∏—Å—å –Ω–∞ —Å–µ–≤–µ—Ä.
[1;36m–ö —Ü–µ–Ω—Ç—Ä—É –¥–µ—Ä–µ–≤–Ω–∏ [5006][0;37m
   –ü–æ–Ω–µ–º–Ω–æ–≥—É –æ—Å—Ç–∞—é—Ç—Å—è –ø–æ–∑–∞–¥–∏ –≥–ª–∞–≤–Ω—ã–µ –¥–æ–º–∞ –¥–µ—Ä–µ–≤–Ω–∏, –∏ –≤–æ–∫—Ä—É–≥ –æ—Ç–∫—Ä—ã–≤–∞–µ—Ç—Å—è –æ–±—ã—á–Ω—ã–π
–¥–µ—Ä–µ–≤–µ–Ω—Å–∫–∏–π –≤–∏–¥. –ö—Ä–µ–ø–∫–∏–µ –¥–æ–º–∞ —Å –º–∞–ª–µ–Ω—å–∫–∏–º–∏ –æ–∫–Ω–∞–º–∏, –Ω–æ –Ω–µ–∏–∑–º–µ–Ω–Ω—ã–º–∏ —Ç—Ä—É–±–∞–º–∏
–ø–µ—á–µ–π. –ò–∑–≥–æ—Ä–æ–¥—å, —Å—Ç–æ—è—â–∞—è –∑–∞ –¥–æ–º–∞–º–∏ –≤–¥–æ–ª—å –ª–µ—Å–∞ –∏ –∑–∞—â–∏—â–∞—é—â–∞—è –¥–µ—Ä–µ–≤–Ω—é —Å —Ç—ã–ª–∞. 
–ù–µ—Ç–æ—Ä–æ–ø–ª–∏–≤—ã–π –ª—é–¥, –∏–¥—É—â–∏–π –ø–æ —Å–≤–æ–∏–º –∏–∑–≤–µ—á–Ω—ã–º –¥–µ–ª–∞–º.
[0;36m[ Exits: n e s w ][0;37m
[1;33m[1;31m[0;0m
[0;32m211H[0;37m [0;32m97M[0;37m 23786–æ –ó–∞—É—á:0 –í—ã—Ö:–°–í–Æ–ó> ˇ˘–í—ã –ø–æ–ø–ª–µ–ª–∏—Å—å –Ω–∞ –∑–∞–ø–∞–¥.
[1;36m–ó–∞–±—Ä–æ—à–µ–Ω–Ω—ã–π –¥–æ–º [5023][0;37m
   –° –≤–∏–¥—É —Ö–æ—Ä–æ—à–∏–π –¥–æ–º —Å—Ç–æ–∏—Ç –Ω–∞ —Ü–µ–Ω—Ç—Ä–∞–ª—å–Ω–æ–π —É–ª–∏—Ü–µ —Å—Ä–µ–¥–∏ –±–æ–ª—å—à–∏—Ö –∏ –±–æ–≥–∞—Ç—ã—Ö
–¥–æ–º–æ–≤. –ó–∞–∫–æ–ª–æ—á–µ–Ω—ã —Å—Ç–∞–≤–Ω–∏, –∑–∞–ø—É—Å—Ç–µ–Ω—å–µ –≤–æ –¥–≤–æ—Ä–µ. –ß—Ç–æ –∑–∞ –Ω–∞–ø–∞—Å—Ç—å –∑–∞—Å—Ç–∞–≤–∏–ª–∞ 
—Ö–æ–∑—è–µ–≤ –ø–æ–∫–∏–Ω—É—Ç—å —Å–≤–æ–µ –∂–∏–ª–∏—â–µ –∏ –∏—Å–∫–∞—Ç—å –Ω–æ–≤–æ–µ –º–µ—Å—Ç–æ.
[0;36m[ Exits: e W ][0;37m
[1;33m[1;31m[0;0m
[0;32m211H[0;37m [0;32m97M[0;37m 23786–æ –ó–∞—É—á:0 –í—ã—Ö:–í–ó> ˇ˘–í—ã –ø–æ–ø–ª–µ–ª–∏—Å—å –Ω–∞ –∑–∞–ø–∞–¥.
[1;36m–ù–∞ –∫—Ä—ã–ª—å—Ü–µ [5100][0;37m
   –ü–æ–∫–æ—Å–∏–≤—à–µ–µ—Å—è –∫—Ä—ã–ª—å—Ü–æ —Å–∫—Ä–∏–ø–∏—Ç –ø–æ–¥ –Ω–æ–≥–∞–º–∏. –î–µ—Ä–µ–≤–æ –ø–æ—á–µ—Ä–Ω–µ–ª–æ –∏ –æ–±–ª—É–ø–∏–ª–æ—Å—å, –Ω–æ
—Å–æ—Ö—Ä–∞–Ω–∏–ª–æ –∫—Ä–µ–ø–æ—Å—Ç—å. –•–æ—Ç—å –∏ –º–æ–∂–Ω–æ –∑–¥–µ—Å—å –ø–æ—Å—Ç–æ—è—Ç—å, –Ω–æ –í–∞—Å –±–æ–ª—å—à–µ –∏–Ω—Ç–µ—Ä–µ—Å—É–µ—Ç —Å–∞–º
–∑–∞–±—Ä–æ—à–µ–Ω–Ω—ã–π –¥–æ–º. –•–æ—á–µ—Ç—Å—è –∑–∞–π—Ç–∏, –Ω–æ —Ö–æ–ª–æ–¥–æ–∫ –≤ –≥—Ä—É–¥–∏ –∑–∞—Å—Ç–∞–≤–ª—è–µ—Ç –ø–æ–¥—É–º–∞—Ç—å –Ω–∞–¥
—ç—Ç–∏–º —à–∞–≥–æ–º. 
[0;36m[ Exits: E w ][0;37m
[1;33m[1;31m[0;0m
–ó–∞–±—Ä–æ—à–µ–Ω–Ω—ã–π –¥–æ–º (—Å—Ä–µ–¥–Ω–∏–π —É—Ä–æ–≤–µ–Ω—å: 2).

[0;32m211H[0;37m [0;32m97M[0;37m 23786–æ –ó–∞—É—á:0 –í—ã—Ö:–í–ó> ˇ˘–í—ã –ø–æ–ø–ª–µ–ª–∏—Å—å –Ω–∞ –∑–∞–ø–∞–¥.
[1;36m–í —Å–µ–Ω—è—Ö [5101][0;37m
   –°–µ–Ω–∏ –∫–æ–≥–¥–∞-—Ç–æ —Å–ª—É–∂–∏–ª–∏ –ø—Ä–æ–º–µ–∂—É—Ç–æ—á–Ω–æ–π —á–∞—Å—Ç—å—é –º–µ–∂–¥—É –æ—Ç–∞–ø–ª–∏–≤–∞–µ–º–æ–π –∏ 
—Ö–æ–∑—è–π—Å—Ç–≤–µ–Ω–Ω–æ–π —á–∞—Å—Ç—å—é –¥–æ–º–∞. –ó–¥–µ—Å—å –∫–æ–≥–¥–∞-—Ç–æ –ª–µ–∂–∞–ª–∞ –Ω–µ—Ö–∏—Ç—Ä–∞—è –∫—Ä–µ—Å—Ç—å—è–Ω—Å–∫–∞—è 
—É—Ç–≤–∞—Ä—å, –Ω–æ —Å–µ–π—á–∞—Å —Ç–æ–ª—å–∫–æ –ø—ã–ª—å –∏ –≥—Ä—è–∑—å.
[0;36m[ Exits: e w ][0;37m
[1;33m[1;31m–ë–ª–æ—Ö–∞ –ø—Ä—è—á–µ—Ç—Å—è –≤ –º—É—Å–æ—Ä–µ.
–°–µ—Ä–∞—è –º—ã—à—å —é—Ä–∫–Ω—É–ª–∞ –∑–¥–µ—Å—å.
[0;0m
[0;32m211H[0;37m [0;32m97M[0;37m 23786–æ –ó–∞—É—á:0 –í—ã—Ö:–í–ó> ˇ˘[0;33m–í—ã –ø–æ–ø—ã—Ç–∞–ª–∏—Å—å —É–¥–∞—Ä–∏—Ç—å –±–ª–æ—Ö—É - –Ω–µ—É–¥–∞—á–Ω–æ.
[0;0m
[0;32m211H[0;37m [0;32m97M[0;37m 23785–æ –ó–∞—É—á:0 [0;32m[–ì–µ–Ω–æ–¥:–ù–µ–≤—Ä–µ–¥–∏–º][0;37m [0;32m[–±–ª–æ—Ö–∞:–ù–µ–≤—Ä–µ–¥–∏–º–∞][0;37m > ˇ˘
[0;31m–ë–ª–æ—Ö–∞ –ø–æ–ø—ã—Ç–∞–ª–∞—Å—å —É–∂–∞–ª–∏—Ç—å –≤–∞—Å, –Ω–æ –ø—Ä–æ–º–∞—Ö–Ω—É–ª–∞—Å—å.
[0;0m[1;33m–í—ã —É–¥–∞—Ä–∏–ª–∏ –±–ª–æ—Ö—É.
[0;0m–ë–ª–æ—Ö–∞ –±–µ–∑ —Å–æ–∑–Ω–∞–Ω–∏—è, –Ω–æ –≤–æ–∑–º–æ–∂–Ω–æ –æ–Ω–∞ –µ—â–µ –ø–æ–≤–æ—é–µ—Ç (–ø–æ–ø–æ–∑–∂–µ :).
[1;33m–í—ã –Ω–∞–Ω–µ—Å–ª–∏ –±–ª–æ—Ö–µ –ø—Ä–µ–∫—Ä–∞—Å–Ω—ã–π —É–¥–∞—Ä - –ø–æ—Å–ª–µ —ç—Ç–æ–≥–æ –µ–π —É–∂–µ –Ω–µ –≤—Å—Ç–∞—Ç—å.
[0;0m–ë–ª–æ—Ö–∞ –º–µ—Ä—Ç–≤–∞, –µ–µ –¥—É—à–∞ –º–µ–¥–ª–µ–Ω–Ω–æ –ø–æ–¥—ã–º–∞–µ—Ç—Å—è –≤ –Ω–µ–±–µ—Å–∞.
–í–∞—à –æ–ø—ã—Ç –ø–æ–≤—ã—Å–∏–ª—Å—è –Ω–∞ 7 –æ—á–∫–æ–≤.
–¢—Ä—É–ø –±–ª–æ—Ö–∏ –ø—É—Å—Ç.

[0;32m211H[0;37m [0;32m98M[0;37m 23769–æ –ó–∞—É—á:0 –í—ã—Ö:–í–ó> ˇ˘–í—ã –ø–æ–¥–Ω—è–ª–∏ —Ç—Ä—É–ø –±–ª–æ—Ö–∏.

[0;32m211H[0;37m [0;32m98M[0;37m 23769–æ –ó–∞—É—á:0 –í—ã—Ö:–í–ó> ˇ˘–¢—Ä—É–ø –±–ª–æ—Ö–∏ –ø—É—Å—Ç.

[0;32m211H[0;37m [0;32m98M[0;37m 23769–æ –ó–∞—É—á:0 –í—ã—Ö:–í–ó> ˇ˘–í—ã –±—Ä–æ—Å–∏–ª–∏ —Ç—Ä—É–ø –±–ª–æ—Ö–∏.

[0;32m211H[0;37m [0;32m98M[0;37m 23769–æ –ó–∞—É—á:0 –í—ã—Ö:–í–ó> ˇ˘[0;33m–í–∞—à–∞ —Ä—É–∫–∞ –Ω–µ –¥–æ—Å—Ç–∏–≥–ª–∞ —Å–µ—Ä–æ–π –º—ã—à–∏ - –Ω—É–∂–Ω–æ –±—ã–ª–æ –ª—É—á—à–µ —Ç—Ä–µ–Ω–∏—Ä–æ–≤–∞—Ç—å—Å—è.
[0;0m
[0;32m211H[0;37m [0;32m98M[0;37m 23768–æ –ó–∞—É—á:0 [0;32m[–ì–µ–Ω–æ–¥:–ù–µ–≤—Ä–µ–¥–∏–º][0;37m [0;32m[—Å–µ—Ä–∞—è –º—ã—à—å:–ù–µ–≤—Ä–µ–¥–∏–º–∞][0;37m > ˇ˘
[0;33m–í–∞—à–∞ —Ä—É–∫–∞ –Ω–µ –¥–æ—Å—Ç–∏–≥–ª–∞ —Å–µ—Ä–æ–π –º—ã—à–∏ - –Ω—É–∂–Ω–æ –±—ã–ª–æ –ª—É—á—à–µ —Ç—Ä–µ–Ω–∏—Ä–æ–≤–∞—Ç—å—Å—è.
[0;0m[1;33m–í—ã —É–¥–∞—Ä–∏–ª–∏ —Å–µ—Ä—É—é –º—ã—à—å.
[0;0m[1;31m–°–µ—Ä–∞—è –º—ã—à—å –ª–µ–≥–æ–Ω—å–∫–æ —Ç–∫–Ω—É–ª–∞ –≤–∞—Å.
[0;0m
[0;32m206H[0;37m [0;32m98M[0;37m 23746–æ –ó–∞—É—á:0 [0;32m[–ì–µ–Ω–æ–¥:–°–ª–µ–≥–∫–∞ —Ä–∞–Ω–µ–Ω][0;37m [1;32m[—Å–µ—Ä–∞—è –º—ã—à—å:–†–∞–Ω–µ–Ω–∞][0;37m > ˇ˘
[1;31m–°–µ—Ä–∞—è –º—ã—à—å –ª–µ–≥–æ–Ω—å–∫–æ —Ç–∫–Ω—É–ª–∞ –≤–∞—Å.
[0;0m[1;33m–í—ã —É–¥–∞—Ä–∏–ª–∏ —Å–µ—Ä—É—é –º—ã—à—å.
[0;0m[0;33m–í—ã –ø–æ–ø—ã—Ç–∞–ª–∏—Å—å —É–¥–∞—Ä–∏—Ç—å —Å–µ—Ä—É—é –º—ã—à—å - –Ω–µ—É–¥–∞—á–Ω–æ.
[0;0m
[0;32m206H[0;37m [0;32m98M[0;37m 23728–æ –ó–∞—É—á:0 [0;32m[–ì–µ–Ω–æ–¥:–°–ª–µ–≥–∫–∞ —Ä–∞–Ω–µ–Ω][0;37m [1;31m[—Å–µ—Ä–∞—è –º—ã—à—å:–¢—è–∂–µ–ª–æ —Ä–∞–Ω–µ–Ω–∞][0;37m > ˇ˘
[0;31m–°–µ—Ä–∞—è –º—ã—à—å –ø–æ–ø—ã—Ç–∞–ª–∞—Å—å —Ç–∫–Ω—É—Ç—å –≤–∞—Å, –Ω–æ –ø—Ä–æ–º–∞—Ö–Ω—É–ª–∞—Å—å.
[0;0m[1;33m–í—ã —É–¥–∞—Ä–∏–ª–∏ —Å–µ—Ä—É—é –º—ã—à—å.
[0;0m[1;33m–í—ã —É–¥–∞—Ä–∏–ª–∏ —Å–µ—Ä—É—é –º—ã—à—å.
[0;0m–°–µ—Ä–∞—è –º—ã—à—å —Å–º–µ—Ä—Ç–µ–ª—å–Ω–æ —Ä–∞–Ω–µ–Ω–∞ –∏ —É–º—Ä–µ—Ç, –µ—Å–ª–∏ –µ–π –Ω–µ –ø–æ–º–æ–≥—É—Ç.

[0;32m210H[0;37m [0;32m98M[0;37m 23706–æ –ó–∞—É—á:0 [0;32m[–ì–µ–Ω–æ–¥:–°–ª–µ–≥–∫–∞ —Ä–∞–Ω–µ–Ω][0;37m [0;31m[—Å–µ—Ä–∞—è –º—ã—à—å:–°–º–µ—Ä—Ç–µ–ª—å–Ω–æ —Ä–∞–Ω–µ–Ω–∞][0;37m > ˇ˘
[1;33m–í—ã –Ω–∞–Ω–µ—Å–ª–∏ —Å–µ—Ä–æ–π –º—ã—à–∏ –ø—Ä–µ–∫—Ä–∞—Å–Ω—ã–π —É–¥–∞—Ä - –ø–æ—Å–ª–µ —ç—Ç–æ–≥–æ –µ–π —É–∂–µ –Ω–µ –≤—Å—Ç–∞—Ç—å.
[0;0m–°–µ—Ä–∞—è –º—ã—à—å –º–µ—Ä—Ç–≤–∞, –µ–µ –¥—É—à–∞ –º–µ–¥–ª–µ–Ω–Ω–æ –ø–æ–¥—ã–º–∞–µ—Ç—Å—è –≤ –Ω–µ–±–µ—Å–∞.
–í–∞—à –æ–ø—ã—Ç –ø–æ–≤—ã—Å–∏–ª—Å—è –Ω–∞ 75 –æ—á–∫–æ–≤.
–¢—Ä—É–ø —Å–µ—Ä–æ–π –º—ã—à–∏ –ø—É—Å—Ç.

[0;32m211H[0;37m [0;32m98M[0;37m 23630–æ –ó–∞—É—á:0 –í—ã—Ö:–í–ó> ˇ˘–í—ã –ø–æ–¥–Ω—è–ª–∏ —Ç—Ä—É–ø —Å–µ—Ä–æ–π –º—ã—à–∏.

[0;32m211H[0;37m [0;32m98M[0;37m 23630–æ –ó–∞—É—á:0 –í—ã—Ö:–í–ó> ˇ˘–¢—Ä—É–ø —Å–µ—Ä–æ–π –º—ã—à–∏ –ø—É—Å—Ç.

[0;32m211H[0;37m [0;32m98M[0;37m 23630–æ –ó–∞—É—á:0 –í—ã—Ö:–í–ó> ˇ˘–í—ã –±—Ä–æ—Å–∏–ª–∏ —Ç—Ä—É–ø —Å–µ—Ä–æ–π –º—ã—à–∏.

[0;32m211H[0;37m [0;32m98M[0;37m 23630–æ –ó–∞—É—á:0 –í—ã—Ö:–í–ó> ˇ˘–í—ã –ø–æ–ø–ª–µ–ª–∏—Å—å –Ω–∞ –∑–∞–ø–∞–¥.
[1;36m–í —Å–µ–Ω—è—Ö [5102][0;37m
   –ß—Ç–æ –∑–∞—Å—Ç–∞–≤–∏–ª–æ —Ö–æ–∑—è–µ–≤ –ø–æ–∫–∏–Ω—É—Ç—å —ç—Ç–æ—Ç –¥–æ–º, —Å–æ—Ö—Ä–∞–Ω–∏–≤—à–∏–π—Å—è –≤ –ø—Ä–∏–ª–∏—á–Ω–æ–º —Å–æ—Å—Ç–æ—è–Ω–∏–∏
–¥–∞–∂–µ –∑–∞ –¥–æ–ª–≥–æ–µ –≤—Ä–µ–º—è –∑–∞–ø—É—Å—Ç–µ–Ω–∏—è –∏ –æ–¥–∏–Ω–æ—á–µ—Å—Ç–≤–∞? –í —ç—Ç–æ–º –º–µ—Å—Ç–µ —Å–µ–Ω–µ–π –Ω–∞—Ö–æ–¥—è—Ç—Å—è
–¥–≤–µ –¥–≤–µ—Ä–∏, –æ–¥–Ω–∞ –∏–∑ –∫–æ—Ç–æ—Ä—ã—Ö –≤–µ–¥–µ—Ç –≤ –∏–∑–±—É, –¥—Ä—É–≥–∞—è - –Ω–∞ —Å–µ–Ω–æ–≤–∞–ª.  
[0;36m[ Exits: (n) e (s) ][0;37m
[1;33m[1;31m[0;0m
[0;32m211H[0;37m [0;32m97M[0;37m 23630–æ –ó–∞—É—á:0 –í—ã—Ö:(–°)–í(–Æ)> ˇ˘–ó–∞–∫—Ä—ã—Ç–æ.

[0;32m211H[0;37m [0;32m98M[0;37m 23630–æ –ó–∞—É—á:0 –í—ã—Ö:(–°)–í(–Æ)> ˇ˘–õ–∞–¥—É—à–∫–∏.

[0;32m211H[0;37m [0;32m98M[0;37m 23630–æ –ó–∞—É—á:0 –í—ã—Ö:(–°)–í–Æ> ˇ˘–í—ã –ø–æ–ø–ª–µ–ª–∏—Å—å –Ω–∞ —é–≥.
[1;36m–ù–∞ —Å–µ–Ω–æ–≤–∞–ª–µ [5103][0;37m
   –ü–æ–¥ –Ω–æ–≥–∞–º–∏ —Ä–∞–∑–±—Ä–æ—Å–∞–Ω–∞ —Å–æ–ª–æ–º–∞ –≤–ø–µ—Ä–µ–º–µ—à–∫—É —Å —Å–µ–Ω–æ–º, –ø–æ —É–≥–ª–∞–º –ª–µ–∂–∞—Ç —Å—Ç–∞—Ä—ã–µ
–∏–Ω—Å—Ç—Ä—É–º–µ–Ω—Ç—ã. –°—é–¥–∞ –∑–∞–±—Ä–∞—Å—ã–≤–∞–µ—Ç—Å—è –∫–æ—Ä–º –¥–ª—è –¥–æ–º–∞—à–Ω–µ–≥–æ —Å–∫–æ—Ç–∞, –∞ –ø–æ—Ç–æ–º –ø–æ–¥–∞–µ—Ç—Å—è
–ø–æ —Å—Ç–æ–π–ª–∞–º.
[0;36m[ Exits: n e s ][0;37m
[1;33m[1;31m(–ª–µ—Ç–∏—Ç) –ú—É—Ö–∞ –ª–µ—Ç–∞–µ—Ç –∑–¥–µ—Å—å.
[0;0m
[0;32m211H[0;37m [0;32m97M[0;37m 23630–æ –ó–∞—É—á:0 –í—ã—Ö:–°–í–Æ> ˇ˘[0;33m–í—ã –ø–æ–ø—ã—Ç–∞–ª–∏—Å—å —É–¥–∞—Ä–∏—Ç—å –º—É—Ö—É - –Ω–µ—É–¥–∞—á–Ω–æ.
[0;0m
[0;32m211H[0;37m [0;32m98M[0;37m 23629–æ –ó–∞—É—á:0 [0;32m[–ì–µ–Ω–æ–¥:–ù–µ–≤—Ä–µ–¥–∏–º][0;37m [0;32m[–º—É—Ö–∞:–ù–µ–≤—Ä–µ–¥–∏–º–∞][0;37m > ˇ˘
[0;31m–ú—É—Ö–∞ –ø–æ–ø—ã—Ç–∞–ª–∞—Å—å —Ç–∫–Ω—É—Ç—å –≤–∞—Å, –Ω–æ –µ–µ —É–¥–∞—Ä –Ω–µ –¥–æ—Å—Ç–∏–≥ —Ü–µ–ª–∏.
[0;0m[1;33m–í—ã —É–¥–∞—Ä–∏–ª–∏ –º—É—Ö—É.
[0;0m[1;33m–í—ã –Ω–∞–Ω–µ—Å–ª–∏ –º—É—Ö–µ –ø—Ä–µ–∫—Ä–∞—Å–Ω—ã–π —É–¥–∞—Ä - –ø–æ—Å–ª–µ —ç—Ç–æ–≥–æ –µ–π —É–∂–µ –Ω–µ –≤—Å—Ç–∞—Ç—å.
[0;0m–ú—É—Ö–∞ –º–µ—Ä—Ç–≤–∞, –µ–µ –¥—É—à–∞ –º–µ–¥–ª–µ–Ω–Ω–æ –ø–æ–¥—ã–º–∞–µ—Ç—Å—è –≤ –Ω–µ–±–µ—Å–∞.
–í–∞—à –æ–ø—ã—Ç –ø–æ–≤—ã—Å–∏–ª—Å—è –Ω–∞ 10 –æ—á–∫–æ–≤.
–¢—Ä—É–ø –º—É—Ö–∏ –ø—É—Å—Ç.

[0;32m211H[0;37m [0;32m98M[0;37m 23615–æ –ó–∞—É—á:0 –í—ã—Ö:–°–í–Æ> ˇ˘–í—ã –ø–æ–¥–Ω—è–ª–∏ —Ç—Ä—É–ø –º—É—Ö–∏.

[0;32m211H[0;37m [0;32m98M[0;37m 23615–æ –ó–∞—É—á:0 –í—ã—Ö:–°–í–Æ> ˇ˘–¢—Ä—É–ø –º—É—Ö–∏ –ø—É—Å—Ç.

[0;32m211H[0;37m [0;32m98M[0;37m 23615–æ –ó–∞—É—á:0 –í—ã—Ö:–°–í–Æ> ˇ˘–í—ã –±—Ä–æ—Å–∏–ª–∏ —Ç—Ä—É–ø –º—É—Ö–∏.

[0;32m211H[0;37m [0;32m98M[0;37m 23615–æ –ó–∞—É—á:0 –í—ã—Ö:–°–í–Æ> ˇ˘–í—ã –ø–æ–ø–ª–µ–ª–∏—Å—å –Ω–∞ –≤–æ—Å—Ç–æ–∫.
[1;36m–ù–∞ —Å–µ–Ω–æ–≤–∞–ª–µ [5104][0;37m
   –ü–æ–¥ –Ω–æ–≥–∞–º–∏ —Ä–∞–∑–±—Ä–æ—Å–∞–Ω–∞ —Å–æ–ª–æ–º–∞ –≤–ø–µ—Ä–µ–º–µ—à–∫—É —Å —Å–µ–Ω–æ–º, –ø–æ —É–≥–ª–∞–º –ª–µ–∂–∞—Ç —Å—Ç–∞—Ä—ã–µ
–∏–Ω—Å—Ç—Ä—É–º–µ–Ω—Ç—ã. –°—é–¥–∞ –∑–∞–±—Ä–∞—Å—ã–≤–∞–µ—Ç—Å—è –∫–æ—Ä–º –¥–ª—è –¥–æ–º–∞—à–Ω–µ–≥–æ —Å–∫–æ—Ç–∞, –∞ –ø–æ—Ç–æ–º –ø–æ–¥–∞–µ—Ç—Å—è
–ø–æ —Å—Ç–æ–π–ª–∞–º.
[0;36m[ Exits: s w ][0;37m
[1;33m–ù–∞ –ø–æ–ª—É –ª–µ–∂–∏—Ç –ª–µ—Å—Ç–Ω–∏—Ü–∞.
[1;31m–¢–∞—Ä–∞–∫–∞–Ω –±—ã—Å—Ç—Ä–æ –ø—Ä–æ–±–µ–∂–∞–ª –∑–¥–µ—Å—å.
[0;0m
[0;32m211H[0;37m [0;32m97M[0;37m 23615–æ –ó–∞—É—á:0 –í—ã—Ö:–Æ–ó> ˇ˘–ü–æ–¥–Ω–∞—Ç—É–∂–∏–≤—à–∏—Å—å, –í—ã –ø—Ä–∏—Å—Ç–∞–≤–∏–ª–∏ –ª–µ—Å—Ç–Ω–∏—Ü—É –∏ —Ç–µ–ø–µ—Ä—å –º–æ–∂–Ω–æ –ø–æ–¥–Ω—è—Ç—å—Å—è –Ω–∞–≤–µ—Ä—Ö.

[0;32m211H[0;37m [0;32m97M[0;37m 23615–æ –ó–∞—É—á:0 –í—ã—Ö:–Æ–ó^> ˇ˘[1;36m–ù–∞ —Å–µ–Ω–æ–≤–∞–ª–µ [5104][0;37m
   –ü–æ–¥ –Ω–æ–≥–∞–º–∏ —Ä–∞–∑–±—Ä–æ—Å–∞–Ω–∞ —Å–æ–ª–æ–º–∞ –≤–ø–µ—Ä–µ–º–µ—à–∫—É —Å —Å–µ–Ω–æ–º, –ø–æ —É–≥–ª–∞–º –ª–µ–∂–∞—Ç —Å—Ç–∞—Ä—ã–µ
–∏–Ω—Å—Ç—Ä—É–º–µ–Ω—Ç—ã. –°—é–¥–∞ –∑–∞–±—Ä–∞—Å—ã–≤–∞–µ—Ç—Å—è –∫–æ—Ä–º –¥–ª—è –¥–æ–º–∞—à–Ω–µ–≥–æ —Å–∫–æ—Ç–∞, –∞ –ø–æ—Ç–æ–º –ø–æ–¥–∞–µ—Ç—Å—è
–ø–æ —Å—Ç–æ–π–ª–∞–º.
[0;36m[ Exits: s w u ][0;37m
[1;33m–ö –±–∞–ª–∫–µ –ø—Ä–∏—Å—Ç–∞–≤–ª–µ–Ω–∞ –ª–µ—Å—Ç–Ω–∏—Ü–∞, –≤–µ–¥—É—â–∞—è –Ω–∞ —á–µ—Ä–¥–∞–∫.
[1;31m–¢–∞—Ä–∞–∫–∞–Ω –±—ã—Å—Ç—Ä–æ –ø—Ä–æ–±–µ–∂–∞–ª –∑–¥–µ—Å—å.
[0;0m
[0;32m211H[0;37m [0;32m97M[0;37m 23615–æ –ó–∞—É—á:0 –í—ã—Ö:–Æ–ó^> ˇ˘[1;33m–í—ã —É–¥–∞—Ä–∏–ª–∏ —Ç–∞—Ä–∞–∫–∞–Ω–∞.
[0;0m–¢–∞—Ä–∞–∫–∞–Ω –±–µ–∑ —Å–æ–∑–Ω–∞–Ω–∏—è, –Ω–æ –≤–æ–∑–º–æ–∂–Ω–æ –æ–Ω –µ—â–µ –ø–æ–≤–æ—é–µ—Ç (–ø–æ–ø–æ–∑–∂–µ :).

[0;32m211H[0;37m [0;32m98M[0;37m 23611–æ –ó–∞—É—á:0 [0;32m[–ì–µ–Ω–æ–¥:–ù–µ–≤—Ä–µ–¥–∏–º][0;37m [0;31m[—Ç–∞—Ä–∞–∫–∞–Ω:–û.—Ç—è–∂–µ–ª–æ —Ä–∞–Ω–µ–Ω][0;37m > ˇ˘
[1;33m–í—ã –Ω–∞–Ω–µ—Å–ª–∏ —Ç–∞—Ä–∞–∫–∞–Ω—É –ø—Ä–µ–∫—Ä–∞—Å–Ω—ã–π —É–¥–∞—Ä - –ø–æ—Å–ª–µ —ç—Ç–æ–≥–æ –µ–º—É —É–∂–µ –Ω–µ –≤—Å—Ç–∞—Ç—å.
[0;0m–¢–∞—Ä–∞–∫–∞–Ω –º–µ—Ä—Ç–≤, –µ–≥–æ –¥—É—à–∞ –º–µ–¥–ª–µ–Ω–Ω–æ –ø–æ–¥—ã–º–∞–µ—Ç—Å—è –≤ –Ω–µ–±–µ—Å–∞.
–í–∞—à –æ–ø—ã—Ç –ø–æ–≤—ã—Å–∏–ª—Å—è –Ω–∞ 6 –æ—á–∫–æ–≤.
–¢—Ä—É–ø —Ç–∞—Ä–∞–∫–∞–Ω–∞ –ø—É—Å—Ç.

[0;32m211H[0;37m [0;32m98M[0;37m 23604–æ –ó–∞—É—á:0 –í—ã—Ö:–Æ–ó^> ˇ˘–í—ã –ø–æ–¥–Ω—è–ª–∏ —Ç—Ä—É–ø —Ç–∞—Ä–∞–∫–∞–Ω–∞.

[0;32m211H[0;37m [0;32m98M[0;37m 23604–æ –ó–∞—É—á:0 –í—ã—Ö:–Æ–ó^> ˇ˘–¢—Ä—É–ø —Ç–∞—Ä–∞–∫–∞–Ω–∞ –ø—É—Å—Ç.

[0;32m211H[0;37m [0;32m98M[0;37m 23604–æ –ó–∞—É—á:0 –í—ã—Ö:–Æ–ó^> ˇ˘–í—ã –±—Ä–æ—Å–∏–ª–∏ —Ç—Ä—É–ø —Ç–∞—Ä–∞–∫–∞–Ω–∞.

[0;32m211H[0;37m [0;32m98M[0;37m 23604–æ –ó–∞—É—á:0 –í—ã—Ö:–Æ–ó^> ˇ˘–í—ã –ø–æ–ø–ª–µ–ª–∏—Å—å –≤–≤–µ—Ä—Ö.
[1;36m–ù–∞ —á–µ—Ä–¥–∞–∫–µ [5117][0;37m
   –ü—ã–ª—å–Ω—ã–π —á–µ—Ä–¥–∞–∫ –∑–∞–≤–∞–ª–µ–Ω —Å—Ç–∞—Ä—ã–º–∏ –≤–µ—â–∞–º–∏ –∏ —Ä–∞–∑–Ω—ã–º —Ö–ª–∞–º–æ–º, –≤—Å–µ–≥–¥–∞ —É–±–∏—Ä–∞–µ–º—ã–º
—Å –≥–ª–∞–∑ –¥–æ–ª–æ–π –ø–æ–¥–∞–ª—å—à–µ.
[0;36m[ Exits: n e d ][0;37m
[1;33m[1;31m[0;0m
[0;32m211H[0;37m [0;32m97M[0;37m 23604–æ –ó–∞—É—á:0 –í—ã—Ö:–°–ív> ˇ˘–í—ã –ø–æ–ø–ª–µ–ª–∏—Å—å –Ω–∞ —Å–µ–≤–µ—Ä.
[1;36m–ß–µ—Ä–¥–∞–∫ [5119][0;37m
   –ü–æ–¥ —Å—Ç–∞—Ä—ã–º–∏ –≥—Ä—è–∑–Ω—ã–º–∏ —Ç—Ä—è–ø–∫–∞–º–∏ –≤—ã –æ–±–Ω–∞—Ä—É–∂–∏–ª–∏ –º–∞–ª–µ–Ω—å–∫–∏–π —Ç–∫–∞—Ü–∫–∏–π —Å—Ç–∞–Ω–æ—á–µ–∫,
—Ç–æ—Ç, –Ω–∞ –∫–æ—Ç–æ—Ä–æ–º –∏–∑ –º—è–≥–∫–æ–≥–æ –ª—å–Ω–∞ —Ç–∫—É—Ç –ø–æ–ª–æ—Ç–Ω–æ. –≠—Ç–æ –±–æ–ª—å—à–∞—è —Ü–µ–Ω–Ω–æ—Å—Ç—å, –∫–∞–∫ –º–æ–≥–ª–∏
—Ö–æ–∑—è–µ–≤–∞ –æ—Å—Ç–∞–≤–∏—Ç—å –µ–≥–æ.
[0;36m[ Exits: n e s ][0;37m
[1;33m–ü—ã–ª—å–Ω—ã–π —Å—É–Ω–¥—É–∫ –ª–µ–∂–∏—Ç —Å—Ä–µ–¥–∏ –º—É—Å–æ—Ä–∞.
[1;31m–ë–ª–æ—Ö–∞ –ø—Ä—è—á–µ—Ç—Å—è –≤ –º—É—Å–æ—Ä–µ.
[0;0m
[0;32m211H[0;37m [0;32m97M[0;37m 23604–æ –ó–∞—É—á:0 –í—ã—Ö:–°–í–Æ> ˇ˘[1;33m–í—ã —É–¥–∞—Ä–∏–ª–∏ –±–ª–æ—Ö—É.
[0;0m
[0;32m211H[0;37m [0;32m97M[0;37m 23601–æ –ó–∞—É—á:0 [0;32m[–ì–µ–Ω–æ–¥:–ù–µ–≤—Ä–µ–¥–∏–º][0;37m [0;31m[–±–ª–æ—Ö–∞:–û.—Ç—è–∂–µ–ª–æ —Ä–∞–Ω–µ–Ω–∞][0;37m > ˇ˘
[1;31m–ë–ª–æ—Ö–∞ –ª–µ–≥–æ–Ω—å–∫–æ —É–∂–∞–ª–∏–ª–∞ –≤–∞—Å.
[0;0m[1;33m–í—ã –Ω–∞–Ω–µ—Å–ª–∏ –±–ª–æ—Ö–µ –ø—Ä–µ–∫—Ä–∞—Å–Ω—ã–π —É–¥–∞—Ä - –ø–æ—Å–ª–µ —ç—Ç–æ–≥–æ –µ–π —É–∂–µ –Ω–µ –≤—Å—Ç–∞—Ç—å.
[0;0m–ë–ª–æ—Ö–∞ –º–µ—Ä—Ç–≤–∞, –µ–µ –¥—É—à–∞ –º–µ–¥–ª–µ–Ω–Ω–æ –ø–æ–¥—ã–º–∞–µ—Ç—Å—è –≤ –Ω–µ–±–µ—Å–∞.
–í–∞—à –æ–ø—ã—Ç –ø–æ–≤—ã—Å–∏–ª—Å—è –Ω–∞ 7 –æ—á–∫–æ–≤.
–¢—Ä—É–ø –±–ª–æ—Ö–∏ –ø—É—Å—Ç.

[0;32m208H[0;37m [0;32m98M[0;37m 23593–æ –ó–∞—É—á:0 –í—ã—Ö:–°–í–Æ> ˇ˘–í—ã –ø–æ–¥–Ω—è–ª–∏ —Ç—Ä—É–ø –±–ª–æ—Ö–∏.

[0;32m211H[0;37m [0;32m98M[0;37m 23593–æ –ó–∞—É—á:0 –í—ã—Ö:–°–í–Æ> ˇ˘–¢—Ä—É–ø –±–ª–æ—Ö–∏ –ø—É—Å—Ç.

[0;32m211H[0;37m [0;32m98M[0;37m 23593–æ –ó–∞—É—á:0 –í—ã—Ö:–°–í–Æ> ˇ˘–í—ã –±—Ä–æ—Å–∏–ª–∏ —Ç—Ä—É–ø –±–ª–æ—Ö–∏.

[0;32m211H[0;37m [0;32m98M[0;37m 23593–æ –ó–∞—É—á:0 –í—ã—Ö:–°–í–Æ> ˇ˘–í—ã –ø–æ–ø–ª–µ–ª–∏—Å—å –Ω–∞ —Å–µ–≤–µ—Ä.
[1;36m–ß–µ—Ä–¥–∞–∫ [5121][0;37m
   –°–∫–≤–æ–∑—å —Ä–∞–∑–æ—à–µ–¥—à–∏–µ—Å—è –∏ –ø—Ä–æ—Ö—É–¥–∏–≤—à–∏–µ—Å—è –¥–æ—Å–∫–∏ –æ—Ç–∫—Ä—ã–≤–∞–µ—Ç—Å—è –≤–∏–¥ –Ω–∞ —ç—Ç—É —á–∞—Å—Ç—å
–¥–µ—Ä–µ–≤–Ω–∏ –∏ —Ä–µ–∫—É –∑–∞ –Ω–µ–π. –î–∞, –±–æ–ª—å—à–∞—è —Ä–µ–∫–∞, –∏ –Ω–∞ –Ω–µ–π –º–∞–ª—é—Å–µ–Ω—å–∫–æ–µ –ø—è—Ç–Ω–æ –¥–µ—Ä–µ–≤–Ω–∏.
[0;36m[ Exits: e s ][0;37m
[1;33m[1;31m–°–≤–µ—Ç–ª—è—á–æ–∫ –ø–æ–ª–∑–∞–µ—Ç –∑–¥–µ—Å—å.
[0;0m
[0;32m211H[0;37m [0;32m97M[0;37m 23593–æ –ó–∞—É—á:0 –í—ã—Ö:–í–Æ> ˇ˘[1;33m–í—ã —É–¥–∞—Ä–∏–ª–∏ —Å–≤–µ—Ç–ª—è—á–∫–∞.
[0;0m
[0;32m211H[0;37m [0;32m98M[0;37m 23585–æ –ó–∞—É—á:0 [0;32m[–ì–µ–Ω–æ–¥:–ù–µ–≤—Ä–µ–¥–∏–º][0;37m [1;32m[—Å–≤–µ—Ç–ª—è—á–æ–∫:–†–∞–Ω–µ–Ω][0;37m > ˇ˘
[0;31m–°–≤–µ—Ç–ª—è—á–æ–∫ –ø–æ–ø—ã—Ç–∞–ª—Å—è —Ç–∫–Ω—É—Ç—å –≤–∞—Å, –Ω–æ –µ–≥–æ —É–¥–∞—Ä –Ω–µ –¥–æ—Å—Ç–∏–≥ —Ü–µ–ª–∏.
[0;0m[1;33m–í—ã —É–¥–∞—Ä–∏–ª–∏ —Å–≤–µ—Ç–ª—è—á–∫–∞.
[0;0m[0;33m–í—ã –ø–æ–ø—ã—Ç–∞–ª–∏—Å—å —É–¥–∞—Ä–∏—Ç—å —Å–≤–µ—Ç–ª—è—á–∫–∞ - –Ω–µ—É–¥–∞—á–Ω–æ.
[0;0m
[0;32m211H[0;37m [0;32m98M[0;37m 23575–æ –ó–∞—É—á:0 [0;32m[–ì–µ–Ω–æ–¥:–ù–µ–≤—Ä–µ–¥–∏–º][0;37m [1;31m[—Å–≤–µ—Ç–ª—è—á–æ–∫:–¢—è–∂–µ–ª–æ —Ä–∞–Ω–µ–Ω][0;37m > ˇ˘
[0;31m–°–≤–µ—Ç–ª—è—á–æ–∫ –ø–æ–ø—ã—Ç–∞–ª—Å—è —Ç–∫–Ω—É—Ç—å –≤–∞—Å, –Ω–æ –ø—Ä–æ–º–∞—Ö–Ω—É–ª—Å—è.
[0;0m[1;33m–í—ã —É–¥–∞—Ä–∏–ª–∏ —Å–≤–µ—Ç–ª—è—á–∫–∞.
[0;0m
[0;32m211H[0;37m [0;32m98M[0;37m 23567–æ –ó–∞—É—á:0 [0;32m[–ì–µ–Ω–æ–¥:–ù–µ–≤—Ä–µ–¥–∏–º][0;37m [0;31m[—Å–≤–µ—Ç–ª—è—á–æ–∫:–û.—Ç—è–∂–µ–ª–æ —Ä–∞–Ω–µ–Ω][0;37m > ˇ˘
[1;31m–°–≤–µ—Ç–ª—è—á–æ–∫ –ª–µ–≥–æ–Ω—å–∫–æ —Ç–∫–Ω—É–ª –≤–∞—Å.
[0;0m[0;33m–í–∞—à–∞ —Ä—É–∫–∞ –Ω–µ –¥–æ—Å—Ç–∏–≥–ª–∞ —Å–≤–µ—Ç–ª—è—á–∫–∞ - –Ω—É–∂–Ω–æ –±—ã–ª–æ –ª—É—á—à–µ —Ç—Ä–µ–Ω–∏—Ä–æ–≤–∞—Ç—å—Å—è.
[0;0m[1;33m–í—ã –Ω–∞–Ω–µ—Å–ª–∏ —Å–≤–µ—Ç–ª—è—á–∫—É –ø—Ä–µ–∫—Ä–∞—Å–Ω—ã–π —É–¥–∞—Ä - –ø–æ—Å–ª–µ —ç—Ç–æ–≥–æ –µ–º—É —É–∂–µ –Ω–µ –≤—Å—Ç–∞—Ç—å.
[0;0m–°–≤–µ—Ç–ª—è—á–æ–∫ –º–µ—Ä—Ç–≤, –µ–≥–æ –¥—É—à–∞ –º–µ–¥–ª–µ–Ω–Ω–æ –ø–æ–¥—ã–º–∞–µ—Ç—Å—è –≤ –Ω–µ–±–µ—Å–∞.
–í–∞—à –æ–ø—ã—Ç –ø–æ–≤—ã—Å–∏–ª—Å—è –Ω–∞ 30 –æ—á–∫–æ–≤.
–¢—Ä—É–ø —Å–≤–µ—Ç–ª—è—á–∫–∞ –ø—É—Å—Ç.

[0;32m206H[0;37m [0;32m98M[0;37m 23535–æ –ó–∞—É—á:0 –í—ã—Ö:–í–Æ> ˇ˘–í—ã –ø–æ–¥–Ω—è–ª–∏ —Ç—Ä—É–ø —Å–≤–µ—Ç–ª—è—á–∫–∞.

[0;32m206H[0;37m [0;32m98M[0;37m 23535–æ –ó–∞—É—á:0 –í—ã—Ö:–í–Æ> ˇ˘–¢—Ä—É–ø —Å–≤–µ—Ç–ª—è—á–∫–∞ –ø—É—Å—Ç.

[0;32m209H[0;37m [0;32m98M[0;37m 23535–æ –ó–∞—É—á:0 –í—ã—Ö:–í–Æ> ˇ˘–í—ã –±—Ä–æ—Å–∏–ª–∏ —Ç—Ä—É–ø —Å–≤–µ—Ç–ª—è—á–∫–∞.

[0;32m209H[0;37m [0;32m98M[0;37m 23535–æ –ó–∞—É—á:0 –í—ã—Ö:–í–Æ> ˇ˘–í—ã –ø–æ–ø–ª–µ–ª–∏—Å—å –Ω–∞ –≤–æ—Å—Ç–æ–∫.
[1;36m–ß–µ—Ä–¥–∞–∫ [5122][0;37m
   –ó–¥–µ—Å—å –¥–∞–≤–Ω–æ –ø–æ—Å–µ–ª–∏–ª—Å—è –ø–∞—É–∫ –∏ –∑–∞–∫—Ä—ã–ª –≤—Å–µ –≤–æ–∑–º–æ–∂–Ω—ã–µ —É–≥–ª–∞ —Å–≤–æ–∏–º–∏ —Å–µ—Ç—è–º–∏.
–í–æ–ª—å–≥–æ—Ç–Ω–æ –µ–º—É, –Ω–∏–∫—Ç–æ –Ω–µ –±–µ—Å–ø–æ–∫–æ–∏—Ç, –≤–æ–Ω —Å–∫–æ–ª—å–∫–æ —É–∂–µ –Ω–∞ –ø–æ–ª—É –≤–∞–ª—è–µ—Ç—Å—è
–æ–±–µ—Å–∫—Ä–æ–≤–ª–µ–Ω–Ω—ã—Ö –Ω–∞—Å–µ–∫–æ–º—ã—Ö.
[0;36m[ Exits: s w ][0;37m
[1;33m[1;31m–ë–æ–ª—å—à–æ–π –ø–∞—É–∫ —Å –±–µ–ª—ã–º –±—Ä—é—Ö–æ–º –∂–¥–µ—Ç –∂–µ—Ä—Ç–≤—É –∑–¥–µ—Å—å.
[0;0m[0;31m–ë–µ–ª—ã–π –ø–∞—É–∫ –ø–æ–ø—ã—Ç–∞–ª—Å—è —É–∂–∞–ª–∏—Ç—å –≤–∞—Å, –Ω–æ –ø—Ä–æ–º–∞—Ö–Ω—É–ª—Å—è.
[0;0m
[0;32m209H[0;37m [0;32m97M[0;37m 23535–æ –ó–∞—É—á:0 [0;32m[–ì–µ–Ω–æ–¥:–°–ª–µ–≥–∫–∞ —Ä–∞–Ω–µ–Ω][0;37m [0;32m[–±–µ–ª—ã–π –ø–∞—É–∫:–ù–µ–≤—Ä–µ–¥–∏–º][0;37m > ˇ˘[1;36m–ß–µ—Ä–¥–∞–∫ [5122][0;37m
   –ó–¥–µ—Å—å –¥–∞–≤–Ω–æ –ø–æ—Å–µ–ª–∏–ª—Å—è –ø–∞—É–∫ –∏ –∑–∞–∫—Ä—ã–ª –≤—Å–µ –≤–æ–∑–º–æ–∂–Ω—ã–µ —É–≥–ª–∞ —Å–≤–æ–∏–º–∏ —Å–µ—Ç—è–º–∏.
–í–æ–ª—å–≥–æ—Ç–Ω–æ –µ–º—É, –Ω–∏–∫—Ç–æ –Ω–µ –±–µ—Å–ø–æ–∫–æ–∏—Ç, –≤–æ–Ω —Å–∫–æ–ª—å–∫–æ —É–∂–µ –Ω–∞ –ø–æ–ª—É –≤–∞–ª—è–µ—Ç—Å—è
–æ–±–µ—Å–∫—Ä–æ–≤–ª–µ–Ω–Ω—ã—Ö –Ω–∞—Å–µ–∫–æ–º—ã—Ö.
[0;36m[ Exits: s w ][0;37m
[1;33m[1;31m–ë–µ–ª—ã–π –ø–∞—É–∫ —Å—Ä–∞–∂–∞–µ—Ç—Å—è —Å –í–ê–ú–ò! 
[0;0m
[0;32m211H[0;37m [0;32m98M[0;37m 23535–æ –ó–∞—É—á:0 [0;32m[–ì–µ–Ω–æ–¥:–ù–µ–≤—Ä–µ–¥–∏–º][0;37m [0;32m[–±–µ–ª—ã–π –ø–∞—É–∫:–ù–µ–≤—Ä–µ–¥–∏–º][0;37m > ˇ˘
–ë–µ–ª—ã–π –ø–∞—É–∫ –∏–∑–¥–∞–ª –Ω–µ–ø–æ–Ω—è—Ç–Ω—ã–π –∑–≤—É–∫.
[0;31m–ë–µ–ª—ã–π –ø–∞—É–∫ –ø–æ–ø—ã—Ç–∞–ª—Å—è —É–∂–∞–ª–∏—Ç—å –≤–∞—Å, –Ω–æ –ø—Ä–æ–º–∞—Ö–Ω—É–ª—Å—è.
[0;0m–ë–µ–ª—ã–π –ø–∞—É–∫ –ø–µ—Ä–µ—Ö–≤–∞—Ç–∏–ª –≤–∞—à—É –∞—Ç–∞–∫—É.
[1;36m–í—ã –ø–æ–≤—ã—Å–∏–ª–∏ —É—Ä–æ–≤–µ–Ω—å —É–º–µ–Ω–∏—è "–∫—É–ª–∞—á–Ω—ã–π –±–æ–π".[0;37m
[1;33m–í—ã —É–¥–∞—Ä–∏–ª–∏ –±–µ–ª–æ–≥–æ –ø–∞—É–∫–∞.
[0;0m
[0;32m211H[0;37m [0;32m98M[0;37m 23510–æ –ó–∞—É—á:0 [0;32m[–ì–µ–Ω–æ–¥:–ù–µ–≤—Ä–µ–¥–∏–º][0;37m [0;32m[–±–µ–ª—ã–π –ø–∞—É–∫:–°–ª–µ–≥–∫–∞ —Ä–∞–Ω–µ–Ω][0;37m > ˇ˘
[0;31m–ë–µ–ª—ã–π –ø–∞—É–∫ –ø–æ–ø—ã—Ç–∞–ª—Å—è —É–∂–∞–ª–∏—Ç—å –≤–∞—Å, –Ω–æ –ø—Ä–æ–º–∞—Ö–Ω—É–ª—Å—è.
[0;0m[1;33m–í—ã —É–¥–∞—Ä–∏–ª–∏ –±–µ–ª–æ–≥–æ –ø–∞—É–∫–∞.
[0;0m[0;33m–í–∞—à–∞ —Ä—É–∫–∞ –Ω–µ –¥–æ—Å—Ç–∏–≥–ª–∞ –±–µ–ª–æ–≥–æ –ø–∞—É–∫–∞ - –Ω—É–∂–Ω–æ –±—ã–ª–æ –ª—É—á—à–µ —Ç—Ä–µ–Ω–∏—Ä–æ–≤–∞—Ç—å—Å—è.
[0;0m
[0;32m211H[0;37m [0;32m98M[0;37m 23474–æ –ó–∞—É—á:0 [0;32m[–ì–µ–Ω–æ–¥:–ù–µ–≤—Ä–µ–¥–∏–º][0;37m [1;32m[–±–µ–ª—ã–π –ø–∞—É–∫:–õ–µ–≥–∫–æ —Ä–∞–Ω–µ–Ω][0;37m > ˇ˘
[0;31m–ë–µ–ª—ã–π –ø–∞—É–∫ –ø–æ–ø—ã—Ç–∞–ª—Å—è —É–∂–∞–ª–∏—Ç—å –≤–∞—Å, –Ω–æ –ø—Ä–æ–º–∞—Ö–Ω—É–ª—Å—è.
[0;0m[0;33m–í–∞—à–∞ —Ä—É–∫–∞ –Ω–µ –¥–æ—Å—Ç–∏–≥–ª–∞ –±–µ–ª–æ–≥–æ –ø–∞—É–∫–∞ - –Ω—É–∂–Ω–æ –±—ã–ª–æ –ª—É—á—à–µ —Ç—Ä–µ–Ω–∏—Ä–æ–≤–∞—Ç—å—Å—è.
[0;0m[1;33m–í—ã —É–¥–∞—Ä–∏–ª–∏ –±–µ–ª–æ–≥–æ –ø–∞—É–∫–∞.
[0;0m
[0;32m211H[0;37m [0;32m98M[0;37m 23440–æ –ó–∞—É—á:0 [0;32m[–ì–µ–Ω–æ–¥:–ù–µ–≤—Ä–µ–¥–∏–º][0;37m [1;32m[–±–µ–ª—ã–π –ø–∞—É–∫:–õ–µ–≥–∫–æ —Ä–∞–Ω–µ–Ω][0;37m > ˇ˘
[0;31m–ë–µ–ª—ã–π –ø–∞—É–∫ –ø–æ–ø—ã—Ç–∞–ª—Å—è —É–∂–∞–ª–∏—Ç—å –≤–∞—Å, –Ω–æ –ø—Ä–æ–º–∞—Ö–Ω—É–ª—Å—è.
[0;0m–ë–µ–ª—ã–π –ø–∞—É–∫ –ø–µ—Ä–µ—Ö–≤–∞—Ç–∏–ª –≤–∞—à—É –∞—Ç–∞–∫—É.
[0;33m–í–∞—à–∞ —Ä—É–∫–∞ –Ω–µ –¥–æ—Å—Ç–∏–≥–ª–∞ –±–µ–ª–æ–≥–æ –ø–∞—É–∫–∞ - –Ω—É–∂–Ω–æ –±—ã–ª–æ –ª—É—á—à–µ —Ç—Ä–µ–Ω–∏—Ä–æ–≤–∞—Ç—å—Å—è.
[0;0m
[0;32m211H[0;37m [0;32m98M[0;37m 23439–æ –ó–∞—É—á:0 [0;32m[–ì–µ–Ω–æ–¥:–ù–µ–≤—Ä–µ–¥–∏–º][0;37m [1;32m[–±–µ–ª—ã–π –ø–∞—É–∫:–õ–µ–≥–∫–æ —Ä–∞–Ω–µ–Ω][0;37m > ˇ˘
[0;31m–ë–µ–ª—ã–π –ø–∞—É–∫ –ø–æ–ø—ã—Ç–∞–ª—Å—è —É–∂–∞–ª–∏—Ç—å –≤–∞—Å, –Ω–æ –ø—Ä–æ–º–∞—Ö–Ω—É–ª—Å—è.
[0;0m[0;33m–í–∞—à–∞ —Ä—É–∫–∞ –Ω–µ –¥–æ—Å—Ç–∏–≥–ª–∞ –±–µ–ª–æ–≥–æ –ø–∞—É–∫–∞ - –Ω—É–∂–Ω–æ –±—ã–ª–æ –ª—É—á—à–µ —Ç—Ä–µ–Ω–∏—Ä–æ–≤–∞—Ç—å—Å—è.
[0;0m[0;33m–í–∞—à–∞ —Ä—É–∫–∞ –Ω–µ –¥–æ—Å—Ç–∏–≥–ª–∞ –±–µ–ª–æ–≥–æ –ø–∞—É–∫–∞ - –Ω—É–∂–Ω–æ –±—ã–ª–æ –ª—É—á—à–µ —Ç—Ä–µ–Ω–∏—Ä–æ–≤–∞—Ç—å—Å—è.
[0;0m
[0;32m211H[0;37m [0;32m98M[0;37m 23437–æ –ó–∞—É—á:0 [0;32m[–ì–µ–Ω–æ–¥:–ù–µ–≤—Ä–µ–¥–∏–º][0;37m [1;32m[–±–µ–ª—ã–π –ø–∞—É–∫:–õ–µ–≥–∫–æ —Ä–∞–Ω–µ–Ω][0;37m > ˇ˘
[0;31m–ë–µ–ª—ã–π –ø–∞—É–∫ –ø–æ–ø—ã—Ç–∞–ª—Å—è —É–∂–∞–ª–∏—Ç—å –≤–∞—Å, –Ω–æ –ø—Ä–æ–º–∞—Ö–Ω—É–ª—Å—è.
[0;0m–ë–µ–ª—ã–π –ø–∞—É–∫ –ø–µ—Ä–µ—Ö–≤–∞—Ç–∏–ª –≤–∞—à—É –∞—Ç–∞–∫—É.
[1;33m–í—ã —É–¥–∞—Ä–∏–ª–∏ –±–µ–ª–æ–≥–æ –ø–∞—É–∫–∞.
[0;0m
[0;32m211H[0;37m [0;32m98M[0;37m 23412–æ –ó–∞—É—á:0 [0;32m[–ì–µ–Ω–æ–¥:–ù–µ–≤—Ä–µ–¥–∏–º][0;37m [1;32m[–±–µ–ª—ã–π –ø–∞—É–∫:–†–∞–Ω–µ–Ω][0;37m > ˇ˘
[0;31m–ë–µ–ª—ã–π –ø–∞—É–∫ –ø–æ–ø—ã—Ç–∞–ª—Å—è —É–∂–∞–ª–∏—Ç—å –≤–∞—Å, –Ω–æ –ø—Ä–æ–º–∞—Ö–Ω—É–ª—Å—è.
[0;0m[0;33m–í–∞—à–∞ —Ä—É–∫–∞ –Ω–µ –¥–æ—Å—Ç–∏–≥–ª–∞ –±–µ–ª–æ–≥–æ –ø–∞—É–∫–∞ - –Ω—É–∂–Ω–æ –±—ã–ª–æ –ª—É—á—à–µ —Ç—Ä–µ–Ω–∏—Ä–æ–≤–∞—Ç—å—Å—è.
[0;0m[0;33m–í—ã –ø–æ–ø—ã—Ç–∞–ª–∏—Å—å —É–¥–∞—Ä–∏—Ç—å –±–µ–ª–æ–≥–æ –ø–∞—É–∫–∞ - –Ω–µ—É–¥–∞—á–Ω–æ.
[0;0m
[0;32m211H[0;37m [0;32m98M[0;37m 23410–æ –ó–∞—É—á:0 [0;32m[–ì–µ–Ω–æ–¥:–ù–µ–≤—Ä–µ–¥–∏–º][0;37m [1;32m[–±–µ–ª—ã–π –ø–∞—É–∫:–†–∞–Ω–µ–Ω][0;37m > ˇ˘
[0;31m–ë–µ–ª—ã–π –ø–∞—É–∫ –ø–æ–ø—ã—Ç–∞–ª—Å—è —É–∂–∞–ª–∏—Ç—å –≤–∞—Å, –Ω–æ –ø—Ä–æ–º–∞—Ö–Ω—É–ª—Å—è.
[0;0m–ë–µ–ª—ã–π –ø–∞—É–∫ –ø–µ—Ä–µ—Ö–≤–∞—Ç–∏–ª –≤–∞—à—É –∞—Ç–∞–∫—É.
[1;33m–í—ã —É–¥–∞—Ä–∏–ª–∏ –±–µ–ª–æ–≥–æ –ø–∞—É–∫–∞.
[0;0m
[0;32m211H[0;37m [0;32m98M[0;37m 23378–æ –ó–∞—É—á:0 [0;32m[–ì–µ–Ω–æ–¥:–ù–µ–≤—Ä–µ–¥–∏–º][0;37m [1;33m[–±–µ–ª—ã–π –ø–∞—É–∫:–†–∞–Ω–µ–Ω][0;37m > ˇ˘
–ë–µ–ª—ã–π –ø–∞—É–∫ –∏–∑–¥–∞–ª –Ω–µ–ø–æ–Ω—è—Ç–Ω—ã–π –∑–≤—É–∫.
[0;31m–ë–µ–ª—ã–π –ø–∞—É–∫ –ø–æ–ø—ã—Ç–∞–ª—Å—è —É–∂–∞–ª–∏—Ç—å –≤–∞—Å, –Ω–æ –ø—Ä–æ–º–∞—Ö–Ω—É–ª—Å—è.
[0;0m–ë–µ–ª—ã–π –ø–∞—É–∫ –ø–µ—Ä–µ—Ö–≤–∞—Ç–∏–ª –≤–∞—à—É –∞—Ç–∞–∫—É.
[1;33m–í—ã —É–¥–∞—Ä–∏–ª–∏ –±–µ–ª–æ–≥–æ –ø–∞—É–∫–∞.
[0;0m
[0;32m211H[0;37m [0;32m98M[0;37m 23356–æ –ó–∞—É—á:0 [0;32m[–ì–µ–Ω–æ–¥:–ù–µ–≤—Ä–µ–¥–∏–º][0;37m [1;32m[–±–µ–ª—ã–π –ø–∞—É–∫:–õ–µ–≥–∫–æ —Ä–∞–Ω–µ–Ω][0;37m > ˇ˘
[1;33m–í—ã —É–¥–∞—Ä–∏–ª–∏ –±–µ–ª–æ–≥–æ –ø–∞—É–∫–∞.
[0;0m[1;33m–í—ã —É–¥–∞—Ä–∏–ª–∏ –±–µ–ª–æ–≥–æ –ø–∞—É–∫–∞.
[0;0m[0;31m–ë–µ–ª—ã–π –ø–∞—É–∫ –ø–æ–ø—ã—Ç–∞–ª—Å—è —É–∂–∞–ª–∏—Ç—å –≤–∞—Å, –Ω–æ –ø—Ä–æ–º–∞—Ö–Ω—É–ª—Å—è.
[0;0m
[0;32m211H[0;37m [0;32m98M[0;37m 23286–æ –ó–∞—É—á:0 [0;32m[–ì–µ–Ω–æ–¥:–ù–µ–≤—Ä–µ–¥–∏–º][0;37m [1;32m[–±–µ–ª—ã–π –ø–∞—É–∫:–†–∞–Ω–µ–Ω][0;37m > ˇ˘
[0;31m–ë–µ–ª—ã–π –ø–∞—É–∫ –ø–æ–ø—ã—Ç–∞–ª—Å—è —É–∂–∞–ª–∏—Ç—å –≤–∞—Å, –Ω–æ –ø—Ä–æ–º–∞—Ö–Ω—É–ª—Å—è.
[0;0m[0;33m–í—ã –ø–æ–ø—ã—Ç–∞–ª–∏—Å—å —É–¥–∞—Ä–∏—Ç—å –±–µ–ª–æ–≥–æ –ø–∞—É–∫–∞ - –Ω–µ—É–¥–∞—á–Ω–æ.
[0;0m–ë–µ–ª—ã–π –ø–∞—É–∫ –ø–µ—Ä–µ—Ö–≤–∞—Ç–∏–ª –≤–∞—à—É –∞—Ç–∞–∫—É.

[0;32m211H[0;37m [0;32m98M[0;37m 23285–æ –ó–∞—É—á:0 [0;32m[–ì–µ–Ω–æ–¥:–ù–µ–≤—Ä–µ–¥–∏–º][0;37m [1;32m[–±–µ–ª—ã–π –ø–∞—É–∫:–†–∞–Ω–µ–Ω][0;37m > ˇ˘
[0;31m–ë–µ–ª—ã–π –ø–∞—É–∫ –ø–æ–ø—ã—Ç–∞–ª—Å—è —É–∂–∞–ª–∏—Ç—å –≤–∞—Å, –Ω–æ –ø—Ä–æ–º–∞—Ö–Ω—É–ª—Å—è.
[0;0m–ë–µ–ª—ã–π –ø–∞—É–∫ –ø–µ—Ä–µ—Ö–≤–∞—Ç–∏–ª –≤–∞—à—É –∞—Ç–∞–∫—É.
[1;33m–í—ã —É–¥–∞—Ä–∏–ª–∏ –±–µ–ª–æ–≥–æ –ø–∞—É–∫–∞.
[0;0m
[0;32m211H[0;37m [0;32m98M[0;37m 23250–æ –ó–∞—É—á:0 [0;32m[–ì–µ–Ω–æ–¥:–ù–µ–≤—Ä–µ–¥–∏–º][0;37m [1;33m[–±–µ–ª—ã–π –ø–∞—É–∫:–†–∞–Ω–µ–Ω][0;37m > ˇ˘
[0;31m–ë–µ–ª—ã–π –ø–∞—É–∫ –ø–æ–ø—ã—Ç–∞–ª—Å—è —É–∂–∞–ª–∏—Ç—å –≤–∞—Å, –Ω–æ –ø—Ä–æ–º–∞—Ö–Ω—É–ª—Å—è.
[0;0m[0;33m–í–∞—à–∞ —Ä—É–∫–∞ –Ω–µ –¥–æ—Å—Ç–∏–≥–ª–∞ –±–µ–ª–æ–≥–æ –ø–∞—É–∫–∞ - –Ω—É–∂–Ω–æ –±—ã–ª–æ –ª—É—á—à–µ —Ç—Ä–µ–Ω–∏—Ä–æ–≤–∞—Ç—å—Å—è.
[0;0m[1;33m–í—ã —É–¥–∞—Ä–∏–ª–∏ –±–µ–ª–æ–≥–æ –ø–∞—É–∫–∞.
[0;0m
[0;32m211H[0;37m [0;32m98M[0;37m 23221–æ –ó–∞—É—á:0 [0;32m[–ì–µ–Ω–æ–¥:–ù–µ–≤—Ä–µ–¥–∏–º][0;37m [1;33m[–±–µ–ª—ã–π –ø–∞—É–∫:–†–∞–Ω–µ–Ω][0;37m > ˇ˘
[0;31m–ë–µ–ª—ã–π –ø–∞—É–∫ –ø–æ–ø—ã—Ç–∞–ª—Å—è —É–∂–∞–ª–∏—Ç—å –≤–∞—Å, –Ω–æ –ø—Ä–æ–º–∞—Ö–Ω—É–ª—Å—è.
[0;0m–ë–µ–ª—ã–π –ø–∞—É–∫ –ø–µ—Ä–µ—Ö–≤–∞—Ç–∏–ª –≤–∞—à—É –∞—Ç–∞–∫—É.
[1;33m–í—ã —É–¥–∞—Ä–∏–ª–∏ –±–µ–ª–æ–≥–æ –ø–∞—É–∫–∞.
[0;0m
[0;32m211H[0;37m [0;32m98M[0;37m 23191–æ –ó–∞—É—á:0 [0;32m[–ì–µ–Ω–æ–¥:–ù–µ–≤—Ä–µ–¥–∏–º][0;37m [1;31m[–±–µ–ª—ã–π –ø–∞—É–∫:–¢—è–∂–µ–ª–æ —Ä–∞–Ω–µ–Ω][0;37m > ˇ˘
[0;31m–ë–µ–ª—ã–π –ø–∞—É–∫ –ø–æ–ø—ã—Ç–∞–ª—Å—è —É–∂–∞–ª–∏—Ç—å –≤–∞—Å, –Ω–æ –ø—Ä–æ–º–∞—Ö–Ω—É–ª—Å—è.
[0;0m–ë–µ–ª—ã–π –ø–∞—É–∫ –ø–µ—Ä–µ—Ö–≤–∞—Ç–∏–ª –≤–∞—à—É –∞—Ç–∞–∫—É.
[1;33m–í—ã —É–¥–∞—Ä–∏–ª–∏ –±–µ–ª–æ–≥–æ –ø–∞—É–∫–∞.
[0;0m
[0;32m211H[0;37m [0;32m98M[0;37m 23166–æ –ó–∞—É—á:0 [0;32m[–ì–µ–Ω–æ–¥:–ù–µ–≤—Ä–µ–¥–∏–º][0;37m [1;31m[–±–µ–ª—ã–π –ø–∞—É–∫:–¢—è–∂–µ–ª–æ —Ä–∞–Ω–µ–Ω][0;37m > ˇ˘
[0;31m–ë–µ–ª—ã–π –ø–∞—É–∫ –ø–æ–ø—ã—Ç–∞–ª—Å—è —É–∂–∞–ª–∏—Ç—å –≤–∞—Å, –Ω–æ –ø—Ä–æ–º–∞—Ö–Ω—É–ª—Å—è.
[0;0m–ë–µ–ª—ã–π –ø–∞—É–∫ –ø–µ—Ä–µ—Ö–≤–∞—Ç–∏–ª –≤–∞—à—É –∞—Ç–∞–∫—É.
[1;33m–í—ã —É–¥–∞—Ä–∏–ª–∏ –±–µ–ª–æ–≥–æ –ø–∞—É–∫–∞.
[0;0m
[0;32m211H[0;37m [0;32m98M[0;37m 23136–æ –ó–∞—É—á:0 [0;32m[–ì–µ–Ω–æ–¥:–ù–µ–≤—Ä–µ–¥–∏–º][0;37m [0;31m[–±–µ–ª—ã–π –ø–∞—É–∫:–û.—Ç—è–∂–µ–ª–æ —Ä–∞–Ω–µ–Ω][0;37m > ˇ˘
[0;31m–ë–µ–ª—ã–π –ø–∞—É–∫ –ø–æ–ø—ã—Ç–∞–ª—Å—è —É–∂–∞–ª–∏—Ç—å –≤–∞—Å, –Ω–æ –ø—Ä–æ–º–∞—Ö–Ω—É–ª—Å—è.
[0;0m[1;33m–í—ã —É–¥–∞—Ä–∏–ª–∏ –±–µ–ª–æ–≥–æ –ø–∞—É–∫–∞.
[0;0m[1;33m–í—ã —É–¥–∞—Ä–∏–ª–∏ –±–µ–ª–æ–≥–æ –ø–∞—É–∫–∞.
[0;0m
[0;32m211H[0;37m [0;32m98M[0;37m 23084–æ –ó–∞—É—á:0 [0;32m[–ì–µ–Ω–æ–¥:–ù–µ–≤—Ä–µ–¥–∏–º][0;37m [0;31m[–±–µ–ª—ã–π –ø–∞—É–∫:–û.—Ç—è–∂–µ–ª–æ —Ä–∞–Ω–µ–Ω][0;37m > ˇ˘
[0;31m–ë–µ–ª—ã–π –ø–∞—É–∫ –ø–æ–ø—ã—Ç–∞–ª—Å—è —É–∂–∞–ª–∏—Ç—å –≤–∞—Å, –Ω–æ –ø—Ä–æ–º–∞—Ö–Ω—É–ª—Å—è.
[0;0m[0;33m–í–∞—à–∞ —Ä—É–∫–∞ –Ω–µ –¥–æ—Å—Ç–∏–≥–ª–∞ –±–µ–ª–æ–≥–æ –ø–∞—É–∫–∞ - –Ω—É–∂–Ω–æ –±—ã–ª–æ –ª—É—á—à–µ —Ç—Ä–µ–Ω–∏—Ä–æ–≤–∞—Ç—å—Å—è.
[0;0m–ë–µ–ª—ã–π –ø–∞—É–∫ –ø–µ—Ä–µ—Ö–≤–∞—Ç–∏–ª –≤–∞—à—É –∞—Ç–∞–∫—É.

[0;32m211H[0;37m [0;32m98M[0;37m 23083–æ –ó–∞—É—á:0 [0;32m[–ì–µ–Ω–æ–¥:–ù–µ–≤—Ä–µ–¥–∏–º][0;37m [0;31m[–±–µ–ª—ã–π –ø–∞—É–∫:–û.—Ç—è–∂–µ–ª–æ —Ä–∞–Ω–µ–Ω][0;37m > ˇ˘
[0;31m–ë–µ–ª—ã–π –ø–∞—É–∫ –ø–æ–ø—ã—Ç–∞–ª—Å—è —É–∂–∞–ª–∏—Ç—å –≤–∞—Å, –Ω–æ –ø—Ä–æ–º–∞—Ö–Ω—É–ª—Å—è.
[0;0m–ë–µ–ª—ã–π –ø–∞—É–∫ –ø–µ—Ä–µ—Ö–≤–∞—Ç–∏–ª –≤–∞—à—É –∞—Ç–∞–∫—É.
[1;33m–í—ã –Ω–∞–Ω–µ—Å–ª–∏ –±–µ–ª–æ–º—É –ø–∞—É–∫—É –ø—Ä–µ–∫—Ä–∞—Å–Ω—ã–π —É–¥–∞—Ä - –ø–æ—Å–ª–µ —ç—Ç–æ–≥–æ –µ–º—É —É–∂–µ –Ω–µ –≤—Å—Ç–∞—Ç—å.
[0;0m–ë–µ–ª—ã–π –ø–∞—É–∫ –º–µ—Ä—Ç–≤, –µ–≥–æ –¥—É—à–∞ –º–µ–¥–ª–µ–Ω–Ω–æ –ø–æ–¥—ã–º–∞–µ—Ç—Å—è –≤ –Ω–µ–±–µ—Å–∞.
–í–∞—à –æ–ø—ã—Ç –ø–æ–≤—ã—Å–∏–ª—Å—è –Ω–∞ 2280 –æ—á–∫–æ–≤.
–í—ã –≤–∑—è–ª–∏ –º–∞–ª–µ–Ω—å–∫–∏–π –∫–ª—é—á –∏–∑ —Ç—Ä—É–ø–∞ –±–µ–ª–æ–≥–æ –ø–∞—É–∫–∞.

[0;32m211H[0;37m [0;32m98M[0;37m 20800–æ –ó–∞—É—á:0 –í—ã—Ö:–Æ–ó> ˇ˘–í—ã –ø–æ–¥–Ω—è–ª–∏ —Ç—Ä—É–ø –±–µ–ª–æ–≥–æ –ø–∞—É–∫–∞.

[0;32m211H[0;37m [0;32m98M[0;37m 20800–æ –ó–∞—É—á:0 –í—ã—Ö:–Æ–ó> ˇ˘–¢—Ä—É–ø –±–µ–ª–æ–≥–æ –ø–∞—É–∫–∞ –ø—É—Å—Ç.

[0;32m211H[0;37m [0;32m98M[0;37m 20800–æ –ó–∞—É—á:0 –í—ã—Ö:–Æ–ó> ˇ˘–í—ã –±—Ä–æ—Å–∏–ª–∏ —Ç—Ä—É–ø –±–µ–ª–æ–≥–æ –ø–∞—É–∫–∞.

[0;32m211H[0;37m [0;32m98M[0;37m 20800–æ –ó–∞—É—á:0 –í—ã—Ö:–Æ–ó> ˇ˘–ù–µ–≤–µ–¥–æ–º–∞—è —Å–∏–ª–∞ –ø–æ–º–µ—à–∞–ª–∞ –ø–æ–ª–æ–∂–∏—Ç—å –º–∞–ª–µ–Ω—å–∫–∏–π –∫–ª—é—á –≤ —Ö–æ–ª—â–æ–≤—ã–π –º–µ—à–æ–∫.

[0;32m211H[0;37m [0;32m98M[0;37m 20800–æ –ó–∞—É—á:0 –í—ã—Ö:–Æ–ó> ˇ˘–í—ã –ø–æ–ø–ª–µ–ª–∏—Å—å –Ω–∞ —é–≥.
[1;36m–ß–µ—Ä–¥–∞–∫ [5120][0;37m
   –ö—Ä—ã—à–∞ –ø—Ä–æ—Ö—É–¥–∏–ª–∞—Å—å –∏ –∫–∞–∂–¥—ã–π –¥–æ–∂–¥—å —ç—Ç—É —á–∞—Å—Ç—å —á–µ—Ä–¥–∞–∫–∞ –∑–∞–ª–∏–≤–∞–µ—Ç –≤–æ–¥–æ–π, –æ—Ç—á–µ–≥–æ
–∑–¥–µ—Å—å –ø–æ—Å—Ç–æ—è–Ω–Ω–æ –≤–ª–∞–∂–Ω–æ –∏ —Å–∫–ª–∏–∑–∫–æ.
[0;36m[ Exits: n s w ][0;37m
[1;33m[1;31m–ö–ª–æ–ø –ø–æ–ª–∑–∞–µ—Ç –∑–¥–µ—Å—å.
[0;0m
[0;32m211H[0;37m [0;32m97M[0;37m 20800–æ –ó–∞—É—á:0 –í—ã—Ö:–°–Æ–ó> ˇ˘[1;33m–í—ã —É–¥–∞—Ä–∏–ª–∏ –∫–ª–æ–ø–∞.
[0;0m
[0;32m211H[0;37m [0;32m97M[0;37m 20797–æ –ó–∞—É—á:0 [0;32m[–ì–µ–Ω–æ–¥:–ù–µ–≤—Ä–µ–¥–∏–º][0;37m [1;31m[–∫–ª–æ–ø:–¢—è–∂–µ–ª–æ —Ä–∞–Ω–µ–Ω][0;37m > ˇ˘
[0;31m–ö–ª–æ–ø –ø–æ–ø—ã—Ç–∞–ª—Å—è —Ç–∫–Ω—É—Ç—å –≤–∞—Å, –Ω–æ –µ–≥–æ —É–¥–∞—Ä –Ω–µ –¥–æ—Å—Ç–∏–≥ —Ü–µ–ª–∏.
[0;0m[1;33m–í—ã –Ω–∞–Ω–µ—Å–ª–∏ –∫–ª–æ–ø—É –ø—Ä–µ–∫—Ä–∞—Å–Ω—ã–π —É–¥–∞—Ä - –ø–æ—Å–ª–µ —ç—Ç–æ–≥–æ –µ–º—É —É–∂–µ –Ω–µ –≤—Å—Ç–∞—Ç—å.
[0;0m–ö–ª–æ–ø –º–µ—Ä—Ç–≤, –µ–≥–æ –¥—É—à–∞ –º–µ–¥–ª–µ–Ω–Ω–æ –ø–æ–¥—ã–º–∞–µ—Ç—Å—è –≤ –Ω–µ–±–µ—Å–∞.
–í–∞—à –æ–ø—ã—Ç –ø–æ–≤—ã—Å–∏–ª—Å—è –Ω–∞ 10 –æ—á–∫–æ–≤.
–¢—Ä—É–ø –∫–ª–æ–ø–∞ –ø—É—Å—Ç.

[0;32m211H[0;37m [0;32m97M[0;37m 20786–æ –ó–∞—É—á:0 –í—ã—Ö:–°–Æ–ó> ˇ˘–í—ã –ø–æ–¥–Ω—è–ª–∏ —Ç—Ä—É–ø –∫–ª–æ–ø–∞.

[0;32m211H[0;37m [0;32m98M[0;37m 20786–æ –ó–∞—É—á:0 –í—ã—Ö:–°–Æ–ó> ˇ˘–¢—Ä—É–ø –∫–ª–æ–ø–∞ –ø—É—Å—Ç.

[0;32m211H[0;37m [0;32m98M[0;37m 20786–æ –ó–∞—É—á:0 –í—ã—Ö:–°–Æ–ó> ˇ˘–í—ã –±—Ä–æ—Å–∏–ª–∏ —Ç—Ä—É–ø –∫–ª–æ–ø–∞.

[0;32m211H[0;37m [0;32m98M[0;37m 20786–æ –ó–∞—É—á:0 –í—ã—Ö:–°–Æ–ó> ˇ˘–í—ã –ø–æ–ø–ª–µ–ª–∏—Å—å –Ω–∞ –∑–∞–ø–∞–¥.
[1;36m–ß–µ—Ä–¥–∞–∫ [5119][0;37m
   –ü–æ–¥ —Å—Ç–∞—Ä—ã–º–∏ –≥—Ä—è–∑–Ω—ã–º–∏ —Ç—Ä—è–ø–∫–∞–º–∏ –≤—ã –æ–±–Ω–∞—Ä—É–∂–∏–ª–∏ –º–∞–ª–µ–Ω—å–∫–∏–π —Ç–∫–∞—Ü–∫–∏–π —Å—Ç–∞–Ω–æ—á–µ–∫,
—Ç–æ—Ç, –Ω–∞ –∫–æ—Ç–æ—Ä–æ–º –∏–∑ –º—è–≥–∫–æ–≥–æ –ª—å–Ω–∞ —Ç–∫—É—Ç –ø–æ–ª–æ—Ç–Ω–æ. –≠—Ç–æ –±–æ–ª—å—à–∞—è —Ü–µ–Ω–Ω–æ—Å—Ç—å, –∫–∞–∫ –º–æ–≥–ª–∏
—Ö–æ–∑—è–µ–≤–∞ –æ—Å—Ç–∞–≤–∏—Ç—å –µ–≥–æ.
[0;36m[ Exits: n e s ][0;37m
[1;33m–¢—Ä—É–ø –±–ª–æ—Ö–∏ –ª–µ–∂–∏—Ç –∑–¥–µ—Å—å.
–ü—ã–ª—å–Ω—ã–π —Å—É–Ω–¥—É–∫ –ª–µ–∂–∏—Ç —Å—Ä–µ–¥–∏ –º—É—Å–æ—Ä–∞.
[1;31m[0;0m
[0;32m211H[0;37m [0;32m97M[0;37m 20786–æ –ó–∞—É—á:0 –í—ã—Ö:–°–í–Æ> ˇ˘*–©–µ–ª–∫*

[0;32m211H[0;37m [0;32m97M[0;37m 20786–æ –ó–∞—É—á:0 –í—ã—Ö:–°–í–Æ> ˇ˘–ú–∞–ª–µ–Ω—å–∫–∏–π –∫–ª—é—á —Ä–∞—Å—Å—ã–ø–∞–ª—Å—è –≤ —Ä—É–∫–∞—Ö.
–ù–∞–≥–Ω—É–≤—à–∏—Å—å, —á—Ç–æ–±—ã –æ—Ç–ø–µ—Ä–µ—Ç—å —Å—É–Ω–¥—É–∫, –≤—ã –∑–∞–º–µ—Ç–∏–ª–∏ —Ä—è–¥–æ–º —Å—Ç—Ä–∞–Ω–Ω—ã–π
–ø—Ä–µ–¥–º–µ—Ç - —ç—Ç–æ –æ–±–ª–µ–¥–µ–Ω–µ–≤—à–∞—è –ø–ª–∞—Å—Ç–∏–Ω–∞
–õ–∞–¥—É—à–∫–∏.

[0;32m211H[0;37m [0;32m97M[0;37m 20786–æ –ó–∞—É—á:0 –í—ã—Ö:–°–í–Æ> ˇ˘–í—ã –≤–∑—è–ª–∏ –∫—É—á–∫—É –º–æ–Ω–µ—Ç –∏–∑ –ø—ã–ª—å–Ω–æ–≥–æ —Å—É–Ω–¥—É–∫–∞.
–≠—Ç–æ —Å–æ—Å—Ç–∞–≤–∏–ª–æ 50 –∫—É–Ω.

[0;32m211H[0;37m [0;32m97M[0;37m 20786–æ –ó–∞—É—á:0 –í—ã—Ö:–°–í–Æ> ˇ˘[1;36m–ß–µ—Ä–¥–∞–∫ [5119][0;37m
   –ü–æ–¥ —Å—Ç–∞—Ä—ã–º–∏ –≥—Ä—è–∑–Ω—ã–º–∏ —Ç—Ä—è–ø–∫–∞–º–∏ –≤—ã –æ–±–Ω–∞—Ä—É–∂–∏–ª–∏ –º–∞–ª–µ–Ω—å–∫–∏–π —Ç–∫–∞—Ü–∫–∏–π —Å—Ç–∞–Ω–æ—á–µ–∫,
—Ç–æ—Ç, –Ω–∞ –∫–æ—Ç–æ—Ä–æ–º –∏–∑ –º—è–≥–∫–æ–≥–æ –ª—å–Ω–∞ —Ç–∫—É—Ç –ø–æ–ª–æ—Ç–Ω–æ. –≠—Ç–æ –±–æ–ª—å—à–∞—è —Ü–µ–Ω–Ω–æ—Å—Ç—å, –∫–∞–∫ –º–æ–≥–ª–∏
—Ö–æ–∑—è–µ–≤–∞ –æ—Å—Ç–∞–≤–∏—Ç—å –µ–≥–æ.
[0;36m[ Exits: n e s ][0;37m
[1;33m–ü–ª–∞—Å—Ç–∏–Ω–∞ —Å –∏—Å—Ö–æ–¥—è—â–∏–º –æ—Ç –Ω–µ–µ —Ö–æ–ª–æ–¥–æ–º –ª–µ–∂–∏—Ç –∑–¥–µ—Å—å.
–¢—Ä—É–ø –±–ª–æ—Ö–∏ –ª–µ–∂–∏—Ç –∑–¥–µ—Å—å.
–ü—ã–ª—å–Ω—ã–π —Å—É–Ω–¥—É–∫ –ª–µ–∂–∏—Ç —Å—Ä–µ–¥–∏ –º—É—Å–æ—Ä–∞.
[1;31m[0;0m
[0;32m211H[0;37m [0;32m97M[0;37m 20786–æ –ó–∞—É—á:0 –í—ã—Ö:–°–í–Æ> ˇ˘–í—ã –ø–æ–¥–Ω—è–ª–∏ –∑–∞–∏–Ω–¥–µ–≤–µ–≤—à—É—é –ø–ª–∞—Å—Ç–∏–Ω—É.
–í—ã –ø–æ–¥–Ω—è–ª–∏ —Ç—Ä—É–ø –±–ª–æ—Ö–∏.
–ü—ã–ª—å–Ω—ã–π —Å—É–Ω–¥—É–∫: –í—ã –Ω–µ –º–æ–∂–µ—Ç–µ –≤–∑—è—Ç—å –µ–≥–æ.

[0;32m211H[0;37m [0;32m97M[0;37m 20786–æ –ó–∞—É—á:0 –í—ã—Ö:–°–í–Æ> ˇ˘[1;36m–ß–µ—Ä–¥–∞–∫ [5119][0;37m
   –ü–æ–¥ —Å—Ç–∞—Ä—ã–º–∏ –≥—Ä—è–∑–Ω—ã–º–∏ —Ç—Ä—è–ø–∫–∞–º–∏ –≤—ã –æ–±–Ω–∞—Ä—É–∂–∏–ª–∏ –º–∞–ª–µ–Ω—å–∫–∏–π —Ç–∫–∞—Ü–∫–∏–π —Å—Ç–∞–Ω–æ—á–µ–∫,
—Ç–æ—Ç, –Ω–∞ –∫–æ—Ç–æ—Ä–æ–º –∏–∑ –º—è–≥–∫–æ–≥–æ –ª—å–Ω–∞ —Ç–∫—É—Ç –ø–æ–ª–æ—Ç–Ω–æ. –≠—Ç–æ –±–æ–ª—å—à–∞—è —Ü–µ–Ω–Ω–æ—Å—Ç—å, –∫–∞–∫ –º–æ–≥–ª–∏
—Ö–æ–∑—è–µ–≤–∞ –æ—Å—Ç–∞–≤–∏—Ç—å –µ–≥–æ.
[0;36m[ Exits: n e s ][0;37m
[1;33m–ü—ã–ª—å–Ω—ã–π —Å—É–Ω–¥—É–∫ –ª–µ–∂–∏—Ç —Å—Ä–µ–¥–∏ –º—É—Å–æ—Ä–∞.
[1;31m[0;0m
[0;32m211H[0;37m [0;32m97M[0;37m 20786–æ –ó–∞—É—á:0 –í—ã—Ö:–°–í–Æ> ˇ˘–í—ã –ø–æ–ø–ª–µ–ª–∏—Å—å –Ω–∞ —é–≥.
[1;36m–ù–∞ —á–µ—Ä–¥–∞–∫–µ [5117][0;37m
   –ü—ã–ª—å–Ω—ã–π —á–µ—Ä–¥–∞–∫ –∑–∞–≤–∞–ª–µ–Ω —Å—Ç–∞—Ä—ã–º–∏ –≤–µ—â–∞–º–∏ –∏ —Ä–∞–∑–Ω—ã–º —Ö–ª–∞–º–æ–º, –≤—Å–µ–≥–¥–∞ —É–±–∏—Ä–∞–µ–º—ã–º
—Å –≥–ª–∞–∑ –¥–æ–ª–æ–π –ø–æ–¥–∞–ª—å—à–µ.
[0;36m[ Exits: n e d ][0;37m
[1;33m[1;31m[0;0m
[0;32m211H[0;37m [0;32m97M[0;37m 20786–æ –ó–∞—É—á:0 –í—ã—Ö:–°–ív> ˇ˘–í—ã –ø–æ–ø–ª–µ–ª–∏—Å—å –≤–Ω–∏–∑.
[1;36m–ù–∞ —Å–µ–Ω–æ–≤–∞–ª–µ [5104][0;37m
   –ü–æ–¥ –Ω–æ–≥–∞–º–∏ —Ä–∞–∑–±—Ä–æ—Å–∞–Ω–∞ —Å–æ–ª–æ–º–∞ –≤–ø–µ—Ä–µ–º–µ—à–∫—É —Å —Å–µ–Ω–æ–º, –ø–æ —É–≥–ª–∞–º –ª–µ–∂–∞—Ç —Å—Ç–∞—Ä—ã–µ
–∏–Ω—Å—Ç—Ä—É–º–µ–Ω—Ç—ã. –°—é–¥–∞ –∑–∞–±—Ä–∞—Å—ã–≤–∞–µ—Ç—Å—è –∫–æ—Ä–º –¥–ª—è –¥–æ–º–∞—à–Ω–µ–≥–æ —Å–∫–æ—Ç–∞, –∞ –ø–æ—Ç–æ–º –ø–æ–¥–∞–µ—Ç—Å—è
–ø–æ —Å—Ç–æ–π–ª–∞–º.
[0;36m[ Exits: s w u ][0;37m
[1;33m–¢—Ä—É–ø —Ç–∞—Ä–∞–∫–∞–Ω–∞ –ª–µ–∂–∏—Ç –∑–¥–µ—Å—å.
–ö –±–∞–ª–∫–µ –ø—Ä–∏—Å—Ç–∞–≤–ª–µ–Ω–∞ –ª–µ—Å—Ç–Ω–∏—Ü–∞, –≤–µ–¥—É—â–∞—è –Ω–∞ —á–µ—Ä–¥–∞–∫.
[1;31m[0;0m
[0;32m211H[0;37m [0;32m97M[0;37m 20786–æ –ó–∞—É—á:0 –í—ã—Ö:–Æ–ó^> ˇ˘–í—ã –ø–æ–ø–ª–µ–ª–∏—Å—å –Ω–∞ –∑–∞–ø–∞–¥.
[1;36m–ù–∞ —Å–µ–Ω–æ–≤–∞–ª–µ [5103][0;37m
   –ü–æ–¥ –Ω–æ–≥–∞–º–∏ —Ä–∞–∑–±—Ä–æ—Å–∞–Ω–∞ —Å–æ–ª–æ–º–∞ –≤–ø–µ—Ä–µ–º–µ—à–∫—É —Å —Å–µ–Ω–æ–º, –ø–æ —É–≥–ª–∞–º –ª–µ–∂–∞—Ç —Å—Ç–∞—Ä—ã–µ
–∏–Ω—Å—Ç—Ä—É–º–µ–Ω—Ç—ã. –°—é–¥–∞ –∑–∞–±—Ä–∞—Å—ã–≤–∞–µ—Ç—Å—è –∫–æ—Ä–º –¥–ª—è –¥–æ–º–∞—à–Ω–µ–≥–æ —Å–∫–æ—Ç–∞, –∞ –ø–æ—Ç–æ–º –ø–æ–¥–∞–µ—Ç—Å—è
–ø–æ —Å—Ç–æ–π–ª–∞–º.
[0;36m[ Exits: n e s ][0;37m
[1;33m–¢—Ä—É–ø –º—É—Ö–∏ –ª–µ–∂–∏—Ç –∑–¥–µ—Å—å.
[1;31m[0;0m
[0;32m211H[0;37m [0;32m97M[0;37m 20786–æ –ó–∞—É—á:0 –í—ã—Ö:–°–í–Æ> ˇ˘–í—ã –ø–æ–ø–ª–µ–ª–∏—Å—å –Ω–∞ —Å–µ–≤–µ—Ä.
[1;36m–í —Å–µ–Ω—è—Ö [5102][0;37m
   –ß—Ç–æ –∑–∞—Å—Ç–∞–≤–∏–ª–æ —Ö–æ–∑—è–µ–≤ –ø–æ–∫–∏–Ω—É—Ç—å —ç—Ç–æ—Ç –¥–æ–º, —Å–æ—Ö—Ä–∞–Ω–∏–≤—à–∏–π—Å—è –≤ –ø—Ä–∏–ª–∏—á–Ω–æ–º —Å–æ—Å—Ç–æ—è–Ω–∏–∏
–¥–∞–∂–µ –∑–∞ –¥–æ–ª–≥–æ–µ –≤—Ä–µ–º—è –∑–∞–ø—É—Å—Ç–µ–Ω–∏—è –∏ –æ–¥–∏–Ω–æ—á–µ—Å—Ç–≤–∞? –í —ç—Ç–æ–º –º–µ—Å—Ç–µ —Å–µ–Ω–µ–π –Ω–∞—Ö–æ–¥—è—Ç—Å—è
–¥–≤–µ –¥–≤–µ—Ä–∏, –æ–¥–Ω–∞ –∏–∑ –∫–æ—Ç–æ—Ä—ã—Ö –≤–µ–¥–µ—Ç –≤ –∏–∑–±—É, –¥—Ä—É–≥–∞—è - –Ω–∞ —Å–µ–Ω–æ–≤–∞–ª.  
[0;36m[ Exits: (n) e s ][0;37m
[1;33m[1;31m[0;0m
[0;32m211H[0;37m [0;32m97M[0;37m 20786–æ –ó–∞—É—á:0 –í—ã—Ö:(–°)–í–Æ> ˇ˘–í—ã –ø–æ–ø–ª–µ–ª–∏—Å—å –Ω–∞ –≤–æ—Å—Ç–æ–∫.
[1;36m–í —Å–µ–Ω—è—Ö [5101][0;37m
   –°–µ–Ω–∏ –∫–æ–≥–¥–∞-—Ç–æ —Å–ª—É–∂–∏–ª–∏ –ø—Ä–æ–º–µ–∂—É—Ç–æ—á–Ω–æ–π —á–∞—Å—Ç—å—é –º–µ–∂–¥—É –æ—Ç–∞–ø–ª–∏–≤–∞–µ–º–æ–π –∏ 
—Ö–æ–∑—è–π—Å—Ç–≤–µ–Ω–Ω–æ–π —á–∞—Å—Ç—å—é –¥–æ–º–∞. –ó–¥–µ—Å—å –∫–æ–≥–¥–∞-—Ç–æ –ª–µ–∂–∞–ª–∞ –Ω–µ—Ö–∏—Ç—Ä–∞—è –∫—Ä–µ—Å—Ç—å—è–Ω—Å–∫–∞—è 
—É—Ç–≤–∞—Ä—å, –Ω–æ —Å–µ–π—á–∞—Å —Ç–æ–ª—å–∫–æ –ø—ã–ª—å –∏ –≥—Ä—è–∑—å.
[0;36m[ Exits: e w ][0;37m
[1;33m–¢—Ä—É–ø —Å–µ—Ä–æ–π –º—ã—à–∏ –ª–µ–∂–∏—Ç –∑–¥–µ—Å—å.
–¢—Ä—É–ø –±–ª–æ—Ö–∏ –ª–µ–∂–∏—Ç –∑–¥–µ—Å—å.
[1;31m[0;0m
[0;32m211H[0;37m [0;32m97M[0;37m 20786–æ –ó–∞—É—á:0 –í—ã—Ö:–í–ó> ˇ˘–í—ã –ø–æ–ø–ª–µ–ª–∏—Å—å –Ω–∞ –≤–æ—Å—Ç–æ–∫.
[1;36m–ù–∞ –∫—Ä—ã–ª—å—Ü–µ [5100][0;37m
   –ü–æ–∫–æ—Å–∏–≤—à–µ–µ—Å—è –∫—Ä—ã–ª—å—Ü–æ —Å–∫—Ä–∏–ø–∏—Ç –ø–æ–¥ –Ω–æ–≥–∞–º–∏. –î–µ—Ä–µ–≤–æ –ø–æ—á–µ—Ä–Ω–µ–ª–æ –∏ –æ–±–ª—É–ø–∏–ª–æ—Å—å, –Ω–æ
—Å–æ—Ö—Ä–∞–Ω–∏–ª–æ –∫—Ä–µ–ø–æ—Å—Ç—å. –•–æ—Ç—å –∏ –º–æ–∂–Ω–æ –∑–¥–µ—Å—å –ø–æ—Å—Ç–æ—è—Ç—å, –Ω–æ –í–∞—Å –±–æ–ª—å—à–µ –∏–Ω—Ç–µ—Ä–µ—Å—É–µ—Ç —Å–∞–º
–∑–∞–±—Ä–æ—à–µ–Ω–Ω—ã–π –¥–æ–º. –•–æ—á–µ—Ç—Å—è –∑–∞–π—Ç–∏, –Ω–æ —Ö–æ–ª–æ–¥–æ–∫ –≤ –≥—Ä—É–¥–∏ –∑–∞—Å—Ç–∞–≤–ª—è–µ—Ç –ø–æ–¥—É–º–∞—Ç—å –Ω–∞–¥
—ç—Ç–∏–º —à–∞–≥–æ–º. 
[0;36m[ Exits: E w ][0;37m
[1;33m[1;31m[0;0m
[0;32m211H[0;37m [0;32m97M[0;37m 20786–æ –ó–∞—É—á:0 –í—ã—Ö:–í–ó> ˇ˘–í—ã –ø–æ–ø–ª–µ–ª–∏—Å—å –Ω–∞ –≤–æ—Å—Ç–æ–∫.
[1;36m–ó–∞–±—Ä–æ—à–µ–Ω–Ω—ã–π –¥–æ–º [5023][0;37m
   –° –≤–∏–¥—É —Ö–æ—Ä–æ—à–∏–π –¥–æ–º —Å—Ç–æ–∏—Ç –Ω–∞ —Ü–µ–Ω—Ç—Ä–∞–ª—å–Ω–æ–π —É–ª–∏—Ü–µ —Å—Ä–µ–¥–∏ –±–æ–ª—å—à–∏—Ö –∏ –±–æ–≥–∞—Ç—ã—Ö
–¥–æ–º–æ–≤. –ó–∞–∫–æ–ª–æ—á–µ–Ω—ã —Å—Ç–∞–≤–Ω–∏, –∑–∞–ø—É—Å—Ç–µ–Ω—å–µ –≤–æ –¥–≤–æ—Ä–µ. –ß—Ç–æ –∑–∞ –Ω–∞–ø–∞—Å—Ç—å –∑–∞—Å—Ç–∞–≤–∏–ª–∞ 
—Ö–æ–∑—è–µ–≤ –ø–æ–∫–∏–Ω—É—Ç—å —Å–≤–æ–µ –∂–∏–ª–∏—â–µ –∏ –∏—Å–∫–∞—Ç—å –Ω–æ–≤–æ–µ –º–µ—Å—Ç–æ.
[0;36m[ Exits: e W ][0;37m
[1;33m[1;31m[0;0m
–î–µ—Ä–µ–≤–Ω—è —É —Ä–µ–∫–∏ (2-–∞—è —Ä–æ–¥–æ–≤–∞—è).

[0;32m211H[0;37m [0;32m96M[0;37m 20786–æ –ó–∞—É—á:0 –í—ã—Ö:–í–ó> ˇ˘–í—ã –ø–æ–ø–ª–µ–ª–∏—Å—å –Ω–∞ –∑–∞–ø–∞–¥.
[1;36m–ù–∞ –∫—Ä—ã–ª—å—Ü–µ [5100][0;37m
   –ü–æ–∫–æ—Å–∏–≤—à–µ–µ—Å—è –∫—Ä—ã–ª—å—Ü–æ —Å–∫—Ä–∏–ø–∏—Ç –ø–æ–¥ –Ω–æ–≥–∞–º–∏. –î–µ—Ä–µ–≤–æ –ø–æ—á–µ—Ä–Ω–µ–ª–æ –∏ –æ–±–ª—É–ø–∏–ª–æ—Å—å, –Ω–æ
—Å–æ—Ö—Ä–∞–Ω–∏–ª–æ –∫—Ä–µ–ø–æ—Å—Ç—å. –•–æ—Ç—å –∏ –º–æ–∂–Ω–æ –∑–¥–µ—Å—å –ø–æ—Å—Ç–æ—è—Ç—å, –Ω–æ –í–∞—Å –±–æ–ª—å—à–µ –∏–Ω—Ç–µ—Ä–µ—Å—É–µ—Ç —Å–∞–º
–∑–∞–±—Ä–æ—à–µ–Ω–Ω—ã–π –¥–æ–º. –•–æ—á–µ—Ç—Å—è –∑–∞–π—Ç–∏, –Ω–æ —Ö–æ–ª–æ–¥–æ–∫ –≤ –≥—Ä—É–¥–∏ –∑–∞—Å—Ç–∞–≤–ª—è–µ—Ç –ø–æ–¥—É–º–∞—Ç—å –Ω–∞–¥
—ç—Ç–∏–º —à–∞–≥–æ–º. 
[0;36m[ Exits: E w ][0;37m
[1;33m[1;31m[0;0m
–ó–∞–±—Ä–æ—à–µ–Ω–Ω—ã–π –¥–æ–º (—Å—Ä–µ–¥–Ω–∏–π —É—Ä–æ–≤–µ–Ω—å: 2).

[0;32m211H[0;37m [0;32m97M[0;37m 20786–æ –ó–∞—É—á:0 –í—ã—Ö:–í–ó> ˇ˘
[0;32m211H[0;37m [0;32m97M[0;37m 20786–æ –ó–∞—É—á:0 –í—ã—Ö:–í–ó> ˇ˘–í—ã –ø–æ–ø–ª–µ–ª–∏—Å—å –Ω–∞ –∑–∞–ø–∞–¥.
[1;36m–í —Å–µ–Ω—è—Ö [5101][0;37m
   –°–µ–Ω–∏ –∫–æ–≥–¥–∞-—Ç–æ —Å–ª—É–∂–∏–ª–∏ –ø—Ä–æ–º–µ–∂—É—Ç–æ—á–Ω–æ–π —á–∞—Å—Ç—å—é –º–µ–∂–¥—É –æ—Ç–∞–ø–ª–∏–≤–∞–µ–º–æ–π –∏ 
—Ö–æ–∑—è–π—Å—Ç–≤–µ–Ω–Ω–æ–π —á–∞—Å—Ç—å—é –¥–æ–º–∞. –ó–¥–µ—Å—å –∫–æ–≥–¥–∞-—Ç–æ –ª–µ–∂–∞–ª–∞ –Ω–µ—Ö–∏—Ç—Ä–∞—è –∫—Ä–µ—Å—Ç—å—è–Ω—Å–∫–∞—è 
—É—Ç–≤–∞—Ä—å, –Ω–æ —Å–µ–π—á–∞—Å —Ç–æ–ª—å–∫–æ –ø—ã–ª—å –∏ –≥—Ä—è–∑—å.
[0;36m[ Exits: e w ][0;37m
[1;33m–¢—Ä—É–ø —Å–µ—Ä–æ–π –º—ã—à–∏ –ª–µ–∂–∏—Ç –∑–¥–µ—Å—å.
–¢—Ä—É–ø –±–ª–æ—Ö–∏ –ª–µ–∂–∏—Ç –∑–¥–µ—Å—å.
[1;31m[0;0m
[0;32m211H[0;37m [0;32m97M[0;37m 20786–æ –ó–∞—É—á:0 –í—ã—Ö:–í–ó> ˇ˘–í—ã –ø–æ–ø–ª–µ–ª–∏—Å—å –Ω–∞ –∑–∞–ø–∞–¥.
[1;36m–í —Å–µ–Ω—è—Ö [5102][0;37m
   –ß—Ç–æ –∑–∞—Å—Ç–∞–≤–∏–ª–æ —Ö–æ–∑—è–µ–≤ –ø–æ–∫–∏–Ω—É—Ç—å —ç—Ç–æ—Ç –¥–æ–º, —Å–æ—Ö—Ä–∞–Ω–∏–≤—à–∏–π—Å—è –≤ –ø—Ä–∏–ª–∏—á–Ω–æ–º —Å–æ—Å—Ç–æ—è–Ω–∏–∏
–¥–∞–∂–µ –∑–∞ –¥–æ–ª–≥–æ–µ –≤—Ä–µ–º—è –∑–∞–ø—É—Å—Ç–µ–Ω–∏—è –∏ –æ–¥–∏–Ω–æ—á–µ—Å—Ç–≤–∞? –í —ç—Ç–æ–º –º–µ—Å—Ç–µ —Å–µ–Ω–µ–π –Ω–∞—Ö–æ–¥—è—Ç—Å—è
–¥–≤–µ –¥–≤–µ—Ä–∏, –æ–¥–Ω–∞ –∏–∑ –∫–æ—Ç–æ—Ä—ã—Ö –≤–µ–¥–µ—Ç –≤ –∏–∑–±—É, –¥—Ä—É–≥–∞—è - –Ω–∞ —Å–µ–Ω–æ–≤–∞–ª.  
[0;36m[ Exits: (n) e s ][0;37m
[1;33m[1;31m[0;0m
[0;32m211H[0;37m [0;32m97M[0;37m 20786–æ –ó–∞—É—á:0 –í—ã—Ö:(–°)–í–Æ> ˇ˘–í—ã –ø–æ–ø–ª–µ–ª–∏—Å—å –Ω–∞ —é–≥.
[1;36m–ù–∞ —Å–µ–Ω–æ–≤–∞–ª–µ [5103][0;37m
   –ü–æ–¥ –Ω–æ–≥–∞–º–∏ —Ä–∞–∑–±—Ä–æ—Å–∞–Ω–∞ —Å–æ–ª–æ–º–∞ –≤–ø–µ—Ä–µ–º–µ—à–∫—É —Å —Å–µ–Ω–æ–º, –ø–æ —É–≥–ª–∞–º –ª–µ–∂–∞—Ç —Å—Ç–∞—Ä—ã–µ
–∏–Ω—Å—Ç—Ä—É–º–µ–Ω—Ç—ã. –°—é–¥–∞ –∑–∞–±—Ä–∞—Å—ã–≤–∞–µ—Ç—Å—è –∫–æ—Ä–º –¥–ª—è –¥–æ–º–∞—à–Ω–µ–≥–æ —Å–∫–æ—Ç–∞, –∞ –ø–æ—Ç–æ–º –ø–æ–¥–∞–µ—Ç—Å—è
–ø–æ —Å—Ç–æ–π–ª–∞–º.
[0;36m[ Exits: n e s ][0;37m
[1;33m–¢—Ä—É–ø –º—É—Ö–∏ –ª–µ–∂–∏—Ç –∑–¥–µ—Å—å.
[1;31m[0;0m
[0;32m211H[0;37m [0;32m96M[0;37m 20786–æ –ó–∞—É—á:0 –í—ã—Ö:–°–í–Æ> ˇ˘–í—ã –ø–æ–ø–ª–µ–ª–∏—Å—å –Ω–∞ —Å–µ–≤–µ—Ä.
[1;36m–í —Å–µ–Ω—è—Ö [5102][0;37m
   –ß—Ç–æ –∑–∞—Å—Ç–∞–≤–∏–ª–æ —Ö–æ–∑—è–µ–≤ –ø–æ–∫–∏–Ω—É—Ç—å —ç—Ç–æ—Ç –¥–æ–º, —Å–æ—Ö—Ä–∞–Ω–∏–≤—à–∏–π—Å—è –≤ –ø—Ä–∏–ª–∏—á–Ω–æ–º —Å–æ—Å—Ç–æ—è–Ω–∏–∏
–¥–∞–∂–µ –∑–∞ –¥–æ–ª–≥–æ–µ –≤—Ä–µ–º—è –∑–∞–ø—É—Å—Ç–µ–Ω–∏—è –∏ –æ–¥–∏–Ω–æ—á–µ—Å—Ç–≤–∞? –í —ç—Ç–æ–º –º–µ—Å—Ç–µ —Å–µ–Ω–µ–π –Ω–∞—Ö–æ–¥—è—Ç—Å—è
–¥–≤–µ –¥–≤–µ—Ä–∏, –æ–¥–Ω–∞ –∏–∑ –∫–æ—Ç–æ—Ä—ã—Ö –≤–µ–¥–µ—Ç –≤ –∏–∑–±—É, –¥—Ä—É–≥–∞—è - –Ω–∞ —Å–µ–Ω–æ–≤–∞–ª.  
[0;36m[ Exits: (n) e s ][0;37m
[1;33m[1;31m[0;0m
[0;32m211H[0;37m [0;32m96M[0;37m 20786–æ –ó–∞—É—á:0 –í—ã—Ö:(–°)–í–Æ> ˇ˘–í—ã –ø–æ–ø–ª–µ–ª–∏—Å—å –Ω–∞ –≤–æ—Å—Ç–æ–∫.
[1;36m–í —Å–µ–Ω—è—Ö [5101][0;37m
   –°–µ–Ω–∏ –∫–æ–≥–¥–∞-—Ç–æ —Å–ª—É–∂–∏–ª–∏ –ø—Ä–æ–º–µ–∂—É—Ç–æ—á–Ω–æ–π —á–∞—Å—Ç—å—é –º–µ–∂–¥—É –æ—Ç–∞–ø–ª–∏–≤–∞–µ–º–æ–π –∏ 
—Ö–æ–∑—è–π—Å—Ç–≤–µ–Ω–Ω–æ–π —á–∞—Å—Ç—å—é –¥–æ–º–∞. –ó–¥–µ—Å—å –∫–æ–≥–¥–∞-—Ç–æ –ª–µ–∂–∞–ª–∞ –Ω–µ—Ö–∏—Ç—Ä–∞—è –∫—Ä–µ—Å—Ç—å—è–Ω—Å–∫–∞—è 
—É—Ç–≤–∞—Ä—å, –Ω–æ —Å–µ–π—á–∞—Å —Ç–æ–ª—å–∫–æ –ø—ã–ª—å –∏ –≥—Ä—è–∑—å.
[0;36m[ Exits: e w ][0;37m
[1;33m–¢—Ä—É–ø —Å–µ—Ä–æ–π –º—ã—à–∏ –ª–µ–∂–∏—Ç –∑–¥–µ—Å—å.
–¢—Ä—É–ø –±–ª–æ—Ö–∏ –ª–µ–∂–∏—Ç –∑–¥–µ—Å—å.
[1;31m[0;0m
[0;32m211H[0;37m [0;32m96M[0;37m 20786–æ –ó–∞—É—á:0 –í—ã—Ö:–í–ó> ˇ˘–í—ã –ø–æ–ø–ª–µ–ª–∏—Å—å –Ω–∞ –≤–æ—Å—Ç–æ–∫.
[1;36m–ù–∞ –∫—Ä—ã–ª—å—Ü–µ [5100][0;37m
   –ü–æ–∫–æ—Å–∏–≤—à–µ–µ—Å—è –∫—Ä—ã–ª—å—Ü–æ —Å–∫—Ä–∏–ø–∏—Ç –ø–æ–¥ –Ω–æ–≥–∞–º–∏. –î–µ—Ä–µ–≤–æ –ø–æ—á–µ—Ä–Ω–µ–ª–æ –∏ –æ–±–ª—É–ø–∏–ª–æ—Å—å, –Ω–æ
—Å–æ—Ö—Ä–∞–Ω–∏–ª–æ –∫—Ä–µ–ø–æ—Å—Ç—å. –•–æ—Ç—å –∏ –º–æ–∂–Ω–æ –∑–¥–µ—Å—å –ø–æ—Å—Ç–æ—è—Ç—å, –Ω–æ –í–∞—Å –±–æ–ª—å—à–µ –∏–Ω—Ç–µ—Ä–µ—Å—É–µ—Ç —Å–∞–º
–∑–∞–±—Ä–æ—à–µ–Ω–Ω—ã–π –¥–æ–º. –•–æ—á–µ—Ç—Å—è –∑–∞–π—Ç–∏, –Ω–æ —Ö–æ–ª–æ–¥–æ–∫ –≤ –≥—Ä—É–¥–∏ –∑–∞—Å—Ç–∞–≤–ª—è–µ—Ç –ø–æ–¥—É–º–∞—Ç—å –Ω–∞–¥
—ç—Ç–∏–º —à–∞–≥–æ–º. 
[0;36m[ Exits: E w ][0;37m
[1;33m[1;31m[0;0m
[0;32m211H[0;37m [0;32m97M[0;37m 20786–æ –ó–∞—É—á:0 –í—ã—Ö:–í–ó> ˇ˘
[1;31m–ú–∏–Ω—É–ª —á–∞—Å.[0;37m

[0;32m211H[0;37m [0;32m98M[0;37m 20786–æ –ó–∞—É—á:0 –í—ã—Ö:–í–ó> ˇ˘[1;36m–ù–∞ –∫—Ä—ã–ª—å—Ü–µ [5100][0;37m
   –ü–æ–∫–æ—Å–∏–≤—à–µ–µ—Å—è –∫—Ä—ã–ª—å—Ü–æ —Å–∫—Ä–∏–ø–∏—Ç –ø–æ–¥ –Ω–æ–≥–∞–º–∏. –î–µ—Ä–µ–≤–æ –ø–æ—á–µ—Ä–Ω–µ–ª–æ –∏ –æ–±–ª—É–ø–∏–ª–æ—Å—å, –Ω–æ
—Å–æ—Ö—Ä–∞–Ω–∏–ª–æ –∫—Ä–µ–ø–æ—Å—Ç—å. –•–æ—Ç—å –∏ –º–æ–∂–Ω–æ –∑–¥–µ—Å—å –ø–æ—Å—Ç–æ—è—Ç—å, –Ω–æ –í–∞—Å –±–æ–ª—å—à–µ –∏–Ω—Ç–µ—Ä–µ—Å—É–µ—Ç —Å–∞–º
–∑–∞–±—Ä–æ—à–µ–Ω–Ω—ã–π –¥–æ–º. –•–æ—á–µ—Ç—Å—è –∑–∞–π—Ç–∏, –Ω–æ —Ö–æ–ª–æ–¥–æ–∫ –≤ –≥—Ä—É–¥–∏ –∑–∞—Å—Ç–∞–≤–ª—è–µ—Ç –ø–æ–¥—É–º–∞—Ç—å –Ω–∞–¥
—ç—Ç–∏–º —à–∞–≥–æ–º. 
[0;36m[ Exits: E w ][0;37m
[1;33m[1;31m[0;0m
[0;32m211H[0;37m [0;32m98M[0;37m 20786–æ –ó–∞—É—á:0 –í—ã—Ö:–í–ó> ˇ˘–í—ã –ø–æ–ø–ª–µ–ª–∏—Å—å –Ω–∞ –≤–æ—Å—Ç–æ–∫.
[1;36m–ó–∞–±—Ä–æ—à–µ–Ω–Ω—ã–π –¥–æ–º [5023][0;37m
   –° –≤–∏–¥—É —Ö–æ—Ä–æ—à–∏–π –¥–æ–º —Å—Ç–æ–∏—Ç –Ω–∞ —Ü–µ–Ω—Ç—Ä–∞–ª—å–Ω–æ–π —É–ª–∏—Ü–µ —Å—Ä–µ–¥–∏ –±–æ–ª—å—à–∏—Ö –∏ –±–æ–≥–∞—Ç—ã—Ö
–¥–æ–º–æ–≤. –ó–∞–∫–æ–ª–æ—á–µ–Ω—ã —Å—Ç–∞–≤–Ω–∏, –∑–∞–ø—É—Å—Ç–µ–Ω—å–µ –≤–æ –¥–≤–æ—Ä–µ. –ß—Ç–æ –∑–∞ –Ω–∞–ø–∞—Å—Ç—å –∑–∞—Å—Ç–∞–≤–∏–ª–∞ 
—Ö–æ–∑—è–µ–≤ –ø–æ–∫–∏–Ω—É—Ç—å —Å–≤–æ–µ –∂–∏–ª–∏—â–µ –∏ –∏—Å–∫–∞—Ç—å –Ω–æ–≤–æ–µ –º–µ—Å—Ç–æ.
[0;36m[ Exits: e W ][0;37m
[1;33m[1;31m[0;0m
–î–µ—Ä–µ–≤–Ω—è —É —Ä–µ–∫–∏ (2-–∞—è —Ä–æ–¥–æ–≤–∞—è).

[0;32m211H[0;37m [0;32m97M[0;37m 20786–æ –ó–∞—É—á:0 –í—ã—Ö:–í–ó> ˇ˘[1;36m–ó–∞–±—Ä–æ—à–µ–Ω–Ω—ã–π –¥–æ–º [5023][0;37m
   –° –≤–∏–¥—É —Ö–æ—Ä–æ—à–∏–π –¥–æ–º —Å—Ç–æ–∏—Ç –Ω–∞ —Ü–µ–Ω—Ç—Ä–∞–ª—å–Ω–æ–π —É–ª–∏—Ü–µ —Å—Ä–µ–¥–∏ –±–æ–ª—å—à–∏—Ö –∏ –±–æ–≥–∞—Ç—ã—Ö
–¥–æ–º–æ–≤. –ó–∞–∫–æ–ª–æ—á–µ–Ω—ã —Å—Ç–∞–≤–Ω–∏, –∑–∞–ø—É—Å—Ç–µ–Ω—å–µ –≤–æ –¥–≤–æ—Ä–µ. –ß—Ç–æ –∑–∞ –Ω–∞–ø–∞—Å—Ç—å –∑–∞—Å—Ç–∞–≤–∏–ª–∞ 
—Ö–æ–∑—è–µ–≤ –ø–æ–∫–∏–Ω—É—Ç—å —Å–≤–æ–µ –∂–∏–ª–∏—â–µ –∏ –∏—Å–∫–∞—Ç—å –Ω–æ–≤–æ–µ –º–µ—Å—Ç–æ.
[0;36m[ Exits: e W ][0;37m
[1;33m[1;31m[0;0m
–î–µ—Ä–µ–≤–Ω—è —É —Ä–µ–∫–∏ (2-–∞—è —Ä–æ–¥–æ–≤–∞—è).

[0;32m211H[0;37m [0;32m98M[0;37m 20786–æ –ó–∞—É—á:0 –í—ã—Ö:–í–ó> ˇ˘–í—ã –ø–æ–ø–ª–µ–ª–∏—Å—å –Ω–∞ –≤–æ—Å—Ç–æ–∫.
[1;36m–ö —Ü–µ–Ω—Ç—Ä—É –¥–µ—Ä–µ–≤–Ω–∏ [5006][0;37m
   –ü–æ–Ω–µ–º–Ω–æ–≥—É –æ—Å—Ç–∞—é—Ç—Å—è –ø–æ–∑–∞–¥–∏ –≥–ª–∞–≤–Ω—ã–µ –¥–æ–º–∞ –¥–µ—Ä–µ–≤–Ω–∏, –∏ –≤–æ–∫—Ä—É–≥ –æ—Ç–∫—Ä—ã–≤–∞–µ—Ç—Å—è –æ–±—ã—á–Ω—ã–π
–¥–µ—Ä–µ–≤–µ–Ω—Å–∫–∏–π –≤–∏–¥. –ö—Ä–µ–ø–∫–∏–µ –¥–æ–º–∞ —Å –º–∞–ª–µ–Ω—å–∫–∏–º–∏ –æ–∫–Ω–∞–º–∏, –Ω–æ –Ω–µ–∏–∑–º–µ–Ω–Ω—ã–º–∏ —Ç—Ä—É–±–∞–º–∏
–ø–µ—á–µ–π. –ò–∑–≥–æ—Ä–æ–¥—å, —Å—Ç–æ—è—â–∞—è –∑–∞ –¥–æ–º–∞–º–∏ –≤–¥–æ–ª—å –ª–µ—Å–∞ –∏ –∑–∞—â–∏—â–∞—é—â–∞—è –¥–µ—Ä–µ–≤–Ω—é —Å —Ç—ã–ª–∞. 
–ù–µ—Ç–æ—Ä–æ–ø–ª–∏–≤—ã–π –ª—é–¥, –∏–¥—É—â–∏–π –ø–æ —Å–≤–æ–∏–º –∏–∑–≤–µ—á–Ω—ã–º –¥–µ–ª–∞–º.
[0;36m[ Exits: n e s w ][0;37m
[1;33m[1;31m[0;0m
[0;32m211H[0;37m [0;32m97M[0;37m 20786–æ –ó–∞—É—á:0 –í—ã—Ö:–°–í–Æ–ó> ˇ˘[1;36m–ö —Ü–µ–Ω—Ç—Ä—É –¥–µ—Ä–µ–≤–Ω–∏ [5006][0;37m
   –ü–æ–Ω–µ–º–Ω–æ–≥—É –æ—Å—Ç–∞—é—Ç—Å—è –ø–æ–∑–∞–¥–∏ –≥–ª–∞–≤–Ω—ã–µ –¥–æ–º–∞ –¥–µ—Ä–µ–≤–Ω–∏, –∏ –≤–æ–∫—Ä—É–≥ –æ—Ç–∫—Ä—ã–≤–∞–µ—Ç—Å—è –æ–±—ã—á–Ω—ã–π
–¥–µ—Ä–µ–≤–µ–Ω—Å–∫–∏–π –≤–∏–¥. –ö—Ä–µ–ø–∫–∏–µ –¥–æ–º–∞ —Å –º–∞–ª–µ–Ω—å–∫–∏–º–∏ –æ–∫–Ω–∞–º–∏, –Ω–æ –Ω–µ–∏–∑–º–µ–Ω–Ω—ã–º–∏ —Ç—Ä—É–±–∞–º–∏
–ø–µ—á–µ–π. –ò–∑–≥–æ—Ä–æ–¥—å, —Å—Ç–æ—è—â–∞—è –∑–∞ –¥–æ–º–∞–º–∏ –≤–¥–æ–ª—å –ª–µ—Å–∞ –∏ –∑–∞—â–∏—â–∞—é—â–∞—è –¥–µ—Ä–µ–≤–Ω—é —Å —Ç—ã–ª–∞. 
–ù–µ—Ç–æ—Ä–æ–ø–ª–∏–≤—ã–π –ª—é–¥, –∏–¥—É—â–∏–π –ø–æ —Å–≤–æ–∏–º –∏–∑–≤–µ—á–Ω—ã–º –¥–µ–ª–∞–º.
[0;36m[ Exits: n e s w ][0;37m
[1;33m[1;31m[0;0m
[0;32m211H[0;37m [0;32m98M[0;37m 20786–æ –ó–∞—É—á:0 –í—ã—Ö:–°–í–Æ–ó> ˇ˘–í—ã –ø–æ–ø–ª–µ–ª–∏—Å—å –Ω–∞ –≤–æ—Å—Ç–æ–∫.
[1;36m–ö –¥–æ—Ä–æ–≥–µ [5043][0;37m
   –≠—Ç–∞ –¥–æ—Ä–æ–≥–∞ –Ω–µ –∑—Ä—è —É–ø–∏—Ä–∞–µ—Ç—Å—è –≤ —Ü–µ–Ω—Ç—Ä –¥–µ—Ä–µ–≤–Ω–∏, –ø–æ –Ω–µ–π –≤ –¥–µ—Ä–µ–≤–Ω—é –ø—Ä–∏–≤–æ–∑—è—Ç
–Ω–æ–≤—ã–π —Ç–æ–≤–∞—Ä, —É–≤–æ–∑—è—Ç –¥–æ–±—ã—Ç—ã–µ —à–∫—É—Ä—ã –∂–∏–≤–æ—Ç–Ω—ã—Ö –∏ –µ–¥—É –¥–ª—è –ø—Ä–æ–¥–∞–∂–∏ –Ω–∞ —è—Ä–º–∞—Ä–∫–µ –∏–ª–∏
–±–∞–∑–∞—Ä–µ –≤ –±–ª–∏–∂–∞–π—à–µ–º –≥–æ—Ä–æ–¥–µ. –ù–∞ –¥–æ—Ä–æ–≥–µ –≤–∏–¥–Ω—ã —Å–ª–µ–¥—ã –∫–æ–ø—ã—Ç –ª–æ—à–∞–¥–µ–π –∏ –∫–æ–ª–µ—Å
—Ç–µ–ª–µ–≥.
[0;36m[ Exits: n e w ][0;37m
[1;33m[1;31m–ü–æ–∂–∏–ª–æ–π —à–∏—Ä–æ–∫–æ–ø–ª–µ—á–∏–π –∫—Ä–µ—Å—Ç—å—è–Ω–∏–Ω –≤ –¥–æ–±—Ä–æ—Ç–Ω–æ–π –æ–¥–µ–∂–¥–µ –ø—Ä–æ—Ö–∞–∂–∏–≤–∞–µ—Ç—Å—è —Ç—É—Ç.
[0;0m
[0;32m211H[0;37m [0;32m97M[0;37m 20786–æ –ó–∞—É—á:0 –í—ã—Ö:–°–í–ó> ˇ˘–í—ã –ø–æ–ø–ª–µ–ª–∏—Å—å –Ω–∞ –≤–æ—Å—Ç–æ–∫.
[1;36m–ö –¥–æ—Ä–æ–≥–µ [5044][0;37m
   –≠—Ç–∞ –¥–æ—Ä–æ–≥–∞ –Ω–µ –∑—Ä—è —É–ø–∏—Ä–∞–µ—Ç—Å—è –≤ —Ü–µ–Ω—Ç—Ä –¥–µ—Ä–µ–≤–Ω–∏, –ø–æ –Ω–µ–π –≤ –¥–µ—Ä–µ–≤–Ω—é –ø—Ä–∏–≤–æ–∑—è—Ç
–Ω–æ–≤—ã–π —Ç–æ–≤–∞—Ä, —É–≤–æ–∑—è—Ç –¥–æ–±—ã—Ç—ã–µ —à–∫—É—Ä—ã –∂–∏–≤–æ—Ç–Ω—ã—Ö –∏ –µ–¥—É –¥–ª—è –ø—Ä–æ–¥–∞–∂–∏ –Ω–∞ —è—Ä–º–∞—Ä–∫–µ –∏–ª–∏
–±–∞–∑–∞—Ä–µ –≤ –±–ª–∏–∂–∞–π—à–µ–º –≥–æ—Ä–æ–¥–µ. –ù–∞ –¥–æ—Ä–æ–≥–µ –≤–∏–¥–Ω—ã —Å–ª–µ–¥—ã –∫–æ–ø—ã—Ç –ª–æ—à–∞–¥–µ–π –∏ –∫–æ–ª–µ—Å
—Ç–µ–ª–µ–≥
[0;36m[ Exits: s w ][0;37m
[1;33m[1;31m[0;0m
[0;32m211H[0;37m [0;32m96M[0;37m 20786–æ –ó–∞—É—á:0 –í—ã—Ö:–Æ–ó> ˇ˘–í—ã –Ω–µ —Å–º–æ–∂–µ—Ç–µ —Ç—É–¥–∞ –ø—Ä–æ–π—Ç–∏...

[0;32m211H[0;37m [0;32m96M[0;37m 20786–æ –ó–∞—É—á:0 –í—ã—Ö:–Æ–ó> ˇ˘–í—ã –Ω–µ —Å–º–æ–∂–µ—Ç–µ —Ç—É–¥–∞ –ø—Ä–æ–π—Ç–∏...

[0;32m211H[0;37m [0;32m96M[0;37m 20786–æ –ó–∞—É—á:0 –í—ã—Ö:–Æ–ó> ˇ˘–í—ã –Ω–µ —Å–º–æ–∂–µ—Ç–µ —Ç—É–¥–∞ –ø—Ä–æ–π—Ç–∏...

[0;32m211H[0;37m [0;32m96M[0;37m 20786–æ –ó–∞—É—á:0 –í—ã—Ö:–Æ–ó> ˇ˘–í—ã –ø–æ–ø–ª–µ–ª–∏—Å—å –Ω–∞ —é–≥.
–°–ª–∏—à–∫–æ–º —Ç–µ–º–Ω–æ...

[0;32m211H[0;37m [0;32m95M[0;37m 20786–æ –ó–∞—É—á:0 –í—ã—Ö:–°–í> ˇ˘–í—ã –Ω–µ —Å–º–æ–∂–µ—Ç–µ —Ç—É–¥–∞ –ø—Ä–æ–π—Ç–∏...

[0;32m211H[0;37m [0;32m95M[0;37m 20786–æ –ó–∞—É—á:0 –í—ã—Ö:–°–í> ˇ˘–í—ã –ø–æ–ø–ª–µ–ª–∏—Å—å –Ω–∞ –≤–æ—Å—Ç–æ–∫.
–°–ª–∏—à–∫–æ–º —Ç–µ–º–Ω–æ...

[0;32m211H[0;37m [0;32m96M[0;37m 20786–æ –ó–∞—É—á:0 –í—ã—Ö:–í–Æ–ó> ˇ˘[1;30m–í—ã –ø–æ—â–µ–∫–æ—Ç–∞–ª–∏ —Å–µ–±—è... –∞ —á–µ–º –µ—â–µ –≤ —Å–≤–æ–±–æ–¥–Ω–æ–µ –≤—Ä–µ–º—è –∑–∞–Ω–∏–º–∞—Ç—å—Å—è?[0;0m

[0;32m211H[0;37m [0;32m98M[0;37m 20786–æ –ó–∞—É—á:0 –í—ã—Ö:–í–Æ–ó> ˇ˘[1;30m–í—ã –ø–æ—â–µ–∫–æ—Ç–∞–ª–∏ —Å–µ–±—è... –∞ —á–µ–º –µ—â–µ –≤ —Å–≤–æ–±–æ–¥–Ω–æ–µ –≤—Ä–µ–º—è –∑–∞–Ω–∏–º–∞—Ç—å—Å—è?[0;0m

[0;32m211H[0;37m [0;32m98M[0;37m 20786–æ –ó–∞—É—á:0 –í—ã—Ö:–í–Æ–ó> ˇ˘–í—ã –ø–æ–ø–ª–µ–ª–∏—Å—å –Ω–∞ –∑–∞–ø–∞–¥.
–°–ª–∏—à–∫–æ–º —Ç–µ–º–Ω–æ...

[0;32m211H[0;37m [0;32m96M[0;37m 20786–æ –ó–∞—É—á:0 –í—ã—Ö:–°–í> ˇ˘–í—ã –Ω–µ —Å–º–æ–∂–µ—Ç–µ —Ç—É–¥–∞ –ø—Ä–æ–π—Ç–∏...

[0;32m211H[0;37m [0;32m96M[0;37m 20786–æ –ó–∞—É—á:0 –í—ã—Ö:–°–í> ˇ˘–í—ã –ø–æ–ø–ª–µ–ª–∏—Å—å –Ω–∞ —Å–µ–≤–µ—Ä.
[1;36m–ö –¥–æ—Ä–æ–≥–µ [5044][0;37m
   –≠—Ç–∞ –¥–æ—Ä–æ–≥–∞ –Ω–µ –∑—Ä—è —É–ø–∏—Ä–∞–µ—Ç—Å—è –≤ —Ü–µ–Ω—Ç—Ä –¥–µ—Ä–µ–≤–Ω–∏, –ø–æ –Ω–µ–π –≤ –¥–µ—Ä–µ–≤–Ω—é –ø—Ä–∏–≤–æ–∑—è—Ç
–Ω–æ–≤—ã–π —Ç–æ–≤–∞—Ä, —É–≤–æ–∑—è—Ç –¥–æ–±—ã—Ç—ã–µ —à–∫—É—Ä—ã –∂–∏–≤–æ—Ç–Ω—ã—Ö –∏ –µ–¥—É –¥–ª—è –ø—Ä–æ–¥–∞–∂–∏ –Ω–∞ —è—Ä–º–∞—Ä–∫–µ –∏–ª–∏
–±–∞–∑–∞—Ä–µ –≤ –±–ª–∏–∂–∞–π—à–µ–º –≥–æ—Ä–æ–¥–µ. –ù–∞ –¥–æ—Ä–æ–≥–µ –≤–∏–¥–Ω—ã —Å–ª–µ–¥—ã –∫–æ–ø—ã—Ç –ª–æ—à–∞–¥–µ–π –∏ –∫–æ–ª–µ—Å
—Ç–µ–ª–µ–≥
[0;36m[ Exits: s w ][0;37m
[1;33m[1;31m[0;0m
[0;32m211H[0;37m [0;32m96M[0;37m 20786–æ –ó–∞—É—á:0 –í—ã—Ö:–Æ–ó> ˇ˘–í—ã –ø–æ–ø–ª–µ–ª–∏—Å—å –Ω–∞ –∑–∞–ø–∞–¥.
[1;36m–ö –¥–æ—Ä–æ–≥–µ [5043][0;37m
   –≠—Ç–∞ –¥–æ—Ä–æ–≥–∞ –Ω–µ –∑—Ä—è —É–ø–∏—Ä–∞–µ—Ç—Å—è –≤ —Ü–µ–Ω—Ç—Ä –¥–µ—Ä–µ–≤–Ω–∏, –ø–æ –Ω–µ–π –≤ –¥–µ—Ä–µ–≤–Ω—é –ø—Ä–∏–≤–æ–∑—è—Ç
–Ω–æ–≤—ã–π —Ç–æ–≤–∞—Ä, —É–≤–æ–∑—è—Ç –¥–æ–±—ã—Ç—ã–µ —à–∫—É—Ä—ã –∂–∏–≤–æ—Ç–Ω—ã—Ö –∏ –µ–¥—É –¥–ª—è –ø—Ä–æ–¥–∞–∂–∏ –Ω–∞ —è—Ä–º–∞—Ä–∫–µ –∏–ª–∏
–±–∞–∑–∞—Ä–µ –≤ –±–ª–∏–∂–∞–π—à–µ–º –≥–æ—Ä–æ–¥–µ. –ù–∞ –¥–æ—Ä–æ–≥–µ –≤–∏–¥–Ω—ã —Å–ª–µ–¥—ã –∫–æ–ø—ã—Ç –ª–æ—à–∞–¥–µ–π –∏ –∫–æ–ª–µ—Å
—Ç–µ–ª–µ–≥.
[0;36m[ Exits: n e w ][0;37m
[1;33m[1;31m–ü–æ–∂–∏–ª–æ–π —à–∏—Ä–æ–∫–æ–ø–ª–µ—á–∏–π –∫—Ä–µ—Å—Ç—å—è–Ω–∏–Ω –≤ –¥–æ–±—Ä–æ—Ç–Ω–æ–π –æ–¥–µ–∂–¥–µ –ø—Ä–æ—Ö–∞–∂–∏–≤–∞–µ—Ç—Å—è —Ç—É—Ç.
[0;0m
[0;32m211H[0;37m [0;32m95M[0;37m 20786–æ –ó–∞—É—á:0 –í—ã—Ö:–°–í–ó> ˇ˘–í—ã –ø–æ–ø–ª–µ–ª–∏—Å—å –Ω–∞ –∑–∞–ø–∞–¥.
[1;36m–ö —Ü–µ–Ω—Ç—Ä—É –¥–µ—Ä–µ–≤–Ω–∏ [5006][0;37m
   –ü–æ–Ω–µ–º–Ω–æ–≥—É –æ—Å—Ç–∞—é—Ç—Å—è –ø–æ–∑–∞–¥–∏ –≥–ª–∞–≤–Ω—ã–µ –¥–æ–º–∞ –¥–µ—Ä–µ–≤–Ω–∏, –∏ –≤–æ–∫—Ä—É–≥ –æ—Ç–∫—Ä—ã–≤–∞–µ—Ç—Å—è –æ–±—ã—á–Ω—ã–π
–¥–µ—Ä–µ–≤–µ–Ω—Å–∫–∏–π –≤–∏–¥. –ö—Ä–µ–ø–∫–∏–µ –¥–æ–º–∞ —Å –º–∞–ª–µ–Ω—å–∫–∏–º–∏ –æ–∫–Ω–∞–º–∏, –Ω–æ –Ω–µ–∏–∑–º–µ–Ω–Ω—ã–º–∏ —Ç—Ä—É–±–∞–º–∏
–ø–µ—á–µ–π. –ò–∑–≥–æ—Ä–æ–¥—å, —Å—Ç–æ—è—â–∞—è –∑–∞ –¥–æ–º–∞–º–∏ –≤–¥–æ–ª—å –ª–µ—Å–∞ –∏ –∑–∞—â–∏—â–∞—é—â–∞—è –¥–µ—Ä–µ–≤–Ω—é —Å —Ç—ã–ª–∞. 
–ù–µ—Ç–æ—Ä–æ–ø–ª–∏–≤—ã–π –ª—é–¥, –∏–¥—É—â–∏–π –ø–æ —Å–≤–æ–∏–º –∏–∑–≤–µ—á–Ω—ã–º –¥–µ–ª–∞–º.
[0;36m[ Exits: n e s w ][0;37m
[1;33m[1;31m[0;0m
[0;32m211H[0;37m [0;32m96M[0;37m 20786–æ –ó–∞—É—á:0 –í—ã—Ö:–°–í–Æ–ó> ˇ˘–í—ã –ø–æ–ø–ª–µ–ª–∏—Å—å –Ω–∞ —é–≥.
[1;36m–ü–µ—Ä–µ–¥ –ø–æ—Å—Ç–æ—è–ª—ã–º –¥–≤–æ—Ä–æ–º [5005][0;37m
   –ß—É—Ç—å –Ω–µ —Å–ø–æ—Ç–∫–Ω—É–≤—à–∏—Å—å –æ –¥–æ—Å–∫—É, –ª–µ–∂–∞—â—É—é —Å—Ä–∞–∑—É —É –ø–æ—Ä–æ–≥–∞ –ø–æ—Å—Ç–æ—è–ª–æ–≥–æ –¥–≤–æ—Ä–∞,
–≤—ã –æ–∫–∞–∑–∞–ª–∏—Å—å –Ω–∞ —Ü–µ–Ω—Ç—Ä–∞–ª—å–Ω–æ–π —É–ª–∏—Ü–µ –¥–µ—Ä–µ–≤–Ω–∏. –ò–º–µ–Ω–Ω–æ –Ω–∞ —ç—Ç–æ–π —É–ª–∏—Ü–µ –º–æ–∂–Ω–æ 
–±—ã—Å—Ç—Ä–æ –Ω–∞–π—Ç–∏ –ª–∞–≤–∫—É —Ä–µ–º–µ—Å–ª–µ–Ω–Ω–∏–∫–∞, –¥–æ–º –∑–Ω–∞—Ö–∞—Ä—è, –∫–æ–Ω—é—à–Ω—é –∏ –¥–æ–º —Å—Ç–∞—Ä–µ–π—à–∏–Ω—ã.
–í —é–∂–Ω–æ–π —á–∞—Å—Ç–∏ –¥–µ—Ä–µ–≤–Ω–∏ –ø–æ—Å–µ–ª–∏–ª–∏—Å—å –≤–æ—Ä–æ–∂–µ–∏.
[0;36m[ Exits: n e s w ][0;37m
[1;33m[1;31m[0;0m
[0;32m211H[0;37m [0;32m96M[0;37m 20786–æ –ó–∞—É—á:0 –í—ã—Ö:–°–í–Æ–ó> ˇ˘–í—ã –ø–æ–ø–ª–µ–ª–∏—Å—å –Ω–∞ —é–≥.
[1;36m–¶–µ–Ω—Ç—Ä –¥–µ—Ä–µ–≤–Ω–∏ [5004][0;37m
   –¶–µ–Ω—Ç—Ä–∞–ª—å–Ω–∞—è —á–∞—Å—Ç—å –¥–µ—Ä–µ–≤–Ω–∏ –∑–∞–ø–æ–ª–Ω–µ–Ω–∞ –Ω—É–∂–Ω—ã–º–∏ –≤—Å–µ–º –º–∞—Å—Ç–µ—Ä—Å–∫–∏–º–∏ –∏ –ª–∞–≤–∫–∞–º–∏.
–£–¥–∞—á–Ω–æ–µ –º–µ—Å—Ç–æ –¥–µ—Ä–µ–≤–Ω–∏ –≤ –Ω–µ–∑–∞–ø–∞–º—è—Ç–Ω—ã–µ –≤—Ä–µ–º–µ–Ω–∞ –ø—Ä–∏–≤–ª–µ–∫–ª–æ —Å—é–¥–∞ —Ç–æ—Ä–≥–æ–≤—Ü–µ–≤ –∏
–º–∞—Å—Ç–µ—Ä–æ–≤—ã—Ö, –∏ —Å —Ç–µ—Ö –ø–æ—Ä –ø–æ–≤–µ–ª–æ—Å—å, —á—Ç–æ –≤ —ç—Ç–æ–π —á–∞—Å—Ç–∏ –¥–µ—Ä–µ–≤–Ω–∏ —Å—Ç–æ—è—Ç –±–æ–ª—å—à–∏–µ –∏
–±–æ–≥–∞—Ç—ã–µ –¥–æ–º–∞. –°–æ –≤—Å–µ–π –æ–∫—Ä—É–≥–∏ –∏ –¥–∞–∂–µ –∏–∑ –¥–∞–ª–µ–∫–æ–π –≥–ª—É—à–∏ –ø—Ä–∏—Ö–æ–¥—è—Ç –ª—é–¥–∏ —Å—é–¥–∞
–∑–∞ —Ç–æ–≤–∞—Ä–æ–º –∫—É–ø–∏—Ç—å —á—Ç–æ, –ø—Ä–æ–¥–∞—Ç—å —á—Ç–æ, –∑–∞–∫–∞–∑–∞—Ç—å —á—Ç–æ.
[0;36m[ Exits: n s w ][0;37m
[1;33m[1;31m–ë–∞–∑–∞—Ä–Ω—ã–π –∑–∞–∑—ã–≤–∞–ª–∞ —Å—Ç–æ–∏—Ç –∑–¥–µ—Å—å, –∑—ã—á–Ω—ã–º –≥–æ–ª–æ—Å–æ–º —Ä–∞—Å—Ö–≤–∞–ª–∏–≤–∞—è –≤—ã—Å—Ç–∞–≤–ª–µ–Ω–Ω—ã–π —Ç–æ–≤–∞—Ä.
[0;0m
[0;32m211H[0;37m [0;32m96M[0;37m 20786–æ –ó–∞—É—á:0 –í—ã—Ö:–°–Æ–ó> ˇ˘–í—ã –ø–æ–ø–ª–µ–ª–∏—Å—å –Ω–∞ —Å–µ–≤–µ—Ä.
[1;36m–ü–µ—Ä–µ–¥ –ø–æ—Å—Ç–æ—è–ª—ã–º –¥–≤–æ—Ä–æ–º [5005][0;37m
   –ß—É—Ç—å –Ω–µ —Å–ø–æ—Ç–∫–Ω—É–≤—à–∏—Å—å –æ –¥–æ—Å–∫—É, –ª–µ–∂–∞—â—É—é —Å—Ä–∞–∑—É —É –ø–æ—Ä–æ–≥–∞ –ø–æ—Å—Ç–æ—è–ª–æ–≥–æ –¥–≤–æ—Ä–∞,
–≤—ã –æ–∫–∞–∑–∞–ª–∏—Å—å –Ω–∞ —Ü–µ–Ω—Ç—Ä–∞–ª—å–Ω–æ–π —É–ª–∏—Ü–µ –¥–µ—Ä–µ–≤–Ω–∏. –ò–º–µ–Ω–Ω–æ –Ω–∞ —ç—Ç–æ–π —É–ª–∏—Ü–µ –º–æ–∂–Ω–æ 
–±—ã—Å—Ç—Ä–æ –Ω–∞–π—Ç–∏ –ª–∞–≤–∫—É —Ä–µ–º–µ—Å–ª–µ–Ω–Ω–∏–∫–∞, –¥–æ–º –∑–Ω–∞—Ö–∞—Ä—è, –∫–æ–Ω—é—à–Ω—é –∏ –¥–æ–º —Å—Ç–∞—Ä–µ–π—à–∏–Ω—ã.
–í —é–∂–Ω–æ–π —á–∞—Å—Ç–∏ –¥–µ—Ä–µ–≤–Ω–∏ –ø–æ—Å–µ–ª–∏–ª–∏—Å—å –≤–æ—Ä–æ–∂–µ–∏.
[0;36m[ Exits: n e s w ][0;37m
[1;33m[1;31m[0;0m
[0;32m211H[0;37m [0;32m96M[0;37m 20786–æ –ó–∞—É—á:0 –í—ã—Ö:–°–í–Æ–ó> ˇ˘–í—ã –ø–æ–ø–ª–µ–ª–∏—Å—å –Ω–∞ –≤–æ—Å—Ç–æ–∫.
[1;36m–ü–æ—Å—Ç–æ—è–ª—ã–π –¥–≤–æ—Ä [5001][0;37m
   –î–µ—Ä–µ–≤–Ω—è —Ö–æ—Ç—å –∏ –Ω–µ–±–æ–ª—å—à–∞—è, –Ω–æ –ø–æ—Å—Ç–æ—è–ª—ã–π –¥–≤–æ—Ä –∏–º–µ–µ—Ç—Å—è, –¥–ª—è –∑–∞–µ–∑–∂–∏—Ö –≥–æ—Å—Ç–µ–π,
—á—Ç–æ–±—ã –±—ã–ª–æ –≥–¥–µ –ø–µ—Ä–µ–≤–µ—Å—Ç–∏ –¥—É—Ö, –µ–¥–æ–π –∏ –ø–∏—Ç—å–µ–º –∑–∞–ø–∞—Å—Ç–∏—Å—å. –ê –µ—Å–ª–∏ –Ω–∞ –¥–≤–æ—Ä–µ —É–∂
–Ω–æ—á—å –∏–ª—å –ø—Ä–æ—Å—Ç–æ –Ω–∞–¥–æ –æ—Å—Ç–∞–Ω–æ–≤–∏—Ç—Å—è –Ω–∞ –¥–µ–Ω—å –¥—Ä—É–≥–æ–π –≤ –¥–µ—Ä–µ–≤–Ω–µ, –∞ —Ä–æ–¥—Å—Ç–≤–µ–Ω–Ω–∏–∫–æ–≤
–Ω–µ—Ç, —Ç–∞–∫ –º–æ–∂–Ω–æ –∏ –ø–µ—Ä–µ–Ω–æ—á–µ–≤–∞—Ç—å –≤ –≥–æ—Ä–Ω–∏—Ü–∞—Ö –Ω–∞–≤–µ—Ä—Ö—É.
[0;36m[ Exits: w u ][0;37m
[1;33m–ó–¥–µ—Å—å –ª–µ–∂–∏—Ç –º–æ—Ä–∫–æ–≤—å.
[1;31m–°–µ–¥–æ–≤–ª–∞—Å—ã–π —Å–∫–∞–∑–∏—Ç–µ–ª—å –≥–æ—Ç–æ–≤ –ø–æ–¥–µ–ª–∏—Ç—å—Å—è —Å –í–∞–º–∏ –∏–Ω—Ç–µ—Ä–µ—Å–Ω–æ–π –∏—Å—Ç–æ—Ä–∏–µ–π.
–¢—Ä–∞–∫—Ç–∏—Ä—â–∏–∫ –æ—Ç–¥—ã—Ö–∞–µ—Ç –∑–∞ —Å—Ç–æ–π–∫–æ–π.
[0;0m
[0;32m211H[0;37m [0;32m95M[0;37m 20786–æ –ó–∞—É—á:0 –í—ã—Ö:–ó^> ˇ˘–í—ã –ø–æ–ø–ª–µ–ª–∏—Å—å –≤–≤–µ—Ä—Ö.
[1;36m–ö–æ–º–Ω–∞—Ç—ã –æ—Ç–¥—ã—Ö–∞ [5000][0;37m
   –•–æ–∑—è–∏–Ω —É—Å—Ç—Ä–æ–∏–ª –∑–¥–µ—Å—å –∫–æ–º–Ω–∞—Ç—ã –¥–ª—è –æ—Ç–¥—ã—Ö–∞. –õ—é–±–æ–π –∂–µ–ª–∞—é—â–∏–π –º–æ–∂–µ—Ç –æ—Å—Ç–∞–Ω–æ–≤–∏—Ç—å—Å—è
–∑–¥–µ—Å—å –∏ –ø–µ—Ä–µ–¥–æ—Ö–Ω—É—Ç—å –ø–æ—Å–ª–µ –¥–∞–ª—å–Ω–µ–π –¥–æ—Ä–æ–≥–∏. –°–≤–µ—Ç–ª—ã–µ –≥–æ—Ä–Ω–∏—Ü—ã —Ç–∞–∫ –∏ –ø—Ä–∏–≥–ª–∞—à–∞—é—Ç
–ø—Ä–æ–π—Ç–∏ –≤ –Ω–∏—Ö –∏ —Ä–∞—Å—Ç—è–Ω—É—Ç—å—Å—è –Ω–∞ –ø–µ—Ä–∏–Ω–µ, –Ω–∞ –ø—É—Ö–æ–≤–æ–π –¥–∞ –∑–∞–±—ã—Ç—å—Å—è —Å–Ω–æ–º –±–æ–≥–∞—Ç—ã—Ä—Å–∫–∏–º.
–ó–¥–µ—Å—å –∂–µ –º–æ–∂–Ω–æ –ø–æ–¥–æ–∂–¥–∞—Ç—å —Å–≤–æ–∏—Ö –∫–æ–º–ø–∞–Ω—å–æ–Ω–æ–≤ –ø–µ—Ä–µ–¥ –¥–æ–ª–≥–æ–π –¥–æ—Ä–æ–≥–æ–π, –ø–æ–≥–æ–≤–æ—Ä–∏—Ç—å
–æ –¥–∞–ª—å–Ω–µ–π—à–∏—Ö –ø–ª–∞–Ω–∞—Ö.
[1;32m–°–æ–≤—Å–µ–º –º–∞–ª—ã—Ö, –¥–∞ –Ω–µ –æ–±—É—á–µ–Ω–Ω—ã—Ö —Ç–∞–∫ –∏ —Ç—è–Ω–µ—Ç [1;33m–≤–æ–π—Ç–∏ [1;32m–≤ [1;33m—à–∫–æ–ª—É[1;32m.[0;0m
[0;36m[ Exits: d ][0;37m
[1;33m–î–æ—Å–∫–∞ –¥–ª—è —Ä–∞–∑–ª–∏—á–Ω—ã—Ö –∑–∞–º–µ—Ç–æ–∫ –∏ –æ–±—ä—è–≤–ª–µ–Ω–∏–π –ø—Ä–∏–±–∏—Ç–∞ —Ç—É—Ç ..–±–ª–µ—Å—Ç–∏—Ç!
[1;31m–•–æ–∑—è–π–∫–∞ –ø–æ—Å—Ç–æ—è–ª–æ–≥–æ –¥–≤–æ—Ä–∞ —Ä–∞—Å–ø–æ—Ä—è–∂–∞–µ—Ç—Å—è –∑–¥–µ—Å—å.
[0;0m
[0;32m211H[0;37m [0;32m95M[0;37m 20786–æ –ó–∞—É—á:0 –í—ã—Ö:v> ˇ˘–•–æ–∑—è–π–∫–∞ —Å–∫–∞–∑–∞–ª–∞ –≤–∞–º : "–°–µ–≥–æ–¥–Ω—è —Å–ø–∏–º –Ω–∞—Ö–∞–ª—è–≤—É!"
–•–æ–∑—è–π–∫–∞ —Å–∫–∞–∑–∞–ª–∞ –≤–∞–º : "–Ø –Ω–µ –ø—Ä–∏–º—É –Ω–∞ –ø–æ—Å—Ç–æ–π —Ç—Ä—É–ø –±–ª–æ—Ö–∏."
–•–æ–∑—è–π–∫–∞ —Å–∫–∞–∑–∞–ª–∞ –≤–∞–º : "–Ø –Ω–µ –ø—Ä–∏–º—É –Ω–∞ –ø–æ—Å—Ç–æ–π –∑–∞–∏–Ω–¥–µ–≤–µ–≤—à—É—é –ø–ª–∞—Å—Ç–∏–Ω—É."

[0;32m211H[0;37m [0;32m97M[0;37m 20786–æ –ó–∞—É—á:0 –í—ã—Ö:v> ˇ˘–í—ã –±—Ä–æ—Å–∏–ª–∏ —Ç—Ä—É–ø –±–ª–æ—Ö–∏.

[0;32m211H[0;37m [0;32m98M[0;37m 20786–æ –ó–∞—É—á:0 –í—ã—Ö:v> ˇ˘–£ –≤–∞—Å –Ω–µ—Ç '—Ç—Ä—É'.

[0;32m211H[0;37m [0;32m98M[0;37m 20786–æ –ó–∞—É—á:0 –í—ã—Ö:v> ˇ˘
[0;32m211H[0;37m [0;32m98M[0;37m 20786–æ –ó–∞—É—á:0 –í—ã—Ö:v> ˇ˘–£ –≤–∞—Å –Ω–µ—Ç '–ø–æ–∞—Å—Ç'.

[0;32m211H[0;37m [0;32m98M[0;37m 20786–æ –ó–∞—É—á:0 –í—ã—Ö:v> ˇ˘–í—ã –±—Ä–æ—Å–∏–ª–∏ –∑–∞–∏–Ω–¥–µ–≤–µ–≤—à—É—é –ø–ª–∞—Å—Ç–∏–Ω—É.

[0;32m211H[0;37m [0;32m98M[0;37m 20786–æ –ó–∞—É—á:0 –í—ã—Ö:v> ˇ˘–•–æ–∑—è–π–∫–∞ —Å–∫–∞–∑–∞–ª–∞ –≤–∞–º : "–°–µ–≥–æ–¥–Ω—è —Å–ø–∏–º –Ω–∞—Ö–∞–ª—è–≤—É!"
–•–æ–∑—è–π–∫–∞ –∑–∞–ø–µ—Ä–ª–∞ –≤–∞—à–∏ –≤–µ—â–∏ –≤ —Å—É–Ω–¥—É–∫ –∏ –ø–æ–≤–µ–ª–∞ –≤ —Ç–µ—Å–Ω—É—é –∫–∞–º–æ—Ä–∫—É.

0) –û—Ç—Å–æ–µ–¥–∏–Ω–∏—Ç—å—Å—è.
1) –ù–∞—á–∞—Ç—å –∏–≥—Ä—É.
2) –í–≤–µ—Å—Ç–∏ –æ–ø–∏—Å–∞–Ω–∏–µ –≤–∞—à–µ–≥–æ –ø–µ—Ä—Å–æ–Ω–∞–∂–∞.
3) –£–∑–Ω–∞—Ç—å –∏—Å—Ç–æ—Ä–∏—é.
4) –ò–∑–º–µ–Ω–∏—Ç—å –ø–∞—Ä–æ–ª—å.
5) –£–¥–∞–ª–∏—Ç—å –ø–µ—Ä—Å–æ–Ω–∞–∂–∞.
6) –ò–∑–º–µ–Ω–∏—Ç—å –ø–∞—Ä–∞–º–µ—Ç—Ä—ã –ø–µ—Ä—Å–æ–Ω–∞–∂–∞.
7) –í–∫–ª—é—á–∏—Ç—å/–≤—ã–∫–ª—é—á–∏—Ç—å —Ä–µ–∂–∏–º —Å–ª–µ–ø–æ–≥–æ –∏–≥—Ä–æ–∫–∞.
8) –ü–æ—Å–º–æ—Ç—Ä–µ—Ç—å –≤—Å–µ—Ö –ø–µ—Ä—Å–æ–Ω–∞–∂–µ–π –Ω–∞ –¥–∞–Ω–Ω–æ–º email'e.

   –ß–µ–≥–æ –≤–∞—à–∞ –¥—É—à–∞ –∂–µ–ª–∞–µ—Ç? ˇ˘
–î–æ –≤—Å—Ç—Ä–µ—á–∏ –Ω–∞ –∑–µ–º–ª–µ –ö–∏–µ–≤—Å–∫–æ–π.
–í —Å–ª—É—á–∞–µ –≤–∞—à–µ–≥–æ –æ—Ç—Å—É—Ç—Å—Ç–≤–∏—è –ø–µ—Ä—Å–æ–Ω–∞–∂ –±—É–¥–µ—Ç —Ö—Ä–∞–Ω–∏—Ç—å—Å—è –¥–æ 07:23:53 26 –Ø–Ω–≤–∞—Ä—è 2022 –≥–æ–¥–∞ –Ω–∞—à–µ–π —ç—Ä—ã :).
ˇ˘