яыEяыVяыU
Online: 136

Using keytable
  0) Koi-8
  1) Alt
  2) Windows(JMC,MMC)
  3) Windows(zMUD)
  4) Windows(zMUD 'z')
  5) UTF-8
  6) Windows(zMUD <6.39)
  9) TECT...
Select one :     
 -----------------------------------------------------------------------------                   
          Based On CircleMUD v3.0   Created by Jeremy Elson,   
          DikuMUD Gamma 0.0  by Sebastian Hammer, Michael Seifert, 
          Hans Henrik Staerfeldt, Tom Madsen, Katja Nyboe
 _____________________________________________________________________________

    #######
    ##    
    ##        ####    ####      ####  ####  ####  ####  ####  ####    ####
    #######    ######  ##     ## ##    ##  ####    ##    ##    ######  ##
    ##    ##   ##   ## ##    ##  ##    ####  ##    ########    ##   ## ##
    ##    ##   ##   ## ##    ##  ##    ###   ##    ##    ##    ##   ## ##
    #######   ####### ####  ###  ###  ####  ####  ####  ####  ####### ####

                   РџРћ РџР Р•Р”РђРќРРЇРњ Р РЈРЎРЎРљРРҐ РќРђР РћР”РќР«РҐ РЎРљРђР—РћРљ Р Р‘Р«Р›РРќ.

             РџРѕ Р°РґРјРёРЅРёСЃС‚СЂР°С‚РёРІРЅС‹Рј РІРѕРїСЂРѕСЃР°Рј РјРѕР¶РµС‚Рµ СЃРІСЏР·Р°С‚СЊСЃСЏ СЃ РЎС‚СЂРёР±РѕРіРѕРј
                	     e-mail: stribog@bylins.su

                       РџРѕСЃРµС‚РёС‚Рµ РЅР°С€ СЃР°Р№С‚: www.bylins.su
    Р”Р»СЏ Р±РѕР»РµРµ РїРѕРґСЂРѕР±РЅРѕР№ РёРіСЂРѕРІРѕР№ РёРЅС„РѕСЂРјР°С†РёРё РїРѕСЃРµС‚РёС‚Рµ www.bylins.su/?newbies

Р’РІРµРґРёС‚Рµ РёРјСЏ РїРµСЂСЃРѕРЅР°Р¶Р° (РёР»Рё "РЅРѕРІС‹Р№" РґР»СЏ СЃРѕР·РґР°РЅРёСЏ РЅРѕРІРѕРіРѕ): РџРµСЂСЃРѕРЅР°Р¶ СЃ С‚Р°РєРёРј РёРјРµРЅРµРј СѓР¶Рµ СЃСѓС‰РµСЃС‚РІСѓРµС‚. Р’РІРµРґРёС‚Рµ РїР°СЂРѕР»СЊ : ящ

РџРѕСЃР»РµРґРЅРёР№ СЂР°Р· РІС‹ Р·Р°С…РѕРґРёР»Рё Рє РЅР°Рј РІ 17:29:26  6 Р¤РµРІСЂР°Р»СЏ 2020 РіРѕРґР° СЃ Р°РґСЂРµСЃР° (173.8.142.14).

* Р’ СЃРІСЏР·Рё СЃ РїСЂРѕР±Р»РµРјР°РјРё РїРµСЂРµРІРѕРґР° С„СЂР°Р·С‹ ANYKEY РЅР°Р¶РјРёС‚Рµ ENTER *ящ
  Р”РѕР±СЂРѕ РїРѕР¶Р°Р»РѕРІР°С‚СЊ РЅР° Р·РµРјР»СЋ РљРёРµРІСЃРєСѓСЋ, Р±РѕРіР°С‚СѓСЋ РёСЃС‚РѕСЂРёРµР№ Рё СЃР°РјС‹РјРё РЅРµРІРµСЂРѕСЏС‚РЅС‹РјРё
РїСЂРёРєР»СЋС‡РµРЅРёСЏРјРё. Р’РѕР·РјРѕР¶РЅРѕ, РІР°Рј РѕРЅРё РїРѕРЅСЂР°РІСЏС‚СЃСЏ, Рё РІС‹ СЃС‚Р°РЅРµС‚Рµ РІ РѕРґРёРЅ СЂСЏРґ СЃ РіРµСЂРѕСЏРјРё
РґР°РІРЅРѕ РјРёРЅСѓРІС€РёС… РґРЅРµР№.

[1;36mРљРѕРјРЅР°С‚С‹ РѕС‚РґС‹С…Р° [5000][0;37m
   РҐРѕР·СЏРёРЅ СѓСЃС‚СЂРѕРёР» Р·РґРµСЃСЊ РєРѕРјРЅР°С‚С‹ РґР»СЏ РѕС‚РґС‹С…Р°. Р›СЋР±РѕР№ Р¶РµР»Р°СЋС‰РёР№ РјРѕР¶РµС‚ РѕСЃС‚Р°РЅРѕРІРёС‚СЊСЃСЏ
Р·РґРµСЃСЊ Рё РїРµСЂРµРґРѕС…РЅСѓС‚СЊ РїРѕСЃР»Рµ РґР°Р»СЊРЅРµР№ РґРѕСЂРѕРіРё. РЎРІРµС‚Р»С‹Рµ РіРѕСЂРЅРёС†С‹ С‚Р°Рє Рё РїСЂРёРіР»Р°С€Р°СЋС‚
РїСЂРѕР№С‚Рё РІ РЅРёС… Рё СЂР°СЃС‚СЏРЅСѓС‚СЊСЃСЏ РЅР° РїРµСЂРёРЅРµ, РЅР° РїСѓС…РѕРІРѕР№ РґР° Р·Р°Р±С‹С‚СЊСЃСЏ СЃРЅРѕРј Р±РѕРіР°С‚С‹СЂСЃРєРёРј.
Р—РґРµСЃСЊ Р¶Рµ РјРѕР¶РЅРѕ РїРѕРґРѕР¶РґР°С‚СЊ СЃРІРѕРёС… РєРѕРјРїР°РЅСЊРѕРЅРѕРІ РїРµСЂРµРґ РґРѕР»РіРѕР№ РґРѕСЂРѕРіРѕР№, РїРѕРіРѕРІРѕСЂРёС‚СЊ
Рѕ РґР°Р»СЊРЅРµР№С€РёС… РїР»Р°РЅР°С….
[1;32mРЎРѕРІСЃРµРј РјР°Р»С‹С…, РґР° РЅРµ РѕР±СѓС‡РµРЅРЅС‹С… С‚Р°Рє Рё С‚СЏРЅРµС‚ [1;33mРІРѕР№С‚Рё [1;32mРІ [1;33mС€РєРѕР»Сѓ[1;32m.[0;0m
[0;36m[ Exits: d ][0;37m
[1;33mР›СѓР¶РёС†Р° РґРѕР¶РґРµРІРѕР№ РІРѕРґС‹ СЂР°Р·Р»РёС‚Р° Сѓ РІР°С€РёС… РЅРѕРі.
Р”РѕСЃРєР° РґР»СЏ СЂР°Р·Р»РёС‡РЅС‹С… Р·Р°РјРµС‚РѕРє Рё РѕР±СЉСЏРІР»РµРЅРёР№ РїСЂРёР±РёС‚Р° С‚СѓС‚ ..Р±Р»РµСЃС‚РёС‚!
[1;31mРџРѕР»СЏРЅРёРЅ Р”РѕСЂРјР°РЅ СЃС‚РѕРёС‚ Р·РґРµСЃСЊ. 
РҐРѕР·СЏР№РєР° РїРѕСЃС‚РѕСЏР»РѕРіРѕ РґРІРѕСЂР° СЂР°СЃРїРѕСЂСЏР¶Р°РµС‚СЃСЏ Р·РґРµСЃСЊ.
[0;0m
Р”РµСЂРµРІРЅСЏ Сѓ СЂРµРєРё (2-Р°СЏ СЂРѕРґРѕРІР°СЏ).

[0;32m196H[0;37m [0;32m106M[0;37m 29970Рѕ Р—Р°СѓС‡:0 Р’С‹С…:v> ящ
[1;31mРњРёРЅСѓР» С‡Р°СЃ.[0;37m

[0;32m196H[0;37m [0;32m108M[0;37m 29970Рѕ Р—Р°СѓС‡:0 Р’С‹С…:v> ящ[1;36mРљРѕРјРЅР°С‚С‹ РѕС‚РґС‹С…Р° [5000][0;37m
   РҐРѕР·СЏРёРЅ СѓСЃС‚СЂРѕРёР» Р·РґРµСЃСЊ РєРѕРјРЅР°С‚С‹ РґР»СЏ РѕС‚РґС‹С…Р°. Р›СЋР±РѕР№ Р¶РµР»Р°СЋС‰РёР№ РјРѕР¶РµС‚ РѕСЃС‚Р°РЅРѕРІРёС‚СЊСЃСЏ
Р·РґРµСЃСЊ Рё РїРµСЂРµРґРѕС…РЅСѓС‚СЊ РїРѕСЃР»Рµ РґР°Р»СЊРЅРµР№ РґРѕСЂРѕРіРё. РЎРІРµС‚Р»С‹Рµ РіРѕСЂРЅРёС†С‹ С‚Р°Рє Рё РїСЂРёРіР»Р°С€Р°СЋС‚
РїСЂРѕР№С‚Рё РІ РЅРёС… Рё СЂР°СЃС‚СЏРЅСѓС‚СЊСЃСЏ РЅР° РїРµСЂРёРЅРµ, РЅР° РїСѓС…РѕРІРѕР№ РґР° Р·Р°Р±С‹С‚СЊСЃСЏ СЃРЅРѕРј Р±РѕРіР°С‚С‹СЂСЃРєРёРј.
Р—РґРµСЃСЊ Р¶Рµ РјРѕР¶РЅРѕ РїРѕРґРѕР¶РґР°С‚СЊ СЃРІРѕРёС… РєРѕРјРїР°РЅСЊРѕРЅРѕРІ РїРµСЂРµРґ РґРѕР»РіРѕР№ РґРѕСЂРѕРіРѕР№, РїРѕРіРѕРІРѕСЂРёС‚СЊ
Рѕ РґР°Р»СЊРЅРµР№С€РёС… РїР»Р°РЅР°С….
[1;32mРЎРѕРІСЃРµРј РјР°Р»С‹С…, РґР° РЅРµ РѕР±СѓС‡РµРЅРЅС‹С… С‚Р°Рє Рё С‚СЏРЅРµС‚ [1;33mРІРѕР№С‚Рё [1;32mРІ [1;33mС€РєРѕР»Сѓ[1;32m.[0;0m
[0;36m[ Exits: d ][0;37m
[1;33mР›СѓР¶РёС†Р° РґРѕР¶РґРµРІРѕР№ РІРѕРґС‹ СЂР°Р·Р»РёС‚Р° Сѓ РІР°С€РёС… РЅРѕРі.
Р”РѕСЃРєР° РґР»СЏ СЂР°Р·Р»РёС‡РЅС‹С… Р·Р°РјРµС‚РѕРє Рё РѕР±СЉСЏРІР»РµРЅРёР№ РїСЂРёР±РёС‚Р° С‚СѓС‚ ..Р±Р»РµСЃС‚РёС‚!
[1;31mРџРѕР»СЏРЅРёРЅ Р”РѕСЂРјР°РЅ СЃС‚РѕРёС‚ Р·РґРµСЃСЊ. 
РҐРѕР·СЏР№РєР° РїРѕСЃС‚РѕСЏР»РѕРіРѕ РґРІРѕСЂР° СЂР°СЃРїРѕСЂСЏР¶Р°РµС‚СЃСЏ Р·РґРµСЃСЊ.
[0;0m
Р”РµСЂРµРІРЅСЏ Сѓ СЂРµРєРё (2-Р°СЏ СЂРѕРґРѕРІР°СЏ).

[0;32m196H[0;37m [0;32m108M[0;37m 29970Рѕ Р—Р°СѓС‡:0 Р’С‹С…:v> ящР’С‹ РїРѕРїР»РµР»РёСЃСЊ РІРЅРёР·.
[1;36mРџРѕСЃС‚РѕСЏР»С‹Р№ РґРІРѕСЂ [5001][0;37m
   Р”РµСЂРµРІРЅСЏ С…РѕС‚СЊ Рё РЅРµР±РѕР»СЊС€Р°СЏ, РЅРѕ РїРѕСЃС‚РѕСЏР»С‹Р№ РґРІРѕСЂ РёРјРµРµС‚СЃСЏ, РґР»СЏ Р·Р°РµР·Р¶РёС… РіРѕСЃС‚РµР№,
С‡С‚РѕР±С‹ Р±С‹Р»Рѕ РіРґРµ РїРµСЂРµРІРµСЃС‚Рё РґСѓС…, РµРґРѕР№ Рё РїРёС‚СЊРµРј Р·Р°РїР°СЃС‚РёСЃСЊ. Рђ РµСЃР»Рё РЅР° РґРІРѕСЂРµ СѓР¶
РЅРѕС‡СЊ РёР»СЊ РїСЂРѕСЃС‚Рѕ РЅР°РґРѕ РѕСЃС‚Р°РЅРѕРІРёС‚СЃСЏ РЅР° РґРµРЅСЊ РґСЂСѓРіРѕР№ РІ РґРµСЂРµРІРЅРµ, Р° СЂРѕРґСЃС‚РІРµРЅРЅРёРєРѕРІ
РЅРµС‚, С‚Р°Рє РјРѕР¶РЅРѕ Рё РїРµСЂРµРЅРѕС‡РµРІР°С‚СЊ РІ РіРѕСЂРЅРёС†Р°С… РЅР°РІРµСЂС…Сѓ.
[0;36m[ Exits: w u ][0;37m
[1;33m[1;31mРЎРµРґРѕРІР»Р°СЃС‹Р№ СЃРєР°Р·РёС‚РµР»СЊ РіРѕС‚РѕРІ РїРѕРґРµР»РёС‚СЊСЃСЏ СЃ Р’Р°РјРё РёРЅС‚РµСЂРµСЃРЅРѕР№ РёСЃС‚РѕСЂРёРµР№.
РўСЂР°РєС‚РёСЂС‰РёРє РѕС‚РґС‹С…Р°РµС‚ Р·Р° СЃС‚РѕР№РєРѕР№.
[0;0m
[0;32m196H[0;37m [0;32m107M[0;37m 29970Рѕ Р—Р°СѓС‡:0 Р’С‹С…:Р—^> ящР’С‹ РїРѕРїР»РµР»РёСЃСЊ РЅР° Р·Р°РїР°Рґ.
[1;36mРџРµСЂРµРґ РїРѕСЃС‚РѕСЏР»С‹Рј РґРІРѕСЂРѕРј [5005][0;37m
   Р§СѓС‚СЊ РЅРµ СЃРїРѕС‚РєРЅСѓРІС€РёСЃСЊ Рѕ РґРѕСЃРєСѓ, Р»РµР¶Р°С‰СѓСЋ СЃСЂР°Р·Сѓ Сѓ РїРѕСЂРѕРіР° РїРѕСЃС‚РѕСЏР»РѕРіРѕ РґРІРѕСЂР°,
РІС‹ РѕРєР°Р·Р°Р»РёСЃСЊ РЅР° С†РµРЅС‚СЂР°Р»СЊРЅРѕР№ СѓР»РёС†Рµ РґРµСЂРµРІРЅРё. РРјРµРЅРЅРѕ РЅР° СЌС‚РѕР№ СѓР»РёС†Рµ РјРѕР¶РЅРѕ 
Р±С‹СЃС‚СЂРѕ РЅР°Р№С‚Рё Р»Р°РІРєСѓ СЂРµРјРµСЃР»РµРЅРЅРёРєР°, РґРѕРј Р·РЅР°С…Р°СЂСЏ, РєРѕРЅСЋС€РЅСЋ Рё РґРѕРј СЃС‚Р°СЂРµР№С€РёРЅС‹.
Р’ СЋР¶РЅРѕР№ С‡Р°СЃС‚Рё РґРµСЂРµРІРЅРё РїРѕСЃРµР»РёР»РёСЃСЊ РІРѕСЂРѕР¶РµРё.
[0;36m[ Exits: n e s w ][0;37m
[1;33m[1;31mРџРѕР¶РёР»РѕР№ С€РёСЂРѕРєРѕРїР»РµС‡РёР№ РєСЂРµСЃС‚СЊСЏРЅРёРЅ РІ РґРѕР±СЂРѕС‚РЅРѕР№ РѕРґРµР¶РґРµ РїСЂРѕС…Р°Р¶РёРІР°РµС‚СЃСЏ С‚СѓС‚.
[0;0m
[0;32m196H[0;37m [0;32m106M[0;37m 29970Рѕ Р—Р°СѓС‡:0 Р’С‹С…:РЎР’Р®Р—> ящР’С‹ РїРѕРїР»РµР»РёСЃСЊ РЅР° СЋРі.
[1;36mР¦РµРЅС‚СЂ РґРµСЂРµРІРЅРё [5004][0;37m
   Р¦РµРЅС‚СЂР°Р»СЊРЅР°СЏ С‡Р°СЃС‚СЊ РґРµСЂРµРІРЅРё Р·Р°РїРѕР»РЅРµРЅР° РЅСѓР¶РЅС‹РјРё РІСЃРµРј РјР°СЃС‚РµСЂСЃРєРёРјРё Рё Р»Р°РІРєР°РјРё.
РЈРґР°С‡РЅРѕРµ РјРµСЃС‚Рѕ РґРµСЂРµРІРЅРё РІ РЅРµР·Р°РїР°РјСЏС‚РЅС‹Рµ РІСЂРµРјРµРЅР° РїСЂРёРІР»РµРєР»Рѕ СЃСЋРґР° С‚РѕСЂРіРѕРІС†РµРІ Рё
РјР°СЃС‚РµСЂРѕРІС‹С…, Рё СЃ С‚РµС… РїРѕСЂ РїРѕРІРµР»РѕСЃСЊ, С‡С‚Рѕ РІ СЌС‚РѕР№ С‡Р°СЃС‚Рё РґРµСЂРµРІРЅРё СЃС‚РѕСЏС‚ Р±РѕР»СЊС€РёРµ Рё
Р±РѕРіР°С‚С‹Рµ РґРѕРјР°. РЎРѕ РІСЃРµР№ РѕРєСЂСѓРіРё Рё РґР°Р¶Рµ РёР· РґР°Р»РµРєРѕР№ РіР»СѓС€Рё РїСЂРёС…РѕРґСЏС‚ Р»СЋРґРё СЃСЋРґР°
Р·Р° С‚РѕРІР°СЂРѕРј РєСѓРїРёС‚СЊ С‡С‚Рѕ, РїСЂРѕРґР°С‚СЊ С‡С‚Рѕ, Р·Р°РєР°Р·Р°С‚СЊ С‡С‚Рѕ.
[0;36m[ Exits: n s w ][0;37m
[1;33m[1;31mРџРѕР¶РёР»РѕР№ С€РёСЂРѕРєРѕРїР»РµС‡РёР№ РєСЂРµСЃС‚СЊСЏРЅРёРЅ РІ РґРѕР±СЂРѕС‚РЅРѕР№ РѕРґРµР¶РґРµ РїСЂРѕС…Р°Р¶РёРІР°РµС‚СЃСЏ С‚СѓС‚.
Р‘Р°Р·Р°СЂРЅС‹Р№ Р·Р°Р·С‹РІР°Р»Р° СЃС‚РѕРёС‚ Р·РґРµСЃСЊ, Р·С‹С‡РЅС‹Рј РіРѕР»РѕСЃРѕРј СЂР°СЃС…РІР°Р»РёРІР°СЏ РІС‹СЃС‚Р°РІР»РµРЅРЅС‹Р№ С‚РѕРІР°СЂ.
[0;0m
[0;32m196H[0;37m [0;32m106M[0;37m 29970Рѕ Р—Р°СѓС‡:0 Р’С‹С…:РЎР®Р—> ящР’С‹ РїРѕРїР»РµР»РёСЃСЊ РЅР° СЋРі.
[1;36mРџРµСЂРµРґ РєРѕРЅСЋС€РЅРµР№ [5003][0;37m
   Р¦РµРЅС‚СЂР°Р»СЊРЅР°СЏ С‡Р°СЃС‚СЊ РґРµСЂРµРІРЅРё Р·Р°РїРѕР»РЅРµРЅР° РЅСѓР¶РЅС‹РјРё РІСЃРµРј РјР°СЃС‚РµСЂСЃРєРёРјРё Рё Р»Р°РІРєР°РјРё.
РЈРґР°С‡РЅРѕРµ РјРµСЃС‚Рѕ РґРµСЂРµРІРЅРё РІ РЅРµР·Р°РїР°РјСЏС‚РЅС‹Рµ РІСЂРµРјРµРЅР° РїСЂРёРІР»РµРєР»Рѕ СЃСЋРґР° С‚РѕСЂРіРѕРІС†РµРІ Рё
РјР°СЃС‚РµСЂРѕРІС‹С…, Рё СЃ С‚РµС… РїРѕСЂ РїРѕРІРµР»РѕСЃСЊ, С‡С‚Рѕ РІ СЌС‚РѕР№ С‡Р°СЃС‚Рё РґРµСЂРµРІРЅРё СЃС‚РѕСЏС‚ Р±РѕР»СЊС€РёРµ Рё
Р±РѕРіР°С‚С‹Рµ РґРѕРјР°. РЎРѕ РІСЃРµР№ РѕРєСЂСѓРіРё Рё РґР°Р¶Рµ РёР· РґР°Р»РµРєРѕР№ РіР»СѓС€Рё РїСЂРёС…РѕРґСЏС‚ Р»СЋРґРё СЃСЋРґР°
Р·Р° С‚РѕРІР°СЂРѕРј РєСѓРїРёС‚СЊ С‡С‚Рѕ, РїСЂРѕРґР°С‚СЊ С‡С‚Рѕ, Р·Р°РєР°Р·Р°С‚СЊ С‡С‚Рѕ.
[0;36m[ Exits: n e s w ][0;37m
[1;33m[1;31mРњРµСЃС‚РЅС‹Р№ Р¶РёС‚РµР»СЊ РёРґРµС‚ Р·РґРµСЃСЊ.
[0;0m
[0;32m196H[0;37m [0;32m106M[0;37m 29970Рѕ Р—Р°СѓС‡:0 Р’С‹С…:РЎР’Р®Р—> ящР’С‹ РїРѕРїР»РµР»РёСЃСЊ РЅР° СЋРі.
[1;36mР¦РµРЅС‚СЂ РґРµСЂРµРІРЅРё [5009][0;37m
   Р¦РµРЅС‚СЂР°Р»СЊРЅР°СЏ С‡Р°СЃС‚СЊ РґРµСЂРµРІРЅРё Р·Р°РїРѕР»РЅРµРЅР° РЅСѓР¶РЅС‹РјРё РІСЃРµРј РјР°СЃС‚РµСЂСЃРєРёРјРё Рё Р»Р°РІРєР°РјРё.
РЈРґР°С‡РЅРѕРµ РјРµСЃС‚Рѕ РґРµСЂРµРІРЅРё РІ РЅРµР·Р°РїР°РјСЏС‚РЅС‹Рµ РІСЂРµРјРµРЅР° РїСЂРёРІР»РµРєР»Рѕ СЃСЋРґР° С‚РѕСЂРіРѕРІС†РµРІ Рё
РјР°СЃС‚РµСЂРѕРІС‹С…, Рё СЃ С‚РµС… РїРѕСЂ РїРѕРІРµР»РѕСЃСЊ, С‡С‚Рѕ РІ СЌС‚РѕР№ С‡Р°СЃС‚Рё РґРµСЂРµРІРЅРё СЃС‚РѕСЏС‚ Р±РѕР»СЊС€РёРµ Рё
Р±РѕРіР°С‚С‹Рµ РґРѕРјР°. РЎРѕ РІСЃРµР№ РѕРєСЂСѓРіРё Рё РґР°Р¶Рµ РёР· РґР°Р»РµРєРѕР№ РіР»СѓС€Рё РїСЂРёС…РѕРґСЏС‚ Р»СЋРґРё СЃСЋРґР°
Р·Р° С‚РѕРІР°СЂРѕРј РєСѓРїРёС‚СЊ С‡С‚Рѕ, РїСЂРѕРґР°С‚СЊ С‡С‚Рѕ, Р·Р°РєР°Р·Р°С‚СЊ С‡С‚Рѕ.
[0;36m[ Exits: n e s w ][0;37m
[1;33m[1;31m[0;0m
[0;32m196H[0;37m [0;32m107M[0;37m 29970Рѕ Р—Р°СѓС‡:0 Р’С‹С…:РЎР’Р®Р—> ящР’С‹ РїРѕРїР»РµР»РёСЃСЊ РЅР° РІРѕСЃС‚РѕРє.
[1;36mР”РІРѕСЂ СЃС‚Р°СЂРµР№С€РёРЅС‹ [5030][0;37m
   Р­С‚Рѕ СЃР°РјС‹Р№ Р±РѕР»СЊС€РѕР№ РґРІРѕСЂ РІ РґРµСЂРµРІРЅРё. Р—РґРµСЃСЊ РїСЂРѕРёСЃС…РѕРґСЏС‚ СЃС…РѕРґС‹ Р¶РёС‚РµР»РµР№ РґР»СЏ 
СЂРµС€РµРЅРёСЏ РѕР±С‰РёС… РїСЂРѕР±Р»РµРј. РљР°Р¶РґС‹Р№ РјРѕР¶РµС‚ РІС‹СЃРєР°Р·Р°С‚СЊСЃСЏ РЅР° СЌС‚РѕРј СЃРѕР±СЂР°РЅРёРё РЅРµР·Р°РІРёСЃРёРјРѕ
РѕС‚ СЃРІРѕРµРіРѕ СЃС‚Р°С‚СѓСЃР°. РРјРµРЅРЅРѕ Р·РґРµСЃСЊ СЂРµС€Р°СЋС‚СЃСЏ СЃСЃРѕСЂС‹, РЅР°РєР°Р·С‹РІР°СЋС‚СЃСЏ СЃРѕРІРµСЂС€РёРІС€РёРµ
РїР»РѕС…РёРµ РїСЂРѕСЃС‚СѓРїРєРё.
[0;36m[ Exits: e w ][0;37m
[1;33m[1;31mР•С„РёРјРёР№, Р±СЂР°С‚ РґРµСЂРµРІРµРЅСЃРєРѕРіРѕ СЃС‚Р°СЂРѕСЃС‚С‹, СЃС‚РѕРёС‚ Р·РґРµСЃСЊ.
[0;0m
[0;32m196H[0;37m [0;32m107M[0;37m 29970Рѕ Р—Р°СѓС‡:0 Р’С‹С…:Р’Р—> ящР’С‹ РїРѕРїР»РµР»РёСЃСЊ РЅР° РІРѕСЃС‚РѕРє.
[1;36mР’ РґРѕРјРµ СЃС‚Р°СЂРµР№С€РёРЅС‹ [5031][0;37m
   РЎРѕСЃС‚РѕСЏС‰РёР№ РёР· РґРІСѓС… РїСЏС‚РёСЃС‚РµРЅРєРѕРІ РґРѕРј РїРѕСЂР°Р¶Р°РµС‚ СЃРІРѕРёРјРё СЂР°Р·РјРµСЂР°РјРё. Р—РґРµСЃСЊ РјРѕРіР»Рё
Р±С‹ СЂР°Р·РјРµСЃС‚РёС‚СЊСЃСЏ С‡РµС‚С‹СЂРµ РёР»Рё РїСЏС‚СЊ РѕР±С‹С‡РЅС‹С… РґРѕРјРѕРј. Р”РІРµ РїРµС‡Рё, РЅРµСЃРєРѕР»СЊРєРѕ РєРѕРјРЅР°С‚,
РІ СЃР°РјРѕР№ Р±РѕР»СЊС€РѕР№ РёР· РєРѕС‚РѕСЂС‹С… РІС‹ СЃРµР№С‡Р°СЃ Рё РЅР°С…РѕРґРёС‚РµСЃСЊ. Р—РґРµСЃСЊ РѕРґРЅРѕРІСЂРµРјРµРЅРЅРѕ РјРѕР¶РµС‚
РЅР°С…РѕРґРёС‚СЃСЏ РЅРµ РѕРґРёРЅ РґРµСЃСЏС‚РѕРє С‡РµР»РѕРІРµРє.
[0;36m[ Exits: s w ][0;37m
[1;33mР›СѓР¶РёС†Р° РґРѕР¶РґРµРІРѕР№ РІРѕРґС‹ СЂР°Р·Р»РёС‚Р° Сѓ РІР°С€РёС… РЅРѕРі.
[1;31mРЎРµРґРѕР№ РєСЂРµРїРєРёР№ РјСѓР¶С‡РёРЅР° СЃС‚РѕРёС‚ Р·РґРµСЃСЊ.
...СЃРІРµС‚РёС‚СЃСЏ СЏСЂРєРёРј СЃРёСЏРЅРёРµРј 
[0;0m
[0;32m196H[0;37m [0;32m107M[0;37m 29970Рѕ Р—Р°СѓС‡:0 Р’С‹С…:Р®Р—> ящР’С‹ РїРѕРїР»РµР»РёСЃСЊ РЅР° СЋРі.
[1;36mР’ СЃРІРµС‚Р»РѕР№ РєРѕРјРЅР°С‚Рµ [5032][0;37m
   РўРёС…Р°СЏ СЃРІРµС‚Р»Р°СЏ РєРѕРјРЅР°С‚Р° Р·РЅР°С‡РёС‚РµР»СЊРЅРѕ РјРµРЅСЊС€Рµ РїСЂРµРґС‹РґСѓС‰РµР№, РЅРѕ Рё СЃСЋРґР° РїРѕСЃС‚РѕСЏРЅРЅРѕ
Р·Р°С…РѕРґСЏС‚ Р»СЋРґРё. Р—РґРµСЃСЊ РІ СЃР»СѓС‡Р°Рµ РЅРµРѕР±С…РѕРґРёРјРѕСЃС‚Рё РјРѕР¶РЅРѕ РѕСЃС‚Р°РІРёС‚СЊ РЅР° С…СЂР°РЅРµРЅРёРµ СЃРІРѕРё
РґРµРЅСЊРіРё.
[0;36m[ Exits: n ][0;37m
[1;33mР’Р°С€ РїРѕС…РѕРґРЅС‹Р№ СЃСѓРЅРґСѓС‡РѕРє СЃС‚РѕРёС‚ Р·РґРµСЃСЊ.
[1;31mР”РѕС‡РєР° СЃС‚Р°СЂРµР№С€РёРЅС‹ СЃС‚РѕРёС‚ Р·РґРµСЃСЊ.
Р”РѕСЂРѕРґРЅР°СЏ Р¶РµРЅС‰РёРЅР° СЃС‚РѕРёС‚ Р·РґРµСЃСЊ.
[0;0m
[0;32m196H[0;37m [0;32m107M[0;37m 29970Рѕ Р—Р°СѓС‡:0 Р’С‹С…:РЎ> ящР’С‹ СЃРЅСЏР»Рё 110 РєСѓРЅ.

[0;32m196H[0;37m [0;32m108M[0;37m 29970Рѕ Р—Р°СѓС‡:0 Р’С‹С…:РЎ> ящР’С‹ РїРѕРїР»РµР»РёСЃСЊ РЅР° СЃРµРІРµСЂ.
[1;36mР’ РґРѕРјРµ СЃС‚Р°СЂРµР№С€РёРЅС‹ [5031][0;37m
   РЎРѕСЃС‚РѕСЏС‰РёР№ РёР· РґРІСѓС… РїСЏС‚РёСЃС‚РµРЅРєРѕРІ РґРѕРј РїРѕСЂР°Р¶Р°РµС‚ СЃРІРѕРёРјРё СЂР°Р·РјРµСЂР°РјРё. Р—РґРµСЃСЊ РјРѕРіР»Рё
Р±С‹ СЂР°Р·РјРµСЃС‚РёС‚СЊСЃСЏ С‡РµС‚С‹СЂРµ РёР»Рё РїСЏС‚СЊ РѕР±С‹С‡РЅС‹С… РґРѕРјРѕРј. Р”РІРµ РїРµС‡Рё, РЅРµСЃРєРѕР»СЊРєРѕ РєРѕРјРЅР°С‚,
РІ СЃР°РјРѕР№ Р±РѕР»СЊС€РѕР№ РёР· РєРѕС‚РѕСЂС‹С… РІС‹ СЃРµР№С‡Р°СЃ Рё РЅР°С…РѕРґРёС‚РµСЃСЊ. Р—РґРµСЃСЊ РѕРґРЅРѕРІСЂРµРјРµРЅРЅРѕ РјРѕР¶РµС‚
РЅР°С…РѕРґРёС‚СЃСЏ РЅРµ РѕРґРёРЅ РґРµСЃСЏС‚РѕРє С‡РµР»РѕРІРµРє.
[0;36m[ Exits: s w ][0;37m
[1;33mР›СѓР¶РёС†Р° РґРѕР¶РґРµРІРѕР№ РІРѕРґС‹ СЂР°Р·Р»РёС‚Р° Сѓ РІР°С€РёС… РЅРѕРі.
[1;31mРЎРµРґРѕР№ РєСЂРµРїРєРёР№ РјСѓР¶С‡РёРЅР° СЃС‚РѕРёС‚ Р·РґРµСЃСЊ.
...СЃРІРµС‚РёС‚СЃСЏ СЏСЂРєРёРј СЃРёСЏРЅРёРµРј 
[0;0m
[0;32m196H[0;37m [0;32m107M[0;37m 29970Рѕ Р—Р°СѓС‡:0 Р’С‹С…:Р®Р—> ящР’С‹ РїРѕРїР»РµР»РёСЃСЊ РЅР° СЋРі.
[1;36mР’ СЃРІРµС‚Р»РѕР№ РєРѕРјРЅР°С‚Рµ [5032][0;37m
   РўРёС…Р°СЏ СЃРІРµС‚Р»Р°СЏ РєРѕРјРЅР°С‚Р° Р·РЅР°С‡РёС‚РµР»СЊРЅРѕ РјРµРЅСЊС€Рµ РїСЂРµРґС‹РґСѓС‰РµР№, РЅРѕ Рё СЃСЋРґР° РїРѕСЃС‚РѕСЏРЅРЅРѕ
Р·Р°С…РѕРґСЏС‚ Р»СЋРґРё. Р—РґРµСЃСЊ РІ СЃР»СѓС‡Р°Рµ РЅРµРѕР±С…РѕРґРёРјРѕСЃС‚Рё РјРѕР¶РЅРѕ РѕСЃС‚Р°РІРёС‚СЊ РЅР° С…СЂР°РЅРµРЅРёРµ СЃРІРѕРё
РґРµРЅСЊРіРё.
[0;36m[ Exits: n ][0;37m
[1;33mР’Р°С€ РїРѕС…РѕРґРЅС‹Р№ СЃСѓРЅРґСѓС‡РѕРє СЃС‚РѕРёС‚ Р·РґРµСЃСЊ.
[1;31mР”РѕС‡РєР° СЃС‚Р°СЂРµР№С€РёРЅС‹ СЃС‚РѕРёС‚ Р·РґРµСЃСЊ.
Р”РѕСЂРѕРґРЅР°СЏ Р¶РµРЅС‰РёРЅР° СЃС‚РѕРёС‚ Р·РґРµСЃСЊ.
[0;0m
[0;32m196H[0;37m [0;32m106M[0;37m 29970Рѕ Р—Р°СѓС‡:0 Р’С‹С…:РЎ> ящР”РѕС‡РєР° СЃРєР°Р·Р°Р»Р° Р’Р°Рј:
- Р­С… С‚С‹ РіРѕСЂРµРјС‹С‡РЅС‹Р№, РіРѕР»РѕРґРЅС‹Р№ РЅР°РІРµСЂРЅРѕРµ, Р“РµРЅРѕРґ.
- Р§С‚Рѕ РјС‹ РЅРµС…СЂРёСЃС‚Рё С‡С‚РѕР±С‹ РЅРµ РЅР°РєРѕСЂРјРёС‚СЊ.
- РЎРµР№С‡Р°СЃ, РїРѕРґРѕР¶РґРё...
Р’С‹ РїРѕР»РЅРѕСЃС‚СЊСЋ РЅР°СЃС‹С‚РёР»РёСЃСЊ.
Р’С‹ РІР»РѕР¶РёР»Рё 110 РєСѓРЅ.

[0;32m196H[0;37m [0;32m106M[0;37m 29970Рѕ Р—Р°СѓС‡:0 Р’С‹С…:РЎ> ящР’С‹ РїРѕРїР»РµР»РёСЃСЊ РЅР° СЃРµРІРµСЂ.
[1;36mР’ РґРѕРјРµ СЃС‚Р°СЂРµР№С€РёРЅС‹ [5031][0;37m
   РЎРѕСЃС‚РѕСЏС‰РёР№ РёР· РґРІСѓС… РїСЏС‚РёСЃС‚РµРЅРєРѕРІ РґРѕРј РїРѕСЂР°Р¶Р°РµС‚ СЃРІРѕРёРјРё СЂР°Р·РјРµСЂР°РјРё. Р—РґРµСЃСЊ РјРѕРіР»Рё
Р±С‹ СЂР°Р·РјРµСЃС‚РёС‚СЊСЃСЏ С‡РµС‚С‹СЂРµ РёР»Рё РїСЏС‚СЊ РѕР±С‹С‡РЅС‹С… РґРѕРјРѕРј. Р”РІРµ РїРµС‡Рё, РЅРµСЃРєРѕР»СЊРєРѕ РєРѕРјРЅР°С‚,
РІ СЃР°РјРѕР№ Р±РѕР»СЊС€РѕР№ РёР· РєРѕС‚РѕСЂС‹С… РІС‹ СЃРµР№С‡Р°СЃ Рё РЅР°С…РѕРґРёС‚РµСЃСЊ. Р—РґРµСЃСЊ РѕРґРЅРѕРІСЂРµРјРµРЅРЅРѕ РјРѕР¶РµС‚
РЅР°С…РѕРґРёС‚СЃСЏ РЅРµ РѕРґРёРЅ РґРµСЃСЏС‚РѕРє С‡РµР»РѕРІРµРє.
[0;36m[ Exits: s w ][0;37m
[1;33mР›СѓР¶РёС†Р° РґРѕР¶РґРµРІРѕР№ РІРѕРґС‹ СЂР°Р·Р»РёС‚Р° Сѓ РІР°С€РёС… РЅРѕРі.
[1;31mРЎРµРґРѕР№ РєСЂРµРїРєРёР№ РјСѓР¶С‡РёРЅР° СЃС‚РѕРёС‚ Р·РґРµСЃСЊ.
...СЃРІРµС‚РёС‚СЃСЏ СЏСЂРєРёРј СЃРёСЏРЅРёРµРј 
[0;0m
[0;32m196H[0;37m [0;32m107M[0;37m 29970Рѕ Р—Р°СѓС‡:0 Р’С‹С…:Р®Р—> ящР’С‹ РїРѕРїР»РµР»РёСЃСЊ РЅР° Р·Р°РїР°Рґ.
[1;36mР”РІРѕСЂ СЃС‚Р°СЂРµР№С€РёРЅС‹ [5030][0;37m
   Р­С‚Рѕ СЃР°РјС‹Р№ Р±РѕР»СЊС€РѕР№ РґРІРѕСЂ РІ РґРµСЂРµРІРЅРё. Р—РґРµСЃСЊ РїСЂРѕРёСЃС…РѕРґСЏС‚ СЃС…РѕРґС‹ Р¶РёС‚РµР»РµР№ РґР»СЏ 
СЂРµС€РµРЅРёСЏ РѕР±С‰РёС… РїСЂРѕР±Р»РµРј. РљР°Р¶РґС‹Р№ РјРѕР¶РµС‚ РІС‹СЃРєР°Р·Р°С‚СЊСЃСЏ РЅР° СЌС‚РѕРј СЃРѕР±СЂР°РЅРёРё РЅРµР·Р°РІРёСЃРёРјРѕ
РѕС‚ СЃРІРѕРµРіРѕ СЃС‚Р°С‚СѓСЃР°. РРјРµРЅРЅРѕ Р·РґРµСЃСЊ СЂРµС€Р°СЋС‚СЃСЏ СЃСЃРѕСЂС‹, РЅР°РєР°Р·С‹РІР°СЋС‚СЃСЏ СЃРѕРІРµСЂС€РёРІС€РёРµ
РїР»РѕС…РёРµ РїСЂРѕСЃС‚СѓРїРєРё.
[0;36m[ Exits: e w ][0;37m
[1;33m[1;31mР•С„РёРјРёР№, Р±СЂР°С‚ РґРµСЂРµРІРµРЅСЃРєРѕРіРѕ СЃС‚Р°СЂРѕСЃС‚С‹, СЃС‚РѕРёС‚ Р·РґРµСЃСЊ.
[0;0m
[0;32m196H[0;37m [0;32m107M[0;37m 29970Рѕ Р—Р°СѓС‡:0 Р’С‹С…:Р’Р—> ящР’С‹ РїРѕРїР»РµР»РёСЃСЊ РЅР° Р·Р°РїР°Рґ.
[1;36mР¦РµРЅС‚СЂ РґРµСЂРµРІРЅРё [5009][0;37m
   Р¦РµРЅС‚СЂР°Р»СЊРЅР°СЏ С‡Р°СЃС‚СЊ РґРµСЂРµРІРЅРё Р·Р°РїРѕР»РЅРµРЅР° РЅСѓР¶РЅС‹РјРё РІСЃРµРј РјР°СЃС‚РµСЂСЃРєРёРјРё Рё Р»Р°РІРєР°РјРё.
РЈРґР°С‡РЅРѕРµ РјРµСЃС‚Рѕ РґРµСЂРµРІРЅРё РІ РЅРµР·Р°РїР°РјСЏС‚РЅС‹Рµ РІСЂРµРјРµРЅР° РїСЂРёРІР»РµРєР»Рѕ СЃСЋРґР° С‚РѕСЂРіРѕРІС†РµРІ Рё
РјР°СЃС‚РµСЂРѕРІС‹С…, Рё СЃ С‚РµС… РїРѕСЂ РїРѕРІРµР»РѕСЃСЊ, С‡С‚Рѕ РІ СЌС‚РѕР№ С‡Р°СЃС‚Рё РґРµСЂРµРІРЅРё СЃС‚РѕСЏС‚ Р±РѕР»СЊС€РёРµ Рё
Р±РѕРіР°С‚С‹Рµ РґРѕРјР°. РЎРѕ РІСЃРµР№ РѕРєСЂСѓРіРё Рё РґР°Р¶Рµ РёР· РґР°Р»РµРєРѕР№ РіР»СѓС€Рё РїСЂРёС…РѕРґСЏС‚ Р»СЋРґРё СЃСЋРґР°
Р·Р° С‚РѕРІР°СЂРѕРј РєСѓРїРёС‚СЊ С‡С‚Рѕ, РїСЂРѕРґР°С‚СЊ С‡С‚Рѕ, Р·Р°РєР°Р·Р°С‚СЊ С‡С‚Рѕ.
[0;36m[ Exits: n e s w ][0;37m
[1;33m[1;31m[0;0m
[0;32m196H[0;37m [0;32m107M[0;37m 29970Рѕ Р—Р°СѓС‡:0 Р’С‹С…:РЎР’Р®Р—> ящР’С‹ РїРѕРїР»РµР»РёСЃСЊ РЅР° СЃРµРІРµСЂ.
[1;36mРџРµСЂРµРґ РєРѕРЅСЋС€РЅРµР№ [5003][0;37m
   Р¦РµРЅС‚СЂР°Р»СЊРЅР°СЏ С‡Р°СЃС‚СЊ РґРµСЂРµРІРЅРё Р·Р°РїРѕР»РЅРµРЅР° РЅСѓР¶РЅС‹РјРё РІСЃРµРј РјР°СЃС‚РµСЂСЃРєРёРјРё Рё Р»Р°РІРєР°РјРё.
РЈРґР°С‡РЅРѕРµ РјРµСЃС‚Рѕ РґРµСЂРµРІРЅРё РІ РЅРµР·Р°РїР°РјСЏС‚РЅС‹Рµ РІСЂРµРјРµРЅР° РїСЂРёРІР»РµРєР»Рѕ СЃСЋРґР° С‚РѕСЂРіРѕРІС†РµРІ Рё
РјР°СЃС‚РµСЂРѕРІС‹С…, Рё СЃ С‚РµС… РїРѕСЂ РїРѕРІРµР»РѕСЃСЊ, С‡С‚Рѕ РІ СЌС‚РѕР№ С‡Р°СЃС‚Рё РґРµСЂРµРІРЅРё СЃС‚РѕСЏС‚ Р±РѕР»СЊС€РёРµ Рё
Р±РѕРіР°С‚С‹Рµ РґРѕРјР°. РЎРѕ РІСЃРµР№ РѕРєСЂСѓРіРё Рё РґР°Р¶Рµ РёР· РґР°Р»РµРєРѕР№ РіР»СѓС€Рё РїСЂРёС…РѕРґСЏС‚ Р»СЋРґРё СЃСЋРґР°
Р·Р° С‚РѕРІР°СЂРѕРј РєСѓРїРёС‚СЊ С‡С‚Рѕ, РїСЂРѕРґР°С‚СЊ С‡С‚Рѕ, Р·Р°РєР°Р·Р°С‚СЊ С‡С‚Рѕ.
[0;36m[ Exits: n e s w ][0;37m
[1;33m[1;31mРњРµСЃС‚РЅС‹Р№ Р¶РёС‚РµР»СЊ РёРґРµС‚ Р·РґРµСЃСЊ.
[0;0m
[0;32m196H[0;37m [0;32m107M[0;37m 29970Рѕ Р—Р°СѓС‡:0 Р’С‹С…:РЎР’Р®Р—> ящР’С‹ РїРѕРїР»РµР»РёСЃСЊ РЅР° СЃРµРІРµСЂ.
[1;36mР¦РµРЅС‚СЂ РґРµСЂРµРІРЅРё [5004][0;37m
   Р¦РµРЅС‚СЂР°Р»СЊРЅР°СЏ С‡Р°СЃС‚СЊ РґРµСЂРµРІРЅРё Р·Р°РїРѕР»РЅРµРЅР° РЅСѓР¶РЅС‹РјРё РІСЃРµРј РјР°СЃС‚РµСЂСЃРєРёРјРё Рё Р»Р°РІРєР°РјРё.
РЈРґР°С‡РЅРѕРµ РјРµСЃС‚Рѕ РґРµСЂРµРІРЅРё РІ РЅРµР·Р°РїР°РјСЏС‚РЅС‹Рµ РІСЂРµРјРµРЅР° РїСЂРёРІР»РµРєР»Рѕ СЃСЋРґР° С‚РѕСЂРіРѕРІС†РµРІ Рё
РјР°СЃС‚РµСЂРѕРІС‹С…, Рё СЃ С‚РµС… РїРѕСЂ РїРѕРІРµР»РѕСЃСЊ, С‡С‚Рѕ РІ СЌС‚РѕР№ С‡Р°СЃС‚Рё РґРµСЂРµРІРЅРё СЃС‚РѕСЏС‚ Р±РѕР»СЊС€РёРµ Рё
Р±РѕРіР°С‚С‹Рµ РґРѕРјР°. РЎРѕ РІСЃРµР№ РѕРєСЂСѓРіРё Рё РґР°Р¶Рµ РёР· РґР°Р»РµРєРѕР№ РіР»СѓС€Рё РїСЂРёС…РѕРґСЏС‚ Р»СЋРґРё СЃСЋРґР°
Р·Р° С‚РѕРІР°СЂРѕРј РєСѓРїРёС‚СЊ С‡С‚Рѕ, РїСЂРѕРґР°С‚СЊ С‡С‚Рѕ, Р·Р°РєР°Р·Р°С‚СЊ С‡С‚Рѕ.
[0;36m[ Exits: n s w ][0;37m
[1;33m[1;31mРџРѕР¶РёР»РѕР№ С€РёСЂРѕРєРѕРїР»РµС‡РёР№ РєСЂРµСЃС‚СЊСЏРЅРёРЅ РІ РґРѕР±СЂРѕС‚РЅРѕР№ РѕРґРµР¶РґРµ РїСЂРѕС…Р°Р¶РёРІР°РµС‚СЃСЏ С‚СѓС‚.
РџРѕР¶РёР»РѕР№ С€РёСЂРѕРєРѕРїР»РµС‡РёР№ РєСЂРµСЃС‚СЊСЏРЅРёРЅ РІ РґРѕР±СЂРѕС‚РЅРѕР№ РѕРґРµР¶РґРµ РїСЂРѕС…Р°Р¶РёРІР°РµС‚СЃСЏ С‚СѓС‚.
Р‘Р°Р·Р°СЂРЅС‹Р№ Р·Р°Р·С‹РІР°Р»Р° СЃС‚РѕРёС‚ Р·РґРµСЃСЊ, Р·С‹С‡РЅС‹Рј РіРѕР»РѕСЃРѕРј СЂР°СЃС…РІР°Р»РёРІР°СЏ РІС‹СЃС‚Р°РІР»РµРЅРЅС‹Р№ С‚РѕРІР°СЂ.
[0;0m
[0;32m196H[0;37m [0;32m106M[0;37m 29970Рѕ Р—Р°СѓС‡:0 Р’С‹С…:РЎР®Р—> ящР’С‹ РїРѕРїР»РµР»РёСЃСЊ РЅР° СЋРі.
[1;36mРџРµСЂРµРґ РєРѕРЅСЋС€РЅРµР№ [5003][0;37m
   Р¦РµРЅС‚СЂР°Р»СЊРЅР°СЏ С‡Р°СЃС‚СЊ РґРµСЂРµРІРЅРё Р·Р°РїРѕР»РЅРµРЅР° РЅСѓР¶РЅС‹РјРё РІСЃРµРј РјР°СЃС‚РµСЂСЃРєРёРјРё Рё Р»Р°РІРєР°РјРё.
РЈРґР°С‡РЅРѕРµ РјРµСЃС‚Рѕ РґРµСЂРµРІРЅРё РІ РЅРµР·Р°РїР°РјСЏС‚РЅС‹Рµ РІСЂРµРјРµРЅР° РїСЂРёРІР»РµРєР»Рѕ СЃСЋРґР° С‚РѕСЂРіРѕРІС†РµРІ Рё
РјР°СЃС‚РµСЂРѕРІС‹С…, Рё СЃ С‚РµС… РїРѕСЂ РїРѕРІРµР»РѕСЃСЊ, С‡С‚Рѕ РІ СЌС‚РѕР№ С‡Р°СЃС‚Рё РґРµСЂРµРІРЅРё СЃС‚РѕСЏС‚ Р±РѕР»СЊС€РёРµ Рё
Р±РѕРіР°С‚С‹Рµ РґРѕРјР°. РЎРѕ РІСЃРµР№ РѕРєСЂСѓРіРё Рё РґР°Р¶Рµ РёР· РґР°Р»РµРєРѕР№ РіР»СѓС€Рё РїСЂРёС…РѕРґСЏС‚ Р»СЋРґРё СЃСЋРґР°
Р·Р° С‚РѕРІР°СЂРѕРј РєСѓРїРёС‚СЊ С‡С‚Рѕ, РїСЂРѕРґР°С‚СЊ С‡С‚Рѕ, Р·Р°РєР°Р·Р°С‚СЊ С‡С‚Рѕ.
[0;36m[ Exits: n e s w ][0;37m
[1;33m[1;31mРњРµСЃС‚РЅС‹Р№ Р¶РёС‚РµР»СЊ РёРґРµС‚ Р·РґРµСЃСЊ.
[0;0m
[0;32m196H[0;37m [0;32m107M[0;37m 29970Рѕ Р—Р°СѓС‡:0 Р’С‹С…:РЎР’Р®Р—> ящР’С‹ РїРѕРїР»РµР»РёСЃСЊ РЅР° Р·Р°РїР°Рґ.
[1;36mР›Р°РІРєР° [5007][0;37m
   Р§РµРіРѕ С‚РѕР»СЊРєРѕ РЅРµ СЂР°Р·Р»РѕР¶РµРЅРѕ РЅР° РїСЂРёР»Р°РІРєРµ, Р·РґРµСЃСЊ С‚РµР±Рµ Рё РјРµСЃС‚РЅС‹Рµ С‚РѕРІР°СЂС‹ Рё
Р·Р°РјРѕСЂСЃРєРёРµ С‡СѓРґР°, Рё РїСЂРѕСЃС‚Р°СЏ РѕРґРµР¶РґР° Рё Р±РѕРіР°С‚Р°СЏ. РќР°Р№РґСѓС‚СЃСЏ РґРѕСЃРїРµС…Рё РґР»СЏ РІРѕРёРЅР°
Рё СѓРєСЂР°С€РµРЅРёСЏ РґР»СЏ РјРёР»С‹С…. Р РµРјРµСЃР»РµРЅРЅРёРє РЅРµ С‚РѕР»СЊРєРѕ РїСЂРѕРґР°РµС‚ СЃРІРѕР№ С‚РѕРІР°СЂ, РЅРѕ Рё
С‡РёРЅРёС‚ РїРѕС‚СЂРµРїР°РЅРЅРѕРµ Рё РїРѕРєСѓРїР°РµС‚ РЅРµРЅСѓР¶РЅРѕРµ.
[0;36m[ Exits: e ][0;37m
[1;33m[1;31mР›Р°РІРѕС‡РЅРёРє СЃС‚РѕРёС‚ С‚СѓС‚.
[0;0m
[0;32m196H[0;37m [0;32m107M[0;37m 29970Рѕ Р—Р°СѓС‡:0 Р’С‹С…:Р’> ящР’С‹ РїРѕРїР»РµР»РёСЃСЊ РЅР° РІРѕСЃС‚РѕРє.
[1;36mРџРµСЂРµРґ РєРѕРЅСЋС€РЅРµР№ [5003][0;37m
   Р¦РµРЅС‚СЂР°Р»СЊРЅР°СЏ С‡Р°СЃС‚СЊ РґРµСЂРµРІРЅРё Р·Р°РїРѕР»РЅРµРЅР° РЅСѓР¶РЅС‹РјРё РІСЃРµРј РјР°СЃС‚РµСЂСЃРєРёРјРё Рё Р»Р°РІРєР°РјРё.
РЈРґР°С‡РЅРѕРµ РјРµСЃС‚Рѕ РґРµСЂРµРІРЅРё РІ РЅРµР·Р°РїР°РјСЏС‚РЅС‹Рµ РІСЂРµРјРµРЅР° РїСЂРёРІР»РµРєР»Рѕ СЃСЋРґР° С‚РѕСЂРіРѕРІС†РµРІ Рё
РјР°СЃС‚РµСЂРѕРІС‹С…, Рё СЃ С‚РµС… РїРѕСЂ РїРѕРІРµР»РѕСЃСЊ, С‡С‚Рѕ РІ СЌС‚РѕР№ С‡Р°СЃС‚Рё РґРµСЂРµРІРЅРё СЃС‚РѕСЏС‚ Р±РѕР»СЊС€РёРµ Рё
Р±РѕРіР°С‚С‹Рµ РґРѕРјР°. РЎРѕ РІСЃРµР№ РѕРєСЂСѓРіРё Рё РґР°Р¶Рµ РёР· РґР°Р»РµРєРѕР№ РіР»СѓС€Рё РїСЂРёС…РѕРґСЏС‚ Р»СЋРґРё СЃСЋРґР°
Р·Р° С‚РѕРІР°СЂРѕРј РєСѓРїРёС‚СЊ С‡С‚Рѕ, РїСЂРѕРґР°С‚СЊ С‡С‚Рѕ, Р·Р°РєР°Р·Р°С‚СЊ С‡С‚Рѕ.
[0;36m[ Exits: n e s w ][0;37m
[1;33m[1;31mРњРµСЃС‚РЅС‹Р№ Р¶РёС‚РµР»СЊ РёРґРµС‚ Р·РґРµСЃСЊ.
[0;0m
[0;32m196H[0;37m [0;32m107M[0;37m 29970Рѕ Р—Р°СѓС‡:0 Р’С‹С…:РЎР’Р®Р—> ящР’С‹ РїРѕРїР»РµР»РёСЃСЊ РЅР° СЋРі.
[1;36mР¦РµРЅС‚СЂ РґРµСЂРµРІРЅРё [5009][0;37m
   Р¦РµРЅС‚СЂР°Р»СЊРЅР°СЏ С‡Р°СЃС‚СЊ РґРµСЂРµРІРЅРё Р·Р°РїРѕР»РЅРµРЅР° РЅСѓР¶РЅС‹РјРё РІСЃРµРј РјР°СЃС‚РµСЂСЃРєРёРјРё Рё Р»Р°РІРєР°РјРё.
РЈРґР°С‡РЅРѕРµ РјРµСЃС‚Рѕ РґРµСЂРµРІРЅРё РІ РЅРµР·Р°РїР°РјСЏС‚РЅС‹Рµ РІСЂРµРјРµРЅР° РїСЂРёРІР»РµРєР»Рѕ СЃСЋРґР° С‚РѕСЂРіРѕРІС†РµРІ Рё
РјР°СЃС‚РµСЂРѕРІС‹С…, Рё СЃ С‚РµС… РїРѕСЂ РїРѕРІРµР»РѕСЃСЊ, С‡С‚Рѕ РІ СЌС‚РѕР№ С‡Р°СЃС‚Рё РґРµСЂРµРІРЅРё СЃС‚РѕСЏС‚ Р±РѕР»СЊС€РёРµ Рё
Р±РѕРіР°С‚С‹Рµ РґРѕРјР°. РЎРѕ РІСЃРµР№ РѕРєСЂСѓРіРё Рё РґР°Р¶Рµ РёР· РґР°Р»РµРєРѕР№ РіР»СѓС€Рё РїСЂРёС…РѕРґСЏС‚ Р»СЋРґРё СЃСЋРґР°
Р·Р° С‚РѕРІР°СЂРѕРј РєСѓРїРёС‚СЊ С‡С‚Рѕ, РїСЂРѕРґР°С‚СЊ С‡С‚Рѕ, Р·Р°РєР°Р·Р°С‚СЊ С‡С‚Рѕ.
[0;36m[ Exits: n e s w ][0;37m
[1;33m[1;31m[0;0m
[0;32m196H[0;37m [0;32m106M[0;37m 29970Рѕ Р—Р°СѓС‡:0 Р’С‹С…:РЎР’Р®Р—> ящР’С‹ РїРѕРїР»РµР»РёСЃСЊ РЅР° Р·Р°РїР°Рґ.
[1;36mРљСѓР·РЅРёС†Р° [5025][0;37m
   Р’ РєСѓР·РЅРµ РїРѕСЃС‚РѕСЏРЅРЅРѕ СЃР»С‹С€РёС‚СЃСЏ РіСЂРѕС…РѕС‚ СѓРґР°СЂРѕРІ РєРѕРІРєРё РјРµС‚Р°Р»Р»Р° Рё С€РёРїРµРЅРёРµ Р·Р°РєР°Р»СЏРµРјРѕР№ 
СЃС‚Р°Р»Рё. Р—РґРѕСЂРѕРІС‹Р№ РєСѓР·РЅРµС† С…РѕРґРёС‚ РІРѕРєСЂСѓРі С‚СЏР¶РµР»РѕР№ РЅР°РєРѕРІР°Р»СЊРЅРё. РќР° СЃС‚РµРЅР°С… СЂР°Р·РІРµС€РµРЅС‹ 
СЂР°Р±РѕС‚С‹ РєСѓР·РЅРµС†Р°, С‚СѓС‚ Рё РјРµС‡Рё Рё РїР°Р»РёС†С‹, РєРёРЅР¶Р°Р»С‹ Рё РЅРѕР¶Рё. РљРѕРІР°РЅРЅС‹Рµ РїРѕ РїСЂРѕСЃС‚РѕРјСѓ,
Р±РµР· РёР·С‹СЃРєР° РѕРЅРё РјРѕР¶РµС‚ Р±С‹С‚СЊ Рё РЅРµ СЃР°РјС‹Рµ Р»СѓС‡С€РёРµ, РЅРѕ РєСЂРµРїРєРёРµ Рё РЅР°РґРµР¶РЅС‹Рµ, РІ РґРµР»Рµ
РЅРµ РїРѕРґРІРµРґСѓС‚.
[0;36m[ Exits: e ][0;37m
[1;33m[1;31mР—РґРѕСЂРѕРІС‹Р№ РјСѓР¶РёРє-РјРѕР»РѕС‚РѕР±РѕРµС† СЃС‚РѕРёС‚ Р·РґРµСЃСЊ.
РљСѓР·РЅРµС† СЃС‚РѕРёС‚ РІРѕР·Р»Рµ РіРѕСЂРЅР°.
[0;0m
[0;32m196H[0;37m [0;32m107M[0;37m 29970Рѕ Р—Р°СѓС‡:0 Р’С‹С…:Р’> ящР’С‹ РїРѕРїР»РµР»РёСЃСЊ РЅР° РІРѕСЃС‚РѕРє.
[1;36mР¦РµРЅС‚СЂ РґРµСЂРµРІРЅРё [5009][0;37m
   Р¦РµРЅС‚СЂР°Р»СЊРЅР°СЏ С‡Р°СЃС‚СЊ РґРµСЂРµРІРЅРё Р·Р°РїРѕР»РЅРµРЅР° РЅСѓР¶РЅС‹РјРё РІСЃРµРј РјР°СЃС‚РµСЂСЃРєРёРјРё Рё Р»Р°РІРєР°РјРё.
РЈРґР°С‡РЅРѕРµ РјРµСЃС‚Рѕ РґРµСЂРµРІРЅРё РІ РЅРµР·Р°РїР°РјСЏС‚РЅС‹Рµ РІСЂРµРјРµРЅР° РїСЂРёРІР»РµРєР»Рѕ СЃСЋРґР° С‚РѕСЂРіРѕРІС†РµРІ Рё
РјР°СЃС‚РµСЂРѕРІС‹С…, Рё СЃ С‚РµС… РїРѕСЂ РїРѕРІРµР»РѕСЃСЊ, С‡С‚Рѕ РІ СЌС‚РѕР№ С‡Р°СЃС‚Рё РґРµСЂРµРІРЅРё СЃС‚РѕСЏС‚ Р±РѕР»СЊС€РёРµ Рё
Р±РѕРіР°С‚С‹Рµ РґРѕРјР°. РЎРѕ РІСЃРµР№ РѕРєСЂСѓРіРё Рё РґР°Р¶Рµ РёР· РґР°Р»РµРєРѕР№ РіР»СѓС€Рё РїСЂРёС…РѕРґСЏС‚ Р»СЋРґРё СЃСЋРґР°
Р·Р° С‚РѕРІР°СЂРѕРј РєСѓРїРёС‚СЊ С‡С‚Рѕ, РїСЂРѕРґР°С‚СЊ С‡С‚Рѕ, Р·Р°РєР°Р·Р°С‚СЊ С‡С‚Рѕ.
[0;36m[ Exits: n e s w ][0;37m
[1;33m[1;31m[0;0m
[0;32m196H[0;37m [0;32m107M[0;37m 29970Рѕ Р—Р°СѓС‡:0 Р’С‹С…:РЎР’Р®Р—> ящР’С‹ РїРѕРїР»РµР»РёСЃСЊ РЅР° СЋРі.
[1;36mР¦РµРЅС‚СЂ РґРµСЂРµРІРЅРё [5010][0;37m
   Р¦РµРЅС‚СЂР°Р»СЊРЅР°СЏ С‡Р°СЃС‚СЊ РґРµСЂРµРІРЅРё Р·Р°РїРѕР»РЅРµРЅР° РЅСѓР¶РЅС‹РјРё РІСЃРµРј РјР°СЃС‚РµСЂСЃРєРёРјРё Рё Р»Р°РІРєР°РјРё.
РЈРґР°С‡РЅРѕРµ РјРµСЃС‚Рѕ РґРµСЂРµРІРЅРё РІ РЅРµР·Р°РїР°РјСЏС‚РЅС‹Рµ РІСЂРµРјРµРЅР° РїСЂРёРІР»РµРєР»Рѕ СЃСЋРґР° С‚РѕСЂРіРѕРІС†РµРІ Рё
РјР°СЃС‚РµСЂРѕРІС‹С…, Рё СЃ С‚РµС… РїРѕСЂ РїРѕРІРµР»РѕСЃСЊ, С‡С‚Рѕ РІ СЌС‚РѕР№ С‡Р°СЃС‚Рё РґРµСЂРµРІРЅРё СЃС‚РѕСЏС‚ Р±РѕР»СЊС€РёРµ Рё
Р±РѕРіР°С‚С‹Рµ РґРѕРјР°. РЎРѕ РІСЃРµР№ РѕРєСЂСѓРіРё Рё РґР°Р¶Рµ РёР· РґР°Р»РµРєРѕР№ РіР»СѓС€Рё РїСЂРёС…РѕРґСЏС‚ Р»СЋРґРё СЃСЋРґР°
Р·Р° С‚РѕРІР°СЂРѕРј РєСѓРїРёС‚СЊ С‡С‚Рѕ, РїСЂРѕРґР°С‚СЊ С‡С‚Рѕ, Р·Р°РєР°Р·Р°С‚СЊ С‡С‚Рѕ.
[0;36m[ Exits: n e s w ][0;37m
[1;33m[1;31m[0;0m
[0;32m196H[0;37m [0;32m106M[0;37m 29970Рѕ Р—Р°СѓС‡:0 Р’С‹С…:РЎР’Р®Р—> ящР’С‹ РїРѕРїР»РµР»РёСЃСЊ РЅР° Р·Р°РїР°Рґ.
[1;36mР—РЅР°С…Р°СЂСЃРєР°СЏ [5008][0;37m
   Р’СЃСЏ Р·Р°СЃС‚Р°РІР»РµРЅРЅР°СЏ РєРѕР»Р±Р°РјРё СЃ Р·РµР»СЊРµРј, РїРѕРґРІРµС€РµРЅРЅС‹РјРё РЅР° РєСЂСЋС‡РєР°С… РїСѓС‡РєР°РјРё 
СЃСѓС€РµРЅРѕР№ С‚СЂР°РІС‹ Рё С†РІРµС‚РѕРІ, РёР»Рё РІС‹СЃСѓС€РµРЅРЅС‹С… С‡Р°СЃС‚РµР№ Р¶РёРІРѕС‚РЅС‹С… РєРѕРјРЅР°С‚Р° РЅРµ РІС‹Р·С‹РІР°РµС‚
РїСЂРёСЏС‚РЅС‹С… РѕС‰СѓС‰РµРЅРёР№. РўР°Рє Рё С…РѕС‡РµС‚СЃСЏ Р·Р°С‚РєРЅСѓС‚СЊ РЅРѕСЃ Рё РЅРµ РІРґС‹С…Р°С‚СЊ РјРµСЃС‚РЅС‹Р№ РѕСЃС‚СЂС‹Р№
Р·Р°РїР°С….
[0;36m[ Exits: e ][0;37m
[1;33mР‘СѓРјР°РіР° РїСЂРёРєРѕР»РѕС‚Р° Рє РґРѕСЃРєРµ Р·РґРµСЃСЊ.
[1;31mР—РЅР°С…Р°СЂСЊ СЃС‚РѕРёС‚ Р·РґРµСЃСЊ.
Р”РµСЂРµРІРµРЅСЃРєРёР№ РїР°СЂРЅРёС€РєР° РїРѕРјРѕРіР°РµС‚ Р·РЅР°С…Р°СЂСЋ РІ РїСЂРёРіРѕС‚РѕРІР»РµРЅРёРё СЃРЅР°РґРѕР±РёР№.
[0;0m
[0;32m196H[0;37m [0;32m106M[0;37m 29970Рѕ Р—Р°СѓС‡:0 Р’С‹С…:Р’> ящР’С‹ РїРѕРїР»РµР»РёСЃСЊ РЅР° РІРѕСЃС‚РѕРє.
[1;36mР¦РµРЅС‚СЂ РґРµСЂРµРІРЅРё [5010][0;37m
   Р¦РµРЅС‚СЂР°Р»СЊРЅР°СЏ С‡Р°СЃС‚СЊ РґРµСЂРµРІРЅРё Р·Р°РїРѕР»РЅРµРЅР° РЅСѓР¶РЅС‹РјРё РІСЃРµРј РјР°СЃС‚РµСЂСЃРєРёРјРё Рё Р»Р°РІРєР°РјРё.
РЈРґР°С‡РЅРѕРµ РјРµСЃС‚Рѕ РґРµСЂРµРІРЅРё РІ РЅРµР·Р°РїР°РјСЏС‚РЅС‹Рµ РІСЂРµРјРµРЅР° РїСЂРёРІР»РµРєР»Рѕ СЃСЋРґР° С‚РѕСЂРіРѕРІС†РµРІ Рё
РјР°СЃС‚РµСЂРѕРІС‹С…, Рё СЃ С‚РµС… РїРѕСЂ РїРѕРІРµР»РѕСЃСЊ, С‡С‚Рѕ РІ СЌС‚РѕР№ С‡Р°СЃС‚Рё РґРµСЂРµРІРЅРё СЃС‚РѕСЏС‚ Р±РѕР»СЊС€РёРµ Рё
Р±РѕРіР°С‚С‹Рµ РґРѕРјР°. РЎРѕ РІСЃРµР№ РѕРєСЂСѓРіРё Рё РґР°Р¶Рµ РёР· РґР°Р»РµРєРѕР№ РіР»СѓС€Рё РїСЂРёС…РѕРґСЏС‚ Р»СЋРґРё СЃСЋРґР°
Р·Р° С‚РѕРІР°СЂРѕРј РєСѓРїРёС‚СЊ С‡С‚Рѕ, РїСЂРѕРґР°С‚СЊ С‡С‚Рѕ, Р·Р°РєР°Р·Р°С‚СЊ С‡С‚Рѕ.
[0;36m[ Exits: n e s w ][0;37m
[1;33m[1;31m[0;0m
[0;32m196H[0;37m [0;32m106M[0;37m 29970Рѕ Р—Р°СѓС‡:0 Р’С‹С…:РЎР’Р®Р—> ящР’С‹ РїРѕРїР»РµР»РёСЃСЊ РЅР° РІРѕСЃС‚РѕРє.
[1;36mРЎРєР»Р°Рґ [5053][0;37m
   Р§РµРіРѕ С‚РѕР»СЊРєРѕ РЅРµ РІР°Р»СЏРµС‚СЃСЏ Р·РґРµСЃСЊ - Р±РѕР»СЊС€РёРЅСЃС‚РІРѕ РІРµС‰РµР№ СЂР°Р·Р±СЂРѕСЃР°РЅС‹ РїРѕРІРµСЂС… РґСѓР±РѕРІС‹С…
СЃСѓРЅРґСѓРєРѕРІ, СЃР°РјРё СЃСѓРЅРґСѓРєРё РЅРµ Р·Р°РєСЂС‹РІР°СЋС‚СЃСЏ РѕС‚ РёР·Р»РёС€РЅРµР№ РЅР°Р±РёС‚РѕСЃС‚Рё Р±СЂРѕРЅРµР№ Рё РѕСЂСѓР¶РёРµРј.
РљР°СЂС‚РёРЅСѓ РѕР±С‰РµРіРѕ Р±РµСЃРїРѕСЂСЏРґРєР° РґРѕРїРѕР»РЅСЏСЋС‚ РєР°РєРёРµ-С‚Рѕ РєРёСЃР»С‹Рµ Р·Р°РїР°С…Рё - РІРёРґРёРјРѕ РµРґСѓ РѕРЅРё С‚РѕР¶Рµ
Р·РґРµСЃСЊ С…СЂР°РЅСЏС‚.
[0;36m[ Exits: w ][0;37m
[1;33mРќРµРјРЅРѕРіРѕ РѕС‚СЂСѓР±РµР№ РїСЂРѕСЃС‹РїР°РЅРѕ Р·РґРµСЃСЊ.
РќРµР±РѕР»СЊС€Р°СЏ РґРµСЂРµРІСЏРЅРЅР°СЏ С‚Р°Р±Р»РёС‡РєР° СЃ РєР°РєРѕР№-С‚Рѕ РЅР°РґРїРёСЃСЊСЋ Р·Р°РєСЂРµРїР»РµРЅР° Сѓ РІС…РѕРґР°.
[1;31mРњРѕР»РѕРґРѕР№ РїР°СЂРµРЅСЊ СЃСѓРµС‚РёС‚СЃСЏ РјРµР¶РґСѓ СЃСѓРЅРґСѓРєР°РјРё, РїС‹С‚Р°СЏСЃСЊ РЅР°РІРµСЃС‚Рё РїРѕСЂСЏРґРѕРє.
[0;0m
[0;32m196H[0;37m [0;32m105M[0;37m 29970Рѕ Р—Р°СѓС‡:0 Р’С‹С…:Р—> ящР’С‹ РїРѕРїР»РµР»РёСЃСЊ РЅР° Р·Р°РїР°Рґ.
[1;36mР¦РµРЅС‚СЂ РґРµСЂРµРІРЅРё [5010][0;37m
   Р¦РµРЅС‚СЂР°Р»СЊРЅР°СЏ С‡Р°СЃС‚СЊ РґРµСЂРµРІРЅРё Р·Р°РїРѕР»РЅРµРЅР° РЅСѓР¶РЅС‹РјРё РІСЃРµРј РјР°СЃС‚РµСЂСЃРєРёРјРё Рё Р»Р°РІРєР°РјРё.
РЈРґР°С‡РЅРѕРµ РјРµСЃС‚Рѕ РґРµСЂРµРІРЅРё РІ РЅРµР·Р°РїР°РјСЏС‚РЅС‹Рµ РІСЂРµРјРµРЅР° РїСЂРёРІР»РµРєР»Рѕ СЃСЋРґР° С‚РѕСЂРіРѕРІС†РµРІ Рё
РјР°СЃС‚РµСЂРѕРІС‹С…, Рё СЃ С‚РµС… РїРѕСЂ РїРѕРІРµР»РѕСЃСЊ, С‡С‚Рѕ РІ СЌС‚РѕР№ С‡Р°СЃС‚Рё РґРµСЂРµРІРЅРё СЃС‚РѕСЏС‚ Р±РѕР»СЊС€РёРµ Рё
Р±РѕРіР°С‚С‹Рµ РґРѕРјР°. РЎРѕ РІСЃРµР№ РѕРєСЂСѓРіРё Рё РґР°Р¶Рµ РёР· РґР°Р»РµРєРѕР№ РіР»СѓС€Рё РїСЂРёС…РѕРґСЏС‚ Р»СЋРґРё СЃСЋРґР°
Р·Р° С‚РѕРІР°СЂРѕРј РєСѓРїРёС‚СЊ С‡С‚Рѕ, РїСЂРѕРґР°С‚СЊ С‡С‚Рѕ, Р·Р°РєР°Р·Р°С‚СЊ С‡С‚Рѕ.
[0;36m[ Exits: n e s w ][0;37m
[1;33m[1;31m[0;0m
[0;32m196H[0;37m [0;32m105M[0;37m 29970Рѕ Р—Р°СѓС‡:0 Р’С‹С…:РЎР’Р®Р—> ящР’С‹ РїРѕРїР»РµР»РёСЃСЊ РЅР° СЋРі.
[1;36mРљ С†РµРЅС‚СЂСѓ РґРµСЂРµРІРЅРё [5035][0;37m
РћС‚РѕР№РґСЏ РѕС‚ С†РµРЅС‚СЂР° РґРµСЂРµРІРЅРё, РІС‹ РїРѕРїР°Р»Рё РІ СЋР¶РЅСѓСЋ РµРµ С‡Р°СЃС‚СЊ. Р—РґРµСЃСЊ РїРѕС‡С‚Рё РЅРµ РІРёРґРЅРѕ
РјРµСЃС‚РЅС‹С… Р¶РёС‚РµР»РµР№, РЅРµ СЃР»С‹С€РЅРѕ Р·РІСѓРєРѕРІ СЂР°Р±РѕС‚С‹ РїРѕ С…РѕР·СЏР№СЃС‚РІСѓ. РўРѕР»СЊРєРѕ РїРѕС‡С‚Рё Р·Р°СЂРѕСЃС€Р°СЏ
С‚СЂРѕРїР° РІРµРґРµС‚ РІРґРѕР»СЊ РґРѕРјРѕРІ. Р“РѕРІРѕСЂСЏС‚, Р·РґРµСЃСЊ Р¶РёРІСѓС‚ РєРѕР»РґСѓРЅС‹ Рё РІРµРґСЊРјР°РєРё, Рё РѕР±С‹С‡РЅРѕРјСѓ
Р»СЋРґСѓ СЃСЋРґР° РїСѓС‚СЊ Р·Р°РєР°Р·Р°РЅ, РјРѕР¶РЅРѕ Рё РїСЂРѕРєР»СЏС‚РёРµ РЅР° РІСЃСЋ Р¶РёР·РЅСЊ РїРѕР»СѓС‡РёС‚СЊ, РґР° Рё РІРѕРІСЃРµ
СЃРіРёРЅСѓС‚СЊ.
[0;36m[ Exits: n s ][0;37m
[1;33m[1;31m[0;0m
[0;32m196H[0;37m [0;32m105M[0;37m 29970Рѕ Р—Р°СѓС‡:0 Р’С‹С…:РЎР®> ящР’С‹ РїРѕРїР»РµР»РёСЃСЊ РЅР° СЋРі.
[1;36mР’ СЋР¶РЅРѕР№ С‡Р°СЃС‚Рё РґРµСЂРµРІРЅРё [5034][0;37m
   Р’ СЋР¶РЅРѕР№ С‡Р°СЃС‚Рё РґРµСЂРµРІРЅРё Р±РµР·Р»СЋРґРЅРѕ Рё С‚РёС…Рѕ. РџРѕС‡С‚Рё РЅРµ РІРёРґРЅРѕ РјРµСЃС‚РЅС‹С… Р¶РёС‚РµР»РµР№, 
РґР° Рё РєРѕРіРѕ РІСЃС‚СЂРµС‚РёС€СЊ, С‚Рµ Р±С‹СЃС‚СЂРѕ РѕС‚РІРѕСЂР°С‡РёРІР°СЋС‚СЃСЏ Рё СѓС…РѕРґСЏС‚, РєР°Рє Р±СѓРґС‚Рѕ СЃС‚РµСЃРЅСЏСЋС‚СЃСЏ
С‡С‚Рѕ РёС… Р·Р°СЃС‚Р°Р»Рё РІ СЌС‚РѕРј РјРµСЃС‚Рµ. РўРѕР»СЊРєРѕ РїРѕС‡С‚Рё Р·Р°СЂРѕСЃС€Р°СЏ С‚СЂРѕРїР° РІРµРґРµС‚ РІРґРѕР»СЊ РґРѕРјРѕРІ.
Р“РѕРІРѕСЂСЏС‚ Р·РґРµСЃСЊ Р¶РёРІСѓС‚ РєРѕР»РґСѓРЅС‹ Рё РІРµРґСЊРјР°РєРё, Рё РѕР±С‹С‡РЅРѕРјСѓ Р»СЋРґСѓ СЃСЋРґР° РїСѓС‚СЊ Р·Р°РєР°Р·Р°РЅ, 
РјРѕР¶РЅРѕ Рё РїСЂРѕРєР»СЏС‚РёРµ РЅР° РІСЃСЋ Р¶РёР·РЅСЊ РїРѕР»СѓС‡РёС‚СЊ, РґР° Рё РІРѕРІСЃРµ СЃРіРёРЅСѓС‚СЊ.
[0;36m[ Exits: n e s w ][0;37m
[1;33m[1;31mР‘РµР»Р°СЏ РєРѕР·Р° С‰РёРїР»РµС‚ С‚СѓС‚ С‚СЂР°РІРєСѓ.
[0;0m
[0;32m196H[0;37m [0;32m105M[0;37m 29970Рѕ Р—Р°СѓС‡:0 Р’С‹С…:РЎР’Р®Р—> ящР’С‹ РїРѕРїР»РµР»РёСЃСЊ РЅР° РІРѕСЃС‚РѕРє.
[1;36mР’ РїРѕРєРѕСЃРёРІС€РµР№СЃСЏ РёР·Р±Рµ [5037][0;37m
   РџРѕРєРѕСЃРёРІС€Р°СЏСЃСЏ СЃС‚Р°СЂР°СЏ РёР·Р±Р° СЃС‚РѕРёС‚ Р·РґРµСЃСЊ РІ РѕС‚С€РёР±Рµ РѕС‚ РѕСЃС‚Р°Р»СЊРЅС‹С… РґРѕРјРѕРІ. Р”Р°Р¶Рµ
РјРµСЃС‚РЅС‹Рµ СЃС‚Р°СЂР°СЋС‚СЃСЏ РѕР±С…РѕРґРёС‚СЊ СЌС‚Рѕ РјРµСЃС‚Рѕ СЃС‚РѕСЂРѕРЅРѕР№. РўРѕР»СЊРєРѕ РІ РєСЂР°Р№РЅРµРј СЃР»СѓС‡Р°Рµ
РїСЂРёС…РѕРґСЏС‚ СЃСЋРґР°, С‡С‚РѕР±С‹ СЃРЅСЏС‚СЊ РїСЂРѕРєР»СЏС‚РёРµ СЃ СЂРѕРґСЃС‚РІРµРЅРЅРёРєРѕРІ РёР»Рё СЃРµР±СЏ, РєСѓРїРёС‚СЊ
Р»СЋР±РѕРІРЅС‹Р№ РїСЂРёРІРѕСЂРѕС‚. Р–РёРІРµС‚ Р·РґРµСЃСЊ РІРѕСЂРѕР¶РµСЏ, Р¶РёРІРµС‚ РґР°РІРЅРѕ Рё РїРѕС‡С‚Рё РЅРµ РїРѕРєР°Р·С‹РІР°РµС‚СЃСЏ
РЅР° Р»СЋРґСЏС….
[0;36m[ Exits: w ][0;37m
[1;33m[1;31mР’РѕСЂРѕР¶РµСЏ РїСЂРёСЃС‚Р°Р»СЊРЅРѕ СЃРјРѕС‚СЂРёС‚ РЅР° Р’Р°СЃ Р·РґРµСЃСЊ.
[0;0m
[0;32m196H[0;37m [0;32m105M[0;37m 29970Рѕ Р—Р°СѓС‡:0 Р’С‹С…:Р—> ящР’С‹ РїРѕРїР»РµР»РёСЃСЊ РЅР° Р·Р°РїР°Рґ.
[1;36mР’ СЋР¶РЅРѕР№ С‡Р°СЃС‚Рё РґРµСЂРµРІРЅРё [5034][0;37m
   Р’ СЋР¶РЅРѕР№ С‡Р°СЃС‚Рё РґРµСЂРµРІРЅРё Р±РµР·Р»СЋРґРЅРѕ Рё С‚РёС…Рѕ. РџРѕС‡С‚Рё РЅРµ РІРёРґРЅРѕ РјРµСЃС‚РЅС‹С… Р¶РёС‚РµР»РµР№, 
РґР° Рё РєРѕРіРѕ РІСЃС‚СЂРµС‚РёС€СЊ, С‚Рµ Р±С‹СЃС‚СЂРѕ РѕС‚РІРѕСЂР°С‡РёРІР°СЋС‚СЃСЏ Рё СѓС…РѕРґСЏС‚, РєР°Рє Р±СѓРґС‚Рѕ СЃС‚РµСЃРЅСЏСЋС‚СЃСЏ
С‡С‚Рѕ РёС… Р·Р°СЃС‚Р°Р»Рё РІ СЌС‚РѕРј РјРµСЃС‚Рµ. РўРѕР»СЊРєРѕ РїРѕС‡С‚Рё Р·Р°СЂРѕСЃС€Р°СЏ С‚СЂРѕРїР° РІРµРґРµС‚ РІРґРѕР»СЊ РґРѕРјРѕРІ.
Р“РѕРІРѕСЂСЏС‚ Р·РґРµСЃСЊ Р¶РёРІСѓС‚ РєРѕР»РґСѓРЅС‹ Рё РІРµРґСЊРјР°РєРё, Рё РѕР±С‹С‡РЅРѕРјСѓ Р»СЋРґСѓ СЃСЋРґР° РїСѓС‚СЊ Р·Р°РєР°Р·Р°РЅ, 
РјРѕР¶РЅРѕ Рё РїСЂРѕРєР»СЏС‚РёРµ РЅР° РІСЃСЋ Р¶РёР·РЅСЊ РїРѕР»СѓС‡РёС‚СЊ, РґР° Рё РІРѕРІСЃРµ СЃРіРёРЅСѓС‚СЊ.
[0;36m[ Exits: n e s w ][0;37m
[1;33m[1;31mР‘РµР»Р°СЏ РєРѕР·Р° С‰РёРїР»РµС‚ С‚СѓС‚ С‚СЂР°РІРєСѓ.
[0;0m
[0;32m196H[0;37m [0;32m106M[0;37m 29970Рѕ Р—Р°СѓС‡:0 Р’С‹С…:РЎР’Р®Р—> ящР’С‹ РїРѕРїР»РµР»РёСЃСЊ РЅР° Р·Р°РїР°Рґ.
[1;36mР’ СЋР¶РЅРѕР№ С‡Р°СЃС‚Рё РґРµСЂРµРІРЅРё [5033][0;37m
   Р’ СЋР¶РЅРѕР№ С‡Р°СЃС‚Рё РґРµСЂРµРІРЅРё Р±РµР·Р»СЋРґРЅРѕ Рё С‚РёС…Рѕ. РџРѕС‡С‚Рё РЅРµ РІРёРґРЅРѕ РјРµСЃС‚РЅС‹С… Р¶РёС‚РµР»РµР№, 
РґР° Рё РєРѕРіРѕ РІСЃС‚СЂРµС‚РёС€СЊ, С‚Рµ Р±С‹СЃС‚СЂРѕ РѕС‚РІРѕСЂР°С‡РёРІР°СЋС‚СЃСЏ Рё СѓС…РѕРґСЏС‚, РєР°Рє Р±СѓРґС‚Рѕ СЃС‚РµСЃРЅСЏСЋС‚СЃСЏ
С‡С‚Рѕ РёС… Р·Р°СЃС‚Р°Р»Рё РІ СЌС‚РѕРј РјРµСЃС‚Рµ. РўРѕР»СЊРєРѕ РїРѕС‡С‚Рё Р·Р°СЂРѕСЃС€Р°СЏ С‚СЂРѕРїР° РІРµРґРµС‚ РІРґРѕР»СЊ РґРѕРјРѕРІ.
Р“РѕРІРѕСЂСЏС‚ Р·РґРµСЃСЊ Р¶РёРІСѓС‚ РєРѕР»РґСѓРЅС‹ Рё РІРµРґСЊРјР°РєРё, Рё РѕР±С‹С‡РЅРѕРјСѓ Р»СЋРґСѓ СЃСЋРґР° РїСѓС‚СЊ Р·Р°РєР°Р·Р°РЅ, 
РјРѕР¶РЅРѕ Рё РїСЂРѕРєР»СЏС‚РёРµ РЅР° РІСЃСЋ Р¶РёР·РЅСЊ РїРѕР»СѓС‡РёС‚СЊ, РґР° Рё РІРѕРІСЃРµ СЃРіРёРЅСѓС‚СЊ.
[0;36m[ Exits: e w ][0;37m
[1;33m[1;31m[0;0m
[0;32m196H[0;37m [0;32m106M[0;37m 29970Рѕ Р—Р°СѓС‡:0 Р’С‹С…:Р’Р—> ящР’С‹ РїРѕРїР»РµР»РёСЃСЊ РЅР° Р·Р°РїР°Рґ.
[1;36mР’ СЋР¶РЅРѕР№ С‡Р°СЃС‚Рё РґРµСЂРµРІРЅРё [5036][0;37m
   Р’ СЋР¶РЅРѕР№ С‡Р°СЃС‚Рё РґРµСЂРµРІРЅРё Р±РµР·Р»СЋРґРЅРѕ Рё С‚РёС…Рѕ. РџРѕС‡С‚Рё РЅРµ РІРёРґРЅРѕ РјРµСЃС‚РЅС‹С… Р¶РёС‚РµР»РµР№, 
РґР° Рё РєРѕРіРѕ РІСЃС‚СЂРµС‚РёС€СЊ, С‚Рµ Р±С‹СЃС‚СЂРѕ РѕС‚РІРѕСЂР°С‡РёРІР°СЋС‚СЃСЏ Рё СѓС…РѕРґСЏС‚, РєР°Рє Р±СѓРґС‚Рѕ СЃС‚РµСЃРЅСЏСЋС‚СЃСЏ
С‡С‚Рѕ РёС… Р·Р°СЃС‚Р°Р»Рё РІ СЌС‚РѕРј РјРµСЃС‚Рµ. РўРѕР»СЊРєРѕ РїРѕС‡С‚Рё Р·Р°СЂРѕСЃС€Р°СЏ С‚СЂРѕРїР° РІРµРґРµС‚ РІРґРѕР»СЊ РґРѕРјРѕРІ.
Р“РѕРІРѕСЂСЏС‚ Р·РґРµСЃСЊ Р¶РёРІСѓС‚ РєРѕР»РґСѓРЅС‹ Рё РІРµРґСЊРјР°РєРё, Рё РѕР±С‹С‡РЅРѕРјСѓ Р»СЋРґСѓ СЃСЋРґР° РїСѓС‚СЊ Р·Р°РєР°Р·Р°РЅ, 
РјРѕР¶РЅРѕ Рё РїСЂРѕРєР»СЏС‚РёРµ РЅР° РІСЃСЋ Р¶РёР·РЅСЊ РїРѕР»СѓС‡РёС‚СЊ, РґР° Рё РІРѕРІСЃРµ СЃРіРёРЅСѓС‚СЊ.
[0;36m[ Exits: n e s ][0;37m
[1;33m[1;31m[0;0m
[0;32m196H[0;37m [0;32m106M[0;37m 29970Рѕ Р—Р°СѓС‡:0 Р’С‹С…:РЎР’Р®> ящР’С‹ РїРѕРїР»РµР»РёСЃСЊ РЅР° СЃРµРІРµСЂ.
[1;36mРўРёС…РёР№ РґРѕРј [5038][0;37m
   Р’С‹ РїСЂРѕС€Р»Рё РІ РєР°Р¶СѓС‰РёР№СЃСЏ Р°Р±СЃРѕР»СЋС‚РЅРѕ РїСѓСЃС‚С‹Рј РґРѕРј. РўРѕР»СЊРєРѕ РёРЅРѕРіРґР° РµР»Рµ-РµР»Рµ СЃР»С‹С€РЅРѕ
С‚РёС…РёРµ С€РѕСЂРѕС…Рё Рё РЅРµРїРѕРЅСЏС‚РЅС‹Рµ РґРІРёР¶РµРЅРёСЏ, РєР°Рє Р±СѓРґС‚Рѕ РєС‚Рѕ-С‚Рѕ Р±С‹СЃС‚СЂРѕ РїРµСЂРµРјРµС‰Р°РµС‚СЃСЏ РїРѕ
РґРѕРјСѓ, Р° РїРѕС‚РѕРј Р·Р°РјРёСЂР°РµС‚. РќРµРїСЂРёСЏС‚РЅРѕРµ РѕРїР°СЃРЅРѕРµ РјРµСЃС‚Рѕ. Р’С‹ РЅР°РІРµСЂРЅРѕРµ Р·РЅР°РµС‚Рµ Р·Р°С‡РµРј
СЃСЋРґР° РїСЂРёС€Р»Рё, С‚Р°Рє С‡С‚Рѕ СЃР°РјРё Рё РґСѓРјР°Р№С‚Рµ РґРѕР»РіРѕ Р»Рё Р·РґРµСЃСЊ РЅР°С…РѕРґРёС‚СЊСЃСЏ.
[0;36m[ Exits: s ][0;37m
[1;33m[1;31mР›РёС…РѕР№ С‡РµР»РѕРІРµРє СЃРёРґРёС‚ РЅР° СЃС‚СѓР»Рµ.
[0;0m
[0;32m196H[0;37m [0;32m107M[0;37m 29970Рѕ Р—Р°СѓС‡:0 Р’С‹С…:Р®> ящР’С‹ РЅРµ СЃРјРѕР¶РµС‚Рµ С‚СѓРґР° РїСЂРѕР№С‚Рё...

[0;32m196H[0;37m [0;32m107M[0;37m 29970Рѕ Р—Р°СѓС‡:0 Р’С‹С…:Р®> ящР’С‹ РїРѕРїР»РµР»РёСЃСЊ РЅР° СЋРі.
[1;36mР’ СЋР¶РЅРѕР№ С‡Р°СЃС‚Рё РґРµСЂРµРІРЅРё [5036][0;37m
   Р’ СЋР¶РЅРѕР№ С‡Р°СЃС‚Рё РґРµСЂРµРІРЅРё Р±РµР·Р»СЋРґРЅРѕ Рё С‚РёС…Рѕ. РџРѕС‡С‚Рё РЅРµ РІРёРґРЅРѕ РјРµСЃС‚РЅС‹С… Р¶РёС‚РµР»РµР№, 
РґР° Рё РєРѕРіРѕ РІСЃС‚СЂРµС‚РёС€СЊ, С‚Рµ Р±С‹СЃС‚СЂРѕ РѕС‚РІРѕСЂР°С‡РёРІР°СЋС‚СЃСЏ Рё СѓС…РѕРґСЏС‚, РєР°Рє Р±СѓРґС‚Рѕ СЃС‚РµСЃРЅСЏСЋС‚СЃСЏ
С‡С‚Рѕ РёС… Р·Р°СЃС‚Р°Р»Рё РІ СЌС‚РѕРј РјРµСЃС‚Рµ. РўРѕР»СЊРєРѕ РїРѕС‡С‚Рё Р·Р°СЂРѕСЃС€Р°СЏ С‚СЂРѕРїР° РІРµРґРµС‚ РІРґРѕР»СЊ РґРѕРјРѕРІ.
Р“РѕРІРѕСЂСЏС‚ Р·РґРµСЃСЊ Р¶РёРІСѓС‚ РєРѕР»РґСѓРЅС‹ Рё РІРµРґСЊРјР°РєРё, Рё РѕР±С‹С‡РЅРѕРјСѓ Р»СЋРґСѓ СЃСЋРґР° РїСѓС‚СЊ Р·Р°РєР°Р·Р°РЅ, 
РјРѕР¶РЅРѕ Рё РїСЂРѕРєР»СЏС‚РёРµ РЅР° РІСЃСЋ Р¶РёР·РЅСЊ РїРѕР»СѓС‡РёС‚СЊ, РґР° Рё РІРѕРІСЃРµ СЃРіРёРЅСѓС‚СЊ.
[0;36m[ Exits: n e s ][0;37m
[1;33m[1;31m[0;0m
[0;32m196H[0;37m [0;32m107M[0;37m 29970Рѕ Р—Р°СѓС‡:0 Р’С‹С…:РЎР’Р®> ящР’С‹ РїРѕРїР»РµР»РёСЃСЊ РЅР° СЃРµРІРµСЂ.
[1;36mРўРёС…РёР№ РґРѕРј [5038][0;37m
   Р’С‹ РїСЂРѕС€Р»Рё РІ РєР°Р¶СѓС‰РёР№СЃСЏ Р°Р±СЃРѕР»СЋС‚РЅРѕ РїСѓСЃС‚С‹Рј РґРѕРј. РўРѕР»СЊРєРѕ РёРЅРѕРіРґР° РµР»Рµ-РµР»Рµ СЃР»С‹С€РЅРѕ
С‚РёС…РёРµ С€РѕСЂРѕС…Рё Рё РЅРµРїРѕРЅСЏС‚РЅС‹Рµ РґРІРёР¶РµРЅРёСЏ, РєР°Рє Р±СѓРґС‚Рѕ РєС‚Рѕ-С‚Рѕ Р±С‹СЃС‚СЂРѕ РїРµСЂРµРјРµС‰Р°РµС‚СЃСЏ РїРѕ
РґРѕРјСѓ, Р° РїРѕС‚РѕРј Р·Р°РјРёСЂР°РµС‚. РќРµРїСЂРёСЏС‚РЅРѕРµ РѕРїР°СЃРЅРѕРµ РјРµСЃС‚Рѕ. Р’С‹ РЅР°РІРµСЂРЅРѕРµ Р·РЅР°РµС‚Рµ Р·Р°С‡РµРј
СЃСЋРґР° РїСЂРёС€Р»Рё, С‚Р°Рє С‡С‚Рѕ СЃР°РјРё Рё РґСѓРјР°Р№С‚Рµ РґРѕР»РіРѕ Р»Рё Р·РґРµСЃСЊ РЅР°С…РѕРґРёС‚СЊСЃСЏ.
[0;36m[ Exits: s ][0;37m
[1;33m[1;31mР›РёС…РѕР№ С‡РµР»РѕРІРµРє СЃРёРґРёС‚ РЅР° СЃС‚СѓР»Рµ.
[0;0m
[0;32m196H[0;37m [0;32m107M[0;37m 29970Рѕ Р—Р°СѓС‡:0 Р’С‹С…:Р®> ящР›РёС…РѕР№ С‡РµР»РѕРІРµРє СЃРєР°Р·Р°Р» : 'РџРѕС…РѕР¶Рµ, СЏ РЅРµ СЃРјРѕРіСѓ С‚РµР±Рµ РїРѕРјРѕС‡СЊ.'

[0;32m196H[0;37m [0;32m108M[0;37m 29970Рѕ Р—Р°СѓС‡:0 Р’С‹С…:Р®> ящР’С‹ РїРѕРїР»РµР»РёСЃСЊ РЅР° СЋРі.
[1;36mР’ СЋР¶РЅРѕР№ С‡Р°СЃС‚Рё РґРµСЂРµРІРЅРё [5036][0;37m
   Р’ СЋР¶РЅРѕР№ С‡Р°СЃС‚Рё РґРµСЂРµРІРЅРё Р±РµР·Р»СЋРґРЅРѕ Рё С‚РёС…Рѕ. РџРѕС‡С‚Рё РЅРµ РІРёРґРЅРѕ РјРµСЃС‚РЅС‹С… Р¶РёС‚РµР»РµР№, 
РґР° Рё РєРѕРіРѕ РІСЃС‚СЂРµС‚РёС€СЊ, С‚Рµ Р±С‹СЃС‚СЂРѕ РѕС‚РІРѕСЂР°С‡РёРІР°СЋС‚СЃСЏ Рё СѓС…РѕРґСЏС‚, РєР°Рє Р±СѓРґС‚Рѕ СЃС‚РµСЃРЅСЏСЋС‚СЃСЏ
С‡С‚Рѕ РёС… Р·Р°СЃС‚Р°Р»Рё РІ СЌС‚РѕРј РјРµСЃС‚Рµ. РўРѕР»СЊРєРѕ РїРѕС‡С‚Рё Р·Р°СЂРѕСЃС€Р°СЏ С‚СЂРѕРїР° РІРµРґРµС‚ РІРґРѕР»СЊ РґРѕРјРѕРІ.
Р“РѕРІРѕСЂСЏС‚ Р·РґРµСЃСЊ Р¶РёРІСѓС‚ РєРѕР»РґСѓРЅС‹ Рё РІРµРґСЊРјР°РєРё, Рё РѕР±С‹С‡РЅРѕРјСѓ Р»СЋРґСѓ СЃСЋРґР° РїСѓС‚СЊ Р·Р°РєР°Р·Р°РЅ, 
РјРѕР¶РЅРѕ Рё РїСЂРѕРєР»СЏС‚РёРµ РЅР° РІСЃСЋ Р¶РёР·РЅСЊ РїРѕР»СѓС‡РёС‚СЊ, РґР° Рё РІРѕРІСЃРµ СЃРіРёРЅСѓС‚СЊ.
[0;36m[ Exits: n e s ][0;37m
[1;33m[1;31m[0;0m
[0;32m196H[0;37m [0;32m107M[0;37m 29970Рѕ Р—Р°СѓС‡:0 Р’С‹С…:РЎР’Р®> ящР’С‹ РїРѕРїР»РµР»РёСЃСЊ РЅР° СЋРі.
[1;36mРЎРІРµС‚Р»С‹Р№ РґРѕРј [5039][0;37m
   Р’РѕС‚ РµРґРёРЅСЃС‚РІРµРЅРЅС‹Р№ РґРѕРј РІ СЌС‚РѕР№ С‡Р°СЃС‚Рё РґРµСЂРµРІРЅРё, Рє РєРѕС‚РѕСЂРѕРјСѓ Р»СЋРґРё РёРґСѓС‚ РЅРµ СЃРєСЂС‹РІР°СЏ
СЃРІРѕРµРіРѕ Р»РёС†Р°. Р‘РµР»С‹Р№ РґРѕРј, Рё СЃРЅР°СЂСѓР¶Рё Рё РёР·РЅСѓС‚СЂРё. РЎРјРѕС‚СЂРёС€СЊ РЅР° РЅРµРіРѕ Рё РєР°Рє Р±СѓРґС‚Рѕ РЅРµ
СЃР°Рј РґРѕРј Р±РµР»С‹Р№, Р° РєР°Рє Р±С‹ СЃРІРµС‡РµРЅРёРµ РІРѕРєСЂСѓРі РґРѕРјР° Р±РµР»РѕРіРѕ СЃРІРµС‚Р°, РїРѕСЌС‚РѕРјСѓ РґР°Р¶Рµ
РЅРѕС‡СЊСЋ Рё РІ СЃСѓРјРµСЂРєРё РґРѕРј РІРёРґРµРЅ РёР·РґР°Р»РµРєР°.
[0;36m[ Exits: n ][0;37m
[1;33m[1;31mРЎРіРѕСЂР±Р»РµРЅРЅС‹Р№ СЃС‚Р°СЂРёРє СЃРёРґРёС‚ РЅР° РїРµС‡Рё.
[0;0m
[0;32m196H[0;37m [0;32m106M[0;37m 29970Рѕ Р—Р°СѓС‡:0 Р’С‹С…:РЎ> ящРЎРіРѕСЂР±Р»РµРЅРЅС‹Р№ СЃС‚Р°СЂРёРє СЃРєР°Р·Р°Р» : 'РџРѕС…РѕР¶Рµ, СЏ РЅРµ СЃРјРѕРіСѓ С‚РµР±Рµ РїРѕРјРѕС‡СЊ.'

[0;32m196H[0;37m [0;32m108M[0;37m 29970Рѕ Р—Р°СѓС‡:0 Р’С‹С…:РЎ> ящР’С‹ РїРѕРїР»РµР»РёСЃСЊ РЅР° СЃРµРІРµСЂ.
[1;36mР’ СЋР¶РЅРѕР№ С‡Р°СЃС‚Рё РґРµСЂРµРІРЅРё [5036][0;37m
   Р’ СЋР¶РЅРѕР№ С‡Р°СЃС‚Рё РґРµСЂРµРІРЅРё Р±РµР·Р»СЋРґРЅРѕ Рё С‚РёС…Рѕ. РџРѕС‡С‚Рё РЅРµ РІРёРґРЅРѕ РјРµСЃС‚РЅС‹С… Р¶РёС‚РµР»РµР№, 
РґР° Рё РєРѕРіРѕ РІСЃС‚СЂРµС‚РёС€СЊ, С‚Рµ Р±С‹СЃС‚СЂРѕ РѕС‚РІРѕСЂР°С‡РёРІР°СЋС‚СЃСЏ Рё СѓС…РѕРґСЏС‚, РєР°Рє Р±СѓРґС‚Рѕ СЃС‚РµСЃРЅСЏСЋС‚СЃСЏ
С‡С‚Рѕ РёС… Р·Р°СЃС‚Р°Р»Рё РІ СЌС‚РѕРј РјРµСЃС‚Рµ. РўРѕР»СЊРєРѕ РїРѕС‡С‚Рё Р·Р°СЂРѕСЃС€Р°СЏ С‚СЂРѕРїР° РІРµРґРµС‚ РІРґРѕР»СЊ РґРѕРјРѕРІ.
Р“РѕРІРѕСЂСЏС‚ Р·РґРµСЃСЊ Р¶РёРІСѓС‚ РєРѕР»РґСѓРЅС‹ Рё РІРµРґСЊРјР°РєРё, Рё РѕР±С‹С‡РЅРѕРјСѓ Р»СЋРґСѓ СЃСЋРґР° РїСѓС‚СЊ Р·Р°РєР°Р·Р°РЅ, 
РјРѕР¶РЅРѕ Рё РїСЂРѕРєР»СЏС‚РёРµ РЅР° РІСЃСЋ Р¶РёР·РЅСЊ РїРѕР»СѓС‡РёС‚СЊ, РґР° Рё РІРѕРІСЃРµ СЃРіРёРЅСѓС‚СЊ.
[0;36m[ Exits: n e s ][0;37m
[1;33m[1;31m[0;0m
[0;32m196H[0;37m [0;32m107M[0;37m 29970Рѕ Р—Р°СѓС‡:0 Р’С‹С…:РЎР’Р®> ящР’С‹ РїРѕРїР»РµР»РёСЃСЊ РЅР° РІРѕСЃС‚РѕРє.
[1;36mР’ СЋР¶РЅРѕР№ С‡Р°СЃС‚Рё РґРµСЂРµРІРЅРё [5033][0;37m
   Р’ СЋР¶РЅРѕР№ С‡Р°СЃС‚Рё РґРµСЂРµРІРЅРё Р±РµР·Р»СЋРґРЅРѕ Рё С‚РёС…Рѕ. РџРѕС‡С‚Рё РЅРµ РІРёРґРЅРѕ РјРµСЃС‚РЅС‹С… Р¶РёС‚РµР»РµР№, 
РґР° Рё РєРѕРіРѕ РІСЃС‚СЂРµС‚РёС€СЊ, С‚Рµ Р±С‹СЃС‚СЂРѕ РѕС‚РІРѕСЂР°С‡РёРІР°СЋС‚СЃСЏ Рё СѓС…РѕРґСЏС‚, РєР°Рє Р±СѓРґС‚Рѕ СЃС‚РµСЃРЅСЏСЋС‚СЃСЏ
С‡С‚Рѕ РёС… Р·Р°СЃС‚Р°Р»Рё РІ СЌС‚РѕРј РјРµСЃС‚Рµ. РўРѕР»СЊРєРѕ РїРѕС‡С‚Рё Р·Р°СЂРѕСЃС€Р°СЏ С‚СЂРѕРїР° РІРµРґРµС‚ РІРґРѕР»СЊ РґРѕРјРѕРІ.
Р“РѕРІРѕСЂСЏС‚ Р·РґРµСЃСЊ Р¶РёРІСѓС‚ РєРѕР»РґСѓРЅС‹ Рё РІРµРґСЊРјР°РєРё, Рё РѕР±С‹С‡РЅРѕРјСѓ Р»СЋРґСѓ СЃСЋРґР° РїСѓС‚СЊ Р·Р°РєР°Р·Р°РЅ, 
РјРѕР¶РЅРѕ Рё РїСЂРѕРєР»СЏС‚РёРµ РЅР° РІСЃСЋ Р¶РёР·РЅСЊ РїРѕР»СѓС‡РёС‚СЊ, РґР° Рё РІРѕРІСЃРµ СЃРіРёРЅСѓС‚СЊ.
[0;36m[ Exits: e w ][0;37m
[1;33m[1;31m[0;0m
[0;32m196H[0;37m [0;32m106M[0;37m 29970Рѕ Р—Р°СѓС‡:0 Р’С‹С…:Р’Р—> ящР’С‹ РїРѕРїР»РµР»РёСЃСЊ РЅР° РІРѕСЃС‚РѕРє.
[1;36mР’ СЋР¶РЅРѕР№ С‡Р°СЃС‚Рё РґРµСЂРµРІРЅРё [5034][0;37m
   Р’ СЋР¶РЅРѕР№ С‡Р°СЃС‚Рё РґРµСЂРµРІРЅРё Р±РµР·Р»СЋРґРЅРѕ Рё С‚РёС…Рѕ. РџРѕС‡С‚Рё РЅРµ РІРёРґРЅРѕ РјРµСЃС‚РЅС‹С… Р¶РёС‚РµР»РµР№, 
РґР° Рё РєРѕРіРѕ РІСЃС‚СЂРµС‚РёС€СЊ, С‚Рµ Р±С‹СЃС‚СЂРѕ РѕС‚РІРѕСЂР°С‡РёРІР°СЋС‚СЃСЏ Рё СѓС…РѕРґСЏС‚, РєР°Рє Р±СѓРґС‚Рѕ СЃС‚РµСЃРЅСЏСЋС‚СЃСЏ
С‡С‚Рѕ РёС… Р·Р°СЃС‚Р°Р»Рё РІ СЌС‚РѕРј РјРµСЃС‚Рµ. РўРѕР»СЊРєРѕ РїРѕС‡С‚Рё Р·Р°СЂРѕСЃС€Р°СЏ С‚СЂРѕРїР° РІРµРґРµС‚ РІРґРѕР»СЊ РґРѕРјРѕРІ.
Р“РѕРІРѕСЂСЏС‚ Р·РґРµСЃСЊ Р¶РёРІСѓС‚ РєРѕР»РґСѓРЅС‹ Рё РІРµРґСЊРјР°РєРё, Рё РѕР±С‹С‡РЅРѕРјСѓ Р»СЋРґСѓ СЃСЋРґР° РїСѓС‚СЊ Р·Р°РєР°Р·Р°РЅ, 
РјРѕР¶РЅРѕ Рё РїСЂРѕРєР»СЏС‚РёРµ РЅР° РІСЃСЋ Р¶РёР·РЅСЊ РїРѕР»СѓС‡РёС‚СЊ, РґР° Рё РІРѕРІСЃРµ СЃРіРёРЅСѓС‚СЊ.
[0;36m[ Exits: n e s w ][0;37m
[1;33m[1;31mР‘РµР»Р°СЏ РєРѕР·Р° С‰РёРїР»РµС‚ С‚СѓС‚ С‚СЂР°РІРєСѓ.
[0;0m
[0;32m196H[0;37m [0;32m106M[0;37m 29970Рѕ Р—Р°СѓС‡:0 Р’С‹С…:РЎР’Р®Р—> ящР’С‹ РїРѕРїР»РµР»РёСЃСЊ РЅР° СЋРі.
[1;36mРќР° Р»СѓРіСѓ [5052][0;37m
   Р’С‹ РїРѕРїР°Р»Рё РЅР° РЅРµР±РѕР»СЊС€РѕР№ Р»СѓРі СЂСЏРґРѕРј СЃ РґРµСЂРµРІРЅРµР№. РЎСЋРґР° Р»СЋР±РёС‚ РїСЂРёС…РѕРґРёС‚СЊ РґРµС‚РІРѕСЂР°
РїРѕРёРіСЂР°С‚СЊ РІ СЃРІРѕРё РёРіСЂС‹. РџРѕР»РѕРіРёР№ СЃРєР»РѕРЅ Р»СѓРіР° РїР»Р°РІРЅРѕ СѓС…РѕРґРёС‚ РѕС‚ РґРµСЂРµРІРЅРё РїРѕРЅРёР¶Р°СЏСЃСЊ
Рє РѕРІСЂР°РіСѓ.
[0;36m[ Exits: n ][0;37m
[1;33mРќРµРјРЅРѕРіРѕ РѕС‚СЂСѓР±РµР№ РїСЂРѕСЃС‹РїР°РЅРѕ Р·РґРµСЃСЊ.
[1;31mРРЅРѕР·РµРјРµС† СЃС‚РѕРёС‚ Р·РґРµСЃСЊ.
РЎС‚Р°СЂС‹Р№ С†С‹РіР°РЅ СЃРёРґРёС‚ Р·РґРµСЃСЊ.
[0;0m[1;36mРРЅРѕР·РµРјРµС† СЃРєР°Р·Р°Р» РІР°Рј : 'РќРµ РїРѕРґСЃРєР°Р¶РµС‚Рµ, Р»СЋРґРё РґРѕР±СЂС‹Рµ, РєР°Рє РґРѕР±СЂР°С‚СЊСЃСЏ РґРѕ РљРёРµРІР°?'[0;37m
[1;30mРРЅРѕР·РµРјРµС† РѕС‰РµСЂРёР» Р·СѓР±С‹ РІ РіРЅСѓСЃРЅРѕР№ СѓС…РјС‹Р»РєРµ.[0;0m
[1;36mРЎС‚Р°СЂС‹Р№ С†С‹РіР°РЅ СЃРєР°Р·Р°Р» РІР°Рј : 'РҐРѕС‡РµС€СЊ РґРѕРІРµР·Сѓ С‚РµР±СЏ РґРѕ РѕРґРЅРѕРіРѕ РјРµСЃС‚Р°, СЃР°Рј С‚СѓРґР° С‚С‹ РЅРµ РїСЂРѕР±РµСЂРµС€СЊСЃСЏ!'[0;37m
[1;36mРЎС‚Р°СЂС‹Р№ С†С‹РіР°РЅ СЃРєР°Р·Р°Р» РІР°Рј : 'Р’СЃРµРіРѕ-С‚Рѕ 7 РєСѓРЅ Рё С‚С‹ С‚Р°Рј!'[0;37m

[0;32m196H[0;37m [0;32m106M[0;37m 29970Рѕ Р—Р°СѓС‡:0 Р’С‹С…:РЎ> ящР’С‹ РїРѕРїР»РµР»РёСЃСЊ РЅР° СЃРµРІРµСЂ.
[1;36mР’ СЋР¶РЅРѕР№ С‡Р°СЃС‚Рё РґРµСЂРµРІРЅРё [5034][0;37m
   Р’ СЋР¶РЅРѕР№ С‡Р°СЃС‚Рё РґРµСЂРµРІРЅРё Р±РµР·Р»СЋРґРЅРѕ Рё С‚РёС…Рѕ. РџРѕС‡С‚Рё РЅРµ РІРёРґРЅРѕ РјРµСЃС‚РЅС‹С… Р¶РёС‚РµР»РµР№, 
РґР° Рё РєРѕРіРѕ РІСЃС‚СЂРµС‚РёС€СЊ, С‚Рµ Р±С‹СЃС‚СЂРѕ РѕС‚РІРѕСЂР°С‡РёРІР°СЋС‚СЃСЏ Рё СѓС…РѕРґСЏС‚, РєР°Рє Р±СѓРґС‚Рѕ СЃС‚РµСЃРЅСЏСЋС‚СЃСЏ
С‡С‚Рѕ РёС… Р·Р°СЃС‚Р°Р»Рё РІ СЌС‚РѕРј РјРµСЃС‚Рµ. РўРѕР»СЊРєРѕ РїРѕС‡С‚Рё Р·Р°СЂРѕСЃС€Р°СЏ С‚СЂРѕРїР° РІРµРґРµС‚ РІРґРѕР»СЊ РґРѕРјРѕРІ.
Р“РѕРІРѕСЂСЏС‚ Р·РґРµСЃСЊ Р¶РёРІСѓС‚ РєРѕР»РґСѓРЅС‹ Рё РІРµРґСЊРјР°РєРё, Рё РѕР±С‹С‡РЅРѕРјСѓ Р»СЋРґСѓ СЃСЋРґР° РїСѓС‚СЊ Р·Р°РєР°Р·Р°РЅ, 
РјРѕР¶РЅРѕ Рё РїСЂРѕРєР»СЏС‚РёРµ РЅР° РІСЃСЋ Р¶РёР·РЅСЊ РїРѕР»СѓС‡РёС‚СЊ, РґР° Рё РІРѕРІСЃРµ СЃРіРёРЅСѓС‚СЊ.
[0;36m[ Exits: n e s w ][0;37m
[1;33m[1;31mР‘РµР»Р°СЏ РєРѕР·Р° С‰РёРїР»РµС‚ С‚СѓС‚ С‚СЂР°РІРєСѓ.
[0;0m
[0;32m196H[0;37m [0;32m107M[0;37m 29970Рѕ Р—Р°СѓС‡:0 Р’С‹С…:РЎР’Р®Р—> ящР’С‹ РїРѕРїР»РµР»РёСЃСЊ РЅР° СЃРµРІРµСЂ.
[1;36mРљ С†РµРЅС‚СЂСѓ РґРµСЂРµРІРЅРё [5035][0;37m
РћС‚РѕР№РґСЏ РѕС‚ С†РµРЅС‚СЂР° РґРµСЂРµРІРЅРё, РІС‹ РїРѕРїР°Р»Рё РІ СЋР¶РЅСѓСЋ РµРµ С‡Р°СЃС‚СЊ. Р—РґРµСЃСЊ РїРѕС‡С‚Рё РЅРµ РІРёРґРЅРѕ
РјРµСЃС‚РЅС‹С… Р¶РёС‚РµР»РµР№, РЅРµ СЃР»С‹С€РЅРѕ Р·РІСѓРєРѕРІ СЂР°Р±РѕС‚С‹ РїРѕ С…РѕР·СЏР№СЃС‚РІСѓ. РўРѕР»СЊРєРѕ РїРѕС‡С‚Рё Р·Р°СЂРѕСЃС€Р°СЏ
С‚СЂРѕРїР° РІРµРґРµС‚ РІРґРѕР»СЊ РґРѕРјРѕРІ. Р“РѕРІРѕСЂСЏС‚, Р·РґРµСЃСЊ Р¶РёРІСѓС‚ РєРѕР»РґСѓРЅС‹ Рё РІРµРґСЊРјР°РєРё, Рё РѕР±С‹С‡РЅРѕРјСѓ
Р»СЋРґСѓ СЃСЋРґР° РїСѓС‚СЊ Р·Р°РєР°Р·Р°РЅ, РјРѕР¶РЅРѕ Рё РїСЂРѕРєР»СЏС‚РёРµ РЅР° РІСЃСЋ Р¶РёР·РЅСЊ РїРѕР»СѓС‡РёС‚СЊ, РґР° Рё РІРѕРІСЃРµ
СЃРіРёРЅСѓС‚СЊ.
[0;36m[ Exits: n s ][0;37m
[1;33m[1;31m[0;0m
[0;32m196H[0;37m [0;32m106M[0;37m 29970Рѕ Р—Р°СѓС‡:0 Р’С‹С…:РЎР®> ящР’С‹ РїРѕРїР»РµР»РёСЃСЊ РЅР° СЃРµРІРµСЂ.
[1;36mР¦РµРЅС‚СЂ РґРµСЂРµРІРЅРё [5010][0;37m
   Р¦РµРЅС‚СЂР°Р»СЊРЅР°СЏ С‡Р°СЃС‚СЊ РґРµСЂРµРІРЅРё Р·Р°РїРѕР»РЅРµРЅР° РЅСѓР¶РЅС‹РјРё РІСЃРµРј РјР°СЃС‚РµСЂСЃРєРёРјРё Рё Р»Р°РІРєР°РјРё.
РЈРґР°С‡РЅРѕРµ РјРµСЃС‚Рѕ РґРµСЂРµРІРЅРё РІ РЅРµР·Р°РїР°РјСЏС‚РЅС‹Рµ РІСЂРµРјРµРЅР° РїСЂРёРІР»РµРєР»Рѕ СЃСЋРґР° С‚РѕСЂРіРѕРІС†РµРІ Рё
РјР°СЃС‚РµСЂРѕРІС‹С…, Рё СЃ С‚РµС… РїРѕСЂ РїРѕРІРµР»РѕСЃСЊ, С‡С‚Рѕ РІ СЌС‚РѕР№ С‡Р°СЃС‚Рё РґРµСЂРµРІРЅРё СЃС‚РѕСЏС‚ Р±РѕР»СЊС€РёРµ Рё
Р±РѕРіР°С‚С‹Рµ РґРѕРјР°. РЎРѕ РІСЃРµР№ РѕРєСЂСѓРіРё Рё РґР°Р¶Рµ РёР· РґР°Р»РµРєРѕР№ РіР»СѓС€Рё РїСЂРёС…РѕРґСЏС‚ Р»СЋРґРё СЃСЋРґР°
Р·Р° С‚РѕРІР°СЂРѕРј РєСѓРїРёС‚СЊ С‡С‚Рѕ, РїСЂРѕРґР°С‚СЊ С‡С‚Рѕ, Р·Р°РєР°Р·Р°С‚СЊ С‡С‚Рѕ.
[0;36m[ Exits: n e s w ][0;37m
[1;33m[1;31m[0;0m
[0;32m196H[0;37m [0;32m107M[0;37m 29970Рѕ Р—Р°СѓС‡:0 Р’С‹С…:РЎР’Р®Р—> ящР’С‹ РїРѕРїР»РµР»РёСЃСЊ РЅР° РІРѕСЃС‚РѕРє.
[1;36mРЎРєР»Р°Рґ [5053][0;37m
   Р§РµРіРѕ С‚РѕР»СЊРєРѕ РЅРµ РІР°Р»СЏРµС‚СЃСЏ Р·РґРµСЃСЊ - Р±РѕР»СЊС€РёРЅСЃС‚РІРѕ РІРµС‰РµР№ СЂР°Р·Р±СЂРѕСЃР°РЅС‹ РїРѕРІРµСЂС… РґСѓР±РѕРІС‹С…
СЃСѓРЅРґСѓРєРѕРІ, СЃР°РјРё СЃСѓРЅРґСѓРєРё РЅРµ Р·Р°РєСЂС‹РІР°СЋС‚СЃСЏ РѕС‚ РёР·Р»РёС€РЅРµР№ РЅР°Р±РёС‚РѕСЃС‚Рё Р±СЂРѕРЅРµР№ Рё РѕСЂСѓР¶РёРµРј.
РљР°СЂС‚РёРЅСѓ РѕР±С‰РµРіРѕ Р±РµСЃРїРѕСЂСЏРґРєР° РґРѕРїРѕР»РЅСЏСЋС‚ РєР°РєРёРµ-С‚Рѕ РєРёСЃР»С‹Рµ Р·Р°РїР°С…Рё - РІРёРґРёРјРѕ РµРґСѓ РѕРЅРё С‚РѕР¶Рµ
Р·РґРµСЃСЊ С…СЂР°РЅСЏС‚.
[0;36m[ Exits: w ][0;37m
[1;33mРќРµРјРЅРѕРіРѕ РѕС‚СЂСѓР±РµР№ РїСЂРѕСЃС‹РїР°РЅРѕ Р·РґРµСЃСЊ.
РќРµР±РѕР»СЊС€Р°СЏ РґРµСЂРµРІСЏРЅРЅР°СЏ С‚Р°Р±Р»РёС‡РєР° СЃ РєР°РєРѕР№-С‚Рѕ РЅР°РґРїРёСЃСЊСЋ Р·Р°РєСЂРµРїР»РµРЅР° Сѓ РІС…РѕРґР°.
[1;31mРњРѕР»РѕРґРѕР№ РїР°СЂРµРЅСЊ СЃСѓРµС‚РёС‚СЃСЏ РјРµР¶РґСѓ СЃСѓРЅРґСѓРєР°РјРё, РїС‹С‚Р°СЏСЃСЊ РЅР°РІРµСЃС‚Рё РїРѕСЂСЏРґРѕРє.
[0;0m
[0;32m196H[0;37m [0;32m107M[0;37m 29970Рѕ Р—Р°СѓС‡:0 Р’С‹С…:Р—> ящ
[0;32m196H[0;37m [0;32m107M[0;37m 29970Рѕ Р—Р°СѓС‡:0 Р’С‹С…:Р—> ящР’С‹ РїРѕРїР»РµР»РёСЃСЊ РЅР° Р·Р°РїР°Рґ.
[1;36mР¦РµРЅС‚СЂ РґРµСЂРµРІРЅРё [5010][0;37m
   Р¦РµРЅС‚СЂР°Р»СЊРЅР°СЏ С‡Р°СЃС‚СЊ РґРµСЂРµРІРЅРё Р·Р°РїРѕР»РЅРµРЅР° РЅСѓР¶РЅС‹РјРё РІСЃРµРј РјР°СЃС‚РµСЂСЃРєРёРјРё Рё Р»Р°РІРєР°РјРё.
РЈРґР°С‡РЅРѕРµ РјРµСЃС‚Рѕ РґРµСЂРµРІРЅРё РІ РЅРµР·Р°РїР°РјСЏС‚РЅС‹Рµ РІСЂРµРјРµРЅР° РїСЂРёРІР»РµРєР»Рѕ СЃСЋРґР° С‚РѕСЂРіРѕРІС†РµРІ Рё
РјР°СЃС‚РµСЂРѕРІС‹С…, Рё СЃ С‚РµС… РїРѕСЂ РїРѕРІРµР»РѕСЃСЊ, С‡С‚Рѕ РІ СЌС‚РѕР№ С‡Р°СЃС‚Рё РґРµСЂРµРІРЅРё СЃС‚РѕСЏС‚ Р±РѕР»СЊС€РёРµ Рё
Р±РѕРіР°С‚С‹Рµ РґРѕРјР°. РЎРѕ РІСЃРµР№ РѕРєСЂСѓРіРё Рё РґР°Р¶Рµ РёР· РґР°Р»РµРєРѕР№ РіР»СѓС€Рё РїСЂРёС…РѕРґСЏС‚ Р»СЋРґРё СЃСЋРґР°
Р·Р° С‚РѕРІР°СЂРѕРј РєСѓРїРёС‚СЊ С‡С‚Рѕ, РїСЂРѕРґР°С‚СЊ С‡С‚Рѕ, Р·Р°РєР°Р·Р°С‚СЊ С‡С‚Рѕ.
[0;36m[ Exits: n e s w ][0;37m
[1;33m[1;31m[0;0m
[0;32m196H[0;37m [0;32m106M[0;37m 29970Рѕ Р—Р°СѓС‡:0 Р’С‹С…:РЎР’Р®Р—> ящР’С‹ РїРѕРїР»РµР»РёСЃСЊ РЅР° СЃРµРІРµСЂ.
[1;36mР¦РµРЅС‚СЂ РґРµСЂРµРІРЅРё [5009][0;37m
   Р¦РµРЅС‚СЂР°Р»СЊРЅР°СЏ С‡Р°СЃС‚СЊ РґРµСЂРµРІРЅРё Р·Р°РїРѕР»РЅРµРЅР° РЅСѓР¶РЅС‹РјРё РІСЃРµРј РјР°СЃС‚РµСЂСЃРєРёРјРё Рё Р»Р°РІРєР°РјРё.
РЈРґР°С‡РЅРѕРµ РјРµСЃС‚Рѕ РґРµСЂРµРІРЅРё РІ РЅРµР·Р°РїР°РјСЏС‚РЅС‹Рµ РІСЂРµРјРµРЅР° РїСЂРёРІР»РµРєР»Рѕ СЃСЋРґР° С‚РѕСЂРіРѕРІС†РµРІ Рё
РјР°СЃС‚РµСЂРѕРІС‹С…, Рё СЃ С‚РµС… РїРѕСЂ РїРѕРІРµР»РѕСЃСЊ, С‡С‚Рѕ РІ СЌС‚РѕР№ С‡Р°СЃС‚Рё РґРµСЂРµРІРЅРё СЃС‚РѕСЏС‚ Р±РѕР»СЊС€РёРµ Рё
Р±РѕРіР°С‚С‹Рµ РґРѕРјР°. РЎРѕ РІСЃРµР№ РѕРєСЂСѓРіРё Рё РґР°Р¶Рµ РёР· РґР°Р»РµРєРѕР№ РіР»СѓС€Рё РїСЂРёС…РѕРґСЏС‚ Р»СЋРґРё СЃСЋРґР°
Р·Р° С‚РѕРІР°СЂРѕРј РєСѓРїРёС‚СЊ С‡С‚Рѕ, РїСЂРѕРґР°С‚СЊ С‡С‚Рѕ, Р·Р°РєР°Р·Р°С‚СЊ С‡С‚Рѕ.
[0;36m[ Exits: n e s w ][0;37m
[1;33m[1;31m[0;0m
[0;32m196H[0;37m [0;32m106M[0;37m 29970Рѕ Р—Р°СѓС‡:0 Р’С‹С…:РЎР’Р®Р—> ящР’С‹ РїРѕРїР»РµР»РёСЃСЊ РЅР° РІРѕСЃС‚РѕРє.
[1;36mР”РІРѕСЂ СЃС‚Р°СЂРµР№С€РёРЅС‹ [5030][0;37m
   Р­С‚Рѕ СЃР°РјС‹Р№ Р±РѕР»СЊС€РѕР№ РґРІРѕСЂ РІ РґРµСЂРµРІРЅРё. Р—РґРµСЃСЊ РїСЂРѕРёСЃС…РѕРґСЏС‚ СЃС…РѕРґС‹ Р¶РёС‚РµР»РµР№ РґР»СЏ 
СЂРµС€РµРЅРёСЏ РѕР±С‰РёС… РїСЂРѕР±Р»РµРј. РљР°Р¶РґС‹Р№ РјРѕР¶РµС‚ РІС‹СЃРєР°Р·Р°С‚СЊСЃСЏ РЅР° СЌС‚РѕРј СЃРѕР±СЂР°РЅРёРё РЅРµР·Р°РІРёСЃРёРјРѕ
РѕС‚ СЃРІРѕРµРіРѕ СЃС‚Р°С‚СѓСЃР°. РРјРµРЅРЅРѕ Р·РґРµСЃСЊ СЂРµС€Р°СЋС‚СЃСЏ СЃСЃРѕСЂС‹, РЅР°РєР°Р·С‹РІР°СЋС‚СЃСЏ СЃРѕРІРµСЂС€РёРІС€РёРµ
РїР»РѕС…РёРµ РїСЂРѕСЃС‚СѓРїРєРё.
[0;36m[ Exits: e w ][0;37m
[1;33m[1;31mР•С„РёРјРёР№, Р±СЂР°С‚ РґРµСЂРµРІРµРЅСЃРєРѕРіРѕ СЃС‚Р°СЂРѕСЃС‚С‹, СЃС‚РѕРёС‚ Р·РґРµСЃСЊ.
[0;0m
[0;32m196H[0;37m [0;32m106M[0;37m 29970Рѕ Р—Р°СѓС‡:0 Р’С‹С…:Р’Р—> ящР’С‹ РїРѕРїР»РµР»РёСЃСЊ РЅР° Р·Р°РїР°Рґ.
[1;36mР¦РµРЅС‚СЂ РґРµСЂРµРІРЅРё [5009][0;37m
   Р¦РµРЅС‚СЂР°Р»СЊРЅР°СЏ С‡Р°СЃС‚СЊ РґРµСЂРµРІРЅРё Р·Р°РїРѕР»РЅРµРЅР° РЅСѓР¶РЅС‹РјРё РІСЃРµРј РјР°СЃС‚РµСЂСЃРєРёРјРё Рё Р»Р°РІРєР°РјРё.
РЈРґР°С‡РЅРѕРµ РјРµСЃС‚Рѕ РґРµСЂРµРІРЅРё РІ РЅРµР·Р°РїР°РјСЏС‚РЅС‹Рµ РІСЂРµРјРµРЅР° РїСЂРёРІР»РµРєР»Рѕ СЃСЋРґР° С‚РѕСЂРіРѕРІС†РµРІ Рё
РјР°СЃС‚РµСЂРѕРІС‹С…, Рё СЃ С‚РµС… РїРѕСЂ РїРѕРІРµР»РѕСЃСЊ, С‡С‚Рѕ РІ СЌС‚РѕР№ С‡Р°СЃС‚Рё РґРµСЂРµРІРЅРё СЃС‚РѕСЏС‚ Р±РѕР»СЊС€РёРµ Рё
Р±РѕРіР°С‚С‹Рµ РґРѕРјР°. РЎРѕ РІСЃРµР№ РѕРєСЂСѓРіРё Рё РґР°Р¶Рµ РёР· РґР°Р»РµРєРѕР№ РіР»СѓС€Рё РїСЂРёС…РѕРґСЏС‚ Р»СЋРґРё СЃСЋРґР°
Р·Р° С‚РѕРІР°СЂРѕРј РєСѓРїРёС‚СЊ С‡С‚Рѕ, РїСЂРѕРґР°С‚СЊ С‡С‚Рѕ, Р·Р°РєР°Р·Р°С‚СЊ С‡С‚Рѕ.
[0;36m[ Exits: n e s w ][0;37m
[1;33m[1;31m[0;0m
[0;32m196H[0;37m [0;32m107M[0;37m 29970Рѕ Р—Р°СѓС‡:0 Р’С‹С…:РЎР’Р®Р—> ящР’С‹ РїРѕРїР»РµР»РёСЃСЊ РЅР° СЃРµРІРµСЂ.
[1;36mРџРµСЂРµРґ РєРѕРЅСЋС€РЅРµР№ [5003][0;37m
   Р¦РµРЅС‚СЂР°Р»СЊРЅР°СЏ С‡Р°СЃС‚СЊ РґРµСЂРµРІРЅРё Р·Р°РїРѕР»РЅРµРЅР° РЅСѓР¶РЅС‹РјРё РІСЃРµРј РјР°СЃС‚РµСЂСЃРєРёРјРё Рё Р»Р°РІРєР°РјРё.
РЈРґР°С‡РЅРѕРµ РјРµСЃС‚Рѕ РґРµСЂРµРІРЅРё РІ РЅРµР·Р°РїР°РјСЏС‚РЅС‹Рµ РІСЂРµРјРµРЅР° РїСЂРёРІР»РµРєР»Рѕ СЃСЋРґР° С‚РѕСЂРіРѕРІС†РµРІ Рё
РјР°СЃС‚РµСЂРѕРІС‹С…, Рё СЃ С‚РµС… РїРѕСЂ РїРѕРІРµР»РѕСЃСЊ, С‡С‚Рѕ РІ СЌС‚РѕР№ С‡Р°СЃС‚Рё РґРµСЂРµРІРЅРё СЃС‚РѕСЏС‚ Р±РѕР»СЊС€РёРµ Рё
Р±РѕРіР°С‚С‹Рµ РґРѕРјР°. РЎРѕ РІСЃРµР№ РѕРєСЂСѓРіРё Рё РґР°Р¶Рµ РёР· РґР°Р»РµРєРѕР№ РіР»СѓС€Рё РїСЂРёС…РѕРґСЏС‚ Р»СЋРґРё СЃСЋРґР°
Р·Р° С‚РѕРІР°СЂРѕРј РєСѓРїРёС‚СЊ С‡С‚Рѕ, РїСЂРѕРґР°С‚СЊ С‡С‚Рѕ, Р·Р°РєР°Р·Р°С‚СЊ С‡С‚Рѕ.
[0;36m[ Exits: n e s w ][0;37m
[1;33m[1;31mРњРµСЃС‚РЅС‹Р№ Р¶РёС‚РµР»СЊ РёРґРµС‚ Р·РґРµСЃСЊ.
[0;0m
[0;32m196H[0;37m [0;32m106M[0;37m 29970Рѕ Р—Р°СѓС‡:0 Р’С‹С…:РЎР’Р®Р—> ящ
РњРµСЃС‚РЅС‹Р№ Р¶РёС‚РµР»СЊ СѓС€РµР» РЅР° СЃРµРІРµСЂ.

[0;32m196H[0;37m [0;32m108M[0;37m 29970Рѕ Р—Р°СѓС‡:0 Р’С‹С…:РЎР’Р®Р—> ящР’С‹ РїРѕРїР»РµР»РёСЃСЊ РЅР° РІРѕСЃС‚РѕРє.
[1;36mРљРѕРЅСЋС€РЅСЏ [5002][0;37m
   РџРѕРєРѕСЃРёРІС€РёРµСЃСЏ РІРѕСЂРѕС‚Р° Р¶Р°Р»РѕР±РЅРѕ СЃРєСЂРёРїСЏС‚ РЅР° РЅРµСЃРјР°Р·Р°РЅРЅС‹С… РїРµС‚Р»СЏС…. Р’РґРѕР»СЊ СЃС‚РµРЅ
СЂР°СЃРїРѕР»РѕР¶РµРЅС‹ СЃС‚РѕР№Р»Р° СЃ Р»РѕС€Р°РґСЊРјРё. Р—РґРµСЃСЊ РјРѕР¶РЅРѕ РѕСЃС‚Р°РІРёС‚СЊ СЃРІРѕРµРіРѕ РІРµСЂРЅРѕРіРѕ СЃРєР°РєСѓРЅР°
РёР»Рё РІС‹Р±СЂР°С‚СЊ РЅРѕРІРѕРіРѕ Р·Р° СѓРјРµСЂРµРЅРЅСѓСЋ РїР»Р°С‚Сѓ. Р‘РµР·Р»РѕС€Р°РґРЅС‹Рј РґР°Р»РµРєРѕ РЅРµ СѓР№РґРµС€СЊ РїРѕ
Р±РµСЃРєСЂР°Р№РЅРёРј РїСЂРѕСЃС‚РѕСЂР°Рј СЂСѓСЃСЃРєРёРј.
[0;36m[ Exits: w ][0;37m
[1;33m[1;31mРљРѕРЅСЊ СЃС‚РѕРёС‚ Р·РґРµСЃСЊ.
РљРѕРЅСЊ СЃС‚РѕРёС‚ Р·РґРµСЃСЊ.
РљРѕРЅСЊ СЃС‚РѕРёС‚ Р·РґРµСЃСЊ.
РљРѕРЅСЋС… СЃС‚РѕРёС‚ Р·РґРµСЃСЊ, СЃ РёРЅС‚РµСЂРµСЃРѕРј РїРѕРіР»СЏРґС‹РІР°СЏ РїРѕ СЃС‚РѕСЂРѕРЅР°Рј.
[0;0m
[0;32m196H[0;37m [0;32m107M[0;37m 29970Рѕ Р—Р°СѓС‡:0 Р’С‹С…:Р—> ящР’С‹ РїРѕРїР»РµР»РёСЃСЊ РЅР° Р·Р°РїР°Рґ.
[1;36mРџРµСЂРµРґ РєРѕРЅСЋС€РЅРµР№ [5003][0;37m
   Р¦РµРЅС‚СЂР°Р»СЊРЅР°СЏ С‡Р°СЃС‚СЊ РґРµСЂРµРІРЅРё Р·Р°РїРѕР»РЅРµРЅР° РЅСѓР¶РЅС‹РјРё РІСЃРµРј РјР°СЃС‚РµСЂСЃРєРёРјРё Рё Р»Р°РІРєР°РјРё.
РЈРґР°С‡РЅРѕРµ РјРµСЃС‚Рѕ РґРµСЂРµРІРЅРё РІ РЅРµР·Р°РїР°РјСЏС‚РЅС‹Рµ РІСЂРµРјРµРЅР° РїСЂРёРІР»РµРєР»Рѕ СЃСЋРґР° С‚РѕСЂРіРѕРІС†РµРІ Рё
РјР°СЃС‚РµСЂРѕРІС‹С…, Рё СЃ С‚РµС… РїРѕСЂ РїРѕРІРµР»РѕСЃСЊ, С‡С‚Рѕ РІ СЌС‚РѕР№ С‡Р°СЃС‚Рё РґРµСЂРµРІРЅРё СЃС‚РѕСЏС‚ Р±РѕР»СЊС€РёРµ Рё
Р±РѕРіР°С‚С‹Рµ РґРѕРјР°. РЎРѕ РІСЃРµР№ РѕРєСЂСѓРіРё Рё РґР°Р¶Рµ РёР· РґР°Р»РµРєРѕР№ РіР»СѓС€Рё РїСЂРёС…РѕРґСЏС‚ Р»СЋРґРё СЃСЋРґР°
Р·Р° С‚РѕРІР°СЂРѕРј РєСѓРїРёС‚СЊ С‡С‚Рѕ, РїСЂРѕРґР°С‚СЊ С‡С‚Рѕ, Р·Р°РєР°Р·Р°С‚СЊ С‡С‚Рѕ.
[0;36m[ Exits: n e s w ][0;37m
[1;33m[1;31m[0;0m
[0;32m196H[0;37m [0;32m106M[0;37m 29970Рѕ Р—Р°СѓС‡:0 Р’С‹С…:РЎР’Р®Р—> ящР’С‹ РїРѕРїР»РµР»РёСЃСЊ РЅР° СЃРµРІРµСЂ.
[1;36mР¦РµРЅС‚СЂ РґРµСЂРµРІРЅРё [5004][0;37m
   Р¦РµРЅС‚СЂР°Р»СЊРЅР°СЏ С‡Р°СЃС‚СЊ РґРµСЂРµРІРЅРё Р·Р°РїРѕР»РЅРµРЅР° РЅСѓР¶РЅС‹РјРё РІСЃРµРј РјР°СЃС‚РµСЂСЃРєРёРјРё Рё Р»Р°РІРєР°РјРё.
РЈРґР°С‡РЅРѕРµ РјРµСЃС‚Рѕ РґРµСЂРµРІРЅРё РІ РЅРµР·Р°РїР°РјСЏС‚РЅС‹Рµ РІСЂРµРјРµРЅР° РїСЂРёРІР»РµРєР»Рѕ СЃСЋРґР° С‚РѕСЂРіРѕРІС†РµРІ Рё
РјР°СЃС‚РµСЂРѕРІС‹С…, Рё СЃ С‚РµС… РїРѕСЂ РїРѕРІРµР»РѕСЃСЊ, С‡С‚Рѕ РІ СЌС‚РѕР№ С‡Р°СЃС‚Рё РґРµСЂРµРІРЅРё СЃС‚РѕСЏС‚ Р±РѕР»СЊС€РёРµ Рё
Р±РѕРіР°С‚С‹Рµ РґРѕРјР°. РЎРѕ РІСЃРµР№ РѕРєСЂСѓРіРё Рё РґР°Р¶Рµ РёР· РґР°Р»РµРєРѕР№ РіР»СѓС€Рё РїСЂРёС…РѕРґСЏС‚ Р»СЋРґРё СЃСЋРґР°
Р·Р° С‚РѕРІР°СЂРѕРј РєСѓРїРёС‚СЊ С‡С‚Рѕ, РїСЂРѕРґР°С‚СЊ С‡С‚Рѕ, Р·Р°РєР°Р·Р°С‚СЊ С‡С‚Рѕ.
[0;36m[ Exits: n s w ][0;37m
[1;33m[1;31mРџРѕР¶РёР»РѕР№ С€РёСЂРѕРєРѕРїР»РµС‡РёР№ РєСЂРµСЃС‚СЊСЏРЅРёРЅ РІ РґРѕР±СЂРѕС‚РЅРѕР№ РѕРґРµР¶РґРµ РїСЂРѕС…Р°Р¶РёРІР°РµС‚СЃСЏ С‚СѓС‚.
РњРµСЃС‚РЅС‹Р№ Р¶РёС‚РµР»СЊ РёРґРµС‚ Р·РґРµСЃСЊ.
РџРѕР¶РёР»РѕР№ С€РёСЂРѕРєРѕРїР»РµС‡РёР№ РєСЂРµСЃС‚СЊСЏРЅРёРЅ РІ РґРѕР±СЂРѕС‚РЅРѕР№ РѕРґРµР¶РґРµ РїСЂРѕС…Р°Р¶РёРІР°РµС‚СЃСЏ С‚СѓС‚.
РџРѕР¶РёР»РѕР№ С€РёСЂРѕРєРѕРїР»РµС‡РёР№ РєСЂРµСЃС‚СЊСЏРЅРёРЅ РІ РґРѕР±СЂРѕС‚РЅРѕР№ РѕРґРµР¶РґРµ РїСЂРѕС…Р°Р¶РёРІР°РµС‚СЃСЏ С‚СѓС‚.
Р‘Р°Р·Р°СЂРЅС‹Р№ Р·Р°Р·С‹РІР°Р»Р° СЃС‚РѕРёС‚ Р·РґРµСЃСЊ, Р·С‹С‡РЅС‹Рј РіРѕР»РѕСЃРѕРј СЂР°СЃС…РІР°Р»РёРІР°СЏ РІС‹СЃС‚Р°РІР»РµРЅРЅС‹Р№ С‚РѕРІР°СЂ.
[0;0m
[0;32m196H[0;37m [0;32m106M[0;37m 29970Рѕ Р—Р°СѓС‡:0 Р’С‹С…:РЎР®Р—> ящР’С‹ РїРѕРїР»РµР»РёСЃСЊ РЅР° СЃРµРІРµСЂ.
[1;36mРџРµСЂРµРґ РїРѕСЃС‚РѕСЏР»С‹Рј РґРІРѕСЂРѕРј [5005][0;37m
   Р§СѓС‚СЊ РЅРµ СЃРїРѕС‚РєРЅСѓРІС€РёСЃСЊ Рѕ РґРѕСЃРєСѓ, Р»РµР¶Р°С‰СѓСЋ СЃСЂР°Р·Сѓ Сѓ РїРѕСЂРѕРіР° РїРѕСЃС‚РѕСЏР»РѕРіРѕ РґРІРѕСЂР°,
РІС‹ РѕРєР°Р·Р°Р»РёСЃСЊ РЅР° С†РµРЅС‚СЂР°Р»СЊРЅРѕР№ СѓР»РёС†Рµ РґРµСЂРµРІРЅРё. РРјРµРЅРЅРѕ РЅР° СЌС‚РѕР№ СѓР»РёС†Рµ РјРѕР¶РЅРѕ 
Р±С‹СЃС‚СЂРѕ РЅР°Р№С‚Рё Р»Р°РІРєСѓ СЂРµРјРµСЃР»РµРЅРЅРёРєР°, РґРѕРј Р·РЅР°С…Р°СЂСЏ, РєРѕРЅСЋС€РЅСЋ Рё РґРѕРј СЃС‚Р°СЂРµР№С€РёРЅС‹.
Р’ СЋР¶РЅРѕР№ С‡Р°СЃС‚Рё РґРµСЂРµРІРЅРё РїРѕСЃРµР»РёР»РёСЃСЊ РІРѕСЂРѕР¶РµРё.
[0;36m[ Exits: n e s w ][0;37m
[1;33m[1;31m[0;0m
[0;32m196H[0;37m [0;32m107M[0;37m 29970Рѕ Р—Р°СѓС‡:0 Р’С‹С…:РЎР’Р®Р—> ящР’С‹ РїРѕРїР»РµР»РёСЃСЊ РЅР° СЋРі.
[1;36mР¦РµРЅС‚СЂ РґРµСЂРµРІРЅРё [5004][0;37m
   Р¦РµРЅС‚СЂР°Р»СЊРЅР°СЏ С‡Р°СЃС‚СЊ РґРµСЂРµРІРЅРё Р·Р°РїРѕР»РЅРµРЅР° РЅСѓР¶РЅС‹РјРё РІСЃРµРј РјР°СЃС‚РµСЂСЃРєРёРјРё Рё Р»Р°РІРєР°РјРё.
РЈРґР°С‡РЅРѕРµ РјРµСЃС‚Рѕ РґРµСЂРµРІРЅРё РІ РЅРµР·Р°РїР°РјСЏС‚РЅС‹Рµ РІСЂРµРјРµРЅР° РїСЂРёРІР»РµРєР»Рѕ СЃСЋРґР° С‚РѕСЂРіРѕРІС†РµРІ Рё
РјР°СЃС‚РµСЂРѕРІС‹С…, Рё СЃ С‚РµС… РїРѕСЂ РїРѕРІРµР»РѕСЃСЊ, С‡С‚Рѕ РІ СЌС‚РѕР№ С‡Р°СЃС‚Рё РґРµСЂРµРІРЅРё СЃС‚РѕСЏС‚ Р±РѕР»СЊС€РёРµ Рё
Р±РѕРіР°С‚С‹Рµ РґРѕРјР°. РЎРѕ РІСЃРµР№ РѕРєСЂСѓРіРё Рё РґР°Р¶Рµ РёР· РґР°Р»РµРєРѕР№ РіР»СѓС€Рё РїСЂРёС…РѕРґСЏС‚ Р»СЋРґРё СЃСЋРґР°
Р·Р° С‚РѕРІР°СЂРѕРј РєСѓРїРёС‚СЊ С‡С‚Рѕ, РїСЂРѕРґР°С‚СЊ С‡С‚Рѕ, Р·Р°РєР°Р·Р°С‚СЊ С‡С‚Рѕ.
[0;36m[ Exits: n s w ][0;37m
[1;33m[1;31mРџРѕР¶РёР»РѕР№ С€РёСЂРѕРєРѕРїР»РµС‡РёР№ РєСЂРµСЃС‚СЊСЏРЅРёРЅ РІ РґРѕР±СЂРѕС‚РЅРѕР№ РѕРґРµР¶РґРµ РїСЂРѕС…Р°Р¶РёРІР°РµС‚СЃСЏ С‚СѓС‚.
РњРµСЃС‚РЅС‹Р№ Р¶РёС‚РµР»СЊ РёРґРµС‚ Р·РґРµСЃСЊ.
РџРѕР¶РёР»РѕР№ С€РёСЂРѕРєРѕРїР»РµС‡РёР№ РєСЂРµСЃС‚СЊСЏРЅРёРЅ РІ РґРѕР±СЂРѕС‚РЅРѕР№ РѕРґРµР¶РґРµ РїСЂРѕС…Р°Р¶РёРІР°РµС‚СЃСЏ С‚СѓС‚.
РџРѕР¶РёР»РѕР№ С€РёСЂРѕРєРѕРїР»РµС‡РёР№ РєСЂРµСЃС‚СЊСЏРЅРёРЅ РІ РґРѕР±СЂРѕС‚РЅРѕР№ РѕРґРµР¶РґРµ РїСЂРѕС…Р°Р¶РёРІР°РµС‚СЃСЏ С‚СѓС‚.
Р‘Р°Р·Р°СЂРЅС‹Р№ Р·Р°Р·С‹РІР°Р»Р° СЃС‚РѕРёС‚ Р·РґРµСЃСЊ, Р·С‹С‡РЅС‹Рј РіРѕР»РѕСЃРѕРј СЂР°СЃС…РІР°Р»РёРІР°СЏ РІС‹СЃС‚Р°РІР»РµРЅРЅС‹Р№ С‚РѕРІР°СЂ.
[0;0m
[0;32m196H[0;37m [0;32m107M[0;37m 29970Рѕ Р—Р°СѓС‡:0 Р’С‹С…:РЎР®Р—> ящР’С‹ РїРѕРїР»РµР»РёСЃСЊ РЅР° Р·Р°РїР°Рґ.
[1;36mРЈ РєРѕР»РѕРґС†Р° [5011][0;37m
   РҐРѕСЂРѕС€Р° РІРѕРґРёС†Р°, СЃРєРѕР»СЊРєРѕ РЅРµ РІС‹РїСЊРµС€СЊ РІСЃРµ СЂР°РІРЅРѕ РјР°Р»Рѕ. РЎС‚Р°СЂС‹Р№ РєРѕР»РѕРґРµС† РіРѕРІРѕСЂСЏС‚
РєРѕРїР°Р» РµС‰Рµ РїРµСЂРІС‹Р№ РѕСЃРЅРѕРІР°С‚РµР»СЊ РґРµСЂРµРІРЅРё. РћРЅ Р»РёС‡РЅРѕ РЅР°С€РµР» РјРµСЃС‚Рѕ, РІС‹РєРѕРїР°Р» Рё СЃРѕРѕСЂСѓРґРёР»
РєРѕР»РѕРґРµС†. РЎ С‚РµС… РїРѕСЂ РЅРµ РёСЃСЃСЏРєР°РµС‚ РІРѕРґР° РІ РєРѕР»РѕРґС†Рµ, Р° РїРѕРїСЂРѕР±РѕРІР°С‚СЊ РµРµ РїСЂРёРµР·Р¶Р°СЋС‚ РёР·
РґР°Р»РµРєРёС… РјРµСЃС‚.
[0;36m[ Exits: e ][0;37m
[1;33mРЈ РІР°С€РёС… РЅРѕРі Р»РµР¶РёС‚ РіР»РёРЅСЏРЅР°СЏ РїР»РѕС€РєР°.
РљРѕР»РѕРґРµС† РІС‹РєРѕРїР°РЅ Р·РґРµСЃСЊ.
[1;31m[0;0m
[0;32m196H[0;37m [0;32m106M[0;37m 29970Рѕ Р—Р°СѓС‡:0 Р’С‹С…:Р’> ящР’С‹ РїРѕРїР»РµР»РёСЃСЊ РЅР° РІРѕСЃС‚РѕРє.
[1;36mР¦РµРЅС‚СЂ РґРµСЂРµРІРЅРё [5004][0;37m
   Р¦РµРЅС‚СЂР°Р»СЊРЅР°СЏ С‡Р°СЃС‚СЊ РґРµСЂРµРІРЅРё Р·Р°РїРѕР»РЅРµРЅР° РЅСѓР¶РЅС‹РјРё РІСЃРµРј РјР°СЃС‚РµСЂСЃРєРёРјРё Рё Р»Р°РІРєР°РјРё.
РЈРґР°С‡РЅРѕРµ РјРµСЃС‚Рѕ РґРµСЂРµРІРЅРё РІ РЅРµР·Р°РїР°РјСЏС‚РЅС‹Рµ РІСЂРµРјРµРЅР° РїСЂРёРІР»РµРєР»Рѕ СЃСЋРґР° С‚РѕСЂРіРѕРІС†РµРІ Рё
РјР°СЃС‚РµСЂРѕРІС‹С…, Рё СЃ С‚РµС… РїРѕСЂ РїРѕРІРµР»РѕСЃСЊ, С‡С‚Рѕ РІ СЌС‚РѕР№ С‡Р°СЃС‚Рё РґРµСЂРµРІРЅРё СЃС‚РѕСЏС‚ Р±РѕР»СЊС€РёРµ Рё
Р±РѕРіР°С‚С‹Рµ РґРѕРјР°. РЎРѕ РІСЃРµР№ РѕРєСЂСѓРіРё Рё РґР°Р¶Рµ РёР· РґР°Р»РµРєРѕР№ РіР»СѓС€Рё РїСЂРёС…РѕРґСЏС‚ Р»СЋРґРё СЃСЋРґР°
Р·Р° С‚РѕРІР°СЂРѕРј РєСѓРїРёС‚СЊ С‡С‚Рѕ, РїСЂРѕРґР°С‚СЊ С‡С‚Рѕ, Р·Р°РєР°Р·Р°С‚СЊ С‡С‚Рѕ.
[0;36m[ Exits: n s w ][0;37m
[1;33m[1;31mРџРѕР¶РёР»РѕР№ С€РёСЂРѕРєРѕРїР»РµС‡РёР№ РєСЂРµСЃС‚СЊСЏРЅРёРЅ РІ РґРѕР±СЂРѕС‚РЅРѕР№ РѕРґРµР¶РґРµ РїСЂРѕС…Р°Р¶РёРІР°РµС‚СЃСЏ С‚СѓС‚.
РњРµСЃС‚РЅС‹Р№ Р¶РёС‚РµР»СЊ РёРґРµС‚ Р·РґРµСЃСЊ.
РџРѕР¶РёР»РѕР№ С€РёСЂРѕРєРѕРїР»РµС‡РёР№ РєСЂРµСЃС‚СЊСЏРЅРёРЅ РІ РґРѕР±СЂРѕС‚РЅРѕР№ РѕРґРµР¶РґРµ РїСЂРѕС…Р°Р¶РёРІР°РµС‚СЃСЏ С‚СѓС‚.
РџРѕР¶РёР»РѕР№ С€РёСЂРѕРєРѕРїР»РµС‡РёР№ РєСЂРµСЃС‚СЊСЏРЅРёРЅ РІ РґРѕР±СЂРѕС‚РЅРѕР№ РѕРґРµР¶РґРµ РїСЂРѕС…Р°Р¶РёРІР°РµС‚СЃСЏ С‚СѓС‚.
Р‘Р°Р·Р°СЂРЅС‹Р№ Р·Р°Р·С‹РІР°Р»Р° СЃС‚РѕРёС‚ Р·РґРµСЃСЊ, Р·С‹С‡РЅС‹Рј РіРѕР»РѕСЃРѕРј СЂР°СЃС…РІР°Р»РёРІР°СЏ РІС‹СЃС‚Р°РІР»РµРЅРЅС‹Р№ С‚РѕРІР°СЂ.
[0;0m
[0;32m196H[0;37m [0;32m106M[0;37m 29970Рѕ Р—Р°СѓС‡:0 Р’С‹С…:РЎР®Р—> ящР’С‹ РїРѕРїР»РµР»РёСЃСЊ РЅР° СЃРµРІРµСЂ.
[1;36mРџРµСЂРµРґ РїРѕСЃС‚РѕСЏР»С‹Рј РґРІРѕСЂРѕРј [5005][0;37m
   Р§СѓС‚СЊ РЅРµ СЃРїРѕС‚РєРЅСѓРІС€РёСЃСЊ Рѕ РґРѕСЃРєСѓ, Р»РµР¶Р°С‰СѓСЋ СЃСЂР°Р·Сѓ Сѓ РїРѕСЂРѕРіР° РїРѕСЃС‚РѕСЏР»РѕРіРѕ РґРІРѕСЂР°,
РІС‹ РѕРєР°Р·Р°Р»РёСЃСЊ РЅР° С†РµРЅС‚СЂР°Р»СЊРЅРѕР№ СѓР»РёС†Рµ РґРµСЂРµРІРЅРё. РРјРµРЅРЅРѕ РЅР° СЌС‚РѕР№ СѓР»РёС†Рµ РјРѕР¶РЅРѕ 
Р±С‹СЃС‚СЂРѕ РЅР°Р№С‚Рё Р»Р°РІРєСѓ СЂРµРјРµСЃР»РµРЅРЅРёРєР°, РґРѕРј Р·РЅР°С…Р°СЂСЏ, РєРѕРЅСЋС€РЅСЋ Рё РґРѕРј СЃС‚Р°СЂРµР№С€РёРЅС‹.
Р’ СЋР¶РЅРѕР№ С‡Р°СЃС‚Рё РґРµСЂРµРІРЅРё РїРѕСЃРµР»РёР»РёСЃСЊ РІРѕСЂРѕР¶РµРё.
[0;36m[ Exits: n e s w ][0;37m
[1;33m[1;31m[0;0m
[0;32m196H[0;37m [0;32m105M[0;37m 29970Рѕ Р—Р°СѓС‡:0 Р’С‹С…:РЎР’Р®Р—> ящР’С‹ РїРѕРїР»РµР»РёСЃСЊ РЅР° СЃРµРІРµСЂ.
[1;36mРљ С†РµРЅС‚СЂСѓ РґРµСЂРµРІРЅРё [5006][0;37m
   РџРѕРЅРµРјРЅРѕРіСѓ РѕСЃС‚Р°СЋС‚СЃСЏ РїРѕР·Р°РґРё РіР»Р°РІРЅС‹Рµ РґРѕРјР° РґРµСЂРµРІРЅРё, Рё РІРѕРєСЂСѓРі РѕС‚РєСЂС‹РІР°РµС‚СЃСЏ РѕР±С‹С‡РЅС‹Р№
РґРµСЂРµРІРµРЅСЃРєРёР№ РІРёРґ. РљСЂРµРїРєРёРµ РґРѕРјР° СЃ РјР°Р»РµРЅСЊРєРёРјРё РѕРєРЅР°РјРё, РЅРѕ РЅРµРёР·РјРµРЅРЅС‹РјРё С‚СЂСѓР±Р°РјРё
РїРµС‡РµР№. РР·РіРѕСЂРѕРґСЊ, СЃС‚РѕСЏС‰Р°СЏ Р·Р° РґРѕРјР°РјРё РІРґРѕР»СЊ Р»РµСЃР° Рё Р·Р°С‰РёС‰Р°СЋС‰Р°СЏ РґРµСЂРµРІРЅСЋ СЃ С‚С‹Р»Р°. 
РќРµС‚РѕСЂРѕРїР»РёРІС‹Р№ Р»СЋРґ, РёРґСѓС‰РёР№ РїРѕ СЃРІРѕРёРј РёР·РІРµС‡РЅС‹Рј РґРµР»Р°Рј.
[0;36m[ Exits: n e s w ][0;37m
[1;33mРЈ РІР°С€РёС… РЅРѕРі Р»РµР¶РёС‚ РіР»РёРЅСЏРЅР°СЏ РїР»РѕС€РєР°.
[1;31m[0;0m
[0;32m196H[0;37m [0;32m105M[0;37m 29970Рѕ Р—Р°СѓС‡:0 Р’С‹С…:РЎР’Р®Р—> ящР’С‹ РїРѕРїР»РµР»РёСЃСЊ РЅР° Р·Р°РїР°Рґ.
[1;36mР—Р°Р±СЂРѕС€РµРЅРЅС‹Р№ РґРѕРј [5023][0;37m
   РЎ РІРёРґСѓ С…РѕСЂРѕС€РёР№ РґРѕРј СЃС‚РѕРёС‚ РЅР° С†РµРЅС‚СЂР°Р»СЊРЅРѕР№ СѓР»РёС†Рµ СЃСЂРµРґРё Р±РѕР»СЊС€РёС… Рё Р±РѕРіР°С‚С‹С…
РґРѕРјРѕРІ. Р—Р°РєРѕР»РѕС‡РµРЅС‹ СЃС‚Р°РІРЅРё, Р·Р°РїСѓСЃС‚РµРЅСЊРµ РІРѕ РґРІРѕСЂРµ. Р§С‚Рѕ Р·Р° РЅР°РїР°СЃС‚СЊ Р·Р°СЃС‚Р°РІРёР»Р° 
С…РѕР·СЏРµРІ РїРѕРєРёРЅСѓС‚СЊ СЃРІРѕРµ Р¶РёР»РёС‰Рµ Рё РёСЃРєР°С‚СЊ РЅРѕРІРѕРµ РјРµСЃС‚Рѕ.
[0;36m[ Exits: e W ][0;37m
[1;33m[1;31m[0;0m
[0;32m196H[0;37m [0;32m105M[0;37m 29970Рѕ Р—Р°СѓС‡:0 Р’С‹С…:Р’Р—> ящР’С‹ РїРѕРїР»РµР»РёСЃСЊ РЅР° Р·Р°РїР°Рґ.
[1;36mРќР° РєСЂС‹Р»СЊС†Рµ [5100][0;37m
   РџРѕРєРѕСЃРёРІС€РµРµСЃСЏ РєСЂС‹Р»СЊС†Рѕ СЃРєСЂРёРїРёС‚ РїРѕРґ РЅРѕРіР°РјРё. Р”РµСЂРµРІРѕ РїРѕС‡РµСЂРЅРµР»Рѕ Рё РѕР±Р»СѓРїРёР»РѕСЃСЊ, РЅРѕ
СЃРѕС…СЂР°РЅРёР»Рѕ РєСЂРµРїРѕСЃС‚СЊ. РҐРѕС‚СЊ Рё РјРѕР¶РЅРѕ Р·РґРµСЃСЊ РїРѕСЃС‚РѕСЏС‚СЊ, РЅРѕ Р’Р°СЃ Р±РѕР»СЊС€Рµ РёРЅС‚РµСЂРµСЃСѓРµС‚ СЃР°Рј
Р·Р°Р±СЂРѕС€РµРЅРЅС‹Р№ РґРѕРј. РҐРѕС‡РµС‚СЃСЏ Р·Р°Р№С‚Рё, РЅРѕ С…РѕР»РѕРґРѕРє РІ РіСЂСѓРґРё Р·Р°СЃС‚Р°РІР»СЏРµС‚ РїРѕРґСѓРјР°С‚СЊ РЅР°Рґ
СЌС‚РёРј С€Р°РіРѕРј. 
[0;36m[ Exits: E w ][0;37m
[1;33mРЈ РІР°С€РёС… РЅРѕРі Р»РµР¶РёС‚ РіР»РёРЅСЏРЅР°СЏ РїР»РѕС€РєР°.
[1;31mРЎС‚СЂР°РЅСЃС‚РІСѓСЋС‰РёР№ С‚РѕСЂРіРѕРІРµС† РјРµРґР»РµРЅРЅРѕ Р±СЂРµРґРµС‚ РјРёРјРѕ.
...РѕРєСѓС‚Р°РЅ СЃРІРµСЂРєР°СЋС‰РёРј РєРѕРєРѕРЅРѕРј 
[0;0m
Р—Р°Р±СЂРѕС€РµРЅРЅС‹Р№ РґРѕРј (СЃСЂРµРґРЅРёР№ СѓСЂРѕРІРµРЅСЊ: 2).

[0;32m196H[0;37m [0;32m105M[0;37m 29970Рѕ Р—Р°СѓС‡:0 Р’С‹С…:Р’Р—> ящР’С‹ РїРѕРїР»РµР»РёСЃСЊ РЅР° РІРѕСЃС‚РѕРє.
[1;36mР—Р°Р±СЂРѕС€РµРЅРЅС‹Р№ РґРѕРј [5023][0;37m
   РЎ РІРёРґСѓ С…РѕСЂРѕС€РёР№ РґРѕРј СЃС‚РѕРёС‚ РЅР° С†РµРЅС‚СЂР°Р»СЊРЅРѕР№ СѓР»РёС†Рµ СЃСЂРµРґРё Р±РѕР»СЊС€РёС… Рё Р±РѕРіР°С‚С‹С…
РґРѕРјРѕРІ. Р—Р°РєРѕР»РѕС‡РµРЅС‹ СЃС‚Р°РІРЅРё, Р·Р°РїСѓСЃС‚РµРЅСЊРµ РІРѕ РґРІРѕСЂРµ. Р§С‚Рѕ Р·Р° РЅР°РїР°СЃС‚СЊ Р·Р°СЃС‚Р°РІРёР»Р° 
С…РѕР·СЏРµРІ РїРѕРєРёРЅСѓС‚СЊ СЃРІРѕРµ Р¶РёР»РёС‰Рµ Рё РёСЃРєР°С‚СЊ РЅРѕРІРѕРµ РјРµСЃС‚Рѕ.
[0;36m[ Exits: e W ][0;37m
[1;33m[1;31m[0;0m
Р”РµСЂРµРІРЅСЏ Сѓ СЂРµРєРё (2-Р°СЏ СЂРѕРґРѕРІР°СЏ).

[0;32m196H[0;37m [0;32m105M[0;37m 29970Рѕ Р—Р°СѓС‡:0 Р’С‹С…:Р’Р—> ящР’С‹ РїРѕРїР»РµР»РёСЃСЊ РЅР° РІРѕСЃС‚РѕРє.
[1;36mРљ С†РµРЅС‚СЂСѓ РґРµСЂРµРІРЅРё [5006][0;37m
   РџРѕРЅРµРјРЅРѕРіСѓ РѕСЃС‚Р°СЋС‚СЃСЏ РїРѕР·Р°РґРё РіР»Р°РІРЅС‹Рµ РґРѕРјР° РґРµСЂРµРІРЅРё, Рё РІРѕРєСЂСѓРі РѕС‚РєСЂС‹РІР°РµС‚СЃСЏ РѕР±С‹С‡РЅС‹Р№
РґРµСЂРµРІРµРЅСЃРєРёР№ РІРёРґ. РљСЂРµРїРєРёРµ РґРѕРјР° СЃ РјР°Р»РµРЅСЊРєРёРјРё РѕРєРЅР°РјРё, РЅРѕ РЅРµРёР·РјРµРЅРЅС‹РјРё С‚СЂСѓР±Р°РјРё
РїРµС‡РµР№. РР·РіРѕСЂРѕРґСЊ, СЃС‚РѕСЏС‰Р°СЏ Р·Р° РґРѕРјР°РјРё РІРґРѕР»СЊ Р»РµСЃР° Рё Р·Р°С‰РёС‰Р°СЋС‰Р°СЏ РґРµСЂРµРІРЅСЋ СЃ С‚С‹Р»Р°. 
РќРµС‚РѕСЂРѕРїР»РёРІС‹Р№ Р»СЋРґ, РёРґСѓС‰РёР№ РїРѕ СЃРІРѕРёРј РёР·РІРµС‡РЅС‹Рј РґРµР»Р°Рј.
[0;36m[ Exits: n e s w ][0;37m
[1;33mРЈ РІР°С€РёС… РЅРѕРі Р»РµР¶РёС‚ РіР»РёРЅСЏРЅР°СЏ РїР»РѕС€РєР°.
[1;31m[0;0m
[0;32m196H[0;37m [0;32m105M[0;37m 29970Рѕ Р—Р°СѓС‡:0 Р’С‹С…:РЎР’Р®Р—> ящР’С‹ РїРѕРїР»РµР»РёСЃСЊ РЅР° СЃРµРІРµСЂ.
[1;36mР¦РµРЅС‚СЂР°Р»СЊРЅР°СЏ СѓР»РёС†Р° [5012][0;37m
   РџРѕРЅРµРјРЅРѕРіСѓ РѕСЃС‚Р°СЋС‚СЃСЏ РїРѕР·Р°РґРё РіР»Р°РІРЅС‹Рµ РґРѕРјР° РґРµСЂРµРІРЅРё, Рё РІРѕРєСЂСѓРі РѕС‚РєСЂС‹РІР°РµС‚СЃСЏ РѕР±С‹С‡РЅС‹Р№
РґРµСЂРµРІРµРЅСЃРєРёР№ РІРёРґ. РљСЂРµРїРєРёРµ РґРѕРјР° СЃ РјР°Р»РµРЅСЊРєРёРјРё РѕРєРЅР°РјРё, РЅРѕ РЅРµРёР·РјРµРЅРЅС‹РјРё С‚СЂСѓР±Р°РјРё
РїРµС‡РµР№. РР·РіРѕСЂРѕРґСЊ, СЃС‚РѕСЏС‰Р°СЏ Р·Р° РґРѕРјР°РјРё РІРґРѕР»СЊ Р»РµСЃР° Рё Р·Р°С‰РёС‰Р°СЋС‰Р°СЏ РґРµСЂРµРІРЅСЋ СЃ С‚С‹Р»Р°. 
РќРµС‚РѕСЂРѕРїР»РёРІС‹Р№ Р»СЋРґ, РёРґСѓС‰РёР№ РїРѕ СЃРІРѕРёРј РёР·РІРµС‡РЅС‹Рј РґРµР»Р°Рј.
[0;36m[ Exits: n e s ][0;37m
[1;33m[1;31mРњРµСЃС‚РЅР°СЏ Р¶РёС‚РµР»СЊРЅРёС†Р° РёРґРµС‚ РїРѕ СЃРІРѕРёРј РґРµР»Р°Рј.
РњРµСЃС‚РЅС‹Р№ Р¶РёС‚РµР»СЊ РёРґРµС‚ Р·РґРµСЃСЊ.
[0;0m
[0;32m196H[0;37m [0;32m104M[0;37m 29970Рѕ Р—Р°СѓС‡:0 Р’С‹С…:РЎР’Р®> ящР’С‹ РїРѕРїР»РµР»РёСЃСЊ РЅР° РІРѕСЃС‚РѕРє.
[1;36mР РµС‡РЅР°СЏ СѓР»РёС†Р° [5013][0;37m
   Р—РґРµСЃСЊ СѓР»РёС†Р° РїРѕРІРѕСЂР°С‡РёРІР°РµС‚ Рё РѕРїСѓСЃРєР°РµС‚СЃСЏ Рє Р±РµСЂРµРіСѓ СЂРµРєРё. РЎСЂР°Р·Сѓ РїРѕРІРµСЏР»Рѕ 
СЃРІРµР¶РµСЃС‚СЊСЋ Рё РїСЂРѕС…Р»Р°РґРѕР№. Р’РѕРєСЂСѓРі РїРѕС€Р»Рё РґРѕРјР° СЂСЏРґРѕРІС‹С… Р¶РёС‚РµР»РµР№ РґРµСЂРµРІРЅРё СЃ РёС…
РЅРµС…РёС‚СЂС‹РјРё, РЅРѕ РєРѕР»РѕСЂРёС‚РЅС‹РјРё СѓРєСЂР°С€РµРЅРёСЏРјРё.
[0;36m[ Exits: n e s w ][0;37m
[1;33m[1;31mРќРёС‰РёР№ СЃС‚СЂР°РЅРЅРёРє РѕС‚РґС‹С…Р°РµС‚ Р·РґРµСЃСЊ, РїСЂРёС‚СѓР»РёРІС€РёСЃСЊ РїРѕРґ Р·Р°Р±РѕСЂРѕРј.  ..РЎР»РµРї.
[0;0m
[0;32m196H[0;37m [0;32m104M[0;37m 29970Рѕ Р—Р°СѓС‡:0 Р’С‹С…:РЎР’Р®Р—> ящ
[1;30mРќРёС‰РёР№ СЃС‚СЂР°РЅРЅРёРє РїРѕРґРЅСЏР» РіРѕР»РѕРІСѓ Рё РїСЂРёСЃР»СѓС€Р°Р»СЃСЏ Рє РІР°С€РёРј С€Р°РіР°Рј.[0;0m
РќРёС‰РёР№ СЃС‚СЂР°РЅРЅРёРє СЃРєР°Р·Р°Р» : 'РћСЃС‚Р°РЅРѕРІРёСЃСЊ, РґРѕР±СЂС‹Р№ С‡РµР»РѕРІРµРє! РЈРґРµР»Рё РјРЅРµ РјРёРЅСѓС‚Сѓ!'

[0;32m196H[0;37m [0;32m104M[0;37m 29970Рѕ Р—Р°СѓС‡:0 Р’С‹С…:РЎР’Р®Р—> ящР’С‹ РїРѕРїР»РµР»РёСЃСЊ РЅР° Р·Р°РїР°Рґ.
[1;36mР¦РµРЅС‚СЂР°Р»СЊРЅР°СЏ СѓР»РёС†Р° [5012][0;37m
   РџРѕРЅРµРјРЅРѕРіСѓ РѕСЃС‚Р°СЋС‚СЃСЏ РїРѕР·Р°РґРё РіР»Р°РІРЅС‹Рµ РґРѕРјР° РґРµСЂРµРІРЅРё, Рё РІРѕРєСЂСѓРі РѕС‚РєСЂС‹РІР°РµС‚СЃСЏ РѕР±С‹С‡РЅС‹Р№
РґРµСЂРµРІРµРЅСЃРєРёР№ РІРёРґ. РљСЂРµРїРєРёРµ РґРѕРјР° СЃ РјР°Р»РµРЅСЊРєРёРјРё РѕРєРЅР°РјРё, РЅРѕ РЅРµРёР·РјРµРЅРЅС‹РјРё С‚СЂСѓР±Р°РјРё
РїРµС‡РµР№. РР·РіРѕСЂРѕРґСЊ, СЃС‚РѕСЏС‰Р°СЏ Р·Р° РґРѕРјР°РјРё РІРґРѕР»СЊ Р»РµСЃР° Рё Р·Р°С‰РёС‰Р°СЋС‰Р°СЏ РґРµСЂРµРІРЅСЋ СЃ С‚С‹Р»Р°. 
РќРµС‚РѕСЂРѕРїР»РёРІС‹Р№ Р»СЋРґ, РёРґСѓС‰РёР№ РїРѕ СЃРІРѕРёРј РёР·РІРµС‡РЅС‹Рј РґРµР»Р°Рј.
[0;36m[ Exits: n e s ][0;37m
[1;33m[1;31mРњРµСЃС‚РЅР°СЏ Р¶РёС‚РµР»СЊРЅРёС†Р° РёРґРµС‚ РїРѕ СЃРІРѕРёРј РґРµР»Р°Рј.
РњРµСЃС‚РЅС‹Р№ Р¶РёС‚РµР»СЊ РёРґРµС‚ Р·РґРµСЃСЊ.
[0;0m
[0;32m196H[0;37m [0;32m105M[0;37m 29970Рѕ Р—Р°СѓС‡:0 Р’С‹С…:РЎР’Р®> ящР’С‹ РїРѕРїР»РµР»РёСЃСЊ РЅР° СЃРµРІРµСЂ.
[1;36mР›РµСЃРЅР°СЏ СѓР»РёС†Р° [5026][0;37m
   Р—РґРµСЃСЊ СѓР¶Рµ РґРѕРјР° РїРѕРјРµРЅСЊС€Рµ Рё РїРѕРїСЂРѕС‰Рµ, Р·РґРµСЃСЊ Р¶РёРІСѓС‚ СЂСЏРґРѕРІС‹Рµ Р¶РёС‚РµР»Рё РґРµСЂРµРІРЅРё,
РёРј РЅРµ РґРѕ СѓРєСЂР°С€Р°С‚РµР»СЊСЃС‚РІР° СЃРІРѕРёС… Р¶РёР»РёС‰. РЈР»РёС†Р° РІРµРґРµС‚ Рє Р±Р»РёР¶Р°Р№С€РµРјСѓ Р»РµСЃСѓ, РёРјРµРЅРЅРѕ
РїРѕ СЌС‚РѕР№ РґРѕСЂРѕРіРµ С…РѕРґСЏС‚ РјРµСЃС‚РЅС‹Рµ Р¶РёС‚РµР»Рё РїРѕ С…РѕР·СЏР№СЃС‚РІРµРЅРЅС‹Рј РґРµР»Р°Рј.
[0;36m[ Exits: n s ][0;37m
[1;33mРќРµРјРЅРѕРіРѕ РѕС‚СЂСѓР±РµР№ РїСЂРѕСЃС‹РїР°РЅРѕ Р·РґРµСЃСЊ.
[1;31m[0;0m
[0;32m196H[0;37m [0;32m105M[0;37m 29970Рѕ Р—Р°СѓС‡:0 Р’С‹С…:РЎР®> ящР’С‹ РЅРµ СЃРјРѕР¶РµС‚Рµ С‚СѓРґР° РїСЂРѕР№С‚Рё...

[0;32m196H[0;37m [0;32m107M[0;37m 29970Рѕ Р—Р°СѓС‡:0 Р’С‹С…:РЎР®> ящР’С‹ РїРѕРїР»РµР»РёСЃСЊ РЅР° СЃРµРІРµСЂ.
[1;36mР›РµСЃРЅР°СЏ СѓР»РёС†Р° [5027][0;37m
   РўРёС…Р°СЏ СѓР»РёС†Р° СЃ РѕР±С‹С‡РЅС‹РјРё РґРѕРјР°РјРё, СЃ РЅРµС‚РѕСЂРѕРїР»РёРІРѕР№ СЂР°Р·РјРµСЂРµРЅРЅРѕР№ Р¶РёР·РЅСЊСЋ.
Р”РѕСЂРѕРіР° РЅР° СѓР»РёС†Рµ СѓС‚РѕРїС‚Р°РЅРЅР°СЏ Рё СЂРѕРІРЅР°СЏ, РЅРѕ РёРЅРѕРіРґР°, РєРѕРЅРµС‡РЅРѕ, РїСЂРёС…РѕРґРёС‚СЃСЏ
РѕР±С…РѕРґРёС‚СЊ РєСѓС‡РєРё, Р·Р°Р±РѕС‚Р»РёРІРѕ РѕСЃС‚Р°РІР»РµРЅРЅС‹Рµ РєРѕСЂРѕРІР°РјРё.
[0;36m[ Exits: (n) e s w ][0;37m
[1;33m[1;31m[0;0m
[0;32m196H[0;37m [0;32m107M[0;37m 29970Рѕ Р—Р°СѓС‡:0 Р’С‹С…:(РЎ)Р’Р®Р—> ящР’С‹ РїРѕРїР»РµР»РёСЃСЊ РЅР° Р·Р°РїР°Рґ.
[1;36mР–РёР»РёС‰Рµ РѕС…РѕС‚РЅРёРєР° [5029][0;37m
   РџСЂРё РІС…РѕРґРµ РІ РґРѕРј СЃСЂР°Р·Сѓ Р±СЂРѕСЃР°РµС‚СЃСЏ РІ РіР»Р°Р·Р° РѕРіСЂРѕРјРЅРѕРµ РєРѕР»РёС‡РµСЃС‚РІРѕ РѕС…РѕС‚РЅРёС‡СЊРёС…
С‚СЂРѕС„РµРµРІ, Р·Р°РЅРёРјР°СЋС‰РёС… РѕСЃРЅРѕРІРЅРѕРµ РјРµСЃС‚Рѕ РІРѕ РІСЃРµРј РґРѕРјРµ. Р РІ СЃРµРЅСЏС…, Рё РІ РёР·Р±Рµ, РІРµР·РґРµ
Р»РµР¶Р°С‚ СЃРІРµР¶РёРµ Рё СѓР¶Рµ РѕР±СЂР°Р±РѕС‚Р°РЅРЅС‹Рµ С€РєСѓСЂС‹ Р¶РёРІРѕС‚РЅС‹С…, СЂРѕРіР°, РєРѕРїС‹С‚Р°, РєР»С‹РєРё, РІСЃРµ
С‡С‚Рѕ РёРјРµРµС‚ С†РµРЅРЅРѕСЃС‚СЊ.
[0;36m[ Exits: e ][0;37m
[1;33mР§РµРєСѓС€РєР° РІРѕРґРєРё РІР°Р»СЏРµС‚СЃСЏ С‚СѓС‚.
РћР±СЉСЏРІР»РµРЅРёРµ РЅР°С…РѕРґРёС‚СЃСЏ Р·РґРµСЃСЊ.
[1;31mРЎС‚Р°СЂС‹Р№ РѕС…РѕС‚РЅРёРє СЃРёРґРёС‚ Р·РґРµСЃСЊ.
[0;0m
[0;32m196H[0;37m [0;32m106M[0;37m 29970Рѕ Р—Р°СѓС‡:0 Р’С‹С…:Р’> ящР’С‹ РїРѕРїР»РµР»РёСЃСЊ РЅР° РІРѕСЃС‚РѕРє.
[1;36mР›РµСЃРЅР°СЏ СѓР»РёС†Р° [5027][0;37m
   РўРёС…Р°СЏ СѓР»РёС†Р° СЃ РѕР±С‹С‡РЅС‹РјРё РґРѕРјР°РјРё, СЃ РЅРµС‚РѕСЂРѕРїР»РёРІРѕР№ СЂР°Р·РјРµСЂРµРЅРЅРѕР№ Р¶РёР·РЅСЊСЋ.
Р”РѕСЂРѕРіР° РЅР° СѓР»РёС†Рµ СѓС‚РѕРїС‚Р°РЅРЅР°СЏ Рё СЂРѕРІРЅР°СЏ, РЅРѕ РёРЅРѕРіРґР°, РєРѕРЅРµС‡РЅРѕ, РїСЂРёС…РѕРґРёС‚СЃСЏ
РѕР±С…РѕРґРёС‚СЊ РєСѓС‡РєРё, Р·Р°Р±РѕС‚Р»РёРІРѕ РѕСЃС‚Р°РІР»РµРЅРЅС‹Рµ РєРѕСЂРѕРІР°РјРё.
[0;36m[ Exits: (n) e s w ][0;37m
[1;33m[1;31m[0;0m
[0;32m196H[0;37m [0;32m107M[0;37m 29970Рѕ Р—Р°СѓС‡:0 Р’С‹С…:(РЎ)Р’Р®Р—> ящР’С‹ РїРѕРїР»РµР»РёСЃСЊ РЅР° РІРѕСЃС‚РѕРє.
[1;36mР–РёР»РёС‰Рµ РіР°РґР°Р»РєРё [5042][0;37m
   РќРµР±РѕР»СЊС€РѕР№ РґРѕРјРёРє, Р±РµР· РѕР±С‹С‡РЅРѕРіРѕ Р±РѕР»СЊС€РѕРіРѕ РґРІРѕСЂР° Рё РїРѕСЃС‚СЂРѕРµРє. Р¦РІРµС‚Р°СЃС‚С‹Рµ
Р·Р°РЅР°РІРµСЃРё РЅР° РѕРєРЅР°С…, С‡РёСЃС‚РѕРµ РєСЂС‹Р»СЊС†Рѕ Рё СЃРµРЅРё. РќР°Рґ РґРІРµСЂСЊСЋ РїСЂРёР±РёС‚Р° РїРѕРґРєРѕРІР° РЅР°
СЃС‡Р°СЃС‚СЊРµ. Р’ СѓРіР»Сѓ РєРѕРјРЅР°С‚С‹ СЃС‚РѕРёС‚ Р±Р»СЋРґРµС‡РєРѕ СЃ РјРѕР»РѕРєРѕРј, РЅРѕ РЅРµ РґР»СЏ РєРѕС€РєРё, Р° РґР»СЏ
РґРѕРјРѕРІРѕРіРѕ, С‡С‚РѕР±С‹ Р±С‹Р» РІСЃРµРіРґР° СЃС‹С‚, РЅРµ СЃРµСЂС‡Р°Р», Р·Р»С‹С… РґСѓС…РѕРІ РІ РґРѕРј РЅРµ РїСѓСЃРєР°Р»,
С‚РёС€РёРЅСѓ Рё РїРѕРєРѕР№ РЅРµ РЅР°СЂСѓС€Р°Р».
[0;36m[ Exits: w ][0;37m
[1;33m[1;31mР“Р°РґР°Р»РєР° СЂР°СЃРєР»Р°РґС‹РІР°РµС‚ РєР°СЂС‚С‹ Р·РґРµСЃСЊ.
[0;0m
[0;32m196H[0;37m [0;32m106M[0;37m 29970Рѕ Р—Р°СѓС‡:0 Р’С‹С…:Р—> ящР’С‹ РїРѕРїР»РµР»РёСЃСЊ РЅР° Р·Р°РїР°Рґ.
[1;36mР›РµСЃРЅР°СЏ СѓР»РёС†Р° [5027][0;37m
   РўРёС…Р°СЏ СѓР»РёС†Р° СЃ РѕР±С‹С‡РЅС‹РјРё РґРѕРјР°РјРё, СЃ РЅРµС‚РѕСЂРѕРїР»РёРІРѕР№ СЂР°Р·РјРµСЂРµРЅРЅРѕР№ Р¶РёР·РЅСЊСЋ.
Р”РѕСЂРѕРіР° РЅР° СѓР»РёС†Рµ СѓС‚РѕРїС‚Р°РЅРЅР°СЏ Рё СЂРѕРІРЅР°СЏ, РЅРѕ РёРЅРѕРіРґР°, РєРѕРЅРµС‡РЅРѕ, РїСЂРёС…РѕРґРёС‚СЃСЏ
РѕР±С…РѕРґРёС‚СЊ РєСѓС‡РєРё, Р·Р°Р±РѕС‚Р»РёРІРѕ РѕСЃС‚Р°РІР»РµРЅРЅС‹Рµ РєРѕСЂРѕРІР°РјРё.
[0;36m[ Exits: (n) e s w ][0;37m
[1;33m[1;31m[0;0m
[0;32m196H[0;37m [0;32m107M[0;37m 29970Рѕ Р—Р°СѓС‡:0 Р’С‹С…:(РЎ)Р’Р®Р—> ящР’С‹ РїРѕРїР»РµР»РёСЃСЊ РЅР° СЋРі.
[1;36mР›РµСЃРЅР°СЏ СѓР»РёС†Р° [5026][0;37m
   Р—РґРµСЃСЊ СѓР¶Рµ РґРѕРјР° РїРѕРјРµРЅСЊС€Рµ Рё РїРѕРїСЂРѕС‰Рµ, Р·РґРµСЃСЊ Р¶РёРІСѓС‚ СЂСЏРґРѕРІС‹Рµ Р¶РёС‚РµР»Рё РґРµСЂРµРІРЅРё,
РёРј РЅРµ РґРѕ СѓРєСЂР°С€Р°С‚РµР»СЊСЃС‚РІР° СЃРІРѕРёС… Р¶РёР»РёС‰. РЈР»РёС†Р° РІРµРґРµС‚ Рє Р±Р»РёР¶Р°Р№С€РµРјСѓ Р»РµСЃСѓ, РёРјРµРЅРЅРѕ
РїРѕ СЌС‚РѕР№ РґРѕСЂРѕРіРµ С…РѕРґСЏС‚ РјРµСЃС‚РЅС‹Рµ Р¶РёС‚РµР»Рё РїРѕ С…РѕР·СЏР№СЃС‚РІРµРЅРЅС‹Рј РґРµР»Р°Рј.
[0;36m[ Exits: n s ][0;37m
[1;33mРќРµРјРЅРѕРіРѕ РѕС‚СЂСѓР±РµР№ РїСЂРѕСЃС‹РїР°РЅРѕ Р·РґРµСЃСЊ.
[1;31m[0;0m
[0;32m196H[0;37m [0;32m106M[0;37m 29970Рѕ Р—Р°СѓС‡:0 Р’С‹С…:РЎР®> ящР’С‹ РїРѕРїР»РµР»РёСЃСЊ РЅР° СЋРі.
[1;36mР¦РµРЅС‚СЂР°Р»СЊРЅР°СЏ СѓР»РёС†Р° [5012][0;37m
   РџРѕРЅРµРјРЅРѕРіСѓ РѕСЃС‚Р°СЋС‚СЃСЏ РїРѕР·Р°РґРё РіР»Р°РІРЅС‹Рµ РґРѕРјР° РґРµСЂРµРІРЅРё, Рё РІРѕРєСЂСѓРі РѕС‚РєСЂС‹РІР°РµС‚СЃСЏ РѕР±С‹С‡РЅС‹Р№
РґРµСЂРµРІРµРЅСЃРєРёР№ РІРёРґ. РљСЂРµРїРєРёРµ РґРѕРјР° СЃ РјР°Р»РµРЅСЊРєРёРјРё РѕРєРЅР°РјРё, РЅРѕ РЅРµРёР·РјРµРЅРЅС‹РјРё С‚СЂСѓР±Р°РјРё
РїРµС‡РµР№. РР·РіРѕСЂРѕРґСЊ, СЃС‚РѕСЏС‰Р°СЏ Р·Р° РґРѕРјР°РјРё РІРґРѕР»СЊ Р»РµСЃР° Рё Р·Р°С‰РёС‰Р°СЋС‰Р°СЏ РґРµСЂРµРІРЅСЋ СЃ С‚С‹Р»Р°. 
РќРµС‚РѕСЂРѕРїР»РёРІС‹Р№ Р»СЋРґ, РёРґСѓС‰РёР№ РїРѕ СЃРІРѕРёРј РёР·РІРµС‡РЅС‹Рј РґРµР»Р°Рј.
[0;36m[ Exits: n e s ][0;37m
[1;33m[1;31mРњРµСЃС‚РЅР°СЏ Р¶РёС‚РµР»СЊРЅРёС†Р° РёРґРµС‚ РїРѕ СЃРІРѕРёРј РґРµР»Р°Рј.
РњРµСЃС‚РЅС‹Р№ Р¶РёС‚РµР»СЊ РёРґРµС‚ Р·РґРµСЃСЊ.
[0;0m
[0;32m196H[0;37m [0;32m106M[0;37m 29970Рѕ Р—Р°СѓС‡:0 Р’С‹С…:РЎР’Р®> ящР’С‹ РїРѕРїР»РµР»РёСЃСЊ РЅР° СЋРі.
[1;36mРљ С†РµРЅС‚СЂСѓ РґРµСЂРµРІРЅРё [5006][0;37m
   РџРѕРЅРµРјРЅРѕРіСѓ РѕСЃС‚Р°СЋС‚СЃСЏ РїРѕР·Р°РґРё РіР»Р°РІРЅС‹Рµ РґРѕРјР° РґРµСЂРµРІРЅРё, Рё РІРѕРєСЂСѓРі РѕС‚РєСЂС‹РІР°РµС‚СЃСЏ РѕР±С‹С‡РЅС‹Р№
РґРµСЂРµРІРµРЅСЃРєРёР№ РІРёРґ. РљСЂРµРїРєРёРµ РґРѕРјР° СЃ РјР°Р»РµРЅСЊРєРёРјРё РѕРєРЅР°РјРё, РЅРѕ РЅРµРёР·РјРµРЅРЅС‹РјРё С‚СЂСѓР±Р°РјРё
РїРµС‡РµР№. РР·РіРѕСЂРѕРґСЊ, СЃС‚РѕСЏС‰Р°СЏ Р·Р° РґРѕРјР°РјРё РІРґРѕР»СЊ Р»РµСЃР° Рё Р·Р°С‰РёС‰Р°СЋС‰Р°СЏ РґРµСЂРµРІРЅСЋ СЃ С‚С‹Р»Р°. 
РќРµС‚РѕСЂРѕРїР»РёРІС‹Р№ Р»СЋРґ, РёРґСѓС‰РёР№ РїРѕ СЃРІРѕРёРј РёР·РІРµС‡РЅС‹Рј РґРµР»Р°Рј.
[0;36m[ Exits: n e s w ][0;37m
[1;33mРЈ РІР°С€РёС… РЅРѕРі Р»РµР¶РёС‚ РіР»РёРЅСЏРЅР°СЏ РїР»РѕС€РєР°.
[1;31m[0;0m
[0;32m196H[0;37m [0;32m107M[0;37m 29970Рѕ Р—Р°СѓС‡:0 Р’С‹С…:РЎР’Р®Р—> ящР’С‹ РїРѕРїР»РµР»РёСЃСЊ РЅР° СЋРі.
[1;36mРџРµСЂРµРґ РїРѕСЃС‚РѕСЏР»С‹Рј РґРІРѕСЂРѕРј [5005][0;37m
   Р§СѓС‚СЊ РЅРµ СЃРїРѕС‚РєРЅСѓРІС€РёСЃСЊ Рѕ РґРѕСЃРєСѓ, Р»РµР¶Р°С‰СѓСЋ СЃСЂР°Р·Сѓ Сѓ РїРѕСЂРѕРіР° РїРѕСЃС‚РѕСЏР»РѕРіРѕ РґРІРѕСЂР°,
РІС‹ РѕРєР°Р·Р°Р»РёСЃСЊ РЅР° С†РµРЅС‚СЂР°Р»СЊРЅРѕР№ СѓР»РёС†Рµ РґРµСЂРµРІРЅРё. РРјРµРЅРЅРѕ РЅР° СЌС‚РѕР№ СѓР»РёС†Рµ РјРѕР¶РЅРѕ 
Р±С‹СЃС‚СЂРѕ РЅР°Р№С‚Рё Р»Р°РІРєСѓ СЂРµРјРµСЃР»РµРЅРЅРёРєР°, РґРѕРј Р·РЅР°С…Р°СЂСЏ, РєРѕРЅСЋС€РЅСЋ Рё РґРѕРј СЃС‚Р°СЂРµР№С€РёРЅС‹.
Р’ СЋР¶РЅРѕР№ С‡Р°СЃС‚Рё РґРµСЂРµРІРЅРё РїРѕСЃРµР»РёР»РёСЃСЊ РІРѕСЂРѕР¶РµРё.
[0;36m[ Exits: n e s w ][0;37m
[1;33m[1;31m[0;0m
[0;32m196H[0;37m [0;32m107M[0;37m 29970Рѕ Р—Р°СѓС‡:0 Р’С‹С…:РЎР’Р®Р—> ящР’С‹ РїРѕРїР»РµР»РёСЃСЊ РЅР° СЋРі.
[1;36mР¦РµРЅС‚СЂ РґРµСЂРµРІРЅРё [5004][0;37m
   Р¦РµРЅС‚СЂР°Р»СЊРЅР°СЏ С‡Р°СЃС‚СЊ РґРµСЂРµРІРЅРё Р·Р°РїРѕР»РЅРµРЅР° РЅСѓР¶РЅС‹РјРё РІСЃРµРј РјР°СЃС‚РµСЂСЃРєРёРјРё Рё Р»Р°РІРєР°РјРё.
РЈРґР°С‡РЅРѕРµ РјРµСЃС‚Рѕ РґРµСЂРµРІРЅРё РІ РЅРµР·Р°РїР°РјСЏС‚РЅС‹Рµ РІСЂРµРјРµРЅР° РїСЂРёРІР»РµРєР»Рѕ СЃСЋРґР° С‚РѕСЂРіРѕРІС†РµРІ Рё
РјР°СЃС‚РµСЂРѕРІС‹С…, Рё СЃ С‚РµС… РїРѕСЂ РїРѕРІРµР»РѕСЃСЊ, С‡С‚Рѕ РІ СЌС‚РѕР№ С‡Р°СЃС‚Рё РґРµСЂРµРІРЅРё СЃС‚РѕСЏС‚ Р±РѕР»СЊС€РёРµ Рё
Р±РѕРіР°С‚С‹Рµ РґРѕРјР°. РЎРѕ РІСЃРµР№ РѕРєСЂСѓРіРё Рё РґР°Р¶Рµ РёР· РґР°Р»РµРєРѕР№ РіР»СѓС€Рё РїСЂРёС…РѕРґСЏС‚ Р»СЋРґРё СЃСЋРґР°
Р·Р° С‚РѕРІР°СЂРѕРј РєСѓРїРёС‚СЊ С‡С‚Рѕ, РїСЂРѕРґР°С‚СЊ С‡С‚Рѕ, Р·Р°РєР°Р·Р°С‚СЊ С‡С‚Рѕ.
[0;36m[ Exits: n s w ][0;37m
[1;33m[1;31mРџРѕР¶РёР»РѕР№ С€РёСЂРѕРєРѕРїР»РµС‡РёР№ РєСЂРµСЃС‚СЊСЏРЅРёРЅ РІ РґРѕР±СЂРѕС‚РЅРѕР№ РѕРґРµР¶РґРµ РїСЂРѕС…Р°Р¶РёРІР°РµС‚СЃСЏ С‚СѓС‚.
РњРµСЃС‚РЅС‹Р№ Р¶РёС‚РµР»СЊ РёРґРµС‚ Р·РґРµСЃСЊ.
РџРѕР¶РёР»РѕР№ С€РёСЂРѕРєРѕРїР»РµС‡РёР№ РєСЂРµСЃС‚СЊСЏРЅРёРЅ РІ РґРѕР±СЂРѕС‚РЅРѕР№ РѕРґРµР¶РґРµ РїСЂРѕС…Р°Р¶РёРІР°РµС‚СЃСЏ С‚СѓС‚.
РџРѕР¶РёР»РѕР№ С€РёСЂРѕРєРѕРїР»РµС‡РёР№ РєСЂРµСЃС‚СЊСЏРЅРёРЅ РІ РґРѕР±СЂРѕС‚РЅРѕР№ РѕРґРµР¶РґРµ РїСЂРѕС…Р°Р¶РёРІР°РµС‚СЃСЏ С‚СѓС‚.
Р‘Р°Р·Р°СЂРЅС‹Р№ Р·Р°Р·С‹РІР°Р»Р° СЃС‚РѕРёС‚ Р·РґРµСЃСЊ, Р·С‹С‡РЅС‹Рј РіРѕР»РѕСЃРѕРј СЂР°СЃС…РІР°Р»РёРІР°СЏ РІС‹СЃС‚Р°РІР»РµРЅРЅС‹Р№ С‚РѕРІР°СЂ.
[0;0m
[0;32m196H[0;37m [0;32m107M[0;37m 29970Рѕ Р—Р°СѓС‡:0 Р’С‹С…:РЎР®Р—> ящР’С‹ РїРѕРїР»РµР»РёСЃСЊ РЅР° СЋРі.
[1;36mРџРµСЂРµРґ РєРѕРЅСЋС€РЅРµР№ [5003][0;37m
   Р¦РµРЅС‚СЂР°Р»СЊРЅР°СЏ С‡Р°СЃС‚СЊ РґРµСЂРµРІРЅРё Р·Р°РїРѕР»РЅРµРЅР° РЅСѓР¶РЅС‹РјРё РІСЃРµРј РјР°СЃС‚РµСЂСЃРєРёРјРё Рё Р»Р°РІРєР°РјРё.
РЈРґР°С‡РЅРѕРµ РјРµСЃС‚Рѕ РґРµСЂРµРІРЅРё РІ РЅРµР·Р°РїР°РјСЏС‚РЅС‹Рµ РІСЂРµРјРµРЅР° РїСЂРёРІР»РµРєР»Рѕ СЃСЋРґР° С‚РѕСЂРіРѕРІС†РµРІ Рё
РјР°СЃС‚РµСЂРѕРІС‹С…, Рё СЃ С‚РµС… РїРѕСЂ РїРѕРІРµР»РѕСЃСЊ, С‡С‚Рѕ РІ СЌС‚РѕР№ С‡Р°СЃС‚Рё РґРµСЂРµРІРЅРё СЃС‚РѕСЏС‚ Р±РѕР»СЊС€РёРµ Рё
Р±РѕРіР°С‚С‹Рµ РґРѕРјР°. РЎРѕ РІСЃРµР№ РѕРєСЂСѓРіРё Рё РґР°Р¶Рµ РёР· РґР°Р»РµРєРѕР№ РіР»СѓС€Рё РїСЂРёС…РѕРґСЏС‚ Р»СЋРґРё СЃСЋРґР°
Р·Р° С‚РѕРІР°СЂРѕРј РєСѓРїРёС‚СЊ С‡С‚Рѕ, РїСЂРѕРґР°С‚СЊ С‡С‚Рѕ, Р·Р°РєР°Р·Р°С‚СЊ С‡С‚Рѕ.
[0;36m[ Exits: n e s w ][0;37m
[1;33m[1;31m[0;0m
[0;32m196H[0;37m [0;32m107M[0;37m 29970Рѕ Р—Р°СѓС‡:0 Р’С‹С…:РЎР’Р®Р—> ящР’С‹ РїРѕРїР»РµР»РёСЃСЊ РЅР° СЃРµРІРµСЂ.
[1;36mР¦РµРЅС‚СЂ РґРµСЂРµРІРЅРё [5004][0;37m
   Р¦РµРЅС‚СЂР°Р»СЊРЅР°СЏ С‡Р°СЃС‚СЊ РґРµСЂРµРІРЅРё Р·Р°РїРѕР»РЅРµРЅР° РЅСѓР¶РЅС‹РјРё РІСЃРµРј РјР°СЃС‚РµСЂСЃРєРёРјРё Рё Р»Р°РІРєР°РјРё.
РЈРґР°С‡РЅРѕРµ РјРµСЃС‚Рѕ РґРµСЂРµРІРЅРё РІ РЅРµР·Р°РїР°РјСЏС‚РЅС‹Рµ РІСЂРµРјРµРЅР° РїСЂРёРІР»РµРєР»Рѕ СЃСЋРґР° С‚РѕСЂРіРѕРІС†РµРІ Рё
РјР°СЃС‚РµСЂРѕРІС‹С…, Рё СЃ С‚РµС… РїРѕСЂ РїРѕРІРµР»РѕСЃСЊ, С‡С‚Рѕ РІ СЌС‚РѕР№ С‡Р°СЃС‚Рё РґРµСЂРµРІРЅРё СЃС‚РѕСЏС‚ Р±РѕР»СЊС€РёРµ Рё
Р±РѕРіР°С‚С‹Рµ РґРѕРјР°. РЎРѕ РІСЃРµР№ РѕРєСЂСѓРіРё Рё РґР°Р¶Рµ РёР· РґР°Р»РµРєРѕР№ РіР»СѓС€Рё РїСЂРёС…РѕРґСЏС‚ Р»СЋРґРё СЃСЋРґР°
Р·Р° С‚РѕРІР°СЂРѕРј РєСѓРїРёС‚СЊ С‡С‚Рѕ, РїСЂРѕРґР°С‚СЊ С‡С‚Рѕ, Р·Р°РєР°Р·Р°С‚СЊ С‡С‚Рѕ.
[0;36m[ Exits: n s w ][0;37m
[1;33m[1;31mРџРѕР¶РёР»РѕР№ С€РёСЂРѕРєРѕРїР»РµС‡РёР№ РєСЂРµСЃС‚СЊСЏРЅРёРЅ РІ РґРѕР±СЂРѕС‚РЅРѕР№ РѕРґРµР¶РґРµ РїСЂРѕС…Р°Р¶РёРІР°РµС‚СЃСЏ С‚СѓС‚.
РњРµСЃС‚РЅС‹Р№ Р¶РёС‚РµР»СЊ РёРґРµС‚ Р·РґРµСЃСЊ.
РџРѕР¶РёР»РѕР№ С€РёСЂРѕРєРѕРїР»РµС‡РёР№ РєСЂРµСЃС‚СЊСЏРЅРёРЅ РІ РґРѕР±СЂРѕС‚РЅРѕР№ РѕРґРµР¶РґРµ РїСЂРѕС…Р°Р¶РёРІР°РµС‚СЃСЏ С‚СѓС‚.
РџРѕР¶РёР»РѕР№ С€РёСЂРѕРєРѕРїР»РµС‡РёР№ РєСЂРµСЃС‚СЊСЏРЅРёРЅ РІ РґРѕР±СЂРѕС‚РЅРѕР№ РѕРґРµР¶РґРµ РїСЂРѕС…Р°Р¶РёРІР°РµС‚СЃСЏ С‚СѓС‚.
Р‘Р°Р·Р°СЂРЅС‹Р№ Р·Р°Р·С‹РІР°Р»Р° СЃС‚РѕРёС‚ Р·РґРµСЃСЊ, Р·С‹С‡РЅС‹Рј РіРѕР»РѕСЃРѕРј СЂР°СЃС…РІР°Р»РёРІР°СЏ РІС‹СЃС‚Р°РІР»РµРЅРЅС‹Р№ С‚РѕРІР°СЂ.
[0;0m
[0;32m196H[0;37m [0;32m107M[0;37m 29970Рѕ Р—Р°СѓС‡:0 Р’С‹С…:РЎР®Р—> ящР’С‹ РїРѕРїР»РµР»РёСЃСЊ РЅР° СЃРµРІРµСЂ.
[1;36mРџРµСЂРµРґ РїРѕСЃС‚РѕСЏР»С‹Рј РґРІРѕСЂРѕРј [5005][0;37m
   Р§СѓС‚СЊ РЅРµ СЃРїРѕС‚РєРЅСѓРІС€РёСЃСЊ Рѕ РґРѕСЃРєСѓ, Р»РµР¶Р°С‰СѓСЋ СЃСЂР°Р·Сѓ Сѓ РїРѕСЂРѕРіР° РїРѕСЃС‚РѕСЏР»РѕРіРѕ РґРІРѕСЂР°,
РІС‹ РѕРєР°Р·Р°Р»РёСЃСЊ РЅР° С†РµРЅС‚СЂР°Р»СЊРЅРѕР№ СѓР»РёС†Рµ РґРµСЂРµРІРЅРё. РРјРµРЅРЅРѕ РЅР° СЌС‚РѕР№ СѓР»РёС†Рµ РјРѕР¶РЅРѕ 
Р±С‹СЃС‚СЂРѕ РЅР°Р№С‚Рё Р»Р°РІРєСѓ СЂРµРјРµСЃР»РµРЅРЅРёРєР°, РґРѕРј Р·РЅР°С…Р°СЂСЏ, РєРѕРЅСЋС€РЅСЋ Рё РґРѕРј СЃС‚Р°СЂРµР№С€РёРЅС‹.
Р’ СЋР¶РЅРѕР№ С‡Р°СЃС‚Рё РґРµСЂРµРІРЅРё РїРѕСЃРµР»РёР»РёСЃСЊ РІРѕСЂРѕР¶РµРё.
[0;36m[ Exits: n e s w ][0;37m
[1;33m[1;31m[0;0m
[0;32m196H[0;37m [0;32m107M[0;37m 29970Рѕ Р—Р°СѓС‡:0 Р’С‹С…:РЎР’Р®Р—> ящР’С‹ РїРѕРїР»РµР»РёСЃСЊ РЅР° РІРѕСЃС‚РѕРє.
[1;36mРџРѕСЃС‚РѕСЏР»С‹Р№ РґРІРѕСЂ [5001][0;37m
   Р”РµСЂРµРІРЅСЏ С…РѕС‚СЊ Рё РЅРµР±РѕР»СЊС€Р°СЏ, РЅРѕ РїРѕСЃС‚РѕСЏР»С‹Р№ РґРІРѕСЂ РёРјРµРµС‚СЃСЏ, РґР»СЏ Р·Р°РµР·Р¶РёС… РіРѕСЃС‚РµР№,
С‡С‚РѕР±С‹ Р±С‹Р»Рѕ РіРґРµ РїРµСЂРµРІРµСЃС‚Рё РґСѓС…, РµРґРѕР№ Рё РїРёС‚СЊРµРј Р·Р°РїР°СЃС‚РёСЃСЊ. Рђ РµСЃР»Рё РЅР° РґРІРѕСЂРµ СѓР¶
РЅРѕС‡СЊ РёР»СЊ РїСЂРѕСЃС‚Рѕ РЅР°РґРѕ РѕСЃС‚Р°РЅРѕРІРёС‚СЃСЏ РЅР° РґРµРЅСЊ РґСЂСѓРіРѕР№ РІ РґРµСЂРµРІРЅРµ, Р° СЂРѕРґСЃС‚РІРµРЅРЅРёРєРѕРІ
РЅРµС‚, С‚Р°Рє РјРѕР¶РЅРѕ Рё РїРµСЂРµРЅРѕС‡РµРІР°С‚СЊ РІ РіРѕСЂРЅРёС†Р°С… РЅР°РІРµСЂС…Сѓ.
[0;36m[ Exits: w u ][0;37m
[1;33m[1;31mРЎРµРґРѕРІР»Р°СЃС‹Р№ СЃРєР°Р·РёС‚РµР»СЊ РіРѕС‚РѕРІ РїРѕРґРµР»РёС‚СЊСЃСЏ СЃ Р’Р°РјРё РёРЅС‚РµСЂРµСЃРЅРѕР№ РёСЃС‚РѕСЂРёРµР№.
РўСЂР°РєС‚РёСЂС‰РёРє РѕС‚РґС‹С…Р°РµС‚ Р·Р° СЃС‚РѕР№РєРѕР№.
[0;0m
[0;32m196H[0;37m [0;32m107M[0;37m 29970Рѕ Р—Р°СѓС‡:0 Р’С‹С…:Р—^> ящР’С‹ РїРѕРїР»РµР»РёСЃСЊ РІРІРµСЂС….
[1;36mРљРѕРјРЅР°С‚С‹ РѕС‚РґС‹С…Р° [5000][0;37m
   РҐРѕР·СЏРёРЅ СѓСЃС‚СЂРѕРёР» Р·РґРµСЃСЊ РєРѕРјРЅР°С‚С‹ РґР»СЏ РѕС‚РґС‹С…Р°. Р›СЋР±РѕР№ Р¶РµР»Р°СЋС‰РёР№ РјРѕР¶РµС‚ РѕСЃС‚Р°РЅРѕРІРёС‚СЊСЃСЏ
Р·РґРµСЃСЊ Рё РїРµСЂРµРґРѕС…РЅСѓС‚СЊ РїРѕСЃР»Рµ РґР°Р»СЊРЅРµР№ РґРѕСЂРѕРіРё. РЎРІРµС‚Р»С‹Рµ РіРѕСЂРЅРёС†С‹ С‚Р°Рє Рё РїСЂРёРіР»Р°С€Р°СЋС‚
РїСЂРѕР№С‚Рё РІ РЅРёС… Рё СЂР°СЃС‚СЏРЅСѓС‚СЊСЃСЏ РЅР° РїРµСЂРёРЅРµ, РЅР° РїСѓС…РѕРІРѕР№ РґР° Р·Р°Р±С‹С‚СЊСЃСЏ СЃРЅРѕРј Р±РѕРіР°С‚С‹СЂСЃРєРёРј.
Р—РґРµСЃСЊ Р¶Рµ РјРѕР¶РЅРѕ РїРѕРґРѕР¶РґР°С‚СЊ СЃРІРѕРёС… РєРѕРјРїР°РЅСЊРѕРЅРѕРІ РїРµСЂРµРґ РґРѕР»РіРѕР№ РґРѕСЂРѕРіРѕР№, РїРѕРіРѕРІРѕСЂРёС‚СЊ
Рѕ РґР°Р»СЊРЅРµР№С€РёС… РїР»Р°РЅР°С….
[1;32mРЎРѕРІСЃРµРј РјР°Р»С‹С…, РґР° РЅРµ РѕР±СѓС‡РµРЅРЅС‹С… С‚Р°Рє Рё С‚СЏРЅРµС‚ [1;33mРІРѕР№С‚Рё [1;32mРІ [1;33mС€РєРѕР»Сѓ[1;32m.[0;0m
[0;36m[ Exits: d ][0;37m
[1;33mР›СѓР¶РёС†Р° РґРѕР¶РґРµРІРѕР№ РІРѕРґС‹ СЂР°Р·Р»РёС‚Р° Сѓ РІР°С€РёС… РЅРѕРі.
Р”РѕСЃРєР° РґР»СЏ СЂР°Р·Р»РёС‡РЅС‹С… Р·Р°РјРµС‚РѕРє Рё РѕР±СЉСЏРІР»РµРЅРёР№ РїСЂРёР±РёС‚Р° С‚СѓС‚ ..Р±Р»РµСЃС‚РёС‚!
[1;31mРџРѕР»СЏРЅРёРЅ Р”РѕСЂРјР°РЅ СЃС‚РѕРёС‚ Р·РґРµСЃСЊ. 
РҐРѕР·СЏР№РєР° РїРѕСЃС‚РѕСЏР»РѕРіРѕ РґРІРѕСЂР° СЂР°СЃРїРѕСЂСЏР¶Р°РµС‚СЃСЏ Р·РґРµСЃСЊ.
[0;0m
[0;32m196H[0;37m [0;32m107M[0;37m 29970Рѕ Р—Р°СѓС‡:0 Р’С‹С…:v> ящРҐРѕР·СЏР№РєР° СЃРєР°Р·Р°Р»Р° РІР°Рј : "РћРґРµС‚С‹Р№ СЃРїР°С‚СЊ Р±СѓРґРµС€СЊ? РҐРј.. РќСѓ СЃРјРѕС‚СЂРё, С‚РѕРіРґР° РґРµС€РµРІР»Рµ РІРѕР·СЊРјСѓ"
[1;37m - 0 РєСѓРЅ (0 РµСЃР»Рё СЃРЅСЏС‚СЊ) Р·Р° Р»РµРіРєРёР№ Р»Р°С‚РЅС‹Р№ РґРѕСЃРїРµС… [0;37m
[1;37m - 0 РєСѓРЅ (0 РµСЃР»Рё СЃРЅСЏС‚СЊ) Р·Р° Р»РµРіРєРёР№ Р»Р°С‚РЅС‹Р№ С€Р»РµРј [0;37m
[1;37m - 0 РєСѓРЅ (0 РµСЃР»Рё СЃРЅСЏС‚СЊ) Р·Р° Р»РµРіРєРёРµ Р»Р°С‚РЅС‹Рµ РїРѕРЅРѕР¶Рё [0;37m
[1;37m - 10 РєСѓРЅ (100 РµСЃР»Рё СЃРЅСЏС‚СЊ) Р·Р° РґСЂР°РЅС‹Рµ СЃР°РїРѕРіРё [0;37m
[1;37m - 1 РєСѓРЅР° (9 РµСЃР»Рё СЃРЅСЏС‚СЊ) Р·Р° СѓР·РєРёР№ Р±СЂРѕРЅР·РѕРІС‹Р№ РјРµС‡ [0;37m
[1;37m - 5 РєСѓРЅ (100 РµСЃР»Рё СЃРЅСЏС‚СЊ) Р·Р° РєСѓС…РѕРЅРЅС‹Р№ РЅРѕР¶ [0;37m
РҐРѕР·СЏР№РєР° СЃРєР°Р·Р°Р»Р° РІР°Рј : "Р­С‚Рѕ СЏ РІ С‡СѓР»Р°РЅРµ Р·Р°РїСЂСѓ:"
 - 1 РєСѓРЅР° (1 РµСЃР»Рё РЅР°РґРµС‚СЊ) Р·Р° СЃРІРµС‡РєСѓ 
РҐРѕР·СЏР№РєР° СЃРєР°Р·Р°Р»Р° РІР°Рј : "Р’ СЃСѓРјРјРµ СЌС‚Рѕ СЃРѕСЃС‚Р°РІРёС‚ 17 РєСѓРЅ РІ РґРµРЅСЊ ."
РҐРѕР·СЏР№РєР° СЃРєР°Р·Р°Р»Р° РІР°Рј : "РўР°Рє СѓР¶ Рё Р±С‹С‚СЊ, СЏ СЃРєРѕС‰Сѓ С‚РµР±Рµ РїРѕР»РѕРІРёРЅСѓ."
РҐРѕР·СЏР№РєР° СЃРєР°Р·Р°Р»Р° РІР°Рј :

"РџРѕСЃС‚РѕР№ РѕР±РѕР№РґРµС‚СЃСЏ С‚РµР±Рµ РІ 8 РєСѓРЅ."
"РўРІРѕРёС… РґРµРЅРµРі С…РІР°С‚РёС‚ РЅР° 21 РґРµРЅСЊ."
РҐРѕР·СЏР№РєР° Р·Р°РїРµСЂР»Р° РІР°С€Рё РІРµС‰Рё РІ СЃСѓРЅРґСѓРє Рё РїРѕРІРµР»Р° РІ С‚РµСЃРЅСѓСЋ РєР°РјРѕСЂРєСѓ.

0) РћС‚СЃРѕРµРґРёРЅРёС‚СЊСЃСЏ.
1) РќР°С‡Р°С‚СЊ РёРіСЂСѓ.
2) Р’РІРµСЃС‚Рё РѕРїРёСЃР°РЅРёРµ РІР°С€РµРіРѕ РїРµСЂСЃРѕРЅР°Р¶Р°.
3) РЈР·РЅР°С‚СЊ РёСЃС‚РѕСЂРёСЋ.
4) РР·РјРµРЅРёС‚СЊ РїР°СЂРѕР»СЊ.
5) РЈРґР°Р»РёС‚СЊ РїРµСЂСЃРѕРЅР°Р¶Р°.
6) РР·РјРµРЅРёС‚СЊ РїР°СЂР°РјРµС‚СЂС‹ РїРµСЂСЃРѕРЅР°Р¶Р°.
7) Р’РєР»СЋС‡РёС‚СЊ/РІС‹РєР»СЋС‡РёС‚СЊ СЂРµР¶РёРј СЃР»РµРїРѕРіРѕ РёРіСЂРѕРєР°.
8) РџРѕСЃРјРѕС‚СЂРµС‚СЊ РІСЃРµС… РїРµСЂСЃРѕРЅР°Р¶РµР№ РЅР° РґР°РЅРЅРѕРј email'e.

   Р§РµРіРѕ РІР°С€Р° РґСѓС€Р° Р¶РµР»Р°РµС‚? ящ
Р”Рѕ РІСЃС‚СЂРµС‡Рё РЅР° Р·РµРјР»Рµ РљРёРµРІСЃРєРѕР№.
Р’ СЃР»СѓС‡Р°Рµ РІР°С€РµРіРѕ РѕС‚СЃСѓС‚СЃС‚РІРёСЏ РїРµСЂСЃРѕРЅР°Р¶ Р±СѓРґРµС‚ С…СЂР°РЅРёС‚СЊСЃСЏ РґРѕ 17:32:47 26 РњР°СЂС‚Р° 2020 РіРѕРґР° РЅР°С€РµР№ СЌСЂС‹ :).
ящ