яыEяыVяыU
Online: 137

Using keytable
  0) Koi-8
  1) Alt
  2) Windows(JMC,MMC)
  3) Windows(zMUD)
  4) Windows(zMUD 'z')
  5) UTF-8
  6) Windows(zMUD <6.39)
  9) TECT...
Select one :  -----------------------------------------------------------------------------                   
          Based On CircleMUD v3.0   Created by Jeremy Elson,   
          DikuMUD Gamma 0.0  by Sebastian Hammer, Michael Seifert, 
          Hans Henrik Staerfeldt, Tom Madsen, Katja Nyboe
 _____________________________________________________________________________

    #######
    ##    
    ##        ####    ####      ####  ####  ####  ####  ####  ####    ####
    #######    ######  ##     ## ##    ##  ####    ##    ##    ######  ##
    ##    ##   ##   ## ##    ##  ##    ####  ##    ########    ##   ## ##
    ##    ##   ##   ## ##    ##  ##    ###   ##    ##    ##    ##   ## ##
    #######   ####### ####  ###  ###  ####  ####  ####  ####  ####### ####

                   РџРћ РџР Р•Р”РђРќРРЇРњ Р РЈРЎРЎРљРРҐ РќРђР РћР”РќР«РҐ РЎРљРђР—РћРљ Р Р‘Р«Р›РРќ.

             РџРѕ Р°РґРјРёРЅРёСЃС‚СЂР°С‚РёРІРЅС‹Рј РІРѕРїСЂРѕСЃР°Рј РјРѕР¶РµС‚Рµ СЃРІСЏР·Р°С‚СЊСЃСЏ СЃ РЎС‚СЂРёР±РѕРіРѕРј
                          e-mail: stribog@bylins.su

                      РџРѕСЃРµС‚РёС‚Рµ РЅР°С€ СЃР°Р№С‚: www.bylins.su
                Р”Р»СЏ Р±РѕР»РµРµ РїРѕРґСЂРѕР±РЅРѕР№ РёРіСЂРѕРІРѕР№ РёРЅС„РѕСЂРјР°С†РёРё РїРѕСЃРµС‚РёС‚Рµ 
                         https://wiki.bylins.su

Р’РІРµРґРёС‚Рµ РёРјСЏ РїРµСЂСЃРѕРЅР°Р¶Р° (РёР»Рё "РЅРѕРІС‹Р№" РґР»СЏ СЃРѕР·РґР°РЅРёСЏ РЅРѕРІРѕРіРѕ): РџРµСЂСЃРѕРЅР°Р¶ СЃ С‚Р°РєРёРј РёРјРµРЅРµРј СѓР¶Рµ СЃСѓС‰РµСЃС‚РІСѓРµС‚. Р’РІРµРґРёС‚Рµ РїР°СЂРѕР»СЊ : ящ
РџРµСЂРµСЃРѕРµРґРёРЅСЏРµРјСЃСЏ.

Р’Р°СЃ РѕР¶РёРґР°СЋС‚ СЃРѕРѕР±С‰РµРЅРёСЏ:
   1 РІ СЂР°Р·РґРµР»Рµ 'РЎРѕРѕР±С‰РµРЅРёСЏ РѕС‚ Р°РґРјРёРЅРёСЃС‚СЂР°С†РёРё' [1;37m(РђРЅРѕРЅСЃС‹)[0;37m.

[0;32m67H[0;37m [0;32m86M[0;37m 607Рѕ Р—Р°СѓС‡:0 Р’С‹С…:v> ящ[1;36mРљРѕРјРЅР°С‚С‹ РѕС‚РґС‹С…Р° [5000][0;37m
   РҐРѕР·СЏРёРЅ СѓСЃС‚СЂРѕРёР» Р·РґРµСЃСЊ РєРѕРјРЅР°С‚С‹ РґР»СЏ РѕС‚РґС‹С…Р°. Р›СЋР±РѕР№ Р¶РµР»Р°СЋС‰РёР№ РјРѕР¶РµС‚ РѕСЃС‚Р°РЅРѕРІРёС‚СЊСЃСЏ
Р·РґРµСЃСЊ Рё РїРµСЂРµРґРѕС…РЅСѓС‚СЊ РїРѕСЃР»Рµ РґР°Р»СЊРЅРµР№ РґРѕСЂРѕРіРё. РЎРІРµС‚Р»С‹Рµ РіРѕСЂРЅРёС†С‹ С‚Р°Рє Рё РїСЂРёРіР»Р°С€Р°СЋС‚
РїСЂРѕР№С‚Рё РІ РЅРёС… Рё СЂР°СЃС‚СЏРЅСѓС‚СЊСЃСЏ РЅР° РїРµСЂРёРЅРµ, РЅР° РїСѓС…РѕРІРѕР№ РґР° Р·Р°Р±С‹С‚СЊСЃСЏ СЃРЅРѕРј Р±РѕРіР°С‚С‹СЂСЃРєРёРј.
Р—РґРµСЃСЊ Р¶Рµ РјРѕР¶РЅРѕ РїРѕРґРѕР¶РґР°С‚СЊ СЃРІРѕРёС… РєРѕРјРїР°РЅСЊРѕРЅРѕРІ РїРµСЂРµРґ РґРѕР»РіРѕР№ РґРѕСЂРѕРіРѕР№, РїРѕРіРѕРІРѕСЂРёС‚СЊ
Рѕ РґР°Р»СЊРЅРµР№С€РёС… РїР»Р°РЅР°С….
[1;32mРЎРѕРІСЃРµРј РјР°Р»С‹С…, РґР° РЅРµ РѕР±СѓС‡РµРЅРЅС‹С… С‚Р°Рє Рё С‚СЏРЅРµС‚ [1;33mРІРѕР№С‚Рё [1;32mРІ [1;33mС€РєРѕР»Сѓ[1;32m.[0;0m
[0;36m[ Exits: d ][0;37m
[1;33mР”РѕСЃРєР° РґР»СЏ СЂР°Р·Р»РёС‡РЅС‹С… Р·Р°РјРµС‚РѕРє Рё РѕР±СЉСЏРІР»РµРЅРёР№ РїСЂРёР±РёС‚Р° С‚СѓС‚ ..Р±Р»РµСЃС‚РёС‚!
[1;31mРҐРѕР·СЏР№РєР° РїРѕСЃС‚РѕСЏР»РѕРіРѕ РґРІРѕСЂР° СЂР°СЃРїРѕСЂСЏР¶Р°РµС‚СЃСЏ Р·РґРµСЃСЊ.
[0;0m
Р”РµСЂРµРІРЅСЏ Сѓ СЂРµРєРё (2-Р°СЏ СЂРѕРґРѕРІР°СЏ).

[0;32m67H[0;37m [0;32m86M[0;37m 607Рѕ Р—Р°СѓС‡:0 Р’С‹С…:v> ящ
Р’С‹ РіРѕС‚РѕРІС‹ СЃРѕР¶СЂР°С‚СЊ Р±С‹РєР°.
Р’Р°Рј С…РѕС‡РµС‚СЃСЏ РІС‹РїРёС‚СЊ РѕР·РµСЂРѕ.

[0;32m67H[0;37m [0;32m86M[0;37m 607Рѕ Р—Р°СѓС‡:0 Р’С‹С…:v> ящ
[1;31mРњРёРЅСѓР» С‡Р°СЃ.[0;37m

[0;32m67H[0;37m [0;32m86M[0;37m 607Рѕ Р—Р°СѓС‡:0 Р’С‹С…:v> ящ
Р’С‹ РіРѕС‚РѕРІС‹ СЃРѕР¶СЂР°С‚СЊ Р±С‹РєР°.
Р’Р°Рј С…РѕС‡РµС‚СЃСЏ РІС‹РїРёС‚СЊ РѕР·РµСЂРѕ.

[0;32m67H[0;37m [0;32m86M[0;37m 607Рѕ Р—Р°СѓС‡:0 Р’С‹С…:v> ящ
Р’С‹ РіРѕС‚РѕРІС‹ СЃРѕР¶СЂР°С‚СЊ Р±С‹РєР°.
Р’Р°Рј С…РѕС‡РµС‚СЃСЏ РІС‹РїРёС‚СЊ РѕР·РµСЂРѕ.

[0;32m67H[0;37m [0;32m86M[0;37m 607Рѕ Р—Р°СѓС‡:0 Р’С‹С…:v> ящ
[1;31mРњРёРЅСѓР» С‡Р°СЃ.[0;37m

[0;32m67H[0;37m [0;32m86M[0;37m 607Рѕ Р—Р°СѓС‡:0 Р’С‹С…:v> ящ
Р’С‹ РіРѕС‚РѕРІС‹ СЃРѕР¶СЂР°С‚СЊ Р±С‹РєР°.
Р’Р°Рј С…РѕС‡РµС‚СЃСЏ РІС‹РїРёС‚СЊ РѕР·РµСЂРѕ.

[0;32m67H[0;37m [0;32m86M[0;37m 607Рѕ Р—Р°СѓС‡:0 Р’С‹С…:v> ящ
Р’С‹ РіРѕС‚РѕРІС‹ СЃРѕР¶СЂР°С‚СЊ Р±С‹РєР°.
Р’Р°Рј С…РѕС‡РµС‚СЃСЏ РІС‹РїРёС‚СЊ РѕР·РµСЂРѕ.

[0;32m67H[0;37m [0;32m86M[0;37m 607Рѕ Р—Р°СѓС‡:0 Р’С‹С…:v> ящ
[1;31mРњРёРЅСѓР» С‡Р°СЃ.[0;37m

[0;32m67H[0;37m [0;32m86M[0;37m 607Рѕ Р—Р°СѓС‡:0 Р’С‹С…:v> ящ
Р’С‹ РіРѕС‚РѕРІС‹ СЃРѕР¶СЂР°С‚СЊ Р±С‹РєР°.
Р’Р°Рј С…РѕС‡РµС‚СЃСЏ РІС‹РїРёС‚СЊ РѕР·РµСЂРѕ.

[0;32m67H[0;37m [0;32m86M[0;37m 607Рѕ Р—Р°СѓС‡:0 Р’С‹С…:v> ящ
Р’С‹ РіРѕС‚РѕРІС‹ СЃРѕР¶СЂР°С‚СЊ Р±С‹РєР°.
Р’Р°Рј С…РѕС‡РµС‚СЃСЏ РІС‹РїРёС‚СЊ РѕР·РµСЂРѕ.

[0;32m67H[0;37m [0;32m86M[0;37m 607Рѕ Р—Р°СѓС‡:0 Р’С‹С…:v> ящ
[1;31mРњРёРЅСѓР» С‡Р°СЃ.[0;37m

[0;32m67H[0;37m [0;32m86M[0;37m 607Рѕ Р—Р°СѓС‡:0 Р’С‹С…:v> ящ
Р’С‹ РіРѕС‚РѕРІС‹ СЃРѕР¶СЂР°С‚СЊ Р±С‹РєР°.
Р’Р°Рј С…РѕС‡РµС‚СЃСЏ РІС‹РїРёС‚СЊ РѕР·РµСЂРѕ.

[0;32m67H[0;37m [0;32m86M[0;37m 607Рѕ Р—Р°СѓС‡:0 Р’С‹С…:v> ящ[1;36mРљРѕРјРЅР°С‚С‹ РѕС‚РґС‹С…Р° [5000][0;37m
   РҐРѕР·СЏРёРЅ СѓСЃС‚СЂРѕРёР» Р·РґРµСЃСЊ РєРѕРјРЅР°С‚С‹ РґР»СЏ РѕС‚РґС‹С…Р°. Р›СЋР±РѕР№ Р¶РµР»Р°СЋС‰РёР№ РјРѕР¶РµС‚ РѕСЃС‚Р°РЅРѕРІРёС‚СЊСЃСЏ
Р·РґРµСЃСЊ Рё РїРµСЂРµРґРѕС…РЅСѓС‚СЊ РїРѕСЃР»Рµ РґР°Р»СЊРЅРµР№ РґРѕСЂРѕРіРё. РЎРІРµС‚Р»С‹Рµ РіРѕСЂРЅРёС†С‹ С‚Р°Рє Рё РїСЂРёРіР»Р°С€Р°СЋС‚
РїСЂРѕР№С‚Рё РІ РЅРёС… Рё СЂР°СЃС‚СЏРЅСѓС‚СЊСЃСЏ РЅР° РїРµСЂРёРЅРµ, РЅР° РїСѓС…РѕРІРѕР№ РґР° Р·Р°Р±С‹С‚СЊСЃСЏ СЃРЅРѕРј Р±РѕРіР°С‚С‹СЂСЃРєРёРј.
Р—РґРµСЃСЊ Р¶Рµ РјРѕР¶РЅРѕ РїРѕРґРѕР¶РґР°С‚СЊ СЃРІРѕРёС… РєРѕРјРїР°РЅСЊРѕРЅРѕРІ РїРµСЂРµРґ РґРѕР»РіРѕР№ РґРѕСЂРѕРіРѕР№, РїРѕРіРѕРІРѕСЂРёС‚СЊ
Рѕ РґР°Р»СЊРЅРµР№С€РёС… РїР»Р°РЅР°С….
[1;32mРЎРѕРІСЃРµРј РјР°Р»С‹С…, РґР° РЅРµ РѕР±СѓС‡РµРЅРЅС‹С… С‚Р°Рє Рё С‚СЏРЅРµС‚ [1;33mРІРѕР№С‚Рё [1;32mРІ [1;33mС€РєРѕР»Сѓ[1;32m.[0;0m
[0;36m[ Exits: d ][0;37m
[1;33mР”РѕСЃРєР° РґР»СЏ СЂР°Р·Р»РёС‡РЅС‹С… Р·Р°РјРµС‚РѕРє Рё РѕР±СЉСЏРІР»РµРЅРёР№ РїСЂРёР±РёС‚Р° С‚СѓС‚ ..Р±Р»РµСЃС‚РёС‚!
[1;31mРҐРѕР·СЏР№РєР° РїРѕСЃС‚РѕСЏР»РѕРіРѕ РґРІРѕСЂР° СЂР°СЃРїРѕСЂСЏР¶Р°РµС‚СЃСЏ Р·РґРµСЃСЊ.
[0;0m
Р”РµСЂРµРІРЅСЏ Сѓ СЂРµРєРё (2-Р°СЏ СЂРѕРґРѕРІР°СЏ).

[0;32m67H[0;37m [0;32m86M[0;37m 607Рѕ Р—Р°СѓС‡:0 Р’С‹С…:v> ящ
Р’С‹ РіРѕС‚РѕРІС‹ СЃРѕР¶СЂР°С‚СЊ Р±С‹РєР°.
Р’Р°Рј С…РѕС‡РµС‚СЃСЏ РІС‹РїРёС‚СЊ РѕР·РµСЂРѕ.

[0;32m67H[0;37m [0;32m86M[0;37m 607Рѕ Р—Р°СѓС‡:0 Р’С‹С…:v> ящ
[1;31mРњРёРЅСѓР» С‡Р°СЃ.[0;37m

[0;32m67H[0;37m [0;32m86M[0;37m 607Рѕ Р—Р°СѓС‡:0 Р’С‹С…:v> ящ
Р’С‹ РіРѕС‚РѕРІС‹ СЃРѕР¶СЂР°С‚СЊ Р±С‹РєР°.
Р’Р°Рј С…РѕС‡РµС‚СЃСЏ РІС‹РїРёС‚СЊ РѕР·РµСЂРѕ.

[0;32m67H[0;37m [0;32m86M[0;37m 607Рѕ Р—Р°СѓС‡:0 Р’С‹С…:v> ящ
Р’С‹ РіРѕС‚РѕРІС‹ СЃРѕР¶СЂР°С‚СЊ Р±С‹РєР°.
Р’Р°Рј С…РѕС‡РµС‚СЃСЏ РІС‹РїРёС‚СЊ РѕР·РµСЂРѕ.

[0;32m67H[0;37m [0;32m86M[0;37m 607Рѕ Р—Р°СѓС‡:0 Р’С‹С…:v> ящ
[1;31mРњРёРЅСѓР» С‡Р°СЃ.[0;37m

[0;32m67H[0;37m [0;32m86M[0;37m 607Рѕ Р—Р°СѓС‡:0 Р’С‹С…:v> ящ
Р’С‹ РіРѕС‚РѕРІС‹ СЃРѕР¶СЂР°С‚СЊ Р±С‹РєР°.
Р’Р°Рј С…РѕС‡РµС‚СЃСЏ РІС‹РїРёС‚СЊ РѕР·РµСЂРѕ.

[0;32m67H[0;37m [0;32m86M[0;37m 607Рѕ Р—Р°СѓС‡:0 Р’С‹С…:v> ящ
РџР°СЂРµРЅСЊ РїСЂРёС€РµР» СЃРЅРёР·Сѓ.

[0;32m67H[0;37m [0;32m86M[0;37m 607Рѕ Р—Р°СѓС‡:0 Р’С‹С…:v> ящ
Р’С‹ РіРѕС‚РѕРІС‹ СЃРѕР¶СЂР°С‚СЊ Р±С‹РєР°.
Р’Р°Рј С…РѕС‡РµС‚СЃСЏ РІС‹РїРёС‚СЊ РѕР·РµСЂРѕ.

[0;32m67H[0;37m [0;32m86M[0;37m 607Рѕ Р—Р°СѓС‡:0 Р’С‹С…:v> ящ
[1;31mРњРёРЅСѓР» С‡Р°СЃ.[0;37m

[0;32m67H[0;37m [0;32m86M[0;37m 607Рѕ Р—Р°СѓС‡:0 Р’С‹С…:v> ящ
Р’С‹ РіРѕС‚РѕРІС‹ СЃРѕР¶СЂР°С‚СЊ Р±С‹РєР°.
Р’Р°Рј С…РѕС‡РµС‚СЃСЏ РІС‹РїРёС‚СЊ РѕР·РµСЂРѕ.

[0;32m67H[0;37m [0;32m86M[0;37m 607Рѕ Р—Р°СѓС‡:0 Р’С‹С…:v> ящ
Р’С‹ РіРѕС‚РѕРІС‹ СЃРѕР¶СЂР°С‚СЊ Р±С‹РєР°.
Р’Р°Рј С…РѕС‡РµС‚СЃСЏ РІС‹РїРёС‚СЊ РѕР·РµСЂРѕ.

[0;32m67H[0;37m [0;32m86M[0;37m 607Рѕ Р—Р°СѓС‡:0 Р’С‹С…:v> ящ[1;36mРљРѕРјРЅР°С‚С‹ РѕС‚РґС‹С…Р° [5000][0;37m
   РҐРѕР·СЏРёРЅ СѓСЃС‚СЂРѕРёР» Р·РґРµСЃСЊ РєРѕРјРЅР°С‚С‹ РґР»СЏ РѕС‚РґС‹С…Р°. Р›СЋР±РѕР№ Р¶РµР»Р°СЋС‰РёР№ РјРѕР¶РµС‚ РѕСЃС‚Р°РЅРѕРІРёС‚СЊСЃСЏ
Р·РґРµСЃСЊ Рё РїРµСЂРµРґРѕС…РЅСѓС‚СЊ РїРѕСЃР»Рµ РґР°Р»СЊРЅРµР№ РґРѕСЂРѕРіРё. РЎРІРµС‚Р»С‹Рµ РіРѕСЂРЅРёС†С‹ С‚Р°Рє Рё РїСЂРёРіР»Р°С€Р°СЋС‚
РїСЂРѕР№С‚Рё РІ РЅРёС… Рё СЂР°СЃС‚СЏРЅСѓС‚СЊСЃСЏ РЅР° РїРµСЂРёРЅРµ, РЅР° РїСѓС…РѕРІРѕР№ РґР° Р·Р°Р±С‹С‚СЊСЃСЏ СЃРЅРѕРј Р±РѕРіР°С‚С‹СЂСЃРєРёРј.
Р—РґРµСЃСЊ Р¶Рµ РјРѕР¶РЅРѕ РїРѕРґРѕР¶РґР°С‚СЊ СЃРІРѕРёС… РєРѕРјРїР°РЅСЊРѕРЅРѕРІ РїРµСЂРµРґ РґРѕР»РіРѕР№ РґРѕСЂРѕРіРѕР№, РїРѕРіРѕРІРѕСЂРёС‚СЊ
Рѕ РґР°Р»СЊРЅРµР№С€РёС… РїР»Р°РЅР°С….
[1;32mРЎРѕРІСЃРµРј РјР°Р»С‹С…, РґР° РЅРµ РѕР±СѓС‡РµРЅРЅС‹С… С‚Р°Рє Рё С‚СЏРЅРµС‚ [1;33mРІРѕР№С‚Рё [1;32mРІ [1;33mС€РєРѕР»Сѓ[1;32m.[0;0m
[0;36m[ Exits: d ][0;37m
[1;33mР”РѕСЃРєР° РґР»СЏ СЂР°Р·Р»РёС‡РЅС‹С… Р·Р°РјРµС‚РѕРє Рё РѕР±СЉСЏРІР»РµРЅРёР№ РїСЂРёР±РёС‚Р° С‚СѓС‚ ..Р±Р»РµСЃС‚РёС‚!
[1;31mРњРѕР»РѕРґРѕР№ РїР°СЂРµРЅСЊ РіСѓР»СЏРµС‚ Р·РґРµСЃСЊ.
РҐРѕР·СЏР№РєР° РїРѕСЃС‚РѕСЏР»РѕРіРѕ РґРІРѕСЂР° СЂР°СЃРїРѕСЂСЏР¶Р°РµС‚СЃСЏ Р·РґРµСЃСЊ.
[0;0m
Р”РµСЂРµРІРЅСЏ Сѓ СЂРµРєРё (2-Р°СЏ СЂРѕРґРѕРІР°СЏ).

[0;32m67H[0;37m [0;32m86M[0;37m 607Рѕ Р—Р°СѓС‡:0 Р’С‹С…:v> ящ
[1;31mРњРёРЅСѓР» С‡Р°СЃ.[0;37m

[0;32m67H[0;37m [0;32m86M[0;37m 607Рѕ Р—Р°СѓС‡:0 Р’С‹С…:v> ящ
Р’С‹ РіРѕС‚РѕРІС‹ СЃРѕР¶СЂР°С‚СЊ Р±С‹РєР°.
Р’Р°Рј С…РѕС‡РµС‚СЃСЏ РІС‹РїРёС‚СЊ РѕР·РµСЂРѕ.

[0;32m67H[0;37m [0;32m86M[0;37m 607Рѕ Р—Р°СѓС‡:0 Р’С‹С…:v> ящ
[1;33mР‘Р°Р·Р°СЂ : Р»РѕС‚ 598(РєРѕР¶Р°РЅС‹Рµ С€С‚Р°РЅС‹) РїСЂРѕРґР°РЅС‹ Р·Р° 11999 РєСѓРЅ.

[0;0m
[0;32m67H[0;37m [0;32m86M[0;37m 607Рѕ Р—Р°СѓС‡:0 Р’С‹С…:v> ящ
Р’С‹ РіРѕС‚РѕРІС‹ СЃРѕР¶СЂР°С‚СЊ Р±С‹РєР°.
Р’Р°Рј С…РѕС‡РµС‚СЃСЏ РІС‹РїРёС‚СЊ РѕР·РµСЂРѕ.

[0;32m67H[0;37m [0;32m86M[0;37m 607Рѕ Р—Р°СѓС‡:0 Р’С‹С…:v> ящ
[1;31mРњРёРЅСѓР» С‡Р°СЃ.[0;37m

[0;32m67H[0;37m [0;32m86M[0;37m 607Рѕ Р—Р°СѓС‡:0 Р’С‹С…:v> ящ
Р’С‹ РіРѕС‚РѕРІС‹ СЃРѕР¶СЂР°С‚СЊ Р±С‹РєР°.
Р’Р°Рј С…РѕС‡РµС‚СЃСЏ РІС‹РїРёС‚СЊ РѕР·РµСЂРѕ.

[0;32m67H[0;37m [0;32m86M[0;37m 607Рѕ Р—Р°СѓС‡:0 Р’С‹С…:v> ящ
Р’С‹ РіРѕС‚РѕРІС‹ СЃРѕР¶СЂР°С‚СЊ Р±С‹РєР°.
Р’Р°Рј С…РѕС‡РµС‚СЃСЏ РІС‹РїРёС‚СЊ РѕР·РµСЂРѕ.

[0;32m67H[0;37m [0;32m86M[0;37m 607Рѕ Р—Р°СѓС‡:0 Р’С‹С…:v> ящ
[1;33mР‘Р°Р·Р°СЂ : РЅРѕРІС‹Р№ Р»РѕС‚ (424) - СЃРІРёС‚РѕРє РјР°РіРёС‡РµСЃРєРѕРіРѕ РѕС‡РёС‰РµРЅРёСЏ - С†РµРЅР° 1000 РєСѓРЅ. 

[0;0m
[0;32m67H[0;37m [0;32m86M[0;37m 607Рѕ Р—Р°СѓС‡:0 Р’С‹С…:v> ящ
РњРµСЃС‚РЅС‹Р№ Р¶РёС‚РµР»СЊ РїСЂРёС€РµР» СЃРЅРёР·Сѓ.
РњРµСЃС‚РЅР°СЏ Р¶РёС‚РµР»СЊРЅРёС†Р° РїСЂРёС€Р»Р° СЃРЅРёР·Сѓ.

[0;32m67H[0;37m [0;32m86M[0;37m 607Рѕ Р—Р°СѓС‡:0 Р’С‹С…:v> ящ
[1;33mР‘Р°Р·Р°СЂ : РЅРѕРІС‹Р№ Р»РѕС‚ (598) - Р·СѓР± РјР°СЂР±РµРЅРґРёР»Р»Р° - С†РµРЅР° 5000 РєСѓРЅ. 

[0;0m
[0;32m67H[0;37m [0;32m86M[0;37m 607Рѕ Р—Р°СѓС‡:0 Р’С‹С…:v> ящ
[1;31mРњРёРЅСѓР» С‡Р°СЃ.[0;37m

[0;32m67H[0;37m [0;32m86M[0;37m 607Рѕ Р—Р°СѓС‡:0 Р’С‹С…:v> ящ
Р’С‹ РіРѕС‚РѕРІС‹ СЃРѕР¶СЂР°С‚СЊ Р±С‹РєР°.
Р’Р°Рј С…РѕС‡РµС‚СЃСЏ РІС‹РїРёС‚СЊ РѕР·РµСЂРѕ.

[0;32m67H[0;37m [0;32m86M[0;37m 607Рѕ Р—Р°СѓС‡:0 Р’С‹С…:v> ящ
РџР°СЂРµРЅСЊ СѓС€РµР» РІРЅРёР·.

[0;32m67H[0;37m [0;32m86M[0;37m 607Рѕ Р—Р°СѓС‡:0 Р’С‹С…:v> ящ
Р’С‹ РіРѕС‚РѕРІС‹ СЃРѕР¶СЂР°С‚СЊ Р±С‹РєР°.
Р’Р°Рј С…РѕС‡РµС‚СЃСЏ РІС‹РїРёС‚СЊ РѕР·РµСЂРѕ.

[0;32m67H[0;37m [0;32m86M[0;37m 607Рѕ Р—Р°СѓС‡:0 Р’С‹С…:v> ящ
РњРµСЃС‚РЅС‹Р№ Р¶РёС‚РµР»СЊ СѓС€РµР» РІРЅРёР·.
РњРµСЃС‚РЅР°СЏ Р¶РёС‚РµР»СЊРЅРёС†Р° СѓС€Р»Р° РІРЅРёР·.

[0;32m67H[0;37m [0;32m86M[0;37m 607Рѕ Р—Р°СѓС‡:0 Р’С‹С…:v> ящ
[1;31mРњРёРЅСѓР» С‡Р°СЃ.[0;37m

[0;32m67H[0;37m [0;32m86M[0;37m 607Рѕ Р—Р°СѓС‡:0 Р’С‹С…:v> ящ
Р’С‹ РіРѕС‚РѕРІС‹ СЃРѕР¶СЂР°С‚СЊ Р±С‹РєР°.
Р’Р°Рј С…РѕС‡РµС‚СЃСЏ РІС‹РїРёС‚СЊ РѕР·РµСЂРѕ.

[0;32m67H[0;37m [0;32m86M[0;37m 607Рѕ Р—Р°СѓС‡:0 Р’С‹С…:v> ящ
[1;33mР’РѕРµРІРѕРґР° Р’РµР»РёРєРѕРіРѕ РєРЅСЏР·СЏ РљРёРµРІСЃРєРѕРіРѕ Р·Р°РѕСЂР°Р» : 'РЎР»Р°РІСЊСЃСЏ Р’РµР»РёРєРёР№ РєРЅСЏР·СЊ РљРёРµРІСЃРєРёР№!'
[0;37m[1;33mР’РѕРµРІРѕРґР° Р’РµР»РёРєРѕРіРѕ РєРЅСЏР·СЏ РљРёРµРІСЃРєРѕРіРѕ Р·Р°РѕСЂР°Р» : 'Р—Р° РґРµР»Р° Р±Р»Р°РіРёРµ, РєРЅСЏР·СЊ РґР°СЂСѓРµС‚ Р’Р°Рј РЅР°РіСЂР°РґСѓ!'
[0;37m[1;33mР’РѕРµРІРѕРґР° Р’РµР»РёРєРѕРіРѕ РєРЅСЏР·СЏ РљРёРµРІСЃРєРѕРіРѕ Р·Р°РѕСЂР°Р» : 'Р’ СЃСЂР°Р¶РµРЅРёСЏС… Рё РїСѓС‚РµС€РµСЃС‚РІРёСЏС…, РѕРїС‹С‚ РІР°С€ Р±СѓРґРµС‚ СЂР°СЃС‚Рё С‚СЂРѕРµРєСЂР°С‚РЅРѕ!'
[0;37m[1;37m*** РћР±СЉСЏРІР»СЏРµС‚СЃСЏ С‚СЂРѕР№РЅРѕР№ Р±РѕРЅСѓСЃ РѕРїС‹С‚Р° РЅР° 12 С‡Р°СЃРѕРІ. ***[0;0m

[0;32m67H[0;37m [0;32m86M[0;37m 607Рѕ Р—Р°СѓС‡:0 Р’С‹С…:v> ящ
Р’С‹ РіРѕС‚РѕРІС‹ СЃРѕР¶СЂР°С‚СЊ Р±С‹РєР°.
Р’Р°Рј С…РѕС‡РµС‚СЃСЏ РІС‹РїРёС‚СЊ РѕР·РµСЂРѕ.

[0;32m67H[0;37m [0;32m86M[0;37m 607Рѕ Р—Р°СѓС‡:0 Р’С‹С…:v> ящ
[1;37mР”Рѕ РєРѕРЅС†Р° Р±РѕРЅСѓСЃР° РѕСЃС‚Р°Р»РѕСЃСЊ 11 С‡Р°СЃРѕРІ.[0;0m

[0;32m67H[0;37m [0;32m86M[0;37m 607Рѕ Р—Р°СѓС‡:0 Р’С‹С…:v> ящ
[1;31mРњРёРЅСѓР» С‡Р°СЃ.[0;37m

[0;32m67H[0;37m [0;32m86M[0;37m 607Рѕ Р—Р°СѓС‡:0 Р’С‹С…:v> ящ
Р’С‹ РіРѕС‚РѕРІС‹ СЃРѕР¶СЂР°С‚СЊ Р±С‹РєР°.
Р’Р°Рј С…РѕС‡РµС‚СЃСЏ РІС‹РїРёС‚СЊ РѕР·РµСЂРѕ.

[0;32m67H[0;37m [0;32m86M[0;37m 607Рѕ Р—Р°СѓС‡:0 Р’С‹С…:v> ящ
Р’С‹ РіРѕС‚РѕРІС‹ СЃРѕР¶СЂР°С‚СЊ Р±С‹РєР°.
Р’Р°Рј С…РѕС‡РµС‚СЃСЏ РІС‹РїРёС‚СЊ РѕР·РµСЂРѕ.

[0;32m67H[0;37m [0;32m86M[0;37m 607Рѕ Р—Р°СѓС‡:0 Р’С‹С…:v> ящ
[1;37mР”Рѕ РєРѕРЅС†Р° Р±РѕРЅСѓСЃР° РѕСЃС‚Р°Р»РѕСЃСЊ 10 С‡Р°СЃРѕРІ.[0;0m

[0;32m67H[0;37m [0;32m86M[0;37m 607Рѕ Р—Р°СѓС‡:0 Р’С‹С…:v> ящ
[1;31mРњРёРЅСѓР» С‡Р°СЃ.[0;37m

[0;32m67H[0;37m [0;32m86M[0;37m 607Рѕ Р—Р°СѓС‡:0 Р’С‹С…:v> ящ
Р’С‹ РіРѕС‚РѕРІС‹ СЃРѕР¶СЂР°С‚СЊ Р±С‹РєР°.
Р’Р°Рј С…РѕС‡РµС‚СЃСЏ РІС‹РїРёС‚СЊ РѕР·РµСЂРѕ.
Р’С‹ РїСЂРѕРїР°Р»Рё РІ РїСѓСЃС‚РѕС‚Рµ СЌС‚РѕРіРѕ РјРёСЂР°.

[0;32m67H[0;37m [0;32m86M[0;37m 607Рѕ Р—Р°СѓС‡:0 Р’С‹С…:> ящР§Р°РІРѕ?

[0;32m67H[0;37m [0;32m86M[0;37m 607Рѕ Р—Р°СѓС‡:0 Р’С‹С…:v> ящ[1;36mРљРѕРјРЅР°С‚С‹ РѕС‚РґС‹С…Р° [5000][0;37m
   РҐРѕР·СЏРёРЅ СѓСЃС‚СЂРѕРёР» Р·РґРµСЃСЊ РєРѕРјРЅР°С‚С‹ РґР»СЏ РѕС‚РґС‹С…Р°. Р›СЋР±РѕР№ Р¶РµР»Р°СЋС‰РёР№ РјРѕР¶РµС‚ РѕСЃС‚Р°РЅРѕРІРёС‚СЊСЃСЏ
Р·РґРµСЃСЊ Рё РїРµСЂРµРґРѕС…РЅСѓС‚СЊ РїРѕСЃР»Рµ РґР°Р»СЊРЅРµР№ РґРѕСЂРѕРіРё. РЎРІРµС‚Р»С‹Рµ РіРѕСЂРЅРёС†С‹ С‚Р°Рє Рё РїСЂРёРіР»Р°С€Р°СЋС‚
РїСЂРѕР№С‚Рё РІ РЅРёС… Рё СЂР°СЃС‚СЏРЅСѓС‚СЊСЃСЏ РЅР° РїРµСЂРёРЅРµ, РЅР° РїСѓС…РѕРІРѕР№ РґР° Р·Р°Р±С‹С‚СЊСЃСЏ СЃРЅРѕРј Р±РѕРіР°С‚С‹СЂСЃРєРёРј.
Р—РґРµСЃСЊ Р¶Рµ РјРѕР¶РЅРѕ РїРѕРґРѕР¶РґР°С‚СЊ СЃРІРѕРёС… РєРѕРјРїР°РЅСЊРѕРЅРѕРІ РїРµСЂРµРґ РґРѕР»РіРѕР№ РґРѕСЂРѕРіРѕР№, РїРѕРіРѕРІРѕСЂРёС‚СЊ
Рѕ РґР°Р»СЊРЅРµР№С€РёС… РїР»Р°РЅР°С….
[1;32mРЎРѕРІСЃРµРј РјР°Р»С‹С…, РґР° РЅРµ РѕР±СѓС‡РµРЅРЅС‹С… С‚Р°Рє Рё С‚СЏРЅРµС‚ [1;33mРІРѕР№С‚Рё [1;32mРІ [1;33mС€РєРѕР»Сѓ[1;32m.[0;0m
[0;36m[ Exits: d ][0;37m
[1;33mР”РѕСЃРєР° РґР»СЏ СЂР°Р·Р»РёС‡РЅС‹С… Р·Р°РјРµС‚РѕРє Рё РѕР±СЉСЏРІР»РµРЅРёР№ РїСЂРёР±РёС‚Р° С‚СѓС‚ ..Р±Р»РµСЃС‚РёС‚!
[1;31mРҐРѕР·СЏР№РєР° РїРѕСЃС‚РѕСЏР»РѕРіРѕ РґРІРѕСЂР° СЂР°СЃРїРѕСЂСЏР¶Р°РµС‚СЃСЏ Р·РґРµСЃСЊ.
[0;0m
Р”РµСЂРµРІРЅСЏ Сѓ СЂРµРєРё (2-Р°СЏ СЂРѕРґРѕРІР°СЏ).

[0;32m67H[0;37m [0;32m86M[0;37m 607Рѕ Р—Р°СѓС‡:0 Р’С‹С…:v> ящ
Р’С‹ РіРѕС‚РѕРІС‹ СЃРѕР¶СЂР°С‚СЊ Р±С‹РєР°.
Р’Р°Рј С…РѕС‡РµС‚СЃСЏ РІС‹РїРёС‚СЊ РѕР·РµСЂРѕ.

[0;32m67H[0;37m [0;32m86M[0;37m 607Рѕ Р—Р°СѓС‡:0 Р’С‹С…:v> ящ
[1;37mР”Рѕ РєРѕРЅС†Р° Р±РѕРЅСѓСЃР° РѕСЃС‚Р°Р»РѕСЃСЊ 9 С‡Р°СЃРѕРІ.[0;0m

[0;32m67H[0;37m [0;32m86M[0;37m 607Рѕ Р—Р°СѓС‡:0 Р’С‹С…:v> ящ
[1;31mРњРёРЅСѓР» С‡Р°СЃ.[0;37m

[0;32m67H[0;37m [0;32m86M[0;37m 607Рѕ Р—Р°СѓС‡:0 Р’С‹С…:v> ящ
Р’С‹ РіРѕС‚РѕРІС‹ СЃРѕР¶СЂР°С‚СЊ Р±С‹РєР°.
Р’Р°Рј С…РѕС‡РµС‚СЃСЏ РІС‹РїРёС‚СЊ РѕР·РµСЂРѕ.

[0;32m67H[0;37m [0;32m86M[0;37m 607Рѕ Р—Р°СѓС‡:0 Р’С‹С…:v> ящ
Р’С‹ РіРѕС‚РѕРІС‹ СЃРѕР¶СЂР°С‚СЊ Р±С‹РєР°.
Р’Р°Рј С…РѕС‡РµС‚СЃСЏ РІС‹РїРёС‚СЊ РѕР·РµСЂРѕ.

[0;32m67H[0;37m [0;32m86M[0;37m 607Рѕ Р—Р°СѓС‡:0 Р’С‹С…:v> ящ
РџР°СЂРµРЅСЊ РїСЂРёС€РµР» СЃРЅРёР·Сѓ.

[0;32m67H[0;37m [0;32m86M[0;37m 607Рѕ Р—Р°СѓС‡:0 Р’С‹С…:v> ящ
[1;37mР”Рѕ РєРѕРЅС†Р° Р±РѕРЅСѓСЃР° РѕСЃС‚Р°Р»РѕСЃСЊ 8 С‡Р°СЃРѕРІ.[0;0m

[0;32m67H[0;37m [0;32m86M[0;37m 607Рѕ Р—Р°СѓС‡:0 Р’С‹С…:v> ящ
[1;31mРњРёРЅСѓР» С‡Р°СЃ.[0;37m

[0;32m67H[0;37m [0;32m86M[0;37m 607Рѕ Р—Р°СѓС‡:0 Р’С‹С…:v> ящ
Р’С‹ РіРѕС‚РѕРІС‹ СЃРѕР¶СЂР°С‚СЊ Р±С‹РєР°.
Р’Р°Рј С…РѕС‡РµС‚СЃСЏ РІС‹РїРёС‚СЊ РѕР·РµСЂРѕ.

[0;32m67H[0;37m [0;32m86M[0;37m 607Рѕ Р—Р°СѓС‡:0 Р’С‹С…:v> ящ
РџР°СЂРµРЅСЊ СѓС€РµР» РІРЅРёР·.

[0;32m67H[0;37m [0;32m86M[0;37m 607Рѕ Р—Р°СѓС‡:0 Р’С‹С…:v> ящ
РџР°СЂРµРЅСЊ РїСЂРёС€РµР» СЃРЅРёР·Сѓ.

[0;32m67H[0;37m [0;32m86M[0;37m 607Рѕ Р—Р°СѓС‡:0 Р’С‹С…:v> ящ
Р’С‹ РіРѕС‚РѕРІС‹ СЃРѕР¶СЂР°С‚СЊ Р±С‹РєР°.
Р’Р°Рј С…РѕС‡РµС‚СЃСЏ РІС‹РїРёС‚СЊ РѕР·РµСЂРѕ.

[0;32m67H[0;37m [0;32m86M[0;37m 607Рѕ Р—Р°СѓС‡:0 Р’С‹С…:v> ящ
[1;37mР”Рѕ РєРѕРЅС†Р° Р±РѕРЅСѓСЃР° РѕСЃС‚Р°Р»РѕСЃСЊ 7 С‡Р°СЃРѕРІ.[0;0m

[0;32m67H[0;37m [0;32m86M[0;37m 607Рѕ Р—Р°СѓС‡:0 Р’С‹С…:v> ящ
[1;31mРњРёРЅСѓР» С‡Р°СЃ.[0;37m

[0;32m67H[0;37m [0;32m86M[0;37m 607Рѕ Р—Р°СѓС‡:0 Р’С‹С…:v> ящ
Р’С‹ РіРѕС‚РѕРІС‹ СЃРѕР¶СЂР°С‚СЊ Р±С‹РєР°.
Р’Р°Рј С…РѕС‡РµС‚СЃСЏ РІС‹РїРёС‚СЊ РѕР·РµСЂРѕ.

[0;32m67H[0;37m [0;32m86M[0;37m 607Рѕ Р—Р°СѓС‡:0 Р’С‹С…:v> ящ[1;36mРљРѕРјРЅР°С‚С‹ РѕС‚РґС‹С…Р° [5000][0;37m
   РҐРѕР·СЏРёРЅ СѓСЃС‚СЂРѕРёР» Р·РґРµСЃСЊ РєРѕРјРЅР°С‚С‹ РґР»СЏ РѕС‚РґС‹С…Р°. Р›СЋР±РѕР№ Р¶РµР»Р°СЋС‰РёР№ РјРѕР¶РµС‚ РѕСЃС‚Р°РЅРѕРІРёС‚СЊСЃСЏ
Р·РґРµСЃСЊ Рё РїРµСЂРµРґРѕС…РЅСѓС‚СЊ РїРѕСЃР»Рµ РґР°Р»СЊРЅРµР№ РґРѕСЂРѕРіРё. РЎРІРµС‚Р»С‹Рµ РіРѕСЂРЅРёС†С‹ С‚Р°Рє Рё РїСЂРёРіР»Р°С€Р°СЋС‚
РїСЂРѕР№С‚Рё РІ РЅРёС… Рё СЂР°СЃС‚СЏРЅСѓС‚СЊСЃСЏ РЅР° РїРµСЂРёРЅРµ, РЅР° РїСѓС…РѕРІРѕР№ РґР° Р·Р°Р±С‹С‚СЊСЃСЏ СЃРЅРѕРј Р±РѕРіР°С‚С‹СЂСЃРєРёРј.
Р—РґРµСЃСЊ Р¶Рµ РјРѕР¶РЅРѕ РїРѕРґРѕР¶РґР°С‚СЊ СЃРІРѕРёС… РєРѕРјРїР°РЅСЊРѕРЅРѕРІ РїРµСЂРµРґ РґРѕР»РіРѕР№ РґРѕСЂРѕРіРѕР№, РїРѕРіРѕРІРѕСЂРёС‚СЊ
Рѕ РґР°Р»СЊРЅРµР№С€РёС… РїР»Р°РЅР°С….
[1;32mРЎРѕРІСЃРµРј РјР°Р»С‹С…, РґР° РЅРµ РѕР±СѓС‡РµРЅРЅС‹С… С‚Р°Рє Рё С‚СЏРЅРµС‚ [1;33mРІРѕР№С‚Рё [1;32mРІ [1;33mС€РєРѕР»Сѓ[1;32m.[0;0m
[0;36m[ Exits: d ][0;37m
[1;33mРќРµРјРЅРѕРіРѕ РѕС‚СЂСѓР±РµР№ РїСЂРѕСЃС‹РїР°РЅРѕ Р·РґРµСЃСЊ.
Р”РѕСЃРєР° РґР»СЏ СЂР°Р·Р»РёС‡РЅС‹С… Р·Р°РјРµС‚РѕРє Рё РѕР±СЉСЏРІР»РµРЅРёР№ РїСЂРёР±РёС‚Р° С‚СѓС‚ ..Р±Р»РµСЃС‚РёС‚!
[1;31mРњРѕР»РѕРґРѕР№ РїР°СЂРµРЅСЊ РіСѓР»СЏРµС‚ Р·РґРµСЃСЊ.
РҐРѕР·СЏР№РєР° РїРѕСЃС‚РѕСЏР»РѕРіРѕ РґРІРѕСЂР° СЂР°СЃРїРѕСЂСЏР¶Р°РµС‚СЃСЏ Р·РґРµСЃСЊ.
[0;0m
Р”РµСЂРµРІРЅСЏ Сѓ СЂРµРєРё (2-Р°СЏ СЂРѕРґРѕРІР°СЏ).

[0;32m67H[0;37m [0;32m86M[0;37m 607Рѕ Р—Р°СѓС‡:0 Р’С‹С…:v> ящ
Р’С‹ РіРѕС‚РѕРІС‹ СЃРѕР¶СЂР°С‚СЊ Р±С‹РєР°.
Р’Р°Рј С…РѕС‡РµС‚СЃСЏ РІС‹РїРёС‚СЊ РѕР·РµСЂРѕ.

[0;32m67H[0;37m [0;32m86M[0;37m 607Рѕ Р—Р°СѓС‡:0 Р’С‹С…:v> ящ
[1;37mР”Рѕ РєРѕРЅС†Р° Р±РѕРЅСѓСЃР° РѕСЃС‚Р°Р»РѕСЃСЊ 6 С‡Р°СЃРѕРІ.[0;0m

[0;32m67H[0;37m [0;32m86M[0;37m 607Рѕ Р—Р°СѓС‡:0 Р’С‹С…:v> ящ
[1;31mРњРёРЅСѓР» С‡Р°СЃ.[0;37m

[0;32m67H[0;37m [0;32m86M[0;37m 607Рѕ Р—Р°СѓС‡:0 Р’С‹С…:v> ящ
Р’С‹ РіРѕС‚РѕРІС‹ СЃРѕР¶СЂР°С‚СЊ Р±С‹РєР°.
Р’Р°Рј С…РѕС‡РµС‚СЃСЏ РІС‹РїРёС‚СЊ РѕР·РµСЂРѕ.

[0;32m67H[0;37m [0;32m86M[0;37m 607Рѕ Р—Р°СѓС‡:0 Р’С‹С…:v> ящ
Р’С‹ РіРѕС‚РѕРІС‹ СЃРѕР¶СЂР°С‚СЊ Р±С‹РєР°.
Р’Р°Рј С…РѕС‡РµС‚СЃСЏ РІС‹РїРёС‚СЊ РѕР·РµСЂРѕ.

[0;32m67H[0;37m [0;32m86M[0;37m 607Рѕ Р—Р°СѓС‡:0 Р’С‹С…:v> ящ
[1;37mР”Рѕ РєРѕРЅС†Р° Р±РѕРЅСѓСЃР° РѕСЃС‚Р°Р»РѕСЃСЊ 5 С‡Р°СЃРѕРІ.[0;0m

[0;32m67H[0;37m [0;32m86M[0;37m 607Рѕ Р—Р°СѓС‡:0 Р’С‹С…:v> ящ
[1;31mРњРёРЅСѓР» С‡Р°СЃ.[0;37m

[0;32m67H[0;37m [0;32m86M[0;37m 607Рѕ Р—Р°СѓС‡:0 Р’С‹С…:v> ящ
Р’С‹ РіРѕС‚РѕРІС‹ СЃРѕР¶СЂР°С‚СЊ Р±С‹РєР°.
Р’Р°Рј С…РѕС‡РµС‚СЃСЏ РІС‹РїРёС‚СЊ РѕР·РµСЂРѕ.

[0;32m67H[0;37m [0;32m86M[0;37m 607Рѕ Р—Р°СѓС‡:0 Р’С‹С…:v> ящ
Р’С‹ РіРѕС‚РѕРІС‹ СЃРѕР¶СЂР°С‚СЊ Р±С‹РєР°.
Р’Р°Рј С…РѕС‡РµС‚СЃСЏ РІС‹РїРёС‚СЊ РѕР·РµСЂРѕ.

[0;32m67H[0;37m [0;32m86M[0;37m 607Рѕ Р—Р°СѓС‡:0 Р’С‹С…:v> ящ
[1;37mР”Рѕ РєРѕРЅС†Р° Р±РѕРЅСѓСЃР° РѕСЃС‚Р°Р»РѕСЃСЊ С‡РµС‚С‹СЂРµ С‡Р°СЃР°.[0;0m

[0;32m67H[0;37m [0;32m86M[0;37m 607Рѕ Р—Р°СѓС‡:0 Р’С‹С…:v> ящ
[1;31mРњРёРЅСѓР» С‡Р°СЃ.[0;37m

[0;32m67H[0;37m [0;32m86M[0;37m 607Рѕ Р—Р°СѓС‡:0 Р’С‹С…:v> ящ
Р’С‹ РіРѕС‚РѕРІС‹ СЃРѕР¶СЂР°С‚СЊ Р±С‹РєР°.
Р’Р°Рј С…РѕС‡РµС‚СЃСЏ РІС‹РїРёС‚СЊ РѕР·РµСЂРѕ.

[0;32m67H[0;37m [0;32m86M[0;37m 607Рѕ Р—Р°СѓС‡:0 Р’С‹С…:v> ящ
РџР°СЂРµРЅСЊ СѓС€РµР» РІРЅРёР·.

[0;32m67H[0;37m [0;32m86M[0;37m 607Рѕ Р—Р°СѓС‡:0 Р’С‹С…:v> ящ
Р’С‹ РіРѕС‚РѕРІС‹ СЃРѕР¶СЂР°С‚СЊ Р±С‹РєР°.
Р’Р°Рј С…РѕС‡РµС‚СЃСЏ РІС‹РїРёС‚СЊ РѕР·РµСЂРѕ.

[0;32m67H[0;37m [0;32m86M[0;37m 607Рѕ Р—Р°СѓС‡:0 Р’С‹С…:v> ящ
[1;37mР”Рѕ РєРѕРЅС†Р° Р±РѕРЅСѓСЃР° РѕСЃС‚Р°Р»РѕСЃСЊ С‚СЂРё С‡Р°СЃР°.[0;0m

[0;32m67H[0;37m [0;32m86M[0;37m 607Рѕ Р—Р°СѓС‡:0 Р’С‹С…:v> ящ
[1;31mРњРёРЅСѓР» С‡Р°СЃ.[0;37m

[0;32m67H[0;37m [0;32m86M[0;37m 607Рѕ Р—Р°СѓС‡:0 Р’С‹С…:v> ящ
Р’С‹ РіРѕС‚РѕРІС‹ СЃРѕР¶СЂР°С‚СЊ Р±С‹РєР°.
Р’Р°Рј С…РѕС‡РµС‚СЃСЏ РІС‹РїРёС‚СЊ РѕР·РµСЂРѕ.

[0;32m67H[0;37m [0;32m86M[0;37m 607Рѕ Р—Р°СѓС‡:0 Р’С‹С…:v> ящ
Р’С‹ РіРѕС‚РѕРІС‹ СЃРѕР¶СЂР°С‚СЊ Р±С‹РєР°.
Р’Р°Рј С…РѕС‡РµС‚СЃСЏ РІС‹РїРёС‚СЊ РѕР·РµСЂРѕ.

[0;32m67H[0;37m [0;32m86M[0;37m 607Рѕ Р—Р°СѓС‡:0 Р’С‹С…:v> ящ
[1;37mР”Рѕ РєРѕРЅС†Р° Р±РѕРЅСѓСЃР° РѕСЃС‚Р°Р»РѕСЃСЊ РґРІР° С‡Р°СЃР°.[0;0m

[0;32m67H[0;37m [0;32m86M[0;37m 607Рѕ Р—Р°СѓС‡:0 Р’С‹С…:v> ящ
[1;31mРњРёРЅСѓР» С‡Р°СЃ.[0;37m

[0;32m67H[0;37m [0;32m86M[0;37m 607Рѕ Р—Р°СѓС‡:0 Р’С‹С…:v> ящ
Р’С‹ РіРѕС‚РѕРІС‹ СЃРѕР¶СЂР°С‚СЊ Р±С‹РєР°.
Р’Р°Рј С…РѕС‡РµС‚СЃСЏ РІС‹РїРёС‚СЊ РѕР·РµСЂРѕ.

[0;32m67H[0;37m [0;32m86M[0;37m 607Рѕ Р—Р°СѓС‡:0 Р’С‹С…:v> ящ
Р’С‹ РіРѕС‚РѕРІС‹ СЃРѕР¶СЂР°С‚СЊ Р±С‹РєР°.
Р’Р°Рј С…РѕС‡РµС‚СЃСЏ РІС‹РїРёС‚СЊ РѕР·РµСЂРѕ.
Р’С‹ РїСЂРѕРїР°Р»Рё РІ РїСѓСЃС‚РѕС‚Рµ СЌС‚РѕРіРѕ РјРёСЂР°.

[0;32m67H[0;37m [0;32m86M[0;37m 607Рѕ Р—Р°СѓС‡:0 Р’С‹С…:> ящ
[1;37mР”Рѕ РєРѕРЅС†Р° Р±РѕРЅСѓСЃР° РѕСЃС‚Р°Р»СЃСЏ РїРѕСЃР»РµРґРЅРёР№ С‡Р°СЃ![0;0m

[0;32m67H[0;37m [0;32m86M[0;37m 607Рѕ Р—Р°СѓС‡:0 Р’С‹С…:> ящ
[1;31mРњРёРЅСѓР» С‡Р°СЃ.[0;37m

[0;32m67H[0;37m [0;32m86M[0;37m 607Рѕ Р—Р°СѓС‡:0 Р’С‹С…:> ящ
Р’С‹ РіРѕС‚РѕРІС‹ СЃРѕР¶СЂР°С‚СЊ Р±С‹РєР°.
Р’Р°Рј С…РѕС‡РµС‚СЃСЏ РІС‹РїРёС‚СЊ РѕР·РµСЂРѕ.

[0;32m67H[0;37m [0;32m86M[0;37m 607Рѕ Р—Р°СѓС‡:0 Р’С‹С…:> ящ
РЎР°Р№С‚Р°РјР° РїРѕС‚РµСЂСЏР» СЃРІСЏР·СЊ.

[0;32m67H[0;37m [0;32m86M[0;37m 607Рѕ Р—Р°СѓС‡:0 Р’С‹С…:> ящ
Р’С‹ РіРѕС‚РѕРІС‹ СЃРѕР¶СЂР°С‚СЊ Р±С‹РєР°.
Р’Р°Рј С…РѕС‡РµС‚СЃСЏ РІС‹РїРёС‚СЊ РѕР·РµСЂРѕ.

[0;32m67H[0;37m [0;32m86M[0;37m 607Рѕ Р—Р°СѓС‡:0 Р’С‹С…:> ящ
[1;37mР‘РѕРЅСѓСЃ Р·Р°РєРѕРЅС‡РёР»СЃСЏ...[0;0m

[0;32m67H[0;37m [0;32m86M[0;37m 607Рѕ Р—Р°СѓС‡:0 Р’С‹С…:> ящ
[1;31mРњРёРЅСѓР» С‡Р°СЃ.[0;37m

[0;32m67H[0;37m [0;32m86M[0;37m 607Рѕ Р—Р°СѓС‡:0 Р’С‹С…:> ящ
Р’С‹ РіРѕС‚РѕРІС‹ СЃРѕР¶СЂР°С‚СЊ Р±С‹РєР°.
Р’Р°Рј С…РѕС‡РµС‚СЃСЏ РІС‹РїРёС‚СЊ РѕР·РµСЂРѕ.

[0;32m67H[0;37m [0;32m86M[0;37m 607Рѕ Р—Р°СѓС‡:0 Р’С‹С…:> ящ
Р’С‹ РіРѕС‚РѕРІС‹ СЃРѕР¶СЂР°С‚СЊ Р±С‹РєР°.
Р’Р°Рј С…РѕС‡РµС‚СЃСЏ РІС‹РїРёС‚СЊ РѕР·РµСЂРѕ.

[0;32m67H[0;37m [0;32m86M[0;37m 607Рѕ Р—Р°СѓС‡:0 Р’С‹С…:> ящ
[1;31mРњРёРЅСѓР» С‡Р°СЃ.[0;37m

[0;32m67H[0;37m [0;32m86M[0;37m 607Рѕ Р—Р°СѓС‡:0 Р’С‹С…:> ящ
Р’С‹ РіРѕС‚РѕРІС‹ СЃРѕР¶СЂР°С‚СЊ Р±С‹РєР°.
Р’Р°Рј С…РѕС‡РµС‚СЃСЏ РІС‹РїРёС‚СЊ РѕР·РµСЂРѕ.

[0;32m67H[0;37m [0;32m86M[0;37m 607Рѕ Р—Р°СѓС‡:0 Р’С‹С…:> ящ
Р’С‹ РіРѕС‚РѕРІС‹ СЃРѕР¶СЂР°С‚СЊ Р±С‹РєР°.
Р’Р°Рј С…РѕС‡РµС‚СЃСЏ РІС‹РїРёС‚СЊ РѕР·РµСЂРѕ.

[0;32m67H[0;37m [0;32m86M[0;37m 607Рѕ Р—Р°СѓС‡:0 Р’С‹С…:> ящ
[1;31mРњРёРЅСѓР» С‡Р°СЃ.[0;37m

[0;32m67H[0;37m [0;32m86M[0;37m 607Рѕ Р—Р°СѓС‡:0 Р’С‹С…:> ящ
Р’С‹ РіРѕС‚РѕРІС‹ СЃРѕР¶СЂР°С‚СЊ Р±С‹РєР°.
Р’Р°Рј С…РѕС‡РµС‚СЃСЏ РІС‹РїРёС‚СЊ РѕР·РµСЂРѕ.

[0;32m67H[0;37m [0;32m86M[0;37m 607Рѕ Р—Р°СѓС‡:0 Р’С‹С…:> ящ
Р’С‹ РіРѕС‚РѕРІС‹ СЃРѕР¶СЂР°С‚СЊ Р±С‹РєР°.
Р’Р°Рј С…РѕС‡РµС‚СЃСЏ РІС‹РїРёС‚СЊ РѕР·РµСЂРѕ.

[0;32m67H[0;37m [0;32m86M[0;37m 607Рѕ Р—Р°СѓС‡:0 Р’С‹С…:> ящ
[1;31mРњРёРЅСѓР» С‡Р°СЃ.[0;37m

[0;32m67H[0;37m [0;32m86M[0;37m 607Рѕ Р—Р°СѓС‡:0 Р’С‹С…:> ящ
Р’С‹ РіРѕС‚РѕРІС‹ СЃРѕР¶СЂР°С‚СЊ Р±С‹РєР°.
Р’Р°Рј С…РѕС‡РµС‚СЃСЏ РІС‹РїРёС‚СЊ РѕР·РµСЂРѕ.

[0;32m67H[0;37m [0;32m86M[0;37m 607Рѕ Р—Р°СѓС‡:0 Р’С‹С…:> ящ
Р’С‹ РіРѕС‚РѕРІС‹ СЃРѕР¶СЂР°С‚СЊ Р±С‹РєР°.
Р’Р°Рј С…РѕС‡РµС‚СЃСЏ РІС‹РїРёС‚СЊ РѕР·РµСЂРѕ.

[0;32m67H[0;37m [0;32m86M[0;37m 607Рѕ Р—Р°СѓС‡:0 Р’С‹С…:> ящ[1;36mРљРѕРјРЅР°С‚С‹ РѕС‚РґС‹С…Р° [5000][0;37m
   РҐРѕР·СЏРёРЅ СѓСЃС‚СЂРѕРёР» Р·РґРµСЃСЊ РєРѕРјРЅР°С‚С‹ РґР»СЏ РѕС‚РґС‹С…Р°. Р›СЋР±РѕР№ Р¶РµР»Р°СЋС‰РёР№ РјРѕР¶РµС‚ РѕСЃС‚Р°РЅРѕРІРёС‚СЊСЃСЏ
Р·РґРµСЃСЊ Рё РїРµСЂРµРґРѕС…РЅСѓС‚СЊ РїРѕСЃР»Рµ РґР°Р»СЊРЅРµР№ РґРѕСЂРѕРіРё. РЎРІРµС‚Р»С‹Рµ РіРѕСЂРЅРёС†С‹ С‚Р°Рє Рё РїСЂРёРіР»Р°С€Р°СЋС‚
РїСЂРѕР№С‚Рё РІ РЅРёС… Рё СЂР°СЃС‚СЏРЅСѓС‚СЊСЃСЏ РЅР° РїРµСЂРёРЅРµ, РЅР° РїСѓС…РѕРІРѕР№ РґР° Р·Р°Р±С‹С‚СЊСЃСЏ СЃРЅРѕРј Р±РѕРіР°С‚С‹СЂСЃРєРёРј.
Р—РґРµСЃСЊ Р¶Рµ РјРѕР¶РЅРѕ РїРѕРґРѕР¶РґР°С‚СЊ СЃРІРѕРёС… РєРѕРјРїР°РЅСЊРѕРЅРѕРІ РїРµСЂРµРґ РґРѕР»РіРѕР№ РґРѕСЂРѕРіРѕР№, РїРѕРіРѕРІРѕСЂРёС‚СЊ
Рѕ РґР°Р»СЊРЅРµР№С€РёС… РїР»Р°РЅР°С….
[1;32mРЎРѕРІСЃРµРј РјР°Р»С‹С…, РґР° РЅРµ РѕР±СѓС‡РµРЅРЅС‹С… С‚Р°Рє Рё С‚СЏРЅРµС‚ [1;33mРІРѕР№С‚Рё [1;32mРІ [1;33mС€РєРѕР»Сѓ[1;32m.[0;0m
[0;36m[ Exits: d ][0;37m
[1;33mРќРµРјРЅРѕРіРѕ РѕС‚СЂСѓР±РµР№ РїСЂРѕСЃС‹РїР°РЅРѕ Р·РґРµСЃСЊ.
Р”РѕСЃРєР° РґР»СЏ СЂР°Р·Р»РёС‡РЅС‹С… Р·Р°РјРµС‚РѕРє Рё РѕР±СЉСЏРІР»РµРЅРёР№ РїСЂРёР±РёС‚Р° С‚СѓС‚ ..Р±Р»РµСЃС‚РёС‚!
[1;31mРҐРѕР·СЏР№РєР° РїРѕСЃС‚РѕСЏР»РѕРіРѕ РґРІРѕСЂР° СЂР°СЃРїРѕСЂСЏР¶Р°РµС‚СЃСЏ Р·РґРµСЃСЊ.
[0;0m
Р”РµСЂРµРІРЅСЏ Сѓ СЂРµРєРё (2-Р°СЏ СЂРѕРґРѕРІР°СЏ).

[0;32m67H[0;37m [0;32m86M[0;37m 607Рѕ Р—Р°СѓС‡:0 Р’С‹С…:v> ящРҐРѕР·СЏР№РєР° СЃРєР°Р·Р°Р»Р° РІР°Рј : "РЎРµРіРѕРґРЅСЏ СЃРїРёРј РЅР°С…Р°Р»СЏРІСѓ!"
РҐРѕР·СЏР№РєР° Р·Р°РїРµСЂР»Р° РІР°С€Рё РІРµС‰Рё РІ СЃСѓРЅРґСѓРє Рё РїРѕРІРµР»Р° РІ С‚РµСЃРЅСѓСЋ РєР°РјРѕСЂРєСѓ.

0) РћС‚СЃРѕРµРґРёРЅРёС‚СЊСЃСЏ.
1) РќР°С‡Р°С‚СЊ РёРіСЂСѓ.
2) Р’РІРµСЃС‚Рё РѕРїРёСЃР°РЅРёРµ РІР°С€РµРіРѕ РїРµСЂСЃРѕРЅР°Р¶Р°.
3) РЈР·РЅР°С‚СЊ РёСЃС‚РѕСЂРёСЋ.
4) РР·РјРµРЅРёС‚СЊ РїР°СЂРѕР»СЊ.
5) РЈРґР°Р»РёС‚СЊ РїРµСЂСЃРѕРЅР°Р¶Р°.
6) РР·РјРµРЅРёС‚СЊ РїР°СЂР°РјРµС‚СЂС‹ РїРµСЂСЃРѕРЅР°Р¶Р°.
7) Р’РєР»СЋС‡РёС‚СЊ/РІС‹РєР»СЋС‡РёС‚СЊ СЂРµР¶РёРј СЃР»РµРїРѕРіРѕ РёРіСЂРѕРєР°.
8) РџРѕСЃРјРѕС‚СЂРµС‚СЊ РІСЃРµС… РїРµСЂСЃРѕРЅР°Р¶РµР№ РЅР° РґР°РЅРЅРѕРј email'e.

   Р§РµРіРѕ РІР°С€Р° РґСѓС€Р° Р¶РµР»Р°РµС‚? ящ
Р­С‚Рѕ РЅРµ РµСЃС‚СЊ РїСЂР°РІРёР»СЊРЅС‹Р№ РѕС‚РІРµС‚!

0) РћС‚СЃРѕРµРґРёРЅРёС‚СЊСЃСЏ.
1) РќР°С‡Р°С‚СЊ РёРіСЂСѓ.
2) Р’РІРµСЃС‚Рё РѕРїРёСЃР°РЅРёРµ РІР°С€РµРіРѕ РїРµСЂСЃРѕРЅР°Р¶Р°.
3) РЈР·РЅР°С‚СЊ РёСЃС‚РѕСЂРёСЋ.
4) РР·РјРµРЅРёС‚СЊ РїР°СЂРѕР»СЊ.
5) РЈРґР°Р»РёС‚СЊ РїРµСЂСЃРѕРЅР°Р¶Р°.
6) РР·РјРµРЅРёС‚СЊ РїР°СЂР°РјРµС‚СЂС‹ РїРµСЂСЃРѕРЅР°Р¶Р°.
7) Р’РєР»СЋС‡РёС‚СЊ/РІС‹РєР»СЋС‡РёС‚СЊ СЂРµР¶РёРј СЃР»РµРїРѕРіРѕ РёРіСЂРѕРєР°.
8) РџРѕСЃРјРѕС‚СЂРµС‚СЊ РІСЃРµС… РїРµСЂСЃРѕРЅР°Р¶РµР№ РЅР° РґР°РЅРЅРѕРј email'e.

   Р§РµРіРѕ РІР°С€Р° РґСѓС€Р° Р¶РµР»Р°РµС‚? ящ
Р”Рѕ РІСЃС‚СЂРµС‡Рё РЅР° Р·РµРјР»Рµ РљРёРµРІСЃРєРѕР№.
Р’ СЃР»СѓС‡Р°Рµ РІР°С€РµРіРѕ РѕС‚СЃСѓС‚СЃС‚РІРёСЏ РїРµСЂСЃРѕРЅР°Р¶ Р±СѓРґРµС‚ С…СЂР°РЅРёС‚СЊСЃСЏ РґРѕ 09:46:17  7 Р”РµРєР°Р±СЂСЏ 2021 РіРѕРґР° РЅР°С€РµР№ СЌСЂС‹ :).
ящ