яыEяыVяыU
Online: 135

Using keytable
  0) Koi-8
  1) Alt
  2) Windows(JMC,MMC)
  3) Windows(zMUD)
  4) Windows(zMUD 'z')
  5) UTF-8
  6) Windows(zMUD <6.39)
  9) TECT...
Select one :  -----------------------------------------------------------------------------                   
          Based On CircleMUD v3.0   Created by Jeremy Elson,   
          DikuMUD Gamma 0.0  by Sebastian Hammer, Michael Seifert, 
          Hans Henrik Staerfeldt, Tom Madsen, Katja Nyboe
 _____________________________________________________________________________

    #######
    ##    
    ##        ####    ####      ####  ####  ####  ####  ####  ####    ####
    #######    ######  ##     ## ##    ##  ####    ##    ##    ######  ##
    ##    ##   ##   ## ##    ##  ##    ####  ##    ########    ##   ## ##
    ##    ##   ##   ## ##    ##  ##    ###   ##    ##    ##    ##   ## ##
    #######   ####### ####  ###  ###  ####  ####  ####  ####  ####### ####

                   РџРћ РџР Р•Р”РђРќРРЇРњ Р РЈРЎРЎРљРРҐ РќРђР РћР”РќР«РҐ РЎРљРђР—РћРљ Р Р‘Р«Р›РРќ.

             РџРѕ Р°РґРјРёРЅРёСЃС‚СЂР°С‚РёРІРЅС‹Рј РІРѕРїСЂРѕСЃР°Рј РјРѕР¶РµС‚Рµ СЃРІСЏР·Р°С‚СЊСЃСЏ СЃ РЎС‚СЂРёР±РѕРіРѕРј
                          e-mail: stribog@bylins.su

                      РџРѕСЃРµС‚РёС‚Рµ РЅР°С€ СЃР°Р№С‚: www.bylins.su
                Р”Р»СЏ Р±РѕР»РµРµ РїРѕРґСЂРѕР±РЅРѕР№ РёРіСЂРѕРІРѕР№ РёРЅС„РѕСЂРјР°С†РёРё РїРѕСЃРµС‚РёС‚Рµ 
                         https://wiki.bylins.su

Р’РІРµРґРёС‚Рµ РёРјСЏ РїРµСЂСЃРѕРЅР°Р¶Р° (РёР»Рё "РЅРѕРІС‹Р№" РґР»СЏ СЃРѕР·РґР°РЅРёСЏ РЅРѕРІРѕРіРѕ): РџРµСЂСЃРѕРЅР°Р¶ СЃ С‚Р°РєРёРј РёРјРµРЅРµРј СѓР¶Рµ СЃСѓС‰РµСЃС‚РІСѓРµС‚. Р’РІРµРґРёС‚Рµ РїР°СЂРѕР»СЊ : ящ

РџРѕСЃР»РµРґРЅРёР№ СЂР°Р· РІС‹ Р·Р°С…РѕРґРёР»Рё Рє РЅР°Рј РІ 07:07:31  8 Р”РµРєР°Р±СЂСЏ 2021 РіРѕРґР° СЃ Р°РґСЂРµСЃР° (69.181.166.191).

* Р’ СЃРІСЏР·Рё СЃ РїСЂРѕР±Р»РµРјР°РјРё РїРµСЂРµРІРѕРґР° С„СЂР°Р·С‹ ANYKEY РЅР°Р¶РјРёС‚Рµ ENTER *ящ
  Р”РѕР±СЂРѕ РїРѕР¶Р°Р»РѕРІР°С‚СЊ РЅР° Р·РµРјР»СЋ РљРёРµРІСЃРєСѓСЋ, Р±РѕРіР°С‚СѓСЋ РёСЃС‚РѕСЂРёРµР№ Рё СЃР°РјС‹РјРё РЅРµРІРµСЂРѕСЏС‚РЅС‹РјРё
РїСЂРёРєР»СЋС‡РµРЅРёСЏРјРё. Р’РѕР·РјРѕР¶РЅРѕ, РІР°Рј РѕРЅРё РїРѕРЅСЂР°РІСЏС‚СЃСЏ, Рё РІС‹ СЃС‚Р°РЅРµС‚Рµ РІ РѕРґРёРЅ СЂСЏРґ СЃ РіРµСЂРѕСЏРјРё
РґР°РІРЅРѕ РјРёРЅСѓРІС€РёС… РґРЅРµР№.

[1;37m** РќР° СЃРµР№ СЂР°Р· РїРѕСЃС‚РѕР№ Р±С‹Р» Р±РµСЃРїР»Р°С‚РЅС‹Рј **[0;37m

Р’Р°СЃ РѕР¶РёРґР°СЋС‚ СЃРѕРѕР±С‰РµРЅРёСЏ:
  18 РІ СЂР°Р·РґРµР»Рµ 'Р‘Р°Р·Р°СЂРЅР°СЏ РїР»РѕС‰Р°РґСЊ' [1;37m(Р’РµС‡Рµ)[0;37m.
   9 РІ СЂР°Р·РґРµР»Рµ 'РРґРµРё Рё РёС… РѕР±СЃСѓР¶РґРµРЅРёРµ' [1;37m(РРґРµРё)[0;37m.
   2 РІ СЂР°Р·РґРµР»Рµ 'РЎРѕРѕР±С‰РµРЅРёСЏ РѕС‚ Р°РґРјРёРЅРёСЃС‚СЂР°С†РёРё' [1;37m(РђРЅРѕРЅСЃС‹)[0;37m.
[1;36mРљРѕРјРЅР°С‚С‹ РѕС‚РґС‹С…Р° [5000][0;37m
   РҐРѕР·СЏРёРЅ СѓСЃС‚СЂРѕРёР» Р·РґРµСЃСЊ РєРѕРјРЅР°С‚С‹ РґР»СЏ РѕС‚РґС‹С…Р°. Р›СЋР±РѕР№ Р¶РµР»Р°СЋС‰РёР№ РјРѕР¶РµС‚ РѕСЃС‚Р°РЅРѕРІРёС‚СЊСЃСЏ
Р·РґРµСЃСЊ Рё РїРµСЂРµРґРѕС…РЅСѓС‚СЊ РїРѕСЃР»Рµ РґР°Р»СЊРЅРµР№ РґРѕСЂРѕРіРё. РЎРІРµС‚Р»С‹Рµ РіРѕСЂРЅРёС†С‹ С‚Р°Рє Рё РїСЂРёРіР»Р°С€Р°СЋС‚
РїСЂРѕР№С‚Рё РІ РЅРёС… Рё СЂР°СЃС‚СЏРЅСѓС‚СЊСЃСЏ РЅР° РїРµСЂРёРЅРµ, РЅР° РїСѓС…РѕРІРѕР№ РґР° Р·Р°Р±С‹С‚СЊСЃСЏ СЃРЅРѕРј Р±РѕРіР°С‚С‹СЂСЃРєРёРј.
Р—РґРµСЃСЊ Р¶Рµ РјРѕР¶РЅРѕ РїРѕРґРѕР¶РґР°С‚СЊ СЃРІРѕРёС… РєРѕРјРїР°РЅСЊРѕРЅРѕРІ РїРµСЂРµРґ РґРѕР»РіРѕР№ РґРѕСЂРѕРіРѕР№, РїРѕРіРѕРІРѕСЂРёС‚СЊ
Рѕ РґР°Р»СЊРЅРµР№С€РёС… РїР»Р°РЅР°С….
[1;32mРЎРѕРІСЃРµРј РјР°Р»С‹С…, РґР° РЅРµ РѕР±СѓС‡РµРЅРЅС‹С… С‚Р°Рє Рё С‚СЏРЅРµС‚ [1;33mРІРѕР№С‚Рё [1;32mРІ [1;33mС€РєРѕР»Сѓ[1;32m.[0;0m
[0;36m[ Exits: d ][0;37m
[1;33mР”РѕСЃРєР° РґР»СЏ СЂР°Р·Р»РёС‡РЅС‹С… Р·Р°РјРµС‚РѕРє Рё РѕР±СЉСЏРІР»РµРЅРёР№ РїСЂРёР±РёС‚Р° С‚СѓС‚ ..Р±Р»РµСЃС‚РёС‚!
[1;31mРҐРѕР·СЏР№РєР° РїРѕСЃС‚РѕСЏР»РѕРіРѕ РґРІРѕСЂР° СЂР°СЃРїРѕСЂСЏР¶Р°РµС‚СЃСЏ Р·РґРµСЃСЊ.
[0;0m
Р”РµСЂРµРІРЅСЏ Сѓ СЂРµРєРё (2-Р°СЏ СЂРѕРґРѕРІР°СЏ).

[0;32m211H[0;37m [0;32m98M[0;37m 20786Рѕ Р—Р°СѓС‡:0 Р’С‹С…:v> ящ
[1;31mРњРёРЅСѓР» С‡Р°СЃ.[0;37m

[0;32m211H[0;37m [0;32m98M[0;37m 20786Рѕ Р—Р°СѓС‡:0 Р’С‹С…:v> ящ
[1;31mРњРёРЅСѓР» С‡Р°СЃ.[0;37m

[0;32m211H[0;37m [0;32m98M[0;37m 20786Рѕ Р—Р°СѓС‡:0 Р’С‹С…:v> ящ[1;36mРљРѕРјРЅР°С‚С‹ РѕС‚РґС‹С…Р° [5000][0;37m
   РҐРѕР·СЏРёРЅ СѓСЃС‚СЂРѕРёР» Р·РґРµСЃСЊ РєРѕРјРЅР°С‚С‹ РґР»СЏ РѕС‚РґС‹С…Р°. Р›СЋР±РѕР№ Р¶РµР»Р°СЋС‰РёР№ РјРѕР¶РµС‚ РѕСЃС‚Р°РЅРѕРІРёС‚СЊСЃСЏ
Р·РґРµСЃСЊ Рё РїРµСЂРµРґРѕС…РЅСѓС‚СЊ РїРѕСЃР»Рµ РґР°Р»СЊРЅРµР№ РґРѕСЂРѕРіРё. РЎРІРµС‚Р»С‹Рµ РіРѕСЂРЅРёС†С‹ С‚Р°Рє Рё РїСЂРёРіР»Р°С€Р°СЋС‚
РїСЂРѕР№С‚Рё РІ РЅРёС… Рё СЂР°СЃС‚СЏРЅСѓС‚СЊСЃСЏ РЅР° РїРµСЂРёРЅРµ, РЅР° РїСѓС…РѕРІРѕР№ РґР° Р·Р°Р±С‹С‚СЊСЃСЏ СЃРЅРѕРј Р±РѕРіР°С‚С‹СЂСЃРєРёРј.
Р—РґРµСЃСЊ Р¶Рµ РјРѕР¶РЅРѕ РїРѕРґРѕР¶РґР°С‚СЊ СЃРІРѕРёС… РєРѕРјРїР°РЅСЊРѕРЅРѕРІ РїРµСЂРµРґ РґРѕР»РіРѕР№ РґРѕСЂРѕРіРѕР№, РїРѕРіРѕРІРѕСЂРёС‚СЊ
Рѕ РґР°Р»СЊРЅРµР№С€РёС… РїР»Р°РЅР°С….
[1;32mРЎРѕРІСЃРµРј РјР°Р»С‹С…, РґР° РЅРµ РѕР±СѓС‡РµРЅРЅС‹С… С‚Р°Рє Рё С‚СЏРЅРµС‚ [1;33mРІРѕР№С‚Рё [1;32mРІ [1;33mС€РєРѕР»Сѓ[1;32m.[0;0m
[0;36m[ Exits: d ][0;37m
[1;33mР”РѕСЃРєР° РґР»СЏ СЂР°Р·Р»РёС‡РЅС‹С… Р·Р°РјРµС‚РѕРє Рё РѕР±СЉСЏРІР»РµРЅРёР№ РїСЂРёР±РёС‚Р° С‚СѓС‚ ..Р±Р»РµСЃС‚РёС‚!
[1;31mРҐРѕР·СЏР№РєР° РїРѕСЃС‚РѕСЏР»РѕРіРѕ РґРІРѕСЂР° СЂР°СЃРїРѕСЂСЏР¶Р°РµС‚СЃСЏ Р·РґРµСЃСЊ.
[0;0m
Р”РµСЂРµРІРЅСЏ Сѓ СЂРµРєРё (2-Р°СЏ СЂРѕРґРѕРІР°СЏ).

[0;32m211H[0;37m [0;32m98M[0;37m 20786Рѕ Р—Р°СѓС‡:0 Р’С‹С…:v> ящР’С‹ РїРѕРїР»РµР»РёСЃСЊ РІРЅРёР·.
[1;36mРџРѕСЃС‚РѕСЏР»С‹Р№ РґРІРѕСЂ [5001][0;37m
   Р”РµСЂРµРІРЅСЏ С…РѕС‚СЊ Рё РЅРµР±РѕР»СЊС€Р°СЏ, РЅРѕ РїРѕСЃС‚РѕСЏР»С‹Р№ РґРІРѕСЂ РёРјРµРµС‚СЃСЏ, РґР»СЏ Р·Р°РµР·Р¶РёС… РіРѕСЃС‚РµР№,
С‡С‚РѕР±С‹ Р±С‹Р»Рѕ РіРґРµ РїРµСЂРµРІРµСЃС‚Рё РґСѓС…, РµРґРѕР№ Рё РїРёС‚СЊРµРј Р·Р°РїР°СЃС‚РёСЃСЊ. Рђ РµСЃР»Рё РЅР° РґРІРѕСЂРµ СѓР¶
РЅРѕС‡СЊ РёР»СЊ РїСЂРѕСЃС‚Рѕ РЅР°РґРѕ РѕСЃС‚Р°РЅРѕРІРёС‚СЃСЏ РЅР° РґРµРЅСЊ РґСЂСѓРіРѕР№ РІ РґРµСЂРµРІРЅРµ, Р° СЂРѕРґСЃС‚РІРµРЅРЅРёРєРѕРІ
РЅРµС‚, С‚Р°Рє РјРѕР¶РЅРѕ Рё РїРµСЂРµРЅРѕС‡РµРІР°С‚СЊ РІ РіРѕСЂРЅРёС†Р°С… РЅР°РІРµСЂС…Сѓ.
[0;36m[ Exits: w u ][0;37m
[1;33mР›СѓР¶РёС†Р° РґРѕР¶РґРµРІРѕР№ РІРѕРґС‹ СЂР°Р·Р»РёС‚Р° Сѓ РІР°С€РёС… РЅРѕРі.
[1;31mРЎРµРґРѕРІР»Р°СЃС‹Р№ СЃРєР°Р·РёС‚РµР»СЊ РіРѕС‚РѕРІ РїРѕРґРµР»РёС‚СЊСЃСЏ СЃ Р’Р°РјРё РёРЅС‚РµСЂРµСЃРЅРѕР№ РёСЃС‚РѕСЂРёРµР№.
РўСЂР°РєС‚РёСЂС‰РёРє РѕС‚РґС‹С…Р°РµС‚ Р·Р° СЃС‚РѕР№РєРѕР№.
[0;0m
[0;32m211H[0;37m [0;32m97M[0;37m 20786Рѕ Р—Р°СѓС‡:0 Р’С‹С…:Р—^> ящ
СЃРєР°Р·РёС‚РµР»СЊ, Р·Р°РІРёРґРµРІ РІР°СЃ, С€РёСЂРѕРєРѕ СѓР»С‹Р±РЅСѓР»СЃСЏ.
СЃРєР°Р·РёС‚РµР»СЊ СЃРєР°Р·Р°Р» : 'Р‘РѕРіР°С‚С‹СЂСЊ - С…РѕСЂРѕС€Р°СЏ РїСЂРѕС„РµСЃСЃРёСЏ'
СЃРєР°Р·РёС‚РµР»СЊ СЃРєР°Р·Р°Р» : 'Р•СЃС‚СЊ Сѓ РјРµРЅСЏ РѕРґРЅР° РЅРµРїР»РѕС…Р°СЏ СЃРєР°Р·РєР° РїСЂРѕ РІР°С€РµРіРѕ Р±СЂР°С‚Р°'

[0;32m211H[0;37m [0;32m97M[0;37m 20786Рѕ Р—Р°СѓС‡:0 Р’С‹С…:Р—^> ящР’С‹ РїРѕРїР»РµР»РёСЃСЊ РЅР° Р·Р°РїР°Рґ.
[1;36mРџРµСЂРµРґ РїРѕСЃС‚РѕСЏР»С‹Рј РґРІРѕСЂРѕРј [5005][0;37m
   Р§СѓС‚СЊ РЅРµ СЃРїРѕС‚РєРЅСѓРІС€РёСЃСЊ Рѕ РґРѕСЃРєСѓ, Р»РµР¶Р°С‰СѓСЋ СЃСЂР°Р·Сѓ Сѓ РїРѕСЂРѕРіР° РїРѕСЃС‚РѕСЏР»РѕРіРѕ РґРІРѕСЂР°,
РІС‹ РѕРєР°Р·Р°Р»РёСЃСЊ РЅР° С†РµРЅС‚СЂР°Р»СЊРЅРѕР№ СѓР»РёС†Рµ РґРµСЂРµРІРЅРё. РРјРµРЅРЅРѕ РЅР° СЌС‚РѕР№ СѓР»РёС†Рµ РјРѕР¶РЅРѕ 
Р±С‹СЃС‚СЂРѕ РЅР°Р№С‚Рё Р»Р°РІРєСѓ СЂРµРјРµСЃР»РµРЅРЅРёРєР°, РґРѕРј Р·РЅР°С…Р°СЂСЏ, РєРѕРЅСЋС€РЅСЋ Рё РґРѕРј СЃС‚Р°СЂРµР№С€РёРЅС‹.
Р’ СЋР¶РЅРѕР№ С‡Р°СЃС‚Рё РґРµСЂРµРІРЅРё РїРѕСЃРµР»РёР»РёСЃСЊ РІРѕСЂРѕР¶РµРё.
[0;36m[ Exits: n e s w ][0;37m
[1;33m[1;31m[0;0m
[0;32m211H[0;37m [0;32m97M[0;37m 20786Рѕ Р—Р°СѓС‡:0 Р’С‹С…:РЎР’Р®Р—> ящР’С‹ РїРѕРїР»РµР»РёСЃСЊ РЅР° СЋРі.
[1;36mР¦РµРЅС‚СЂ РґРµСЂРµРІРЅРё [5004][0;37m
   Р¦РµРЅС‚СЂР°Р»СЊРЅР°СЏ С‡Р°СЃС‚СЊ РґРµСЂРµРІРЅРё Р·Р°РїРѕР»РЅРµРЅР° РЅСѓР¶РЅС‹РјРё РІСЃРµРј РјР°СЃС‚РµСЂСЃРєРёРјРё Рё Р»Р°РІРєР°РјРё.
РЈРґР°С‡РЅРѕРµ РјРµСЃС‚Рѕ РґРµСЂРµРІРЅРё РІ РЅРµР·Р°РїР°РјСЏС‚РЅС‹Рµ РІСЂРµРјРµРЅР° РїСЂРёРІР»РµРєР»Рѕ СЃСЋРґР° С‚РѕСЂРіРѕРІС†РµРІ Рё
РјР°СЃС‚РµСЂРѕРІС‹С…, Рё СЃ С‚РµС… РїРѕСЂ РїРѕРІРµР»РѕСЃСЊ, С‡С‚Рѕ РІ СЌС‚РѕР№ С‡Р°СЃС‚Рё РґРµСЂРµРІРЅРё СЃС‚РѕСЏС‚ Р±РѕР»СЊС€РёРµ Рё
Р±РѕРіР°С‚С‹Рµ РґРѕРјР°. РЎРѕ РІСЃРµР№ РѕРєСЂСѓРіРё Рё РґР°Р¶Рµ РёР· РґР°Р»РµРєРѕР№ РіР»СѓС€Рё РїСЂРёС…РѕРґСЏС‚ Р»СЋРґРё СЃСЋРґР°
Р·Р° С‚РѕРІР°СЂРѕРј РєСѓРїРёС‚СЊ С‡С‚Рѕ, РїСЂРѕРґР°С‚СЊ С‡С‚Рѕ, Р·Р°РєР°Р·Р°С‚СЊ С‡С‚Рѕ.
[0;36m[ Exits: n s w ][0;37m
[1;33m[1;31mР‘Р°Р·Р°СЂРЅС‹Р№ Р·Р°Р·С‹РІР°Р»Р° СЃС‚РѕРёС‚ Р·РґРµСЃСЊ, Р·С‹С‡РЅС‹Рј РіРѕР»РѕСЃРѕРј СЂР°СЃС…РІР°Р»РёРІР°СЏ РІС‹СЃС‚Р°РІР»РµРЅРЅС‹Р№ С‚РѕРІР°СЂ.
[0;0m
[0;32m211H[0;37m [0;32m97M[0;37m 20786Рѕ Р—Р°СѓС‡:0 Р’С‹С…:РЎР®Р—> ящР’С‹ РїРѕРїР»РµР»РёСЃСЊ РЅР° СЋРі.
[1;36mРџРµСЂРµРґ РєРѕРЅСЋС€РЅРµР№ [5003][0;37m
   Р¦РµРЅС‚СЂР°Р»СЊРЅР°СЏ С‡Р°СЃС‚СЊ РґРµСЂРµРІРЅРё Р·Р°РїРѕР»РЅРµРЅР° РЅСѓР¶РЅС‹РјРё РІСЃРµРј РјР°СЃС‚РµСЂСЃРєРёРјРё Рё Р»Р°РІРєР°РјРё.
РЈРґР°С‡РЅРѕРµ РјРµСЃС‚Рѕ РґРµСЂРµРІРЅРё РІ РЅРµР·Р°РїР°РјСЏС‚РЅС‹Рµ РІСЂРµРјРµРЅР° РїСЂРёРІР»РµРєР»Рѕ СЃСЋРґР° С‚РѕСЂРіРѕРІС†РµРІ Рё
РјР°СЃС‚РµСЂРѕРІС‹С…, Рё СЃ С‚РµС… РїРѕСЂ РїРѕРІРµР»РѕСЃСЊ, С‡С‚Рѕ РІ СЌС‚РѕР№ С‡Р°СЃС‚Рё РґРµСЂРµРІРЅРё СЃС‚РѕСЏС‚ Р±РѕР»СЊС€РёРµ Рё
Р±РѕРіР°С‚С‹Рµ РґРѕРјР°. РЎРѕ РІСЃРµР№ РѕРєСЂСѓРіРё Рё РґР°Р¶Рµ РёР· РґР°Р»РµРєРѕР№ РіР»СѓС€Рё РїСЂРёС…РѕРґСЏС‚ Р»СЋРґРё СЃСЋРґР°
Р·Р° С‚РѕРІР°СЂРѕРј РєСѓРїРёС‚СЊ С‡С‚Рѕ, РїСЂРѕРґР°С‚СЊ С‡С‚Рѕ, Р·Р°РєР°Р·Р°С‚СЊ С‡С‚Рѕ.
[0;36m[ Exits: n e s w ][0;37m
[1;33m[1;31m[0;0m
[0;32m211H[0;37m [0;32m97M[0;37m 20786Рѕ Р—Р°СѓС‡:0 Р’С‹С…:РЎР’Р®Р—> ящР’С‹ РїРѕРїР»РµР»РёСЃСЊ РЅР° СЋРі.
[1;36mР¦РµРЅС‚СЂ РґРµСЂРµРІРЅРё [5009][0;37m
   Р¦РµРЅС‚СЂР°Р»СЊРЅР°СЏ С‡Р°СЃС‚СЊ РґРµСЂРµРІРЅРё Р·Р°РїРѕР»РЅРµРЅР° РЅСѓР¶РЅС‹РјРё РІСЃРµРј РјР°СЃС‚РµСЂСЃРєРёРјРё Рё Р»Р°РІРєР°РјРё.
РЈРґР°С‡РЅРѕРµ РјРµСЃС‚Рѕ РґРµСЂРµРІРЅРё РІ РЅРµР·Р°РїР°РјСЏС‚РЅС‹Рµ РІСЂРµРјРµРЅР° РїСЂРёРІР»РµРєР»Рѕ СЃСЋРґР° С‚РѕСЂРіРѕРІС†РµРІ Рё
РјР°СЃС‚РµСЂРѕРІС‹С…, Рё СЃ С‚РµС… РїРѕСЂ РїРѕРІРµР»РѕСЃСЊ, С‡С‚Рѕ РІ СЌС‚РѕР№ С‡Р°СЃС‚Рё РґРµСЂРµРІРЅРё СЃС‚РѕСЏС‚ Р±РѕР»СЊС€РёРµ Рё
Р±РѕРіР°С‚С‹Рµ РґРѕРјР°. РЎРѕ РІСЃРµР№ РѕРєСЂСѓРіРё Рё РґР°Р¶Рµ РёР· РґР°Р»РµРєРѕР№ РіР»СѓС€Рё РїСЂРёС…РѕРґСЏС‚ Р»СЋРґРё СЃСЋРґР°
Р·Р° С‚РѕРІР°СЂРѕРј РєСѓРїРёС‚СЊ С‡С‚Рѕ, РїСЂРѕРґР°С‚СЊ С‡С‚Рѕ, Р·Р°РєР°Р·Р°С‚СЊ С‡С‚Рѕ.
[0;36m[ Exits: n e s w ][0;37m
[1;33m[1;31mРџРѕР¶РёР»РѕР№ С€РёСЂРѕРєРѕРїР»РµС‡РёР№ РєСЂРµСЃС‚СЊСЏРЅРёРЅ РІ РґРѕР±СЂРѕС‚РЅРѕР№ РѕРґРµР¶РґРµ РїСЂРѕС…Р°Р¶РёРІР°РµС‚СЃСЏ С‚СѓС‚.
[0;0m
[0;32m211H[0;37m [0;32m97M[0;37m 20786Рѕ Р—Р°СѓС‡:0 Р’С‹С…:РЎР’Р®Р—> ящР’С‹ РїРѕРїР»РµР»РёСЃСЊ РЅР° РІРѕСЃС‚РѕРє.
[1;36mР”РІРѕСЂ СЃС‚Р°СЂРµР№С€РёРЅС‹ [5030][0;37m
   Р­С‚Рѕ СЃР°РјС‹Р№ Р±РѕР»СЊС€РѕР№ РґРІРѕСЂ РІ РґРµСЂРµРІРЅРё. Р—РґРµСЃСЊ РїСЂРѕРёСЃС…РѕРґСЏС‚ СЃС…РѕРґС‹ Р¶РёС‚РµР»РµР№ РґР»СЏ 
СЂРµС€РµРЅРёСЏ РѕР±С‰РёС… РїСЂРѕР±Р»РµРј. РљР°Р¶РґС‹Р№ РјРѕР¶РµС‚ РІС‹СЃРєР°Р·Р°С‚СЊСЃСЏ РЅР° СЌС‚РѕРј СЃРѕР±СЂР°РЅРёРё РЅРµР·Р°РІРёСЃРёРјРѕ
РѕС‚ СЃРІРѕРµРіРѕ СЃС‚Р°С‚СѓСЃР°. РРјРµРЅРЅРѕ Р·РґРµСЃСЊ СЂРµС€Р°СЋС‚СЃСЏ СЃСЃРѕСЂС‹, РЅР°РєР°Р·С‹РІР°СЋС‚СЃСЏ СЃРѕРІРµСЂС€РёРІС€РёРµ
РїР»РѕС…РёРµ РїСЂРѕСЃС‚СѓРїРєРё.
[0;36m[ Exits: e w ][0;37m
[1;33m[1;31mР•С„РёРјРёР№, Р±СЂР°С‚ РґРµСЂРµРІРµРЅСЃРєРѕРіРѕ СЃС‚Р°СЂРѕСЃС‚С‹, СЃС‚РѕРёС‚ Р·РґРµСЃСЊ.
[0;0m
[0;32m211H[0;37m [0;32m97M[0;37m 20786Рѕ Р—Р°СѓС‡:0 Р’С‹С…:Р’Р—> ящР’С‹ РїРѕРїР»РµР»РёСЃСЊ РЅР° РІРѕСЃС‚РѕРє.
[1;36mР’ РґРѕРјРµ СЃС‚Р°СЂРµР№С€РёРЅС‹ [5031][0;37m
   РЎРѕСЃС‚РѕСЏС‰РёР№ РёР· РґРІСѓС… РїСЏС‚РёСЃС‚РµРЅРєРѕРІ РґРѕРј РїРѕСЂР°Р¶Р°РµС‚ СЃРІРѕРёРјРё СЂР°Р·РјРµСЂР°РјРё. Р—РґРµСЃСЊ РјРѕРіР»Рё
Р±С‹ СЂР°Р·РјРµСЃС‚РёС‚СЊСЃСЏ С‡РµС‚С‹СЂРµ РёР»Рё РїСЏС‚СЊ РѕР±С‹С‡РЅС‹С… РґРѕРјРѕРј. Р”РІРµ РїРµС‡Рё, РЅРµСЃРєРѕР»СЊРєРѕ РєРѕРјРЅР°С‚,
РІ СЃР°РјРѕР№ Р±РѕР»СЊС€РѕР№ РёР· РєРѕС‚РѕСЂС‹С… РІС‹ СЃРµР№С‡Р°СЃ Рё РЅР°С…РѕРґРёС‚РµСЃСЊ. Р—РґРµСЃСЊ РѕРґРЅРѕРІСЂРµРјРµРЅРЅРѕ РјРѕР¶РµС‚
РЅР°С…РѕРґРёС‚СЃСЏ РЅРµ РѕРґРёРЅ РґРµСЃСЏС‚РѕРє С‡РµР»РѕРІРµРє.
[0;36m[ Exits: s w ][0;37m
[1;33mРќРµРјРЅРѕРіРѕ РѕС‚СЂСѓР±РµР№ РїСЂРѕСЃС‹РїР°РЅРѕ Р·РґРµСЃСЊ.
[1;31mРЎРµРґРѕР№ РєСЂРµРїРєРёР№ РјСѓР¶С‡РёРЅР° СЃС‚РѕРёС‚ Р·РґРµСЃСЊ.
...СЃРІРµС‚РёС‚СЃСЏ СЏСЂРєРёРј СЃРёСЏРЅРёРµРј 
[0;0m
[0;32m211H[0;37m [0;32m97M[0;37m 20786Рѕ Р—Р°СѓС‡:0 Р’С‹С…:Р®Р—> ящР’С‹ РїРѕРїР»РµР»РёСЃСЊ РЅР° СЋРі.
[1;36mР’ СЃРІРµС‚Р»РѕР№ РєРѕРјРЅР°С‚Рµ [5032][0;37m
   РўРёС…Р°СЏ СЃРІРµС‚Р»Р°СЏ РєРѕРјРЅР°С‚Р° Р·РЅР°С‡РёС‚РµР»СЊРЅРѕ РјРµРЅСЊС€Рµ РїСЂРµРґС‹РґСѓС‰РµР№, РЅРѕ Рё СЃСЋРґР° РїРѕСЃС‚РѕСЏРЅРЅРѕ
Р·Р°С…РѕРґСЏС‚ Р»СЋРґРё. Р—РґРµСЃСЊ РІ СЃР»СѓС‡Р°Рµ РЅРµРѕР±С…РѕРґРёРјРѕСЃС‚Рё РјРѕР¶РЅРѕ РѕСЃС‚Р°РІРёС‚СЊ РЅР° С…СЂР°РЅРµРЅРёРµ СЃРІРѕРё
РґРµРЅСЊРіРё.
[0;36m[ Exits: n ][0;37m
[1;33mРЈ РІР°С€РёС… РЅРѕРі Р»РµР¶РёС‚ РіР»РёРЅСЏРЅР°СЏ РїР»РѕС€РєР°.
РќРµРјРЅРѕРіРѕ РѕС‚СЂСѓР±РµР№ РїСЂРѕСЃС‹РїР°РЅРѕ Р·РґРµСЃСЊ.
Р’Р°С€ РїРѕС…РѕРґРЅС‹Р№ СЃСѓРЅРґСѓС‡РѕРє СЃС‚РѕРёС‚ Р·РґРµСЃСЊ.
[1;31mР”РѕС‡РєР° СЃС‚Р°СЂРµР№С€РёРЅС‹ СЃС‚РѕРёС‚ Р·РґРµСЃСЊ.
Р”РѕСЂРѕРґРЅР°СЏ Р¶РµРЅС‰РёРЅР° СЃС‚РѕРёС‚ Р·РґРµСЃСЊ.
[0;0m
[0;32m211H[0;37m [0;32m96M[0;37m 20786Рѕ Р—Р°СѓС‡:0 Р’С‹С…:РЎ> ящ
Р”РѕС‡РєР° СЃРєР°Р·Р°Р»Р° Р’Р°Рј:
- Р­С… С‚С‹ РіРѕСЂРµРјС‹С‡РЅС‹Р№, РіРѕР»РѕРґРЅС‹Р№ РЅР°РІРµСЂРЅРѕРµ, Р“РµРЅРѕРґ.
- Р§С‚Рѕ РјС‹ РЅРµС…СЂРёСЃС‚Рё С‡С‚РѕР±С‹ РЅРµ РЅР°РєРѕСЂРјРёС‚СЊ.
- РЎРµР№С‡Р°СЃ, РїРѕРґРѕР¶РґРё...
Р’С‹ РїРѕР»РЅРѕСЃС‚СЊСЋ РЅР°СЃС‹С‚РёР»РёСЃСЊ.

[0;32m211H[0;37m [0;32m97M[0;37m 20786Рѕ Р—Р°СѓС‡:0 Р’С‹С…:РЎ> ящ[1;36mР’ СЃРІРµС‚Р»РѕР№ РєРѕРјРЅР°С‚Рµ [5032][0;37m
   РўРёС…Р°СЏ СЃРІРµС‚Р»Р°СЏ РєРѕРјРЅР°С‚Р° Р·РЅР°С‡РёС‚РµР»СЊРЅРѕ РјРµРЅСЊС€Рµ РїСЂРµРґС‹РґСѓС‰РµР№, РЅРѕ Рё СЃСЋРґР° РїРѕСЃС‚РѕСЏРЅРЅРѕ
Р·Р°С…РѕРґСЏС‚ Р»СЋРґРё. Р—РґРµСЃСЊ РІ СЃР»СѓС‡Р°Рµ РЅРµРѕР±С…РѕРґРёРјРѕСЃС‚Рё РјРѕР¶РЅРѕ РѕСЃС‚Р°РІРёС‚СЊ РЅР° С…СЂР°РЅРµРЅРёРµ СЃРІРѕРё
РґРµРЅСЊРіРё.
[0;36m[ Exits: n ][0;37m
[1;33mРЈ РІР°С€РёС… РЅРѕРі Р»РµР¶РёС‚ РіР»РёРЅСЏРЅР°СЏ РїР»РѕС€РєР°.
РќРµРјРЅРѕРіРѕ РѕС‚СЂСѓР±РµР№ РїСЂРѕСЃС‹РїР°РЅРѕ Р·РґРµСЃСЊ.
Р’Р°С€ РїРѕС…РѕРґРЅС‹Р№ СЃСѓРЅРґСѓС‡РѕРє СЃС‚РѕРёС‚ Р·РґРµСЃСЊ.
[1;31mР”РѕС‡РєР° СЃС‚Р°СЂРµР№С€РёРЅС‹ СЃС‚РѕРёС‚ Р·РґРµСЃСЊ.
Р”РѕСЂРѕРґРЅР°СЏ Р¶РµРЅС‰РёРЅР° СЃС‚РѕРёС‚ Р·РґРµСЃСЊ.
[0;0m
[0;32m211H[0;37m [0;32m98M[0;37m 20786Рѕ Р—Р°СѓС‡:0 Р’С‹С…:РЎ> ящР’С‹ РїРѕРїР»РµР»РёСЃСЊ РЅР° СЃРµРІРµСЂ.
[1;36mР’ РґРѕРјРµ СЃС‚Р°СЂРµР№С€РёРЅС‹ [5031][0;37m
   РЎРѕСЃС‚РѕСЏС‰РёР№ РёР· РґРІСѓС… РїСЏС‚РёСЃС‚РµРЅРєРѕРІ РґРѕРј РїРѕСЂР°Р¶Р°РµС‚ СЃРІРѕРёРјРё СЂР°Р·РјРµСЂР°РјРё. Р—РґРµСЃСЊ РјРѕРіР»Рё
Р±С‹ СЂР°Р·РјРµСЃС‚РёС‚СЊСЃСЏ С‡РµС‚С‹СЂРµ РёР»Рё РїСЏС‚СЊ РѕР±С‹С‡РЅС‹С… РґРѕРјРѕРј. Р”РІРµ РїРµС‡Рё, РЅРµСЃРєРѕР»СЊРєРѕ РєРѕРјРЅР°С‚,
РІ СЃР°РјРѕР№ Р±РѕР»СЊС€РѕР№ РёР· РєРѕС‚РѕСЂС‹С… РІС‹ СЃРµР№С‡Р°СЃ Рё РЅР°С…РѕРґРёС‚РµСЃСЊ. Р—РґРµСЃСЊ РѕРґРЅРѕРІСЂРµРјРµРЅРЅРѕ РјРѕР¶РµС‚
РЅР°С…РѕРґРёС‚СЃСЏ РЅРµ РѕРґРёРЅ РґРµСЃСЏС‚РѕРє С‡РµР»РѕРІРµРє.
[0;36m[ Exits: s w ][0;37m
[1;33mРќРµРјРЅРѕРіРѕ РѕС‚СЂСѓР±РµР№ РїСЂРѕСЃС‹РїР°РЅРѕ Р·РґРµСЃСЊ.
[1;31mРЎРµРґРѕР№ РєСЂРµРїРєРёР№ РјСѓР¶С‡РёРЅР° СЃС‚РѕРёС‚ Р·РґРµСЃСЊ.
...СЃРІРµС‚РёС‚СЃСЏ СЏСЂРєРёРј СЃРёСЏРЅРёРµРј 
[0;0m
[0;32m211H[0;37m [0;32m97M[0;37m 20786Рѕ Р—Р°СѓС‡:0 Р’С‹С…:Р®Р—> ящР’С‹ РїРѕРїР»РµР»РёСЃСЊ РЅР° Р·Р°РїР°Рґ.
[1;36mР”РІРѕСЂ СЃС‚Р°СЂРµР№С€РёРЅС‹ [5030][0;37m
   Р­С‚Рѕ СЃР°РјС‹Р№ Р±РѕР»СЊС€РѕР№ РґРІРѕСЂ РІ РґРµСЂРµРІРЅРё. Р—РґРµСЃСЊ РїСЂРѕРёСЃС…РѕРґСЏС‚ СЃС…РѕРґС‹ Р¶РёС‚РµР»РµР№ РґР»СЏ 
СЂРµС€РµРЅРёСЏ РѕР±С‰РёС… РїСЂРѕР±Р»РµРј. РљР°Р¶РґС‹Р№ РјРѕР¶РµС‚ РІС‹СЃРєР°Р·Р°С‚СЊСЃСЏ РЅР° СЌС‚РѕРј СЃРѕР±СЂР°РЅРёРё РЅРµР·Р°РІРёСЃРёРјРѕ
РѕС‚ СЃРІРѕРµРіРѕ СЃС‚Р°С‚СѓСЃР°. РРјРµРЅРЅРѕ Р·РґРµСЃСЊ СЂРµС€Р°СЋС‚СЃСЏ СЃСЃРѕСЂС‹, РЅР°РєР°Р·С‹РІР°СЋС‚СЃСЏ СЃРѕРІРµСЂС€РёРІС€РёРµ
РїР»РѕС…РёРµ РїСЂРѕСЃС‚СѓРїРєРё.
[0;36m[ Exits: e w ][0;37m
[1;33m[1;31mР•С„РёРјРёР№, Р±СЂР°С‚ РґРµСЂРµРІРµРЅСЃРєРѕРіРѕ СЃС‚Р°СЂРѕСЃС‚С‹, СЃС‚РѕРёС‚ Р·РґРµСЃСЊ.
[0;0m
[0;32m211H[0;37m [0;32m97M[0;37m 20786Рѕ Р—Р°СѓС‡:0 Р’С‹С…:Р’Р—> ящР’С‹ РїРѕРїР»РµР»РёСЃСЊ РЅР° Р·Р°РїР°Рґ.
[1;36mР¦РµРЅС‚СЂ РґРµСЂРµРІРЅРё [5009][0;37m
   Р¦РµРЅС‚СЂР°Р»СЊРЅР°СЏ С‡Р°СЃС‚СЊ РґРµСЂРµРІРЅРё Р·Р°РїРѕР»РЅРµРЅР° РЅСѓР¶РЅС‹РјРё РІСЃРµРј РјР°СЃС‚РµСЂСЃРєРёРјРё Рё Р»Р°РІРєР°РјРё.
РЈРґР°С‡РЅРѕРµ РјРµСЃС‚Рѕ РґРµСЂРµРІРЅРё РІ РЅРµР·Р°РїР°РјСЏС‚РЅС‹Рµ РІСЂРµРјРµРЅР° РїСЂРёРІР»РµРєР»Рѕ СЃСЋРґР° С‚РѕСЂРіРѕРІС†РµРІ Рё
РјР°СЃС‚РµСЂРѕРІС‹С…, Рё СЃ С‚РµС… РїРѕСЂ РїРѕРІРµР»РѕСЃСЊ, С‡С‚Рѕ РІ СЌС‚РѕР№ С‡Р°СЃС‚Рё РґРµСЂРµРІРЅРё СЃС‚РѕСЏС‚ Р±РѕР»СЊС€РёРµ Рё
Р±РѕРіР°С‚С‹Рµ РґРѕРјР°. РЎРѕ РІСЃРµР№ РѕРєСЂСѓРіРё Рё РґР°Р¶Рµ РёР· РґР°Р»РµРєРѕР№ РіР»СѓС€Рё РїСЂРёС…РѕРґСЏС‚ Р»СЋРґРё СЃСЋРґР°
Р·Р° С‚РѕРІР°СЂРѕРј РєСѓРїРёС‚СЊ С‡С‚Рѕ, РїСЂРѕРґР°С‚СЊ С‡С‚Рѕ, Р·Р°РєР°Р·Р°С‚СЊ С‡С‚Рѕ.
[0;36m[ Exits: n e s w ][0;37m
[1;33m[1;31mРџРѕР¶РёР»РѕР№ С€РёСЂРѕРєРѕРїР»РµС‡РёР№ РєСЂРµСЃС‚СЊСЏРЅРёРЅ РІ РґРѕР±СЂРѕС‚РЅРѕР№ РѕРґРµР¶РґРµ РїСЂРѕС…Р°Р¶РёРІР°РµС‚СЃСЏ С‚СѓС‚.
[0;0m
[0;32m211H[0;37m [0;32m97M[0;37m 20786Рѕ Р—Р°СѓС‡:0 Р’С‹С…:РЎР’Р®Р—> ящР’С‹ РїРѕРїР»РµР»РёСЃСЊ РЅР° СЃРµРІРµСЂ.
[1;36mРџРµСЂРµРґ РєРѕРЅСЋС€РЅРµР№ [5003][0;37m
   Р¦РµРЅС‚СЂР°Р»СЊРЅР°СЏ С‡Р°СЃС‚СЊ РґРµСЂРµРІРЅРё Р·Р°РїРѕР»РЅРµРЅР° РЅСѓР¶РЅС‹РјРё РІСЃРµРј РјР°СЃС‚РµСЂСЃРєРёРјРё Рё Р»Р°РІРєР°РјРё.
РЈРґР°С‡РЅРѕРµ РјРµСЃС‚Рѕ РґРµСЂРµРІРЅРё РІ РЅРµР·Р°РїР°РјСЏС‚РЅС‹Рµ РІСЂРµРјРµРЅР° РїСЂРёРІР»РµРєР»Рѕ СЃСЋРґР° С‚РѕСЂРіРѕРІС†РµРІ Рё
РјР°СЃС‚РµСЂРѕРІС‹С…, Рё СЃ С‚РµС… РїРѕСЂ РїРѕРІРµР»РѕСЃСЊ, С‡С‚Рѕ РІ СЌС‚РѕР№ С‡Р°СЃС‚Рё РґРµСЂРµРІРЅРё СЃС‚РѕСЏС‚ Р±РѕР»СЊС€РёРµ Рё
Р±РѕРіР°С‚С‹Рµ РґРѕРјР°. РЎРѕ РІСЃРµР№ РѕРєСЂСѓРіРё Рё РґР°Р¶Рµ РёР· РґР°Р»РµРєРѕР№ РіР»СѓС€Рё РїСЂРёС…РѕРґСЏС‚ Р»СЋРґРё СЃСЋРґР°
Р·Р° С‚РѕРІР°СЂРѕРј РєСѓРїРёС‚СЊ С‡С‚Рѕ, РїСЂРѕРґР°С‚СЊ С‡С‚Рѕ, Р·Р°РєР°Р·Р°С‚СЊ С‡С‚Рѕ.
[0;36m[ Exits: n e s w ][0;37m
[1;33m[1;31m[0;0m
[0;32m211H[0;37m [0;32m97M[0;37m 20786Рѕ Р—Р°СѓС‡:0 Р’С‹С…:РЎР’Р®Р—> ящР’С‹ РїРѕРїР»РµР»РёСЃСЊ РЅР° СЃРµРІРµСЂ.
[1;36mР¦РµРЅС‚СЂ РґРµСЂРµРІРЅРё [5004][0;37m
   Р¦РµРЅС‚СЂР°Р»СЊРЅР°СЏ С‡Р°СЃС‚СЊ РґРµСЂРµРІРЅРё Р·Р°РїРѕР»РЅРµРЅР° РЅСѓР¶РЅС‹РјРё РІСЃРµРј РјР°СЃС‚РµСЂСЃРєРёРјРё Рё Р»Р°РІРєР°РјРё.
РЈРґР°С‡РЅРѕРµ РјРµСЃС‚Рѕ РґРµСЂРµРІРЅРё РІ РЅРµР·Р°РїР°РјСЏС‚РЅС‹Рµ РІСЂРµРјРµРЅР° РїСЂРёРІР»РµРєР»Рѕ СЃСЋРґР° С‚РѕСЂРіРѕРІС†РµРІ Рё
РјР°СЃС‚РµСЂРѕРІС‹С…, Рё СЃ С‚РµС… РїРѕСЂ РїРѕРІРµР»РѕСЃСЊ, С‡С‚Рѕ РІ СЌС‚РѕР№ С‡Р°СЃС‚Рё РґРµСЂРµРІРЅРё СЃС‚РѕСЏС‚ Р±РѕР»СЊС€РёРµ Рё
Р±РѕРіР°С‚С‹Рµ РґРѕРјР°. РЎРѕ РІСЃРµР№ РѕРєСЂСѓРіРё Рё РґР°Р¶Рµ РёР· РґР°Р»РµРєРѕР№ РіР»СѓС€Рё РїСЂРёС…РѕРґСЏС‚ Р»СЋРґРё СЃСЋРґР°
Р·Р° С‚РѕРІР°СЂРѕРј РєСѓРїРёС‚СЊ С‡С‚Рѕ, РїСЂРѕРґР°С‚СЊ С‡С‚Рѕ, Р·Р°РєР°Р·Р°С‚СЊ С‡С‚Рѕ.
[0;36m[ Exits: n s w ][0;37m
[1;33m[1;31mР‘Р°Р·Р°СЂРЅС‹Р№ Р·Р°Р·С‹РІР°Р»Р° СЃС‚РѕРёС‚ Р·РґРµСЃСЊ, Р·С‹С‡РЅС‹Рј РіРѕР»РѕСЃРѕРј СЂР°СЃС…РІР°Р»РёРІР°СЏ РІС‹СЃС‚Р°РІР»РµРЅРЅС‹Р№ С‚РѕРІР°СЂ.
[0;0m
[0;32m211H[0;37m [0;32m97M[0;37m 20786Рѕ Р—Р°СѓС‡:0 Р’С‹С…:РЎР®Р—> ящР’С‹ РїРѕРїР»РµР»РёСЃСЊ РЅР° СЃРµРІРµСЂ.
[1;36mРџРµСЂРµРґ РїРѕСЃС‚РѕСЏР»С‹Рј РґРІРѕСЂРѕРј [5005][0;37m
   Р§СѓС‚СЊ РЅРµ СЃРїРѕС‚РєРЅСѓРІС€РёСЃСЊ Рѕ РґРѕСЃРєСѓ, Р»РµР¶Р°С‰СѓСЋ СЃСЂР°Р·Сѓ Сѓ РїРѕСЂРѕРіР° РїРѕСЃС‚РѕСЏР»РѕРіРѕ РґРІРѕСЂР°,
РІС‹ РѕРєР°Р·Р°Р»РёСЃСЊ РЅР° С†РµРЅС‚СЂР°Р»СЊРЅРѕР№ СѓР»РёС†Рµ РґРµСЂРµРІРЅРё. РРјРµРЅРЅРѕ РЅР° СЌС‚РѕР№ СѓР»РёС†Рµ РјРѕР¶РЅРѕ 
Р±С‹СЃС‚СЂРѕ РЅР°Р№С‚Рё Р»Р°РІРєСѓ СЂРµРјРµСЃР»РµРЅРЅРёРєР°, РґРѕРј Р·РЅР°С…Р°СЂСЏ, РєРѕРЅСЋС€РЅСЋ Рё РґРѕРј СЃС‚Р°СЂРµР№С€РёРЅС‹.
Р’ СЋР¶РЅРѕР№ С‡Р°СЃС‚Рё РґРµСЂРµРІРЅРё РїРѕСЃРµР»РёР»РёСЃСЊ РІРѕСЂРѕР¶РµРё.
[0;36m[ Exits: n e s w ][0;37m
[1;33m[1;31m[0;0m
[0;32m211H[0;37m [0;32m97M[0;37m 20786Рѕ Р—Р°СѓС‡:0 Р’С‹С…:РЎР’Р®Р—> ящР’С‹ РїРѕРїР»РµР»РёСЃСЊ РЅР° СЃРµРІРµСЂ.
[1;36mРљ С†РµРЅС‚СЂСѓ РґРµСЂРµРІРЅРё [5006][0;37m
   РџРѕРЅРµРјРЅРѕРіСѓ РѕСЃС‚Р°СЋС‚СЃСЏ РїРѕР·Р°РґРё РіР»Р°РІРЅС‹Рµ РґРѕРјР° РґРµСЂРµРІРЅРё, Рё РІРѕРєСЂСѓРі РѕС‚РєСЂС‹РІР°РµС‚СЃСЏ РѕР±С‹С‡РЅС‹Р№
РґРµСЂРµРІРµРЅСЃРєРёР№ РІРёРґ. РљСЂРµРїРєРёРµ РґРѕРјР° СЃ РјР°Р»РµРЅСЊРєРёРјРё РѕРєРЅР°РјРё, РЅРѕ РЅРµРёР·РјРµРЅРЅС‹РјРё С‚СЂСѓР±Р°РјРё
РїРµС‡РµР№. РР·РіРѕСЂРѕРґСЊ, СЃС‚РѕСЏС‰Р°СЏ Р·Р° РґРѕРјР°РјРё РІРґРѕР»СЊ Р»РµСЃР° Рё Р·Р°С‰РёС‰Р°СЋС‰Р°СЏ РґРµСЂРµРІРЅСЋ СЃ С‚С‹Р»Р°. 
РќРµС‚РѕСЂРѕРїР»РёРІС‹Р№ Р»СЋРґ, РёРґСѓС‰РёР№ РїРѕ СЃРІРѕРёРј РёР·РІРµС‡РЅС‹Рј РґРµР»Р°Рј.
[0;36m[ Exits: n e s w ][0;37m
[1;33mР—РґРµСЃСЊ Р»РµР¶РёС‚ РјРѕСЂРєРѕРІСЊ.
РџСЂРёРіР»СЏРґРµРІС€РёСЃСЊ, РІС‹ РІРёРґРёС‚Рµ СЏРіРѕРґСѓ РґРёРєРѕРіРѕ РІРёРЅРѕРіСЂР°РґР°.
[1;31m[0;0m
[0;32m211H[0;37m [0;32m97M[0;37m 20786Рѕ Р—Р°СѓС‡:0 Р’С‹С…:РЎР’Р®Р—> ящР’С‹ РїРѕРїР»РµР»РёСЃСЊ РЅР° Р·Р°РїР°Рґ.
[1;36mР—Р°Р±СЂРѕС€РµРЅРЅС‹Р№ РґРѕРј [5023][0;37m
   РЎ РІРёРґСѓ С…РѕСЂРѕС€РёР№ РґРѕРј СЃС‚РѕРёС‚ РЅР° С†РµРЅС‚СЂР°Р»СЊРЅРѕР№ СѓР»РёС†Рµ СЃСЂРµРґРё Р±РѕР»СЊС€РёС… Рё Р±РѕРіР°С‚С‹С…
РґРѕРјРѕРІ. Р—Р°РєРѕР»РѕС‡РµРЅС‹ СЃС‚Р°РІРЅРё, Р·Р°РїСѓСЃС‚РµРЅСЊРµ РІРѕ РґРІРѕСЂРµ. Р§С‚Рѕ Р·Р° РЅР°РїР°СЃС‚СЊ Р·Р°СЃС‚Р°РІРёР»Р° 
С…РѕР·СЏРµРІ РїРѕРєРёРЅСѓС‚СЊ СЃРІРѕРµ Р¶РёР»РёС‰Рµ Рё РёСЃРєР°С‚СЊ РЅРѕРІРѕРµ РјРµСЃС‚Рѕ.
[0;36m[ Exits: e W ][0;37m
[1;33m[1;31mРџРѕР¶РёР»РѕР№ С€РёСЂРѕРєРѕРїР»РµС‡РёР№ РєСЂРµСЃС‚СЊСЏРЅРёРЅ РІ РґРѕР±СЂРѕС‚РЅРѕР№ РѕРґРµР¶РґРµ РїСЂРѕС…Р°Р¶РёРІР°РµС‚СЃСЏ С‚СѓС‚.
[0;0m
[0;32m211H[0;37m [0;32m97M[0;37m 20786Рѕ Р—Р°СѓС‡:0 Р’С‹С…:Р’Р—> ящР’С‹ РїРѕРїР»РµР»РёСЃСЊ РЅР° Р·Р°РїР°Рґ.
[1;36mРќР° РєСЂС‹Р»СЊС†Рµ [5100][0;37m
   РџРѕРєРѕСЃРёРІС€РµРµСЃСЏ РєСЂС‹Р»СЊС†Рѕ СЃРєСЂРёРїРёС‚ РїРѕРґ РЅРѕРіР°РјРё. Р”РµСЂРµРІРѕ РїРѕС‡РµСЂРЅРµР»Рѕ Рё РѕР±Р»СѓРїРёР»РѕСЃСЊ, РЅРѕ
СЃРѕС…СЂР°РЅРёР»Рѕ РєСЂРµРїРѕСЃС‚СЊ. РҐРѕС‚СЊ Рё РјРѕР¶РЅРѕ Р·РґРµСЃСЊ РїРѕСЃС‚РѕСЏС‚СЊ, РЅРѕ Р’Р°СЃ Р±РѕР»СЊС€Рµ РёРЅС‚РµСЂРµСЃСѓРµС‚ СЃР°Рј
Р·Р°Р±СЂРѕС€РµРЅРЅС‹Р№ РґРѕРј. РҐРѕС‡РµС‚СЃСЏ Р·Р°Р№С‚Рё, РЅРѕ С…РѕР»РѕРґРѕРє РІ РіСЂСѓРґРё Р·Р°СЃС‚Р°РІР»СЏРµС‚ РїРѕРґСѓРјР°С‚СЊ РЅР°Рґ
СЌС‚РёРј С€Р°РіРѕРј. 
[0;36m[ Exits: E w ][0;37m
[1;33m[1;31m[0;0m
Р—Р°Р±СЂРѕС€РµРЅРЅС‹Р№ РґРѕРј (СЃСЂРµРґРЅРёР№ СѓСЂРѕРІРµРЅСЊ: 2).

[0;32m211H[0;37m [0;32m96M[0;37m 20786Рѕ Р—Р°СѓС‡:0 Р’С‹С…:Р’Р—> ящР’С‹ РїРѕРїР»РµР»РёСЃСЊ РЅР° Р·Р°РїР°Рґ.
[1;36mР’ СЃРµРЅСЏС… [5101][0;37m
   РЎРµРЅРё РєРѕРіРґР°-С‚Рѕ СЃР»СѓР¶РёР»Рё РїСЂРѕРјРµР¶СѓС‚РѕС‡РЅРѕР№ С‡Р°СЃС‚СЊСЋ РјРµР¶РґСѓ РѕС‚Р°РїР»РёРІР°РµРјРѕР№ Рё 
С…РѕР·СЏР№СЃС‚РІРµРЅРЅРѕР№ С‡Р°СЃС‚СЊСЋ РґРѕРјР°. Р—РґРµСЃСЊ РєРѕРіРґР°-С‚Рѕ Р»РµР¶Р°Р»Р° РЅРµС…РёС‚СЂР°СЏ РєСЂРµСЃС‚СЊСЏРЅСЃРєР°СЏ 
СѓС‚РІР°СЂСЊ, РЅРѕ СЃРµР№С‡Р°СЃ С‚РѕР»СЊРєРѕ РїС‹Р»СЊ Рё РіСЂСЏР·СЊ.
[0;36m[ Exits: e w ][0;37m
[1;33m[1;31mР‘Р»РѕС…Р° РїСЂСЏС‡РµС‚СЃСЏ РІ РјСѓСЃРѕСЂРµ.
РЎРµСЂР°СЏ РјС‹С€СЊ СЋСЂРєРЅСѓР»Р° Р·РґРµСЃСЊ.
[0;0m
[0;32m211H[0;37m [0;32m96M[0;37m 20786Рѕ Р—Р°СѓС‡:0 Р’С‹С…:Р’Р—> ящ[1;33mР’С‹ СѓРґР°СЂРёР»Рё Р±Р»РѕС…Сѓ.
[0;0mР‘Р»РѕС…Р° Р±РµР· СЃРѕР·РЅР°РЅРёСЏ, РЅРѕ РІРѕР·РјРѕР¶РЅРѕ РѕРЅР° РµС‰Рµ РїРѕРІРѕСЋРµС‚ (РїРѕРїРѕР·Р¶Рµ :).

[0;32m211H[0;37m [0;32m97M[0;37m 20774Рѕ Р—Р°СѓС‡:0 [0;32m[Р“РµРЅРѕРґ:РќРµРІСЂРµРґРёРј][0;37m [0;31m[Р±Р»РѕС…Р°:РЎРјРµСЂС‚РµР»СЊРЅРѕ СЂР°РЅРµРЅР°][0;37m > ящ
[1;33mР’С‹ РІС‹Р±РёР»Рё РѕСЃС‚Р°С‚РєРё Р¶РёР·РЅРё РёР· Р±Р»РѕС…Рё СЃРІРѕРёРј РјРѕС‰РЅС‹Рј СѓРґР°СЂРѕРј.
[0;0mР‘Р»РѕС…Р° РјРµСЂС‚РІР°, РµРµ РґСѓС€Р° РјРµРґР»РµРЅРЅРѕ РїРѕРґС‹РјР°РµС‚СЃСЏ РІ РЅРµР±РµСЃР°.
Р’Р°С€ РѕРїС‹С‚ РїРѕРІС‹СЃРёР»СЃСЏ РЅР° 7 РѕС‡РєРѕРІ.
РўСЂСѓРї Р±Р»РѕС…Рё РїСѓСЃС‚.

[0;32m211H[0;37m [0;32m97M[0;37m 20766Рѕ Р—Р°СѓС‡:0 Р’С‹С…:Р’Р—> ящР’С‹ РїРѕРґРЅСЏР»Рё С‚СЂСѓРї Р±Р»РѕС…Рё.

[0;32m211H[0;37m [0;32m98M[0;37m 20766Рѕ Р—Р°СѓС‡:0 Р’С‹С…:Р’Р—> ящРўСЂСѓРї Р±Р»РѕС…Рё РїСѓСЃС‚.

[0;32m211H[0;37m [0;32m98M[0;37m 20766Рѕ Р—Р°СѓС‡:0 Р’С‹С…:Р’Р—> ящР’С‹ Р±СЂРѕСЃРёР»Рё С‚СЂСѓРї Р±Р»РѕС…Рё.

[0;32m211H[0;37m [0;32m98M[0;37m 20766Рѕ Р—Р°СѓС‡:0 Р’С‹С…:Р’Р—> ящ[0;33mР’С‹ РїРѕРїС‹С‚Р°Р»РёСЃСЊ СѓРґР°СЂРёС‚СЊ СЃРµСЂСѓСЋ РјС‹С€СЊ - РЅРµСѓРґР°С‡РЅРѕ.
[0;0m
[0;32m211H[0;37m [0;32m98M[0;37m 20765Рѕ Р—Р°СѓС‡:0 [0;32m[Р“РµРЅРѕРґ:РќРµРІСЂРµРґРёРј][0;37m [0;32m[СЃРµСЂР°СЏ РјС‹С€СЊ:РќРµРІСЂРµРґРёРјР°][0;37m > ящ
[0;31mРЎРµСЂР°СЏ РјС‹С€СЊ РїРѕРїС‹С‚Р°Р»Р°СЃСЊ С‚РєРЅСѓС‚СЊ РІР°СЃ, РЅРѕ РїСЂРѕРјР°С…РЅСѓР»Р°СЃСЊ.
[0;0m[0;33mР’Р°С€Р° СЂСѓРєР° РЅРµ РґРѕСЃС‚РёРіР»Р° СЃРµСЂРѕР№ РјС‹С€Рё - РЅСѓР¶РЅРѕ Р±С‹Р»Рѕ Р»СѓС‡С€Рµ С‚СЂРµРЅРёСЂРѕРІР°С‚СЊСЃСЏ.
[0;0m[0;33mР’Р°С€Р° СЂСѓРєР° РЅРµ РґРѕСЃС‚РёРіР»Р° СЃРµСЂРѕР№ РјС‹С€Рё - РЅСѓР¶РЅРѕ Р±С‹Р»Рѕ Р»СѓС‡С€Рµ С‚СЂРµРЅРёСЂРѕРІР°С‚СЊСЃСЏ.
[0;0m
[0;32m211H[0;37m [0;32m98M[0;37m 20763Рѕ Р—Р°СѓС‡:0 [0;32m[Р“РµРЅРѕРґ:РќРµРІСЂРµРґРёРј][0;37m [0;32m[СЃРµСЂР°СЏ РјС‹С€СЊ:РќРµРІСЂРµРґРёРјР°][0;37m > ящ
[0;31mРЎРµСЂР°СЏ РјС‹С€СЊ РїРѕРїС‹С‚Р°Р»Р°СЃСЊ С‚РєРЅСѓС‚СЊ РІР°СЃ, РЅРѕ РµРµ СѓРґР°СЂ РЅРµ РґРѕСЃС‚РёРі С†РµР»Рё.
[0;0m[0;33mР’С‹ РїРѕРїС‹С‚Р°Р»РёСЃСЊ СѓРґР°СЂРёС‚СЊ СЃРµСЂСѓСЋ РјС‹С€СЊ - РЅРµСѓРґР°С‡РЅРѕ.
[0;0m[0;33mР’Р°С€Р° СЂСѓРєР° РЅРµ РґРѕСЃС‚РёРіР»Р° СЃРµСЂРѕР№ РјС‹С€Рё - РЅСѓР¶РЅРѕ Р±С‹Р»Рѕ Р»СѓС‡С€Рµ С‚СЂРµРЅРёСЂРѕРІР°С‚СЊСЃСЏ.
[0;0m
[0;32m211H[0;37m [0;32m98M[0;37m 20761Рѕ Р—Р°СѓС‡:0 [0;32m[Р“РµРЅРѕРґ:РќРµРІСЂРµРґРёРј][0;37m [0;32m[СЃРµСЂР°СЏ РјС‹С€СЊ:РќРµРІСЂРµРґРёРјР°][0;37m > ящ
[1;31mРЎРµСЂР°СЏ РјС‹С€СЊ Р»РµРіРѕРЅСЊРєРѕ С‚РєРЅСѓР»Р° РІР°СЃ.
[0;0m[0;33mР’С‹ РїРѕРїС‹С‚Р°Р»РёСЃСЊ СѓРґР°СЂРёС‚СЊ СЃРµСЂСѓСЋ РјС‹С€СЊ - РЅРµСѓРґР°С‡РЅРѕ.
[0;0m[0;33mР’С‹ РїРѕРїС‹С‚Р°Р»РёСЃСЊ СѓРґР°СЂРёС‚СЊ СЃРµСЂСѓСЋ РјС‹С€СЊ - РЅРµСѓРґР°С‡РЅРѕ.
[0;0m
[0;32m207H[0;37m [0;32m98M[0;37m 20759Рѕ Р—Р°СѓС‡:0 [0;32m[Р“РµРЅРѕРґ:РЎР»РµРіРєР° СЂР°РЅРµРЅ][0;37m [0;32m[СЃРµСЂР°СЏ РјС‹С€СЊ:РќРµРІСЂРµРґРёРјР°][0;37m > ящ
[0;33mР’С‹ РїРѕРїС‹С‚Р°Р»РёСЃСЊ СѓРґР°СЂРёС‚СЊ СЃРµСЂСѓСЋ РјС‹С€СЊ - РЅРµСѓРґР°С‡РЅРѕ.
[0;0m[1;33mР’С‹ СѓРґР°СЂРёР»Рё СЃРµСЂСѓСЋ РјС‹С€СЊ.
[0;0m[1;31mРЎРµСЂР°СЏ РјС‹С€СЊ Р»РµРіРѕРЅСЊРєРѕ С‚РєРЅСѓР»Р° РІР°СЃ.
[0;0m
[0;32m206H[0;37m [0;32m98M[0;37m 20746Рѕ Р—Р°СѓС‡:0 [0;32m[Р“РµРЅРѕРґ:РЎР»РµРіРєР° СЂР°РЅРµРЅ][0;37m [1;32m[СЃРµСЂР°СЏ РјС‹С€СЊ:Р Р°РЅРµРЅР°][0;37m > ящ
[0;31mРЎРµСЂР°СЏ РјС‹С€СЊ РїРѕРїС‹С‚Р°Р»Р°СЃСЊ С‚РєРЅСѓС‚СЊ РІР°СЃ, РЅРѕ РїСЂРѕРјР°С…РЅСѓР»Р°СЃСЊ.
[0;0m[0;33mР’С‹ РїРѕРїС‹С‚Р°Р»РёСЃСЊ СѓРґР°СЂРёС‚СЊ СЃРµСЂСѓСЋ РјС‹С€СЊ - РЅРµСѓРґР°С‡РЅРѕ.
[0;0m[1;33mР’С‹ СѓРґР°СЂРёР»Рё СЃРµСЂСѓСЋ РјС‹С€СЊ.
[0;0m
[0;32m210H[0;37m [0;32m98M[0;37m 20735Рѕ Р—Р°СѓС‡:0 [0;32m[Р“РµРЅРѕРґ:РЎР»РµРіРєР° СЂР°РЅРµРЅ][0;37m [1;31m[СЃРµСЂР°СЏ РјС‹С€СЊ:РўСЏР¶РµР»Рѕ СЂР°РЅРµРЅР°][0;37m > ящ
[1;31mРЎРµСЂР°СЏ РјС‹С€СЊ СЃР»РµРіРєР° С‚РєРЅСѓР»Р° РІР°СЃ.
[0;0m[0;33mР’Р°С€Р° СЂСѓРєР° РЅРµ РґРѕСЃС‚РёРіР»Р° СЃРµСЂРѕР№ РјС‹С€Рё - РЅСѓР¶РЅРѕ Р±С‹Р»Рѕ Р»СѓС‡С€Рµ С‚СЂРµРЅРёСЂРѕРІР°С‚СЊСЃСЏ.
[0;0m[1;33mР’С‹ СѓРґР°СЂРёР»Рё СЃРµСЂСѓСЋ РјС‹С€СЊ.
[0;0m
[0;32m205H[0;37m [0;32m98M[0;37m 20725Рѕ Р—Р°СѓС‡:0 [0;32m[Р“РµРЅРѕРґ:РЎР»РµРіРєР° СЂР°РЅРµРЅ][0;37m [0;31m[СЃРµСЂР°СЏ РјС‹С€СЊ:Рћ.С‚СЏР¶РµР»Рѕ СЂР°РЅРµРЅР°][0;37m > ящ
[0;31mРЎРµСЂР°СЏ РјС‹С€СЊ РїРѕРїС‹С‚Р°Р»Р°СЃСЊ С‚РєРЅСѓС‚СЊ РІР°СЃ, РЅРѕ РїСЂРѕРјР°С…РЅСѓР»Р°СЃСЊ.
[0;0m[0;33mР’С‹ РїРѕРїС‹С‚Р°Р»РёСЃСЊ СѓРґР°СЂРёС‚СЊ СЃРµСЂСѓСЋ РјС‹С€СЊ - РЅРµСѓРґР°С‡РЅРѕ.
[0;0m[0;33mР’С‹ РїРѕРїС‹С‚Р°Р»РёСЃСЊ СѓРґР°СЂРёС‚СЊ СЃРµСЂСѓСЋ РјС‹С€СЊ - РЅРµСѓРґР°С‡РЅРѕ.
[0;0m
[0;32m209H[0;37m [0;32m98M[0;37m 20723Рѕ Р—Р°СѓС‡:0 [0;32m[Р“РµРЅРѕРґ:РЎР»РµРіРєР° СЂР°РЅРµРЅ][0;37m [0;31m[СЃРµСЂР°СЏ РјС‹С€СЊ:Рћ.С‚СЏР¶РµР»Рѕ СЂР°РЅРµРЅР°][0;37m > ящ
[0;31mРЎРµСЂР°СЏ РјС‹С€СЊ РїРѕРїС‹С‚Р°Р»Р°СЃСЊ С‚РєРЅСѓС‚СЊ РІР°СЃ, РЅРѕ РµРµ СѓРґР°СЂ РЅРµ РґРѕСЃС‚РёРі С†РµР»Рё.
[0;0m[0;33mР’С‹ РїРѕРїС‹С‚Р°Р»РёСЃСЊ СѓРґР°СЂРёС‚СЊ СЃРµСЂСѓСЋ РјС‹С€СЊ - РЅРµСѓРґР°С‡РЅРѕ.
[0;0m
[0;32m211H[0;37m [0;32m98M[0;37m 20722Рѕ Р—Р°СѓС‡:0 [0;32m[Р“РµРЅРѕРґ:РќРµРІСЂРµРґРёРј][0;37m [0;31m[СЃРµСЂР°СЏ РјС‹С€СЊ:Рћ.С‚СЏР¶РµР»Рѕ СЂР°РЅРµРЅР°][0;37m > ящ
[0;31mРЎРµСЂР°СЏ РјС‹С€СЊ РїРѕРїС‹С‚Р°Р»Р°СЃСЊ С‚РєРЅСѓС‚СЊ РІР°СЃ, РЅРѕ РµРµ СѓРґР°СЂ РЅРµ РґРѕСЃС‚РёРі С†РµР»Рё.
[0;0m[0;33mР’С‹ РїРѕРїС‹С‚Р°Р»РёСЃСЊ СѓРґР°СЂРёС‚СЊ СЃРµСЂСѓСЋ РјС‹С€СЊ - РЅРµСѓРґР°С‡РЅРѕ.
[0;0m[0;33mР’Р°С€Р° СЂСѓРєР° РЅРµ РґРѕСЃС‚РёРіР»Р° СЃРµСЂРѕР№ РјС‹С€Рё - РЅСѓР¶РЅРѕ Р±С‹Р»Рѕ Р»СѓС‡С€Рµ С‚СЂРµРЅРёСЂРѕРІР°С‚СЊСЃСЏ.
[0;0m
[0;32m211H[0;37m [0;32m98M[0;37m 20720Рѕ Р—Р°СѓС‡:0 [0;32m[Р“РµРЅРѕРґ:РќРµРІСЂРµРґРёРј][0;37m [0;31m[СЃРµСЂР°СЏ РјС‹С€СЊ:Рћ.С‚СЏР¶РµР»Рѕ СЂР°РЅРµРЅР°][0;37m > ящ
[1;33mР’С‹ СѓРґР°СЂРёР»Рё СЃРµСЂСѓСЋ РјС‹С€СЊ.
[0;0mРЎРµСЂР°СЏ РјС‹С€СЊ СЃРјРµСЂС‚РµР»СЊРЅРѕ СЂР°РЅРµРЅР° Рё СѓРјСЂРµС‚, РµСЃР»Рё РµР№ РЅРµ РїРѕРјРѕРіСѓС‚.
[1;33mР’С‹ РЅР°РЅРµСЃР»Рё СЃРµСЂРѕР№ РјС‹С€Рё РїСЂРµРєСЂР°СЃРЅС‹Р№ СѓРґР°СЂ - РїРѕСЃР»Рµ СЌС‚РѕРіРѕ РµР№ СѓР¶Рµ РЅРµ РІСЃС‚Р°С‚СЊ.
[0;0mРЎРµСЂР°СЏ РјС‹С€СЊ РјРµСЂС‚РІР°, РµРµ РґСѓС€Р° РјРµРґР»РµРЅРЅРѕ РїРѕРґС‹РјР°РµС‚СЃСЏ РІ РЅРµР±РµСЃР°.
Р’Р°С€ РѕРїС‹С‚ РїРѕРІС‹СЃРёР»СЃСЏ РЅР° 75 РѕС‡РєРѕРІ.
РўСЂСѓРї СЃРµСЂРѕР№ РјС‹С€Рё РїСѓСЃС‚.

[0;32m211H[0;37m [0;32m98M[0;37m 20640Рѕ Р—Р°СѓС‡:0 Р’С‹С…:Р’Р—> ящР’С‹ РїРѕРґРЅСЏР»Рё С‚СЂСѓРї СЃРµСЂРѕР№ РјС‹С€Рё.

[0;32m211H[0;37m [0;32m98M[0;37m 20640Рѕ Р—Р°СѓС‡:0 Р’С‹С…:Р’Р—> ящРўСЂСѓРї СЃРµСЂРѕР№ РјС‹С€Рё РїСѓСЃС‚.

[0;32m211H[0;37m [0;32m98M[0;37m 20640Рѕ Р—Р°СѓС‡:0 Р’С‹С…:Р’Р—> ящР’С‹ Р±СЂРѕСЃРёР»Рё С‚СЂСѓРї СЃРµСЂРѕР№ РјС‹С€Рё.

[0;32m211H[0;37m [0;32m98M[0;37m 20640Рѕ Р—Р°СѓС‡:0 Р’С‹С…:Р’Р—> ящР’С‹ РїРѕРїР»РµР»РёСЃСЊ РЅР° Р·Р°РїР°Рґ.
[1;36mР’ СЃРµРЅСЏС… [5102][0;37m
   Р§С‚Рѕ Р·Р°СЃС‚Р°РІРёР»Рѕ С…РѕР·СЏРµРІ РїРѕРєРёРЅСѓС‚СЊ СЌС‚РѕС‚ РґРѕРј, СЃРѕС…СЂР°РЅРёРІС€РёР№СЃСЏ РІ РїСЂРёР»РёС‡РЅРѕРј СЃРѕСЃС‚РѕСЏРЅРёРё
РґР°Р¶Рµ Р·Р° РґРѕР»РіРѕРµ РІСЂРµРјСЏ Р·Р°РїСѓСЃС‚РµРЅРёСЏ Рё РѕРґРёРЅРѕС‡РµСЃС‚РІР°? Р’ СЌС‚РѕРј РјРµСЃС‚Рµ СЃРµРЅРµР№ РЅР°С…РѕРґСЏС‚СЃСЏ
РґРІРµ РґРІРµСЂРё, РѕРґРЅР° РёР· РєРѕС‚РѕСЂС‹С… РІРµРґРµС‚ РІ РёР·Р±Сѓ, РґСЂСѓРіР°СЏ - РЅР° СЃРµРЅРѕРІР°Р».  
[0;36m[ Exits: (n) e (s) ][0;37m
[1;33m[1;31m[0;0m
[0;32m211H[0;37m [0;32m97M[0;37m 20640Рѕ Р—Р°СѓС‡:0 Р’С‹С…:(РЎ)Р’(Р®)> ящР—Р°РєСЂС‹С‚Рѕ.

[0;32m211H[0;37m [0;32m98M[0;37m 20640Рѕ Р—Р°СѓС‡:0 Р’С‹С…:(РЎ)Р’(Р®)> ящР›Р°РґСѓС€РєРё.

[0;32m211H[0;37m [0;32m98M[0;37m 20640Рѕ Р—Р°СѓС‡:0 Р’С‹С…:(РЎ)Р’Р®> ящР’С‹ РїРѕРїР»РµР»РёСЃСЊ РЅР° СЋРі.
[1;36mРќР° СЃРµРЅРѕРІР°Р»Рµ [5103][0;37m
   РџРѕРґ РЅРѕРіР°РјРё СЂР°Р·Р±СЂРѕСЃР°РЅР° СЃРѕР»РѕРјР° РІРїРµСЂРµРјРµС€РєСѓ СЃ СЃРµРЅРѕРј, РїРѕ СѓРіР»Р°Рј Р»РµР¶Р°С‚ СЃС‚Р°СЂС‹Рµ
РёРЅСЃС‚СЂСѓРјРµРЅС‚С‹. РЎСЋРґР° Р·Р°Р±СЂР°СЃС‹РІР°РµС‚СЃСЏ РєРѕСЂРј РґР»СЏ РґРѕРјР°С€РЅРµРіРѕ СЃРєРѕС‚Р°, Р° РїРѕС‚РѕРј РїРѕРґР°РµС‚СЃСЏ
РїРѕ СЃС‚РѕР№Р»Р°Рј.
[0;36m[ Exits: n e s ][0;37m
[1;33m[1;31mРЎРµСЂР°СЏ РјС‹С€СЊ СЋСЂРєРЅСѓР»Р° Р·РґРµСЃСЊ.
(Р»РµС‚РёС‚) РњСѓС…Р° Р»РµС‚Р°РµС‚ Р·РґРµСЃСЊ.
[0;0m
[0;32m211H[0;37m [0;32m97M[0;37m 20640Рѕ Р—Р°СѓС‡:0 Р’С‹С…:РЎР’Р®> ящ[0;33mР’Р°С€Р° СЂСѓРєР° РЅРµ РґРѕСЃС‚РёРіР»Р° СЃРµСЂРѕР№ РјС‹С€Рё - РЅСѓР¶РЅРѕ Р±С‹Р»Рѕ Р»СѓС‡С€Рµ С‚СЂРµРЅРёСЂРѕРІР°С‚СЊСЃСЏ.
[0;0m
[0;32m211H[0;37m [0;32m97M[0;37m 20639Рѕ Р—Р°СѓС‡:0 [0;32m[Р“РµРЅРѕРґ:РќРµРІСЂРµРґРёРј][0;37m [0;32m[СЃРµСЂР°СЏ РјС‹С€СЊ:РќРµРІСЂРµРґРёРјР°][0;37m > ящ
[0;31mРЎРµСЂР°СЏ РјС‹С€СЊ РїРѕРїС‹С‚Р°Р»Р°СЃСЊ С‚РєРЅСѓС‚СЊ РІР°СЃ, РЅРѕ РµРµ СѓРґР°СЂ РЅРµ РґРѕСЃС‚РёРі С†РµР»Рё.
[0;0m[1;33mР’С‹ СѓРґР°СЂРёР»Рё СЃРµСЂСѓСЋ РјС‹С€СЊ.
[0;0m[1;33mР’С‹ СѓРґР°СЂРёР»Рё СЃРµСЂСѓСЋ РјС‹С€СЊ.
[0;0m
[0;32m211H[0;37m [0;32m97M[0;37m 20628Рѕ Р—Р°СѓС‡:0 [0;32m[Р“РµРЅРѕРґ:РќРµРІСЂРµРґРёРј][0;37m [1;33m[СЃРµСЂР°СЏ РјС‹С€СЊ:Р Р°РЅРµРЅР°][0;37m > ящ
[1;31mРЎРµСЂР°СЏ РјС‹С€СЊ СЃР»РµРіРєР° С‚РєРЅСѓР»Р° РІР°СЃ.
[0;0m[0;33mР’Р°С€Р° СЂСѓРєР° РЅРµ РґРѕСЃС‚РёРіР»Р° СЃРµСЂРѕР№ РјС‹С€Рё - РЅСѓР¶РЅРѕ Р±С‹Р»Рѕ Р»СѓС‡С€Рµ С‚СЂРµРЅРёСЂРѕРІР°С‚СЊСЃСЏ.
[0;0m[0;33mР’С‹ РїРѕРїС‹С‚Р°Р»РёСЃСЊ СѓРґР°СЂРёС‚СЊ СЃРµСЂСѓСЋ РјС‹С€СЊ - РЅРµСѓРґР°С‡РЅРѕ.
[0;0m
[0;32m205H[0;37m [0;32m98M[0;37m 20626Рѕ Р—Р°СѓС‡:0 [0;32m[Р“РµРЅРѕРґ:РЎР»РµРіРєР° СЂР°РЅРµРЅ][0;37m [1;33m[СЃРµСЂР°СЏ РјС‹С€СЊ:Р Р°РЅРµРЅР°][0;37m > ящ
[0;31mРЎРµСЂР°СЏ РјС‹С€СЊ РїРѕРїС‹С‚Р°Р»Р°СЃСЊ С‚РєРЅСѓС‚СЊ РІР°СЃ, РЅРѕ РµРµ СѓРґР°СЂ РЅРµ РґРѕСЃС‚РёРі С†РµР»Рё.
[0;0m[0;33mР’Р°С€Р° СЂСѓРєР° РЅРµ РґРѕСЃС‚РёРіР»Р° СЃРµСЂРѕР№ РјС‹С€Рё - РЅСѓР¶РЅРѕ Р±С‹Р»Рѕ Р»СѓС‡С€Рµ С‚СЂРµРЅРёСЂРѕРІР°С‚СЊСЃСЏ.
[0;0m[0;33mР’Р°С€Р° СЂСѓРєР° РЅРµ РґРѕСЃС‚РёРіР»Р° СЃРµСЂРѕР№ РјС‹С€Рё - РЅСѓР¶РЅРѕ Р±С‹Р»Рѕ Р»СѓС‡С€Рµ С‚СЂРµРЅРёСЂРѕРІР°С‚СЊСЃСЏ.
[0;0m
[0;32m209H[0;37m [0;32m98M[0;37m 20624Рѕ Р—Р°СѓС‡:0 [0;32m[Р“РµРЅРѕРґ:РЎР»РµРіРєР° СЂР°РЅРµРЅ][0;37m [1;33m[СЃРµСЂР°СЏ РјС‹С€СЊ:Р Р°РЅРµРЅР°][0;37m > ящ
[0;31mРЎРµСЂР°СЏ РјС‹С€СЊ РїРѕРїС‹С‚Р°Р»Р°СЃСЊ С‚РєРЅСѓС‚СЊ РІР°СЃ, РЅРѕ РµРµ СѓРґР°СЂ РЅРµ РґРѕСЃС‚РёРі С†РµР»Рё.
[0;0m[0;33mР’С‹ РїРѕРїС‹С‚Р°Р»РёСЃСЊ СѓРґР°СЂРёС‚СЊ СЃРµСЂСѓСЋ РјС‹С€СЊ - РЅРµСѓРґР°С‡РЅРѕ.
[0;0m[1;33mР’С‹ СѓРґР°СЂРёР»Рё СЃРµСЂСѓСЋ РјС‹С€СЊ.
[0;0m
[0;32m211H[0;37m [0;32m98M[0;37m 20615Рѕ Р—Р°СѓС‡:0 [0;32m[Р“РµРЅРѕРґ:РќРµРІСЂРµРґРёРј][0;37m [0;31m[СЃРµСЂР°СЏ РјС‹С€СЊ:Рћ.С‚СЏР¶РµР»Рѕ СЂР°РЅРµРЅР°][0;37m > ящ
[0;31mРЎРµСЂР°СЏ РјС‹С€СЊ РїРѕРїС‹С‚Р°Р»Р°СЃСЊ С‚РєРЅСѓС‚СЊ РІР°СЃ, РЅРѕ РїСЂРѕРјР°С…РЅСѓР»Р°СЃСЊ.
[0;0m[1;33mР’С‹ СѓРґР°СЂРёР»Рё СЃРµСЂСѓСЋ РјС‹С€СЊ.
[0;0mРЎРµСЂР°СЏ РјС‹С€СЊ СЃРјРµСЂС‚РµР»СЊРЅРѕ СЂР°РЅРµРЅР° Рё СѓРјСЂРµС‚, РµСЃР»Рё РµР№ РЅРµ РїРѕРјРѕРіСѓС‚.
[1;33mР’С‹ РЅР°РЅРµСЃР»Рё СЃРµСЂРѕР№ РјС‹С€Рё РїСЂРµРєСЂР°СЃРЅС‹Р№ СѓРґР°СЂ - РїРѕСЃР»Рµ СЌС‚РѕРіРѕ РµР№ СѓР¶Рµ РЅРµ РІСЃС‚Р°С‚СЊ.
[0;0mРЎРµСЂР°СЏ РјС‹С€СЊ РјРµСЂС‚РІР°, РµРµ РґСѓС€Р° РјРµРґР»РµРЅРЅРѕ РїРѕРґС‹РјР°РµС‚СЃСЏ РІ РЅРµР±РµСЃР°.
Р’Р°С€ РѕРїС‹С‚ РїРѕРІС‹СЃРёР»СЃСЏ РЅР° 75 РѕС‡РєРѕРІ.
РўСЂСѓРї СЃРµСЂРѕР№ РјС‹С€Рё РїСѓСЃС‚.

[0;32m211H[0;37m [0;32m98M[0;37m 20536Рѕ Р—Р°СѓС‡:0 Р’С‹С…:РЎР’Р®> ящР’С‹ РїРѕРґРЅСЏР»Рё С‚СЂСѓРї СЃРµСЂРѕР№ РјС‹С€Рё.

[0;32m211H[0;37m [0;32m98M[0;37m 20536Рѕ Р—Р°СѓС‡:0 Р’С‹С…:РЎР’Р®> ящРўСЂСѓРї СЃРµСЂРѕР№ РјС‹С€Рё РїСѓСЃС‚.

[0;32m211H[0;37m [0;32m98M[0;37m 20536Рѕ Р—Р°СѓС‡:0 Р’С‹С…:РЎР’Р®> ящР’С‹ Р±СЂРѕСЃРёР»Рё С‚СЂСѓРї СЃРµСЂРѕР№ РјС‹С€Рё.

[0;32m211H[0;37m [0;32m98M[0;37m 20536Рѕ Р—Р°СѓС‡:0 Р’С‹С…:РЎР’Р®> ящ[0;33mР’Р°С€Р° СЂСѓРєР° РЅРµ РґРѕСЃС‚РёРіР»Р° РјСѓС…Рё - РЅСѓР¶РЅРѕ Р±С‹Р»Рѕ Р»СѓС‡С€Рµ С‚СЂРµРЅРёСЂРѕРІР°С‚СЊСЃСЏ.
[0;0m
[0;32m211H[0;37m [0;32m98M[0;37m 20535Рѕ Р—Р°СѓС‡:0 [0;32m[Р“РµРЅРѕРґ:РќРµРІСЂРµРґРёРј][0;37m [0;32m[РјСѓС…Р°:РќРµРІСЂРµРґРёРјР°][0;37m > ящ
[0;31mРњСѓС…Р° РїРѕРїС‹С‚Р°Р»Р°СЃСЊ С‚РєРЅСѓС‚СЊ РІР°СЃ, РЅРѕ РїСЂРѕРјР°С…РЅСѓР»Р°СЃСЊ.
[0;0m[1;33mР’С‹ СѓРґР°СЂРёР»Рё РјСѓС…Сѓ.
[0;0m[0;33mР’С‹ РїРѕРїС‹С‚Р°Р»РёСЃСЊ СѓРґР°СЂРёС‚СЊ РјСѓС…Сѓ - РЅРµСѓРґР°С‡РЅРѕ.
[0;0m
[0;32m211H[0;37m [0;32m98M[0;37m 20531Рѕ Р—Р°СѓС‡:0 [0;32m[Р“РµРЅРѕРґ:РќРµРІСЂРµРґРёРј][0;37m [1;33m[РјСѓС…Р°:Р Р°РЅРµРЅР°][0;37m > ящ
[0;31mРњСѓС…Р° РїРѕРїС‹С‚Р°Р»Р°СЃСЊ С‚РєРЅСѓС‚СЊ РІР°СЃ, РЅРѕ РїСЂРѕРјР°С…РЅСѓР»Р°СЃСЊ.
[0;0m[0;33mР’С‹ РїРѕРїС‹С‚Р°Р»РёСЃСЊ СѓРґР°СЂРёС‚СЊ РјСѓС…Сѓ - РЅРµСѓРґР°С‡РЅРѕ.
[0;0m[0;33mР’Р°С€Р° СЂСѓРєР° РЅРµ РґРѕСЃС‚РёРіР»Р° РјСѓС…Рё - РЅСѓР¶РЅРѕ Р±С‹Р»Рѕ Р»СѓС‡С€Рµ С‚СЂРµРЅРёСЂРѕРІР°С‚СЊСЃСЏ.
[0;0m
[0;32m211H[0;37m [0;32m98M[0;37m 20529Рѕ Р—Р°СѓС‡:0 [0;32m[Р“РµРЅРѕРґ:РќРµРІСЂРµРґРёРј][0;37m [1;33m[РјСѓС…Р°:Р Р°РЅРµРЅР°][0;37m > ящ
[0;31mРњСѓС…Р° РїРѕРїС‹С‚Р°Р»Р°СЃСЊ С‚РєРЅСѓС‚СЊ РІР°СЃ, РЅРѕ РµРµ СѓРґР°СЂ РЅРµ РґРѕСЃС‚РёРі С†РµР»Рё.
[0;0m[1;33mР’С‹ СѓРґР°СЂРёР»Рё РјСѓС…Сѓ.
[0;0mРњСѓС…Р° СЃРјРµСЂС‚РµР»СЊРЅРѕ СЂР°РЅРµРЅР° Рё СѓРјСЂРµС‚, РµСЃР»Рё РµР№ РЅРµ РїРѕРјРѕРіСѓС‚.
[1;33mР’С‹ РЅР°РЅРµСЃР»Рё РјСѓС…Рµ РїСЂРµРєСЂР°СЃРЅС‹Р№ СѓРґР°СЂ - РїРѕСЃР»Рµ СЌС‚РѕРіРѕ РµР№ СѓР¶Рµ РЅРµ РІСЃС‚Р°С‚СЊ.
[0;0mРњСѓС…Р° РјРµСЂС‚РІР°, РµРµ РґСѓС€Р° РјРµРґР»РµРЅРЅРѕ РїРѕРґС‹РјР°РµС‚СЃСЏ РІ РЅРµР±РµСЃР°.
Р’Р°С€ РѕРїС‹С‚ РїРѕРІС‹СЃРёР»СЃСЏ РЅР° 10 РѕС‡РєРѕРІ.
РўСЂСѓРї РјСѓС…Рё РїСѓСЃС‚.

[0;32m211H[0;37m [0;32m98M[0;37m 20516Рѕ Р—Р°СѓС‡:0 Р’С‹С…:РЎР’Р®> ящР’С‹ РїРѕРґРЅСЏР»Рё С‚СЂСѓРї РјСѓС…Рё.

[0;32m211H[0;37m [0;32m98M[0;37m 20516Рѕ Р—Р°СѓС‡:0 Р’С‹С…:РЎР’Р®> ящРўСЂСѓРї РјСѓС…Рё РїСѓСЃС‚.

[0;32m211H[0;37m [0;32m98M[0;37m 20516Рѕ Р—Р°СѓС‡:0 Р’С‹С…:РЎР’Р®> ящР’С‹ Р±СЂРѕСЃРёР»Рё С‚СЂСѓРї РјСѓС…Рё.

[0;32m211H[0;37m [0;32m98M[0;37m 20516Рѕ Р—Р°СѓС‡:0 Р’С‹С…:РЎР’Р®> ящР’С‹ РїРѕРїР»РµР»РёСЃСЊ РЅР° РІРѕСЃС‚РѕРє.
[1;36mРќР° СЃРµРЅРѕРІР°Р»Рµ [5104][0;37m
   РџРѕРґ РЅРѕРіР°РјРё СЂР°Р·Р±СЂРѕСЃР°РЅР° СЃРѕР»РѕРјР° РІРїРµСЂРµРјРµС€РєСѓ СЃ СЃРµРЅРѕРј, РїРѕ СѓРіР»Р°Рј Р»РµР¶Р°С‚ СЃС‚Р°СЂС‹Рµ
РёРЅСЃС‚СЂСѓРјРµРЅС‚С‹. РЎСЋРґР° Р·Р°Р±СЂР°СЃС‹РІР°РµС‚СЃСЏ РєРѕСЂРј РґР»СЏ РґРѕРјР°С€РЅРµРіРѕ СЃРєРѕС‚Р°, Р° РїРѕС‚РѕРј РїРѕРґР°РµС‚СЃСЏ
РїРѕ СЃС‚РѕР№Р»Р°Рј.
[0;36m[ Exits: s w ][0;37m
[1;33mРќР° РїРѕР»Сѓ Р»РµР¶РёС‚ Р»РµСЃС‚РЅРёС†Р°.
[1;31mРўР°СЂР°РєР°РЅ Р±С‹СЃС‚СЂРѕ РїСЂРѕР±РµР¶Р°Р» Р·РґРµСЃСЊ.
[0;0m
[0;32m211H[0;37m [0;32m97M[0;37m 20516Рѕ Р—Р°СѓС‡:0 Р’С‹С…:Р®Р—> ящРџРѕРґРЅР°С‚СѓР¶РёРІС€РёСЃСЊ, Р’С‹ РїСЂРёСЃС‚Р°РІРёР»Рё Р»РµСЃС‚РЅРёС†Сѓ Рё С‚РµРїРµСЂСЊ РјРѕР¶РЅРѕ РїРѕРґРЅСЏС‚СЊСЃСЏ РЅР°РІРµСЂС….

[0;32m211H[0;37m [0;32m97M[0;37m 20516Рѕ Р—Р°СѓС‡:0 Р’С‹С…:Р®Р—^> ящ[1;36mРќР° СЃРµРЅРѕРІР°Р»Рµ [5104][0;37m
   РџРѕРґ РЅРѕРіР°РјРё СЂР°Р·Р±СЂРѕСЃР°РЅР° СЃРѕР»РѕРјР° РІРїРµСЂРµРјРµС€РєСѓ СЃ СЃРµРЅРѕРј, РїРѕ СѓРіР»Р°Рј Р»РµР¶Р°С‚ СЃС‚Р°СЂС‹Рµ
РёРЅСЃС‚СЂСѓРјРµРЅС‚С‹. РЎСЋРґР° Р·Р°Р±СЂР°СЃС‹РІР°РµС‚СЃСЏ РєРѕСЂРј РґР»СЏ РґРѕРјР°С€РЅРµРіРѕ СЃРєРѕС‚Р°, Р° РїРѕС‚РѕРј РїРѕРґР°РµС‚СЃСЏ
РїРѕ СЃС‚РѕР№Р»Р°Рј.
[0;36m[ Exits: s w u ][0;37m
[1;33mРљ Р±Р°Р»РєРµ РїСЂРёСЃС‚Р°РІР»РµРЅР° Р»РµСЃС‚РЅРёС†Р°, РІРµРґСѓС‰Р°СЏ РЅР° С‡РµСЂРґР°Рє.
[1;31mРўР°СЂР°РєР°РЅ Р±С‹СЃС‚СЂРѕ РїСЂРѕР±РµР¶Р°Р» Р·РґРµСЃСЊ.
[0;0m
[0;32m211H[0;37m [0;32m97M[0;37m 20516Рѕ Р—Р°СѓС‡:0 Р’С‹С…:Р®Р—^> ящ[0;33mР’Р°С€Р° СЂСѓРєР° РЅРµ РґРѕСЃС‚РёРіР»Р° С‚Р°СЂР°РєР°РЅР° - РЅСѓР¶РЅРѕ Р±С‹Р»Рѕ Р»СѓС‡С€Рµ С‚СЂРµРЅРёСЂРѕРІР°С‚СЊСЃСЏ.
[0;0m
[0;32m211H[0;37m [0;32m97M[0;37m 20515Рѕ Р—Р°СѓС‡:0 [0;32m[Р“РµРЅРѕРґ:РќРµРІСЂРµРґРёРј][0;37m [0;32m[С‚Р°СЂР°РєР°РЅ:РќРµРІСЂРµРґРёРј][0;37m > ящ
[0;31mРўР°СЂР°РєР°РЅ РїРѕРїС‹С‚Р°Р»СЃСЏ Р»СЏРіРЅСѓС‚СЊ РІР°СЃ, РЅРѕ РµРіРѕ СѓРґР°СЂ РЅРµ РґРѕСЃС‚РёРі С†РµР»Рё.
[0;0m[1;33mР’С‹ СѓРґР°СЂРёР»Рё С‚Р°СЂР°РєР°РЅР°.
[0;0m[1;33mР’С‹ РІС‹Р±РёР»Рё РѕСЃС‚Р°С‚РєРё Р¶РёР·РЅРё РёР· С‚Р°СЂР°РєР°РЅР° СЃРІРѕРёРј РјРѕС‰РЅС‹Рј СѓРґР°СЂРѕРј.
[0;0mРўР°СЂР°РєР°РЅ РјРµСЂС‚РІ, РµРіРѕ РґСѓС€Р° РјРµРґР»РµРЅРЅРѕ РїРѕРґС‹РјР°РµС‚СЃСЏ РІ РЅРµР±РµСЃР°.
Р’Р°С€ РѕРїС‹С‚ РїРѕРІС‹СЃРёР»СЃСЏ РЅР° 6 РѕС‡РєРѕРІ.
РўСЂСѓРї С‚Р°СЂР°РєР°РЅР° РїСѓСЃС‚.

[0;32m211H[0;37m [0;32m97M[0;37m 20505Рѕ Р—Р°СѓС‡:0 Р’С‹С…:Р®Р—^> ящР’С‹ РїРѕРґРЅСЏР»Рё С‚СЂСѓРї С‚Р°СЂР°РєР°РЅР°.

[0;32m211H[0;37m [0;32m98M[0;37m 20505Рѕ Р—Р°СѓС‡:0 Р’С‹С…:Р®Р—^> ящРўСЂСѓРї С‚Р°СЂР°РєР°РЅР° РїСѓСЃС‚.

[0;32m211H[0;37m [0;32m98M[0;37m 20505Рѕ Р—Р°СѓС‡:0 Р’С‹С…:Р®Р—^> ящР’С‹ Р±СЂРѕСЃРёР»Рё С‚СЂСѓРї С‚Р°СЂР°РєР°РЅР°.

[0;32m211H[0;37m [0;32m98M[0;37m 20505Рѕ Р—Р°СѓС‡:0 Р’С‹С…:Р®Р—^> ящР’С‹ РїРѕРїР»РµР»РёСЃСЊ РІРІРµСЂС….
[1;36mРќР° С‡РµСЂРґР°РєРµ [5117][0;37m
   РџС‹Р»СЊРЅС‹Р№ С‡РµСЂРґР°Рє Р·Р°РІР°Р»РµРЅ СЃС‚Р°СЂС‹РјРё РІРµС‰Р°РјРё Рё СЂР°Р·РЅС‹Рј С…Р»Р°РјРѕРј, РІСЃРµРіРґР° СѓР±РёСЂР°РµРјС‹Рј
СЃ РіР»Р°Р· РґРѕР»РѕР№ РїРѕРґР°Р»СЊС€Рµ.
[0;36m[ Exits: n e d ][0;37m
[1;33m[1;31m[0;0m
[0;32m211H[0;37m [0;32m97M[0;37m 20505Рѕ Р—Р°СѓС‡:0 Р’С‹С…:РЎР’v> ящР’С‹ РїРѕРїР»РµР»РёСЃСЊ РЅР° СЃРµРІРµСЂ.
[1;36mР§РµСЂРґР°Рє [5119][0;37m
   РџРѕРґ СЃС‚Р°СЂС‹РјРё РіСЂСЏР·РЅС‹РјРё С‚СЂСЏРїРєР°РјРё РІС‹ РѕР±РЅР°СЂСѓР¶РёР»Рё РјР°Р»РµРЅСЊРєРёР№ С‚РєР°С†РєРёР№ СЃС‚Р°РЅРѕС‡РµРє,
С‚РѕС‚, РЅР° РєРѕС‚РѕСЂРѕРј РёР· РјСЏРіРєРѕРіРѕ Р»СЊРЅР° С‚РєСѓС‚ РїРѕР»РѕС‚РЅРѕ. Р­С‚Рѕ Р±РѕР»СЊС€Р°СЏ С†РµРЅРЅРѕСЃС‚СЊ, РєР°Рє РјРѕРіР»Рё
С…РѕР·СЏРµРІР° РѕСЃС‚Р°РІРёС‚СЊ РµРіРѕ.
[0;36m[ Exits: n e s ][0;37m
[1;33mРџС‹Р»СЊРЅС‹Р№ СЃСѓРЅРґСѓРє Р»РµР¶РёС‚ СЃСЂРµРґРё РјСѓСЃРѕСЂР°.
[1;31m[0;0m
[0;32m211H[0;37m [0;32m97M[0;37m 20505Рѕ Р—Р°СѓС‡:0 Р’С‹С…:РЎР’Р®> ящР’С‹ РїРѕРїР»РµР»РёСЃСЊ РЅР° СЃРµРІРµСЂ.
[1;36mР§РµСЂРґР°Рє [5121][0;37m
   РЎРєРІРѕР·СЊ СЂР°Р·РѕС€РµРґС€РёРµСЃСЏ Рё РїСЂРѕС…СѓРґРёРІС€РёРµСЃСЏ РґРѕСЃРєРё РѕС‚РєСЂС‹РІР°РµС‚СЃСЏ РІРёРґ РЅР° СЌС‚Сѓ С‡Р°СЃС‚СЊ
РґРµСЂРµРІРЅРё Рё СЂРµРєСѓ Р·Р° РЅРµР№. Р”Р°, Р±РѕР»СЊС€Р°СЏ СЂРµРєР°, Рё РЅР° РЅРµР№ РјР°Р»СЋСЃРµРЅСЊРєРѕРµ РїСЏС‚РЅРѕ РґРµСЂРµРІРЅРё.
[0;36m[ Exits: e s ][0;37m
[1;33m[1;31m[0;0m
[0;32m211H[0;37m [0;32m97M[0;37m 20505Рѕ Р—Р°СѓС‡:0 Р’С‹С…:Р’Р®> ящР’С‹ РїРѕРїР»РµР»РёСЃСЊ РЅР° РІРѕСЃС‚РѕРє.
[1;36mР§РµСЂРґР°Рє [5122][0;37m
   Р—РґРµСЃСЊ РґР°РІРЅРѕ РїРѕСЃРµР»РёР»СЃСЏ РїР°СѓРє Рё Р·Р°РєСЂС‹Р» РІСЃРµ РІРѕР·РјРѕР¶РЅС‹Рµ СѓРіР»Р° СЃРІРѕРёРјРё СЃРµС‚СЏРјРё.
Р’РѕР»СЊРіРѕС‚РЅРѕ РµРјСѓ, РЅРёРєС‚Рѕ РЅРµ Р±РµСЃРїРѕРєРѕРёС‚, РІРѕРЅ СЃРєРѕР»СЊРєРѕ СѓР¶Рµ РЅР° РїРѕР»Сѓ РІР°Р»СЏРµС‚СЃСЏ
РѕР±РµСЃРєСЂРѕРІР»РµРЅРЅС‹С… РЅР°СЃРµРєРѕРјС‹С….
[0;36m[ Exits: s w ][0;37m
[1;33m[1;31mР‘РѕР»СЊС€РѕР№ РїР°СѓРє СЃ Р±РµР»С‹Рј Р±СЂСЋС…РѕРј Р¶РґРµС‚ Р¶РµСЂС‚РІСѓ Р·РґРµСЃСЊ.
[0;0m[0;31mР‘РµР»С‹Р№ РїР°СѓРє РїРѕРїС‹С‚Р°Р»СЃСЏ СѓР¶Р°Р»РёС‚СЊ РІР°СЃ, РЅРѕ РїСЂРѕРјР°С…РЅСѓР»СЃСЏ.
[0;0m
[0;32m211H[0;37m [0;32m97M[0;37m 20505Рѕ Р—Р°СѓС‡:0 [0;32m[Р“РµРЅРѕРґ:РќРµРІСЂРµРґРёРј][0;37m [0;32m[Р±РµР»С‹Р№ РїР°СѓРє:РќРµРІСЂРµРґРёРј][0;37m > ящ
[1;33mР’С‹ СѓРґР°СЂРёР»Рё Р±РµР»РѕРіРѕ РїР°СѓРєР°.
[0;0m[1;33mР’С‹ СѓРґР°СЂРёР»Рё Р±РµР»РѕРіРѕ РїР°СѓРєР°.
[0;0mР‘РµР»С‹Р№ РїР°СѓРє РёР·РґР°Р» РЅРµРїРѕРЅСЏС‚РЅС‹Р№ Р·РІСѓРє.
[0;31mР‘РµР»С‹Р№ РїР°СѓРє РїРѕРїС‹С‚Р°Р»СЃСЏ СѓР¶Р°Р»РёС‚СЊ РІР°СЃ, РЅРѕ РїСЂРѕРјР°С…РЅСѓР»СЃСЏ.
[0;0m
[0;32m211H[0;37m [0;32m97M[0;37m 20451Рѕ Р—Р°СѓС‡:0 [0;32m[Р“РµРЅРѕРґ:РќРµРІСЂРµРґРёРј][0;37m [1;32m[Р±РµР»С‹Р№ РїР°СѓРє:Р›РµРіРєРѕ СЂР°РЅРµРЅ][0;37m > ящ[1;36mР§РµСЂРґР°Рє [5122][0;37m
   Р—РґРµСЃСЊ РґР°РІРЅРѕ РїРѕСЃРµР»РёР»СЃСЏ РїР°СѓРє Рё Р·Р°РєСЂС‹Р» РІСЃРµ РІРѕР·РјРѕР¶РЅС‹Рµ СѓРіР»Р° СЃРІРѕРёРјРё СЃРµС‚СЏРјРё.
Р’РѕР»СЊРіРѕС‚РЅРѕ РµРјСѓ, РЅРёРєС‚Рѕ РЅРµ Р±РµСЃРїРѕРєРѕРёС‚, РІРѕРЅ СЃРєРѕР»СЊРєРѕ СѓР¶Рµ РЅР° РїРѕР»Сѓ РІР°Р»СЏРµС‚СЃСЏ
РѕР±РµСЃРєСЂРѕРІР»РµРЅРЅС‹С… РЅР°СЃРµРєРѕРјС‹С….
[0;36m[ Exits: s w ][0;37m
[1;33m[1;31mР‘РµР»С‹Р№ РїР°СѓРє СЃСЂР°Р¶Р°РµС‚СЃСЏ СЃ Р’РђРњР! 
[0;0m
[0;32m211H[0;37m [0;32m98M[0;37m 20451Рѕ Р—Р°СѓС‡:0 [0;32m[Р“РµРЅРѕРґ:РќРµРІСЂРµРґРёРј][0;37m [1;32m[Р±РµР»С‹Р№ РїР°СѓРє:Р›РµРіРєРѕ СЂР°РЅРµРЅ][0;37m > ящ
[0;31mР‘РµР»С‹Р№ РїР°СѓРє РїРѕРїС‹С‚Р°Р»СЃСЏ СѓР¶Р°Р»РёС‚СЊ РІР°СЃ, РЅРѕ РїСЂРѕРјР°С…РЅСѓР»СЃСЏ.
[0;0m[0;33mР’Р°С€Р° СЂСѓРєР° РЅРµ РґРѕСЃС‚РёРіР»Р° Р±РµР»РѕРіРѕ РїР°СѓРєР° - РЅСѓР¶РЅРѕ Р±С‹Р»Рѕ Р»СѓС‡С€Рµ С‚СЂРµРЅРёСЂРѕРІР°С‚СЊСЃСЏ.
[0;0mР‘РµР»С‹Р№ РїР°СѓРє РїРµСЂРµС…РІР°С‚РёР» РІР°С€Сѓ Р°С‚Р°РєСѓ.

[0;32m211H[0;37m [0;32m98M[0;37m 20450Рѕ Р—Р°СѓС‡:0 [0;32m[Р“РµРЅРѕРґ:РќРµРІСЂРµРґРёРј][0;37m [1;32m[Р±РµР»С‹Р№ РїР°СѓРє:Р›РµРіРєРѕ СЂР°РЅРµРЅ][0;37m > ящ
[0;31mР‘РµР»С‹Р№ РїР°СѓРє РїРѕРїС‹С‚Р°Р»СЃСЏ СѓР¶Р°Р»РёС‚СЊ РІР°СЃ, РЅРѕ РїСЂРѕРјР°С…РЅСѓР»СЃСЏ.
[0;0mР‘РµР»С‹Р№ РїР°СѓРє РЅРµ СЃРјРѕРі РїРµСЂРµС…РІР°С‚РёС‚СЊ РІР°С€Сѓ Р°С‚Р°РєСѓ.
[1;33mР’С‹ СѓРґР°СЂРёР»Рё Р±РµР»РѕРіРѕ РїР°СѓРєР°.
[0;0m[0;33mР’Р°С€Р° СЂСѓРєР° РЅРµ РґРѕСЃС‚РёРіР»Р° Р±РµР»РѕРіРѕ РїР°СѓРєР° - РЅСѓР¶РЅРѕ Р±С‹Р»Рѕ Р»СѓС‡С€Рµ С‚СЂРµРЅРёСЂРѕРІР°С‚СЊСЃСЏ.
[0;0m
[0;32m211H[0;37m [0;32m98M[0;37m 20428Рѕ Р—Р°СѓС‡:0 [0;32m[Р“РµРЅРѕРґ:РќРµРІСЂРµРґРёРј][0;37m [1;32m[Р±РµР»С‹Р№ РїР°СѓРє:Р›РµРіРєРѕ СЂР°РЅРµРЅ][0;37m > ящ
[0;31mР‘РµР»С‹Р№ РїР°СѓРє РїРѕРїС‹С‚Р°Р»СЃСЏ СѓР¶Р°Р»РёС‚СЊ РІР°СЃ, РЅРѕ РїСЂРѕРјР°С…РЅСѓР»СЃСЏ.
[0;0m[1;33mР’С‹ СѓРґР°СЂРёР»Рё Р±РµР»РѕРіРѕ РїР°СѓРєР°.
[0;0m[1;33mР’С‹ СѓРґР°СЂРёР»Рё Р±РµР»РѕРіРѕ РїР°СѓРєР°.
[0;0m
[0;32m211H[0;37m [0;32m98M[0;37m 20381Рѕ Р—Р°СѓС‡:0 [0;32m[Р“РµРЅРѕРґ:РќРµРІСЂРµРґРёРј][0;37m [1;33m[Р±РµР»С‹Р№ РїР°СѓРє:Р Р°РЅРµРЅ][0;37m > ящ
[0;33mР’С‹ РїРѕРїС‹С‚Р°Р»РёСЃСЊ СѓРґР°СЂРёС‚СЊ Р±РµР»РѕРіРѕ РїР°СѓРєР° - РЅРµСѓРґР°С‡РЅРѕ.
[0;0m[1;33mР’С‹ СѓРґР°СЂРёР»Рё Р±РµР»РѕРіРѕ РїР°СѓРєР°.
[0;0mР‘РµР»С‹Р№ РїР°СѓРє РёР·РґР°Р» РЅРµРїРѕРЅСЏС‚РЅС‹Р№ Р·РІСѓРє.
[0;31mР‘РµР»С‹Р№ РїР°СѓРє РїРѕРїС‹С‚Р°Р»СЃСЏ СѓР¶Р°Р»РёС‚СЊ РІР°СЃ, РЅРѕ РїСЂРѕРјР°С…РЅСѓР»СЃСЏ.
[0;0m
[0;32m211H[0;37m [0;32m98M[0;37m 20358Рѕ Р—Р°СѓС‡:0 [0;32m[Р“РµРЅРѕРґ:РќРµРІСЂРµРґРёРј][0;37m [1;32m[Р±РµР»С‹Р№ РїР°СѓРє:Р›РµРіРєРѕ СЂР°РЅРµРЅ][0;37m > ящ
[0;31mР‘РµР»С‹Р№ РїР°СѓРє РїРѕРїС‹С‚Р°Р»СЃСЏ СѓР¶Р°Р»РёС‚СЊ РІР°СЃ, РЅРѕ РїСЂРѕРјР°С…РЅСѓР»СЃСЏ.
[0;0mР‘РµР»С‹Р№ РїР°СѓРє РїРµСЂРµС…РІР°С‚РёР» РІР°С€Сѓ Р°С‚Р°РєСѓ.
[1;33mР’С‹ СѓРґР°СЂРёР»Рё Р±РµР»РѕРіРѕ РїР°СѓРєР°.
[0;0m
[0;32m211H[0;37m [0;32m98M[0;37m 20333Рѕ Р—Р°СѓС‡:0 [0;32m[Р“РµРЅРѕРґ:РќРµРІСЂРµРґРёРј][0;37m [1;32m[Р±РµР»С‹Р№ РїР°СѓРє:Р›РµРіРєРѕ СЂР°РЅРµРЅ][0;37m > ящ
[0;31mР‘РµР»С‹Р№ РїР°СѓРє РїРѕРїС‹С‚Р°Р»СЃСЏ СѓР¶Р°Р»РёС‚СЊ РІР°СЃ, РЅРѕ РїСЂРѕРјР°С…РЅСѓР»СЃСЏ.
[0;0m[1;33mР’С‹ СѓРґР°СЂРёР»Рё Р±РµР»РѕРіРѕ РїР°СѓРєР°.
[0;0m[1;33mР’С‹ СѓРґР°СЂРёР»Рё Р±РµР»РѕРіРѕ РїР°СѓРєР°.
[0;0m
[0;32m211H[0;37m [0;32m98M[0;37m 20289Рѕ Р—Р°СѓС‡:0 [0;32m[Р“РµРЅРѕРґ:РќРµРІСЂРµРґРёРј][0;37m [1;32m[Р±РµР»С‹Р№ РїР°СѓРє:Р Р°РЅРµРЅ][0;37m > ящ
[1;31mРњРёРЅСѓР» С‡Р°СЃ.[0;37m

[0;32m211H[0;37m [0;32m98M[0;37m 20289Рѕ Р—Р°СѓС‡:0 [0;32m[Р“РµРЅРѕРґ:РќРµРІСЂРµРґРёРј][0;37m [1;32m[Р±РµР»С‹Р№ РїР°СѓРє:Р Р°РЅРµРЅ][0;37m > ящ
[0;31mР‘РµР»С‹Р№ РїР°СѓРє РїРѕРїС‹С‚Р°Р»СЃСЏ СѓР¶Р°Р»РёС‚СЊ РІР°СЃ, РЅРѕ РїСЂРѕРјР°С…РЅСѓР»СЃСЏ.
[0;0m[0;33mР’С‹ РїРѕРїС‹С‚Р°Р»РёСЃСЊ СѓРґР°СЂРёС‚СЊ Р±РµР»РѕРіРѕ РїР°СѓРєР° - РЅРµСѓРґР°С‡РЅРѕ.
[0;0mР‘РµР»С‹Р№ РїР°СѓРє РЅРµ СЃРјРѕРі РїРµСЂРµС…РІР°С‚РёС‚СЊ РІР°С€Сѓ Р°С‚Р°РєСѓ.
[1;33mР’С‹ СѓРґР°СЂРёР»Рё Р±РµР»РѕРіРѕ РїР°СѓРєР°.
[0;0m
[0;32m211H[0;37m [0;32m98M[0;37m 20262Рѕ Р—Р°СѓС‡:0 [0;32m[Р“РµРЅРѕРґ:РќРµРІСЂРµРґРёРј][0;37m [1;33m[Р±РµР»С‹Р№ РїР°СѓРє:Р Р°РЅРµРЅ][0;37m > ящ
[1;31mР‘РµР»С‹Р№ РїР°СѓРє СѓР¶Р°Р»РёР» РІР°СЃ.
[0;0m[0;33mР’С‹ РїРѕРїС‹С‚Р°Р»РёСЃСЊ СѓРґР°СЂРёС‚СЊ Р±РµР»РѕРіРѕ РїР°СѓРєР° - РЅРµСѓРґР°С‡РЅРѕ.
[0;0m[0;33mР’С‹ РїРѕРїС‹С‚Р°Р»РёСЃСЊ СѓРґР°СЂРёС‚СЊ Р±РµР»РѕРіРѕ РїР°СѓРєР° - РЅРµСѓРґР°С‡РЅРѕ.
[0;0m
[0;32m199H[0;37m [0;32m98M[0;37m 20260Рѕ Р—Р°СѓС‡:0 [0;32m[Р“РµРЅРѕРґ:РЎР»РµРіРєР° СЂР°РЅРµРЅ][0;37m [1;33m[Р±РµР»С‹Р№ РїР°СѓРє:Р Р°РЅРµРЅ][0;37m > ящ
[0;31mР‘РµР»С‹Р№ РїР°СѓРє РїРѕРїС‹С‚Р°Р»СЃСЏ СѓР¶Р°Р»РёС‚СЊ РІР°СЃ, РЅРѕ РїСЂРѕРјР°С…РЅСѓР»СЃСЏ.
[0;0mР‘РµР»С‹Р№ РїР°СѓРє РїРµСЂРµС…РІР°С‚РёР» РІР°С€Сѓ Р°С‚Р°РєСѓ.
[1;33mР’С‹ СѓРґР°СЂРёР»Рё Р±РµР»РѕРіРѕ РїР°СѓРєР°.
[0;0m
[0;32m203H[0;37m [0;32m98M[0;37m 20230Рѕ Р—Р°СѓС‡:0 [0;32m[Р“РµРЅРѕРґ:РЎР»РµРіРєР° СЂР°РЅРµРЅ][0;37m [1;33m[Р±РµР»С‹Р№ РїР°СѓРє:Р Р°РЅРµРЅ][0;37m > ящ
[0;31mР‘РµР»С‹Р№ РїР°СѓРє РїРѕРїС‹С‚Р°Р»СЃСЏ СѓР¶Р°Р»РёС‚СЊ РІР°СЃ, РЅРѕ РїСЂРѕРјР°С…РЅСѓР»СЃСЏ.
[0;0m[1;33mР’С‹ СѓРґР°СЂРёР»Рё Р±РµР»РѕРіРѕ РїР°СѓРєР°.
[0;0m[1;33mР’С‹ СѓРґР°СЂРёР»Рё Р±РµР»РѕРіРѕ РїР°СѓРєР°.
[0;0m
[0;32m208H[0;37m [0;32m98M[0;37m 20175Рѕ Р—Р°СѓС‡:0 [0;32m[Р“РµРЅРѕРґ:РЎР»РµРіРєР° СЂР°РЅРµРЅ][0;37m [1;31m[Р±РµР»С‹Р№ РїР°СѓРє:РўСЏР¶РµР»Рѕ СЂР°РЅРµРЅ][0;37m > ящ
[0;31mР‘РµР»С‹Р№ РїР°СѓРє РїРѕРїС‹С‚Р°Р»СЃСЏ СѓР¶Р°Р»РёС‚СЊ РІР°СЃ, РЅРѕ РїСЂРѕРјР°С…РЅСѓР»СЃСЏ.
[0;0mР‘РµР»С‹Р№ РїР°СѓРє РїРµСЂРµС…РІР°С‚РёР» РІР°С€Сѓ Р°С‚Р°РєСѓ.
[0;33mР’С‹ РїРѕРїС‹С‚Р°Р»РёСЃСЊ СѓРґР°СЂРёС‚СЊ Р±РµР»РѕРіРѕ РїР°СѓРєР° - РЅРµСѓРґР°С‡РЅРѕ.
[0;0m
[0;32m211H[0;37m [0;32m98M[0;37m 20174Рѕ Р—Р°СѓС‡:0 [0;32m[Р“РµРЅРѕРґ:РќРµРІСЂРµРґРёРј][0;37m [1;31m[Р±РµР»С‹Р№ РїР°СѓРє:РўСЏР¶РµР»Рѕ СЂР°РЅРµРЅ][0;37m > ящ
[0;31mР‘РµР»С‹Р№ РїР°СѓРє РїРѕРїС‹С‚Р°Р»СЃСЏ СѓР¶Р°Р»РёС‚СЊ РІР°СЃ, РЅРѕ РїСЂРѕРјР°С…РЅСѓР»СЃСЏ.
[0;0mР‘РµР»С‹Р№ РїР°СѓРє РїРµСЂРµС…РІР°С‚РёР» РІР°С€Сѓ Р°С‚Р°РєСѓ.
[0;33mР’С‹ РїРѕРїС‹С‚Р°Р»РёСЃСЊ СѓРґР°СЂРёС‚СЊ Р±РµР»РѕРіРѕ РїР°СѓРєР° - РЅРµСѓРґР°С‡РЅРѕ.
[0;0m
[0;32m211H[0;37m [0;32m98M[0;37m 20173Рѕ Р—Р°СѓС‡:0 [0;32m[Р“РµРЅРѕРґ:РќРµРІСЂРµРґРёРј][0;37m [1;31m[Р±РµР»С‹Р№ РїР°СѓРє:РўСЏР¶РµР»Рѕ СЂР°РЅРµРЅ][0;37m > ящ
[0;31mР‘РµР»С‹Р№ РїР°СѓРє РїРѕРїС‹С‚Р°Р»СЃСЏ СѓР¶Р°Р»РёС‚СЊ РІР°СЃ, РЅРѕ РїСЂРѕРјР°С…РЅСѓР»СЃСЏ.
[0;0m[0;33mР’С‹ РїРѕРїС‹С‚Р°Р»РёСЃСЊ СѓРґР°СЂРёС‚СЊ Р±РµР»РѕРіРѕ РїР°СѓРєР° - РЅРµСѓРґР°С‡РЅРѕ.
[0;0mР‘РµР»С‹Р№ РїР°СѓРє РїРµСЂРµС…РІР°С‚РёР» РІР°С€Сѓ Р°С‚Р°РєСѓ.

[0;32m211H[0;37m [0;32m98M[0;37m 20172Рѕ Р—Р°СѓС‡:0 [0;32m[Р“РµРЅРѕРґ:РќРµРІСЂРµРґРёРј][0;37m [1;31m[Р±РµР»С‹Р№ РїР°СѓРє:РўСЏР¶РµР»Рѕ СЂР°РЅРµРЅ][0;37m > ящ
[0;31mР‘РµР»С‹Р№ РїР°СѓРє РїРѕРїС‹С‚Р°Р»СЃСЏ СѓР¶Р°Р»РёС‚СЊ РІР°СЃ, РЅРѕ РїСЂРѕРјР°С…РЅСѓР»СЃСЏ.
[0;0mР‘РµР»С‹Р№ РїР°СѓРє РїРµСЂРµС…РІР°С‚РёР» РІР°С€Сѓ Р°С‚Р°РєСѓ.
[0;33mР’Р°С€Р° СЂСѓРєР° РЅРµ РґРѕСЃС‚РёРіР»Р° Р±РµР»РѕРіРѕ РїР°СѓРєР° - РЅСѓР¶РЅРѕ Р±С‹Р»Рѕ Р»СѓС‡С€Рµ С‚СЂРµРЅРёСЂРѕРІР°С‚СЊСЃСЏ.
[0;0m
[0;32m211H[0;37m [0;32m98M[0;37m 20171Рѕ Р—Р°СѓС‡:0 [0;32m[Р“РµРЅРѕРґ:РќРµРІСЂРµРґРёРј][0;37m [1;31m[Р±РµР»С‹Р№ РїР°СѓРє:РўСЏР¶РµР»Рѕ СЂР°РЅРµРЅ][0;37m > ящ
[0;31mР‘РµР»С‹Р№ РїР°СѓРє РїРѕРїС‹С‚Р°Р»СЃСЏ СѓР¶Р°Р»РёС‚СЊ РІР°СЃ, РЅРѕ РїСЂРѕРјР°С…РЅСѓР»СЃСЏ.
[0;0m[0;33mР’С‹ РїРѕРїС‹С‚Р°Р»РёСЃСЊ СѓРґР°СЂРёС‚СЊ Р±РµР»РѕРіРѕ РїР°СѓРєР° - РЅРµСѓРґР°С‡РЅРѕ.
[0;0m[1;36mР’С‹ РїРѕРІС‹СЃРёР»Рё СѓСЂРѕРІРµРЅСЊ СѓРјРµРЅРёСЏ "СѓРґР°СЂ Р»РµРІРѕР№ СЂСѓРєРѕР№".[0;37m
[0;33mР’С‹ РїРѕРїС‹С‚Р°Р»РёСЃСЊ СѓРґР°СЂРёС‚СЊ Р±РµР»РѕРіРѕ РїР°СѓРєР° - РЅРµСѓРґР°С‡РЅРѕ.
[0;0m
[0;32m211H[0;37m [0;32m98M[0;37m 20169Рѕ Р—Р°СѓС‡:0 [0;32m[Р“РµРЅРѕРґ:РќРµРІСЂРµРґРёРј][0;37m [1;31m[Р±РµР»С‹Р№ РїР°СѓРє:РўСЏР¶РµР»Рѕ СЂР°РЅРµРЅ][0;37m > ящ
[0;31mР‘РµР»С‹Р№ РїР°СѓРє РїРѕРїС‹С‚Р°Р»СЃСЏ СѓР¶Р°Р»РёС‚СЊ РІР°СЃ, РЅРѕ РїСЂРѕРјР°С…РЅСѓР»СЃСЏ.
[0;0mР‘РµР»С‹Р№ РїР°СѓРє РїРµСЂРµС…РІР°С‚РёР» РІР°С€Сѓ Р°С‚Р°РєСѓ.
[0;33mР’С‹ РїРѕРїС‹С‚Р°Р»РёСЃСЊ СѓРґР°СЂРёС‚СЊ Р±РµР»РѕРіРѕ РїР°СѓРєР° - РЅРµСѓРґР°С‡РЅРѕ.
[0;0m
[0;32m211H[0;37m [0;32m98M[0;37m 20168Рѕ Р—Р°СѓС‡:0 [0;32m[Р“РµРЅРѕРґ:РќРµРІСЂРµРґРёРј][0;37m [1;31m[Р±РµР»С‹Р№ РїР°СѓРє:РўСЏР¶РµР»Рѕ СЂР°РЅРµРЅ][0;37m > ящ
[1;33mР’С‹ СѓРґР°СЂРёР»Рё Р±РµР»РѕРіРѕ РїР°СѓРєР°.
[0;0m[1;33mР’С‹ СѓРґР°СЂРёР»Рё Р±РµР»РѕРіРѕ РїР°СѓРєР°.
[0;0m[0;31mР‘РµР»С‹Р№ РїР°СѓРє РїРѕРїС‹С‚Р°Р»СЃСЏ СѓР¶Р°Р»РёС‚СЊ РІР°СЃ, РЅРѕ РїСЂРѕРјР°С…РЅСѓР»СЃСЏ.
[0;0m
[0;32m211H[0;37m [0;32m98M[0;37m 20127Рѕ Р—Р°СѓС‡:0 [0;32m[Р“РµРЅРѕРґ:РќРµРІСЂРµРґРёРј][0;37m [0;31m[Р±РµР»С‹Р№ РїР°СѓРє:Рћ.С‚СЏР¶РµР»Рѕ СЂР°РЅРµРЅ][0;37m > ящ
[0;33mР’Р°С€Р° СЂСѓРєР° РЅРµ РґРѕСЃС‚РёРіР»Р° Р±РµР»РѕРіРѕ РїР°СѓРєР° - РЅСѓР¶РЅРѕ Р±С‹Р»Рѕ Р»СѓС‡С€Рµ С‚СЂРµРЅРёСЂРѕРІР°С‚СЊСЃСЏ.
[0;0m[1;33mР’С‹ СѓРґР°СЂРёР»Рё Р±РµР»РѕРіРѕ РїР°СѓРєР°.
[0;0mР‘РµР»С‹Р№ РїР°СѓРє Р±РµР· СЃРѕР·РЅР°РЅРёСЏ, РЅРѕ РІРѕР·РјРѕР¶РЅРѕ РѕРЅ РµС‰Рµ РїРѕРІРѕСЋРµС‚ (РїРѕРїРѕР·Р¶Рµ :).

[0;32m211H[0;37m [0;32m98M[0;37m 20096Рѕ Р—Р°СѓС‡:0 [0;32m[Р“РµРЅРѕРґ:РќРµРІСЂРµРґРёРј][0;37m [0;31m[Р±РµР»С‹Р№ РїР°СѓРє:Рћ.С‚СЏР¶РµР»Рѕ СЂР°РЅРµРЅ][0;37m > ящ
[1;33mР’С‹ РІС‹Р±РёР»Рё РѕСЃС‚Р°С‚РєРё Р¶РёР·РЅРё РёР· Р±РµР»РѕРіРѕ РїР°СѓРєР° СЃРІРѕРёРј РјРѕС‰РЅС‹Рј СѓРґР°СЂРѕРј.
[0;0mР‘РµР»С‹Р№ РїР°СѓРє РјРµСЂС‚РІ, РµРіРѕ РґСѓС€Р° РјРµРґР»РµРЅРЅРѕ РїРѕРґС‹РјР°РµС‚СЃСЏ РІ РЅРµР±РµСЃР°.
Р’Р°С€ РѕРїС‹С‚ РїРѕРІС‹СЃРёР»СЃСЏ РЅР° 2160 РѕС‡РєРѕРІ.
Р’С‹ РІР·СЏР»Рё РјР°Р»РµРЅСЊРєРёР№ РєР»СЋС‡ РёР· С‚СЂСѓРїР° Р±РµР»РѕРіРѕ РїР°СѓРєР°.

[0;32m211H[0;37m [0;32m98M[0;37m 17935Рѕ Р—Р°СѓС‡:0 Р’С‹С…:Р®Р—> ящР’С‹ РїРѕРґРЅСЏР»Рё С‚СЂСѓРї Р±РµР»РѕРіРѕ РїР°СѓРєР°.

[0;32m211H[0;37m [0;32m98M[0;37m 17935Рѕ Р—Р°СѓС‡:0 Р’С‹С…:Р®Р—> ящРўСЂСѓРї Р±РµР»РѕРіРѕ РїР°СѓРєР° РїСѓСЃС‚.

[0;32m211H[0;37m [0;32m98M[0;37m 17935Рѕ Р—Р°СѓС‡:0 Р’С‹С…:Р®Р—> ящР’С‹ Р±СЂРѕСЃРёР»Рё С‚СЂСѓРї Р±РµР»РѕРіРѕ РїР°СѓРєР°.

[0;32m211H[0;37m [0;32m98M[0;37m 17935Рѕ Р—Р°СѓС‡:0 Р’С‹С…:Р®Р—> ящРќРµРІРµРґРѕРјР°СЏ СЃРёР»Р° РїРѕРјРµС€Р°Р»Р° РїРѕР»РѕР¶РёС‚СЊ РјР°Р»РµРЅСЊРєРёР№ РєР»СЋС‡ РІ С…РѕР»С‰РѕРІС‹Р№ РјРµС€РѕРє.

[0;32m211H[0;37m [0;32m98M[0;37m 17935Рѕ Р—Р°СѓС‡:0 Р’С‹С…:Р®Р—> ящР’С‹ РїРѕРїР»РµР»РёСЃСЊ РЅР° СЋРі.
[1;36mР§РµСЂРґР°Рє [5120][0;37m
   РљСЂС‹С€Р° РїСЂРѕС…СѓРґРёР»Р°СЃСЊ Рё РєР°Р¶РґС‹Р№ РґРѕР¶РґСЊ СЌС‚Сѓ С‡Р°СЃС‚СЊ С‡РµСЂРґР°РєР° Р·Р°Р»РёРІР°РµС‚ РІРѕРґРѕР№, РѕС‚С‡РµРіРѕ
Р·РґРµСЃСЊ РїРѕСЃС‚РѕСЏРЅРЅРѕ РІР»Р°Р¶РЅРѕ Рё СЃРєР»РёР·РєРѕ.
[0;36m[ Exits: n s w ][0;37m
[1;33m[1;31m[0;0m
[0;32m211H[0;37m [0;32m97M[0;37m 17935Рѕ Р—Р°СѓС‡:0 Р’С‹С…:РЎР®Р—> ящР’С‹ РїРѕРїР»РµР»РёСЃСЊ РЅР° Р·Р°РїР°Рґ.
[1;36mР§РµСЂРґР°Рє [5119][0;37m
   РџРѕРґ СЃС‚Р°СЂС‹РјРё РіСЂСЏР·РЅС‹РјРё С‚СЂСЏРїРєР°РјРё РІС‹ РѕР±РЅР°СЂСѓР¶РёР»Рё РјР°Р»РµРЅСЊРєРёР№ С‚РєР°С†РєРёР№ СЃС‚Р°РЅРѕС‡РµРє,
С‚РѕС‚, РЅР° РєРѕС‚РѕСЂРѕРј РёР· РјСЏРіРєРѕРіРѕ Р»СЊРЅР° С‚РєСѓС‚ РїРѕР»РѕС‚РЅРѕ. Р­С‚Рѕ Р±РѕР»СЊС€Р°СЏ С†РµРЅРЅРѕСЃС‚СЊ, РєР°Рє РјРѕРіР»Рё
С…РѕР·СЏРµРІР° РѕСЃС‚Р°РІРёС‚СЊ РµРіРѕ.
[0;36m[ Exits: n e s ][0;37m
[1;33mРџС‹Р»СЊРЅС‹Р№ СЃСѓРЅРґСѓРє Р»РµР¶РёС‚ СЃСЂРµРґРё РјСѓСЃРѕСЂР°.
[1;31m[0;0m
[0;32m211H[0;37m [0;32m97M[0;37m 17935Рѕ Р—Р°СѓС‡:0 Р’С‹С…:РЎР’Р®> ящ*Р©РµР»Рє*

[0;32m211H[0;37m [0;32m98M[0;37m 17935Рѕ Р—Р°СѓС‡:0 Р’С‹С…:РЎР’Р®> ящРњР°Р»РµРЅСЊРєРёР№ РєР»СЋС‡ СЂР°СЃСЃС‹РїР°Р»СЃСЏ РІ СЂСѓРєР°С….
Р›Р°РґСѓС€РєРё.

[0;32m211H[0;37m [0;32m98M[0;37m 17935Рѕ Р—Р°СѓС‡:0 Р’С‹С…:РЎР’Р®> ящРџС‹Р»СЊРЅС‹Р№ СЃСѓРЅРґСѓРє РїСѓСЃС‚.

[0;32m211H[0;37m [0;32m98M[0;37m 17935Рѕ Р—Р°СѓС‡:0 Р’С‹С…:РЎР’Р®> ящ[1;36mР§РµСЂРґР°Рє [5119][0;37m
   РџРѕРґ СЃС‚Р°СЂС‹РјРё РіСЂСЏР·РЅС‹РјРё С‚СЂСЏРїРєР°РјРё РІС‹ РѕР±РЅР°СЂСѓР¶РёР»Рё РјР°Р»РµРЅСЊРєРёР№ С‚РєР°С†РєРёР№ СЃС‚Р°РЅРѕС‡РµРє,
С‚РѕС‚, РЅР° РєРѕС‚РѕСЂРѕРј РёР· РјСЏРіРєРѕРіРѕ Р»СЊРЅР° С‚РєСѓС‚ РїРѕР»РѕС‚РЅРѕ. Р­С‚Рѕ Р±РѕР»СЊС€Р°СЏ С†РµРЅРЅРѕСЃС‚СЊ, РєР°Рє РјРѕРіР»Рё
С…РѕР·СЏРµРІР° РѕСЃС‚Р°РІРёС‚СЊ РµРіРѕ.
[0;36m[ Exits: n e s ][0;37m
[1;33mРџС‹Р»СЊРЅС‹Р№ СЃСѓРЅРґСѓРє Р»РµР¶РёС‚ СЃСЂРµРґРё РјСѓСЃРѕСЂР°.
[1;31m[0;0m
[0;32m211H[0;37m [0;32m98M[0;37m 17935Рѕ Р—Р°СѓС‡:0 Р’С‹С…:РЎР’Р®> ящРџС‹Р»СЊРЅС‹Р№ СЃСѓРЅРґСѓРє: Р’С‹ РЅРµ РјРѕР¶РµС‚Рµ РІР·СЏС‚СЊ РµРіРѕ.

[0;32m211H[0;37m [0;32m98M[0;37m 17935Рѕ Р—Р°СѓС‡:0 Р’С‹С…:РЎР’Р®> ящ[1;36mР§РµСЂРґР°Рє [5119][0;37m
   РџРѕРґ СЃС‚Р°СЂС‹РјРё РіСЂСЏР·РЅС‹РјРё С‚СЂСЏРїРєР°РјРё РІС‹ РѕР±РЅР°СЂСѓР¶РёР»Рё РјР°Р»РµРЅСЊРєРёР№ С‚РєР°С†РєРёР№ СЃС‚Р°РЅРѕС‡РµРє,
С‚РѕС‚, РЅР° РєРѕС‚РѕСЂРѕРј РёР· РјСЏРіРєРѕРіРѕ Р»СЊРЅР° С‚РєСѓС‚ РїРѕР»РѕС‚РЅРѕ. Р­С‚Рѕ Р±РѕР»СЊС€Р°СЏ С†РµРЅРЅРѕСЃС‚СЊ, РєР°Рє РјРѕРіР»Рё
С…РѕР·СЏРµРІР° РѕСЃС‚Р°РІРёС‚СЊ РµРіРѕ.
[0;36m[ Exits: n e s ][0;37m
[1;33mРџС‹Р»СЊРЅС‹Р№ СЃСѓРЅРґСѓРє Р»РµР¶РёС‚ СЃСЂРµРґРё РјСѓСЃРѕСЂР°.
[1;31m[0;0m
[0;32m211H[0;37m [0;32m98M[0;37m 17935Рѕ Р—Р°СѓС‡:0 Р’С‹С…:РЎР’Р®> ящР’С‹ РїРѕРїР»РµР»РёСЃСЊ РЅР° СЋРі.
[1;36mРќР° С‡РµСЂРґР°РєРµ [5117][0;37m
   РџС‹Р»СЊРЅС‹Р№ С‡РµСЂРґР°Рє Р·Р°РІР°Р»РµРЅ СЃС‚Р°СЂС‹РјРё РІРµС‰Р°РјРё Рё СЂР°Р·РЅС‹Рј С…Р»Р°РјРѕРј, РІСЃРµРіРґР° СѓР±РёСЂР°РµРјС‹Рј
СЃ РіР»Р°Р· РґРѕР»РѕР№ РїРѕРґР°Р»СЊС€Рµ.
[0;36m[ Exits: n e d ][0;37m
[1;33m[1;31m[0;0m
[0;32m211H[0;37m [0;32m97M[0;37m 17935Рѕ Р—Р°СѓС‡:0 Р’С‹С…:РЎР’v> ящР’С‹ РїРѕРїР»РµР»РёСЃСЊ РІРЅРёР·.
[1;36mРќР° СЃРµРЅРѕРІР°Р»Рµ [5104][0;37m
   РџРѕРґ РЅРѕРіР°РјРё СЂР°Р·Р±СЂРѕСЃР°РЅР° СЃРѕР»РѕРјР° РІРїРµСЂРµРјРµС€РєСѓ СЃ СЃРµРЅРѕРј, РїРѕ СѓРіР»Р°Рј Р»РµР¶Р°С‚ СЃС‚Р°СЂС‹Рµ
РёРЅСЃС‚СЂСѓРјРµРЅС‚С‹. РЎСЋРґР° Р·Р°Р±СЂР°СЃС‹РІР°РµС‚СЃСЏ РєРѕСЂРј РґР»СЏ РґРѕРјР°С€РЅРµРіРѕ СЃРєРѕС‚Р°, Р° РїРѕС‚РѕРј РїРѕРґР°РµС‚СЃСЏ
РїРѕ СЃС‚РѕР№Р»Р°Рј.
[0;36m[ Exits: s w u ][0;37m
[1;33mРўСЂСѓРї С‚Р°СЂР°РєР°РЅР° Р»РµР¶РёС‚ Р·РґРµСЃСЊ.
Рљ Р±Р°Р»РєРµ РїСЂРёСЃС‚Р°РІР»РµРЅР° Р»РµСЃС‚РЅРёС†Р°, РІРµРґСѓС‰Р°СЏ РЅР° С‡РµСЂРґР°Рє.
[1;31m[0;0m
[0;32m211H[0;37m [0;32m96M[0;37m 17935Рѕ Р—Р°СѓС‡:0 Р’С‹С…:Р®Р—^> ящР’С‹ РїРѕРїР»РµР»РёСЃСЊ РЅР° Р·Р°РїР°Рґ.
[1;36mРќР° СЃРµРЅРѕРІР°Р»Рµ [5103][0;37m
   РџРѕРґ РЅРѕРіР°РјРё СЂР°Р·Р±СЂРѕСЃР°РЅР° СЃРѕР»РѕРјР° РІРїРµСЂРµРјРµС€РєСѓ СЃ СЃРµРЅРѕРј, РїРѕ СѓРіР»Р°Рј Р»РµР¶Р°С‚ СЃС‚Р°СЂС‹Рµ
РёРЅСЃС‚СЂСѓРјРµРЅС‚С‹. РЎСЋРґР° Р·Р°Р±СЂР°СЃС‹РІР°РµС‚СЃСЏ РєРѕСЂРј РґР»СЏ РґРѕРјР°С€РЅРµРіРѕ СЃРєРѕС‚Р°, Р° РїРѕС‚РѕРј РїРѕРґР°РµС‚СЃСЏ
РїРѕ СЃС‚РѕР№Р»Р°Рј.
[0;36m[ Exits: n e s ][0;37m
[1;33mРўСЂСѓРї РјСѓС…Рё Р»РµР¶РёС‚ Р·РґРµСЃСЊ.
РўСЂСѓРї СЃРµСЂРѕР№ РјС‹С€Рё Р»РµР¶РёС‚ Р·РґРµСЃСЊ.
[1;31m[0;0m
[0;32m211H[0;37m [0;32m96M[0;37m 17935Рѕ Р—Р°СѓС‡:0 Р’С‹С…:РЎР’Р®> ящР’С‹ РїРѕРїР»РµР»РёСЃСЊ РЅР° СЃРµРІРµСЂ.
[1;36mР’ СЃРµРЅСЏС… [5102][0;37m
   Р§С‚Рѕ Р·Р°СЃС‚Р°РІРёР»Рѕ С…РѕР·СЏРµРІ РїРѕРєРёРЅСѓС‚СЊ СЌС‚РѕС‚ РґРѕРј, СЃРѕС…СЂР°РЅРёРІС€РёР№СЃСЏ РІ РїСЂРёР»РёС‡РЅРѕРј СЃРѕСЃС‚РѕСЏРЅРёРё
РґР°Р¶Рµ Р·Р° РґРѕР»РіРѕРµ РІСЂРµРјСЏ Р·Р°РїСѓСЃС‚РµРЅРёСЏ Рё РѕРґРёРЅРѕС‡РµСЃС‚РІР°? Р’ СЌС‚РѕРј РјРµСЃС‚Рµ СЃРµРЅРµР№ РЅР°С…РѕРґСЏС‚СЃСЏ
РґРІРµ РґРІРµСЂРё, РѕРґРЅР° РёР· РєРѕС‚РѕСЂС‹С… РІРµРґРµС‚ РІ РёР·Р±Сѓ, РґСЂСѓРіР°СЏ - РЅР° СЃРµРЅРѕРІР°Р».  
[0;36m[ Exits: (n) e s ][0;37m
[1;33m[1;31m[0;0m
[0;32m211H[0;37m [0;32m96M[0;37m 17935Рѕ Р—Р°СѓС‡:0 Р’С‹С…:(РЎ)Р’Р®> ящР’С‹ РїРѕРїР»РµР»РёСЃСЊ РЅР° РІРѕСЃС‚РѕРє.
[1;36mР’ СЃРµРЅСЏС… [5101][0;37m
   РЎРµРЅРё РєРѕРіРґР°-С‚Рѕ СЃР»СѓР¶РёР»Рё РїСЂРѕРјРµР¶СѓС‚РѕС‡РЅРѕР№ С‡Р°СЃС‚СЊСЋ РјРµР¶РґСѓ РѕС‚Р°РїР»РёРІР°РµРјРѕР№ Рё 
С…РѕР·СЏР№СЃС‚РІРµРЅРЅРѕР№ С‡Р°СЃС‚СЊСЋ РґРѕРјР°. Р—РґРµСЃСЊ РєРѕРіРґР°-С‚Рѕ Р»РµР¶Р°Р»Р° РЅРµС…РёС‚СЂР°СЏ РєСЂРµСЃС‚СЊСЏРЅСЃРєР°СЏ 
СѓС‚РІР°СЂСЊ, РЅРѕ СЃРµР№С‡Р°СЃ С‚РѕР»СЊРєРѕ РїС‹Р»СЊ Рё РіСЂСЏР·СЊ.
[0;36m[ Exits: e w ][0;37m
[1;33mРўСЂСѓРї СЃРµСЂРѕР№ РјС‹С€Рё Р»РµР¶РёС‚ Р·РґРµСЃСЊ.
РўСЂСѓРї Р±Р»РѕС…Рё Р»РµР¶РёС‚ Р·РґРµСЃСЊ.
[1;31m[0;0m
[0;32m211H[0;37m [0;32m96M[0;37m 17935Рѕ Р—Р°СѓС‡:0 Р’С‹С…:Р’Р—> ящР’С‹ РїРѕРїР»РµР»РёСЃСЊ РЅР° РІРѕСЃС‚РѕРє.
[1;36mРќР° РєСЂС‹Р»СЊС†Рµ [5100][0;37m
   РџРѕРєРѕСЃРёРІС€РµРµСЃСЏ РєСЂС‹Р»СЊС†Рѕ СЃРєСЂРёРїРёС‚ РїРѕРґ РЅРѕРіР°РјРё. Р”РµСЂРµРІРѕ РїРѕС‡РµСЂРЅРµР»Рѕ Рё РѕР±Р»СѓРїРёР»РѕСЃСЊ, РЅРѕ
СЃРѕС…СЂР°РЅРёР»Рѕ РєСЂРµРїРѕСЃС‚СЊ. РҐРѕС‚СЊ Рё РјРѕР¶РЅРѕ Р·РґРµСЃСЊ РїРѕСЃС‚РѕСЏС‚СЊ, РЅРѕ Р’Р°СЃ Р±РѕР»СЊС€Рµ РёРЅС‚РµСЂРµСЃСѓРµС‚ СЃР°Рј
Р·Р°Р±СЂРѕС€РµРЅРЅС‹Р№ РґРѕРј. РҐРѕС‡РµС‚СЃСЏ Р·Р°Р№С‚Рё, РЅРѕ С…РѕР»РѕРґРѕРє РІ РіСЂСѓРґРё Р·Р°СЃС‚Р°РІР»СЏРµС‚ РїРѕРґСѓРјР°С‚СЊ РЅР°Рґ
СЌС‚РёРј С€Р°РіРѕРј. 
[0;36m[ Exits: E w ][0;37m
[1;33m[1;31m[0;0m
[0;32m211H[0;37m [0;32m96M[0;37m 17935Рѕ Р—Р°СѓС‡:0 Р’С‹С…:Р’Р—> ящР’С‹ РїРѕРїР»РµР»РёСЃСЊ РЅР° Р·Р°РїР°Рґ.
[1;36mР’ СЃРµРЅСЏС… [5101][0;37m
   РЎРµРЅРё РєРѕРіРґР°-С‚Рѕ СЃР»СѓР¶РёР»Рё РїСЂРѕРјРµР¶СѓС‚РѕС‡РЅРѕР№ С‡Р°СЃС‚СЊСЋ РјРµР¶РґСѓ РѕС‚Р°РїР»РёРІР°РµРјРѕР№ Рё 
С…РѕР·СЏР№СЃС‚РІРµРЅРЅРѕР№ С‡Р°СЃС‚СЊСЋ РґРѕРјР°. Р—РґРµСЃСЊ РєРѕРіРґР°-С‚Рѕ Р»РµР¶Р°Р»Р° РЅРµС…РёС‚СЂР°СЏ РєСЂРµСЃС‚СЊСЏРЅСЃРєР°СЏ 
СѓС‚РІР°СЂСЊ, РЅРѕ СЃРµР№С‡Р°СЃ С‚РѕР»СЊРєРѕ РїС‹Р»СЊ Рё РіСЂСЏР·СЊ.
[0;36m[ Exits: e w ][0;37m
[1;33mРўСЂСѓРї СЃРµСЂРѕР№ РјС‹С€Рё Р»РµР¶РёС‚ Р·РґРµСЃСЊ.
РўСЂСѓРї Р±Р»РѕС…Рё Р»РµР¶РёС‚ Р·РґРµСЃСЊ.
[1;31m[0;0m
[0;32m211H[0;37m [0;32m97M[0;37m 17935Рѕ Р—Р°СѓС‡:0 Р’С‹С…:Р’Р—> ящР’С‹ РїРѕРїР»РµР»РёСЃСЊ РЅР° Р·Р°РїР°Рґ.
[1;36mР’ СЃРµРЅСЏС… [5102][0;37m
   Р§С‚Рѕ Р·Р°СЃС‚Р°РІРёР»Рѕ С…РѕР·СЏРµРІ РїРѕРєРёРЅСѓС‚СЊ СЌС‚РѕС‚ РґРѕРј, СЃРѕС…СЂР°РЅРёРІС€РёР№СЃСЏ РІ РїСЂРёР»РёС‡РЅРѕРј СЃРѕСЃС‚РѕСЏРЅРёРё
РґР°Р¶Рµ Р·Р° РґРѕР»РіРѕРµ РІСЂРµРјСЏ Р·Р°РїСѓСЃС‚РµРЅРёСЏ Рё РѕРґРёРЅРѕС‡РµСЃС‚РІР°? Р’ СЌС‚РѕРј РјРµСЃС‚Рµ СЃРµРЅРµР№ РЅР°С…РѕРґСЏС‚СЃСЏ
РґРІРµ РґРІРµСЂРё, РѕРґРЅР° РёР· РєРѕС‚РѕСЂС‹С… РІРµРґРµС‚ РІ РёР·Р±Сѓ, РґСЂСѓРіР°СЏ - РЅР° СЃРµРЅРѕРІР°Р».  
[0;36m[ Exits: (n) e s ][0;37m
[1;33m[1;31m[0;0m
[0;32m211H[0;37m [0;32m96M[0;37m 17935Рѕ Р—Р°СѓС‡:0 Р’С‹С…:(РЎ)Р’Р®> ящР’С‹ РїРѕРїР»РµР»РёСЃСЊ РЅР° СЋРі.
[1;36mРќР° СЃРµРЅРѕРІР°Р»Рµ [5103][0;37m
   РџРѕРґ РЅРѕРіР°РјРё СЂР°Р·Р±СЂРѕСЃР°РЅР° СЃРѕР»РѕРјР° РІРїРµСЂРµРјРµС€РєСѓ СЃ СЃРµРЅРѕРј, РїРѕ СѓРіР»Р°Рј Р»РµР¶Р°С‚ СЃС‚Р°СЂС‹Рµ
РёРЅСЃС‚СЂСѓРјРµРЅС‚С‹. РЎСЋРґР° Р·Р°Р±СЂР°СЃС‹РІР°РµС‚СЃСЏ РєРѕСЂРј РґР»СЏ РґРѕРјР°С€РЅРµРіРѕ СЃРєРѕС‚Р°, Р° РїРѕС‚РѕРј РїРѕРґР°РµС‚СЃСЏ
РїРѕ СЃС‚РѕР№Р»Р°Рј.
[0;36m[ Exits: n e s ][0;37m
[1;33mРўСЂСѓРї РјСѓС…Рё Р»РµР¶РёС‚ Р·РґРµСЃСЊ.
РўСЂСѓРї СЃРµСЂРѕР№ РјС‹С€Рё Р»РµР¶РёС‚ Р·РґРµСЃСЊ.
[1;31m[0;0m
[0;32m211H[0;37m [0;32m96M[0;37m 17935Рѕ Р—Р°СѓС‡:0 Р’С‹С…:РЎР’Р®> ящР’С‹ РїРѕРїР»РµР»РёСЃСЊ РЅР° СЋРі.
[1;36mРќР° СЃРµРЅРѕРІР°Р»Рµ [5105][0;37m
   РљРѕРіРґР°-С‚Рѕ РІРµСЃСЊ Р·Р°РїРѕР»РЅРµРЅРЅС‹Р№ РІРµСЂРµРІРєР°РјРё СЃ СЃСѓС€РµРЅРЅС‹Рј Р»СѓРєРѕРј, С‡РµСЃРЅРѕРєРѕРј Рё РґСЂСѓРіРёРјРё
СЃРїРµС†РёСЏРјРё. РЎРµР№С‡Р°СЃ РґР°Р¶Рµ Р·Р°РїР°С…Р° РѕС‚ РЅРёС… РЅРµ РѕСЃС‚Р°Р»РѕСЃСЊ.
[0;36m[ Exits: n e ][0;37m
[1;33m[1;31m[0;0m
[0;32m211H[0;37m [0;32m96M[0;37m 17935Рѕ Р—Р°СѓС‡:0 Р’С‹С…:РЎР’> ящР’С‹ РїРѕРїР»РµР»РёСЃСЊ РЅР° СЃРµРІРµСЂ.
[1;36mРќР° СЃРµРЅРѕРІР°Р»Рµ [5103][0;37m
   РџРѕРґ РЅРѕРіР°РјРё СЂР°Р·Р±СЂРѕСЃР°РЅР° СЃРѕР»РѕРјР° РІРїРµСЂРµРјРµС€РєСѓ СЃ СЃРµРЅРѕРј, РїРѕ СѓРіР»Р°Рј Р»РµР¶Р°С‚ СЃС‚Р°СЂС‹Рµ
РёРЅСЃС‚СЂСѓРјРµРЅС‚С‹. РЎСЋРґР° Р·Р°Р±СЂР°СЃС‹РІР°РµС‚СЃСЏ РєРѕСЂРј РґР»СЏ РґРѕРјР°С€РЅРµРіРѕ СЃРєРѕС‚Р°, Р° РїРѕС‚РѕРј РїРѕРґР°РµС‚СЃСЏ
РїРѕ СЃС‚РѕР№Р»Р°Рј.
[0;36m[ Exits: n e s ][0;37m
[1;33mРўСЂСѓРї РјСѓС…Рё Р»РµР¶РёС‚ Р·РґРµСЃСЊ.
РўСЂСѓРї СЃРµСЂРѕР№ РјС‹С€Рё Р»РµР¶РёС‚ Р·РґРµСЃСЊ.
[1;31m[0;0m
[0;32m211H[0;37m [0;32m96M[0;37m 17935Рѕ Р—Р°СѓС‡:0 Р’С‹С…:РЎР’Р®> ящР’С‹ РїРѕРїР»РµР»РёСЃСЊ РЅР° СЃРµРІРµСЂ.
[1;36mР’ СЃРµРЅСЏС… [5102][0;37m
   Р§С‚Рѕ Р·Р°СЃС‚Р°РІРёР»Рѕ С…РѕР·СЏРµРІ РїРѕРєРёРЅСѓС‚СЊ СЌС‚РѕС‚ РґРѕРј, СЃРѕС…СЂР°РЅРёРІС€РёР№СЃСЏ РІ РїСЂРёР»РёС‡РЅРѕРј СЃРѕСЃС‚РѕСЏРЅРёРё
РґР°Р¶Рµ Р·Р° РґРѕР»РіРѕРµ РІСЂРµРјСЏ Р·Р°РїСѓСЃС‚РµРЅРёСЏ Рё РѕРґРёРЅРѕС‡РµСЃС‚РІР°? Р’ СЌС‚РѕРј РјРµСЃС‚Рµ СЃРµРЅРµР№ РЅР°С…РѕРґСЏС‚СЃСЏ
РґРІРµ РґРІРµСЂРё, РѕРґРЅР° РёР· РєРѕС‚РѕСЂС‹С… РІРµРґРµС‚ РІ РёР·Р±Сѓ, РґСЂСѓРіР°СЏ - РЅР° СЃРµРЅРѕРІР°Р».  
[0;36m[ Exits: (n) e s ][0;37m
[1;33m[1;31m[0;0m
[0;32m211H[0;37m [0;32m95M[0;37m 17935Рѕ Р—Р°СѓС‡:0 Р’С‹С…:(РЎ)Р’Р®> ящР’С‹ РїРѕРїР»РµР»РёСЃСЊ РЅР° РІРѕСЃС‚РѕРє.
[1;36mР’ СЃРµРЅСЏС… [5101][0;37m
   РЎРµРЅРё РєРѕРіРґР°-С‚Рѕ СЃР»СѓР¶РёР»Рё РїСЂРѕРјРµР¶СѓС‚РѕС‡РЅРѕР№ С‡Р°СЃС‚СЊСЋ РјРµР¶РґСѓ РѕС‚Р°РїР»РёРІР°РµРјРѕР№ Рё 
С…РѕР·СЏР№СЃС‚РІРµРЅРЅРѕР№ С‡Р°СЃС‚СЊСЋ РґРѕРјР°. Р—РґРµСЃСЊ РєРѕРіРґР°-С‚Рѕ Р»РµР¶Р°Р»Р° РЅРµС…РёС‚СЂР°СЏ РєСЂРµСЃС‚СЊСЏРЅСЃРєР°СЏ 
СѓС‚РІР°СЂСЊ, РЅРѕ СЃРµР№С‡Р°СЃ С‚РѕР»СЊРєРѕ РїС‹Р»СЊ Рё РіСЂСЏР·СЊ.
[0;36m[ Exits: e w ][0;37m
[1;33mРўСЂСѓРї СЃРµСЂРѕР№ РјС‹С€Рё Р»РµР¶РёС‚ Р·РґРµСЃСЊ.
РўСЂСѓРї Р±Р»РѕС…Рё Р»РµР¶РёС‚ Р·РґРµСЃСЊ.
[1;31m[0;0m
[0;32m211H[0;37m [0;32m95M[0;37m 17935Рѕ Р—Р°СѓС‡:0 Р’С‹С…:Р’Р—> ящР’С‹ РїРѕРїР»РµР»РёСЃСЊ РЅР° РІРѕСЃС‚РѕРє.
[1;36mРќР° РєСЂС‹Р»СЊС†Рµ [5100][0;37m
   РџРѕРєРѕСЃРёРІС€РµРµСЃСЏ РєСЂС‹Р»СЊС†Рѕ СЃРєСЂРёРїРёС‚ РїРѕРґ РЅРѕРіР°РјРё. Р”РµСЂРµРІРѕ РїРѕС‡РµСЂРЅРµР»Рѕ Рё РѕР±Р»СѓРїРёР»РѕСЃСЊ, РЅРѕ
СЃРѕС…СЂР°РЅРёР»Рѕ РєСЂРµРїРѕСЃС‚СЊ. РҐРѕС‚СЊ Рё РјРѕР¶РЅРѕ Р·РґРµСЃСЊ РїРѕСЃС‚РѕСЏС‚СЊ, РЅРѕ Р’Р°СЃ Р±РѕР»СЊС€Рµ РёРЅС‚РµСЂРµСЃСѓРµС‚ СЃР°Рј
Р·Р°Р±СЂРѕС€РµРЅРЅС‹Р№ РґРѕРј. РҐРѕС‡РµС‚СЃСЏ Р·Р°Р№С‚Рё, РЅРѕ С…РѕР»РѕРґРѕРє РІ РіСЂСѓРґРё Р·Р°СЃС‚Р°РІР»СЏРµС‚ РїРѕРґСѓРјР°С‚СЊ РЅР°Рґ
СЌС‚РёРј С€Р°РіРѕРј. 
[0;36m[ Exits: E w ][0;37m
[1;33m[1;31m[0;0m
[0;32m211H[0;37m [0;32m95M[0;37m 17935Рѕ Р—Р°СѓС‡:0 Р’С‹С…:Р’Р—> ящ[1;36mРќР° РєСЂС‹Р»СЊС†Рµ [5100][0;37m
   РџРѕРєРѕСЃРёРІС€РµРµСЃСЏ РєСЂС‹Р»СЊС†Рѕ СЃРєСЂРёРїРёС‚ РїРѕРґ РЅРѕРіР°РјРё. Р”РµСЂРµРІРѕ РїРѕС‡РµСЂРЅРµР»Рѕ Рё РѕР±Р»СѓРїРёР»РѕСЃСЊ, РЅРѕ
СЃРѕС…СЂР°РЅРёР»Рѕ РєСЂРµРїРѕСЃС‚СЊ. РҐРѕС‚СЊ Рё РјРѕР¶РЅРѕ Р·РґРµСЃСЊ РїРѕСЃС‚РѕСЏС‚СЊ, РЅРѕ Р’Р°СЃ Р±РѕР»СЊС€Рµ РёРЅС‚РµСЂРµСЃСѓРµС‚ СЃР°Рј
Р·Р°Р±СЂРѕС€РµРЅРЅС‹Р№ РґРѕРј. РҐРѕС‡РµС‚СЃСЏ Р·Р°Р№С‚Рё, РЅРѕ С…РѕР»РѕРґРѕРє РІ РіСЂСѓРґРё Р·Р°СЃС‚Р°РІР»СЏРµС‚ РїРѕРґСѓРјР°С‚СЊ РЅР°Рґ
СЌС‚РёРј С€Р°РіРѕРј. 
[0;36m[ Exits: E w ][0;37m
[1;33m[1;31m[0;0m
[0;32m211H[0;37m [0;32m98M[0;37m 17935Рѕ Р—Р°СѓС‡:0 Р’С‹С…:Р’Р—> ящР’С‹ РїРѕРїР»РµР»РёСЃСЊ РЅР° РІРѕСЃС‚РѕРє.
[1;36mР—Р°Р±СЂРѕС€РµРЅРЅС‹Р№ РґРѕРј [5023][0;37m
   РЎ РІРёРґСѓ С…РѕСЂРѕС€РёР№ РґРѕРј СЃС‚РѕРёС‚ РЅР° С†РµРЅС‚СЂР°Р»СЊРЅРѕР№ СѓР»РёС†Рµ СЃСЂРµРґРё Р±РѕР»СЊС€РёС… Рё Р±РѕРіР°С‚С‹С…
РґРѕРјРѕРІ. Р—Р°РєРѕР»РѕС‡РµРЅС‹ СЃС‚Р°РІРЅРё, Р·Р°РїСѓСЃС‚РµРЅСЊРµ РІРѕ РґРІРѕСЂРµ. Р§С‚Рѕ Р·Р° РЅР°РїР°СЃС‚СЊ Р·Р°СЃС‚Р°РІРёР»Р° 
С…РѕР·СЏРµРІ РїРѕРєРёРЅСѓС‚СЊ СЃРІРѕРµ Р¶РёР»РёС‰Рµ Рё РёСЃРєР°С‚СЊ РЅРѕРІРѕРµ РјРµСЃС‚Рѕ.
[0;36m[ Exits: e W ][0;37m
[1;33m[1;31m[0;0m
Р”РµСЂРµРІРЅСЏ Сѓ СЂРµРєРё (2-Р°СЏ СЂРѕРґРѕРІР°СЏ).

[0;32m211H[0;37m [0;32m97M[0;37m 17935Рѕ Р—Р°СѓС‡:0 Р’С‹С…:Р’Р—> ящР’С‹ РїРѕРїР»РµР»РёСЃСЊ РЅР° РІРѕСЃС‚РѕРє.
[1;36mРљ С†РµРЅС‚СЂСѓ РґРµСЂРµРІРЅРё [5006][0;37m
   РџРѕРЅРµРјРЅРѕРіСѓ РѕСЃС‚Р°СЋС‚СЃСЏ РїРѕР·Р°РґРё РіР»Р°РІРЅС‹Рµ РґРѕРјР° РґРµСЂРµРІРЅРё, Рё РІРѕРєСЂСѓРі РѕС‚РєСЂС‹РІР°РµС‚СЃСЏ РѕР±С‹С‡РЅС‹Р№
РґРµСЂРµРІРµРЅСЃРєРёР№ РІРёРґ. РљСЂРµРїРєРёРµ РґРѕРјР° СЃ РјР°Р»РµРЅСЊРєРёРјРё РѕРєРЅР°РјРё, РЅРѕ РЅРµРёР·РјРµРЅРЅС‹РјРё С‚СЂСѓР±Р°РјРё
РїРµС‡РµР№. РР·РіРѕСЂРѕРґСЊ, СЃС‚РѕСЏС‰Р°СЏ Р·Р° РґРѕРјР°РјРё РІРґРѕР»СЊ Р»РµСЃР° Рё Р·Р°С‰РёС‰Р°СЋС‰Р°СЏ РґРµСЂРµРІРЅСЋ СЃ С‚С‹Р»Р°. 
РќРµС‚РѕСЂРѕРїР»РёРІС‹Р№ Р»СЋРґ, РёРґСѓС‰РёР№ РїРѕ СЃРІРѕРёРј РёР·РІРµС‡РЅС‹Рј РґРµР»Р°Рј.
[0;36m[ Exits: n e s w ][0;37m
[1;33mР—РґРµСЃСЊ Р»РµР¶РёС‚ РјРѕСЂРєРѕРІСЊ.
РџСЂРёРіР»СЏРґРµРІС€РёСЃСЊ, РІС‹ РІРёРґРёС‚Рµ СЏРіРѕРґСѓ РґРёРєРѕРіРѕ РІРёРЅРѕРіСЂР°РґР°.
[1;31m[0;0m
[0;32m211H[0;37m [0;32m97M[0;37m 17935Рѕ Р—Р°СѓС‡:0 Р’С‹С…:РЎР’Р®Р—> ящР’С‹ РїРѕРїР»РµР»РёСЃСЊ РЅР° СЋРі.
[1;36mРџРµСЂРµРґ РїРѕСЃС‚РѕСЏР»С‹Рј РґРІРѕСЂРѕРј [5005][0;37m
   Р§СѓС‚СЊ РЅРµ СЃРїРѕС‚РєРЅСѓРІС€РёСЃСЊ Рѕ РґРѕСЃРєСѓ, Р»РµР¶Р°С‰СѓСЋ СЃСЂР°Р·Сѓ Сѓ РїРѕСЂРѕРіР° РїРѕСЃС‚РѕСЏР»РѕРіРѕ РґРІРѕСЂР°,
РІС‹ РѕРєР°Р·Р°Р»РёСЃСЊ РЅР° С†РµРЅС‚СЂР°Р»СЊРЅРѕР№ СѓР»РёС†Рµ РґРµСЂРµРІРЅРё. РРјРµРЅРЅРѕ РЅР° СЌС‚РѕР№ СѓР»РёС†Рµ РјРѕР¶РЅРѕ 
Р±С‹СЃС‚СЂРѕ РЅР°Р№С‚Рё Р»Р°РІРєСѓ СЂРµРјРµСЃР»РµРЅРЅРёРєР°, РґРѕРј Р·РЅР°С…Р°СЂСЏ, РєРѕРЅСЋС€РЅСЋ Рё РґРѕРј СЃС‚Р°СЂРµР№С€РёРЅС‹.
Р’ СЋР¶РЅРѕР№ С‡Р°СЃС‚Рё РґРµСЂРµРІРЅРё РїРѕСЃРµР»РёР»РёСЃСЊ РІРѕСЂРѕР¶РµРё.
[0;36m[ Exits: n e s w ][0;37m
[1;33m[1;31m[0;0m
[0;32m211H[0;37m [0;32m97M[0;37m 17935Рѕ Р—Р°СѓС‡:0 Р’С‹С…:РЎР’Р®Р—> ящР’С‹ РїРѕРїР»РµР»РёСЃСЊ РЅР° РІРѕСЃС‚РѕРє.
[1;36mРџРѕСЃС‚РѕСЏР»С‹Р№ РґРІРѕСЂ [5001][0;37m
   Р”РµСЂРµРІРЅСЏ С…РѕС‚СЊ Рё РЅРµР±РѕР»СЊС€Р°СЏ, РЅРѕ РїРѕСЃС‚РѕСЏР»С‹Р№ РґРІРѕСЂ РёРјРµРµС‚СЃСЏ, РґР»СЏ Р·Р°РµР·Р¶РёС… РіРѕСЃС‚РµР№,
С‡С‚РѕР±С‹ Р±С‹Р»Рѕ РіРґРµ РїРµСЂРµРІРµСЃС‚Рё РґСѓС…, РµРґРѕР№ Рё РїРёС‚СЊРµРј Р·Р°РїР°СЃС‚РёСЃСЊ. Рђ РµСЃР»Рё РЅР° РґРІРѕСЂРµ СѓР¶
РЅРѕС‡СЊ РёР»СЊ РїСЂРѕСЃС‚Рѕ РЅР°РґРѕ РѕСЃС‚Р°РЅРѕРІРёС‚СЃСЏ РЅР° РґРµРЅСЊ РґСЂСѓРіРѕР№ РІ РґРµСЂРµРІРЅРµ, Р° СЂРѕРґСЃС‚РІРµРЅРЅРёРєРѕРІ
РЅРµС‚, С‚Р°Рє РјРѕР¶РЅРѕ Рё РїРµСЂРµРЅРѕС‡РµРІР°С‚СЊ РІ РіРѕСЂРЅРёС†Р°С… РЅР°РІРµСЂС…Сѓ.
[0;36m[ Exits: w u ][0;37m
[1;33mР›СѓР¶РёС†Р° РґРѕР¶РґРµРІРѕР№ РІРѕРґС‹ СЂР°Р·Р»РёС‚Р° Сѓ РІР°С€РёС… РЅРѕРі.
[1;31mРЎРµРґРѕРІР»Р°СЃС‹Р№ СЃРєР°Р·РёС‚РµР»СЊ РіРѕС‚РѕРІ РїРѕРґРµР»РёС‚СЊСЃСЏ СЃ Р’Р°РјРё РёРЅС‚РµСЂРµСЃРЅРѕР№ РёСЃС‚РѕСЂРёРµР№.
РўСЂР°РєС‚РёСЂС‰РёРє РѕС‚РґС‹С…Р°РµС‚ Р·Р° СЃС‚РѕР№РєРѕР№.
[0;0m
[0;32m211H[0;37m [0;32m97M[0;37m 17935Рѕ Р—Р°СѓС‡:0 Р’С‹С…:Р—^> ящР’С‹ РїРѕРїР»РµР»РёСЃСЊ РІРІРµСЂС….
[1;36mРљРѕРјРЅР°С‚С‹ РѕС‚РґС‹С…Р° [5000][0;37m
   РҐРѕР·СЏРёРЅ СѓСЃС‚СЂРѕРёР» Р·РґРµСЃСЊ РєРѕРјРЅР°С‚С‹ РґР»СЏ РѕС‚РґС‹С…Р°. Р›СЋР±РѕР№ Р¶РµР»Р°СЋС‰РёР№ РјРѕР¶РµС‚ РѕСЃС‚Р°РЅРѕРІРёС‚СЊСЃСЏ
Р·РґРµСЃСЊ Рё РїРµСЂРµРґРѕС…РЅСѓС‚СЊ РїРѕСЃР»Рµ РґР°Р»СЊРЅРµР№ РґРѕСЂРѕРіРё. РЎРІРµС‚Р»С‹Рµ РіРѕСЂРЅРёС†С‹ С‚Р°Рє Рё РїСЂРёРіР»Р°С€Р°СЋС‚
РїСЂРѕР№С‚Рё РІ РЅРёС… Рё СЂР°СЃС‚СЏРЅСѓС‚СЊСЃСЏ РЅР° РїРµСЂРёРЅРµ, РЅР° РїСѓС…РѕРІРѕР№ РґР° Р·Р°Р±С‹С‚СЊСЃСЏ СЃРЅРѕРј Р±РѕРіР°С‚С‹СЂСЃРєРёРј.
Р—РґРµСЃСЊ Р¶Рµ РјРѕР¶РЅРѕ РїРѕРґРѕР¶РґР°С‚СЊ СЃРІРѕРёС… РєРѕРјРїР°РЅСЊРѕРЅРѕРІ РїРµСЂРµРґ РґРѕР»РіРѕР№ РґРѕСЂРѕРіРѕР№, РїРѕРіРѕРІРѕСЂРёС‚СЊ
Рѕ РґР°Р»СЊРЅРµР№С€РёС… РїР»Р°РЅР°С….
[1;32mРЎРѕРІСЃРµРј РјР°Р»С‹С…, РґР° РЅРµ РѕР±СѓС‡РµРЅРЅС‹С… С‚Р°Рє Рё С‚СЏРЅРµС‚ [1;33mРІРѕР№С‚Рё [1;32mРІ [1;33mС€РєРѕР»Сѓ[1;32m.[0;0m
[0;36m[ Exits: d ][0;37m
[1;33mР”РѕСЃРєР° РґР»СЏ СЂР°Р·Р»РёС‡РЅС‹С… Р·Р°РјРµС‚РѕРє Рё РѕР±СЉСЏРІР»РµРЅРёР№ РїСЂРёР±РёС‚Р° С‚СѓС‚ ..Р±Р»РµСЃС‚РёС‚!
[1;31mРҐРѕР·СЏР№РєР° РїРѕСЃС‚РѕСЏР»РѕРіРѕ РґРІРѕСЂР° СЂР°СЃРїРѕСЂСЏР¶Р°РµС‚СЃСЏ Р·РґРµСЃСЊ.
[0;0m
[0;32m211H[0;37m [0;32m97M[0;37m 17935Рѕ Р—Р°СѓС‡:0 Р’С‹С…:v> ящРҐРѕР·СЏР№РєР° СЃРєР°Р·Р°Р»Р° РІР°Рј : "РЎРµРіРѕРґРЅСЏ СЃРїРёРј РЅР°С…Р°Р»СЏРІСѓ!"

[0;32m211H[0;37m [0;32m98M[0;37m 17935Рѕ Р—Р°СѓС‡:0 Р’С‹С…:v> ящР§Р°РІРѕ?

[0;32m211H[0;37m [0;32m98M[0;37m 17935Рѕ Р—Р°СѓС‡:0 Р’С‹С…:v> ящР’С‹ РЅРµСЃРµС‚Рµ:
С…РѕР»С‰РѕРІС‹Р№ РјРµС€РѕРє  [1;37m<РІРµР»РёРєРѕР»РµРїРЅРѕ>[0;37m  (РµСЃС‚СЊ СЃРѕРґРµСЂР¶РёРјРѕРµ)

[0;32m211H[0;37m [0;32m98M[0;37m 17935Рѕ Р—Р°СѓС‡:0 Р’С‹С…:v> ящР’С‹ Р“РµРЅРѕРґ (Р СѓСЃРёС‡, РЎРµРІРµСЂСЏРЅРёРЅ, РЇР·С‹С‡РЅРёРє, Р±РѕРіР°С‚С‹СЂСЊ 7 СѓСЂРѕРІРЅСЏ).
РЎРµР№С‡Р°СЃ РІР°Рј 18 Р»РµС‚. 
Р’С‹ РјРѕР¶РµС‚Рµ РІС‹РґРµСЂР¶Р°С‚СЊ 211(211) РµРґРёРЅРёС† РїРѕРІСЂРµР¶РґРµРЅРёСЏ, Рё РїСЂРѕР№С‚Рё 98(98) РІРµСЂСЃС‚ РїРѕ СЂРѕРІРЅРѕР№ РјРµСЃС‚РЅРѕСЃС‚Рё.
[1;36mР’Р°С€Рё С…Р°СЂР°РєС‚РµСЂРёСЃС‚РёРєРё :
  РЎРёР»Р° : 25(25)  РџРѕРґРІ : 11(11)  РўРµР»Рѕ : 25(25)  РњСѓРґСЂ : 13(13)  РЈРј   : 11(11)  РћР±Р°СЏРЅ: 10(10)
  Р Р°Р·РјРµСЂ  50( 50)  Р РѕСЃС‚   193(193)  Р’РµСЃ    143(143)[0;37m
[1;32mР’Р°С€Рё Р±РѕРµРІС‹Рµ РєР°С‡РµСЃС‚РІР° :
  Р—Р°С‰РёС‚Р°  (AC)     :    9 - [0;31mР’С‹ РїРѕС‡С‚Рё РїРѕР»РЅРѕСЃС‚СЊСЋ СѓСЏР·РІРёРјС‹[1;32m
  Р‘СЂРѕРЅСЏ/РџРѕРіР»РѕС‰РµРЅРёРµ :   21/0[0;0m
Р’Р°С€ РѕРїС‹С‚ - 51065 РѕС‡РєРѕРІ. Р’Р°Рј РѕСЃС‚Р°Р»РѕСЃСЊ РЅР°Р±СЂР°С‚СЊ 17935 РѕС‡РєРѕРІ РґРѕ СЃР»РµРґСѓСЋС‰РµРіРѕ СѓСЂРѕРІРЅСЏ.
РЈ РІР°СЃ РЅР° СЂСѓРєР°С… 250 РєСѓРЅ Рё 0 РіСЂРёРІРµРЅ.
Р’С‹ РјРѕР¶РµС‚Рµ РІСЃС‚СѓРїРёС‚СЊ РІ РіСЂСѓРїРїСѓ СЃ РјР°РєСЃРёРјР°Р»СЊРЅРѕР№ СЂР°Р·РЅРёС†РµР№ РІ 5 СѓСЂРѕРІРЅРµР№ Р±РµР· РїРѕС‚РµСЂСЊ РґР»СЏ РѕРїС‹С‚Р°.
Р’С‹ РёРіСЂР°РµС‚Рµ 1 РґРµРЅСЊ 0 С‡Р°СЃРѕРІ СЂРµР°Р»СЊРЅРѕРіРѕ РІСЂРµРјРµРЅРё.
Р’С‹ СЃС‚РѕРёС‚Рµ.
[1;32m[0;37m[1;32mРўСѓС‚ РІС‹ С‡СѓРІСЃС‚РІСѓРµС‚Рµ СЃРµР±СЏ РІ Р±РµР·РѕРїР°СЃРЅРѕСЃС‚Рё.[0;37m

[0;32m211H[0;37m [0;32m98M[0;37m 17935Рѕ Р—Р°СѓС‡:0 Р’С‹С…:v> ящРҐРѕР·СЏР№РєР° СЃРєР°Р·Р°Р»Р° РІР°Рј : "РЎРµРіРѕРґРЅСЏ СЃРїРёРј РЅР°С…Р°Р»СЏРІСѓ!"

[0;32m211H[0;37m [0;32m98M[0;37m 17935Рѕ Р—Р°СѓС‡:0 Р’С‹С…:v> ящРќР° РІР°СЃ РЅР°РґРµС‚Рѕ:
<РЅР° С‚РµР»Рµ>                   Р»РµРіРєРёР№ Р»Р°С‚РЅС‹Р№ РґРѕСЃРїРµС…  [1;37m<РІРµР»РёРєРѕР»РµРїРЅРѕ>[0;37m 
<РЅР° РЅРѕРіР°С…>                  Р»РµРіРєРёРµ Р»Р°С‚РЅС‹Рµ РїРѕРЅРѕР¶Рё  [1;37m<РІРµР»РёРєРѕР»РµРїРЅРѕ>[0;37m 
<РЅР° РєРёСЃС‚СЏС…>                 Р»РµРіРєРёРµ Р»Р°С‚РЅС‹Рµ РїРµСЂС‡Р°С‚РєРё  [1;37m<РІРµР»РёРєРѕР»РµРїРЅРѕ>[0;37m 

[0;32m211H[0;37m [0;32m98M[0;37m 17935Рѕ Р—Р°СѓС‡:0 Р’С‹С…:v> ящРҐРѕР·СЏР№РєР° СЃРєР°Р·Р°Р»Р° РІР°Рј : "РЎРµРіРѕРґРЅСЏ СЃРїРёРј РЅР°С…Р°Р»СЏРІСѓ!"
РҐРѕР·СЏР№РєР° Р·Р°РїРµСЂР»Р° РІР°С€Рё РІРµС‰Рё РІ СЃСѓРЅРґСѓРє Рё РїРѕРІРµР»Р° РІ С‚РµСЃРЅСѓСЋ РєР°РјРѕСЂРєСѓ.

0) РћС‚СЃРѕРµРґРёРЅРёС‚СЊСЃСЏ.
1) РќР°С‡Р°С‚СЊ РёРіСЂСѓ.
2) Р’РІРµСЃС‚Рё РѕРїРёСЃР°РЅРёРµ РІР°С€РµРіРѕ РїРµСЂСЃРѕРЅР°Р¶Р°.
3) РЈР·РЅР°С‚СЊ РёСЃС‚РѕСЂРёСЋ.
4) РР·РјРµРЅРёС‚СЊ РїР°СЂРѕР»СЊ.
5) РЈРґР°Р»РёС‚СЊ РїРµСЂСЃРѕРЅР°Р¶Р°.
6) РР·РјРµРЅРёС‚СЊ РїР°СЂР°РјРµС‚СЂС‹ РїРµСЂСЃРѕРЅР°Р¶Р°.
7) Р’РєР»СЋС‡РёС‚СЊ/РІС‹РєР»СЋС‡РёС‚СЊ СЂРµР¶РёРј СЃР»РµРїРѕРіРѕ РёРіСЂРѕРєР°.
8) РџРѕСЃРјРѕС‚СЂРµС‚СЊ РІСЃРµС… РїРµСЂСЃРѕРЅР°Р¶РµР№ РЅР° РґР°РЅРЅРѕРј email'e.

   Р§РµРіРѕ РІР°С€Р° РґСѓС€Р° Р¶РµР»Р°РµС‚? ящ
Р”Рѕ РІСЃС‚СЂРµС‡Рё РЅР° Р·РµРјР»Рµ РљРёРµРІСЃРєРѕР№.
Р’ СЃР»СѓС‡Р°Рµ РІР°С€РµРіРѕ РѕС‚СЃСѓС‚СЃС‚РІРёСЏ РїРµСЂСЃРѕРЅР°Р¶ Р±СѓРґРµС‚ С…СЂР°РЅРёС‚СЊСЃСЏ РґРѕ 08:02:20 26 РЇРЅРІР°СЂСЏ 2022 РіРѕРґР° РЅР°С€РµР№ СЌСЂС‹ :).
ящ