ˇ˚Eˇ˚Vˇ˚U
Online: 104

Using keytable
  0) Koi-8
  1) Alt
  2) Windows(JMC,MMC)
  3) Windows(zMUD)
  4) Windows(zMUD 'z')
  5) UTF-8
  6) Windows(zMUD <6.39)
  9) TECT...
Select one :     
 -----------------------------------------------------------------------------                   
          Based On CircleMUD v3.0   Created by Jeremy Elson,   
          DikuMUD Gamma 0.0  by Sebastian Hammer, Michael Seifert, 
          Hans Henrik Staerfeldt, Tom Madsen, Katja Nyboe
 _____________________________________________________________________________

    #######
    ##    
    ##        ####    ####      ####  ####  ####  ####  ####  ####    ####
    #######    ######  ##     ## ##    ##  ####    ##    ##    ######  ##
    ##    ##   ##   ## ##    ##  ##    ####  ##    ########    ##   ## ##
    ##    ##   ##   ## ##    ##  ##    ###   ##    ##    ##    ##   ## ##
    #######   ####### ####  ###  ###  ####  ####  ####  ####  ####### ####

                   –ü–û –ü–†–ï–î–ê–ù–ò–Ø–ú –†–£–°–°–ö–ò–• –ù–ê–†–û–î–ù–´–• –°–ö–ê–ó–û–ö –ò –ë–´–õ–ò–ù.

             –ü–æ –∞–¥–º–∏–Ω–∏—Å—Ç—Ä–∞—Ç–∏–≤–Ω—ã–º –≤–æ–ø—Ä–æ—Å–∞–º –º–æ–∂–µ—Ç–µ —Å–≤—è–∑–∞—Ç—å—Å—è —Å –°—Ç—Ä–∏–±–æ–≥–æ–º
                	     e-mail: stribog@bylins.su

                       –ü–æ—Å–µ—Ç–∏—Ç–µ –Ω–∞—à —Å–∞–π—Ç: www.bylins.su
    –î–ª—è –±–æ–ª–µ–µ –ø–æ–¥—Ä–æ–±–Ω–æ–π –∏–≥—Ä–æ–≤–æ–π –∏–Ω—Ñ–æ—Ä–º–∞—Ü–∏–∏ –ø–æ—Å–µ—Ç–∏—Ç–µ www.bylins.su/?newbies

–í–≤–µ–¥–∏—Ç–µ –∏–º—è –ø–µ—Ä—Å–æ–Ω–∞–∂–∞ (–∏–ª–∏ "–Ω–æ–≤—ã–π" –¥–ª—è —Å–æ–∑–¥–∞–Ω–∏—è –Ω–æ–≤–æ–≥–æ): –ü–µ—Ä—Å–æ–Ω–∞–∂ —Å —Ç–∞–∫–∏–º –∏–º–µ–Ω–µ–º —É–∂–µ —Å—É—â–µ—Å—Ç–≤—É–µ—Ç. –í–≤–µ–¥–∏—Ç–µ –ø–∞—Ä–æ–ª—å : ˇ˘

–ü–æ—Å–ª–µ–¥–Ω–∏–π —Ä–∞–∑ –≤—ã –∑–∞—Ö–æ–¥–∏–ª–∏ –∫ –Ω–∞–º –≤ 03:44:13 13 –§–µ–≤—Ä–∞–ª—è 2020 –≥–æ–¥–∞ —Å –∞–¥—Ä–µ—Å–∞ (173.8.142.14).

* –í —Å–≤—è–∑–∏ —Å –ø—Ä–æ–±–ª–µ–º–∞–º–∏ –ø–µ—Ä–µ–≤–æ–¥–∞ —Ñ—Ä–∞–∑—ã ANYKEY –Ω–∞–∂–º–∏—Ç–µ ENTER *ˇ˘
  –î–æ–±—Ä–æ –ø–æ–∂–∞–ª–æ–≤–∞—Ç—å –Ω–∞ –∑–µ–º–ª—é –ö–∏–µ–≤—Å–∫—É—é, –±–æ–≥–∞—Ç—É—é –∏—Å—Ç–æ—Ä–∏–µ–π –∏ —Å–∞–º—ã–º–∏ –Ω–µ–≤–µ—Ä–æ—è—Ç–Ω—ã–º–∏
–ø—Ä–∏–∫–ª—é—á–µ–Ω–∏—è–º–∏. –í–æ–∑–º–æ–∂–Ω–æ, –≤–∞–º –æ–Ω–∏ –ø–æ–Ω—Ä–∞–≤—è—Ç—Å—è, –∏ –≤—ã —Å—Ç–∞–Ω–µ—Ç–µ –≤ –æ–¥–∏–Ω —Ä—è–¥ —Å –≥–µ—Ä–æ—è–º–∏
–¥–∞–≤–Ω–æ –º–∏–Ω—É–≤—à–∏—Ö –¥–Ω–µ–π.

[1;36m–ö–æ–º–Ω–∞—Ç—ã –æ—Ç–¥—ã—Ö–∞ [5000][0;37m
   –•–æ–∑—è–∏–Ω —É—Å—Ç—Ä–æ–∏–ª –∑–¥–µ—Å—å –∫–æ–º–Ω–∞—Ç—ã –¥–ª—è –æ—Ç–¥—ã—Ö–∞. –õ—é–±–æ–π –∂–µ–ª–∞—é—â–∏–π –º–æ–∂–µ—Ç –æ—Å—Ç–∞–Ω–æ–≤–∏—Ç—å—Å—è
–∑–¥–µ—Å—å –∏ –ø–µ—Ä–µ–¥–æ—Ö–Ω—É—Ç—å –ø–æ—Å–ª–µ –¥–∞–ª—å–Ω–µ–π –¥–æ—Ä–æ–≥–∏. –°–≤–µ—Ç–ª—ã–µ –≥–æ—Ä–Ω–∏—Ü—ã —Ç–∞–∫ –∏ –ø—Ä–∏–≥–ª–∞—à–∞—é—Ç
–ø—Ä–æ–π—Ç–∏ –≤ –Ω–∏—Ö –∏ —Ä–∞—Å—Ç—è–Ω—É—Ç—å—Å—è –Ω–∞ –ø–µ—Ä–∏–Ω–µ, –Ω–∞ –ø—É—Ö–æ–≤–æ–π –¥–∞ –∑–∞–±—ã—Ç—å—Å—è —Å–Ω–æ–º –±–æ–≥–∞—Ç—ã—Ä—Å–∫–∏–º.
–ó–¥–µ—Å—å –∂–µ –º–æ–∂–Ω–æ –ø–æ–¥–æ–∂–¥–∞—Ç—å —Å–≤–æ–∏—Ö –∫–æ–º–ø–∞–Ω—å–æ–Ω–æ–≤ –ø–µ—Ä–µ–¥ –¥–æ–ª–≥–æ–π –¥–æ—Ä–æ–≥–æ–π, –ø–æ–≥–æ–≤–æ—Ä–∏—Ç—å
–æ –¥–∞–ª—å–Ω–µ–π—à–∏—Ö –ø–ª–∞–Ω–∞—Ö.
[1;32m–°–æ–≤—Å–µ–º –º–∞–ª—ã—Ö, –¥–∞ –Ω–µ –æ–±—É—á–µ–Ω–Ω—ã—Ö —Ç–∞–∫ –∏ —Ç—è–Ω–µ—Ç [1;33m–≤–æ–π—Ç–∏ [1;32m–≤ [1;33m—à–∫–æ–ª—É[1;32m.[0;0m
[0;36m[ Exits: d ][0;37m
[1;33m–î–æ—Å–∫–∞ –¥–ª—è —Ä–∞–∑–ª–∏—á–Ω—ã—Ö –∑–∞–º–µ—Ç–æ–∫ –∏ –æ–±—ä—è–≤–ª–µ–Ω–∏–π –ø—Ä–∏–±–∏—Ç–∞ —Ç—É—Ç ..–±–ª–µ—Å—Ç–∏—Ç!
[1;31m–ü–æ–ª—è–Ω–∏–Ω –î–æ—Ä–º–∞–Ω —Å—Ç–æ–∏—Ç –∑–¥–µ—Å—å. 
–•–æ–∑—è–π–∫–∞ –ø–æ—Å—Ç–æ—è–ª–æ–≥–æ –¥–≤–æ—Ä–∞ —Ä–∞—Å–ø–æ—Ä—è–∂–∞–µ—Ç—Å—è –∑–¥–µ—Å—å.
[0;0m
–î–µ—Ä–µ–≤–Ω—è —É —Ä–µ–∫–∏ (2-–∞—è —Ä–æ–¥–æ–≤–∞—è).

[0;32m276H[0;37m [0;32m118M[0;37m 41921–æ –ó–∞—É—á:0 –í—ã—Ö:v> ˇ˘[1;36m–ö–æ–º–Ω–∞—Ç—ã –æ—Ç–¥—ã—Ö–∞ [5000][0;37m
   –•–æ–∑—è–∏–Ω —É—Å—Ç—Ä–æ–∏–ª –∑–¥–µ—Å—å –∫–æ–º–Ω–∞—Ç—ã –¥–ª—è –æ—Ç–¥—ã—Ö–∞. –õ—é–±–æ–π –∂–µ–ª–∞—é—â–∏–π –º–æ–∂–µ—Ç –æ—Å—Ç–∞–Ω–æ–≤–∏—Ç—å—Å—è
–∑–¥–µ—Å—å –∏ –ø–µ—Ä–µ–¥–æ—Ö–Ω—É—Ç—å –ø–æ—Å–ª–µ –¥–∞–ª—å–Ω–µ–π –¥–æ—Ä–æ–≥–∏. –°–≤–µ—Ç–ª—ã–µ –≥–æ—Ä–Ω–∏—Ü—ã —Ç–∞–∫ –∏ –ø—Ä–∏–≥–ª–∞—à–∞—é—Ç
–ø—Ä–æ–π—Ç–∏ –≤ –Ω–∏—Ö –∏ —Ä–∞—Å—Ç—è–Ω—É—Ç—å—Å—è –Ω–∞ –ø–µ—Ä–∏–Ω–µ, –Ω–∞ –ø—É—Ö–æ–≤–æ–π –¥–∞ –∑–∞–±—ã—Ç—å—Å—è —Å–Ω–æ–º –±–æ–≥–∞—Ç—ã—Ä—Å–∫–∏–º.
–ó–¥–µ—Å—å –∂–µ –º–æ–∂–Ω–æ –ø–æ–¥–æ–∂–¥–∞—Ç—å —Å–≤–æ–∏—Ö –∫–æ–º–ø–∞–Ω—å–æ–Ω–æ–≤ –ø–µ—Ä–µ–¥ –¥–æ–ª–≥–æ–π –¥–æ—Ä–æ–≥–æ–π, –ø–æ–≥–æ–≤–æ—Ä–∏—Ç—å
–æ –¥–∞–ª—å–Ω–µ–π—à–∏—Ö –ø–ª–∞–Ω–∞—Ö.
[1;32m–°–æ–≤—Å–µ–º –º–∞–ª—ã—Ö, –¥–∞ –Ω–µ –æ–±—É—á–µ–Ω–Ω—ã—Ö —Ç–∞–∫ –∏ —Ç—è–Ω–µ—Ç [1;33m–≤–æ–π—Ç–∏ [1;32m–≤ [1;33m—à–∫–æ–ª—É[1;32m.[0;0m
[0;36m[ Exits: d ][0;37m
[1;33m–î–æ—Å–∫–∞ –¥–ª—è —Ä–∞–∑–ª–∏—á–Ω—ã—Ö –∑–∞–º–µ—Ç–æ–∫ –∏ –æ–±—ä—è–≤–ª–µ–Ω–∏–π –ø—Ä–∏–±–∏—Ç–∞ —Ç—É—Ç ..–±–ª–µ—Å—Ç–∏—Ç!
[1;31m–ü–æ–ª—è–Ω–∏–Ω –î–æ—Ä–º–∞–Ω —Å—Ç–æ–∏—Ç –∑–¥–µ—Å—å. 
–•–æ–∑—è–π–∫–∞ –ø–æ—Å—Ç–æ—è–ª–æ–≥–æ –¥–≤–æ—Ä–∞ —Ä–∞—Å–ø–æ—Ä—è–∂–∞–µ—Ç—Å—è –∑–¥–µ—Å—å.
[0;0m
–î–µ—Ä–µ–≤–Ω—è —É —Ä–µ–∫–∏ (2-–∞—è —Ä–æ–¥–æ–≤–∞—è).

[0;32m276H[0;37m [0;32m118M[0;37m 41921–æ –ó–∞—É—á:0 –í—ã—Ö:v> ˇ˘–ù–∞ –≤–∞—Å –Ω–∞–¥–µ—Ç–æ:
<–Ω–∞ —Ç–µ–ª–µ>                   –ª–µ–≥–∫–∏–π –ª–∞—Ç–Ω—ã–π –¥–æ—Å–ø–µ—Ö  [1;37m<–≤–µ–ª–∏–∫–æ–ª–µ–ø–Ω–æ>[0;37m
<–Ω–∞ –≥–æ–ª–æ–≤–µ>                 –ª–µ–≥–∫–∏–π –ª–∞—Ç–Ω—ã–π —à–ª–µ–º  [1;32m<–æ—á–µ–Ω—å —Ö–æ—Ä–æ—à–æ>[0;37m
<–Ω–∞ –Ω–æ–≥–∞—Ö>                  –ª–µ–≥–∫–∏–µ –ª–∞—Ç–Ω—ã–µ –ø–æ–Ω–æ–∂–∏  [1;32m<–æ—á–µ–Ω—å —Ö–æ—Ä–æ—à–æ>[0;37m
<–Ω–∞ —Å—Ç—É–ø–Ω—è—Ö>                –¥—Ä–∞–Ω—ã–µ —Å–∞–ø–æ–≥–∏  [1;32m<–æ—á–µ–Ω—å —Ö–æ—Ä–æ—à–æ>[0;37m
<–Ω–∞ –ø–ª–µ—á–∞—Ö>                 —à–∫—É—Ä–∞ –º–µ–¥–≤–µ–¥—è  [1;37m<–≤–µ–ª–∏–∫–æ–ª–µ–ø–Ω–æ>[0;37m
<–≤ –ø—Ä–∞–≤–æ–π —Ä—É–∫–µ>             –±—Ä–æ–Ω–∑–æ–≤–∞—è —Å–µ–∫–∏—Ä–∞  [1;37m<–≤–µ–ª–∏–∫–æ–ª–µ–ø–Ω–æ>[0;37m
<–≤ –ª–µ–≤–æ–π —Ä—É–∫–µ>              –±—Ä–æ–Ω–∑–æ–≤—ã–π –∫–∏—Å—Ç–µ–Ω—å  [1;32m<–æ—á–µ–Ω—å —Ö–æ—Ä–æ—à–æ>[0;37m

[0;32m276H[0;37m [0;32m118M[0;37m 41921–æ –ó–∞—É—á:0 –í—ã—Ö:v> ˇ˘
[1;31m–ú–∏–Ω—É–ª —á–∞—Å.[0;37m

[0;32m276H[0;37m [0;32m118M[0;37m 41921–æ –ó–∞—É—á:0 –í—ã—Ö:v> ˇ˘–ü—É—Å—Ç–æ.

[0;32m276H[0;37m [0;32m118M[0;37m 41921–æ –ó–∞—É—á:0 –í—ã—Ö:v> ˇ˘–í—ã –ø–æ–ø–ª–µ–ª–∏—Å—å –≤–Ω–∏–∑.
[1;36m–ü–æ—Å—Ç–æ—è–ª—ã–π –¥–≤–æ—Ä [5001][0;37m
   –î–µ—Ä–µ–≤–Ω—è —Ö–æ—Ç—å –∏ –Ω–µ–±–æ–ª—å—à–∞—è, –Ω–æ –ø–æ—Å—Ç–æ—è–ª—ã–π –¥–≤–æ—Ä –∏–º–µ–µ—Ç—Å—è, –¥–ª—è –∑–∞–µ–∑–∂–∏—Ö –≥–æ—Å—Ç–µ–π,
—á—Ç–æ–±—ã –±—ã–ª–æ –≥–¥–µ –ø–µ—Ä–µ–≤–µ—Å—Ç–∏ –¥—É—Ö, –µ–¥–æ–π –∏ –ø–∏—Ç—å–µ–º –∑–∞–ø–∞—Å—Ç–∏—Å—å. –ê –µ—Å–ª–∏ –Ω–∞ –¥–≤–æ—Ä–µ —É–∂
–Ω–æ—á—å –∏–ª—å –ø—Ä–æ—Å—Ç–æ –Ω–∞–¥–æ –æ—Å—Ç–∞–Ω–æ–≤–∏—Ç—Å—è –Ω–∞ –¥–µ–Ω—å –¥—Ä—É–≥–æ–π –≤ –¥–µ—Ä–µ–≤–Ω–µ, –∞ —Ä–æ–¥—Å—Ç–≤–µ–Ω–Ω–∏–∫–æ–≤
–Ω–µ—Ç, —Ç–∞–∫ –º–æ–∂–Ω–æ –∏ –ø–µ—Ä–µ–Ω–æ—á–µ–≤–∞—Ç—å –≤ –≥–æ—Ä–Ω–∏—Ü–∞—Ö –Ω–∞–≤–µ—Ä—Ö—É.
[0;36m[ Exits: w u ][0;37m
[1;33m[1;31m–°–µ–¥–æ–≤–ª–∞—Å—ã–π —Å–∫–∞–∑–∏—Ç–µ–ª—å –≥–æ—Ç–æ–≤ –ø–æ–¥–µ–ª–∏—Ç—å—Å—è —Å –í–∞–º–∏ –∏–Ω—Ç–µ—Ä–µ—Å–Ω–æ–π –∏—Å—Ç–æ—Ä–∏–µ–π.
–¢—Ä–∞–∫—Ç–∏—Ä—â–∏–∫ –æ—Ç–¥—ã—Ö–∞–µ—Ç –∑–∞ —Å—Ç–æ–π–∫–æ–π.
[0;0m
[0;32m276H[0;37m [0;32m117M[0;37m 41921–æ –ó–∞—É—á:0 –í—ã—Ö:–ó^> ˇ˘–í—ã –ø–æ–ø–ª–µ–ª–∏—Å—å –Ω–∞ –∑–∞–ø–∞–¥.
[1;36m–ü–µ—Ä–µ–¥ –ø–æ—Å—Ç–æ—è–ª—ã–º –¥–≤–æ—Ä–æ–º [5005][0;37m
   –ß—É—Ç—å –Ω–µ —Å–ø–æ—Ç–∫–Ω—É–≤—à–∏—Å—å –æ –¥–æ—Å–∫—É, –ª–µ–∂–∞—â—É—é —Å—Ä–∞–∑—É —É –ø–æ—Ä–æ–≥–∞ –ø–æ—Å—Ç–æ—è–ª–æ–≥–æ –¥–≤–æ—Ä–∞,
–≤—ã –æ–∫–∞–∑–∞–ª–∏—Å—å –Ω–∞ —Ü–µ–Ω—Ç—Ä–∞–ª—å–Ω–æ–π —É–ª–∏—Ü–µ –¥–µ—Ä–µ–≤–Ω–∏. –ò–º–µ–Ω–Ω–æ –Ω–∞ —ç—Ç–æ–π —É–ª–∏—Ü–µ –º–æ–∂–Ω–æ 
–±—ã—Å—Ç—Ä–æ –Ω–∞–π—Ç–∏ –ª–∞–≤–∫—É —Ä–µ–º–µ—Å–ª–µ–Ω–Ω–∏–∫–∞, –¥–æ–º –∑–Ω–∞—Ö–∞—Ä—è, –∫–æ–Ω—é—à–Ω—é –∏ –¥–æ–º —Å—Ç–∞—Ä–µ–π—à–∏–Ω—ã.
–í —é–∂–Ω–æ–π —á–∞—Å—Ç–∏ –¥–µ—Ä–µ–≤–Ω–∏ –ø–æ—Å–µ–ª–∏–ª–∏—Å—å –≤–æ—Ä–æ–∂–µ–∏.
[0;36m[ Exits: n e s w ][0;37m
[1;33m[1;31m[0;0m
[0;32m276H[0;37m [0;32m117M[0;37m 41921–æ –ó–∞—É—á:0 –í—ã—Ö:–°–í–Æ–ó> ˇ˘–í—ã –ø–æ–ø–ª–µ–ª–∏—Å—å –Ω–∞ –∑–∞–ø–∞–¥.
[1;36m–Ø–º–∞ [5070][0;37m
   –Ø–º–æ–π –Ω–∞–∑—ã–≤–∞–ª–∞—Å—å –ø–æ—á—Ç–æ–≤–∞—è —Å—Ç–∞–Ω—Ü–∏—è, –Ω–∞ –∫–æ—Ç–æ—Ä–æ–π –≤–µ—á–Ω–æ –ø—å—è–Ω—ã–µ —è–º—â–∏–∫–∏ –º–µ–Ω—è–ª–∏
–ª–æ—à–∞–¥–µ–π –≤–æ –≤—Ä–µ–º—è –¥–æ—Ä–æ–≥–∏ –¥–∞–ª—å–Ω–µ–π.  –¢—É—Ç –∂–µ –º–æ–∂–Ω–æ –Ω–∞–Ω—è—Ç—å –∏ –≥–æ–Ω—Ü–∞ –ø–æ—á—Ç–∏ –≤ –ª—é–±—É—é
—Ç–æ—á–∫—É –†—É—Å–∏ –Ω–µ–æ–±—ä—è—Ç–Ω–æ–π.    
[0;36m[ Exits: e ][0;37m
[1;33m[1;31m–Ø–º—â–∏–∫ –≥–æ—Ç–æ–≤ –ø–æ–º–æ—á—å –≤–∞–º –¥–æ—Å—Ç–∞–≤–∏—Ç—å –≤–µ—Å—Ç–æ—á–∫—É —Ä–æ–¥–Ω—ã–º –∏ –±–ª–∏–∑–∫–∏–º.
[0;0m
[0;32m276H[0;37m [0;32m116M[0;37m 41921–æ –ó–∞—É—á:0 –í—ã—Ö:–í> ˇ˘–í—ã –ø–æ–ø–ª–µ–ª–∏—Å—å –Ω–∞ –≤–æ—Å—Ç–æ–∫.
[1;36m–ü–µ—Ä–µ–¥ –ø–æ—Å—Ç–æ—è–ª—ã–º –¥–≤–æ—Ä–æ–º [5005][0;37m
   –ß—É—Ç—å –Ω–µ —Å–ø–æ—Ç–∫–Ω—É–≤—à–∏—Å—å –æ –¥–æ—Å–∫—É, –ª–µ–∂–∞—â—É—é —Å—Ä–∞–∑—É —É –ø–æ—Ä–æ–≥–∞ –ø–æ—Å—Ç–æ—è–ª–æ–≥–æ –¥–≤–æ—Ä–∞,
–≤—ã –æ–∫–∞–∑–∞–ª–∏—Å—å –Ω–∞ —Ü–µ–Ω—Ç—Ä–∞–ª—å–Ω–æ–π —É–ª–∏—Ü–µ –¥–µ—Ä–µ–≤–Ω–∏. –ò–º–µ–Ω–Ω–æ –Ω–∞ —ç—Ç–æ–π —É–ª–∏—Ü–µ –º–æ–∂–Ω–æ 
–±—ã—Å—Ç—Ä–æ –Ω–∞–π—Ç–∏ –ª–∞–≤–∫—É —Ä–µ–º–µ—Å–ª–µ–Ω–Ω–∏–∫–∞, –¥–æ–º –∑–Ω–∞—Ö–∞—Ä—è, –∫–æ–Ω—é—à–Ω—é –∏ –¥–æ–º —Å—Ç–∞—Ä–µ–π—à–∏–Ω—ã.
–í —é–∂–Ω–æ–π —á–∞—Å—Ç–∏ –¥–µ—Ä–µ–≤–Ω–∏ –ø–æ—Å–µ–ª–∏–ª–∏—Å—å –≤–æ—Ä–æ–∂–µ–∏.
[0;36m[ Exits: n e s w ][0;37m
[1;33m[1;31m[0;0m
[0;32m276H[0;37m [0;32m116M[0;37m 41921–æ –ó–∞—É—á:0 –í—ã—Ö:–°–í–Æ–ó> ˇ˘–í—ã –ø–æ–ø–ª–µ–ª–∏—Å—å –Ω–∞ —Å–µ–≤–µ—Ä.
[1;36m–ö —Ü–µ–Ω—Ç—Ä—É –¥–µ—Ä–µ–≤–Ω–∏ [5006][0;37m
   –ü–æ–Ω–µ–º–Ω–æ–≥—É –æ—Å—Ç–∞—é—Ç—Å—è –ø–æ–∑–∞–¥–∏ –≥–ª–∞–≤–Ω—ã–µ –¥–æ–º–∞ –¥–µ—Ä–µ–≤–Ω–∏, –∏ –≤–æ–∫—Ä—É–≥ –æ—Ç–∫—Ä—ã–≤–∞–µ—Ç—Å—è –æ–±—ã—á–Ω—ã–π
–¥–µ—Ä–µ–≤–µ–Ω—Å–∫–∏–π –≤–∏–¥. –ö—Ä–µ–ø–∫–∏–µ –¥–æ–º–∞ —Å –º–∞–ª–µ–Ω—å–∫–∏–º–∏ –æ–∫–Ω–∞–º–∏, –Ω–æ –Ω–µ–∏–∑–º–µ–Ω–Ω—ã–º–∏ —Ç—Ä—É–±–∞–º–∏
–ø–µ—á–µ–π. –ò–∑–≥–æ—Ä–æ–¥—å, —Å—Ç–æ—è—â–∞—è –∑–∞ –¥–æ–º–∞–º–∏ –≤–¥–æ–ª—å –ª–µ—Å–∞ –∏ –∑–∞—â–∏—â–∞—é—â–∞—è –¥–µ—Ä–µ–≤–Ω—é —Å —Ç—ã–ª–∞. 
–ù–µ—Ç–æ—Ä–æ–ø–ª–∏–≤—ã–π –ª—é–¥, –∏–¥—É—â–∏–π –ø–æ —Å–≤–æ–∏–º –∏–∑–≤–µ—á–Ω—ã–º –¥–µ–ª–∞–º.
[0;36m[ Exits: n e s w ][0;37m
[1;33m–£ –≤–∞—à–∏—Ö –Ω–æ–≥ –ª–µ–∂–∏—Ç –≥–ª–∏–Ω—è–Ω–∞—è –ø–ª–æ—à–∫–∞.
[1;31m–ú–µ—Å—Ç–Ω—ã–π –∂–∏—Ç–µ–ª—å –∏–¥–µ—Ç –∑–¥–µ—Å—å.
[0;0m
[0;32m276H[0;37m [0;32m115M[0;37m 41921–æ –ó–∞—É—á:0 –í—ã—Ö:–°–í–Æ–ó> ˇ˘–í—ã –ø–æ–ø–ª–µ–ª–∏—Å—å –Ω–∞ –∑–∞–ø–∞–¥.
[1;36m–ó–∞–±—Ä–æ—à–µ–Ω–Ω—ã–π –¥–æ–º [5023][0;37m
   –° –≤–∏–¥—É —Ö–æ—Ä–æ—à–∏–π –¥–æ–º —Å—Ç–æ–∏—Ç –Ω–∞ —Ü–µ–Ω—Ç—Ä–∞–ª—å–Ω–æ–π —É–ª–∏—Ü–µ —Å—Ä–µ–¥–∏ –±–æ–ª—å—à–∏—Ö –∏ –±–æ–≥–∞—Ç—ã—Ö
–¥–æ–º–æ–≤. –ó–∞–∫–æ–ª–æ—á–µ–Ω—ã —Å—Ç–∞–≤–Ω–∏, –∑–∞–ø—É—Å—Ç–µ–Ω—å–µ –≤–æ –¥–≤–æ—Ä–µ. –ß—Ç–æ –∑–∞ –Ω–∞–ø–∞—Å—Ç—å –∑–∞—Å—Ç–∞–≤–∏–ª–∞ 
—Ö–æ–∑—è–µ–≤ –ø–æ–∫–∏–Ω—É—Ç—å —Å–≤–æ–µ –∂–∏–ª–∏—â–µ –∏ –∏—Å–∫–∞—Ç—å –Ω–æ–≤–æ–µ –º–µ—Å—Ç–æ.
[0;36m[ Exits: e W ][0;37m
[1;33m[1;31m[0;0m
[0;32m276H[0;37m [0;32m115M[0;37m 41921–æ –ó–∞—É—á:0 –í—ã—Ö:–í–ó> ˇ˘–í—ã –ø–æ–ø–ª–µ–ª–∏—Å—å –Ω–∞ –≤–æ—Å—Ç–æ–∫.
[1;36m–ö —Ü–µ–Ω—Ç—Ä—É –¥–µ—Ä–µ–≤–Ω–∏ [5006][0;37m
   –ü–æ–Ω–µ–º–Ω–æ–≥—É –æ—Å—Ç–∞—é—Ç—Å—è –ø–æ–∑–∞–¥–∏ –≥–ª–∞–≤–Ω—ã–µ –¥–æ–º–∞ –¥–µ—Ä–µ–≤–Ω–∏, –∏ –≤–æ–∫—Ä—É–≥ –æ—Ç–∫—Ä—ã–≤–∞–µ—Ç—Å—è –æ–±—ã—á–Ω—ã–π
–¥–µ—Ä–µ–≤–µ–Ω—Å–∫–∏–π –≤–∏–¥. –ö—Ä–µ–ø–∫–∏–µ –¥–æ–º–∞ —Å –º–∞–ª–µ–Ω—å–∫–∏–º–∏ –æ–∫–Ω–∞–º–∏, –Ω–æ –Ω–µ–∏–∑–º–µ–Ω–Ω—ã–º–∏ —Ç—Ä—É–±–∞–º–∏
–ø–µ—á–µ–π. –ò–∑–≥–æ—Ä–æ–¥—å, —Å—Ç–æ—è—â–∞—è –∑–∞ –¥–æ–º–∞–º–∏ –≤–¥–æ–ª—å –ª–µ—Å–∞ –∏ –∑–∞—â–∏—â–∞—é—â–∞—è –¥–µ—Ä–µ–≤–Ω—é —Å —Ç—ã–ª–∞. 
–ù–µ—Ç–æ—Ä–æ–ø–ª–∏–≤—ã–π –ª—é–¥, –∏–¥—É—â–∏–π –ø–æ —Å–≤–æ–∏–º –∏–∑–≤–µ—á–Ω—ã–º –¥–µ–ª–∞–º.
[0;36m[ Exits: n e s w ][0;37m
[1;33m–£ –≤–∞—à–∏—Ö –Ω–æ–≥ –ª–µ–∂–∏—Ç –≥–ª–∏–Ω—è–Ω–∞—è –ø–ª–æ—à–∫–∞.
[1;31m–ú–µ—Å—Ç–Ω—ã–π –∂–∏—Ç–µ–ª—å –∏–¥–µ—Ç –∑–¥–µ—Å—å.
[0;0m
[0;32m276H[0;37m [0;32m116M[0;37m 41921–æ –ó–∞—É—á:0 –í—ã—Ö:–°–í–Æ–ó> ˇ˘–í—ã –ø–æ–ø–ª–µ–ª–∏—Å—å –Ω–∞ —é–≥.
[1;36m–ü–µ—Ä–µ–¥ –ø–æ—Å—Ç–æ—è–ª—ã–º –¥–≤–æ—Ä–æ–º [5005][0;37m
   –ß—É—Ç—å –Ω–µ —Å–ø–æ—Ç–∫–Ω—É–≤—à–∏—Å—å –æ –¥–æ—Å–∫—É, –ª–µ–∂–∞—â—É—é —Å—Ä–∞–∑—É —É –ø–æ—Ä–æ–≥–∞ –ø–æ—Å—Ç–æ—è–ª–æ–≥–æ –¥–≤–æ—Ä–∞,
–≤—ã –æ–∫–∞–∑–∞–ª–∏—Å—å –Ω–∞ —Ü–µ–Ω—Ç—Ä–∞–ª—å–Ω–æ–π —É–ª–∏—Ü–µ –¥–µ—Ä–µ–≤–Ω–∏. –ò–º–µ–Ω–Ω–æ –Ω–∞ —ç—Ç–æ–π —É–ª–∏—Ü–µ –º–æ–∂–Ω–æ 
–±—ã—Å—Ç—Ä–æ –Ω–∞–π—Ç–∏ –ª–∞–≤–∫—É —Ä–µ–º–µ—Å–ª–µ–Ω–Ω–∏–∫–∞, –¥–æ–º –∑–Ω–∞—Ö–∞—Ä—è, –∫–æ–Ω—é—à–Ω—é –∏ –¥–æ–º —Å—Ç–∞—Ä–µ–π—à–∏–Ω—ã.
–í —é–∂–Ω–æ–π —á–∞—Å—Ç–∏ –¥–µ—Ä–µ–≤–Ω–∏ –ø–æ—Å–µ–ª–∏–ª–∏—Å—å –≤–æ—Ä–æ–∂–µ–∏.
[0;36m[ Exits: n e s w ][0;37m
[1;33m[1;31m[0;0m
[0;32m276H[0;37m [0;32m115M[0;37m 41921–æ –ó–∞—É—á:0 –í—ã—Ö:–°–í–Æ–ó> ˇ˘–í—ã –ø–æ–ø–ª–µ–ª–∏—Å—å –Ω–∞ —é–≥.
[1;36m–¶–µ–Ω—Ç—Ä –¥–µ—Ä–µ–≤–Ω–∏ [5004][0;37m
   –¶–µ–Ω—Ç—Ä–∞–ª—å–Ω–∞—è —á–∞—Å—Ç—å –¥–µ—Ä–µ–≤–Ω–∏ –∑–∞–ø–æ–ª–Ω–µ–Ω–∞ –Ω—É–∂–Ω—ã–º–∏ –≤—Å–µ–º –º–∞—Å—Ç–µ—Ä—Å–∫–∏–º–∏ –∏ –ª–∞–≤–∫–∞–º–∏.
–£–¥–∞—á–Ω–æ–µ –º–µ—Å—Ç–æ –¥–µ—Ä–µ–≤–Ω–∏ –≤ –Ω–µ–∑–∞–ø–∞–º—è—Ç–Ω—ã–µ –≤—Ä–µ–º–µ–Ω–∞ –ø—Ä–∏–≤–ª–µ–∫–ª–æ —Å—é–¥–∞ —Ç–æ—Ä–≥–æ–≤—Ü–µ–≤ –∏
–º–∞—Å—Ç–µ—Ä–æ–≤—ã—Ö, –∏ —Å —Ç–µ—Ö –ø–æ—Ä –ø–æ–≤–µ–ª–æ—Å—å, —á—Ç–æ –≤ —ç—Ç–æ–π —á–∞—Å—Ç–∏ –¥–µ—Ä–µ–≤–Ω–∏ —Å—Ç–æ—è—Ç –±–æ–ª—å—à–∏–µ –∏
–±–æ–≥–∞—Ç—ã–µ –¥–æ–º–∞. –°–æ –≤—Å–µ–π –æ–∫—Ä—É–≥–∏ –∏ –¥–∞–∂–µ –∏–∑ –¥–∞–ª–µ–∫–æ–π –≥–ª—É—à–∏ –ø—Ä–∏—Ö–æ–¥—è—Ç –ª—é–¥–∏ —Å—é–¥–∞
–∑–∞ —Ç–æ–≤–∞—Ä–æ–º –∫—É–ø–∏—Ç—å —á—Ç–æ, –ø—Ä–æ–¥–∞—Ç—å —á—Ç–æ, –∑–∞–∫–∞–∑–∞—Ç—å —á—Ç–æ.
[0;36m[ Exits: n s w ][0;37m
[1;33m[1;31m–ë–∞–∑–∞—Ä–Ω—ã–π –∑–∞–∑—ã–≤–∞–ª–∞ —Å—Ç–æ–∏—Ç –∑–¥–µ—Å—å, –∑—ã—á–Ω—ã–º –≥–æ–ª–æ—Å–æ–º —Ä–∞—Å—Ö–≤–∞–ª–∏–≤–∞—è –≤—ã—Å—Ç–∞–≤–ª–µ–Ω–Ω—ã–π —Ç–æ–≤–∞—Ä.
[0;0m
[0;32m276H[0;37m [0;32m115M[0;37m 41921–æ –ó–∞—É—á:0 –í—ã—Ö:–°–Æ–ó> ˇ˘–í—ã –ø–æ–ø–ª–µ–ª–∏—Å—å –Ω–∞ –∑–∞–ø–∞–¥.
[1;36m–£ –∫–æ–ª–æ–¥—Ü–∞ [5011][0;37m
   –•–æ—Ä–æ—à–∞ –≤–æ–¥–∏—Ü–∞, —Å–∫–æ–ª—å–∫–æ –Ω–µ –≤—ã–ø—å–µ—à—å –≤—Å–µ —Ä–∞–≤–Ω–æ –º–∞–ª–æ. –°—Ç–∞—Ä—ã–π –∫–æ–ª–æ–¥–µ—Ü –≥–æ–≤–æ—Ä—è—Ç
–∫–æ–ø–∞–ª –µ—â–µ –ø–µ—Ä–≤—ã–π –æ—Å–Ω–æ–≤–∞—Ç–µ–ª—å –¥–µ—Ä–µ–≤–Ω–∏. –û–Ω –ª–∏—á–Ω–æ –Ω–∞—à–µ–ª –º–µ—Å—Ç–æ, –≤—ã–∫–æ–ø–∞–ª –∏ —Å–æ–æ—Ä—É–¥–∏–ª
–∫–æ–ª–æ–¥–µ—Ü. –° —Ç–µ—Ö –ø–æ—Ä –Ω–µ –∏—Å—Å—è–∫–∞–µ—Ç –≤–æ–¥–∞ –≤ –∫–æ–ª–æ–¥—Ü–µ, –∞ –ø–æ–ø—Ä–æ–±–æ–≤–∞—Ç—å –µ–µ –ø—Ä–∏–µ–∑–∂–∞—é—Ç –∏–∑
–¥–∞–ª–µ–∫–∏—Ö –º–µ—Å—Ç.
[0;36m[ Exits: e ][0;37m
[1;33m–ö–æ–ª–æ–¥–µ—Ü –≤—ã–∫–æ–ø–∞–Ω –∑–¥–µ—Å—å.
[1;31m[0;0m
[0;32m276H[0;37m [0;32m114M[0;37m 41921–æ –ó–∞—É—á:0 –í—ã—Ö:–í> ˇ˘–í—ã –Ω–∞–ø–æ–ª–Ω–∏–ª–∏ –º–∞–ª—ã–π –º–µ—Ö –∏–∑ –∫–æ–ª–æ–¥—Ü–∞.

[0;32m276H[0;37m [0;32m118M[0;37m 41921–æ –ó–∞—É—á:0 –í—ã—Ö:–í> ˇ˘–í—ã –≤—ã–ø–∏–ª–∏ –≤–æ–¥—ã –∏–∑ –º–∞–ª–æ–≥–æ –º–µ—Ö–∞ —Å –≤–æ–¥–æ–π.
–í—ã –Ω–µ —á—É–≤—Å—Ç–≤—É–µ—Ç–µ –∂–∞–∂–¥—ã.

[0;32m276H[0;37m [0;32m118M[0;37m 41921–æ –ó–∞—É—á:0 –í—ã—Ö:–í> ˇ˘–í –≤–∞—Å –±–æ–ª—å—à–µ –Ω–µ –ª–µ–∑–µ—Ç.

[0;32m276H[0;37m [0;32m118M[0;37m 41921–æ –ó–∞—É—á:0 –í—ã—Ö:–í> ˇ˘
–£–º–µ—Ä–µ–Ω–Ω—ã–π –≤–µ—Ç–µ—Ä.

[0;32m276H[0;37m [0;32m118M[0;37m 41921–æ –ó–∞—É—á:0 –í—ã—Ö:–í> ˇ˘
[1;31m–ú–∏–Ω—É–ª —á–∞—Å.[0;37m

[0;32m276H[0;37m [0;32m118M[0;37m 41921–æ –ó–∞—É—á:0 –í—ã—Ö:–í> ˇ˘–í—ã –Ω–µ —Å–º–æ–≥–ª–∏ —ç—Ç–æ –Ω–∞–π—Ç–∏!

[0;32m276H[0;37m [0;32m118M[0;37m 41921–æ –ó–∞—É—á:0 –í—ã—Ö:–í> ˇ˘–£ –≤–∞—Å –Ω–µ—Ç '–ª—É–∂–∞'.

[0;32m276H[0;37m [0;32m118M[0;37m 41921–æ –ó–∞—É—á:0 –í—ã—Ö:–í> ˇ˘–í—ã –Ω–µ –≤–∏–¥–∏—Ç–µ –∑–¥–µ—Å—å '–ª—É—ç–∞'.

[0;32m276H[0;37m [0;32m118M[0;37m 41921–æ –ó–∞—É—á:0 –í—ã—Ö:–í> ˇ˘
–°–ª–∞–±—ã–π –≤–µ—Ç–µ—Ä.
–ù–∞–ª–µ—Ç–µ–≤—à–∏–π –≤–µ—Ç–µ—Ä —Ä–∞–∑–æ–≥–Ω–∞–ª —Ç—É—á–∏.

[0;32m276H[0;37m [0;32m118M[0;37m 41921–æ –ó–∞—É—á:0 –í—ã—Ö:–í> ˇ˘
[1;31m–ú–∏–Ω—É–ª —á–∞—Å.[0;37m

[0;32m276H[0;37m [0;32m118M[0;37m 41921–æ –ó–∞—É—á:0 –í—ã—Ö:–í> ˇ˘[1;30m–í—ã —Å–¥–µ–ª–∞–ª–∏ –Ω–µ—Å–∫–æ–ª—å–∫–æ —Ü–∞—Ä–∞–ø–∞—é—â–∏—Ö –¥–≤–∏–∂–µ–Ω–∏–π –∏ –∑–∞–¥—É–º–∞–ª–∏—Å—å.[0;0m

[0;32m276H[0;37m [0;32m118M[0;37m 41921–æ –ó–∞—É—á:0 –í—ã—Ö:–í> ˇ˘–í—ã –Ω–µ—Å–µ—Ç–µ:
–º–∞–ª—ã–π –º–µ—Ö —Å –≤–æ–¥–æ–π  [1;37m<–≤–µ–ª–∏–∫–æ–ª–µ–ø–Ω–æ>[0;37m
–ª–æ–º–æ—Ç—å —Ö–ª–µ–±–∞ [4]
—Ö–æ–ª—â–æ–≤—ã–π –º–µ—à–æ–∫  [1;37m<–≤–µ–ª–∏–∫–æ–ª–µ–ø–Ω–æ>[0;37m (–ø—É—Å—Ç)
—Ä—ã–±—å—è –∫–æ—Å—Ç—å [2]
–∫—É—Ö–æ–Ω–Ω—ã–π –Ω–æ–∂  [1;32m<–æ—á–µ–Ω—å —Ö–æ—Ä–æ—à–æ>[0;37m
–¥—É–±–æ–≤—ã–π —â–∏—Ç  [1;37m<–≤–µ–ª–∏–∫–æ–ª–µ–ø–Ω–æ>[0;37m

[0;32m276H[0;37m [0;32m118M[0;37m 41921–æ –ó–∞—É—á:0 –í—ã—Ö:–í> ˇ˘–ß–∞–≤–æ?

[0;32m276H[0;37m [0;32m118M[0;37m 41921–æ –ó–∞—É—á:0 –í—ã—Ö:–í> ˇ˘–£ –≤–∞—Å –Ω–µ—Ç '–¥—É—ç–ø'.

[0;32m276H[0;37m [0;32m118M[0;37m 41921–æ –ó–∞—É—á:0 –í—ã—Ö:–í> ˇ˘–£ –≤–∞—Å —ç—Ç–æ–≥–æ –Ω–µ—Ç!

[0;32m276H[0;37m [0;32m118M[0;37m 41921–æ –ó–∞—É—á:0 –í—ã—Ö:–í> ˇ˘–í—ã –Ω–µ –≤–∏–¥–∏—Ç–µ –∑–¥–µ—Å—å '–ª—É–∂–∞'.

[0;32m276H[0;37m [0;32m118M[0;37m 41921–æ –ó–∞—É—á:0 –í—ã—Ö:–í> ˇ˘
–°–æ–ª–Ω—Ü–µ –º–µ–¥–ª–µ–Ω–Ω–æ –∏—Å—á–µ–∑–ª–æ –∑–∞ –≥–æ—Ä–∏–∑–æ–Ω—Ç–æ–º.
–£–º–µ—Ä–µ–Ω–Ω—ã–π –≤–µ—Ç–µ—Ä.

[0;32m276H[0;37m [0;32m118M[0;37m 41921–æ –ó–∞—É—á:0 –í—ã—Ö:–í> ˇ˘
[1;31m–ú–∏–Ω—É–ª —á–∞—Å.[0;37m

[0;32m276H[0;37m [0;32m118M[0;37m 41921–æ –ó–∞—É—á:0 –í—ã—Ö:–í> ˇ˘
–ù–∞—á–∞–ª–∞—Å—å –Ω–æ—á—å.
–£–º–µ—Ä–µ–Ω–Ω—ã–π –≤–µ—Ç–µ—Ä.

[0;32m276H[0;37m [0;32m118M[0;37m 41921–æ –ó–∞—É—á:0 –í—ã—Ö:–í> ˇ˘
[1;31m–ú–∏–Ω—É–ª —á–∞—Å.[0;37m

[0;32m276H[0;37m [0;32m118M[0;37m 41921–æ –ó–∞—É—á:0 –í—ã—Ö:–í> ˇ˘
–ú–µ—Å—Ç–Ω—ã–π –∂–∏—Ç–µ–ª—å –ø—Ä–∏—à–µ–ª —Å –≤–æ—Å—Ç–æ–∫–∞.

[0;32m276H[0;37m [0;32m118M[0;37m 41921–æ –ó–∞—É—á:0 –í—ã—Ö:–í> ˇ˘
–°–∏–ª—å–Ω—ã–π –≤–µ—Ç–µ—Ä.
–ü–æ–≤–∞–ª–∏–ª —Å–Ω–µ–≥.

[0;32m276H[0;37m [0;32m118M[0;37m 41921–æ –ó–∞—É—á:0 –í—ã—Ö:–í> ˇ˘
[1;31m–ú–∏–Ω—É–ª —á–∞—Å.[0;37m

[0;32m276H[0;37m [0;32m118M[0;37m 41921–æ –ó–∞—É—á:0 –í—ã—Ö:–í> ˇ˘–≠—Ç–∞ –∫–æ–º–∞–Ω–¥–∞ –Ω–µ–¥–æ—Å—Ç—É–ø–Ω–∞ –≤ —ç—Ç–æ–º –º–µ—Å—Ç–µ!

[0;32m276H[0;37m [0;32m118M[0;37m 41921–æ –ó–∞—É—á:0 –í—ã—Ö:–í> ˇ˘–í—ã –ø–æ–ø–ª–µ–ª–∏—Å—å –Ω–∞ –≤–æ—Å—Ç–æ–∫.
[1;36m–¶–µ–Ω—Ç—Ä –¥–µ—Ä–µ–≤–Ω–∏ [5004][0;37m
   –¶–µ–Ω—Ç—Ä–∞–ª—å–Ω–∞—è —á–∞—Å—Ç—å –¥–µ—Ä–µ–≤–Ω–∏ –∑–∞–ø–æ–ª–Ω–µ–Ω–∞ –Ω—É–∂–Ω—ã–º–∏ –≤—Å–µ–º –º–∞—Å—Ç–µ—Ä—Å–∫–∏–º–∏ –∏ –ª–∞–≤–∫–∞–º–∏.
–£–¥–∞—á–Ω–æ–µ –º–µ—Å—Ç–æ –¥–µ—Ä–µ–≤–Ω–∏ –≤ –Ω–µ–∑–∞–ø–∞–º—è—Ç–Ω—ã–µ –≤—Ä–µ–º–µ–Ω–∞ –ø—Ä–∏–≤–ª–µ–∫–ª–æ —Å—é–¥–∞ —Ç–æ—Ä–≥–æ–≤—Ü–µ–≤ –∏
–º–∞—Å—Ç–µ—Ä–æ–≤—ã—Ö, –∏ —Å —Ç–µ—Ö –ø–æ—Ä –ø–æ–≤–µ–ª–æ—Å—å, —á—Ç–æ –≤ —ç—Ç–æ–π —á–∞—Å—Ç–∏ –¥–µ—Ä–µ–≤–Ω–∏ —Å—Ç–æ—è—Ç –±–æ–ª—å—à–∏–µ –∏
–±–æ–≥–∞—Ç—ã–µ –¥–æ–º–∞. –°–æ –≤—Å–µ–π –æ–∫—Ä—É–≥–∏ –∏ –¥–∞–∂–µ –∏–∑ –¥–∞–ª–µ–∫–æ–π –≥–ª—É—à–∏ –ø—Ä–∏—Ö–æ–¥—è—Ç –ª—é–¥–∏ —Å—é–¥–∞
–∑–∞ —Ç–æ–≤–∞—Ä–æ–º –∫—É–ø–∏—Ç—å —á—Ç–æ, –ø—Ä–æ–¥–∞—Ç—å —á—Ç–æ, –∑–∞–∫–∞–∑–∞—Ç—å —á—Ç–æ.
[0;36m[ Exits: n s w ][0;37m
[1;33m[1;31m–ë–∞–∑–∞—Ä–Ω—ã–π –∑–∞–∑—ã–≤–∞–ª–∞ —Å—Ç–æ–∏—Ç –∑–¥–µ—Å—å, –∑—ã—á–Ω—ã–º –≥–æ–ª–æ—Å–æ–º —Ä–∞—Å—Ö–≤–∞–ª–∏–≤–∞—è –≤—ã—Å—Ç–∞–≤–ª–µ–Ω–Ω—ã–π —Ç–æ–≤–∞—Ä.
[0;0m
[0;32m276H[0;37m [0;32m117M[0;37m 41921–æ –ó–∞—É—á:0 –í—ã—Ö:–°–Æ–ó> ˇ˘–í—ã –ø–æ–ø–ª–µ–ª–∏—Å—å –Ω–∞ —Å–µ–≤–µ—Ä.
[1;36m–ü–µ—Ä–µ–¥ –ø–æ—Å—Ç–æ—è–ª—ã–º –¥–≤–æ—Ä–æ–º [5005][0;37m
   –ß—É—Ç—å –Ω–µ —Å–ø–æ—Ç–∫–Ω—É–≤—à–∏—Å—å –æ –¥–æ—Å–∫—É, –ª–µ–∂–∞—â—É—é —Å—Ä–∞–∑—É —É –ø–æ—Ä–æ–≥–∞ –ø–æ—Å—Ç–æ—è–ª–æ–≥–æ –¥–≤–æ—Ä–∞,
–≤—ã –æ–∫–∞–∑–∞–ª–∏—Å—å –Ω–∞ —Ü–µ–Ω—Ç—Ä–∞–ª—å–Ω–æ–π —É–ª–∏—Ü–µ –¥–µ—Ä–µ–≤–Ω–∏. –ò–º–µ–Ω–Ω–æ –Ω–∞ —ç—Ç–æ–π —É–ª–∏—Ü–µ –º–æ–∂–Ω–æ 
–±—ã—Å—Ç—Ä–æ –Ω–∞–π—Ç–∏ –ª–∞–≤–∫—É —Ä–µ–º–µ—Å–ª–µ–Ω–Ω–∏–∫–∞, –¥–æ–º –∑–Ω–∞—Ö–∞—Ä—è, –∫–æ–Ω—é—à–Ω—é –∏ –¥–æ–º —Å—Ç–∞—Ä–µ–π—à–∏–Ω—ã.
–í —é–∂–Ω–æ–π —á–∞—Å—Ç–∏ –¥–µ—Ä–µ–≤–Ω–∏ –ø–æ—Å–µ–ª–∏–ª–∏—Å—å –≤–æ—Ä–æ–∂–µ–∏.
[0;36m[ Exits: n e s w ][0;37m
[1;33m[1;31m[0;0m
[0;32m276H[0;37m [0;32m117M[0;37m 41921–æ –ó–∞—É—á:0 –í—ã—Ö:–°–í–Æ–ó> ˇ˘–í—ã –ø–æ–ø–ª–µ–ª–∏—Å—å –Ω–∞ –≤–æ—Å—Ç–æ–∫.
[1;36m–ü–æ—Å—Ç–æ—è–ª—ã–π –¥–≤–æ—Ä [5001][0;37m
   –î–µ—Ä–µ–≤–Ω—è —Ö–æ—Ç—å –∏ –Ω–µ–±–æ–ª—å—à–∞—è, –Ω–æ –ø–æ—Å—Ç–æ—è–ª—ã–π –¥–≤–æ—Ä –∏–º–µ–µ—Ç—Å—è, –¥–ª—è –∑–∞–µ–∑–∂–∏—Ö –≥–æ—Å—Ç–µ–π,
—á—Ç–æ–±—ã –±—ã–ª–æ –≥–¥–µ –ø–µ—Ä–µ–≤–µ—Å—Ç–∏ –¥—É—Ö, –µ–¥–æ–π –∏ –ø–∏—Ç—å–µ–º –∑–∞–ø–∞—Å—Ç–∏—Å—å. –ê –µ—Å–ª–∏ –Ω–∞ –¥–≤–æ—Ä–µ —É–∂
–Ω–æ—á—å –∏–ª—å –ø—Ä–æ—Å—Ç–æ –Ω–∞–¥–æ –æ—Å—Ç–∞–Ω–æ–≤–∏—Ç—Å—è –Ω–∞ –¥–µ–Ω—å –¥—Ä—É–≥–æ–π –≤ –¥–µ—Ä–µ–≤–Ω–µ, –∞ —Ä–æ–¥—Å—Ç–≤–µ–Ω–Ω–∏–∫–æ–≤
–Ω–µ—Ç, —Ç–∞–∫ –º–æ–∂–Ω–æ –∏ –ø–µ—Ä–µ–Ω–æ—á–µ–≤–∞—Ç—å –≤ –≥–æ—Ä–Ω–∏—Ü–∞—Ö –Ω–∞–≤–µ—Ä—Ö—É.
[0;36m[ Exits: w u ][0;37m
[1;33m[1;31m–°–µ–¥–æ–≤–ª–∞—Å—ã–π —Å–∫–∞–∑–∏—Ç–µ–ª—å –≥–æ—Ç–æ–≤ –ø–æ–¥–µ–ª–∏—Ç—å—Å—è —Å –í–∞–º–∏ –∏–Ω—Ç–µ—Ä–µ—Å–Ω–æ–π –∏—Å—Ç–æ—Ä–∏–µ–π.
–¢—Ä–∞–∫—Ç–∏—Ä—â–∏–∫ –æ—Ç–¥—ã—Ö–∞–µ—Ç –∑–∞ —Å—Ç–æ–π–∫–æ–π.
[0;0m
[0;32m276H[0;37m [0;32m117M[0;37m 41921–æ –ó–∞—É—á:0 –í—ã—Ö:–ó^> ˇ˘–í—ã –ø–æ–ø–ª–µ–ª–∏—Å—å –≤–≤–µ—Ä—Ö.
[1;36m–ö–æ–º–Ω–∞—Ç—ã –æ—Ç–¥—ã—Ö–∞ [5000][0;37m
   –•–æ–∑—è–∏–Ω —É—Å—Ç—Ä–æ–∏–ª –∑–¥–µ—Å—å –∫–æ–º–Ω–∞—Ç—ã –¥–ª—è –æ—Ç–¥—ã—Ö–∞. –õ—é–±–æ–π –∂–µ–ª–∞—é—â–∏–π –º–æ–∂–µ—Ç –æ—Å—Ç–∞–Ω–æ–≤–∏—Ç—å—Å—è
–∑–¥–µ—Å—å –∏ –ø–µ—Ä–µ–¥–æ—Ö–Ω—É—Ç—å –ø–æ—Å–ª–µ –¥–∞–ª—å–Ω–µ–π –¥–æ—Ä–æ–≥–∏. –°–≤–µ—Ç–ª—ã–µ –≥–æ—Ä–Ω–∏—Ü—ã —Ç–∞–∫ –∏ –ø—Ä–∏–≥–ª–∞—à–∞—é—Ç
–ø—Ä–æ–π—Ç–∏ –≤ –Ω–∏—Ö –∏ —Ä–∞—Å—Ç—è–Ω—É—Ç—å—Å—è –Ω–∞ –ø–µ—Ä–∏–Ω–µ, –Ω–∞ –ø—É—Ö–æ–≤–æ–π –¥–∞ –∑–∞–±—ã—Ç—å—Å—è —Å–Ω–æ–º –±–æ–≥–∞—Ç—ã—Ä—Å–∫–∏–º.
–ó–¥–µ—Å—å –∂–µ –º–æ–∂–Ω–æ –ø–æ–¥–æ–∂–¥–∞—Ç—å —Å–≤–æ–∏—Ö –∫–æ–º–ø–∞–Ω—å–æ–Ω–æ–≤ –ø–µ—Ä–µ–¥ –¥–æ–ª–≥–æ–π –¥–æ—Ä–æ–≥–æ–π, –ø–æ–≥–æ–≤–æ—Ä–∏—Ç—å
–æ –¥–∞–ª—å–Ω–µ–π—à–∏—Ö –ø–ª–∞–Ω–∞—Ö.
[1;32m–°–æ–≤—Å–µ–º –º–∞–ª—ã—Ö, –¥–∞ –Ω–µ –æ–±—É—á–µ–Ω–Ω—ã—Ö —Ç–∞–∫ –∏ —Ç—è–Ω–µ—Ç [1;33m–≤–æ–π—Ç–∏ [1;32m–≤ [1;33m—à–∫–æ–ª—É[1;32m.[0;0m
[0;36m[ Exits: d ][0;37m
[1;33m–î–æ—Å–∫–∞ –¥–ª—è —Ä–∞–∑–ª–∏—á–Ω—ã—Ö –∑–∞–º–µ—Ç–æ–∫ –∏ –æ–±—ä—è–≤–ª–µ–Ω–∏–π –ø—Ä–∏–±–∏—Ç–∞ —Ç—É—Ç ..–±–ª–µ—Å—Ç–∏—Ç!
[1;31m–ü–æ–ª—è–Ω–∏–Ω –î–æ—Ä–º–∞–Ω —Å—Ç–æ–∏—Ç –∑–¥–µ—Å—å. 
–•–æ–∑—è–π–∫–∞ –ø–æ—Å—Ç–æ—è–ª–æ–≥–æ –¥–≤–æ—Ä–∞ —Ä–∞—Å–ø–æ—Ä—è–∂–∞–µ—Ç—Å—è –∑–¥–µ—Å—å.
[0;0m
[0;32m276H[0;37m [0;32m116M[0;37m 41921–æ –ó–∞—É—á:0 –í—ã—Ö:v> ˇ˘–•–æ–∑—è–π–∫–∞ —Å–∫–∞–∑–∞–ª–∞ –≤–∞–º : "–û–¥–µ—Ç—ã–π —Å–ø–∞—Ç—å –±—É–¥–µ—à—å? –•–º.. –ù—É —Å–º–æ—Ç—Ä–∏, —Ç–æ–≥–¥–∞ –¥–µ—à–µ–≤–ª–µ –≤–æ–∑—å–º—É"
[1;37m - 0 –∫—É–Ω (0 –µ—Å–ª–∏ —Å–Ω—è—Ç—å) –∑–∞ –ª–µ–≥–∫–∏–π –ª–∞—Ç–Ω—ã–π –¥–æ—Å–ø–µ—Ö [0;37m
[1;37m - 0 –∫—É–Ω (0 –µ—Å–ª–∏ —Å–Ω—è—Ç—å) –∑–∞ –ª–µ–≥–∫–∏–π –ª–∞—Ç–Ω—ã–π —à–ª–µ–º [0;37m
[1;37m - 0 –∫—É–Ω (0 –µ—Å–ª–∏ —Å–Ω—è—Ç—å) –∑–∞ –ª–µ–≥–∫–∏–µ –ª–∞—Ç–Ω—ã–µ –ø–æ–Ω–æ–∂–∏ [0;37m
[1;37m - 10 –∫—É–Ω (100 –µ—Å–ª–∏ —Å–Ω—è—Ç—å) –∑–∞ –¥—Ä–∞–Ω—ã–µ —Å–∞–ø–æ–≥–∏ [0;37m
[1;37m - 24 –∫—É–Ω—ã (240 –µ—Å–ª–∏ —Å–Ω—è—Ç—å) –∑–∞ —à–∫—É—Ä—É –º–µ–¥–≤–µ–¥—è [0;37m
[1;37m - 1 –∫—É–Ω–∞ (10 –µ—Å–ª–∏ —Å–Ω—è—Ç—å) –∑–∞ –±—Ä–æ–Ω–∑–æ–≤—É—é —Å–µ–∫–∏—Ä—É [0;37m
[1;37m - 1 –∫—É–Ω–∞ (13 –µ—Å–ª–∏ —Å–Ω—è—Ç—å) –∑–∞ –±—Ä–æ–Ω–∑–æ–≤—ã–π –∫–∏—Å—Ç–µ–Ω—å [0;37m
–•–æ–∑—è–π–∫–∞ —Å–∫–∞–∑–∞–ª–∞ –≤–∞–º : "–≠—Ç–æ —è –≤ —á—É–ª–∞–Ω–µ –∑–∞–ø—Ä—É:"
 - 2 –∫—É–Ω—ã –∑–∞ –º–∞–ª—ã–π –º–µ—Ö —Å –≤–æ–¥–æ–π 
 - 0 –∫—É–Ω –∑–∞ –ª–æ–º–æ—Ç—å —Ö–ª–µ–±–∞ [4] 
 - 5 –∫—É–Ω (5 –µ—Å–ª–∏ –Ω–∞–¥–µ—Ç—å) –∑–∞ —Ö–æ–ª—â–æ–≤—ã–π –º–µ—à–æ–∫ 
 - 60 –∫—É–Ω (6 –µ—Å–ª–∏ –Ω–∞–¥–µ—Ç—å) –∑–∞ —Ä—ã–±—å—é –∫–æ—Å—Ç—å [2] 
 - 100 –∫—É–Ω (5 –µ—Å–ª–∏ –Ω–∞–¥–µ—Ç—å) –∑–∞ –∫—É—Ö–æ–Ω–Ω—ã–π –Ω–æ–∂ 
 - 100 –∫—É–Ω (10 –µ—Å–ª–∏ –Ω–∞–¥–µ—Ç—å) –∑–∞ –¥—É–±–æ–≤—ã–π —â–∏—Ç 
–•–æ–∑—è–π–∫–∞ —Å–∫–∞–∑–∞–ª–∞ –≤–∞–º : "–í —Å—É–º–º–µ —ç—Ç–æ —Å–æ—Å—Ç–∞–≤–∏—Ç 303 –∫—É–Ω—ã –≤ –¥–µ–Ω—å ."
–•–æ–∑—è–π–∫–∞ —Å–∫–∞–∑–∞–ª–∞ –≤–∞–º : "–¢–∞–∫ —É–∂ –∏ –±—ã—Ç—å, —è —Å–∫–æ—â—É —Ç–µ–±–µ –ø–æ–ª–æ–≤–∏–Ω—É."
–•–æ–∑—è–π–∫–∞ —Å–∫–∞–∑–∞–ª–∞ –≤–∞–º :

"–ü–æ—Å—Ç–æ–π –æ–±–æ–π–¥–µ—Ç—Å—è —Ç–µ–±–µ –≤ 151 –∫—É–Ω—É."
"–¢–≤–æ–∏—Ö –¥–µ–Ω–µ–≥ —Ö–≤–∞—Ç–∏—Ç –Ω–∞ 8 –¥–Ω–µ–π."
–•–æ–∑—è–π–∫–∞ –∑–∞–ø–µ—Ä–ª–∞ –≤–∞—à–∏ –≤–µ—â–∏ –≤ —Å—É–Ω–¥—É–∫ –∏ –ø–æ–≤–µ–ª–∞ –≤ —Ç–µ—Å–Ω—É—é –∫–∞–º–æ—Ä–∫—É.

0) –û—Ç—Å–æ–µ–¥–∏–Ω–∏—Ç—å—Å—è.
1) –ù–∞—á–∞—Ç—å –∏–≥—Ä—É.
2) –í–≤–µ—Å—Ç–∏ –æ–ø–∏—Å–∞–Ω–∏–µ –≤–∞—à–µ–≥–æ –ø–µ—Ä—Å–æ–Ω–∞–∂–∞.
3) –£–∑–Ω–∞—Ç—å –∏—Å—Ç–æ—Ä–∏—é.
4) –ò–∑–º–µ–Ω–∏—Ç—å –ø–∞—Ä–æ–ª—å.
5) –£–¥–∞–ª–∏—Ç—å –ø–µ—Ä—Å–æ–Ω–∞–∂–∞.
6) –ò–∑–º–µ–Ω–∏—Ç—å –ø–∞—Ä–∞–º–µ—Ç—Ä—ã –ø–µ—Ä—Å–æ–Ω–∞–∂–∞.
7) –í–∫–ª—é—á–∏—Ç—å/–≤—ã–∫–ª—é—á–∏—Ç—å —Ä–µ–∂–∏–º —Å–ª–µ–ø–æ–≥–æ –∏–≥—Ä–æ–∫–∞.
8) –ü–æ—Å–º–æ—Ç—Ä–µ—Ç—å –≤—Å–µ—Ö –ø–µ—Ä—Å–æ–Ω–∞–∂–µ–π –Ω–∞ –¥–∞–Ω–Ω–æ–º email'e.

   –ß–µ–≥–æ –≤–∞—à–∞ –¥—É—à–∞ –∂–µ–ª–∞–µ—Ç? ˇ˘
–î–æ –≤—Å—Ç—Ä–µ—á–∏ –Ω–∞ –∑–µ–º–ª–µ –ö–∏–µ–≤—Å–∫–æ–π.
–í —Å–ª—É—á–∞–µ –≤–∞—à–µ–≥–æ –æ—Ç—Å—É—Ç—Å—Ç–≤–∏—è –ø–µ—Ä—Å–æ–Ω–∞–∂ –±—É–¥–µ—Ç —Ö—Ä–∞–Ω–∏—Ç—å—Å—è –¥–æ 04:00:39 23 –ê–ø—Ä–µ–ª—è 2020 –≥–æ–¥–∞ –Ω–∞—à–µ–π —ç—Ä—ã :).
ˇ˘