ˇ˚Eˇ˚Vˇ˚U
Online: 134

Using keytable
  0) Koi-8
  1) Alt
  2) Windows(JMC,MMC)
  3) Windows(zMUD)
  4) Windows(zMUD 'z')
  5) UTF-8
  6) Windows(zMUD <6.39)
  9) TECT...
Select one :     
 -----------------------------------------------------------------------------                   
          Based On CircleMUD v3.0   Created by Jeremy Elson,   
          DikuMUD Gamma 0.0  by Sebastian Hammer, Michael Seifert, 
          Hans Henrik Staerfeldt, Tom Madsen, Katja Nyboe
 _____________________________________________________________________________

    #######
    ##    
    ##        ####    ####      ####  ####  ####  ####  ####  ####    ####
    #######    ######  ##     ## ##    ##  ####    ##    ##    ######  ##
    ##    ##   ##   ## ##    ##  ##    ####  ##    ########    ##   ## ##
    ##    ##   ##   ## ##    ##  ##    ###   ##    ##    ##    ##   ## ##
    #######   ####### ####  ###  ###  ####  ####  ####  ####  ####### ####

                   –ü–û –ü–†–ï–î–ê–ù–ò–Ø–ú –†–£–°–°–ö–ò–• –ù–ê–†–û–î–ù–´–• –°–ö–ê–ó–û–ö –ò –ë–´–õ–ò–ù.

             –ü–æ –∞–¥–º–∏–Ω–∏—Å—Ç—Ä–∞—Ç–∏–≤–Ω—ã–º –≤–æ–ø—Ä–æ—Å–∞–º –º–æ–∂–µ—Ç–µ —Å–≤—è–∑–∞—Ç—å—Å—è —Å –°—Ç—Ä–∏–±–æ–≥–æ–º
                	     e-mail: stribog@bylins.su

                       –ü–æ—Å–µ—Ç–∏—Ç–µ –Ω–∞—à —Å–∞–π—Ç: www.bylins.su
    –î–ª—è –±–æ–ª–µ–µ –ø–æ–¥—Ä–æ–±–Ω–æ–π –∏–≥—Ä–æ–≤–æ–π –∏–Ω—Ñ–æ—Ä–º–∞—Ü–∏–∏ –ø–æ—Å–µ—Ç–∏—Ç–µ www.bylins.su/?newbies

–í–≤–µ–¥–∏—Ç–µ –∏–º—è –ø–µ—Ä—Å–æ–Ω–∞–∂–∞ (–∏–ª–∏ "–Ω–æ–≤—ã–π" –¥–ª—è —Å–æ–∑–¥–∞–Ω–∏—è –Ω–æ–≤–æ–≥–æ): –ü–µ—Ä—Å–æ–Ω–∞–∂ —Å —Ç–∞–∫–∏–º –∏–º–µ–Ω–µ–º —É–∂–µ —Å—É—â–µ—Å—Ç–≤—É–µ—Ç. –í–≤–µ–¥–∏—Ç–µ –ø–∞—Ä–æ–ª—å : ˇ˘

–ü–æ—Å–ª–µ–¥–Ω–∏–π —Ä–∞–∑ –≤—ã –∑–∞—Ö–æ–¥–∏–ª–∏ –∫ –Ω–∞–º –≤ 04:43:25 15 –§–µ–≤—Ä–∞–ª—è 2020 –≥–æ–¥–∞ —Å –∞–¥—Ä–µ—Å–∞ (173.8.142.14).

* –í —Å–≤—è–∑–∏ —Å –ø—Ä–æ–±–ª–µ–º–∞–º–∏ –ø–µ—Ä–µ–≤–æ–¥–∞ —Ñ—Ä–∞–∑—ã ANYKEY –Ω–∞–∂–º–∏—Ç–µ ENTER *ˇ˘
  –î–æ–±—Ä–æ –ø–æ–∂–∞–ª–æ–≤–∞—Ç—å –Ω–∞ –∑–µ–º–ª—é –ö–∏–µ–≤—Å–∫—É—é, –±–æ–≥–∞—Ç—É—é –∏—Å—Ç–æ—Ä–∏–µ–π –∏ —Å–∞–º—ã–º–∏ –Ω–µ–≤–µ—Ä–æ—è—Ç–Ω—ã–º–∏
–ø—Ä–∏–∫–ª—é—á–µ–Ω–∏—è–º–∏. –í–æ–∑–º–æ–∂–Ω–æ, –≤–∞–º –æ–Ω–∏ –ø–æ–Ω—Ä–∞–≤—è—Ç—Å—è, –∏ –≤—ã —Å—Ç–∞–Ω–µ—Ç–µ –≤ –æ–¥–∏–Ω —Ä—è–¥ —Å –≥–µ—Ä–æ—è–º–∏
–¥–∞–≤–Ω–æ –º–∏–Ω—É–≤—à–∏—Ö –¥–Ω–µ–π.

[1;37m–í—ã –Ω–∞—Ö–æ–¥–∏–ª–∏—Å—å –Ω–∞ –ø–æ—Å—Ç–æ–µ 0.46 –¥–Ω–µ–π.
–° –≤–∞—Å —Å–æ–¥—Ä–∞–ª–∏ 44 –∫—É–Ω—ã –∑–∞ –ø–æ—Å—Ç–æ–π (98 –∫—É–Ω –≤ –¥–µ–Ω—å).[0;37m
[1;36m–ö–æ–º–Ω–∞—Ç—ã –æ—Ç–¥—ã—Ö–∞ [5000][0;37m
   –•–æ–∑—è–∏–Ω —É—Å—Ç—Ä–æ–∏–ª –∑–¥–µ—Å—å –∫–æ–º–Ω–∞—Ç—ã –¥–ª—è –æ—Ç–¥—ã—Ö–∞. –õ—é–±–æ–π –∂–µ–ª–∞—é—â–∏–π –º–æ–∂–µ—Ç –æ—Å—Ç–∞–Ω–æ–≤–∏—Ç—å—Å—è
–∑–¥–µ—Å—å –∏ –ø–µ—Ä–µ–¥–æ—Ö–Ω—É—Ç—å –ø–æ—Å–ª–µ –¥–∞–ª—å–Ω–µ–π –¥–æ—Ä–æ–≥–∏. –°–≤–µ—Ç–ª—ã–µ –≥–æ—Ä–Ω–∏—Ü—ã —Ç–∞–∫ –∏ –ø—Ä–∏–≥–ª–∞—à–∞—é—Ç
–ø—Ä–æ–π—Ç–∏ –≤ –Ω–∏—Ö –∏ —Ä–∞—Å—Ç—è–Ω—É—Ç—å—Å—è –Ω–∞ –ø–µ—Ä–∏–Ω–µ, –Ω–∞ –ø—É—Ö–æ–≤–æ–π –¥–∞ –∑–∞–±—ã—Ç—å—Å—è —Å–Ω–æ–º –±–æ–≥–∞—Ç—ã—Ä—Å–∫–∏–º.
–ó–¥–µ—Å—å –∂–µ –º–æ–∂–Ω–æ –ø–æ–¥–æ–∂–¥–∞—Ç—å —Å–≤–æ–∏—Ö –∫–æ–º–ø–∞–Ω—å–æ–Ω–æ–≤ –ø–µ—Ä–µ–¥ –¥–æ–ª–≥–æ–π –¥–æ—Ä–æ–≥–æ–π, –ø–æ–≥–æ–≤–æ—Ä–∏—Ç—å
–æ –¥–∞–ª—å–Ω–µ–π—à–∏—Ö –ø–ª–∞–Ω–∞—Ö.
[1;32m–°–æ–≤—Å–µ–º –º–∞–ª—ã—Ö, –¥–∞ –Ω–µ –æ–±—É—á–µ–Ω–Ω—ã—Ö —Ç–∞–∫ –∏ —Ç—è–Ω–µ—Ç [1;33m–≤–æ–π—Ç–∏ [1;32m–≤ [1;33m—à–∫–æ–ª—É[1;32m.[0;0m
[0;36m[ Exits: d ][0;37m
[1;33m–ü—Ä–∏–≥–ª—è–¥–µ–≤—à–∏—Å—å, –≤—ã –≤–∏–¥–∏—Ç–µ —è–≥–æ–¥—É –¥–∏–∫–æ–≥–æ –≤–∏–Ω–æ–≥—Ä–∞–¥–∞.
–î–æ—Å–∫–∞ –¥–ª—è —Ä–∞–∑–ª–∏—á–Ω—ã—Ö –∑–∞–º–µ—Ç–æ–∫ –∏ –æ–±—ä—è–≤–ª–µ–Ω–∏–π –ø—Ä–∏–±–∏—Ç–∞ —Ç—É—Ç ..–±–ª–µ—Å—Ç–∏—Ç!
[1;31m–ü–æ–ª—è–Ω–∏–Ω –î–æ—Ä–º–∞–Ω —Å—Ç–æ–∏—Ç –∑–¥–µ—Å—å. 
–•–æ–∑—è–π–∫–∞ –ø–æ—Å—Ç–æ—è–ª–æ–≥–æ –¥–≤–æ—Ä–∞ —Ä–∞—Å–ø–æ—Ä—è–∂–∞–µ—Ç—Å—è –∑–¥–µ—Å—å.
[0;0m
–î–µ—Ä–µ–≤–Ω—è —É —Ä–µ–∫–∏ (2-–∞—è —Ä–æ–¥–æ–≤–∞—è).

[0;32m356H[0;37m [0;32m128M[0;37m 59170–æ –ó–∞—É—á:0 –í—ã—Ö:v> ˇ˘–°–µ–π—á–∞—Å 5 —á–∞—Å–æ–≤ –≤–µ—á–µ—Ä–∞, –ü–æ–Ω–µ–¥–µ–ª—å–Ω–∏–∫, –¥–µ–Ω—å.
–≠–ª–µ—Ç - –ú–µ—Å—è—Ü –ü–æ—Å–µ–≤–∞ –∏ –ù–∞—Ä–µ—á–µ–Ω–∏—è, 16–π –î–µ–Ω—å, –ì–æ–¥ 898, –≤–µ—Å–Ω–∞.

[0;32m356H[0;37m [0;32m128M[0;37m 59170–æ –ó–∞—É—á:0 –í—ã—Ö:v> ˇ˘
[1;31m–ú–∏–Ω—É–ª —á–∞—Å.[0;37m

[0;32m356H[0;37m [0;32m128M[0;37m 59170–æ –ó–∞—É—á:0 –í—ã—Ö:v> ˇ˘–í—ã –ø–æ–ø–ª–µ–ª–∏—Å—å –≤–Ω–∏–∑.
[1;36m–ü–æ—Å—Ç–æ—è–ª—ã–π –¥–≤–æ—Ä [5001][0;37m
   –î–µ—Ä–µ–≤–Ω—è —Ö–æ—Ç—å –∏ –Ω–µ–±–æ–ª—å—à–∞—è, –Ω–æ –ø–æ—Å—Ç–æ—è–ª—ã–π –¥–≤–æ—Ä –∏–º–µ–µ—Ç—Å—è, –¥–ª—è –∑–∞–µ–∑–∂–∏—Ö –≥–æ—Å—Ç–µ–π,
—á—Ç–æ–±—ã –±—ã–ª–æ –≥–¥–µ –ø–µ—Ä–µ–≤–µ—Å—Ç–∏ –¥—É—Ö, –µ–¥–æ–π –∏ –ø–∏—Ç—å–µ–º –∑–∞–ø–∞—Å—Ç–∏—Å—å. –ê –µ—Å–ª–∏ –Ω–∞ –¥–≤–æ—Ä–µ —É–∂
–Ω–æ—á—å –∏–ª—å –ø—Ä–æ—Å—Ç–æ –Ω–∞–¥–æ –æ—Å—Ç–∞–Ω–æ–≤–∏—Ç—Å—è –Ω–∞ –¥–µ–Ω—å –¥—Ä—É–≥–æ–π –≤ –¥–µ—Ä–µ–≤–Ω–µ, –∞ —Ä–æ–¥—Å—Ç–≤–µ–Ω–Ω–∏–∫–æ–≤
–Ω–µ—Ç, —Ç–∞–∫ –º–æ–∂–Ω–æ –∏ –ø–µ—Ä–µ–Ω–æ—á–µ–≤–∞—Ç—å –≤ –≥–æ—Ä–Ω–∏—Ü–∞—Ö –Ω–∞–≤–µ—Ä—Ö—É.
[0;36m[ Exits: w u ][0;37m
[1;33m[1;31m–°–µ–¥–æ–≤–ª–∞—Å—ã–π —Å–∫–∞–∑–∏—Ç–µ–ª—å –≥–æ—Ç–æ–≤ –ø–æ–¥–µ–ª–∏—Ç—å—Å—è —Å –í–∞–º–∏ –∏–Ω—Ç–µ—Ä–µ—Å–Ω–æ–π –∏—Å—Ç–æ—Ä–∏–µ–π.
–¢—Ä–∞–∫—Ç–∏—Ä—â–∏–∫ –æ—Ç–¥—ã—Ö–∞–µ—Ç –∑–∞ —Å—Ç–æ–π–∫–æ–π.
[0;0m
[0;32m356H[0;37m [0;32m127M[0;37m 59170–æ –ó–∞—É—á:0 –í—ã—Ö:–ó^> ˇ˘–í—ã –ø–æ–ø–ª–µ–ª–∏—Å—å –Ω–∞ –∑–∞–ø–∞–¥.
[1;36m–ü–µ—Ä–µ–¥ –ø–æ—Å—Ç–æ—è–ª—ã–º –¥–≤–æ—Ä–æ–º [5005][0;37m
   –ß—É—Ç—å –Ω–µ —Å–ø–æ—Ç–∫–Ω—É–≤—à–∏—Å—å –æ –¥–æ—Å–∫—É, –ª–µ–∂–∞—â—É—é —Å—Ä–∞–∑—É —É –ø–æ—Ä–æ–≥–∞ –ø–æ—Å—Ç–æ—è–ª–æ–≥–æ –¥–≤–æ—Ä–∞,
–≤—ã –æ–∫–∞–∑–∞–ª–∏—Å—å –Ω–∞ —Ü–µ–Ω—Ç—Ä–∞–ª—å–Ω–æ–π —É–ª–∏—Ü–µ –¥–µ—Ä–µ–≤–Ω–∏. –ò–º–µ–Ω–Ω–æ –Ω–∞ —ç—Ç–æ–π —É–ª–∏—Ü–µ –º–æ–∂–Ω–æ 
–±—ã—Å—Ç—Ä–æ –Ω–∞–π—Ç–∏ –ª–∞–≤–∫—É —Ä–µ–º–µ—Å–ª–µ–Ω–Ω–∏–∫–∞, –¥–æ–º –∑–Ω–∞—Ö–∞—Ä—è, –∫–æ–Ω—é—à–Ω—é –∏ –¥–æ–º —Å—Ç–∞—Ä–µ–π—à–∏–Ω—ã.
–í —é–∂–Ω–æ–π —á–∞—Å—Ç–∏ –¥–µ—Ä–µ–≤–Ω–∏ –ø–æ—Å–µ–ª–∏–ª–∏—Å—å –≤–æ—Ä–æ–∂–µ–∏.
[0;36m[ Exits: n e s w ][0;37m
[1;33m[1;31m–ú–æ–ª–æ–¥–æ–π –ø–∞—Ä–µ–Ω—å –≥—É–ª—è–µ—Ç –∑–¥–µ—Å—å.
[0;0m
[0;32m356H[0;37m [0;32m127M[0;37m 59170–æ –ó–∞—É—á:0 –í—ã—Ö:–°–í–Æ–ó> ˇ˘–í—ã –ø–æ–ø–ª–µ–ª–∏—Å—å –Ω–∞ —Å–µ–≤–µ—Ä.
[1;36m–ö —Ü–µ–Ω—Ç—Ä—É –¥–µ—Ä–µ–≤–Ω–∏ [5006][0;37m
   –ü–æ–Ω–µ–º–Ω–æ–≥—É –æ—Å—Ç–∞—é—Ç—Å—è –ø–æ–∑–∞–¥–∏ –≥–ª–∞–≤–Ω—ã–µ –¥–æ–º–∞ –¥–µ—Ä–µ–≤–Ω–∏, –∏ –≤–æ–∫—Ä—É–≥ –æ—Ç–∫—Ä—ã–≤–∞–µ—Ç—Å—è –æ–±—ã—á–Ω—ã–π
–¥–µ—Ä–µ–≤–µ–Ω—Å–∫–∏–π –≤–∏–¥. –ö—Ä–µ–ø–∫–∏–µ –¥–æ–º–∞ —Å –º–∞–ª–µ–Ω—å–∫–∏–º–∏ –æ–∫–Ω–∞–º–∏, –Ω–æ –Ω–µ–∏–∑–º–µ–Ω–Ω—ã–º–∏ —Ç—Ä—É–±–∞–º–∏
–ø–µ—á–µ–π. –ò–∑–≥–æ—Ä–æ–¥—å, —Å—Ç–æ—è—â–∞—è –∑–∞ –¥–æ–º–∞–º–∏ –≤–¥–æ–ª—å –ª–µ—Å–∞ –∏ –∑–∞—â–∏—â–∞—é—â–∞—è –¥–µ—Ä–µ–≤–Ω—é —Å —Ç—ã–ª–∞. 
–ù–µ—Ç–æ—Ä–æ–ø–ª–∏–≤—ã–π –ª—é–¥, –∏–¥—É—â–∏–π –ø–æ —Å–≤–æ–∏–º –∏–∑–≤–µ—á–Ω—ã–º –¥–µ–ª–∞–º.
[0;36m[ Exits: n e s w ][0;37m
[1;33m[1;31m–ò–Ω–æ–∑–µ–º–µ—Ü —Å—Ç–æ–∏—Ç –∑–¥–µ—Å—å.
[0;0m[1;36m–ò–Ω–æ–∑–µ–º–µ—Ü —Å–∫–∞–∑–∞–ª –≤–∞–º : '–ù–µ –ø–æ–¥—Å–∫–∞–∂–µ—Ç–µ, –ª—é–¥–∏ –¥–æ–±—Ä—ã–µ, –∫–∞–∫ –¥–æ–±—Ä–∞—Ç—å—Å—è –¥–æ –ö–∏–µ–≤–∞?'[0;37m
[1;30m–ò–Ω–æ–∑–µ–º–µ—Ü –æ—â–µ—Ä–∏–ª –∑—É–±—ã –≤ –≥–Ω—É—Å–Ω–æ–π —É—Ö–º—ã–ª–∫–µ.[0;0m

[0;32m356H[0;37m [0;32m126M[0;37m 59170–æ –ó–∞—É—á:0 –í—ã—Ö:–°–í–Æ–ó> ˇ˘–í—ã –ø–æ–ø–ª–µ–ª–∏—Å—å –Ω–∞ –≤–æ—Å—Ç–æ–∫.
[1;36m–ö –¥–æ—Ä–æ–≥–µ [5043][0;37m
   –≠—Ç–∞ –¥–æ—Ä–æ–≥–∞ –Ω–µ –∑—Ä—è —É–ø–∏—Ä–∞–µ—Ç—Å—è –≤ —Ü–µ–Ω—Ç—Ä –¥–µ—Ä–µ–≤–Ω–∏, –ø–æ –Ω–µ–π –≤ –¥–µ—Ä–µ–≤–Ω—é –ø—Ä–∏–≤–æ–∑—è—Ç
–Ω–æ–≤—ã–π —Ç–æ–≤–∞—Ä, —É–≤–æ–∑—è—Ç –¥–æ–±—ã—Ç—ã–µ —à–∫—É—Ä—ã –∂–∏–≤–æ—Ç–Ω—ã—Ö –∏ –µ–¥—É –¥–ª—è –ø—Ä–æ–¥–∞–∂–∏ –Ω–∞ —è—Ä–º–∞—Ä–∫–µ –∏–ª–∏
–±–∞–∑–∞—Ä–µ –≤ –±–ª–∏–∂–∞–π—à–µ–º –≥–æ—Ä–æ–¥–µ. –ù–∞ –¥–æ—Ä–æ–≥–µ –≤–∏–¥–Ω—ã —Å–ª–µ–¥—ã –∫–æ–ø—ã—Ç –ª–æ—à–∞–¥–µ–π –∏ –∫–æ–ª–µ—Å
—Ç–µ–ª–µ–≥.
[0;36m[ Exits: n e w ][0;37m
[1;33m[1;31m[0;0m
[0;32m356H[0;37m [0;32m126M[0;37m 59170–æ –ó–∞—É—á:0 –í—ã—Ö:–°–í–ó> ˇ˘–í—ã –ø–æ–ø–ª–µ–ª–∏—Å—å –Ω–∞ –≤–æ—Å—Ç–æ–∫.
[1;36m–ö –¥–æ—Ä–æ–≥–µ [5044][0;37m
   –≠—Ç–∞ –¥–æ—Ä–æ–≥–∞ –Ω–µ –∑—Ä—è —É–ø–∏—Ä–∞–µ—Ç—Å—è –≤ —Ü–µ–Ω—Ç—Ä –¥–µ—Ä–µ–≤–Ω–∏, –ø–æ –Ω–µ–π –≤ –¥–µ—Ä–µ–≤–Ω—é –ø—Ä–∏–≤–æ–∑—è—Ç
–Ω–æ–≤—ã–π —Ç–æ–≤–∞—Ä, —É–≤–æ–∑—è—Ç –¥–æ–±—ã—Ç—ã–µ —à–∫—É—Ä—ã –∂–∏–≤–æ—Ç–Ω—ã—Ö –∏ –µ–¥—É –¥–ª—è –ø—Ä–æ–¥–∞–∂–∏ –Ω–∞ —è—Ä–º–∞—Ä–∫–µ –∏–ª–∏
–±–∞–∑–∞—Ä–µ –≤ –±–ª–∏–∂–∞–π—à–µ–º –≥–æ—Ä–æ–¥–µ. –ù–∞ –¥–æ—Ä–æ–≥–µ –≤–∏–¥–Ω—ã —Å–ª–µ–¥—ã –∫–æ–ø—ã—Ç –ª–æ—à–∞–¥–µ–π –∏ –∫–æ–ª–µ—Å
—Ç–µ–ª–µ–≥
[0;36m[ Exits: s w ][0;37m
[1;33m[1;31m[0;0m
[0;32m356H[0;37m [0;32m127M[0;37m 59170–æ –ó–∞—É—á:0 –í—ã—Ö:–Æ–ó> ˇ˘–í—ã –ø–æ–ø–ª–µ–ª–∏—Å—å –Ω–∞ —é–≥.
[1;36m–ö –¥–æ—Ä–æ–≥–µ [5045][0;37m
   –ê –≤–æ—Ç –∏ –¥–µ—Ä–µ–≤–µ–Ω—Å–∫–∏–µ –≤–æ—Ä–æ—Ç–∞, —á–µ—Ä–µ–∑ –∫–æ—Ç–æ—Ä—ã–µ –¥–æ—Ä–æ–≥–∞ –∏ —Å–∫—Ä—ã–≤–∞–µ—Ç—Å—è –≤ –±–ª–∏–∂–∞–π—à–µ–º
–ª–µ—Å—É. –í–æ—Ä–æ—Ç–∞ –∏–∑ —Ç–æ–ª—Å—Ç–æ–≥–æ –¥–µ—Ä–µ–≤–∞ –º–æ–≥—É—Ç –≤—ã–¥–µ—Ä–∂–∞—Ç—å –ø–µ—Ä–≤—ã–π –Ω–∞—Ç–∏—Å–∫ –Ω–∞–ø–∞–¥–∞—é—â–∏—Ö,
–∏ –¥–∞—Ç—å –≤–æ–∑–º–æ–∂–Ω–æ—Å—Ç—å –æ—Å–Ω–æ–≤–Ω–æ–π —á–∞—Å—Ç–∏ –∂–∏—Ç–µ–ª–µ–π –ø–æ–∫–∏–Ω—É—Ç—å –¥–µ—Ä–µ–≤–Ω—é –∏ —Å–ø—Ä—è—Ç–∞—Ç—å—Å—è
–≤ –≥–ª—É–±–æ–∫–æ–º –ª–µ—Å—É.
[0;36m[ Exits: n e ][0;37m
[1;33m[1;31m[0;0m
[0;32m356H[0;37m [0;32m127M[0;37m 59170–æ –ó–∞—É—á:0 –í—ã—Ö:–°–í> ˇ˘–í—ã –ø–æ–ø–ª–µ–ª–∏—Å—å –Ω–∞ –≤–æ—Å—Ç–æ–∫.
[1;36m–ü–æ –¥–æ—Ä–æ–≥–µ [5047][0;37m
   –î–æ—Ä–æ–≥–∞ –ø–æ—Å—Ç–µ–ø–µ–Ω–Ω–æ —É–¥–∞–ª—è–µ—Ç—Å—è –æ—Ç –¥–µ—Ä–µ–≤–Ω–∏, –ø–µ—Ç–ª—è—è –≤ —Å–≤–µ—Ç–ª–æ–º –ª–µ—Å—É.
–í–ø–µ—Ä–µ–º–µ–∂–∫—É —Å–æ —Å–ª–µ–¥–∞–º–∏ –∫–æ–ø—ã—Ç –ª–æ—à–∞–¥–µ–π –∏ —Ç–µ–ª–µ–≥ –≤—Å—Ç—Ä–µ—á–∞—é—Ç—Å—è —Å–ª–µ–¥—ã
–ª–µ—Å–Ω—ã—Ö –æ–±–∏—Ç–∞—Ç–µ–ª–µ–π. –ü–æ –∫—Ä–∞—è–º –¥–æ—Ä–æ–≥–∏ –ø–ª–æ—Ç–Ω–æ —Ä–∞—Å—Ç—É—Ç –¥–µ—Ä–µ–≤—å—è. –ù–æ 
–ø—Ä–∏—Å–º–æ—Ç—Ä–µ–≤—à–∏—Å—å –∫ —é–∂–Ω–æ–π —Å—Ç–æ—Ä–æ–Ω–µ, –≤—ã –∑–∞–º–µ—Ç–∏–ª–∏ –Ω–µ–±–æ–ª—å—à—É—é —Ç—Ä–æ–ø–∏–Ω–∫—É,
–≤–µ–¥—É—â—É—é –≤–≥–ª—É–±—å –ª–µ—Å–∞. –°–æ —Å—Ç–æ—Ä–æ–Ω—ã –¥–æ—Ä–æ–≥–∏ –ø—É—Ç—å –Ω–∞ —Ç—Ä–æ–ø–∏–Ω–∫—É –∑–∞–º–∞—Å–∫–∏—Ä–æ–≤–∞–Ω.
[0;36m[ Exits: e s w ][0;37m
[1;33m–£ –≤–∞—à–∏—Ö –Ω–æ–≥ –ª–µ–∂–∏—Ç –≥–ª–∏–Ω—è–Ω–∞—è –ø–ª–æ—à–∫–∞.
[1;31m[0;0m
[0;32m356H[0;37m [0;32m126M[0;37m 59170–æ –ó–∞—É—á:0 –í—ã—Ö:–í–Æ–ó> ˇ˘–í—ã –ø–æ–ø–ª–µ–ª–∏—Å—å –Ω–∞ —é–≥.
[1;36m–ù–∞ —Ç—Ä–æ–ø–∏–Ω–∫–µ [5050][0;37m
   –¢—Ä–æ–ø–∏–Ω–∫–∞ –≤–µ–¥–µ—Ç –≤–≥–ª—É–±—å –ª–µ—Å–∞. –ü–æ –Ω–µ–π –Ω–µ –µ–∑–¥—è—Ç –≤–µ—Ä—Ö–æ–º, –∏ —Å—Ç–∞—Ä–∞—é—Ç—Å—è,
—á—Ç–æ–±—ã –æ—Å—Ç–∞–≤–∞–ª–æ—Å—å –∫–∞–∫ –º–æ–∂–Ω–æ –º–µ–Ω—å—à–µ —Å–ª–µ–¥–æ–≤. –í–æ—Ç –∏ —Å–µ–π—á–∞—Å –≤–∏–¥–Ω–æ, —á—Ç–æ –∫—Ç–æ-—Ç–æ
–∑–∞–º–µ—Ç–∞–ª –ª–µ—Å–Ω—ã–º–∏ –≤–µ—Ç–∫–∞–º–∏ —Å–ª–µ–¥—ã –Ω–æ–≥, –Ω–µ–∞–∫–∫—É—Ä–∞—Ç–Ω–æ –æ—Å—Ç–∞–≤–ª–µ–Ω–Ω—ã—Ö –Ω–∞ –≥–ª–∏–Ω—è–Ω–æ–º
—É—á–∞—Å—Ç–∫–µ —Ç—Ä–æ–ø–∏–Ω–∫–∏.
[0;36m[ Exits: n s ][0;37m
[1;33m[1;31m–ü–æ–∂–∏–ª–æ–π —à–∏—Ä–æ–∫–æ–ø–ª–µ—á–∏–π –∫—Ä–µ—Å—Ç—å—è–Ω–∏–Ω –≤ –¥–æ–±—Ä–æ—Ç–Ω–æ–π –æ–¥–µ–∂–¥–µ –ø—Ä–æ—Ö–∞–∂–∏–≤–∞–µ—Ç—Å—è —Ç—É—Ç.
–ü–æ–∂–∏–ª–æ–π —à–∏—Ä–æ–∫–æ–ø–ª–µ—á–∏–π –∫—Ä–µ—Å—Ç—å—è–Ω–∏–Ω –≤ –¥–æ–±—Ä–æ—Ç–Ω–æ–π –æ–¥–µ–∂–¥–µ –ø—Ä–æ—Ö–∞–∂–∏–≤–∞–µ—Ç—Å—è —Ç—É—Ç.
[0;0m
[0;32m356H[0;37m [0;32m126M[0;37m 59170–æ –ó–∞—É—á:0 –í—ã—Ö:–°–Æ> ˇ˘–í—ã –ø–æ–ø–ª–µ–ª–∏—Å—å –Ω–∞ —é–≥.
[1;36m–ù–∞ –∫–∞–ø–∏—â–µ [5051][0;37m
   –í–æ—Ç —á—Ç–æ —Å–ø—Ä—è—Ç–∞–Ω–æ –≤ –≥–ª—É–±–∏–Ω–µ –ª–µ—Å–∞, –∫–∞–ø–∏—â–µ, —Å–≤—è—Ç–∏–ª–∏—â–µ —Å—Ç–∞—Ä—ã—Ö —Å–ª–∞–≤—è–Ω—Å–∫–∏—Ö –±–æ–≥–æ–≤, –Ω–∞
—Å–º–µ–Ω—É –∫–æ—Ç–æ—Ä—ã–º –Ω–æ–≤—ã–π –∫–Ω—è–∑—å –ø—Ä–∏–≥–ª–∞—Å–∏–ª –Ω–æ–≤—ã—Ö –±–æ–≥–æ–≤ –∏–∑ –í–∏–∑–∞–Ω—Ç–∏–∏. –ù–æ –Ω–µ—Å–º–æ—Ç—Ä—è –Ω–∞
–Ω–∞–≤—è–∑—ã–≤–∞–Ω–∏–µ –Ω–æ–≤–æ–π –≤–µ—Ä—ã, —Å–ª–∞–≤—è–Ω–µ –æ—Å—Ç–∞—é—Ç—Å—è –≤–µ—Ä–Ω—ã –∏ —Å—Ç–∞—Ä—ã–º –±–æ–≥–∞–º, –∫–æ—Ç–æ—Ä—ã–µ –Ω–µ –æ–¥–∏–Ω
–≤–µ–∫ –∑–∞—â–∏—â–∞–ª–∏ –æ—Ç –Ω–µ—Å—á–∞—Å—Ç–∏–π. –ö–∞–ø–∏—â–µ –æ–±–Ω–µ—Å–µ–Ω–æ –≤—ã—Å–æ–∫–∏–º —á–∞—Å—Ç–æ–∫–æ–ª–æ–º, –Ω–∞ –æ—Å—Ç—Ä–∏–µ
–±—Ä–µ–≤–µ–Ω –∫–æ–µ-–≥–¥–µ –≤–æ—Ç–∫–Ω—É—Ç—ã —á–µ—Ä–µ–ø–∞ –¥–æ–º–∞—à–Ω–∏—Ö –∂–∏–≤–æ—Ç–Ω—ã—Ö –∏ –∑–≤–µ—Ä–µ–π, –ø—Ä–∏–Ω–µ—Å–µ–Ω–Ω—ã—Ö –≤ –∂–µ—Ä—Ç–≤—É
–±–æ–≥–∞–º. 
[0;36m[ Exits: n ][0;37m
[1;33m[1;31m[0;0m
[0;32m356H[0;37m [0;32m127M[0;37m 59170–æ –ó–∞—É—á:0 –í—ã—Ö:–°> ˇ˘–í—ã –ø–æ–ø–ª–µ–ª–∏—Å—å –Ω–∞ —Å–µ–≤–µ—Ä.
[1;36m–ù–∞ —Ç—Ä–æ–ø–∏–Ω–∫–µ [5050][0;37m
   –¢—Ä–æ–ø–∏–Ω–∫–∞ –≤–µ–¥–µ—Ç –≤–≥–ª—É–±—å –ª–µ—Å–∞. –ü–æ –Ω–µ–π –Ω–µ –µ–∑–¥—è—Ç –≤–µ—Ä—Ö–æ–º, –∏ —Å—Ç–∞—Ä–∞—é—Ç—Å—è,
—á—Ç–æ–±—ã –æ—Å—Ç–∞–≤–∞–ª–æ—Å—å –∫–∞–∫ –º–æ–∂–Ω–æ –º–µ–Ω—å—à–µ —Å–ª–µ–¥–æ–≤. –í–æ—Ç –∏ —Å–µ–π—á–∞—Å –≤–∏–¥–Ω–æ, —á—Ç–æ –∫—Ç–æ-—Ç–æ
–∑–∞–º–µ—Ç–∞–ª –ª–µ—Å–Ω—ã–º–∏ –≤–µ—Ç–∫–∞–º–∏ —Å–ª–µ–¥—ã –Ω–æ–≥, –Ω–µ–∞–∫–∫—É—Ä–∞—Ç–Ω–æ –æ—Å—Ç–∞–≤–ª–µ–Ω–Ω—ã—Ö –Ω–∞ –≥–ª–∏–Ω—è–Ω–æ–º
—É—á–∞—Å—Ç–∫–µ —Ç—Ä–æ–ø–∏–Ω–∫–∏.
[0;36m[ Exits: n s ][0;37m
[1;33m[1;31m–ü–æ–∂–∏–ª–æ–π —à–∏—Ä–æ–∫–æ–ø–ª–µ—á–∏–π –∫—Ä–µ—Å—Ç—å—è–Ω–∏–Ω –≤ –¥–æ–±—Ä–æ—Ç–Ω–æ–π –æ–¥–µ–∂–¥–µ –ø—Ä–æ—Ö–∞–∂–∏–≤–∞–µ—Ç—Å—è —Ç—É—Ç.
–ü–æ–∂–∏–ª–æ–π —à–∏—Ä–æ–∫–æ–ø–ª–µ—á–∏–π –∫—Ä–µ—Å—Ç—å—è–Ω–∏–Ω –≤ –¥–æ–±—Ä–æ—Ç–Ω–æ–π –æ–¥–µ–∂–¥–µ –ø—Ä–æ—Ö–∞–∂–∏–≤–∞–µ—Ç—Å—è —Ç—É—Ç.
[0;0m
[0;32m356H[0;37m [0;32m127M[0;37m 59170–æ –ó–∞—É—á:0 –í—ã—Ö:–°–Æ> ˇ˘
–ü–æ–º–æ—â–Ω–∏–∫ –¥–µ—Ä–µ–≤–µ–Ω—Å–∫–æ–≥–æ —Å—Ç–∞—Ä–æ—Å—Ç—ã —É—à–µ–ª –Ω–∞ —é–≥.

[0;32m356H[0;37m [0;32m127M[0;37m 59170–æ –ó–∞—É—á:0 –í—ã—Ö:–°–Æ> ˇ˘–í—ã –ø–æ–ø–ª–µ–ª–∏—Å—å –Ω–∞ —Å–µ–≤–µ—Ä.
[1;36m–ü–æ –¥–æ—Ä–æ–≥–µ [5047][0;37m
   –î–æ—Ä–æ–≥–∞ –ø–æ—Å—Ç–µ–ø–µ–Ω–Ω–æ —É–¥–∞–ª—è–µ—Ç—Å—è –æ—Ç –¥–µ—Ä–µ–≤–Ω–∏, –ø–µ—Ç–ª—è—è –≤ —Å–≤–µ—Ç–ª–æ–º –ª–µ—Å—É.
–í–ø–µ—Ä–µ–º–µ–∂–∫—É —Å–æ —Å–ª–µ–¥–∞–º–∏ –∫–æ–ø—ã—Ç –ª–æ—à–∞–¥–µ–π –∏ —Ç–µ–ª–µ–≥ –≤—Å—Ç—Ä–µ—á–∞—é—Ç—Å—è —Å–ª–µ–¥—ã
–ª–µ—Å–Ω—ã—Ö –æ–±–∏—Ç–∞—Ç–µ–ª–µ–π. –ü–æ –∫—Ä–∞—è–º –¥–æ—Ä–æ–≥–∏ –ø–ª–æ—Ç–Ω–æ —Ä–∞—Å—Ç—É—Ç –¥–µ—Ä–µ–≤—å—è. –ù–æ 
–ø—Ä–∏—Å–º–æ—Ç—Ä–µ–≤—à–∏—Å—å –∫ —é–∂–Ω–æ–π —Å—Ç–æ—Ä–æ–Ω–µ, –≤—ã –∑–∞–º–µ—Ç–∏–ª–∏ –Ω–µ–±–æ–ª—å—à—É—é —Ç—Ä–æ–ø–∏–Ω–∫—É,
–≤–µ–¥—É—â—É—é –≤–≥–ª—É–±—å –ª–µ—Å–∞. –°–æ —Å—Ç–æ—Ä–æ–Ω—ã –¥–æ—Ä–æ–≥–∏ –ø—É—Ç—å –Ω–∞ —Ç—Ä–æ–ø–∏–Ω–∫—É –∑–∞–º–∞—Å–∫–∏—Ä–æ–≤–∞–Ω.
[0;36m[ Exits: e s w ][0;37m
[1;33m–£ –≤–∞—à–∏—Ö –Ω–æ–≥ –ª–µ–∂–∏—Ç –≥–ª–∏–Ω—è–Ω–∞—è –ø–ª–æ—à–∫–∞.
[1;31m[0;0m
[0;32m356H[0;37m [0;32m126M[0;37m 59170–æ –ó–∞—É—á:0 –í—ã—Ö:–í–Æ–ó> ˇ˘–í—ã –ø–æ–ø–ª–µ–ª–∏—Å—å –Ω–∞ –≤–æ—Å—Ç–æ–∫.
[1;36m–ü–æ –¥–æ—Ä–æ–≥–µ [5048][0;37m
   –î–æ—Ä–æ–≥–∞ —É–¥–∞–ª—è–µ—Ç—Å—è –æ—Ç –¥–µ—Ä–µ–≤–Ω–∏, –ø—Ä–∏–±–ª–∏–∂–∞—è—Å—å –∫ –±–ª–∏–∂–∞–π—à–µ–º—É —Å–≤–µ—Ç–ª–æ–º—É –ª–µ—Å–∫—É.
–°–ª–µ–¥—ã –∫–æ–ø—ã—Ç –ª–æ—à–∞–¥–µ–π –∏ —Ç–µ–ª–µ–≥ —Å—Ç–∞–ª–∏ –≤—Å—Ç—Ä–µ—á–∞—Ç—å—Å—è —Ä–µ–∂–µ, –≤–∏–¥–Ω–æ –Ω–µ—á–∞—Å—Ç–æ –∑–¥–µ—Å—å
–ø—É—Ç–µ—à–µ—Å—Ç–≤—É—é—Ç –∏ —Ç–æ—Ä–≥—É—é—Ç. –ü—Ä–∏—Å–º–æ—Ç—Ä–µ–≤—à–∏—Å—å –≤–Ω–∏–º–∞—Ç–µ–ª—å–Ω–æ –≤—ã –∑–∞–º–µ—Ç–∏–ª–∏ —Å–ª–µ–¥—ã –Ω–µ
—Ç–æ–ª—å–∫–æ –ª–æ—à–∞–¥–µ–π –∏ –ª—é–¥–µ–π, –Ω–æ –∏ –∫–æ–≥—Ç–∏ –±–æ–ª—å—à–æ–≥–æ –∂–∏–≤–æ—Ç–Ω–æ–≥–æ, –Ω–∞–≤–µ—Ä–Ω–æ–µ, –º–µ–¥–≤–µ–¥—è,
–±–æ–ª—å—à–∏–µ –∫–æ–ø—ã—Ç–∞, —á—Ç–æ —è–≤–Ω–æ –ø—Ä–∏–Ω–∞–¥–ª–µ–∂–∏—Ç –¥–∏–∫–æ–º—É –∫–∞–±–∞–Ω—É –∏ –º–Ω–æ–∂–µ—Å—Ç–≤–æ —Å–ª–µ–¥–æ–≤
–ø–æ–º–µ–Ω—å—à–µ.
[0;36m[ Exits: e s w ][0;37m
[1;33m–õ—É–∂–∏—Ü–∞ –¥–æ–∂–¥–µ–≤–æ–π –≤–æ–¥—ã —Ä–∞–∑–ª–∏—Ç–∞ —É –≤–∞—à–∏—Ö –Ω–æ–≥.
[1;31m[0;0m
[0;32m356H[0;37m [0;32m124M[0;37m 59170–æ –ó–∞—É—á:0 –í—ã—Ö:–í–Æ–ó> ˇ˘–í—ã –ø–æ–ø–ª–µ–ª–∏—Å—å –Ω–∞ —é–≥.
[1;36m–£ —à–∞–ª–∞—à–∞ [5054][0;37m
   –í—ã –≤—ã—à–ª–∏ –∫ –º–∞–ª–µ–Ω—å–∫–æ–π –ø–æ–ª—è–Ω–∫–µ. –ü–æ–¥ –Ω–∞–≤–∏—Å—à–∏–º–∏ –≤–µ—Ç–∫–∞–º–∏ –±–æ–ª—å—à–æ–≥–æ –¥–µ—Ä–µ–≤–∞
–ø–æ—Å—Ç—Ä–æ–µ–Ω –Ω–µ–±–æ–ª—å—à–æ–π —à–∞–ª–∞—à–∏–∫. –ü–æ—Å—Ç—Ä–æ–µ–Ω —Ç–∞–∫, —á—Ç–æ –≤–∏–¥–µ–Ω –æ–Ω —Ç–æ–ª—å–∫–æ –∫–æ–≥–¥–∞ —á—É—Ç—å
–ª–∏ –Ω–µ —É–ø—Ä–µ—à—å—Å—è –≤ –Ω–µ–≥–æ.
[0;36m[ Exits: n ][0;37m
[1;33m[1;31m–°—Ç–∞—Ä—ã–π —Å–ª–µ–¥–æ–ø—ã—Ç —Å–∏–¥–∏—Ç –∑–¥–µ—Å—å.
[0;0m[1;36m–°—Ç–∞—Ä—ã–π —Å–ª–µ–¥–æ–ø—ã—Ç —Å–∫–∞–∑–∞–ª –≤–∞–º : '–ú–æ–≥—É –ø—Ä–æ–≤–µ—Å—Ç–∏ –Ω–µ–∏–∑–≤–µ—Å—Ç–Ω—ã–º–∏ –Ω–∏–∫–æ–º—É –¥–æ—Ä–æ–≥–∞–º–∏ –¥–æ —Å—Ç–µ–ø–Ω–æ–π –¥–µ—Ä–µ–≤–Ω–∏!'[0;37m
[1;36m–°—Ç–∞—Ä—ã–π —Å–ª–µ–¥–æ–ø—ã—Ç —Å–∫–∞–∑–∞–ª –≤–∞–º : '–í—Å–µ–≥–æ –∑–∞ 13 –∫—É–Ω!'[0;37m

[0;32m356H[0;37m [0;32m125M[0;37m 59170–æ –ó–∞—É—á:0 –í—ã—Ö:–°> ˇ˘–í—ã –ø–æ–ø–ª–µ–ª–∏—Å—å –Ω–∞ —Å–µ–≤–µ—Ä.
[1;36m–ü–æ –¥–æ—Ä–æ–≥–µ [5048][0;37m
   –î–æ—Ä–æ–≥–∞ —É–¥–∞–ª—è–µ—Ç—Å—è –æ—Ç –¥–µ—Ä–µ–≤–Ω–∏, –ø—Ä–∏–±–ª–∏–∂–∞—è—Å—å –∫ –±–ª–∏–∂–∞–π—à–µ–º—É —Å–≤–µ—Ç–ª–æ–º—É –ª–µ—Å–∫—É.
–°–ª–µ–¥—ã –∫–æ–ø—ã—Ç –ª–æ—à–∞–¥–µ–π –∏ —Ç–µ–ª–µ–≥ —Å—Ç–∞–ª–∏ –≤—Å—Ç—Ä–µ—á–∞—Ç—å—Å—è —Ä–µ–∂–µ, –≤–∏–¥–Ω–æ –Ω–µ—á–∞—Å—Ç–æ –∑–¥–µ—Å—å
–ø—É—Ç–µ—à–µ—Å—Ç–≤—É—é—Ç –∏ —Ç–æ—Ä–≥—É—é—Ç. –ü—Ä–∏—Å–º–æ—Ç—Ä–µ–≤—à–∏—Å—å –≤–Ω–∏–º–∞—Ç–µ–ª—å–Ω–æ –≤—ã –∑–∞–º–µ—Ç–∏–ª–∏ —Å–ª–µ–¥—ã –Ω–µ
—Ç–æ–ª—å–∫–æ –ª–æ—à–∞–¥–µ–π –∏ –ª—é–¥–µ–π, –Ω–æ –∏ –∫–æ–≥—Ç–∏ –±–æ–ª—å—à–æ–≥–æ –∂–∏–≤–æ—Ç–Ω–æ–≥–æ, –Ω–∞–≤–µ—Ä–Ω–æ–µ, –º–µ–¥–≤–µ–¥—è,
–±–æ–ª—å—à–∏–µ –∫–æ–ø—ã—Ç–∞, —á—Ç–æ —è–≤–Ω–æ –ø—Ä–∏–Ω–∞–¥–ª–µ–∂–∏—Ç –¥–∏–∫–æ–º—É –∫–∞–±–∞–Ω—É –∏ –º–Ω–æ–∂–µ—Å—Ç–≤–æ —Å–ª–µ–¥–æ–≤
–ø–æ–º–µ–Ω—å—à–µ.
[0;36m[ Exits: e s w ][0;37m
[1;33m–õ—É–∂–∏—Ü–∞ –¥–æ–∂–¥–µ–≤–æ–π –≤–æ–¥—ã —Ä–∞–∑–ª–∏—Ç–∞ —É –≤–∞—à–∏—Ö –Ω–æ–≥.
[1;31m[0;0m
[0;32m356H[0;37m [0;32m124M[0;37m 59170–æ –ó–∞—É—á:0 –í—ã—Ö:–í–Æ–ó> ˇ˘–í—ã –ø–æ–ø–ª–µ–ª–∏—Å—å –Ω–∞ –≤–æ—Å—Ç–æ–∫.
[1;36m–ü–æ –¥–æ—Ä–æ–≥–µ [5049][0;37m
   –î–æ—Ä–æ–≥–∞ —É–¥–∞–ª—è–µ—Ç—Å—è –æ—Ç –¥–µ—Ä–µ–≤–Ω–∏, –ø—Ä–∏–±–ª–∏–∂–∞—è—Å—å –∫ –±–ª–∏–∂–∞–π—à–µ–º—É —Å–≤–µ—Ç–ª–æ–º—É –ª–µ—Å–∫—É.
–°–ª–µ–¥—ã –∫–æ–ø—ã—Ç –ª–æ—à–∞–¥–µ–π –∏ —Ç–µ–ª–µ–≥ —Å—Ç–∞–ª–∏ –≤—Å—Ç—Ä–µ—á–∞—Ç—å—Å—è —Ä–µ–∂–µ, –≤–∏–¥–Ω–æ –Ω–µ—á–∞—Å—Ç–æ –∑–¥–µ—Å—å
–ø—É—Ç–µ—à–µ—Å—Ç–≤—É—é—Ç –∏ —Ç–æ—Ä–≥—É—é—Ç. –ü—Ä–∏—Å–º–æ—Ç—Ä–µ–≤—à–∏—Å—å –≤–Ω–∏–º–∞—Ç–µ–ª—å–Ω–æ –≤—ã –∑–∞–º–µ—Ç–∏–ª–∏ —Å–ª–µ–¥—ã –Ω–µ
—Ç–æ–ª—å–∫–æ –ª–æ—à–∞–¥–µ–π –∏ –ª—é–¥–µ–π, –Ω–æ –∏ –∫–æ–≥—Ç–∏ –±–æ–ª—å—à–æ–≥–æ –∂–∏–≤–æ—Ç–Ω–æ–≥–æ, –Ω–∞–≤–µ—Ä–Ω–æ–µ, –º–µ–¥–≤–µ–¥—è,
–±–æ–ª—å—à–∏–µ –∫–æ–ø—ã—Ç–∞, —á—Ç–æ —è–≤–Ω–æ –ø—Ä–∏–Ω–∞–¥–ª–µ–∂–∏—Ç –¥–∏–∫–æ–º—É –∫–∞–±–∞–Ω—É –∏ –º–Ω–æ–∂–µ—Å—Ç–≤–æ —Å–ª–µ–¥–æ–≤
–ø–æ–º–µ–Ω—å—à–µ.
[0;36m[ Exits: e w ][0;37m
[1;33m[1;31m[0;0m
[0;32m356H[0;37m [0;32m122M[0;37m 59170–æ –ó–∞—É—á:0 –í—ã—Ö:–í–ó> ˇ˘–í—ã –ø–æ–ø–ª–µ–ª–∏—Å—å –Ω–∞ –≤–æ—Å—Ç–æ–∫.
[1;36m–ü–æ –¥–æ—Ä–æ–≥–µ [5046][0;37m
   –î–æ—Ä–æ–≥–∞ —É–¥–∞–ª—è–µ—Ç—Å—è –æ—Ç –¥–µ—Ä–µ–≤–Ω–∏, –ø—Ä–∏–±–ª–∏–∂–∞—è—Å—å –∫ –±–ª–∏–∂–∞–π—à–µ–º—É —Å–≤–µ—Ç–ª–æ–º—É –ª–µ—Å–∫—É.
–°–ª–µ–¥—ã –∫–æ–ø—ã—Ç –ª–æ—à–∞–¥–µ–π –∏ —Ç–µ–ª–µ–≥ —Å—Ç–∞–ª–∏ –≤—Å—Ç—Ä–µ—á–∞—Ç—å—Å—è —Ä–µ–∂–µ, –≤–∏–¥–Ω–æ –Ω–µ—á–∞—Å—Ç–æ –∑–¥–µ—Å—å
–ø—É—Ç–µ—à–µ—Å—Ç–≤—É—é—Ç –∏ —Ç–æ—Ä–≥—É—é—Ç. –ü—Ä–∏—Å–º–æ—Ç—Ä–µ–≤—à–∏—Å—å –≤–Ω–∏–º–∞—Ç–µ–ª—å–Ω–æ –≤—ã –∑–∞–º–µ—Ç–∏–ª–∏ —Å–ª–µ–¥—ã –Ω–µ
—Ç–æ–ª—å–∫–æ –ª–æ—à–∞–¥–µ–π –∏ –ª—é–¥–µ–π, –Ω–æ –∏ –∫–æ–≥—Ç–∏ –±–æ–ª—å—à–æ–≥–æ –∂–∏–≤–æ—Ç–Ω–æ–≥–æ, –Ω–∞–≤–µ—Ä–Ω–æ–µ, –º–µ–¥–≤–µ–¥—è,
–±–æ–ª—å—à–∏–µ –∫–æ–ø—ã—Ç–∞, —á—Ç–æ —è–≤–Ω–æ –ø—Ä–∏–Ω–∞–¥–ª–µ–∂–∏—Ç –¥–∏–∫–æ–º—É –∫–∞–±–∞–Ω—É –∏ –º–Ω–æ–∂–µ—Å—Ç–≤–æ —Å–ª–µ–¥–æ–≤
–ø–æ–º–µ–Ω—å—à–µ.
[0;36m[ Exits: E w ][0;37m
[1;33m[1;31m[0;0m
[0;32m356H[0;37m [0;32m122M[0;37m 59170–æ –ó–∞—É—á:0 –í—ã—Ö:–í–ó> ˇ˘–í—ã –ø–æ–ø–ª–µ–ª–∏—Å—å –Ω–∞ –≤–æ—Å—Ç–æ–∫.
[1;36m–ù–∞ –¥–æ—Ä–æ–≥–µ [5838][0;37m
   –î–æ—Ä–æ–≥–∞ —É—Ö–æ–¥–∏—Ç –¥–∞–ª—å—à–µ –≤–≥–ª—É–±—å –ª–µ—Å–∞. –¢–µ–ø–µ—Ä—å –ø–æ –∫—Ä–∞—è–º –¥–æ—Ä–æ–≥–∏ –ø–æ–ø–∞–¥–∞—é—Ç—Å—è
–æ–≥—Ä–æ–º–Ω—ã–µ –µ–ª–∏ –∏ —Å–æ—Å–Ω—ã, –æ—Ç–±—Ä–∞—Å—ã–≤–∞—è —Ç–µ–º–Ω—ã–µ –Ω–µ–¥—Ä—É–∂–µ–ª—é–±–Ω—ã–µ —Ç–µ–Ω–∏. –í–¥—Ä—É–≥ —Ç–∞–º
–∫—Ç–æ –ø—Ä—è—á–µ—Ç—Å—è –∏ –∂–¥–µ—Ç, –∫–æ–≥–¥–∞ —Ç—ã –∫ –Ω–µ–º—É –ø–æ–≤–µ—Ä–Ω–µ—à—å—Å—è —Å–ø–∏–Ω–æ–π... –ò–∑–≤–µ—Å—Ç–Ω–æ, —á—Ç–æ
–ª–∏—Ö–æ–π –ª—é–¥ —á–∞—Å—Ç–æ –ø—Ä–æ–º—ã—à–ª—è–µ—Ç –Ω–∞ –Ω–µ—à—É–º–Ω—ã—Ö –¥–æ—Ä–æ–≥–∞—Ö.
[0;36m[ Exits: W ][0;37m
[1;33m[1;31m–°—Ç–∞—Ä—É—à–∫–∞ —Å–∏–¥–∏—Ç –∑–¥–µ—Å—å.
...—Å–≤–µ—Ç–∏—Ç—Å—è —è—Ä–∫–∏–º —Å–∏—è–Ω–∏–µ–º 
[0;0m
–ù–∞ –¥–æ—Ä–æ–≥–µ (—Å—Ä–µ–¥–Ω–∏–π —É—Ä–æ–≤–µ–Ω—å: 14).

[0;32m356H[0;37m [0;32m124M[0;37m 59170–æ –ó–∞—É—á:0 –í—ã—Ö:–ó> ˇ˘
–°—Ç–∞—Ä—É—à–∫–∞ —Å–∫–∞–∑–∞–ª–∞ : '–î–æ–±—Ä—ã–π –¥–µ–Ω—å!'
–°—Ç–∞—Ä—É—à–∫–∞ —Å–∫–∞–∑–∞–ª–∞ : '–•–æ—á–µ—à—å –ø–æ–ø—ã—Ç–∞—Ç—å —Å—á–∞—Å—Ç—å—è, –ø–æ–∫–∏–Ω—É–≤ —Ä–æ–¥–Ω—É—é –¥–µ—Ä–µ–≤–Ω—é?'
–°—Ç–∞—Ä—É—à–∫–∞ —Å–∫–∞–∑–∞–ª–∞ : '–í–ø–µ—Ä–µ–¥–∏ –º–Ω–æ–≥–æ –Ω–µ–∏–∑–≤–µ—Å—Ç–Ω–æ—Å—Ç–µ–π –∏ —Ç—Ä—É–¥–Ω–æ—Å—Ç–µ–π!'
–°—Ç–∞—Ä—É—à–∫–∞ —Å–∫–∞–∑–∞–ª–∞ : '–ì–æ—Ç–æ–≤ –ª–∏ —Ç—ã –∫ –Ω–æ–≤—ã–º –ø—Ä–∏–∫–ª—é—á–µ–Ω–∏—è–º?'

[0;32m356H[0;37m [0;32m124M[0;37m 59170–æ –ó–∞—É—á:0 –í—ã—Ö:–ó> ˇ˘–í—ã –ø–æ–ø–ª–µ–ª–∏—Å—å –Ω–∞ –∑–∞–ø–∞–¥.
[1;36m–ü–æ –¥–æ—Ä–æ–≥–µ [5046][0;37m
   –î–æ—Ä–æ–≥–∞ —É–¥–∞–ª—è–µ—Ç—Å—è –æ—Ç –¥–µ—Ä–µ–≤–Ω–∏, –ø—Ä–∏–±–ª–∏–∂–∞—è—Å—å –∫ –±–ª–∏–∂–∞–π—à–µ–º—É —Å–≤–µ—Ç–ª–æ–º—É –ª–µ—Å–∫—É.
–°–ª–µ–¥—ã –∫–æ–ø—ã—Ç –ª–æ—à–∞–¥–µ–π –∏ —Ç–µ–ª–µ–≥ —Å—Ç–∞–ª–∏ –≤—Å—Ç—Ä–µ—á–∞—Ç—å—Å—è —Ä–µ–∂–µ, –≤–∏–¥–Ω–æ –Ω–µ—á–∞—Å—Ç–æ –∑–¥–µ—Å—å
–ø—É—Ç–µ—à–µ—Å—Ç–≤—É—é—Ç –∏ —Ç–æ—Ä–≥—É—é—Ç. –ü—Ä–∏—Å–º–æ—Ç—Ä–µ–≤—à–∏—Å—å –≤–Ω–∏–º–∞—Ç–µ–ª—å–Ω–æ –≤—ã –∑–∞–º–µ—Ç–∏–ª–∏ —Å–ª–µ–¥—ã –Ω–µ
—Ç–æ–ª—å–∫–æ –ª–æ—à–∞–¥–µ–π –∏ –ª—é–¥–µ–π, –Ω–æ –∏ –∫–æ–≥—Ç–∏ –±–æ–ª—å—à–æ–≥–æ –∂–∏–≤–æ—Ç–Ω–æ–≥–æ, –Ω–∞–≤–µ—Ä–Ω–æ–µ, –º–µ–¥–≤–µ–¥—è,
–±–æ–ª—å—à–∏–µ –∫–æ–ø—ã—Ç–∞, —á—Ç–æ —è–≤–Ω–æ –ø—Ä–∏–Ω–∞–¥–ª–µ–∂–∏—Ç –¥–∏–∫–æ–º—É –∫–∞–±–∞–Ω—É –∏ –º–Ω–æ–∂–µ—Å—Ç–≤–æ —Å–ª–µ–¥–æ–≤
–ø–æ–º–µ–Ω—å—à–µ.
[0;36m[ Exits: E w ][0;37m
[1;33m[1;31m[0;0m
–î–µ—Ä–µ–≤–Ω—è —É —Ä–µ–∫–∏ (2-–∞—è —Ä–æ–¥–æ–≤–∞—è).

[0;32m356H[0;37m [0;32m127M[0;37m 59170–æ –ó–∞—É—á:0 –í—ã—Ö:–í–ó> ˇ˘–í—ã –ø–æ–ø–ª–µ–ª–∏—Å—å –Ω–∞ –∑–∞–ø–∞–¥.
[1;36m–ü–æ –¥–æ—Ä–æ–≥–µ [5049][0;37m
   –î–æ—Ä–æ–≥–∞ —É–¥–∞–ª—è–µ—Ç—Å—è –æ—Ç –¥–µ—Ä–µ–≤–Ω–∏, –ø—Ä–∏–±–ª–∏–∂–∞—è—Å—å –∫ –±–ª–∏–∂–∞–π—à–µ–º—É —Å–≤–µ—Ç–ª–æ–º—É –ª–µ—Å–∫—É.
–°–ª–µ–¥—ã –∫–æ–ø—ã—Ç –ª–æ—à–∞–¥–µ–π –∏ —Ç–µ–ª–µ–≥ —Å—Ç–∞–ª–∏ –≤—Å—Ç—Ä–µ—á–∞—Ç—å—Å—è —Ä–µ–∂–µ, –≤–∏–¥–Ω–æ –Ω–µ—á–∞—Å—Ç–æ –∑–¥–µ—Å—å
–ø—É—Ç–µ—à–µ—Å—Ç–≤—É—é—Ç –∏ —Ç–æ—Ä–≥—É—é—Ç. –ü—Ä–∏—Å–º–æ—Ç—Ä–µ–≤—à–∏—Å—å –≤–Ω–∏–º–∞—Ç–µ–ª—å–Ω–æ –≤—ã –∑–∞–º–µ—Ç–∏–ª–∏ —Å–ª–µ–¥—ã –Ω–µ
—Ç–æ–ª—å–∫–æ –ª–æ—à–∞–¥–µ–π –∏ –ª—é–¥–µ–π, –Ω–æ –∏ –∫–æ–≥—Ç–∏ –±–æ–ª—å—à–æ–≥–æ –∂–∏–≤–æ—Ç–Ω–æ–≥–æ, –Ω–∞–≤–µ—Ä–Ω–æ–µ, –º–µ–¥–≤–µ–¥—è,
–±–æ–ª—å—à–∏–µ –∫–æ–ø—ã—Ç–∞, —á—Ç–æ —è–≤–Ω–æ –ø—Ä–∏–Ω–∞–¥–ª–µ–∂–∏—Ç –¥–∏–∫–æ–º—É –∫–∞–±–∞–Ω—É –∏ –º–Ω–æ–∂–µ—Å—Ç–≤–æ —Å–ª–µ–¥–æ–≤
–ø–æ–º–µ–Ω—å—à–µ.
[0;36m[ Exits: e w ][0;37m
[1;33m[1;31m[0;0m
[0;32m356H[0;37m [0;32m125M[0;37m 59170–æ –ó–∞—É—á:0 –í—ã—Ö:–í–ó> ˇ˘–í—ã –ø–æ–ø–ª–µ–ª–∏—Å—å –Ω–∞ –∑–∞–ø–∞–¥.
[1;36m–ü–æ –¥–æ—Ä–æ–≥–µ [5048][0;37m
   –î–æ—Ä–æ–≥–∞ —É–¥–∞–ª—è–µ—Ç—Å—è –æ—Ç –¥–µ—Ä–µ–≤–Ω–∏, –ø—Ä–∏–±–ª–∏–∂–∞—è—Å—å –∫ –±–ª–∏–∂–∞–π—à–µ–º—É —Å–≤–µ—Ç–ª–æ–º—É –ª–µ—Å–∫—É.
–°–ª–µ–¥—ã –∫–æ–ø—ã—Ç –ª–æ—à–∞–¥–µ–π –∏ —Ç–µ–ª–µ–≥ —Å—Ç–∞–ª–∏ –≤—Å—Ç—Ä–µ—á–∞—Ç—å—Å—è —Ä–µ–∂–µ, –≤–∏–¥–Ω–æ –Ω–µ—á–∞—Å—Ç–æ –∑–¥–µ—Å—å
–ø—É—Ç–µ—à–µ—Å—Ç–≤—É—é—Ç –∏ —Ç–æ—Ä–≥—É—é—Ç. –ü—Ä–∏—Å–º–æ—Ç—Ä–µ–≤—à–∏—Å—å –≤–Ω–∏–º–∞—Ç–µ–ª—å–Ω–æ –≤—ã –∑–∞–º–µ—Ç–∏–ª–∏ —Å–ª–µ–¥—ã –Ω–µ
—Ç–æ–ª—å–∫–æ –ª–æ—à–∞–¥–µ–π –∏ –ª—é–¥–µ–π, –Ω–æ –∏ –∫–æ–≥—Ç–∏ –±–æ–ª—å—à–æ–≥–æ –∂–∏–≤–æ—Ç–Ω–æ–≥–æ, –Ω–∞–≤–µ—Ä–Ω–æ–µ, –º–µ–¥–≤–µ–¥—è,
–±–æ–ª—å—à–∏–µ –∫–æ–ø—ã—Ç–∞, —á—Ç–æ —è–≤–Ω–æ –ø—Ä–∏–Ω–∞–¥–ª–µ–∂–∏—Ç –¥–∏–∫–æ–º—É –∫–∞–±–∞–Ω—É –∏ –º–Ω–æ–∂–µ—Å—Ç–≤–æ —Å–ª–µ–¥–æ–≤
–ø–æ–º–µ–Ω—å—à–µ.
[0;36m[ Exits: e s w ][0;37m
[1;33m–õ—É–∂–∏—Ü–∞ –¥–æ–∂–¥–µ–≤–æ–π –≤–æ–¥—ã —Ä–∞–∑–ª–∏—Ç–∞ —É –≤–∞—à–∏—Ö –Ω–æ–≥.
[1;31m[0;0m
[0;32m356H[0;37m [0;32m126M[0;37m 59170–æ –ó–∞—É—á:0 –í—ã—Ö:–í–Æ–ó> ˇ˘–í—ã –ø–æ–ø–ª–µ–ª–∏—Å—å –Ω–∞ –∑–∞–ø–∞–¥.
[1;36m–ü–æ –¥–æ—Ä–æ–≥–µ [5047][0;37m
   –î–æ—Ä–æ–≥–∞ –ø–æ—Å—Ç–µ–ø–µ–Ω–Ω–æ —É–¥–∞–ª—è–µ—Ç—Å—è –æ—Ç –¥–µ—Ä–µ–≤–Ω–∏, –ø–µ—Ç–ª—è—è –≤ —Å–≤–µ—Ç–ª–æ–º –ª–µ—Å—É.
–í–ø–µ—Ä–µ–º–µ–∂–∫—É —Å–æ —Å–ª–µ–¥–∞–º–∏ –∫–æ–ø—ã—Ç –ª–æ—à–∞–¥–µ–π –∏ —Ç–µ–ª–µ–≥ –≤—Å—Ç—Ä–µ—á–∞—é—Ç—Å—è —Å–ª–µ–¥—ã
–ª–µ—Å–Ω—ã—Ö –æ–±–∏—Ç–∞—Ç–µ–ª–µ–π. –ü–æ –∫—Ä–∞—è–º –¥–æ—Ä–æ–≥–∏ –ø–ª–æ—Ç–Ω–æ —Ä–∞—Å—Ç—É—Ç –¥–µ—Ä–µ–≤—å—è. –ù–æ 
–ø—Ä–∏—Å–º–æ—Ç—Ä–µ–≤—à–∏—Å—å –∫ —é–∂–Ω–æ–π —Å—Ç–æ—Ä–æ–Ω–µ, –≤—ã –∑–∞–º–µ—Ç–∏–ª–∏ –Ω–µ–±–æ–ª—å—à—É—é —Ç—Ä–æ–ø–∏–Ω–∫—É,
–≤–µ–¥—É—â—É—é –≤–≥–ª—É–±—å –ª–µ—Å–∞. –°–æ —Å—Ç–æ—Ä–æ–Ω—ã –¥–æ—Ä–æ–≥–∏ –ø—É—Ç—å –Ω–∞ —Ç—Ä–æ–ø–∏–Ω–∫—É –∑–∞–º–∞—Å–∫–∏—Ä–æ–≤–∞–Ω.
[0;36m[ Exits: e s w ][0;37m
[1;33m–£ –≤–∞—à–∏—Ö –Ω–æ–≥ –ª–µ–∂–∏—Ç –≥–ª–∏–Ω—è–Ω–∞—è –ø–ª–æ—à–∫–∞.
[1;31m[0;0m
[0;32m356H[0;37m [0;32m125M[0;37m 59170–æ –ó–∞—É—á:0 –í—ã—Ö:–í–Æ–ó> ˇ˘–í—ã –Ω–µ —Å–º–æ–∂–µ—Ç–µ —Ç—É–¥–∞ –ø—Ä–æ–π—Ç–∏...

[0;32m356H[0;37m [0;32m125M[0;37m 59170–æ –ó–∞—É—á:0 –í—ã—Ö:–í–Æ–ó> ˇ˘–í—ã –ø–æ–ø–ª–µ–ª–∏—Å—å –Ω–∞ –∑–∞–ø–∞–¥.
[1;36m–ö –¥–æ—Ä–æ–≥–µ [5045][0;37m
   –ê –≤–æ—Ç –∏ –¥–µ—Ä–µ–≤–µ–Ω—Å–∫–∏–µ –≤–æ—Ä–æ—Ç–∞, —á–µ—Ä–µ–∑ –∫–æ—Ç–æ—Ä—ã–µ –¥–æ—Ä–æ–≥–∞ –∏ —Å–∫—Ä—ã–≤–∞–µ—Ç—Å—è –≤ –±–ª–∏–∂–∞–π—à–µ–º
–ª–µ—Å—É. –í–æ—Ä–æ—Ç–∞ –∏–∑ —Ç–æ–ª—Å—Ç–æ–≥–æ –¥–µ—Ä–µ–≤–∞ –º–æ–≥—É—Ç –≤—ã–¥–µ—Ä–∂–∞—Ç—å –ø–µ—Ä–≤—ã–π –Ω–∞—Ç–∏—Å–∫ –Ω–∞–ø–∞–¥–∞—é—â–∏—Ö,
–∏ –¥–∞—Ç—å –≤–æ–∑–º–æ–∂–Ω–æ—Å—Ç—å –æ—Å–Ω–æ–≤–Ω–æ–π —á–∞—Å—Ç–∏ –∂–∏—Ç–µ–ª–µ–π –ø–æ–∫–∏–Ω—É—Ç—å –¥–µ—Ä–µ–≤–Ω—é –∏ —Å–ø—Ä—è—Ç–∞—Ç—å—Å—è
–≤ –≥–ª—É–±–æ–∫–æ–º –ª–µ—Å—É.
[0;36m[ Exits: n e ][0;37m
[1;33m[1;31m[0;0m
[0;32m356H[0;37m [0;32m124M[0;37m 59170–æ –ó–∞—É—á:0 –í—ã—Ö:–°–í> ˇ˘–í—ã –ø–æ–ø–ª–µ–ª–∏—Å—å –Ω–∞ —Å–µ–≤–µ—Ä.
[1;36m–ö –¥–æ—Ä–æ–≥–µ [5044][0;37m
   –≠—Ç–∞ –¥–æ—Ä–æ–≥–∞ –Ω–µ –∑—Ä—è —É–ø–∏—Ä–∞–µ—Ç—Å—è –≤ —Ü–µ–Ω—Ç—Ä –¥–µ—Ä–µ–≤–Ω–∏, –ø–æ –Ω–µ–π –≤ –¥–µ—Ä–µ–≤–Ω—é –ø—Ä–∏–≤–æ–∑—è—Ç
–Ω–æ–≤—ã–π —Ç–æ–≤–∞—Ä, —É–≤–æ–∑—è—Ç –¥–æ–±—ã—Ç—ã–µ —à–∫—É—Ä—ã –∂–∏–≤–æ—Ç–Ω—ã—Ö –∏ –µ–¥—É –¥–ª—è –ø—Ä–æ–¥–∞–∂–∏ –Ω–∞ —è—Ä–º–∞—Ä–∫–µ –∏–ª–∏
–±–∞–∑–∞—Ä–µ –≤ –±–ª–∏–∂–∞–π—à–µ–º –≥–æ—Ä–æ–¥–µ. –ù–∞ –¥–æ—Ä–æ–≥–µ –≤–∏–¥–Ω—ã —Å–ª–µ–¥—ã –∫–æ–ø—ã—Ç –ª–æ—à–∞–¥–µ–π –∏ –∫–æ–ª–µ—Å
—Ç–µ–ª–µ–≥
[0;36m[ Exits: s w ][0;37m
[1;33m[1;31m[0;0m
[0;32m356H[0;37m [0;32m125M[0;37m 59170–æ –ó–∞—É—á:0 –í—ã—Ö:–Æ–ó> ˇ˘–í—ã –ø–æ–ø–ª–µ–ª–∏—Å—å –Ω–∞ –∑–∞–ø–∞–¥.
[1;36m–ö –¥–æ—Ä–æ–≥–µ [5043][0;37m
   –≠—Ç–∞ –¥–æ—Ä–æ–≥–∞ –Ω–µ –∑—Ä—è —É–ø–∏—Ä–∞–µ—Ç—Å—è –≤ —Ü–µ–Ω—Ç—Ä –¥–µ—Ä–µ–≤–Ω–∏, –ø–æ –Ω–µ–π –≤ –¥–µ—Ä–µ–≤–Ω—é –ø—Ä–∏–≤–æ–∑—è—Ç
–Ω–æ–≤—ã–π —Ç–æ–≤–∞—Ä, —É–≤–æ–∑—è—Ç –¥–æ–±—ã—Ç—ã–µ —à–∫—É—Ä—ã –∂–∏–≤–æ—Ç–Ω—ã—Ö –∏ –µ–¥—É –¥–ª—è –ø—Ä–æ–¥–∞–∂–∏ –Ω–∞ —è—Ä–º–∞—Ä–∫–µ –∏–ª–∏
–±–∞–∑–∞—Ä–µ –≤ –±–ª–∏–∂–∞–π—à–µ–º –≥–æ—Ä–æ–¥–µ. –ù–∞ –¥–æ—Ä–æ–≥–µ –≤–∏–¥–Ω—ã —Å–ª–µ–¥—ã –∫–æ–ø—ã—Ç –ª–æ—à–∞–¥–µ–π –∏ –∫–æ–ª–µ—Å
—Ç–µ–ª–µ–≥.
[0;36m[ Exits: n e w ][0;37m
[1;33m[1;31m–ò–Ω–æ–∑–µ–º–µ—Ü —Å—Ç–æ–∏—Ç –∑–¥–µ—Å—å.
[0;0m[1;36m–ò–Ω–æ–∑–µ–º–µ—Ü —Å–∫–∞–∑–∞–ª –≤–∞–º : '–ù–µ –ø–æ–¥—Å–∫–∞–∂–µ—Ç–µ, –ª—é–¥–∏ –¥–æ–±—Ä—ã–µ, –∫–∞–∫ –¥–æ–±—Ä–∞—Ç—å—Å—è –¥–æ –ö–∏–µ–≤–∞?'[0;37m
[1;30m–ò–Ω–æ–∑–µ–º–µ—Ü –æ—â–µ—Ä–∏–ª –∑—É–±—ã –≤ –≥–Ω—É—Å–Ω–æ–π —É—Ö–º—ã–ª–∫–µ.[0;0m

[0;32m356H[0;37m [0;32m125M[0;37m 59170–æ –ó–∞—É—á:0 –í—ã—Ö:–°–í–ó> ˇ˘–í—ã –ø–æ–ø–ª–µ–ª–∏—Å—å –Ω–∞ —Å–µ–≤–µ—Ä.
[1;36m–†–µ—á–Ω–∞—è —É–ª–∏—Ü–∞ [5013][0;37m
   –ó–¥–µ—Å—å —É–ª–∏—Ü–∞ –ø–æ–≤–æ—Ä–∞—á–∏–≤–∞–µ—Ç –∏ –æ–ø—É—Å–∫–∞–µ—Ç—Å—è –∫ –±–µ—Ä–µ–≥—É —Ä–µ–∫–∏. –°—Ä–∞–∑—É –ø–æ–≤–µ—è–ª–æ 
—Å–≤–µ–∂–µ—Å—Ç—å—é –∏ –ø—Ä–æ—Ö–ª–∞–¥–æ–π. –í–æ–∫—Ä—É–≥ –ø–æ—à–ª–∏ –¥–æ–º–∞ —Ä—è–¥–æ–≤—ã—Ö –∂–∏—Ç–µ–ª–µ–π –¥–µ—Ä–µ–≤–Ω–∏ —Å –∏—Ö
–Ω–µ—Ö–∏—Ç—Ä—ã–º–∏, –Ω–æ –∫–æ–ª–æ—Ä–∏—Ç–Ω—ã–º–∏ —É–∫—Ä–∞—à–µ–Ω–∏—è–º–∏.
[0;36m[ Exits: n e s w ][0;37m
[1;33m[1;31m–ù–∏—â–∏–π —Å—Ç—Ä–∞–Ω–Ω–∏–∫ –æ—Ç–¥—ã—Ö–∞–µ—Ç –∑–¥–µ—Å—å, –ø—Ä–∏—Ç—É–ª–∏–≤—à–∏—Å—å –ø–æ–¥ –∑–∞–±–æ—Ä–æ–º.  ..–°–ª–µ–ø.
[0;0m
[0;32m356H[0;37m [0;32m124M[0;37m 59170–æ –ó–∞—É—á:0 –í—ã—Ö:–°–í–Æ–ó> ˇ˘
[1;30m–ù–∏—â–∏–π —Å—Ç—Ä–∞–Ω–Ω–∏–∫ –ø–æ–¥–Ω—è–ª –≥–æ–ª–æ–≤—É –∏ –ø—Ä–∏—Å–ª—É—à–∞–ª—Å—è –∫ –≤–∞—à–∏–º —à–∞–≥–∞–º.[0;0m
–ù–∏—â–∏–π —Å—Ç—Ä–∞–Ω–Ω–∏–∫ —Å–∫–∞–∑–∞–ª : '–û—Å—Ç–∞–Ω–æ–≤–∏—Å—å, –¥–æ–±—Ä—ã–π —á–µ–ª–æ–≤–µ–∫! –£–¥–µ–ª–∏ –º–Ω–µ –º–∏–Ω—É—Ç—É!'

[0;32m356H[0;37m [0;32m124M[0;37m 59170–æ –ó–∞—É—á:0 –í—ã—Ö:–°–í–Æ–ó> ˇ˘–í—ã –ø–æ–ø–ª–µ–ª–∏—Å—å –Ω–∞ –≤–æ—Å—Ç–æ–∫.
[1;36m–†–µ—á–Ω–∞—è —É–ª–∏—Ü–∞ [5014][0;37m
   –£–ª–∏—Ü–∞ –ø—Ä—è–º–æ —É—Å—Ç—Ä–µ–º–∏–ª–∞—Å—å –∫ –±–µ—Ä–µ–≥—É —Ä–µ–∫–∏. –û—Ç–∫—Ä—ã–ª—Å—è —á—É–¥–µ—Å–Ω—ã–π –≤–∏–¥ –Ω–∞ —Ä–µ–∫—É,
–≤—ã—Ç–µ–∫–∞—é—â—É—é –∏–∑-–∑–∞ –±–ª–∏–∂–∞–π—à–µ–≥–æ —Ö–æ–ª–º–∞ –∏ —Ç–µ—Ä—è—é—â—É—é—Å—è –≤ –¥–∞–ª—å–Ω–µ–º –ª–µ—Å—É. –í–æ–∫—Ä—É–≥ 
–¥–æ–º–∞ —Ä—è–¥–æ–≤—ã—Ö –∂–∏—Ç–µ–ª–µ–π –¥–µ—Ä–µ–≤–Ω–∏ —Å –∏—Ö –Ω–µ—Ö–∏—Ç—Ä—ã–º–∏ —É–∫—Ä–∞—à–µ–Ω–∏—è–º–∏.
[0;36m[ Exits: e w ][0;37m
[1;33m[1;31m[0;0m
[0;32m356H[0;37m [0;32m124M[0;37m 59170–æ –ó–∞—É—á:0 –í—ã—Ö:–í–ó> ˇ˘–í—ã –ø–æ–ø–ª–µ–ª–∏—Å—å –Ω–∞ –∑–∞–ø–∞–¥.
[1;36m–†–µ—á–Ω–∞—è —É–ª–∏—Ü–∞ [5013][0;37m
   –ó–¥–µ—Å—å —É–ª–∏—Ü–∞ –ø–æ–≤–æ—Ä–∞—á–∏–≤–∞–µ—Ç –∏ –æ–ø—É—Å–∫–∞–µ—Ç—Å—è –∫ –±–µ—Ä–µ–≥—É —Ä–µ–∫–∏. –°—Ä–∞–∑—É –ø–æ–≤–µ—è–ª–æ 
—Å–≤–µ–∂–µ—Å—Ç—å—é –∏ –ø—Ä–æ—Ö–ª–∞–¥–æ–π. –í–æ–∫—Ä—É–≥ –ø–æ—à–ª–∏ –¥–æ–º–∞ —Ä—è–¥–æ–≤—ã—Ö –∂–∏—Ç–µ–ª–µ–π –¥–µ—Ä–µ–≤–Ω–∏ —Å –∏—Ö
–Ω–µ—Ö–∏—Ç—Ä—ã–º–∏, –Ω–æ –∫–æ–ª–æ—Ä–∏—Ç–Ω—ã–º–∏ —É–∫—Ä–∞—à–µ–Ω–∏—è–º–∏.
[0;36m[ Exits: n e s w ][0;37m
[1;33m[1;31m–ù–∏—â–∏–π —Å—Ç—Ä–∞–Ω–Ω–∏–∫ –æ—Ç–¥—ã—Ö–∞–µ—Ç –∑–¥–µ—Å—å, –ø—Ä–∏—Ç—É–ª–∏–≤—à–∏—Å—å –ø–æ–¥ –∑–∞–±–æ—Ä–æ–º.  ..–°–ª–µ–ø.
[0;0m
[0;32m356H[0;37m [0;32m126M[0;37m 59170–æ –ó–∞—É—á:0 –í—ã—Ö:–°–í–Æ–ó> ˇ˘
[1;30m–ù–∏—â–∏–π —Å—Ç—Ä–∞–Ω–Ω–∏–∫ –ø–æ–¥–Ω—è–ª –≥–æ–ª–æ–≤—É –∏ –ø—Ä–∏—Å–ª—É—à–∞–ª—Å—è –∫ –≤–∞—à–∏–º —à–∞–≥–∞–º.[0;0m
–ù–∏—â–∏–π —Å—Ç—Ä–∞–Ω–Ω–∏–∫ —Å–∫–∞–∑–∞–ª : '–û—Å—Ç–∞–Ω–æ–≤–∏—Å—å, –¥–æ–±—Ä—ã–π —á–µ–ª–æ–≤–µ–∫! –£–¥–µ–ª–∏ –º–Ω–µ –º–∏–Ω—É—Ç—É!'

[0;32m356H[0;37m [0;32m126M[0;37m 59170–æ –ó–∞—É—á:0 –í—ã—Ö:–°–í–Æ–ó> ˇ˘–í—ã —Å–∫–∞–∑–∞–ª–∏ : '—Å–ª—É—à–∞—é'

[0;32m356H[0;37m [0;32m128M[0;37m 59170–æ –ó–∞—É—á:0 –í—ã—Ö:–°–í–Æ–ó> ˇ˘
–ù–∏—â–∏–π —Å—Ç—Ä–∞–Ω–Ω–∏–∫ —Å–∫–∞–∑–∞–ª : '–î–∞ –±—É–¥–µ—Ç –Ω–∞ —Ç–µ–±–µ –±–ª–∞–≥–æ—Å–ª–æ–≤–µ–Ω–∏–µ –±–æ–≥–æ–≤! –Ø –Ω–µ –∑–¥–µ—à–Ω–∏–π, –ø—Ä–∏—à–µ–ª —Å—é–¥–∞ –≤ –ø–æ–∏—Å–∫–∞—Ö –æ–¥–Ω–æ–π –≤–µ—â–∏...'

[0;32m356H[0;37m [0;32m128M[0;37m 59170–æ –ó–∞—É—á:0 –í—ã—Ö:–°–í–Æ–ó> ˇ˘
–ù–∏—â–∏–π —Å—Ç—Ä–∞–Ω–Ω–∏–∫ —Å–∫–∞–∑–∞–ª : '–•–æ—á–µ—à—å –ª–∏ —Ç—ã –≤—ã—Å–ª—É—à–∞—Ç—å –º–æ—é –∏—Å—Ç–æ—Ä–∏—é? –ì–æ—Ç–æ–≤ –ª–∏ —Ç—ã –ø–æ–º–æ—á—å?'

[0;32m356H[0;37m [0;32m128M[0;37m 59170–æ –ó–∞—É—á:0 –í—ã—Ö:–°–í–Æ–ó> ˇ˘–≠—Ç–∞ –∫–æ–º–∞–Ω–¥–∞ –Ω–µ–¥–æ—Å—Ç—É–ø–Ω–∞ –≤ —ç—Ç–æ–º –º–µ—Å—Ç–µ!

[0;32m356H[0;37m [0;32m128M[0;37m 59170–æ –ó–∞—É—á:0 –í—ã—Ö:–°–í–Æ–ó> ˇ˘–í—ã —Å–∫–∞–∑–∞–ª–∏ : '–¥–∞'

[0;32m356H[0;37m [0;32m128M[0;37m 59170–æ –ó–∞—É—á:0 –í—ã—Ö:–°–í–Æ–ó> ˇ˘–í—ã —Å–∫–∞–∑–∞–ª–∏ : '–ø–æ–º–æ–≥—É'

[0;32m356H[0;37m [0;32m128M[0;37m 59170–æ –ó–∞—É—á:0 –í—ã—Ö:–°–í–Æ–ó> ˇ˘–ß–∞–≤–æ?

[0;32m356H[0;37m [0;32m128M[0;37m 59170–æ –ó–∞—É—á:0 –í—ã—Ö:–°–í–Æ–ó> ˇ˘–ß–∞–≤–æ?

[0;32m356H[0;37m [0;32m128M[0;37m 59170–æ –ó–∞—É—á:0 –í—ã—Ö:–°–í–Æ–ó> ˇ˘
[1;33m–ë–∞–∑–∞—Ä : –ª–æ—Ç 236(–∑–Ω–∞–∫ –∑–∞—á–∞—Ä–æ–≤–∞–Ω–∏—è) –ø—Ä–æ–¥–∞–Ω –∑–∞ 10000 –∫—É–Ω.

[0;0m
[0;32m356H[0;37m [0;32m128M[0;37m 59170–æ –ó–∞—É—á:0 –í—ã—Ö:–°–í–Æ–ó> ˇ˘[1;36m–†–µ—á–Ω–∞—è —É–ª–∏—Ü–∞ [5013][0;37m
   –ó–¥–µ—Å—å —É–ª–∏—Ü–∞ –ø–æ–≤–æ—Ä–∞—á–∏–≤–∞–µ—Ç –∏ –æ–ø—É—Å–∫–∞–µ—Ç—Å—è –∫ –±–µ—Ä–µ–≥—É —Ä–µ–∫–∏. –°—Ä–∞–∑—É –ø–æ–≤–µ—è–ª–æ 
—Å–≤–µ–∂–µ—Å—Ç—å—é –∏ –ø—Ä–æ—Ö–ª–∞–¥–æ–π. –í–æ–∫—Ä—É–≥ –ø–æ—à–ª–∏ –¥–æ–º–∞ —Ä—è–¥–æ–≤—ã—Ö –∂–∏—Ç–µ–ª–µ–π –¥–µ—Ä–µ–≤–Ω–∏ —Å –∏—Ö
–Ω–µ—Ö–∏—Ç—Ä—ã–º–∏, –Ω–æ –∫–æ–ª–æ—Ä–∏—Ç–Ω—ã–º–∏ —É–∫—Ä–∞—à–µ–Ω–∏—è–º–∏.
[0;36m[ Exits: n e s w ][0;37m
[1;33m[1;31m–ù–∏—â–∏–π —Å—Ç—Ä–∞–Ω–Ω–∏–∫ –æ—Ç–¥—ã—Ö–∞–µ—Ç –∑–¥–µ—Å—å, –ø—Ä–∏—Ç—É–ª–∏–≤—à–∏—Å—å –ø–æ–¥ –∑–∞–±–æ—Ä–æ–º.  ..–°–ª–µ–ø.
[0;0m
[0;32m356H[0;37m [0;32m128M[0;37m 59170–æ –ó–∞—É—á:0 –í—ã—Ö:–°–í–Æ–ó> ˇ˘–í—ã —Å–∫–∞–∑–∞–ª–∏ : '–≥–æ—Ç–æ–≤'

[0;32m356H[0;37m [0;32m128M[0;37m 59170–æ –ó–∞—É—á:0 –í—ã—Ö:–°–í–Æ–ó> ˇ˘
–ù–∏—â–∏–π —Å—Ç—Ä–∞–Ω–Ω–∏–∫ —Å–∫–∞–∑–∞–ª : '–¢–æ–≥–¥–∞ —Å–ª—É—à–∞–π. –ö–æ–≥–¥–∞-—Ç–æ —è –±—ã–ª –±–æ–≥–∞—Ç—ã–º –∫—É–ø—Ü–æ–º.'
 - –ë—ã–ª–∏ —É –º–µ–Ω—è –ª–∞–≤–∫–∏, –ø–æ–ª–Ω—ã–µ –¥–æ–±—Ä–∞.
 - –ë—ã–ª–∏ –ª–∞–¥—å–∏ –±—ã—Å—Ç—Ä–æ—Ö–æ–¥–Ω—ã–µ, –±—ã–ª–∏ –ø—Ä–∏–∫–∞–∑—á–∏–∫–∏ –ø—Ä–æ–≤–æ—Ä–Ω—ã–µ –¥–∞ –æ—Ö—Ä–∞–Ω–∞ –Ω–∞–¥–µ–∂–Ω–∞—è.

[0;32m356H[0;37m [0;32m128M[0;37m 59170–æ –ó–∞—É—á:0 –í—ã—Ö:–°–í–Æ–ó> ˇ˘
[1;30m–ù–∏—â–∏–π —Å—Ç—Ä–∞–Ω–Ω–∏–∫ –≤–∑–¥–æ—Ö–Ω—É–ª.[0;0m

[0;32m356H[0;37m [0;32m128M[0;37m 59170–æ –ó–∞—É—á:0 –í—ã—Ö:–°–í–Æ–ó> ˇ˘
–ù–∏—â–∏–π —Å—Ç—Ä–∞–Ω–Ω–∏–∫ —Å–∫–∞–∑–∞–ª : '–ù–æ –∫–∞–∫-—Ç–æ –≤–æ —Ö–º–µ–ª—é —Å–∫–∞–∑–∞–ª —è, –Ω–µ –ø–æ–¥—É–º–∞–≤—à–∏, –æ –ë–æ–≥–∞—Ö —Å—Ç–∞—Ä—ã—Ö –Ω–µ—Ö–æ—Ä–æ—à–∏–µ —Å–ª–æ–≤–∞.'
 - –ê –û–Ω–∏ –∏ —É—Å–ª—ã—à–∞–ª–∏. –ò –Ω–∞–∫–∞–∑–∞–ª–∏ - —Å—Ç–∞–ª —è —Å–ª–µ–ø–Ω—É—Ç—å –¥–µ–Ω—å –æ—Ç–æ –¥–Ω—è.
 - –ë–µ–∑ –¥–æ–≥–ª—è–¥—É —Ö–æ–∑—è–π—Å–∫–æ–≥–æ —Ä–∞–∑–≤–∞–ª–∏–ª–∞—Å—å —Ç–æ—Ä–≥–æ–≤–ª—è, —É—à–ª–æ –±–æ–≥–∞—Ç—Å—Ç–≤–æ.
 - –í–æ–ª—Ö–≤—ã —Å–∫–∞–∑–∞–ª–∏, —á—Ç–æ –±–æ–ª—å—à–∏–º–∏ –¥–∞—Ä–∞–º–∏ –º–æ–∂–Ω–æ –∏—Å–∫—É–ø–∏—Ç—å –≤–∏–Ω—É.
 - –ò –æ—Ç–Ω–µ—Å —è –≤—Å–µ –¥–æ–±—Ä–æ –Ω–∞ –∫–∞–ø–∏—â–µ. –ù–µ –ø–æ–º–æ–≥–ª–æ, –≤–∏–¥–Ω–æ –Ω–µ —Ç–µ –¥–∞—Ä—ã –ë–æ–≥–∞–º –Ω—É–∂–Ω—ã...

[0;32m356H[0;37m [0;32m128M[0;37m 59170–æ –ó–∞—É—á:0 –í—ã—Ö:–°–í–Æ–ó> ˇ˘
–ù–∏—â–∏–π —Å—Ç—Ä–∞–Ω–Ω–∏–∫ —Å–∫–∞–∑–∞–ª : '–ù–æ –∫–∞–∫-—Ç–æ —É—Å–ª—ã—à–∞–ª —è, —á—Ç–æ –µ—Å—Ç—å –≤ —ç—Ç–∏—Ö –º–µ—Å—Ç–∞—Ö —Å–µ–º—å—è, –∫–æ—Ç–æ—Ä–∞—è –≤–ª–∞–¥–µ–µ—Ç —Ä–µ–¥–∫–æ–π –¥–∏–∫–æ–≤–∏–Ω–∫–æ–π.'
 - –°–∫–æ–ª —Å–µ–∫–∏—Ä—ã –≥—Ä–æ–º–æ–≤–æ–π, –∫–æ—Ç–æ—Ä–æ–π –ü–µ—Ä—É–Ω –ó–º–µ—è –≥–æ–Ω—è–µ—Ç.
 - –ü—Ä–∏—à–µ–ª —è –∫ –Ω–∏–º, –¥–∞ –ø—Ä–æ–≥–Ω–∞–ª–∏ —Å–æ –¥–≤–æ—Ä–∞ –Ω–∏—â–µ–≥–æ –∫–∞–ª–µ–∫—É,
 - –ß—Ç–æ —è –∏–º –¥–∞—Ç—å –º–æ–≥—É, —á–µ–º –æ—Ç–±–ª–∞–≥–æ–¥–∞—Ä–∏—Ç—å?
 - –ü—Ä–æ—à—É - –¥–æ–±—É–¥—å –º–Ω–µ –¥—Ä–∞–≥–æ—Ü–µ–Ω–Ω—ã–π –¥–∞—Ä, —É–≥–æ–≤–æ—Ä–∏ –∞–ª—å –æ—Ç—Å–ª—É–∂–∏.
 - –ú–æ–∂–µ—Ç, –µ—Å–ª–∏ –±—ã –æ—Ç–Ω–µ—Å —Ç–∞–∫–æ–π –¥–∞—Ä, –Ω–µ –±–æ–≥–∞—Ç—Å—Ç–≤–æ–º –∫–∏—á–∞—Å—å, –∞ –ø–æ—á—Ç–µ–Ω–∏–µ –≤—ã–∫–∞–∑—ã–≤–∞—è
 - –ú–æ–∂–µ—Ç —Ç–æ–≥–¥–∞ –ø—Ä–æ—Å—Ç—è—Ç –º–Ω–µ –≥–ª—É–ø—ã–µ —Å–ª–æ–≤–∞, –¥–∞ –æ—Ç —Ö–≤–æ—Ä–∏ –∏–∑–±–∞–≤—è—Ç?

[0;32m356H[0;37m [0;32m128M[0;37m 59170–æ –ó–∞—É—á:0 –í—ã—Ö:–°–í–Æ–ó> ˇ˘
–°–ª–∞–±—ã–π –≤–µ—Ç–µ—Ä.

[0;32m356H[0;37m [0;32m128M[0;37m 59170–æ –ó–∞—É—á:0 –í—ã—Ö:–°–í–Æ–ó> ˇ˘
[1;31m–ú–∏–Ω—É–ª —á–∞—Å.[0;37m

[0;32m356H[0;37m [0;32m128M[0;37m 59170–æ –ó–∞—É—á:0 –í—ã—Ö:–°–í–Æ–ó> ˇ˘
–ò–Ω–æ–∑–µ–º–µ—Ü –ø—Ä–∏—à–µ–ª —Å —é–≥–∞.

[0;32m356H[0;37m [0;32m128M[0;37m 59170–æ –ó–∞—É—á:0 –í—ã—Ö:–°–í–Æ–ó> ˇ˘ ##    –î–æ—Å—Ç—É–ø–Ω–æ   –ü—Ä–µ–¥–º–µ—Ç                                      –¶–µ–Ω–∞ (–∫—É–Ω—ã)
---------------------------------------------------------------------------
   1)     –ù–∞–≤–∞–ª–æ–º  –º–µ–¥–∞–ª—å–æ–Ω —Å –∏–∑–æ–±—Ä–∞–∂–µ–Ω–∏–µ–º –ª–æ—à–∞–¥–∏                    5000

[0;32m356H[0;37m [0;32m128M[0;37m 59170–æ –ó–∞—É—á:0 –í—ã—Ö:–°–í–Æ–ó> ˇ˘–í—ã –ø–æ–ø–ª–µ–ª–∏—Å—å –Ω–∞ —Å–µ–≤–µ—Ä.
[1;36m–ó–∞–±—Ä–æ—à–µ–Ω–Ω—ã–π –¥–æ–º [5024][0;37m
   –í–æ—Ç –µ—â–µ –æ–¥–∏–Ω –≤–∏–¥—É —Ö–æ—Ä–æ—à–∏–π –¥–æ–º —Å—Ç–æ–∏—Ç –≤ –∑–∞–ø—É—Å—Ç–µ–Ω—å–µ. –ó–∞–∫–æ–ª–æ—á–µ–Ω—ã —Å—Ç–∞–≤–Ω–∏, 
–¥–∞–≤–Ω–æ –Ω–µ –º–µ—Ç–µ–Ω—ã–π –¥–≤–æ—Ä. –ß—Ç–æ –∑–∞ –Ω–∞–ø–∞—Å—Ç—å –∑–∞—Å—Ç–∞–≤–∏–ª–∞ —Ö–æ–∑—è–µ–≤ –ø–æ–∫–∏–Ω—É—Ç—å —Å–≤–æ–µ
–∂–∏–ª–∏—â–µ –∏ –∏—Å–∫–∞—Ç—å –Ω–æ–≤–æ–µ –º–µ—Å—Ç–æ?
[0;36m[ Exits: s ][0;37m
[1;33m[1;31m[0;0m
[0;32m356H[0;37m [0;32m127M[0;37m 59170–æ –ó–∞—É—á:0 –í—ã—Ö:–Æ> ˇ˘–í—ã –ø–æ–ø–ª–µ–ª–∏—Å—å –Ω–∞ —é–≥.
[1;36m–†–µ—á–Ω–∞—è —É–ª–∏—Ü–∞ [5013][0;37m
   –ó–¥–µ—Å—å —É–ª–∏—Ü–∞ –ø–æ–≤–æ—Ä–∞—á–∏–≤–∞–µ—Ç –∏ –æ–ø—É—Å–∫–∞–µ—Ç—Å—è –∫ –±–µ—Ä–µ–≥—É —Ä–µ–∫–∏. –°—Ä–∞–∑—É –ø–æ–≤–µ—è–ª–æ 
—Å–≤–µ–∂–µ—Å—Ç—å—é –∏ –ø—Ä–æ—Ö–ª–∞–¥–æ–π. –í–æ–∫—Ä—É–≥ –ø–æ—à–ª–∏ –¥–æ–º–∞ —Ä—è–¥–æ–≤—ã—Ö –∂–∏—Ç–µ–ª–µ–π –¥–µ—Ä–µ–≤–Ω–∏ —Å –∏—Ö
–Ω–µ—Ö–∏—Ç—Ä—ã–º–∏, –Ω–æ –∫–æ–ª–æ—Ä–∏—Ç–Ω—ã–º–∏ —É–∫—Ä–∞—à–µ–Ω–∏—è–º–∏.
[0;36m[ Exits: n e s w ][0;37m
[1;33m[1;31m–ò–Ω–æ–∑–µ–º–µ—Ü —Å—Ç–æ–∏—Ç –∑–¥–µ—Å—å.
–ù–∏—â–∏–π —Å—Ç—Ä–∞–Ω–Ω–∏–∫ –æ—Ç–¥—ã—Ö–∞–µ—Ç –∑–¥–µ—Å—å, –ø—Ä–∏—Ç—É–ª–∏–≤—à–∏—Å—å –ø–æ–¥ –∑–∞–±–æ—Ä–æ–º.  ..–°–ª–µ–ø.
[0;0m[1;36m–ò–Ω–æ–∑–µ–º–µ—Ü —Å–∫–∞–∑–∞–ª –≤–∞–º : '–ù–µ –ø–æ–¥—Å–∫–∞–∂–µ—Ç–µ, –ª—é–¥–∏ –¥–æ–±—Ä—ã–µ, –∫–∞–∫ –¥–æ–±—Ä–∞—Ç—å—Å—è –¥–æ –ö–∏–µ–≤–∞?'[0;37m
[1;30m–ò–Ω–æ–∑–µ–º–µ—Ü –æ—â–µ—Ä–∏–ª –∑—É–±—ã –≤ –≥–Ω—É—Å–Ω–æ–π —É—Ö–º—ã–ª–∫–µ.[0;0m

[0;32m356H[0;37m [0;32m127M[0;37m 59170–æ –ó–∞—É—á:0 –í—ã—Ö:–°–í–Æ–ó> ˇ˘ ##    –î–æ—Å—Ç—É–ø–Ω–æ   –ü—Ä–µ–¥–º–µ—Ç                                      –¶–µ–Ω–∞ (–∫—É–Ω—ã)
---------------------------------------------------------------------------
   1)     –ù–∞–≤–∞–ª–æ–º  –º–µ–¥–∞–ª—å–æ–Ω —Å –∏–∑–æ–±—Ä–∞–∂–µ–Ω–∏–µ–º –ª–æ—à–∞–¥–∏                    5000

[0;32m356H[0;37m [0;32m128M[0;37m 59170–æ –ó–∞—É—á:0 –í—ã—Ö:–°–í–Æ–ó> ˇ˘–í—ã –ø–æ–ø–ª–µ–ª–∏—Å—å –Ω–∞ –≤–æ—Å—Ç–æ–∫.
[1;36m–†–µ—á–Ω–∞—è —É–ª–∏—Ü–∞ [5014][0;37m
   –£–ª–∏—Ü–∞ –ø—Ä—è–º–æ —É—Å—Ç—Ä–µ–º–∏–ª–∞—Å—å –∫ –±–µ—Ä–µ–≥—É —Ä–µ–∫–∏. –û—Ç–∫—Ä—ã–ª—Å—è —á—É–¥–µ—Å–Ω—ã–π –≤–∏–¥ –Ω–∞ —Ä–µ–∫—É,
–≤—ã—Ç–µ–∫–∞—é—â—É—é –∏–∑-–∑–∞ –±–ª–∏–∂–∞–π—à–µ–≥–æ —Ö–æ–ª–º–∞ –∏ —Ç–µ—Ä—è—é—â—É—é—Å—è –≤ –¥–∞–ª—å–Ω–µ–º –ª–µ—Å—É. –í–æ–∫—Ä—É–≥ 
–¥–æ–º–∞ —Ä—è–¥–æ–≤—ã—Ö –∂–∏—Ç–µ–ª–µ–π –¥–µ—Ä–µ–≤–Ω–∏ —Å –∏—Ö –Ω–µ—Ö–∏—Ç—Ä—ã–º–∏ —É–∫—Ä–∞—à–µ–Ω–∏—è–º–∏.
[0;36m[ Exits: e w ][0;37m
[1;33m[1;31m[0;0m
[0;32m356H[0;37m [0;32m127M[0;37m 59170–æ –ó–∞—É—á:0 –í—ã—Ö:–í–ó> ˇ˘–í—ã –ø–æ–ø–ª–µ–ª–∏—Å—å –Ω–∞ –≤–æ—Å—Ç–æ–∫.
[1;36m–†–µ—á–Ω–∞—è —É–ª–∏—Ü–∞ [5015][0;37m
   –£–ª–∏—Ü–∞ –ø—Ä—è–º–æ —É—Å—Ç—Ä–µ–º–∏–ª–∞—Å—å –∫ –±–µ—Ä–µ–≥—É —Ä–µ–∫–∏. –û—Ç–∫—Ä—ã–ª—Å—è —á—É–¥–µ—Å–Ω—ã–π –≤–∏–¥ –Ω–∞ —Ä–µ–∫—É,
–≤—ã—Ç–µ–∫–∞—é—â—É—é –∏–∑-–∑–∞ –±–ª–∏–∂–∞–π—à–µ–≥–æ —Ö–æ–ª–º–∞ –∏ —Ç–µ—Ä—è—é—â—É—é—Å—è –≤ –¥–∞–ª—å–Ω–µ–º –ª–µ—Å—É. –í–æ–∫—Ä—É–≥ 
–¥–æ–º–∞ —Ä—è–¥–æ–≤—ã—Ö –∂–∏—Ç–µ–ª–µ–π –¥–µ—Ä–µ–≤–Ω–∏ —Å –∏—Ö –Ω–µ—Ö–∏—Ç—Ä—ã–º–∏ —É–∫—Ä–∞—à–µ–Ω–∏—è–º–∏.
[0;36m[ Exits: n e s w ][0;37m
[1;33m[1;31m[0;0m
[0;32m356H[0;37m [0;32m127M[0;37m 59170–æ –ó–∞—É—á:0 –í—ã—Ö:–°–í–Æ–ó> ˇ˘–í—ã –ø–æ—Å–º–æ—Ç—Ä–µ–ª–∏ –ø–æ —Å—Ç–æ—Ä–æ–Ω–∞–º.
[0;33m–°–µ–≤–µ—Ä:[0;37m –ö —Ü–µ—Ä–∫–≤—É—à–∫–µ
[1;31m–ú–µ—Å—Ç–Ω—ã–π –∂–∏—Ç–µ–ª—å —Å—Ç–æ–∏—Ç –∑–¥–µ—Å—å. 
[0;0m[0;33m–í–æ—Å—Ç–æ–∫:[0;37m –£ –±–µ—Ä–µ–≥–∞ —Ä–µ–∫–∏
[1;31m[0;0m[0;33m–Æ–≥:[0;37m –î–≤–æ—Ä –ø–µ—Ä–µ–¥ –¥–æ–º–æ–º
[1;31m[0;0m[0;33m–ó–∞–ø–∞–¥:[0;37m –†–µ—á–Ω–∞—è —É–ª–∏—Ü–∞
[1;31m[0;0m
[0;32m356H[0;37m [0;32m128M[0;37m 59170–æ –ó–∞—É—á:0 –í—ã—Ö:–°–í–Æ–ó> ˇ˘–í—ã –ø–æ–ø–ª–µ–ª–∏—Å—å –Ω–∞ —Å–µ–≤–µ—Ä.
[1;36m–ö —Ü–µ—Ä–∫–≤—É—à–∫–µ [5040][0;37m
   –ù–∞ —Å–µ–≤–µ—Ä –æ—Ç–∫—Ä—ã–ª—Å—è –≤–∏–¥ –Ω–∞ —Å–∞–º–æ–µ –≤—ã—Å–æ–∫–æ–µ –º–µ—Å—Ç–æ –≤ –¥–µ—Ä–µ–≤–Ω–µ. –ù–∞ –≤–µ—Ä—à–∏–Ω–µ —Ö–æ–ª–º–∞, 
–≤–æ–∑–≤—ã—à–∞—é—â–µ–≥–æ—Å—è –Ω–∞–¥ –≤—Å–µ–π –æ–∫—Ä—É–≥–æ–π –∏ –ø—Ä–æ—Ç–µ–∫–∞—é—â–µ–π —Ä—è–¥–æ–º —Ä–µ–∫–æ–π, –ø–æ—Å—Ç—Ä–æ–µ–Ω–∞ –¥–µ—Ä–µ–≤—è–Ω–Ω–∞—è
–º–∞–ª–µ–Ω—å–∫–∞—è —Ü–µ—Ä–∫–≤—É—à–∫–∞. –í—Å–µ–≥–æ –æ–¥–Ω–∞ –ª—É–∫–æ–≤–∏—Ü–∞ —Å –∫—Ä–µ—Å—Ç–æ–º —Å–≤–µ—Ä—Ö—É, –Ω–æ —Å–¥–µ–ª–∞–Ω–Ω–∞—è –¥–æ–±—Ä–æ—Ç–Ω–æ
–∏ –∫—Ä–∞—Å–∏–≤–æ —Ü–µ—Ä–∫–≤—É—à–∫–∞ –ø–æ –ø—Ä–∞–≤—É –º–æ–∂–µ—Ç —Å—á–∏—Ç–∞—Ç—å—Å—è –ø—Ä–∏—Å—Ç–∞–Ω–∏—â–µ–º –±–æ–∂—å–∏—Ö —Å–ª—É–≥.
[0;36m[ Exits: n s ][0;37m
[1;33m[1;31m–ú–µ—Å—Ç–Ω—ã–π –∂–∏—Ç–µ–ª—å –∏–¥–µ—Ç –∑–¥–µ—Å—å.
[0;0m
[0;32m356H[0;37m [0;32m127M[0;37m 59170–æ –ó–∞—É—á:0 –í—ã—Ö:–°–Æ> ˇ˘–í—ã –ø–æ–ø–ª–µ–ª–∏—Å—å –Ω–∞ —Å–µ–≤–µ—Ä.
[1;36m–í —Ü–µ—Ä–∫–≤–∏ [5041][0;37m
   –í–Ω—É—Ç—Ä–∏ —Ü–µ—Ä–∫–≤–∏ –Ω–µ–º–Ω–æ–≥–æ —Ç–µ–º–Ω–æ–≤–∞—Ç–æ, —Ç–∞–∫ –∫–∞–∫ —Ç–æ–ª—å–∫–æ –Ω–µ–±–æ–ª—å—à–∏–µ –æ–∫–æ–Ω—Ü–∞ –ø–æ–¥ —Å–∞–º–æ–π
–∫—Ä—ã—à–µ–π –ø—Ä–æ–ø—É—Å–∫–∞—é—Ç –Ω–µ–º–Ω–æ–≥–æ —Å–≤–µ—Ç–∞. –í–¥–æ–±–∞–≤–æ–∫ –Ω–µ–º–Ω–æ–≥–æ –¥—É—à–Ω–æ–≤–∞—Ç–æ –ø–æ—Å–ª–µ —Å–≤–µ–∂–µ–≥–æ
–≤–æ–∑–¥—É—Ö–∞ –æ—Ç –∑–∞–ø–∞—Ö–∞ –∫–∞–¥–∏–ª–∞ –∏ –≥–æ—Ä—è—â–∏—Ö —Ç—É—Ç –∏ —Ç–∞–º —Å–≤–µ—á–µ–∫. –ù–∞ —Å—Ç–µ–Ω–∞—Ö —Ä–∞—Å–ø–æ–ª–æ–∂–µ–Ω—ã
–±–æ–ª—å—à–∏–µ –∏ –º–∞–ª—ã–µ –∏–∫–æ–Ω—ã —Å–æ —Å–≤—è—Ç—ã–º–∏ –∏ –≤–µ–ª–∏–∫–æ–º—É—á–µ–Ω–∏–∫–∞–º–∏. –ü—Ä–∏—è—Ç–Ω–æ–µ –æ—â—É—â–µ–Ω–∏–µ –ø–æ–∫–æ—è,
–∑–∞—â–∏—â–µ–Ω–Ω–æ—Å—Ç–∏ –∏ —Å–≤—è—Ç–æ—Å—Ç–∏ –ø—Ä–æ–Ω–∏–∫–ª–æ –≤ –≤–∞—à—É –¥—É—à—É.  
[0;36m[ Exits: s ][0;37m
[1;33m[1;31m[0;0m
[0;32m356H[0;37m [0;32m127M[0;37m 59170–æ –ó–∞—É—á:0 –í—ã—Ö:–Æ> ˇ˘–í—ã –ø–æ–ø–ª–µ–ª–∏—Å—å –Ω–∞ —é–≥.
[1;36m–ö —Ü–µ—Ä–∫–≤—É—à–∫–µ [5040][0;37m
   –ù–∞ —Å–µ–≤–µ—Ä –æ—Ç–∫—Ä—ã–ª—Å—è –≤–∏–¥ –Ω–∞ —Å–∞–º–æ–µ –≤—ã—Å–æ–∫–æ–µ –º–µ—Å—Ç–æ –≤ –¥–µ—Ä–µ–≤–Ω–µ. –ù–∞ –≤–µ—Ä—à–∏–Ω–µ —Ö–æ–ª–º–∞, 
–≤–æ–∑–≤—ã—à–∞—é—â–µ–≥–æ—Å—è –Ω–∞–¥ –≤—Å–µ–π –æ–∫—Ä—É–≥–æ–π –∏ –ø—Ä–æ—Ç–µ–∫–∞—é—â–µ–π —Ä—è–¥–æ–º —Ä–µ–∫–æ–π, –ø–æ—Å—Ç—Ä–æ–µ–Ω–∞ –¥–µ—Ä–µ–≤—è–Ω–Ω–∞—è
–º–∞–ª–µ–Ω—å–∫–∞—è —Ü–µ—Ä–∫–≤—É—à–∫–∞. –í—Å–µ–≥–æ –æ–¥–Ω–∞ –ª—É–∫–æ–≤–∏—Ü–∞ —Å –∫—Ä–µ—Å—Ç–æ–º —Å–≤–µ—Ä—Ö—É, –Ω–æ —Å–¥–µ–ª–∞–Ω–Ω–∞—è –¥–æ–±—Ä–æ—Ç–Ω–æ
–∏ –∫—Ä–∞—Å–∏–≤–æ —Ü–µ—Ä–∫–≤—É—à–∫–∞ –ø–æ –ø—Ä–∞–≤—É –º–æ–∂–µ—Ç —Å—á–∏—Ç–∞—Ç—å—Å—è –ø—Ä–∏—Å—Ç–∞–Ω–∏—â–µ–º –±–æ–∂—å–∏—Ö —Å–ª—É–≥.
[0;36m[ Exits: n s ][0;37m
[1;33m[1;31m–ú–µ—Å—Ç–Ω—ã–π –∂–∏—Ç–µ–ª—å –∏–¥–µ—Ç –∑–¥–µ—Å—å.
[0;0m
[0;32m356H[0;37m [0;32m127M[0;37m 59170–æ –ó–∞—É—á:0 –í—ã—Ö:–°–Æ> ˇ˘–í—ã –ø–æ–ø–ª–µ–ª–∏—Å—å –Ω–∞ —é–≥.
[1;36m–†–µ—á–Ω–∞—è —É–ª–∏—Ü–∞ [5015][0;37m
   –£–ª–∏—Ü–∞ –ø—Ä—è–º–æ —É—Å—Ç—Ä–µ–º–∏–ª–∞—Å—å –∫ –±–µ—Ä–µ–≥—É —Ä–µ–∫–∏. –û—Ç–∫—Ä—ã–ª—Å—è —á—É–¥–µ—Å–Ω—ã–π –≤–∏–¥ –Ω–∞ —Ä–µ–∫—É,
–≤—ã—Ç–µ–∫–∞—é—â—É—é –∏–∑-–∑–∞ –±–ª–∏–∂–∞–π—à–µ–≥–æ —Ö–æ–ª–º–∞ –∏ —Ç–µ—Ä—è—é—â—É—é—Å—è –≤ –¥–∞–ª—å–Ω–µ–º –ª–µ—Å—É. –í–æ–∫—Ä—É–≥ 
–¥–æ–º–∞ —Ä—è–¥–æ–≤—ã—Ö –∂–∏—Ç–µ–ª–µ–π –¥–µ—Ä–µ–≤–Ω–∏ —Å –∏—Ö –Ω–µ—Ö–∏—Ç—Ä—ã–º–∏ —É–∫—Ä–∞—à–µ–Ω–∏—è–º–∏.
[0;36m[ Exits: n e s w ][0;37m
[1;33m[1;31m[0;0m
[0;32m356H[0;37m [0;32m127M[0;37m 59170–æ –ó–∞—É—á:0 –í—ã—Ö:–°–í–Æ–ó> ˇ˘–í—ã –ø–æ–ø–ª–µ–ª–∏—Å—å –Ω–∞ —é–≥.
[1;36m–î–≤–æ—Ä –ø–µ—Ä–µ–¥ –¥–æ–º–æ–º [5021][0;37m
   –í–æ –¥–≤–æ—Ä–µ –ª–µ–∂–∏—Ç –ø–µ—Ä–µ–≤–µ—Ä–Ω—É—Ç–∞—è –≤–≤–µ—Ä—Ö –¥–Ω–æ–º –ª–æ–¥–∫–∞, —Ä–∞–∑–ª–æ–∂–µ–Ω—ã –Ω–∞ –ø—Ä–æ—Å—É—à–∫—É
—Å–µ—Ç–∏ –∏ —Ä—ã–±–æ–ª–æ–≤–µ—Ü–∫–∏–µ —Å–Ω–∞—Å—Ç–∏. –ù–∞ –≤–µ—Ä–µ–≤–∫–µ –≤–∏—Å—è—Ç —Ä–∞–∑–ª–∏—á–Ω—ã–µ —Ä—ã–±–∏–Ω—ã –Ω–∞ —Å—É—à–∫—É.
–°—Ç–æ–π–∫–∏–π —Ä—ã–±–Ω—ã–π –∑–∞–ø–∞—Ö –ø—Ä–æ–ø–∏—Ç–∞–ª –≤—Å–µ –ø–æ—Å—Ç—Ä–æ–π–∫–∏ –ø–æ –¥–≤–æ—Ä—É.
[0;36m[ Exits: n e ][0;37m
[1;33m[1;31m[0;0m
[0;32m356H[0;37m [0;32m127M[0;37m 59170–æ –ó–∞—É—á:0 –í—ã—Ö:–°–í> ˇ˘–í—ã –ø–æ–ø–ª–µ–ª–∏—Å—å –Ω–∞ –≤–æ—Å—Ç–æ–∫.
[1;36m–î–æ–º —Ä—ã–±–∞–∫–∞ [5020][0;37m
   –ü—Ä–æ–ø–∞—Ö—à–∏–π —Ä—ã–±–æ–π, –∑–∞–≤–∞–ª–µ–Ω–Ω—ã–π —Ä–∞–∑–ª–∏—á–Ω—ã–º–∏ —Å–Ω–∞—Å—Ç—è–º–∏ –¥–æ–º —Ä—ã–±–∞–∫–∞ —Å—Ç–æ–∏—Ç –ø–æ—á—Ç–∏
—É —Å–∞–º–æ–π –≤–æ–¥—ã. –ë–æ–ª—å—à–µ –Ω–∏–∫—Ç–æ –Ω–µ —Ä–µ—à–∞–µ—Ç—Å—è —Å–µ–ª–∏—Ç—Å—è —Ç–∞–∫ –±–ª–∏–∑–∫–æ –∫ –≤–æ–¥–µ, –¥–∞ –∏ —ç—Ç–æ—Ç
–¥–æ–º –Ω–µ —Å–æ–≤—Å–µ–º –æ–±—ã—á–Ω—ã–π. –î–æ–º –ø–æ—Å—Ç–∞–≤–ª–µ–Ω –Ω–∞ —Å–≤–∞–∏, —á—Ç–æ –ø–æ–∑–≤–æ–ª—è–µ—Ç –∏–∑–±–µ–∂–∞—Ç—å –∑–∞—Ç–æ–ø–ª–µ–Ω–∏—è
–ø—Ä–∏ –≤–µ—Å–µ–Ω–Ω–∏—Ö –ø–æ–¥—ä–µ–º–∞—Ö –≤–æ–¥—ã.
[0;36m[ Exits: n e w ][0;37m
[1;33m–ù–µ–º–Ω–æ–≥–æ –æ—Ç—Ä—É–±–µ–π –ø—Ä–æ—Å—ã–ø–∞–Ω–æ –∑–¥–µ—Å—å.
[1;31m–ü–µ—á–∞–ª—å–Ω—ã–π —Ä—ã–±–∞–∫ —Å–∏–¥–∏—Ç –∑–¥–µ—Å—å.
[0;0m
[0;32m356H[0;37m [0;32m127M[0;37m 59170–æ –ó–∞—É—á:0 –í—ã—Ö:–°–í–ó> ˇ˘–í—ã –ø–æ—Å–º–æ—Ç—Ä–µ–ª–∏ –ø–æ —Å—Ç–æ—Ä–æ–Ω–∞–º.
[0;33m–°–µ–≤–µ—Ä:[0;37m –£ –±–µ—Ä–µ–≥–∞ —Ä–µ–∫–∏
[1;31m[0;0m[0;33m–í–æ—Å—Ç–æ–∫:[0;37m –ù–∞ –±–µ—Ä–µ–≥—É —Ä–µ–∫–∏
[1;31m[0;0m[0;33m–ó–∞–ø–∞–¥:[0;37m –î–≤–æ—Ä –ø–µ—Ä–µ–¥ –¥–æ–º–æ–º
[1;31m[0;0m
[0;32m356H[0;37m [0;32m128M[0;37m 59170–æ –ó–∞—É—á:0 –í—ã—Ö:–°–í–ó> ˇ˘–í—ã –ø–æ–ø–ª–µ–ª–∏—Å—å –Ω–∞ –≤–æ—Å—Ç–æ–∫.
[1;36m–ù–∞ –±–µ—Ä–µ–≥—É —Ä–µ–∫–∏ [5019][0;37m
   –ü–æ–ª–æ–≥–∏–π –±–µ—Ä–µ–≥ —Ä–µ–∫–∏ –ø–æ–∫—Ä—ã—Ç –Ω–∞–Ω–µ—Å–µ–Ω–Ω—ã–º –≤–æ–¥–æ–π –∏–ª–æ–º, –≤–µ—Ç–∫–∞–º–∏ –¥–µ—Ä–µ–≤—å–µ–≤.
–ò–¥—Ç–∏ –≤—è–∑–∫–æ, –Ω–æ–≥–∏ —Ü–µ–ø–ª—è—é—Ç—Å—è –∑–∞ –∫–æ—Ä–Ω–∏ –±–ª–∏–∂–∞–π—à–∏—Ö –¥–µ—Ä–µ–≤—å–µ–≤, —Ä–∞–∑–º—ã—Ç—ã—Ö –ø—Ä–∏–ª–∏–≤–∞–º–∏
–∏ –æ—Ç–ª–∏–≤–∞–º–∏.
[0;36m[ Exits: n s w ][0;37m
[1;33m[1;31m[0;0m
[0;32m356H[0;37m [0;32m127M[0;37m 59170–æ –ó–∞—É—á:0 –í—ã—Ö:–°–Æ–ó> ˇ˘–í—ã –ø–æ–ø–ª–µ–ª–∏—Å—å –Ω–∞ —é–≥.
[1;36m–ù–∞ –±–µ—Ä–µ–≥—É —Ä–µ–∫–∏ [5022][0;37m
   –ü–æ–ª–æ–≥–∏–π –±–µ—Ä–µ–≥ —Ä–µ–∫–∏ –ø–æ–∫—Ä—ã—Ç –Ω–∞–Ω–µ—Å–µ–Ω–Ω—ã–º –≤–æ–¥–æ–π –∏–ª–æ–º, –≤–µ—Ç–∫–∞–º–∏ –¥–µ—Ä–µ–≤—å–µ–≤.
–ò–¥—Ç–∏ –≤—è–∑–∫–æ, –Ω–æ–≥–∏ —Ü–µ–ø–ª—è—é—Ç—Å—è –∑–∞ –∫–æ—Ä–Ω–∏ –±–ª–∏–∂–∞–π—à–∏—Ö –¥–µ—Ä–µ–≤—å–µ–≤, —Ä–∞–∑–º—ã—Ç—ã—Ö –ø—Ä–∏–ª–∏–≤–∞–º–∏
–∏ –æ—Ç–ª–∏–≤–∞–º–∏.
[0;36m[ Exits: n ][0;37m
[1;33m–õ—É–∂–∏—Ü–∞ –¥–æ–∂–¥–µ–≤–æ–π –≤–æ–¥—ã —Ä–∞–∑–ª–∏—Ç–∞ —É –≤–∞—à–∏—Ö –Ω–æ–≥.
[1;31m–ú–æ–ª–æ–¥–æ–π –ø–∞—Ä–µ–Ω—å –≥—É–ª—è–µ—Ç –∑–¥–µ—Å—å.
[0;0m
[0;32m356H[0;37m [0;32m127M[0;37m 59170–æ –ó–∞—É—á:0 –í—ã—Ö:–°> ˇ˘–í—ã –ø–æ–ø–ª–µ–ª–∏—Å—å –Ω–∞ —Å–µ–≤–µ—Ä.
[1;36m–ù–∞ –±–µ—Ä–µ–≥—É —Ä–µ–∫–∏ [5019][0;37m
   –ü–æ–ª–æ–≥–∏–π –±–µ—Ä–µ–≥ —Ä–µ–∫–∏ –ø–æ–∫—Ä—ã—Ç –Ω–∞–Ω–µ—Å–µ–Ω–Ω—ã–º –≤–æ–¥–æ–π –∏–ª–æ–º, –≤–µ—Ç–∫–∞–º–∏ –¥–µ—Ä–µ–≤—å–µ–≤.
–ò–¥—Ç–∏ –≤—è–∑–∫–æ, –Ω–æ–≥–∏ —Ü–µ–ø–ª—è—é—Ç—Å—è –∑–∞ –∫–æ—Ä–Ω–∏ –±–ª–∏–∂–∞–π—à–∏—Ö –¥–µ—Ä–µ–≤—å–µ–≤, —Ä–∞–∑–º—ã—Ç—ã—Ö –ø—Ä–∏–ª–∏–≤–∞–º–∏
–∏ –æ—Ç–ª–∏–≤–∞–º–∏.
[0;36m[ Exits: n s w ][0;37m
[1;33m[1;31m[0;0m
[0;32m356H[0;37m [0;32m127M[0;37m 59170–æ –ó–∞—É—á:0 –í—ã—Ö:–°–Æ–ó> ˇ˘–í—ã –ø–æ–ø–ª–µ–ª–∏—Å—å –Ω–∞ —Å–µ–≤–µ—Ä.
[1;36m–ù–∞ –±–µ—Ä–µ–≥—É —Ä–µ–∫–∏ [5017][0;37m
   –ü–æ–ª–æ–≥–∏–π –±–µ—Ä–µ–≥ —Ä–µ–∫–∏ –ø–æ–∫—Ä—ã—Ç –Ω–∞–Ω–µ—Å–µ–Ω–Ω—ã–º –≤–æ–¥–æ–π –∏–ª–æ–º, –≤–µ—Ç–∫–∞–º–∏ –¥–µ—Ä–µ–≤—å–µ–≤.
–ò–¥—Ç–∏ –≤—è–∑–∫–æ, –Ω–æ–≥–∏ —Ü–µ–ø–ª—è—é—Ç—Å—è –∑–∞ –∫–æ—Ä–Ω–∏ –±–ª–∏–∂–∞–π—à–∏—Ö –¥–µ—Ä–µ–≤—å–µ–≤, —Ä–∞–∑–º—ã—Ç—ã—Ö –ø—Ä–∏–ª–∏–≤–∞–º–∏
–∏ –æ—Ç–ª–∏–≤–∞–º–∏.
[0;36m[ Exits: n s w ][0;37m
[1;33m[1;31m[0;0m
[0;32m356H[0;37m [0;32m127M[0;37m 59170–æ –ó–∞—É—á:0 –í—ã—Ö:–°–Æ–ó> ˇ˘–í—ã –ø–æ–ø–ª–µ–ª–∏—Å—å –Ω–∞ —Å–µ–≤–µ—Ä.
[1;36m–ù–∞ –±–µ—Ä–µ–≥—É —Ä–µ–∫–∏ [5018][0;37m
   –ü–æ–ª–æ–≥–∏–π –±–µ—Ä–µ–≥ —Ä–µ–∫–∏ –ø–æ–∫—Ä—ã—Ç –Ω–∞–Ω–µ—Å–µ–Ω–Ω—ã–º –≤–æ–¥–æ–π –∏–ª–æ–º, –≤–µ—Ç–∫–∞–º–∏ –¥–µ—Ä–µ–≤—å–µ–≤.
–ò–¥—Ç–∏ –≤—è–∑–∫–æ, –Ω–æ–≥–∏ —Ü–µ–ø–ª—è—é—Ç—Å—è –∑–∞ –∫–æ—Ä–Ω–∏ –±–ª–∏–∂–∞–π—à–∏—Ö –¥–µ—Ä–µ–≤—å–µ–≤, —Ä–∞–∑–º—ã—Ç—ã—Ö –ø—Ä–∏–ª–∏–≤–∞–º–∏
–∏ –æ—Ç–ª–∏–≤–∞–º–∏.
[0;36m[ Exits: N s ][0;37m
[1;33m[1;31m[0;0m
[0;32m356H[0;37m [0;32m127M[0;37m 59170–æ –ó–∞—É—á:0 –í—ã—Ö:–°–Æ> ˇ˘–í—ã –ø–æ–ø–ª–µ–ª–∏—Å—å –Ω–∞ —Å–µ–≤–µ—Ä.
[1;36m–ù–∞ –±–µ—Ä–µ–≥—É [29275][0;37m
   –ù–µ–≤—ã—Å–æ–∫–∏–π –ø–æ—Ä–æ—Å—à–∏–π –∂–∏–¥–∫–∏–º –∫—É—Å—Ç–∞—Ä–Ω–∏–∫–æ–º –±–µ—Ä–µ–≥ –∏–∑—Ä–µ–∑–∞–Ω —Å–ª–µ–¥–∞–º–∏ –æ—Ç –ø—Ä–∏—Å—Ç–∞—é—â–∏—Ö
–ª–æ–¥–æ–∫. –ú–µ–ª–∫–∞—è –≥–∞–ª—å–∫–∞ —à—É—Ä—à–∏—Ç –ø–æ–¥ –Ω–æ–≥–∞–º–∏, –Ω–µ –ø–æ–∑–≤–æ–ª—è—è –±–µ—Å—à—É–º–Ω–æ –ø–µ—Ä–µ—Å–µ—á—å –æ—Ç–∫—Ä—ã—Ç–æ–µ
–º–µ—Å—Ç–æ.
[0;36m[ Exits: S ][0;37m
[1;33m–ü—Ä–∏–≥–ª—è–¥–µ–≤—à–∏—Å—å, –≤—ã –≤–∏–¥–∏—Ç–µ —è–≥–æ–¥—É —á–µ—Ä–Ω–æ–π —Å–º–æ—Ä–æ–¥–∏–Ω—ã.
[1;31m–ú–æ–ª–æ–¥–æ–π –ª–æ–¥–æ—á–Ω–∏–∫ –≤–µ—Å–µ–ª–æ —Å–º–æ—Ç—Ä–∏—Ç –≤–æ–∫—Ä—É–≥.
–ü–æ–∂–∏–ª–æ–π —à–∏—Ä–æ–∫–æ–ø–ª–µ—á–∏–π –∫—Ä–µ—Å—Ç—å—è–Ω–∏–Ω –≤ –¥–æ–±—Ä–æ—Ç–Ω–æ–π –æ–¥–µ–∂–¥–µ –ø—Ä–æ—Ö–∞–∂–∏–≤–∞–µ—Ç—Å—è —Ç—É—Ç.
[0;0m
–¢—Ä–∞–≤–µ–Ω—å –æ—Å—Ç—Ä–æ–≤ (—Å—Ä–µ–¥–Ω–∏–π —É—Ä–æ–≤–µ–Ω—å: 8).

[0;32m356H[0;37m [0;32m127M[0;37m 59170–æ –ó–∞—É—á:0 –í—ã—Ö:–Æ> ˇ˘
- –ó–∞ –¥–≤–∞–¥—Ü–∞—Ç—å –∫—É–Ω —è –º–æ–≥ –±—ã –ø–µ—Ä–µ–≤–µ–∑—Ç–∏ –≤–∞—Å –Ω–∞ –¥—Ä—É–≥–æ–π –±–µ—Ä–µ–≥.
- –ù–∞ –æ—Å—Ç—Ä–æ–≤ –¢—Ä–∞–≤–µ–Ω—å.
[1;30m–ì—É–±—ã –º–æ–ª–æ–¥–æ–≥–æ –ª–æ–¥–æ—á–Ω–∏–∫–∞ —Ç—Ä–æ–Ω—É–ª–∞ —É–ª—ã–±–∫–∞.[0;0m

[0;32m356H[0;37m [0;32m128M[0;37m 59170–æ –ó–∞—É—á:0 –í—ã—Ö:–Æ> ˇ˘–í—ã –ø–æ–ø–ª–µ–ª–∏—Å—å –Ω–∞ —é–≥.
[1;36m–ù–∞ –±–µ—Ä–µ–≥—É —Ä–µ–∫–∏ [5018][0;37m
   –ü–æ–ª–æ–≥–∏–π –±–µ—Ä–µ–≥ —Ä–µ–∫–∏ –ø–æ–∫—Ä—ã—Ç –Ω–∞–Ω–µ—Å–µ–Ω–Ω—ã–º –≤–æ–¥–æ–π –∏–ª–æ–º, –≤–µ—Ç–∫–∞–º–∏ –¥–µ—Ä–µ–≤—å–µ–≤.
–ò–¥—Ç–∏ –≤—è–∑–∫–æ, –Ω–æ–≥–∏ —Ü–µ–ø–ª—è—é—Ç—Å—è –∑–∞ –∫–æ—Ä–Ω–∏ –±–ª–∏–∂–∞–π—à–∏—Ö –¥–µ—Ä–µ–≤—å–µ–≤, —Ä–∞–∑–º—ã—Ç—ã—Ö –ø—Ä–∏–ª–∏–≤–∞–º–∏
–∏ –æ—Ç–ª–∏–≤–∞–º–∏.
[0;36m[ Exits: N s ][0;37m
[1;33m[1;31m[0;0m
–î–µ—Ä–µ–≤–Ω—è —É —Ä–µ–∫–∏ (2-–∞—è —Ä–æ–¥–æ–≤–∞—è).

[0;32m356H[0;37m [0;32m127M[0;37m 59170–æ –ó–∞—É—á:0 –í—ã—Ö:–°–Æ> ˇ˘–í—ã –Ω–µ —Å–º–æ–∂–µ—Ç–µ —Ç—É–¥–∞ –ø—Ä–æ–π—Ç–∏...

[0;32m356H[0;37m [0;32m128M[0;37m 59170–æ –ó–∞—É—á:0 –í—ã—Ö:–°–Æ> ˇ˘–í—ã –ø–æ–ø–ª–µ–ª–∏—Å—å –Ω–∞ —é–≥.
[1;36m–ù–∞ –±–µ—Ä–µ–≥—É —Ä–µ–∫–∏ [5017][0;37m
   –ü–æ–ª–æ–≥–∏–π –±–µ—Ä–µ–≥ —Ä–µ–∫–∏ –ø–æ–∫—Ä—ã—Ç –Ω–∞–Ω–µ—Å–µ–Ω–Ω—ã–º –≤–æ–¥–æ–π –∏–ª–æ–º, –≤–µ—Ç–∫–∞–º–∏ –¥–µ—Ä–µ–≤—å–µ–≤.
–ò–¥—Ç–∏ –≤—è–∑–∫–æ, –Ω–æ–≥–∏ —Ü–µ–ø–ª—è—é—Ç—Å—è –∑–∞ –∫–æ—Ä–Ω–∏ –±–ª–∏–∂–∞–π—à–∏—Ö –¥–µ—Ä–µ–≤—å–µ–≤, —Ä–∞–∑–º—ã—Ç—ã—Ö –ø—Ä–∏–ª–∏–≤–∞–º–∏
–∏ –æ—Ç–ª–∏–≤–∞–º–∏.
[0;36m[ Exits: n s w ][0;37m
[1;33m[1;31m[0;0m
[0;32m356H[0;37m [0;32m127M[0;37m 59170–æ –ó–∞—É—á:0 –í—ã—Ö:–°–Æ–ó> ˇ˘–í—ã –ø–æ–ø–ª–µ–ª–∏—Å—å –Ω–∞ –∑–∞–ø–∞–¥.
[1;36m–£ –±–µ—Ä–µ–≥–∞ —Ä–µ–∫–∏ [5016][0;37m
   –£–ª–∏—Ü–∞ –ø—Ä—è–º–æ —É—Å—Ç—Ä–µ–º–∏–ª–∞—Å—å –∫ –±–µ—Ä–µ–≥—É —Ä–µ–∫–∏. –û—Ç–∫—Ä—ã–ª—Å—è —á—É–¥–µ—Å–Ω—ã–π –≤–∏–¥ –Ω–∞ —Ä–µ–∫—É,
–≤—ã—Ç–µ–∫–∞—é—â—É—é –∏–∑-–∑–∞ –±–ª–∏–∂–∞–π—à–µ–≥–æ —Ö–æ–ª–º–∞ –∏ —Ç–µ—Ä—è—é—â—É—é—Å—è –≤ –¥–∞–ª—å–Ω–µ–º –ª–µ—Å—É. –í–æ–∫—Ä—É–≥ 
–¥–æ–º–∞ —Ä—è–¥–æ–≤—ã—Ö –∂–∏—Ç–µ–ª–µ–π –¥–µ—Ä–µ–≤–Ω–∏ —Å –∏—Ö –Ω–µ—Ö–∏—Ç—Ä—ã–º–∏ —É–∫—Ä–∞—à–µ–Ω–∏—è–º–∏.
[0;36m[ Exits: e s w ][0;37m
[1;33m–ó–¥–µ—Å—å –ª–µ–∂–∏—Ç –º–æ—Ä–∫–æ–≤—å.
[1;31m[0;0m
[0;32m356H[0;37m [0;32m127M[0;37m 59170–æ –ó–∞—É—á:0 –í—ã—Ö:–í–Æ–ó> ˇ˘–í—ã –ø–æ–ø–ª–µ–ª–∏—Å—å –Ω–∞ –∑–∞–ø–∞–¥.
[1;36m–†–µ—á–Ω–∞—è —É–ª–∏—Ü–∞ [5015][0;37m
   –£–ª–∏—Ü–∞ –ø—Ä—è–º–æ —É—Å—Ç—Ä–µ–º–∏–ª–∞—Å—å –∫ –±–µ—Ä–µ–≥—É —Ä–µ–∫–∏. –û—Ç–∫—Ä—ã–ª—Å—è —á—É–¥–µ—Å–Ω—ã–π –≤–∏–¥ –Ω–∞ —Ä–µ–∫—É,
–≤—ã—Ç–µ–∫–∞—é—â—É—é –∏–∑-–∑–∞ –±–ª–∏–∂–∞–π—à–µ–≥–æ —Ö–æ–ª–º–∞ –∏ —Ç–µ—Ä—è—é—â—É—é—Å—è –≤ –¥–∞–ª—å–Ω–µ–º –ª–µ—Å—É. –í–æ–∫—Ä—É–≥ 
–¥–æ–º–∞ —Ä—è–¥–æ–≤—ã—Ö –∂–∏—Ç–µ–ª–µ–π –¥–µ—Ä–µ–≤–Ω–∏ —Å –∏—Ö –Ω–µ—Ö–∏—Ç—Ä—ã–º–∏ —É–∫—Ä–∞—à–µ–Ω–∏—è–º–∏.
[0;36m[ Exits: n e s w ][0;37m
[1;33m[1;31m[0;0m
[0;32m356H[0;37m [0;32m126M[0;37m 59170–æ –ó–∞—É—á:0 –í—ã—Ö:–°–í–Æ–ó> ˇ˘–í—ã –ø–æ–ø–ª–µ–ª–∏—Å—å –Ω–∞ —Å–µ–≤–µ—Ä.
[1;36m–ö —Ü–µ—Ä–∫–≤—É—à–∫–µ [5040][0;37m
   –ù–∞ —Å–µ–≤–µ—Ä –æ—Ç–∫—Ä—ã–ª—Å—è –≤–∏–¥ –Ω–∞ —Å–∞–º–æ–µ –≤—ã—Å–æ–∫–æ–µ –º–µ—Å—Ç–æ –≤ –¥–µ—Ä–µ–≤–Ω–µ. –ù–∞ –≤–µ—Ä—à–∏–Ω–µ —Ö–æ–ª–º–∞, 
–≤–æ–∑–≤—ã—à–∞—é—â–µ–≥–æ—Å—è –Ω–∞–¥ –≤—Å–µ–π –æ–∫—Ä—É–≥–æ–π –∏ –ø—Ä–æ—Ç–µ–∫–∞—é—â–µ–π —Ä—è–¥–æ–º —Ä–µ–∫–æ–π, –ø–æ—Å—Ç—Ä–æ–µ–Ω–∞ –¥–µ—Ä–µ–≤—è–Ω–Ω–∞—è
–º–∞–ª–µ–Ω—å–∫–∞—è —Ü–µ—Ä–∫–≤—É—à–∫–∞. –í—Å–µ–≥–æ –æ–¥–Ω–∞ –ª—É–∫–æ–≤–∏—Ü–∞ —Å –∫—Ä–µ—Å—Ç–æ–º —Å–≤–µ—Ä—Ö—É, –Ω–æ —Å–¥–µ–ª–∞–Ω–Ω–∞—è –¥–æ–±—Ä–æ—Ç–Ω–æ
–∏ –∫—Ä–∞—Å–∏–≤–æ —Ü–µ—Ä–∫–≤—É—à–∫–∞ –ø–æ –ø—Ä–∞–≤—É –º–æ–∂–µ—Ç —Å—á–∏—Ç–∞—Ç—å—Å—è –ø—Ä–∏—Å—Ç–∞–Ω–∏—â–µ–º –±–æ–∂—å–∏—Ö —Å–ª—É–≥.
[0;36m[ Exits: n s ][0;37m
[1;33m[1;31m–ú–µ—Å—Ç–Ω—ã–π –∂–∏—Ç–µ–ª—å –∏–¥–µ—Ç –∑–¥–µ—Å—å.
[0;0m
[0;32m356H[0;37m [0;32m127M[0;37m 59170–æ –ó–∞—É—á:0 –í—ã—Ö:–°–Æ> ˇ˘–í—ã –ø–æ–ø–ª–µ–ª–∏—Å—å –Ω–∞ —é–≥.
[1;36m–†–µ—á–Ω–∞—è —É–ª–∏—Ü–∞ [5015][0;37m
   –£–ª–∏—Ü–∞ –ø—Ä—è–º–æ —É—Å—Ç—Ä–µ–º–∏–ª–∞—Å—å –∫ –±–µ—Ä–µ–≥—É —Ä–µ–∫–∏. –û—Ç–∫—Ä—ã–ª—Å—è —á—É–¥–µ—Å–Ω—ã–π –≤–∏–¥ –Ω–∞ —Ä–µ–∫—É,
–≤—ã—Ç–µ–∫–∞—é—â—É—é –∏–∑-–∑–∞ –±–ª–∏–∂–∞–π—à–µ–≥–æ —Ö–æ–ª–º–∞ –∏ —Ç–µ—Ä—è—é—â—É—é—Å—è –≤ –¥–∞–ª—å–Ω–µ–º –ª–µ—Å—É. –í–æ–∫—Ä—É–≥ 
–¥–æ–º–∞ —Ä—è–¥–æ–≤—ã—Ö –∂–∏—Ç–µ–ª–µ–π –¥–µ—Ä–µ–≤–Ω–∏ —Å –∏—Ö –Ω–µ—Ö–∏—Ç—Ä—ã–º–∏ —É–∫—Ä–∞—à–µ–Ω–∏—è–º–∏.
[0;36m[ Exits: n e s w ][0;37m
[1;33m[1;31m[0;0m
[0;32m356H[0;37m [0;32m127M[0;37m 59170–æ –ó–∞—É—á:0 –í—ã—Ö:–°–í–Æ–ó> ˇ˘–í—ã –ø–æ–ø–ª–µ–ª–∏—Å—å –Ω–∞ –≤–æ—Å—Ç–æ–∫.
[1;36m–£ –±–µ—Ä–µ–≥–∞ —Ä–µ–∫–∏ [5016][0;37m
   –£–ª–∏—Ü–∞ –ø—Ä—è–º–æ —É—Å—Ç—Ä–µ–º–∏–ª–∞—Å—å –∫ –±–µ—Ä–µ–≥—É —Ä–µ–∫–∏. –û—Ç–∫—Ä—ã–ª—Å—è —á—É–¥–µ—Å–Ω—ã–π –≤–∏–¥ –Ω–∞ —Ä–µ–∫—É,
–≤—ã—Ç–µ–∫–∞—é—â—É—é –∏–∑-–∑–∞ –±–ª–∏–∂–∞–π—à–µ–≥–æ —Ö–æ–ª–º–∞ –∏ —Ç–µ—Ä—è—é—â—É—é—Å—è –≤ –¥–∞–ª—å–Ω–µ–º –ª–µ—Å—É. –í–æ–∫—Ä—É–≥ 
–¥–æ–º–∞ —Ä—è–¥–æ–≤—ã—Ö –∂–∏—Ç–µ–ª–µ–π –¥–µ—Ä–µ–≤–Ω–∏ —Å –∏—Ö –Ω–µ—Ö–∏—Ç—Ä—ã–º–∏ —É–∫—Ä–∞—à–µ–Ω–∏—è–º–∏.
[0;36m[ Exits: e s w ][0;37m
[1;33m–ó–¥–µ—Å—å –ª–µ–∂–∏—Ç –º–æ—Ä–∫–æ–≤—å.
[1;31m[0;0m
[0;32m356H[0;37m [0;32m127M[0;37m 59170–æ –ó–∞—É—á:0 –í—ã—Ö:–í–Æ–ó> ˇ˘–í—ã –ø–æ–ø–ª–µ–ª–∏—Å—å –Ω–∞ –≤–æ—Å—Ç–æ–∫.
[1;36m–ù–∞ –±–µ—Ä–µ–≥—É —Ä–µ–∫–∏ [5017][0;37m
   –ü–æ–ª–æ–≥–∏–π –±–µ—Ä–µ–≥ —Ä–µ–∫–∏ –ø–æ–∫—Ä—ã—Ç –Ω–∞–Ω–µ—Å–µ–Ω–Ω—ã–º –≤–æ–¥–æ–π –∏–ª–æ–º, –≤–µ—Ç–∫–∞–º–∏ –¥–µ—Ä–µ–≤—å–µ–≤.
–ò–¥—Ç–∏ –≤—è–∑–∫–æ, –Ω–æ–≥–∏ —Ü–µ–ø–ª—è—é—Ç—Å—è –∑–∞ –∫–æ—Ä–Ω–∏ –±–ª–∏–∂–∞–π—à–∏—Ö –¥–µ—Ä–µ–≤—å–µ–≤, —Ä–∞–∑–º—ã—Ç—ã—Ö –ø—Ä–∏–ª–∏–≤–∞–º–∏
–∏ –æ—Ç–ª–∏–≤–∞–º–∏.
[0;36m[ Exits: n s w ][0;37m
[1;33m[1;31m[0;0m
[0;32m356H[0;37m [0;32m127M[0;37m 59170–æ –ó–∞—É—á:0 –í—ã—Ö:–°–Æ–ó> ˇ˘–í—ã –ø–æ–ø–ª–µ–ª–∏—Å—å –Ω–∞ —Å–µ–≤–µ—Ä.
[1;36m–ù–∞ –±–µ—Ä–µ–≥—É —Ä–µ–∫–∏ [5018][0;37m
   –ü–æ–ª–æ–≥–∏–π –±–µ—Ä–µ–≥ —Ä–µ–∫–∏ –ø–æ–∫—Ä—ã—Ç –Ω–∞–Ω–µ—Å–µ–Ω–Ω—ã–º –≤–æ–¥–æ–π –∏–ª–æ–º, –≤–µ—Ç–∫–∞–º–∏ –¥–µ—Ä–µ–≤—å–µ–≤.
–ò–¥—Ç–∏ –≤—è–∑–∫–æ, –Ω–æ–≥–∏ —Ü–µ–ø–ª—è—é—Ç—Å—è –∑–∞ –∫–æ—Ä–Ω–∏ –±–ª–∏–∂–∞–π—à–∏—Ö –¥–µ—Ä–µ–≤—å–µ–≤, —Ä–∞–∑–º—ã—Ç—ã—Ö –ø—Ä–∏–ª–∏–≤–∞–º–∏
–∏ –æ—Ç–ª–∏–≤–∞–º–∏.
[0;36m[ Exits: N s ][0;37m
[1;33m[1;31m[0;0m
[0;32m356H[0;37m [0;32m127M[0;37m 59170–æ –ó–∞—É—á:0 –í—ã—Ö:–°–Æ> ˇ˘–í—ã –ø–æ–ø–ª–µ–ª–∏—Å—å –Ω–∞ —Å–µ–≤–µ—Ä.
[1;36m–ù–∞ –±–µ—Ä–µ–≥—É [29275][0;37m
   –ù–µ–≤—ã—Å–æ–∫–∏–π –ø–æ—Ä–æ—Å—à–∏–π –∂–∏–¥–∫–∏–º –∫—É—Å—Ç–∞—Ä–Ω–∏–∫–æ–º –±–µ—Ä–µ–≥ –∏–∑—Ä–µ–∑–∞–Ω —Å–ª–µ–¥–∞–º–∏ –æ—Ç –ø—Ä–∏—Å—Ç–∞—é—â–∏—Ö
–ª–æ–¥–æ–∫. –ú–µ–ª–∫–∞—è –≥–∞–ª—å–∫–∞ —à—É—Ä—à–∏—Ç –ø–æ–¥ –Ω–æ–≥–∞–º–∏, –Ω–µ –ø–æ–∑–≤–æ–ª—è—è –±–µ—Å—à—É–º–Ω–æ –ø–µ—Ä–µ—Å–µ—á—å –æ—Ç–∫—Ä—ã—Ç–æ–µ
–º–µ—Å—Ç–æ.
[0;36m[ Exits: S ][0;37m
[1;33m–ü—Ä–∏–≥–ª—è–¥–µ–≤—à–∏—Å—å, –≤—ã –≤–∏–¥–∏—Ç–µ —è–≥–æ–¥—É —á–µ—Ä–Ω–æ–π —Å–º–æ—Ä–æ–¥–∏–Ω—ã.
[1;31m–ú–æ–ª–æ–¥–æ–π –ª–æ–¥–æ—á–Ω–∏–∫ –≤–µ—Å–µ–ª–æ —Å–º–æ—Ç—Ä–∏—Ç –≤–æ–∫—Ä—É–≥.
–ü–æ–∂–∏–ª–æ–π —à–∏—Ä–æ–∫–æ–ø–ª–µ—á–∏–π –∫—Ä–µ—Å—Ç—å—è–Ω–∏–Ω –≤ –¥–æ–±—Ä–æ—Ç–Ω–æ–π –æ–¥–µ–∂–¥–µ –ø—Ä–æ—Ö–∞–∂–∏–≤–∞–µ—Ç—Å—è —Ç—É—Ç.
[0;0m
–¢—Ä–∞–≤–µ–Ω—å –æ—Å—Ç—Ä–æ–≤ (—Å—Ä–µ–¥–Ω–∏–π —É—Ä–æ–≤–µ–Ω—å: 8).

[0;32m356H[0;37m [0;32m127M[0;37m 59170–æ –ó–∞—É—á:0 –í—ã—Ö:–Æ> ˇ˘
- –ó–∞ –¥–≤–∞–¥—Ü–∞—Ç—å –∫—É–Ω —è –º–æ–≥ –±—ã –ø–µ—Ä–µ–≤–µ–∑—Ç–∏ –≤–∞—Å –Ω–∞ –¥—Ä—É–≥–æ–π –±–µ—Ä–µ–≥.
- –ù–∞ –æ—Å—Ç—Ä–æ–≤ –¢—Ä–∞–≤–µ–Ω—å.
[1;30m–ì—É–±—ã –º–æ–ª–æ–¥–æ–≥–æ –ª–æ–¥–æ—á–Ω–∏–∫–∞ —Ç—Ä–æ–Ω—É–ª–∞ —É–ª—ã–±–∫–∞.[0;0m

[0;32m356H[0;37m [0;32m128M[0;37m 59170–æ –ó–∞—É—á:0 –í—ã—Ö:–Æ> ˇ˘
–í–µ—Ç–µ—Ä —É—Ç–∏—Ö.

[0;32m356H[0;37m [0;32m128M[0;37m 59170–æ –ó–∞—É—á:0 –í—ã—Ö:–Æ> ˇ˘
[1;31m–ú–∏–Ω—É–ª —á–∞—Å.[0;37m

[0;32m356H[0;37m [0;32m128M[0;37m 59170–æ –ó–∞—É—á:0 –í—ã—Ö:–Æ> ˇ˘–°–µ–π—á–∞—Å 8 —á–∞—Å–æ–≤ –≤–µ—á–µ—Ä–∞, –ü–æ–Ω–µ–¥–µ–ª—å–Ω–∏–∫, –¥–µ–Ω—å.
–≠–ª–µ—Ç - –ú–µ—Å—è—Ü –ü–æ—Å–µ–≤–∞ –∏ –ù–∞—Ä–µ—á–µ–Ω–∏—è, 16–π –î–µ–Ω—å, –ì–æ–¥ 898, –≤–µ—Å–Ω–∞.

[0;32m356H[0;37m [0;32m128M[0;37m 59170–æ –ó–∞—É—á:0 –í—ã—Ö:–Æ> ˇ˘
[1;33m–ë–∞–∑–∞—Ä : –Ω–æ–≤—ã–π –ª–æ—Ç (236) - —É—Å –º–æ—Ä–∂–∞ - —Ü–µ–Ω–∞ 4444 –∫—É–Ω—ã. 

[0;0m
[0;32m356H[0;37m [0;32m128M[0;37m 59170–æ –ó–∞—É—á:0 –í—ã—Ö:–Æ> ˇ˘–í—ã –ø–æ–ø–ª–µ–ª–∏—Å—å –Ω–∞ —é–≥.
[1;36m–ù–∞ –±–µ—Ä–µ–≥—É —Ä–µ–∫–∏ [5018][0;37m
   –ü–æ–ª–æ–≥–∏–π –±–µ—Ä–µ–≥ —Ä–µ–∫–∏ –ø–æ–∫—Ä—ã—Ç –Ω–∞–Ω–µ—Å–µ–Ω–Ω—ã–º –≤–æ–¥–æ–π –∏–ª–æ–º, –≤–µ—Ç–∫–∞–º–∏ –¥–µ—Ä–µ–≤—å–µ–≤.
–ò–¥—Ç–∏ –≤—è–∑–∫–æ, –Ω–æ–≥–∏ —Ü–µ–ø–ª—è—é—Ç—Å—è –∑–∞ –∫–æ—Ä–Ω–∏ –±–ª–∏–∂–∞–π—à–∏—Ö –¥–µ—Ä–µ–≤—å–µ–≤, —Ä–∞–∑–º—ã—Ç—ã—Ö –ø—Ä–∏–ª–∏–≤–∞–º–∏
–∏ –æ—Ç–ª–∏–≤–∞–º–∏.
[0;36m[ Exits: N s ][0;37m
[1;33m[1;31m[0;0m
–î–µ—Ä–µ–≤–Ω—è —É —Ä–µ–∫–∏ (2-–∞—è —Ä–æ–¥–æ–≤–∞—è).

[0;32m356H[0;37m [0;32m127M[0;37m 59170–æ –ó–∞—É—á:0 –í—ã—Ö:–°–Æ> ˇ˘–í—ã –ø–æ–ø–ª–µ–ª–∏—Å—å –Ω–∞ —é–≥.
[1;36m–ù–∞ –±–µ—Ä–µ–≥—É —Ä–µ–∫–∏ [5017][0;37m
   –ü–æ–ª–æ–≥–∏–π –±–µ—Ä–µ–≥ —Ä–µ–∫–∏ –ø–æ–∫—Ä—ã—Ç –Ω–∞–Ω–µ—Å–µ–Ω–Ω—ã–º –≤–æ–¥–æ–π –∏–ª–æ–º, –≤–µ—Ç–∫–∞–º–∏ –¥–µ—Ä–µ–≤—å–µ–≤.
–ò–¥—Ç–∏ –≤—è–∑–∫–æ, –Ω–æ–≥–∏ —Ü–µ–ø–ª—è—é—Ç—Å—è –∑–∞ –∫–æ—Ä–Ω–∏ –±–ª–∏–∂–∞–π—à–∏—Ö –¥–µ—Ä–µ–≤—å–µ–≤, —Ä–∞–∑–º—ã—Ç—ã—Ö –ø—Ä–∏–ª–∏–≤–∞–º–∏
–∏ –æ—Ç–ª–∏–≤–∞–º–∏.
[0;36m[ Exits: n s w ][0;37m
[1;33m[1;31m[0;0m
[0;32m356H[0;37m [0;32m127M[0;37m 59170–æ –ó–∞—É—á:0 –í—ã—Ö:–°–Æ–ó> ˇ˘–í—ã –ø–æ–ø–ª–µ–ª–∏—Å—å –Ω–∞ –∑–∞–ø–∞–¥.
[1;36m–£ –±–µ—Ä–µ–≥–∞ —Ä–µ–∫–∏ [5016][0;37m
   –£–ª–∏—Ü–∞ –ø—Ä—è–º–æ —É—Å—Ç—Ä–µ–º–∏–ª–∞—Å—å –∫ –±–µ—Ä–µ–≥—É —Ä–µ–∫–∏. –û—Ç–∫—Ä—ã–ª—Å—è —á—É–¥–µ—Å–Ω—ã–π –≤–∏–¥ –Ω–∞ —Ä–µ–∫—É,
–≤—ã—Ç–µ–∫–∞—é—â—É—é –∏–∑-–∑–∞ –±–ª–∏–∂–∞–π—à–µ–≥–æ —Ö–æ–ª–º–∞ –∏ —Ç–µ—Ä—è—é—â—É—é—Å—è –≤ –¥–∞–ª—å–Ω–µ–º –ª–µ—Å—É. –í–æ–∫—Ä—É–≥ 
–¥–æ–º–∞ —Ä—è–¥–æ–≤—ã—Ö –∂–∏—Ç–µ–ª–µ–π –¥–µ—Ä–µ–≤–Ω–∏ —Å –∏—Ö –Ω–µ—Ö–∏—Ç—Ä—ã–º–∏ —É–∫—Ä–∞—à–µ–Ω–∏—è–º–∏.
[0;36m[ Exits: e s w ][0;37m
[1;33m–ó–¥–µ—Å—å –ª–µ–∂–∏—Ç –º–æ—Ä–∫–æ–≤—å.
[1;31m[0;0m
[0;32m356H[0;37m [0;32m127M[0;37m 59170–æ –ó–∞—É—á:0 –í—ã—Ö:–í–Æ–ó> ˇ˘–í—ã –ø–æ–ø–ª–µ–ª–∏—Å—å –Ω–∞ –∑–∞–ø–∞–¥.
[1;36m–†–µ—á–Ω–∞—è —É–ª–∏—Ü–∞ [5015][0;37m
   –£–ª–∏—Ü–∞ –ø—Ä—è–º–æ —É—Å—Ç—Ä–µ–º–∏–ª–∞—Å—å –∫ –±–µ—Ä–µ–≥—É —Ä–µ–∫–∏. –û—Ç–∫—Ä—ã–ª—Å—è —á—É–¥–µ—Å–Ω—ã–π –≤–∏–¥ –Ω–∞ —Ä–µ–∫—É,
–≤—ã—Ç–µ–∫–∞—é—â—É—é –∏–∑-–∑–∞ –±–ª–∏–∂–∞–π—à–µ–≥–æ —Ö–æ–ª–º–∞ –∏ —Ç–µ—Ä—è—é—â—É—é—Å—è –≤ –¥–∞–ª—å–Ω–µ–º –ª–µ—Å—É. –í–æ–∫—Ä—É–≥ 
–¥–æ–º–∞ —Ä—è–¥–æ–≤—ã—Ö –∂–∏—Ç–µ–ª–µ–π –¥–µ—Ä–µ–≤–Ω–∏ —Å –∏—Ö –Ω–µ—Ö–∏—Ç—Ä—ã–º–∏ —É–∫—Ä–∞—à–µ–Ω–∏—è–º–∏.
[0;36m[ Exits: n e s w ][0;37m
[1;33m[1;31m[0;0m
[0;32m356H[0;37m [0;32m127M[0;37m 59170–æ –ó–∞—É—á:0 –í—ã—Ö:–°–í–Æ–ó> ˇ˘–í—ã –ø–æ–ø–ª–µ–ª–∏—Å—å –Ω–∞ —é–≥.
[1;36m–î–≤–æ—Ä –ø–µ—Ä–µ–¥ –¥–æ–º–æ–º [5021][0;37m
   –í–æ –¥–≤–æ—Ä–µ –ª–µ–∂–∏—Ç –ø–µ—Ä–µ–≤–µ—Ä–Ω—É—Ç–∞—è –≤–≤–µ—Ä—Ö –¥–Ω–æ–º –ª–æ–¥–∫–∞, —Ä–∞–∑–ª–æ–∂–µ–Ω—ã –Ω–∞ –ø—Ä–æ—Å—É—à–∫—É
—Å–µ—Ç–∏ –∏ —Ä—ã–±–æ–ª–æ–≤–µ—Ü–∫–∏–µ —Å–Ω–∞—Å—Ç–∏. –ù–∞ –≤–µ—Ä–µ–≤–∫–µ –≤–∏—Å—è—Ç —Ä–∞–∑–ª–∏—á–Ω—ã–µ —Ä—ã–±–∏–Ω—ã –Ω–∞ —Å—É—à–∫—É.
–°—Ç–æ–π–∫–∏–π —Ä—ã–±–Ω—ã–π –∑–∞–ø–∞—Ö –ø—Ä–æ–ø–∏—Ç–∞–ª –≤—Å–µ –ø–æ—Å—Ç—Ä–æ–π–∫–∏ –ø–æ –¥–≤–æ—Ä—É.
[0;36m[ Exits: n e ][0;37m
[1;33m[1;31m[0;0m
[0;32m356H[0;37m [0;32m127M[0;37m 59170–æ –ó–∞—É—á:0 –í—ã—Ö:–°–í> ˇ˘–í—ã –ø–æ–ø–ª–µ–ª–∏—Å—å –Ω–∞ —Å–µ–≤–µ—Ä.
[1;36m–†–µ—á–Ω–∞—è —É–ª–∏—Ü–∞ [5015][0;37m
   –£–ª–∏—Ü–∞ –ø—Ä—è–º–æ —É—Å—Ç—Ä–µ–º–∏–ª–∞—Å—å –∫ –±–µ—Ä–µ–≥—É —Ä–µ–∫–∏. –û—Ç–∫—Ä—ã–ª—Å—è —á—É–¥–µ—Å–Ω—ã–π –≤–∏–¥ –Ω–∞ —Ä–µ–∫—É,
–≤—ã—Ç–µ–∫–∞—é—â—É—é –∏–∑-–∑–∞ –±–ª–∏–∂–∞–π—à–µ–≥–æ —Ö–æ–ª–º–∞ –∏ —Ç–µ—Ä—è—é—â—É—é—Å—è –≤ –¥–∞–ª—å–Ω–µ–º –ª–µ—Å—É. –í–æ–∫—Ä—É–≥ 
–¥–æ–º–∞ —Ä—è–¥–æ–≤—ã—Ö –∂–∏—Ç–µ–ª–µ–π –¥–µ—Ä–µ–≤–Ω–∏ —Å –∏—Ö –Ω–µ—Ö–∏—Ç—Ä—ã–º–∏ —É–∫—Ä–∞—à–µ–Ω–∏—è–º–∏.
[0;36m[ Exits: n e s w ][0;37m
[1;33m[1;31m[0;0m
[0;32m356H[0;37m [0;32m127M[0;37m 59170–æ –ó–∞—É—á:0 –í—ã—Ö:–°–í–Æ–ó> ˇ˘–í—ã –ø–æ–ø–ª–µ–ª–∏—Å—å –Ω–∞ –∑–∞–ø–∞–¥.
[1;36m–†–µ—á–Ω–∞—è —É–ª–∏—Ü–∞ [5014][0;37m
   –£–ª–∏—Ü–∞ –ø—Ä—è–º–æ —É—Å—Ç—Ä–µ–º–∏–ª–∞—Å—å –∫ –±–µ—Ä–µ–≥—É —Ä–µ–∫–∏. –û—Ç–∫—Ä—ã–ª—Å—è —á—É–¥–µ—Å–Ω—ã–π –≤–∏–¥ –Ω–∞ —Ä–µ–∫—É,
–≤—ã—Ç–µ–∫–∞—é—â—É—é –∏–∑-–∑–∞ –±–ª–∏–∂–∞–π—à–µ–≥–æ —Ö–æ–ª–º–∞ –∏ —Ç–µ—Ä—è—é—â—É—é—Å—è –≤ –¥–∞–ª—å–Ω–µ–º –ª–µ—Å—É. –í–æ–∫—Ä—É–≥ 
–¥–æ–º–∞ —Ä—è–¥–æ–≤—ã—Ö –∂–∏—Ç–µ–ª–µ–π –¥–µ—Ä–µ–≤–Ω–∏ —Å –∏—Ö –Ω–µ—Ö–∏—Ç—Ä—ã–º–∏ —É–∫—Ä–∞—à–µ–Ω–∏—è–º–∏.
[0;36m[ Exits: e w ][0;37m
[1;33m[1;31m[0;0m
[0;32m356H[0;37m [0;32m126M[0;37m 59170–æ –ó–∞—É—á:0 –í—ã—Ö:–í–ó> ˇ˘–í—ã –ø–æ–ø–ª–µ–ª–∏—Å—å –Ω–∞ –∑–∞–ø–∞–¥.
[1;36m–†–µ—á–Ω–∞—è —É–ª–∏—Ü–∞ [5013][0;37m
   –ó–¥–µ—Å—å —É–ª–∏—Ü–∞ –ø–æ–≤–æ—Ä–∞—á–∏–≤–∞–µ—Ç –∏ –æ–ø—É—Å–∫–∞–µ—Ç—Å—è –∫ –±–µ—Ä–µ–≥—É —Ä–µ–∫–∏. –°—Ä–∞–∑—É –ø–æ–≤–µ—è–ª–æ 
—Å–≤–µ–∂–µ—Å—Ç—å—é –∏ –ø—Ä–æ—Ö–ª–∞–¥–æ–π. –í–æ–∫—Ä—É–≥ –ø–æ—à–ª–∏ –¥–æ–º–∞ —Ä—è–¥–æ–≤—ã—Ö –∂–∏—Ç–µ–ª–µ–π –¥–µ—Ä–µ–≤–Ω–∏ —Å –∏—Ö
–Ω–µ—Ö–∏—Ç—Ä—ã–º–∏, –Ω–æ –∫–æ–ª–æ—Ä–∏—Ç–Ω—ã–º–∏ —É–∫—Ä–∞—à–µ–Ω–∏—è–º–∏.
[0;36m[ Exits: n e s w ][0;37m
[1;33m[1;31m–ù–∏—â–∏–π —Å—Ç—Ä–∞–Ω–Ω–∏–∫ –æ—Ç–¥—ã—Ö–∞–µ—Ç –∑–¥–µ—Å—å, –ø—Ä–∏—Ç—É–ª–∏–≤—à–∏—Å—å –ø–æ–¥ –∑–∞–±–æ—Ä–æ–º.  ..–°–ª–µ–ø.
[0;0m
[0;32m356H[0;37m [0;32m127M[0;37m 59170–æ –ó–∞—É—á:0 –í—ã—Ö:–°–í–Æ–ó> ˇ˘–í—ã –ø–æ–ø–ª–µ–ª–∏—Å—å –Ω–∞ —Å–µ–≤–µ—Ä.
[1;36m–ó–∞–±—Ä–æ—à–µ–Ω–Ω—ã–π –¥–æ–º [5024][0;37m
   –í–æ—Ç –µ—â–µ –æ–¥–∏–Ω –≤–∏–¥—É —Ö–æ—Ä–æ—à–∏–π –¥–æ–º —Å—Ç–æ–∏—Ç –≤ –∑–∞–ø—É—Å—Ç–µ–Ω—å–µ. –ó–∞–∫–æ–ª–æ—á–µ–Ω—ã —Å—Ç–∞–≤–Ω–∏, 
–¥–∞–≤–Ω–æ –Ω–µ –º–µ—Ç–µ–Ω—ã–π –¥–≤–æ—Ä. –ß—Ç–æ –∑–∞ –Ω–∞–ø–∞—Å—Ç—å –∑–∞—Å—Ç–∞–≤–∏–ª–∞ —Ö–æ–∑—è–µ–≤ –ø–æ–∫–∏–Ω—É—Ç—å —Å–≤–æ–µ
–∂–∏–ª–∏—â–µ –∏ –∏—Å–∫–∞—Ç—å –Ω–æ–≤–æ–µ –º–µ—Å—Ç–æ?
[0;36m[ Exits: s ][0;37m
[1;33m[1;31m–ò–Ω–æ–∑–µ–º–µ—Ü —Å—Ç–æ–∏—Ç –∑–¥–µ—Å—å.
[0;0m[1;36m–ò–Ω–æ–∑–µ–º–µ—Ü —Å–∫–∞–∑–∞–ª –≤–∞–º : '–ù–µ –ø–æ–¥—Å–∫–∞–∂–µ—Ç–µ, –ª—é–¥–∏ –¥–æ–±—Ä—ã–µ, –∫–∞–∫ –¥–æ–±—Ä–∞—Ç—å—Å—è –¥–æ –ö–∏–µ–≤–∞?'[0;37m
[1;30m–ò–Ω–æ–∑–µ–º–µ—Ü –æ—â–µ—Ä–∏–ª –∑—É–±—ã –≤ –≥–Ω—É—Å–Ω–æ–π —É—Ö–º—ã–ª–∫–µ.[0;0m

[0;32m356H[0;37m [0;32m127M[0;37m 59170–æ –ó–∞—É—á:0 –í—ã—Ö:–Æ> ˇ˘–í—ã –ø–æ–ø–ª–µ–ª–∏—Å—å –Ω–∞ —é–≥.
[1;36m–†–µ—á–Ω–∞—è —É–ª–∏—Ü–∞ [5013][0;37m
   –ó–¥–µ—Å—å —É–ª–∏—Ü–∞ –ø–æ–≤–æ—Ä–∞—á–∏–≤–∞–µ—Ç –∏ –æ–ø—É—Å–∫–∞–µ—Ç—Å—è –∫ –±–µ—Ä–µ–≥—É —Ä–µ–∫–∏. –°—Ä–∞–∑—É –ø–æ–≤–µ—è–ª–æ 
—Å–≤–µ–∂–µ—Å—Ç—å—é –∏ –ø—Ä–æ—Ö–ª–∞–¥–æ–π. –í–æ–∫—Ä—É–≥ –ø–æ—à–ª–∏ –¥–æ–º–∞ —Ä—è–¥–æ–≤—ã—Ö –∂–∏—Ç–µ–ª–µ–π –¥–µ—Ä–µ–≤–Ω–∏ —Å –∏—Ö
–Ω–µ—Ö–∏—Ç—Ä—ã–º–∏, –Ω–æ –∫–æ–ª–æ—Ä–∏—Ç–Ω—ã–º–∏ —É–∫—Ä–∞—à–µ–Ω–∏—è–º–∏.
[0;36m[ Exits: n e s w ][0;37m
[1;33m[1;31m–ù–∏—â–∏–π —Å—Ç—Ä–∞–Ω–Ω–∏–∫ –æ—Ç–¥—ã—Ö–∞–µ—Ç –∑–¥–µ—Å—å, –ø—Ä–∏—Ç—É–ª–∏–≤—à–∏—Å—å –ø–æ–¥ –∑–∞–±–æ—Ä–æ–º.  ..–°–ª–µ–ø.
[0;0m
[0;32m356H[0;37m [0;32m127M[0;37m 59170–æ –ó–∞—É—á:0 –í—ã—Ö:–°–í–Æ–ó> ˇ˘–í—ã –ø–æ–ø–ª–µ–ª–∏—Å—å –Ω–∞ —Å–µ–≤–µ—Ä.
[1;36m–ó–∞–±—Ä–æ—à–µ–Ω–Ω—ã–π –¥–æ–º [5024][0;37m
   –í–æ—Ç –µ—â–µ –æ–¥–∏–Ω –≤–∏–¥—É —Ö–æ—Ä–æ—à–∏–π –¥–æ–º —Å—Ç–æ–∏—Ç –≤ –∑–∞–ø—É—Å—Ç–µ–Ω—å–µ. –ó–∞–∫–æ–ª–æ—á–µ–Ω—ã —Å—Ç–∞–≤–Ω–∏, 
–¥–∞–≤–Ω–æ –Ω–µ –º–µ—Ç–µ–Ω—ã–π –¥–≤–æ—Ä. –ß—Ç–æ –∑–∞ –Ω–∞–ø–∞—Å—Ç—å –∑–∞—Å—Ç–∞–≤–∏–ª–∞ —Ö–æ–∑—è–µ–≤ –ø–æ–∫–∏–Ω—É—Ç—å —Å–≤–æ–µ
–∂–∏–ª–∏—â–µ –∏ –∏—Å–∫–∞—Ç—å –Ω–æ–≤–æ–µ –º–µ—Å—Ç–æ?
[0;36m[ Exits: s ][0;37m
[1;33m[1;31m–ò–Ω–æ–∑–µ–º–µ—Ü —Å—Ç–æ–∏—Ç –∑–¥–µ—Å—å.
[0;0m[1;36m–ò–Ω–æ–∑–µ–º–µ—Ü —Å–∫–∞–∑–∞–ª –≤–∞–º : '–ù–µ –ø–æ–¥—Å–∫–∞–∂–µ—Ç–µ, –ª—é–¥–∏ –¥–æ–±—Ä—ã–µ, –∫–∞–∫ –¥–æ–±—Ä–∞—Ç—å—Å—è –¥–æ –ö–∏–µ–≤–∞?'[0;37m
[1;30m–ò–Ω–æ–∑–µ–º–µ—Ü –æ—â–µ—Ä–∏–ª –∑—É–±—ã –≤ –≥–Ω—É—Å–Ω–æ–π —É—Ö–º—ã–ª–∫–µ.[0;0m

[0;32m356H[0;37m [0;32m127M[0;37m 59170–æ –ó–∞—É—á:0 –í—ã—Ö:–Æ> ˇ˘–í–∏–¥–∏–º—ã–µ –≤—ã—Ö–æ–¥—ã:
–Æ–≥    - –†–µ—á–Ω–∞—è —É–ª–∏—Ü–∞

[0;32m356H[0;37m [0;32m128M[0;37m 59170–æ –ó–∞—É—á:0 –í—ã—Ö:–Æ> ˇ˘–í—ã –ø–æ–ø–ª–µ–ª–∏—Å—å –Ω–∞ —é–≥.
[1;36m–†–µ—á–Ω–∞—è —É–ª–∏—Ü–∞ [5013][0;37m
   –ó–¥–µ—Å—å —É–ª–∏—Ü–∞ –ø–æ–≤–æ—Ä–∞—á–∏–≤–∞–µ—Ç –∏ –æ–ø—É—Å–∫–∞–µ—Ç—Å—è –∫ –±–µ—Ä–µ–≥—É —Ä–µ–∫–∏. –°—Ä–∞–∑—É –ø–æ–≤–µ—è–ª–æ 
—Å–≤–µ–∂–µ—Å—Ç—å—é –∏ –ø—Ä–æ—Ö–ª–∞–¥–æ–π. –í–æ–∫—Ä—É–≥ –ø–æ—à–ª–∏ –¥–æ–º–∞ —Ä—è–¥–æ–≤—ã—Ö –∂–∏—Ç–µ–ª–µ–π –¥–µ—Ä–µ–≤–Ω–∏ —Å –∏—Ö
–Ω–µ—Ö–∏—Ç—Ä—ã–º–∏, –Ω–æ –∫–æ–ª–æ—Ä–∏—Ç–Ω—ã–º–∏ —É–∫—Ä–∞—à–µ–Ω–∏—è–º–∏.
[0;36m[ Exits: n e s w ][0;37m
[1;33m[1;31m–ù–∏—â–∏–π —Å—Ç—Ä–∞–Ω–Ω–∏–∫ –æ—Ç–¥—ã—Ö–∞–µ—Ç –∑–¥–µ—Å—å, –ø—Ä–∏—Ç—É–ª–∏–≤—à–∏—Å—å –ø–æ–¥ –∑–∞–±–æ—Ä–æ–º.  ..–°–ª–µ–ø.
[0;0m
[0;32m356H[0;37m [0;32m127M[0;37m 59170–æ –ó–∞—É—á:0 –í—ã—Ö:–°–í–Æ–ó> ˇ˘–í—ã –ø–æ–ø–ª–µ–ª–∏—Å—å –Ω–∞ –∑–∞–ø–∞–¥.
[1;36m–¶–µ–Ω—Ç—Ä–∞–ª—å–Ω–∞—è —É–ª–∏—Ü–∞ [5012][0;37m
   –ü–æ–Ω–µ–º–Ω–æ–≥—É –æ—Å—Ç–∞—é—Ç—Å—è –ø–æ–∑–∞–¥–∏ –≥–ª–∞–≤–Ω—ã–µ –¥–æ–º–∞ –¥–µ—Ä–µ–≤–Ω–∏, –∏ –≤–æ–∫—Ä—É–≥ –æ—Ç–∫—Ä—ã–≤–∞–µ—Ç—Å—è –æ–±—ã—á–Ω—ã–π
–¥–µ—Ä–µ–≤–µ–Ω—Å–∫–∏–π –≤–∏–¥. –ö—Ä–µ–ø–∫–∏–µ –¥–æ–º–∞ —Å –º–∞–ª–µ–Ω—å–∫–∏–º–∏ –æ–∫–Ω–∞–º–∏, –Ω–æ –Ω–µ–∏–∑–º–µ–Ω–Ω—ã–º–∏ —Ç—Ä—É–±–∞–º–∏
–ø–µ—á–µ–π. –ò–∑–≥–æ—Ä–æ–¥—å, —Å—Ç–æ—è—â–∞—è –∑–∞ –¥–æ–º–∞–º–∏ –≤–¥–æ–ª—å –ª–µ—Å–∞ –∏ –∑–∞—â–∏—â–∞—é—â–∞—è –¥–µ—Ä–µ–≤–Ω—é —Å —Ç—ã–ª–∞. 
–ù–µ—Ç–æ—Ä–æ–ø–ª–∏–≤—ã–π –ª—é–¥, –∏–¥—É—â–∏–π –ø–æ —Å–≤–æ–∏–º –∏–∑–≤–µ—á–Ω—ã–º –¥–µ–ª–∞–º.
[0;36m[ Exits: n e s ][0;37m
[1;33m–õ—É–∂–∏—Ü–∞ –¥–æ–∂–¥–µ–≤–æ–π –≤–æ–¥—ã —Ä–∞–∑–ª–∏—Ç–∞ —É –≤–∞—à–∏—Ö –Ω–æ–≥.
–ù–µ–º–Ω–æ–≥–æ –æ—Ç—Ä—É–±–µ–π –ø—Ä–æ—Å—ã–ø–∞–Ω–æ –∑–¥–µ—Å—å.
[1;31m[0;0m
[0;32m356H[0;37m [0;32m126M[0;37m 59170–æ –ó–∞—É—á:0 –í—ã—Ö:–°–í–Æ> ˇ˘–í—ã –ø–æ–ø–ª–µ–ª–∏—Å—å –Ω–∞ —Å–µ–≤–µ—Ä.
[1;36m–õ–µ—Å–Ω–∞—è —É–ª–∏—Ü–∞ [5026][0;37m
   –ó–¥–µ—Å—å —É–∂–µ –¥–æ–º–∞ –ø–æ–º–µ–Ω—å—à–µ –∏ –ø–æ–ø—Ä–æ—â–µ, –∑–¥–µ—Å—å –∂–∏–≤—É—Ç —Ä—è–¥–æ–≤—ã–µ –∂–∏—Ç–µ–ª–∏ –¥–µ—Ä–µ–≤–Ω–∏,
–∏–º –Ω–µ –¥–æ —É–∫—Ä–∞—à–∞—Ç–µ–ª—å—Å—Ç–≤–∞ —Å–≤–æ–∏—Ö –∂–∏–ª–∏—â. –£–ª–∏—Ü–∞ –≤–µ–¥–µ—Ç –∫ –±–ª–∏–∂–∞–π—à–µ–º—É –ª–µ—Å—É, –∏–º–µ–Ω–Ω–æ
–ø–æ —ç—Ç–æ–π –¥–æ—Ä–æ–≥–µ —Ö–æ–¥—è—Ç –º–µ—Å—Ç–Ω—ã–µ –∂–∏—Ç–µ–ª–∏ –ø–æ —Ö–æ–∑—è–π—Å—Ç–≤–µ–Ω–Ω—ã–º –¥–µ–ª–∞–º.
[0;36m[ Exits: n s ][0;37m
[1;33m[1;31m[0;0m
[0;32m356H[0;37m [0;32m127M[0;37m 59170–æ –ó–∞—É—á:0 –í—ã—Ö:–°–Æ> ˇ˘–í—ã –ø–æ–ø–ª–µ–ª–∏—Å—å –Ω–∞ —Å–µ–≤–µ—Ä.
[1;36m–õ–µ—Å–Ω–∞—è —É–ª–∏—Ü–∞ [5027][0;37m
   –¢–∏—Ö–∞—è —É–ª–∏—Ü–∞ —Å –æ–±—ã—á–Ω—ã–º–∏ –¥–æ–º–∞–º–∏, —Å –Ω–µ—Ç–æ—Ä–æ–ø–ª–∏–≤–æ–π —Ä–∞–∑–º–µ—Ä–µ–Ω–Ω–æ–π –∂–∏–∑–Ω—å—é.
–î–æ—Ä–æ–≥–∞ –Ω–∞ —É–ª–∏—Ü–µ —É—Ç–æ–ø—Ç–∞–Ω–Ω–∞—è –∏ —Ä–æ–≤–Ω–∞—è, –Ω–æ –∏–Ω–æ–≥–¥–∞, –∫–æ–Ω–µ—á–Ω–æ, –ø—Ä–∏—Ö–æ–¥–∏—Ç—Å—è
–æ–±—Ö–æ–¥–∏—Ç—å –∫—É—á–∫–∏, –∑–∞–±–æ—Ç–ª–∏–≤–æ –æ—Å—Ç–∞–≤–ª–µ–Ω–Ω—ã–µ –∫–æ—Ä–æ–≤–∞–º–∏.
[0;36m[ Exits: (n) e s w ][0;37m
[1;33m[1;31m[0;0m
[0;32m356H[0;37m [0;32m127M[0;37m 59170–æ –ó–∞—É—á:0 –í—ã—Ö:(–°)–í–Æ–ó> ˇ˘–í—ã –ø–æ—Å–º–æ—Ç—Ä–µ–ª–∏ –ø–æ —Å—Ç–æ—Ä–æ–Ω–∞–º.
[0;33m–°–µ–≤–µ—Ä:[0;37m  –∑–∞–∫—Ä—ã—Ç–æ (–≤–æ—Ä–æ—Ç–∞).
[0;33m–í–æ—Å—Ç–æ–∫:[0;37m –ñ–∏–ª–∏—â–µ –≥–∞–¥–∞–ª–∫–∏
[1;31m–ì–∞–¥–∞–ª–∫–∞ —Å—Ç–æ–∏—Ç –∑–¥–µ—Å—å. 
[0;0m[0;33m–Æ–≥:[0;37m –õ–µ—Å–Ω–∞—è —É–ª–∏—Ü–∞
[1;31m[0;0m[0;33m–ó–∞–ø–∞–¥:[0;37m –ñ–∏–ª–∏—â–µ –æ—Ö–æ—Ç–Ω–∏–∫–∞
[1;31m–°—Ç–∞—Ä—ã–π –æ—Ö–æ—Ç–Ω–∏–∫ –æ—Ç–¥—ã—Ö–∞–µ—Ç –∑–¥–µ—Å—å. 
[0;0m
[0;32m356H[0;37m [0;32m128M[0;37m 59170–æ –ó–∞—É—á:0 –í—ã—Ö:(–°)–í–Æ–ó> ˇ˘–í—ã –ø–æ–ø–ª–µ–ª–∏—Å—å –Ω–∞ –≤–æ—Å—Ç–æ–∫.
[1;36m–ñ–∏–ª–∏—â–µ –≥–∞–¥–∞–ª–∫–∏ [5042][0;37m
   –ù–µ–±–æ–ª—å—à–æ–π –¥–æ–º–∏–∫, –±–µ–∑ –æ–±—ã—á–Ω–æ–≥–æ –±–æ–ª—å—à–æ–≥–æ –¥–≤–æ—Ä–∞ –∏ –ø–æ—Å—Ç—Ä–æ–µ–∫. –¶–≤–µ—Ç–∞—Å—Ç—ã–µ
–∑–∞–Ω–∞–≤–µ—Å–∏ –Ω–∞ –æ–∫–Ω–∞—Ö, —á–∏—Å—Ç–æ–µ –∫—Ä—ã–ª—å—Ü–æ –∏ —Å–µ–Ω–∏. –ù–∞–¥ –¥–≤–µ—Ä—å—é –ø—Ä–∏–±–∏—Ç–∞ –ø–æ–¥–∫–æ–≤–∞ –Ω–∞
—Å—á–∞—Å—Ç—å–µ. –í —É–≥–ª—É –∫–æ–º–Ω–∞—Ç—ã —Å—Ç–æ–∏—Ç –±–ª—é–¥–µ—á–∫–æ —Å –º–æ–ª–æ–∫–æ–º, –Ω–æ –Ω–µ –¥–ª—è –∫–æ—à–∫–∏, –∞ –¥–ª—è
–¥–æ–º–æ–≤–æ–≥–æ, —á—Ç–æ–±—ã –±—ã–ª –≤—Å–µ–≥–¥–∞ —Å—ã—Ç, –Ω–µ —Å–µ—Ä—á–∞–ª, –∑–ª—ã—Ö –¥—É—Ö–æ–≤ –≤ –¥–æ–º –Ω–µ –ø—É—Å–∫–∞–ª,
—Ç–∏—à–∏–Ω—É –∏ –ø–æ–∫–æ–π –Ω–µ –Ω–∞—Ä—É—à–∞–ª.
[0;36m[ Exits: w ][0;37m
[1;33m[1;31m–ì–∞–¥–∞–ª–∫–∞ —Ä–∞—Å–∫–ª–∞–¥—ã–≤–∞–µ—Ç –∫–∞—Ä—Ç—ã –∑–¥–µ—Å—å.
[0;0m
[0;32m356H[0;37m [0;32m127M[0;37m 59170–æ –ó–∞—É—á:0 –í—ã—Ö:–ó> ˇ˘–í—ã –ø–æ—Å–º–æ—Ç—Ä–µ–ª–∏ –ø–æ —Å—Ç–æ—Ä–æ–Ω–∞–º.
[0;33m–ó–∞–ø–∞–¥:[0;37m –õ–µ—Å–Ω–∞—è —É–ª–∏—Ü–∞
[1;31m[0;0m
[0;32m356H[0;37m [0;32m128M[0;37m 59170–æ –ó–∞—É—á:0 –í—ã—Ö:–ó> ˇ˘–í—ã –ø–æ–ø–ª–µ–ª–∏—Å—å –Ω–∞ –∑–∞–ø–∞–¥.
[1;36m–õ–µ—Å–Ω–∞—è —É–ª–∏—Ü–∞ [5027][0;37m
   –¢–∏—Ö–∞—è —É–ª–∏—Ü–∞ —Å –æ–±—ã—á–Ω—ã–º–∏ –¥–æ–º–∞–º–∏, —Å –Ω–µ—Ç–æ—Ä–æ–ø–ª–∏–≤–æ–π —Ä–∞–∑–º–µ—Ä–µ–Ω–Ω–æ–π –∂–∏–∑–Ω—å—é.
–î–æ—Ä–æ–≥–∞ –Ω–∞ —É–ª–∏—Ü–µ —É—Ç–æ–ø—Ç–∞–Ω–Ω–∞—è –∏ —Ä–æ–≤–Ω–∞—è, –Ω–æ –∏–Ω–æ–≥–¥–∞, –∫–æ–Ω–µ—á–Ω–æ, –ø—Ä–∏—Ö–æ–¥–∏—Ç—Å—è
–æ–±—Ö–æ–¥–∏—Ç—å –∫—É—á–∫–∏, –∑–∞–±–æ—Ç–ª–∏–≤–æ –æ—Å—Ç–∞–≤–ª–µ–Ω–Ω—ã–µ –∫–æ—Ä–æ–≤–∞–º–∏.
[0;36m[ Exits: (n) e s w ][0;37m
[1;33m[1;31m[0;0m
[0;32m356H[0;37m [0;32m127M[0;37m 59170–æ –ó–∞—É—á:0 –í—ã—Ö:(–°)–í–Æ–ó> ˇ˘–í—ã –ø–æ–ø–ª–µ–ª–∏—Å—å –Ω–∞ —é–≥.
[1;36m–õ–µ—Å–Ω–∞—è —É–ª–∏—Ü–∞ [5026][0;37m
   –ó–¥–µ—Å—å —É–∂–µ –¥–æ–º–∞ –ø–æ–º–µ–Ω—å—à–µ –∏ –ø–æ–ø—Ä–æ—â–µ, –∑–¥–µ—Å—å –∂–∏–≤—É—Ç —Ä—è–¥–æ–≤—ã–µ –∂–∏—Ç–µ–ª–∏ –¥–µ—Ä–µ–≤–Ω–∏,
–∏–º –Ω–µ –¥–æ —É–∫—Ä–∞—à–∞—Ç–µ–ª—å—Å—Ç–≤–∞ —Å–≤–æ–∏—Ö –∂–∏–ª–∏—â. –£–ª–∏—Ü–∞ –≤–µ–¥–µ—Ç –∫ –±–ª–∏–∂–∞–π—à–µ–º—É –ª–µ—Å—É, –∏–º–µ–Ω–Ω–æ
–ø–æ —ç—Ç–æ–π –¥–æ—Ä–æ–≥–µ —Ö–æ–¥—è—Ç –º–µ—Å—Ç–Ω—ã–µ –∂–∏—Ç–µ–ª–∏ –ø–æ —Ö–æ–∑—è–π—Å—Ç–≤–µ–Ω–Ω—ã–º –¥–µ–ª–∞–º.
[0;36m[ Exits: n s ][0;37m
[1;33m[1;31m[0;0m
[0;32m356H[0;37m [0;32m127M[0;37m 59170–æ –ó–∞—É—á:0 –í—ã—Ö:–°–Æ> ˇ˘–í—ã –ø–æ–ø–ª–µ–ª–∏—Å—å –Ω–∞ —é–≥.
[1;36m–¶–µ–Ω—Ç—Ä–∞–ª—å–Ω–∞—è —É–ª–∏—Ü–∞ [5012][0;37m
   –ü–æ–Ω–µ–º–Ω–æ–≥—É –æ—Å—Ç–∞—é—Ç—Å—è –ø–æ–∑–∞–¥–∏ –≥–ª–∞–≤–Ω—ã–µ –¥–æ–º–∞ –¥–µ—Ä–µ–≤–Ω–∏, –∏ –≤–æ–∫—Ä—É–≥ –æ—Ç–∫—Ä—ã–≤–∞–µ—Ç—Å—è –æ–±—ã—á–Ω—ã–π
–¥–µ—Ä–µ–≤–µ–Ω—Å–∫–∏–π –≤–∏–¥. –ö—Ä–µ–ø–∫–∏–µ –¥–æ–º–∞ —Å –º–∞–ª–µ–Ω—å–∫–∏–º–∏ –æ–∫–Ω–∞–º–∏, –Ω–æ –Ω–µ–∏–∑–º–µ–Ω–Ω—ã–º–∏ —Ç—Ä—É–±–∞–º–∏
–ø–µ—á–µ–π. –ò–∑–≥–æ—Ä–æ–¥—å, —Å—Ç–æ—è—â–∞—è –∑–∞ –¥–æ–º–∞–º–∏ –≤–¥–æ–ª—å –ª–µ—Å–∞ –∏ –∑–∞—â–∏—â–∞—é—â–∞—è –¥–µ—Ä–µ–≤–Ω—é —Å —Ç—ã–ª–∞. 
–ù–µ—Ç–æ—Ä–æ–ø–ª–∏–≤—ã–π –ª—é–¥, –∏–¥—É—â–∏–π –ø–æ —Å–≤–æ–∏–º –∏–∑–≤–µ—á–Ω—ã–º –¥–µ–ª–∞–º.
[0;36m[ Exits: n e s ][0;37m
[1;33m–õ—É–∂–∏—Ü–∞ –¥–æ–∂–¥–µ–≤–æ–π –≤–æ–¥—ã —Ä–∞–∑–ª–∏—Ç–∞ —É –≤–∞—à–∏—Ö –Ω–æ–≥.
–ù–µ–º–Ω–æ–≥–æ –æ—Ç—Ä—É–±–µ–π –ø—Ä–æ—Å—ã–ø–∞–Ω–æ –∑–¥–µ—Å—å.
[1;31m[0;0m
[0;32m356H[0;37m [0;32m127M[0;37m 59170–æ –ó–∞—É—á:0 –í—ã—Ö:–°–í–Æ> ˇ˘–í—ã –ø–æ–ø–ª–µ–ª–∏—Å—å –Ω–∞ —é–≥.
[1;36m–ö —Ü–µ–Ω—Ç—Ä—É –¥–µ—Ä–µ–≤–Ω–∏ [5006][0;37m
   –ü–æ–Ω–µ–º–Ω–æ–≥—É –æ—Å—Ç–∞—é—Ç—Å—è –ø–æ–∑–∞–¥–∏ –≥–ª–∞–≤–Ω—ã–µ –¥–æ–º–∞ –¥–µ—Ä–µ–≤–Ω–∏, –∏ –≤–æ–∫—Ä—É–≥ –æ—Ç–∫—Ä—ã–≤–∞–µ—Ç—Å—è –æ–±—ã—á–Ω—ã–π
–¥–µ—Ä–µ–≤–µ–Ω—Å–∫–∏–π –≤–∏–¥. –ö—Ä–µ–ø–∫–∏–µ –¥–æ–º–∞ —Å –º–∞–ª–µ–Ω—å–∫–∏–º–∏ –æ–∫–Ω–∞–º–∏, –Ω–æ –Ω–µ–∏–∑–º–µ–Ω–Ω—ã–º–∏ —Ç—Ä—É–±–∞–º–∏
–ø–µ—á–µ–π. –ò–∑–≥–æ—Ä–æ–¥—å, —Å—Ç–æ—è—â–∞—è –∑–∞ –¥–æ–º–∞–º–∏ –≤–¥–æ–ª—å –ª–µ—Å–∞ –∏ –∑–∞—â–∏—â–∞—é—â–∞—è –¥–µ—Ä–µ–≤–Ω—é —Å —Ç—ã–ª–∞. 
–ù–µ—Ç–æ—Ä–æ–ø–ª–∏–≤—ã–π –ª—é–¥, –∏–¥—É—â–∏–π –ø–æ —Å–≤–æ–∏–º –∏–∑–≤–µ—á–Ω—ã–º –¥–µ–ª–∞–º.
[0;36m[ Exits: n e s w ][0;37m
[1;33m[1;31m[0;0m
[0;32m356H[0;37m [0;32m127M[0;37m 59170–æ –ó–∞—É—á:0 –í—ã—Ö:–°–í–Æ–ó> ˇ˘
–°–æ–ª–Ω—Ü–µ –º–µ–¥–ª–µ–Ω–Ω–æ –∏—Å—á–µ–∑–ª–æ –∑–∞ –≥–æ—Ä–∏–∑–æ–Ω—Ç–æ–º.
–°–ª–∞–±—ã–π –≤–µ—Ç–µ—Ä.

[0;32m356H[0;37m [0;32m128M[0;37m 59170–æ –ó–∞—É—á:0 –í—ã—Ö:–°–í–Æ–ó> ˇ˘
[1;31m–ú–∏–Ω—É–ª —á–∞—Å.[0;37m

[0;32m356H[0;37m [0;32m128M[0;37m 59170–æ –ó–∞—É—á:0 –í—ã—Ö:–°–í–Æ–ó> ˇ˘–í—ã –ø–æ–ø–ª–µ–ª–∏—Å—å –Ω–∞ –≤–æ—Å—Ç–æ–∫.
[1;36m–ö –¥–æ—Ä–æ–≥–µ [5043][0;37m
   –≠—Ç–∞ –¥–æ—Ä–æ–≥–∞ –Ω–µ –∑—Ä—è —É–ø–∏—Ä–∞–µ—Ç—Å—è –≤ —Ü–µ–Ω—Ç—Ä –¥–µ—Ä–µ–≤–Ω–∏, –ø–æ –Ω–µ–π –≤ –¥–µ—Ä–µ–≤–Ω—é –ø—Ä–∏–≤–æ–∑—è—Ç
–Ω–æ–≤—ã–π —Ç–æ–≤–∞—Ä, —É–≤–æ–∑—è—Ç –¥–æ–±—ã—Ç—ã–µ —à–∫—É—Ä—ã –∂–∏–≤–æ—Ç–Ω—ã—Ö –∏ –µ–¥—É –¥–ª—è –ø—Ä–æ–¥–∞–∂–∏ –Ω–∞ —è—Ä–º–∞—Ä–∫–µ –∏–ª–∏
–±–∞–∑–∞—Ä–µ –≤ –±–ª–∏–∂–∞–π—à–µ–º –≥–æ—Ä–æ–¥–µ. –ù–∞ –¥–æ—Ä–æ–≥–µ –≤–∏–¥–Ω—ã —Å–ª–µ–¥—ã –∫–æ–ø—ã—Ç –ª–æ—à–∞–¥–µ–π –∏ –∫–æ–ª–µ—Å
—Ç–µ–ª–µ–≥.
[0;36m[ Exits: n e w ][0;37m
[1;33m[1;31m[0;0m
[0;32m356H[0;37m [0;32m127M[0;37m 59170–æ –ó–∞—É—á:0 –í—ã—Ö:–°–í–ó> ˇ˘–í—ã –ø–æ–ø–ª–µ–ª–∏—Å—å –Ω–∞ –∑–∞–ø–∞–¥.
[1;36m–ö —Ü–µ–Ω—Ç—Ä—É –¥–µ—Ä–µ–≤–Ω–∏ [5006][0;37m
   –ü–æ–Ω–µ–º–Ω–æ–≥—É –æ—Å—Ç–∞—é—Ç—Å—è –ø–æ–∑–∞–¥–∏ –≥–ª–∞–≤–Ω—ã–µ –¥–æ–º–∞ –¥–µ—Ä–µ–≤–Ω–∏, –∏ –≤–æ–∫—Ä—É–≥ –æ—Ç–∫—Ä—ã–≤–∞–µ—Ç—Å—è –æ–±—ã—á–Ω—ã–π
–¥–µ—Ä–µ–≤–µ–Ω—Å–∫–∏–π –≤–∏–¥. –ö—Ä–µ–ø–∫–∏–µ –¥–æ–º–∞ —Å –º–∞–ª–µ–Ω—å–∫–∏–º–∏ –æ–∫–Ω–∞–º–∏, –Ω–æ –Ω–µ–∏–∑–º–µ–Ω–Ω—ã–º–∏ —Ç—Ä—É–±–∞–º–∏
–ø–µ—á–µ–π. –ò–∑–≥–æ—Ä–æ–¥—å, —Å—Ç–æ—è—â–∞—è –∑–∞ –¥–æ–º–∞–º–∏ –≤–¥–æ–ª—å –ª–µ—Å–∞ –∏ –∑–∞—â–∏—â–∞—é—â–∞—è –¥–µ—Ä–µ–≤–Ω—é —Å —Ç—ã–ª–∞. 
–ù–µ—Ç–æ—Ä–æ–ø–ª–∏–≤—ã–π –ª—é–¥, –∏–¥—É—â–∏–π –ø–æ —Å–≤–æ–∏–º –∏–∑–≤–µ—á–Ω—ã–º –¥–µ–ª–∞–º.
[0;36m[ Exits: n e s w ][0;37m
[1;33m[1;31m[0;0m
[0;32m356H[0;37m [0;32m127M[0;37m 59170–æ –ó–∞—É—á:0 –í—ã—Ö:–°–í–Æ–ó> ˇ˘–í—ã –ø–æ–ø–ª–µ–ª–∏—Å—å –Ω–∞ —é–≥.
[1;36m–ü–µ—Ä–µ–¥ –ø–æ—Å—Ç–æ—è–ª—ã–º –¥–≤–æ—Ä–æ–º [5005][0;37m
   –ß—É—Ç—å –Ω–µ —Å–ø–æ—Ç–∫–Ω—É–≤—à–∏—Å—å –æ –¥–æ—Å–∫—É, –ª–µ–∂–∞—â—É—é —Å—Ä–∞–∑—É —É –ø–æ—Ä–æ–≥–∞ –ø–æ—Å—Ç–æ—è–ª–æ–≥–æ –¥–≤–æ—Ä–∞,
–≤—ã –æ–∫–∞–∑–∞–ª–∏—Å—å –Ω–∞ —Ü–µ–Ω—Ç—Ä–∞–ª—å–Ω–æ–π —É–ª–∏—Ü–µ –¥–µ—Ä–µ–≤–Ω–∏. –ò–º–µ–Ω–Ω–æ –Ω–∞ —ç—Ç–æ–π —É–ª–∏—Ü–µ –º–æ–∂–Ω–æ 
–±—ã—Å—Ç—Ä–æ –Ω–∞–π—Ç–∏ –ª–∞–≤–∫—É —Ä–µ–º–µ—Å–ª–µ–Ω–Ω–∏–∫–∞, –¥–æ–º –∑–Ω–∞—Ö–∞—Ä—è, –∫–æ–Ω—é—à–Ω—é –∏ –¥–æ–º —Å—Ç–∞—Ä–µ–π—à–∏–Ω—ã.
–í —é–∂–Ω–æ–π —á–∞—Å—Ç–∏ –¥–µ—Ä–µ–≤–Ω–∏ –ø–æ—Å–µ–ª–∏–ª–∏—Å—å –≤–æ—Ä–æ–∂–µ–∏.
[0;36m[ Exits: n e s w ][0;37m
[1;33m[1;31m[0;0m
[0;32m356H[0;37m [0;32m126M[0;37m 59170–æ –ó–∞—É—á:0 –í—ã—Ö:–°–í–Æ–ó> ˇ˘–í—ã –ø–æ—Å–º–æ—Ç—Ä–µ–ª–∏ –ø–æ —Å—Ç–æ—Ä–æ–Ω–∞–º.
[0;33m–°–µ–≤–µ—Ä:[0;37m –ö —Ü–µ–Ω—Ç—Ä—É –¥–µ—Ä–µ–≤–Ω–∏
[1;31m[0;0m[0;33m–í–æ—Å—Ç–æ–∫:[0;37m –ü–æ—Å—Ç–æ—è–ª—ã–π –¥–≤–æ—Ä
[1;31m–°–∫–∞–∑–∏—Ç–µ–ª—å —Å—Ç–æ–∏—Ç –∑–¥–µ—Å—å. 
–¢—Ä–∞–∫—Ç–∏—Ä—â–∏–∫ —Å–∏–¥–∏—Ç –∑–¥–µ—Å—å. 
[0;0m[0;33m–Æ–≥:[0;37m –¶–µ–Ω—Ç—Ä –¥–µ—Ä–µ–≤–Ω–∏
[1;31m–ú–µ—Å—Ç–Ω—ã–π –∂–∏—Ç–µ–ª—å —Å—Ç–æ–∏—Ç –∑–¥–µ—Å—å. 
–ü–∞—Ä–µ–Ω—å —Å—Ç–æ–∏—Ç –∑–¥–µ—Å—å. 
–ë–∞–∑–∞—Ä–Ω—ã–π –∑–∞–∑—ã–≤–∞–ª–∞ —Å—Ç–æ–∏—Ç –∑–¥–µ—Å—å. 
[0;0m[0;33m–ó–∞–ø–∞–¥:[0;37m –Ø–º–∞
[1;31m–Ø–º—â–∏–∫ —Å—Ç–æ–∏—Ç –∑–¥–µ—Å—å. 
[0;0m
[0;32m356H[0;37m [0;32m128M[0;37m 59170–æ –ó–∞—É—á:0 –í—ã—Ö:–°–í–Æ–ó> ˇ˘–í—ã –ø–æ–ø–ª–µ–ª–∏—Å—å –Ω–∞ –≤–æ—Å—Ç–æ–∫.
[1;36m–ü–æ—Å—Ç–æ—è–ª—ã–π –¥–≤–æ—Ä [5001][0;37m
   –î–µ—Ä–µ–≤–Ω—è —Ö–æ—Ç—å –∏ –Ω–µ–±–æ–ª—å—à–∞—è, –Ω–æ –ø–æ—Å—Ç–æ—è–ª—ã–π –¥–≤–æ—Ä –∏–º–µ–µ—Ç—Å—è, –¥–ª—è –∑–∞–µ–∑–∂–∏—Ö –≥–æ—Å—Ç–µ–π,
—á—Ç–æ–±—ã –±—ã–ª–æ –≥–¥–µ –ø–µ—Ä–µ–≤–µ—Å—Ç–∏ –¥—É—Ö, –µ–¥–æ–π –∏ –ø–∏—Ç—å–µ–º –∑–∞–ø–∞—Å—Ç–∏—Å—å. –ê –µ—Å–ª–∏ –Ω–∞ –¥–≤–æ—Ä–µ —É–∂
–Ω–æ—á—å –∏–ª—å –ø—Ä–æ—Å—Ç–æ –Ω–∞–¥–æ –æ—Å—Ç–∞–Ω–æ–≤–∏—Ç—Å—è –Ω–∞ –¥–µ–Ω—å –¥—Ä—É–≥–æ–π –≤ –¥–µ—Ä–µ–≤–Ω–µ, –∞ —Ä–æ–¥—Å—Ç–≤–µ–Ω–Ω–∏–∫–æ–≤
–Ω–µ—Ç, —Ç–∞–∫ –º–æ–∂–Ω–æ –∏ –ø–µ—Ä–µ–Ω–æ—á–µ–≤–∞—Ç—å –≤ –≥–æ—Ä–Ω–∏—Ü–∞—Ö –Ω–∞–≤–µ—Ä—Ö—É.
[0;36m[ Exits: w u ][0;37m
[1;33m[1;31m–°–µ–¥–æ–≤–ª–∞—Å—ã–π —Å–∫–∞–∑–∏—Ç–µ–ª—å –≥–æ—Ç–æ–≤ –ø–æ–¥–µ–ª–∏—Ç—å—Å—è —Å –í–∞–º–∏ –∏–Ω—Ç–µ—Ä–µ—Å–Ω–æ–π –∏—Å—Ç–æ—Ä–∏–µ–π.
–¢—Ä–∞–∫—Ç–∏—Ä—â–∏–∫ –æ—Ç–¥—ã—Ö–∞–µ—Ç –∑–∞ —Å—Ç–æ–π–∫–æ–π.
[0;0m
[0;32m356H[0;37m [0;32m127M[0;37m 59170–æ –ó–∞—É—á:0 –í—ã—Ö:–ó^> ˇ˘ * –°–µ–¥–æ–≤–ª–∞—Å—ã–π —Å—Ç—Ä–∞–Ω–Ω–∏–∫ —Ö—Ä–∞–Ω–∏—Ç –≤ —Å–≤–æ–µ–π –ø–∞–º—è—Ç–∏ —Å–æ—Ç–Ω–∏ —Å–∫–∞–∑–∞–Ω–∏–π –∏ –±—ã–ª–∏–Ω.
–ú–æ–∂–Ω–æ –ø–æ–ø—Ä–æ—Å–∏—Ç—å –µ–≥–æ —Ä–∞—Å—Å–∫–∞–∑–∞—Ç—å —Å–∫–∞–∑–∫—É - –∞–≤–æ—Å—å –Ω–µ –æ—Ç–∫–∞–∂–µ—Ç.
–°–∫–∞–∑–∏—Ç–µ–ª—å –Ω–µ–≤—Ä–µ–¥–∏–º, —Å—Ç–æ–∏—Ç.

[0;32m356H[0;37m [0;32m128M[0;37m 59170–æ –ó–∞—É—á:0 –í—ã—Ö:–ó^> ˇ˘–í—ã —Å–∫–∞–∑–∞–ª–∏ : '—Ä–∞—Å—Å–∫–∞–∂–∏ —Å–∫–∞–∑–∫—É'

[0;32m356H[0;37m [0;32m128M[0;37m 59170–æ –ó–∞—É—á:0 –í—ã—Ö:–ó^> ˇ˘
–°–∫–∞–∑–∏—Ç–µ–ª—å –≤–Ω–∏–º–∞—Ç–µ–ª—å–Ω–æ –ø–æ—Å–º–æ—Ç—Ä–µ–ª –Ω–∞ –≤–∞—Å.

[0;32m356H[0;37m [0;32m128M[0;37m 59170–æ –ó–∞—É—á:0 –í—ã—Ö:–ó^> ˇ˘
–°–∫–∞–∑–∏—Ç–µ–ª—å —Å–∫–∞–∑–∞–ª : '–ò–∑–≤–∏–Ω–∏, –¥–ª—è —Ç–µ–±—è —É –º–µ–Ω—è –Ω–µ—Ç —Å–∫–∞–∑–∫–∏...'
[1;30m–°–∫–∞–∑–∏—Ç–µ–ª—å –≤–∑–¥–æ—Ö–Ω—É–ª.[0;0m

[0;32m356H[0;37m [0;32m128M[0;37m 59170–æ –ó–∞—É—á:0 –í—ã—Ö:–ó^> ˇ˘–í—ã –ø–æ–ø–ª–µ–ª–∏—Å—å –Ω–∞ –∑–∞–ø–∞–¥.
[1;36m–ü–µ—Ä–µ–¥ –ø–æ—Å—Ç–æ—è–ª—ã–º –¥–≤–æ—Ä–æ–º [5005][0;37m
   –ß—É—Ç—å –Ω–µ —Å–ø–æ—Ç–∫–Ω—É–≤—à–∏—Å—å –æ –¥–æ—Å–∫—É, –ª–µ–∂–∞—â—É—é —Å—Ä–∞–∑—É —É –ø–æ—Ä–æ–≥–∞ –ø–æ—Å—Ç–æ—è–ª–æ–≥–æ –¥–≤–æ—Ä–∞,
–≤—ã –æ–∫–∞–∑–∞–ª–∏—Å—å –Ω–∞ —Ü–µ–Ω—Ç—Ä–∞–ª—å–Ω–æ–π —É–ª–∏—Ü–µ –¥–µ—Ä–µ–≤–Ω–∏. –ò–º–µ–Ω–Ω–æ –Ω–∞ —ç—Ç–æ–π —É–ª–∏—Ü–µ –º–æ–∂–Ω–æ 
–±—ã—Å—Ç—Ä–æ –Ω–∞–π—Ç–∏ –ª–∞–≤–∫—É —Ä–µ–º–µ—Å–ª–µ–Ω–Ω–∏–∫–∞, –¥–æ–º –∑–Ω–∞—Ö–∞—Ä—è, –∫–æ–Ω—é—à–Ω—é –∏ –¥–æ–º —Å—Ç–∞—Ä–µ–π—à–∏–Ω—ã.
–í —é–∂–Ω–æ–π —á–∞—Å—Ç–∏ –¥–µ—Ä–µ–≤–Ω–∏ –ø–æ—Å–µ–ª–∏–ª–∏—Å—å –≤–æ—Ä–æ–∂–µ–∏.
[0;36m[ Exits: n e s w ][0;37m
[1;33m[1;31m–ú–µ—Å—Ç–Ω—ã–π –∂–∏—Ç–µ–ª—å –∏–¥–µ—Ç –∑–¥–µ—Å—å.
–ú–æ–ª–æ–¥–æ–π –ø–∞—Ä–µ–Ω—å –≥—É–ª—è–µ—Ç –∑–¥–µ—Å—å.
[0;0m
[0;32m356H[0;37m [0;32m127M[0;37m 59170–æ –ó–∞—É—á:0 –í—ã—Ö:–°–í–Æ–ó> ˇ˘–í—ã –ø–æ–ø–ª–µ–ª–∏—Å—å –Ω–∞ —é–≥.
[1;36m–¶–µ–Ω—Ç—Ä –¥–µ—Ä–µ–≤–Ω–∏ [5004][0;37m
   –¶–µ–Ω—Ç—Ä–∞–ª—å–Ω–∞—è —á–∞—Å—Ç—å –¥–µ—Ä–µ–≤–Ω–∏ –∑–∞–ø–æ–ª–Ω–µ–Ω–∞ –Ω—É–∂–Ω—ã–º–∏ –≤—Å–µ–º –º–∞—Å—Ç–µ—Ä—Å–∫–∏–º–∏ –∏ –ª–∞–≤–∫–∞–º–∏.
–£–¥–∞—á–Ω–æ–µ –º–µ—Å—Ç–æ –¥–µ—Ä–µ–≤–Ω–∏ –≤ –Ω–µ–∑–∞–ø–∞–º—è—Ç–Ω—ã–µ –≤—Ä–µ–º–µ–Ω–∞ –ø—Ä–∏–≤–ª–µ–∫–ª–æ —Å—é–¥–∞ —Ç–æ—Ä–≥–æ–≤—Ü–µ–≤ –∏
–º–∞—Å—Ç–µ—Ä–æ–≤—ã—Ö, –∏ —Å —Ç–µ—Ö –ø–æ—Ä –ø–æ–≤–µ–ª–æ—Å—å, —á—Ç–æ –≤ —ç—Ç–æ–π —á–∞—Å—Ç–∏ –¥–µ—Ä–µ–≤–Ω–∏ —Å—Ç–æ—è—Ç –±–æ–ª—å—à–∏–µ –∏
–±–æ–≥–∞—Ç—ã–µ –¥–æ–º–∞. –°–æ –≤—Å–µ–π –æ–∫—Ä—É–≥–∏ –∏ –¥–∞–∂–µ –∏–∑ –¥–∞–ª–µ–∫–æ–π –≥–ª—É—à–∏ –ø—Ä–∏—Ö–æ–¥—è—Ç –ª—é–¥–∏ —Å—é–¥–∞
–∑–∞ —Ç–æ–≤–∞—Ä–æ–º –∫—É–ø–∏—Ç—å —á—Ç–æ, –ø—Ä–æ–¥–∞—Ç—å —á—Ç–æ, –∑–∞–∫–∞–∑–∞—Ç—å —á—Ç–æ.
[0;36m[ Exits: n s w ][0;37m
[1;33m[1;31m–ë–∞–∑–∞—Ä–Ω—ã–π –∑–∞–∑—ã–≤–∞–ª–∞ —Å—Ç–æ–∏—Ç –∑–¥–µ—Å—å, –∑—ã—á–Ω—ã–º –≥–æ–ª–æ—Å–æ–º —Ä–∞—Å—Ö–≤–∞–ª–∏–≤–∞—è –≤—ã—Å—Ç–∞–≤–ª–µ–Ω–Ω—ã–π —Ç–æ–≤–∞—Ä.
[0;0m
[0;32m356H[0;37m [0;32m127M[0;37m 59170–æ –ó–∞—É—á:0 –í—ã—Ö:–°–Æ–ó> ˇ˘–í—ã –ø–æ–ø–ª–µ–ª–∏—Å—å –Ω–∞ —é–≥.
[1;36m–ü–µ—Ä–µ–¥ –∫–æ–Ω—é—à–Ω–µ–π [5003][0;37m
   –¶–µ–Ω—Ç—Ä–∞–ª—å–Ω–∞—è —á–∞—Å—Ç—å –¥–µ—Ä–µ–≤–Ω–∏ –∑–∞–ø–æ–ª–Ω–µ–Ω–∞ –Ω—É–∂–Ω—ã–º–∏ –≤—Å–µ–º –º–∞—Å—Ç–µ—Ä—Å–∫–∏–º–∏ –∏ –ª–∞–≤–∫–∞–º–∏.
–£–¥–∞—á–Ω–æ–µ –º–µ—Å—Ç–æ –¥–µ—Ä–µ–≤–Ω–∏ –≤ –Ω–µ–∑–∞–ø–∞–º—è—Ç–Ω—ã–µ –≤—Ä–µ–º–µ–Ω–∞ –ø—Ä–∏–≤–ª–µ–∫–ª–æ —Å—é–¥–∞ —Ç–æ—Ä–≥–æ–≤—Ü–µ–≤ –∏
–º–∞—Å—Ç–µ—Ä–æ–≤—ã—Ö, –∏ —Å —Ç–µ—Ö –ø–æ—Ä –ø–æ–≤–µ–ª–æ—Å—å, —á—Ç–æ –≤ —ç—Ç–æ–π —á–∞—Å—Ç–∏ –¥–µ—Ä–µ–≤–Ω–∏ —Å—Ç–æ—è—Ç –±–æ–ª—å—à–∏–µ –∏
–±–æ–≥–∞—Ç—ã–µ –¥–æ–º–∞. –°–æ –≤—Å–µ–π –æ–∫—Ä—É–≥–∏ –∏ –¥–∞–∂–µ –∏–∑ –¥–∞–ª–µ–∫–æ–π –≥–ª—É—à–∏ –ø—Ä–∏—Ö–æ–¥—è—Ç –ª—é–¥–∏ —Å—é–¥–∞
–∑–∞ —Ç–æ–≤–∞—Ä–æ–º –∫—É–ø–∏—Ç—å —á—Ç–æ, –ø—Ä–æ–¥–∞—Ç—å —á—Ç–æ, –∑–∞–∫–∞–∑–∞—Ç—å —á—Ç–æ.
[0;36m[ Exits: n e s w ][0;37m
[1;33m[1;31m[0;0m
[0;32m356H[0;37m [0;32m127M[0;37m 59170–æ –ó–∞—É—á:0 –í—ã—Ö:–°–í–Æ–ó> ˇ˘–í—ã –ø–æ–ø–ª–µ–ª–∏—Å—å –Ω–∞ —Å–µ–≤–µ—Ä.
[1;36m–¶–µ–Ω—Ç—Ä –¥–µ—Ä–µ–≤–Ω–∏ [5004][0;37m
   –¶–µ–Ω—Ç—Ä–∞–ª—å–Ω–∞—è —á–∞—Å—Ç—å –¥–µ—Ä–µ–≤–Ω–∏ –∑–∞–ø–æ–ª–Ω–µ–Ω–∞ –Ω—É–∂–Ω—ã–º–∏ –≤—Å–µ–º –º–∞—Å—Ç–µ—Ä—Å–∫–∏–º–∏ –∏ –ª–∞–≤–∫–∞–º–∏.
–£–¥–∞—á–Ω–æ–µ –º–µ—Å—Ç–æ –¥–µ—Ä–µ–≤–Ω–∏ –≤ –Ω–µ–∑–∞–ø–∞–º—è—Ç–Ω—ã–µ –≤—Ä–µ–º–µ–Ω–∞ –ø—Ä–∏–≤–ª–µ–∫–ª–æ —Å—é–¥–∞ —Ç–æ—Ä–≥–æ–≤—Ü–µ–≤ –∏
–º–∞—Å—Ç–µ—Ä–æ–≤—ã—Ö, –∏ —Å —Ç–µ—Ö –ø–æ—Ä –ø–æ–≤–µ–ª–æ—Å—å, —á—Ç–æ –≤ —ç—Ç–æ–π —á–∞—Å—Ç–∏ –¥–µ—Ä–µ–≤–Ω–∏ —Å—Ç–æ—è—Ç –±–æ–ª—å—à–∏–µ –∏
–±–æ–≥–∞—Ç—ã–µ –¥–æ–º–∞. –°–æ –≤—Å–µ–π –æ–∫—Ä—É–≥–∏ –∏ –¥–∞–∂–µ –∏–∑ –¥–∞–ª–µ–∫–æ–π –≥–ª—É—à–∏ –ø—Ä–∏—Ö–æ–¥—è—Ç –ª—é–¥–∏ —Å—é–¥–∞
–∑–∞ —Ç–æ–≤–∞—Ä–æ–º –∫—É–ø–∏—Ç—å —á—Ç–æ, –ø—Ä–æ–¥–∞—Ç—å —á—Ç–æ, –∑–∞–∫–∞–∑–∞—Ç—å —á—Ç–æ.
[0;36m[ Exits: n s w ][0;37m
[1;33m[1;31m–ë–∞–∑–∞—Ä–Ω—ã–π –∑–∞–∑—ã–≤–∞–ª–∞ —Å—Ç–æ–∏—Ç –∑–¥–µ—Å—å, –∑—ã—á–Ω—ã–º –≥–æ–ª–æ—Å–æ–º —Ä–∞—Å—Ö–≤–∞–ª–∏–≤–∞—è –≤—ã—Å—Ç–∞–≤–ª–µ–Ω–Ω—ã–π —Ç–æ–≤–∞—Ä.
[0;0m
[0;32m356H[0;37m [0;32m127M[0;37m 59170–æ –ó–∞—É—á:0 –í—ã—Ö:–°–Æ–ó> ˇ˘–í—ã –ø–æ—Å–º–æ—Ç—Ä–µ–ª–∏ –ø–æ —Å—Ç–æ—Ä–æ–Ω–∞–º.
[0;33m–°–µ–≤–µ—Ä:[0;37m –ü–µ—Ä–µ–¥ –ø–æ—Å—Ç–æ—è–ª—ã–º –¥–≤–æ—Ä–æ–º
[1;31m–ú–µ—Å—Ç–Ω—ã–π –∂–∏—Ç–µ–ª—å —Å—Ç–æ–∏—Ç –∑–¥–µ—Å—å. 
–ü–∞—Ä–µ–Ω—å —Å—Ç–æ–∏—Ç –∑–¥–µ—Å—å. 
[0;0m[0;33m–Æ–≥:[0;37m –ü–µ—Ä–µ–¥ –∫–æ–Ω—é—à–Ω–µ–π
[1;31m[0;0m[0;33m–ó–∞–ø–∞–¥:[0;37m –£ –∫–æ–ª–æ–¥—Ü–∞
[1;31m[0;0m
[0;32m356H[0;37m [0;32m128M[0;37m 59170–æ –ó–∞—É—á:0 –í—ã—Ö:–°–Æ–ó> ˇ˘–í—ã –ø–æ–ø–ª–µ–ª–∏—Å—å –Ω–∞ —é–≥.
[1;36m–ü–µ—Ä–µ–¥ –∫–æ–Ω—é—à–Ω–µ–π [5003][0;37m
   –¶–µ–Ω—Ç—Ä–∞–ª—å–Ω–∞—è —á–∞—Å—Ç—å –¥–µ—Ä–µ–≤–Ω–∏ –∑–∞–ø–æ–ª–Ω–µ–Ω–∞ –Ω—É–∂–Ω—ã–º–∏ –≤—Å–µ–º –º–∞—Å—Ç–µ—Ä—Å–∫–∏–º–∏ –∏ –ª–∞–≤–∫–∞–º–∏.
–£–¥–∞—á–Ω–æ–µ –º–µ—Å—Ç–æ –¥–µ—Ä–µ–≤–Ω–∏ –≤ –Ω–µ–∑–∞–ø–∞–º—è—Ç–Ω—ã–µ –≤—Ä–µ–º–µ–Ω–∞ –ø—Ä–∏–≤–ª–µ–∫–ª–æ —Å—é–¥–∞ —Ç–æ—Ä–≥–æ–≤—Ü–µ–≤ –∏
–º–∞—Å—Ç–µ—Ä–æ–≤—ã—Ö, –∏ —Å —Ç–µ—Ö –ø–æ—Ä –ø–æ–≤–µ–ª–æ—Å—å, —á—Ç–æ –≤ —ç—Ç–æ–π —á–∞—Å—Ç–∏ –¥–µ—Ä–µ–≤–Ω–∏ —Å—Ç–æ—è—Ç –±–æ–ª—å—à–∏–µ –∏
–±–æ–≥–∞—Ç—ã–µ –¥–æ–º–∞. –°–æ –≤—Å–µ–π –æ–∫—Ä—É–≥–∏ –∏ –¥–∞–∂–µ –∏–∑ –¥–∞–ª–µ–∫–æ–π –≥–ª—É—à–∏ –ø—Ä–∏—Ö–æ–¥—è—Ç –ª—é–¥–∏ —Å—é–¥–∞
–∑–∞ —Ç–æ–≤–∞—Ä–æ–º –∫—É–ø–∏—Ç—å —á—Ç–æ, –ø—Ä–æ–¥–∞—Ç—å —á—Ç–æ, –∑–∞–∫–∞–∑–∞—Ç—å —á—Ç–æ.
[0;36m[ Exits: n e s w ][0;37m
[1;33m[1;31m[0;0m
[0;32m356H[0;37m [0;32m127M[0;37m 59170–æ –ó–∞—É—á:0 –í—ã—Ö:–°–í–Æ–ó> ˇ˘–í—ã –ø–æ–ø–ª–µ–ª–∏—Å—å –Ω–∞ —é–≥.
[1;36m–¶–µ–Ω—Ç—Ä –¥–µ—Ä–µ–≤–Ω–∏ [5009][0;37m
   –¶–µ–Ω—Ç—Ä–∞–ª—å–Ω–∞—è —á–∞—Å—Ç—å –¥–µ—Ä–µ–≤–Ω–∏ –∑–∞–ø–æ–ª–Ω–µ–Ω–∞ –Ω—É–∂–Ω—ã–º–∏ –≤—Å–µ–º –º–∞—Å—Ç–µ—Ä—Å–∫–∏–º–∏ –∏ –ª–∞–≤–∫–∞–º–∏.
–£–¥–∞—á–Ω–æ–µ –º–µ—Å—Ç–æ –¥–µ—Ä–µ–≤–Ω–∏ –≤ –Ω–µ–∑–∞–ø–∞–º—è—Ç–Ω—ã–µ –≤—Ä–µ–º–µ–Ω–∞ –ø—Ä–∏–≤–ª–µ–∫–ª–æ —Å—é–¥–∞ —Ç–æ—Ä–≥–æ–≤—Ü–µ–≤ –∏
–º–∞—Å—Ç–µ—Ä–æ–≤—ã—Ö, –∏ —Å —Ç–µ—Ö –ø–æ—Ä –ø–æ–≤–µ–ª–æ—Å—å, —á—Ç–æ –≤ —ç—Ç–æ–π —á–∞—Å—Ç–∏ –¥–µ—Ä–µ–≤–Ω–∏ —Å—Ç–æ—è—Ç –±–æ–ª—å—à–∏–µ –∏
–±–æ–≥–∞—Ç—ã–µ –¥–æ–º–∞. –°–æ –≤—Å–µ–π –æ–∫—Ä—É–≥–∏ –∏ –¥–∞–∂–µ –∏–∑ –¥–∞–ª–µ–∫–æ–π –≥–ª—É—à–∏ –ø—Ä–∏—Ö–æ–¥—è—Ç –ª—é–¥–∏ —Å—é–¥–∞
–∑–∞ —Ç–æ–≤–∞—Ä–æ–º –∫—É–ø–∏—Ç—å —á—Ç–æ, –ø—Ä–æ–¥–∞—Ç—å —á—Ç–æ, –∑–∞–∫–∞–∑–∞—Ç—å —á—Ç–æ.
[0;36m[ Exits: n e s w ][0;37m
[1;33m[1;31m–ü–æ–∂–∏–ª–æ–π —à–∏—Ä–æ–∫–æ–ø–ª–µ—á–∏–π –∫—Ä–µ—Å—Ç—å—è–Ω–∏–Ω –≤ –¥–æ–±—Ä–æ—Ç–Ω–æ–π –æ–¥–µ–∂–¥–µ –ø—Ä–æ—Ö–∞–∂–∏–≤–∞–µ—Ç—Å—è —Ç—É—Ç.
[0;0m
[0;32m356H[0;37m [0;32m127M[0;37m 59170–æ –ó–∞—É—á:0 –í—ã—Ö:–°–í–Æ–ó> ˇ˘–í—ã –ø–æ–ø–ª–µ–ª–∏—Å—å –Ω–∞ —é–≥.
[1;36m–¶–µ–Ω—Ç—Ä –¥–µ—Ä–µ–≤–Ω–∏ [5010][0;37m
   –¶–µ–Ω—Ç—Ä–∞–ª—å–Ω–∞—è —á–∞—Å—Ç—å –¥–µ—Ä–µ–≤–Ω–∏ –∑–∞–ø–æ–ª–Ω–µ–Ω–∞ –Ω—É–∂–Ω—ã–º–∏ –≤—Å–µ–º –º–∞—Å—Ç–µ—Ä—Å–∫–∏–º–∏ –∏ –ª–∞–≤–∫–∞–º–∏.
–£–¥–∞—á–Ω–æ–µ –º–µ—Å—Ç–æ –¥–µ—Ä–µ–≤–Ω–∏ –≤ –Ω–µ–∑–∞–ø–∞–º—è—Ç–Ω—ã–µ –≤—Ä–µ–º–µ–Ω–∞ –ø—Ä–∏–≤–ª–µ–∫–ª–æ —Å—é–¥–∞ —Ç–æ—Ä–≥–æ–≤—Ü–µ–≤ –∏
–º–∞—Å—Ç–µ—Ä–æ–≤—ã—Ö, –∏ —Å —Ç–µ—Ö –ø–æ—Ä –ø–æ–≤–µ–ª–æ—Å—å, —á—Ç–æ –≤ —ç—Ç–æ–π —á–∞—Å—Ç–∏ –¥–µ—Ä–µ–≤–Ω–∏ —Å—Ç–æ—è—Ç –±–æ–ª—å—à–∏–µ –∏
–±–æ–≥–∞—Ç—ã–µ –¥–æ–º–∞. –°–æ –≤—Å–µ–π –æ–∫—Ä—É–≥–∏ –∏ –¥–∞–∂–µ –∏–∑ –¥–∞–ª–µ–∫–æ–π –≥–ª—É—à–∏ –ø—Ä–∏—Ö–æ–¥—è—Ç –ª—é–¥–∏ —Å—é–¥–∞
–∑–∞ —Ç–æ–≤–∞—Ä–æ–º –∫—É–ø–∏—Ç—å —á—Ç–æ, –ø—Ä–æ–¥–∞—Ç—å —á—Ç–æ, –∑–∞–∫–∞–∑–∞—Ç—å —á—Ç–æ.
[0;36m[ Exits: n e s w ][0;37m
[1;33m–£ –≤–∞—à–∏—Ö –Ω–æ–≥ –ª–µ–∂–∏—Ç –≥–ª–∏–Ω—è–Ω–∞—è –ø–ª–æ—à–∫–∞.
[1;31m[0;0m
[0;32m356H[0;37m [0;32m127M[0;37m 59170–æ –ó–∞—É—á:0 –í—ã—Ö:–°–í–Æ–ó> ˇ˘–í—ã –ø–æ–ø–ª–µ–ª–∏—Å—å –Ω–∞ —Å–µ–≤–µ—Ä.
[1;36m–¶–µ–Ω—Ç—Ä –¥–µ—Ä–µ–≤–Ω–∏ [5009][0;37m
   –¶–µ–Ω—Ç—Ä–∞–ª—å–Ω–∞—è —á–∞—Å—Ç—å –¥–µ—Ä–µ–≤–Ω–∏ –∑–∞–ø–æ–ª–Ω–µ–Ω–∞ –Ω—É–∂–Ω—ã–º–∏ –≤—Å–µ–º –º–∞—Å—Ç–µ—Ä—Å–∫–∏–º–∏ –∏ –ª–∞–≤–∫–∞–º–∏.
–£–¥–∞—á–Ω–æ–µ –º–µ—Å—Ç–æ –¥–µ—Ä–µ–≤–Ω–∏ –≤ –Ω–µ–∑–∞–ø–∞–º—è—Ç–Ω—ã–µ –≤—Ä–µ–º–µ–Ω–∞ –ø—Ä–∏–≤–ª–µ–∫–ª–æ —Å—é–¥–∞ —Ç–æ—Ä–≥–æ–≤—Ü–µ–≤ –∏
–º–∞—Å—Ç–µ—Ä–æ–≤—ã—Ö, –∏ —Å —Ç–µ—Ö –ø–æ—Ä –ø–æ–≤–µ–ª–æ—Å—å, —á—Ç–æ –≤ —ç—Ç–æ–π —á–∞—Å—Ç–∏ –¥–µ—Ä–µ–≤–Ω–∏ —Å—Ç–æ—è—Ç –±–æ–ª—å—à–∏–µ –∏
–±–æ–≥–∞—Ç—ã–µ –¥–æ–º–∞. –°–æ –≤—Å–µ–π –æ–∫—Ä—É–≥–∏ –∏ –¥–∞–∂–µ –∏–∑ –¥–∞–ª–µ–∫–æ–π –≥–ª—É—à–∏ –ø—Ä–∏—Ö–æ–¥—è—Ç –ª—é–¥–∏ —Å—é–¥–∞
–∑–∞ —Ç–æ–≤–∞—Ä–æ–º –∫—É–ø–∏—Ç—å —á—Ç–æ, –ø—Ä–æ–¥–∞—Ç—å —á—Ç–æ, –∑–∞–∫–∞–∑–∞—Ç—å —á—Ç–æ.
[0;36m[ Exits: n e s w ][0;37m
[1;33m[1;31m–ü–æ–∂–∏–ª–æ–π —à–∏—Ä–æ–∫–æ–ø–ª–µ—á–∏–π –∫—Ä–µ—Å—Ç—å—è–Ω–∏–Ω –≤ –¥–æ–±—Ä–æ—Ç–Ω–æ–π –æ–¥–µ–∂–¥–µ –ø—Ä–æ—Ö–∞–∂–∏–≤–∞–µ—Ç—Å—è —Ç—É—Ç.
[0;0m
[0;32m356H[0;37m [0;32m127M[0;37m 59170–æ –ó–∞—É—á:0 –í—ã—Ö:–°–í–Æ–ó> ˇ˘–í—ã –ø–æ–ø–ª–µ–ª–∏—Å—å –Ω–∞ –≤–æ—Å—Ç–æ–∫.
[1;36m–î–≤–æ—Ä —Å—Ç–∞—Ä–µ–π—à–∏–Ω—ã [5030][0;37m
   –≠—Ç–æ —Å–∞–º—ã–π –±–æ–ª—å—à–æ–π –¥–≤–æ—Ä –≤ –¥–µ—Ä–µ–≤–Ω–∏. –ó–¥–µ—Å—å –ø—Ä–æ–∏—Å—Ö–æ–¥—è—Ç —Å—Ö–æ–¥—ã –∂–∏—Ç–µ–ª–µ–π –¥–ª—è 
—Ä–µ—à–µ–Ω–∏—è –æ–±—â–∏—Ö –ø—Ä–æ–±–ª–µ–º. –ö–∞–∂–¥—ã–π –º–æ–∂–µ—Ç –≤—ã—Å–∫–∞–∑–∞—Ç—å—Å—è –Ω–∞ —ç—Ç–æ–º —Å–æ–±—Ä–∞–Ω–∏–∏ –Ω–µ–∑–∞–≤–∏—Å–∏–º–æ
–æ—Ç —Å–≤–æ–µ–≥–æ —Å—Ç–∞—Ç—É—Å–∞. –ò–º–µ–Ω–Ω–æ –∑–¥–µ—Å—å —Ä–µ—à–∞—é—Ç—Å—è —Å—Å–æ—Ä—ã, –Ω–∞–∫–∞–∑—ã–≤–∞—é—Ç—Å—è —Å–æ–≤–µ—Ä—à–∏–≤—à–∏–µ
–ø–ª–æ—Ö–∏–µ –ø—Ä–æ—Å—Ç—É–ø–∫–∏.
[0;36m[ Exits: e w ][0;37m
[1;33m[1;31m–ï—Ñ–∏–º–∏–π, –±—Ä–∞—Ç –¥–µ—Ä–µ–≤–µ–Ω—Å–∫–æ–≥–æ —Å—Ç–∞—Ä–æ—Å—Ç—ã, —Å—Ç–æ–∏—Ç –∑–¥–µ—Å—å.
[0;0m
[0;32m356H[0;37m [0;32m126M[0;37m 59170–æ –ó–∞—É—á:0 –í—ã—Ö:–í–ó> ˇ˘
–ï—Ñ–∏–º–∏–π —Å–∫–∞–∑–∞–ª : '–ù—É —á—Ç–æ —Å—Ç–æ–∏—à—å ? –ß—Ç–æ –Ω–∞–¥–æ–±–Ω–æ ?'

[0;32m356H[0;37m [0;32m128M[0;37m 59170–æ –ó–∞—É—á:0 –í—ã—Ö:–í–ó> ˇ˘–í—ã –ø–æ–ø–ª–µ–ª–∏—Å—å –Ω–∞ –≤–æ—Å—Ç–æ–∫.
[1;36m–í –¥–æ–º–µ —Å—Ç–∞—Ä–µ–π—à–∏–Ω—ã [5031][0;37m
   –°–æ—Å—Ç–æ—è—â–∏–π –∏–∑ –¥–≤—É—Ö –ø—è—Ç–∏—Å—Ç–µ–Ω–∫–æ–≤ –¥–æ–º –ø–æ—Ä–∞–∂–∞–µ—Ç —Å–≤–æ–∏–º–∏ —Ä–∞–∑–º–µ—Ä–∞–º–∏. –ó–¥–µ—Å—å –º–æ–≥–ª–∏
–±—ã —Ä–∞–∑–º–µ—Å—Ç–∏—Ç—å—Å—è —á–µ—Ç—ã—Ä–µ –∏–ª–∏ –ø—è—Ç—å –æ–±—ã—á–Ω—ã—Ö –¥–æ–º–æ–º. –î–≤–µ –ø–µ—á–∏, –Ω–µ—Å–∫–æ–ª—å–∫–æ –∫–æ–º–Ω–∞—Ç,
–≤ —Å–∞–º–æ–π –±–æ–ª—å—à–æ–π –∏–∑ –∫–æ—Ç–æ—Ä—ã—Ö –≤—ã —Å–µ–π—á–∞—Å –∏ –Ω–∞—Ö–æ–¥–∏—Ç–µ—Å—å. –ó–¥–µ—Å—å –æ–¥–Ω–æ–≤—Ä–µ–º–µ–Ω–Ω–æ –º–æ–∂–µ—Ç
–Ω–∞—Ö–æ–¥–∏—Ç—Å—è –Ω–µ –æ–¥–∏–Ω –¥–µ—Å—è—Ç–æ–∫ —á–µ–ª–æ–≤–µ–∫.
[0;36m[ Exits: s w ][0;37m
[1;33m[1;31m–°–µ–¥–æ–π –∫—Ä–µ–ø–∫–∏–π –º—É–∂—á–∏–Ω–∞ —Å—Ç–æ–∏—Ç –∑–¥–µ—Å—å.
...—Å–≤–µ—Ç–∏—Ç—Å—è —è—Ä–∫–∏–º —Å–∏—è–Ω–∏–µ–º 
[0;0m
[0;32m356H[0;37m [0;32m127M[0;37m 59170–æ –ó–∞—É—á:0 –í—ã—Ö:–Æ–ó> ˇ˘–í—ã –ø–æ–ø–ª–µ–ª–∏—Å—å –Ω–∞ –∑–∞–ø–∞–¥.
[1;36m–î–≤–æ—Ä —Å—Ç–∞—Ä–µ–π—à–∏–Ω—ã [5030][0;37m
   –≠—Ç–æ —Å–∞–º—ã–π –±–æ–ª—å—à–æ–π –¥–≤–æ—Ä –≤ –¥–µ—Ä–µ–≤–Ω–∏. –ó–¥–µ—Å—å –ø—Ä–æ–∏—Å—Ö–æ–¥—è—Ç —Å—Ö–æ–¥—ã –∂–∏—Ç–µ–ª–µ–π –¥–ª—è 
—Ä–µ—à–µ–Ω–∏—è –æ–±—â–∏—Ö –ø—Ä–æ–±–ª–µ–º. –ö–∞–∂–¥—ã–π –º–æ–∂–µ—Ç –≤—ã—Å–∫–∞–∑–∞—Ç—å—Å—è –Ω–∞ —ç—Ç–æ–º —Å–æ–±—Ä–∞–Ω–∏–∏ –Ω–µ–∑–∞–≤–∏—Å–∏–º–æ
–æ—Ç —Å–≤–æ–µ–≥–æ —Å—Ç–∞—Ç—É—Å–∞. –ò–º–µ–Ω–Ω–æ –∑–¥–µ—Å—å —Ä–µ—à–∞—é—Ç—Å—è —Å—Å–æ—Ä—ã, –Ω–∞–∫–∞–∑—ã–≤–∞—é—Ç—Å—è —Å–æ–≤–µ—Ä—à–∏–≤—à–∏–µ
–ø–ª–æ—Ö–∏–µ –ø—Ä–æ—Å—Ç—É–ø–∫–∏.
[0;36m[ Exits: e w ][0;37m
[1;33m[1;31m–ï—Ñ–∏–º–∏–π, –±—Ä–∞—Ç –¥–µ—Ä–µ–≤–µ–Ω—Å–∫–æ–≥–æ —Å—Ç–∞—Ä–æ—Å—Ç—ã, —Å—Ç–æ–∏—Ç –∑–¥–µ—Å—å.
[0;0m
[0;32m356H[0;37m [0;32m127M[0;37m 59170–æ –ó–∞—É—á:0 –í—ã—Ö:–í–ó> ˇ˘–í—ã —Å–∫–∞–∑–∞–ª–∏ : '—Å–∫–æ–ª —Å–µ–∫–∏—Ä—ã –≥—Ä–æ–º–æ–≤–æ–π'

[0;32m356H[0;37m [0;32m128M[0;37m 59170–æ –ó–∞—É—á:0 –í—ã—Ö:–í–ó> ˇ˘
–ï—Ñ–∏–º–∏–π —Å–∫–∞–∑–∞–ª : '–ß—Ç–æ-—Ç–æ –Ω—ã–Ω—á–µ –æ–Ω –≤—Å–µ–º –Ω—É–∂–µ–Ω? –ò —Å —á–µ–≥–æ –±—ã —ç—Ç–æ?'
–ï—Ñ–∏–º–∏–π —Å–∫–∞–∑–∞–ª : '–û–±—ã—á–Ω—ã–π –∂–µ–ª—Ç—ã–π –∫–∞–º–µ—à–µ–∫, —Ä–∞–∑–≤–µ —á—Ç–æ —Ç–µ–ø–ª—ã–π –¥–∞–∂–µ –≤ –º–æ—Ä–æ–∑.'
–ï—Ñ–∏–º–∏–π —Å–∫–∞–∑–∞–ª : '–ú–æ–∂–µ—Ç, —Ä–∞–∑ –æ–Ω —Ç–µ–±–µ —Ç–∞–∫ –Ω—É–∂–µ–Ω, –∫—É–Ω–∞–º–∏ –∑–∞ –Ω–µ–≥–æ –¥–∞—à—å? –°–∫–∞–∂–µ–º 8000 –∫—É–Ω?'

[0;32m356H[0;37m [0;32m128M[0;37m 59170–æ –ó–∞—É—á:0 –í—ã—Ö:–í–ó> ˇ˘
–ï—Ñ–∏–º–∏–π —Å–∫–∞–∑–∞–ª : '–°–æ–≥–ª–∞—Å–µ–Ω?'

[0;32m356H[0;37m [0;32m128M[0;37m 59170–æ –ó–∞—É—á:0 –í—ã—Ö:–í–ó> ˇ˘[1;30m–í—ã —Å–∫–ª–æ–Ω–∏–ª–∏ –≥–æ–ª–æ–≤—É –ø—Ä–µ–¥ –ï—Ñ–∏–º–∏–µ–º.[0;0m

[0;32m356H[0;37m [0;32m128M[0;37m 59170–æ –ó–∞—É—á:0 –í—ã—Ö:–í–ó> ˇ˘–í—ã –ì–µ–Ω–æ–¥ (–†—É—Å–∏—á, –ü–æ–ª—è–Ω–∏–Ω, –Ø–∑—ã—á–Ω–∏–∫, –¥—Ä—É–∂–∏–Ω–Ω–∏–∫ 13 —É—Ä–æ–≤–Ω—è).
–°–µ–π—á–∞—Å –≤–∞–º 20 –ª–µ—Ç. 
–í—ã –º–æ–∂–µ—Ç–µ –≤—ã–¥–µ—Ä–∂–∞—Ç—å 356(356) –µ–¥–∏–Ω–∏—Ü –ø–æ–≤—Ä–µ–∂–¥–µ–Ω–∏—è, –∏ –ø—Ä–æ–π—Ç–∏ 128(128) –≤–µ—Ä—Å—Ç –ø–æ —Ä–æ–≤–Ω–æ–π –º–µ—Å—Ç–Ω–æ—Å—Ç–∏.
[1;36m–í–∞—à–∏ —Ö–∞—Ä–∞–∫—Ç–µ—Ä–∏—Å—Ç–∏–∫–∏ :
  –°–∏–ª–∞ : 23(24)  –ü–æ–¥–≤ : 17(19)  –¢–µ–ª–æ : 23(23)  –ú—É–¥—Ä : 10(10)  –£–º   : 10(10)  –û–±–∞—è–Ω: 12(12)
  –†–∞–∑–º–µ—Ä  50( 50)  –†–æ—Å—Ç   171(171)  –í–µ—Å    144(144)[0;37m
[1;32m–í–∞—à–∏ –±–æ–µ–≤—ã–µ –∫–∞—á–µ—Å—Ç–≤–∞ :
  –ó–∞—â–∏—Ç–∞  (AC)     :    4 - [1;31m–û—á–µ–Ω—å —Å–ª–∞–±–∞—è –∑–∞—â–∏—Ç–∞[1;32m
  –ë—Ä–æ–Ω—è/–ü–æ–≥–ª–æ—â–µ–Ω–∏–µ :   24/0[0;0m
–í–∞—à –æ–ø—ã—Ç - 740830 –æ—á–∫–æ–≤. –í–∞–º –æ—Å—Ç–∞–ª–æ—Å—å –Ω–∞–±—Ä–∞—Ç—å 59170 –æ—á–∫–æ–≤ –¥–æ —Å–ª–µ–¥—É—é—â–µ–≥–æ —É—Ä–æ–≤–Ω—è.
–£ –≤–∞—Å –Ω–∞ —Ä—É–∫–∞—Ö 227 –∫—É–Ω –∏ 0 –≥—Ä–∏–≤–µ–Ω (–∏ –µ—â–µ 323 –∫—É–Ω—ã –ø—Ä–∏–ø—Ä—è—Ç–∞–Ω–æ –≤ –ª–µ–∂–Ω–µ).
–í—ã –º–æ–∂–µ—Ç–µ –≤—Å—Ç—É–ø–∏—Ç—å –≤ –≥—Ä—É–ø–ø—É —Å –º–∞–∫—Å–∏–º–∞–ª—å–Ω–æ–π —Ä–∞–∑–Ω–∏—Ü–µ–π –≤ 5 —É—Ä–æ–≤–Ω–µ–π –±–µ–∑ –ø–æ—Ç–µ—Ä—å –¥–ª—è –æ–ø—ã—Ç–∞.
–í—ã –∏–≥—Ä–∞–µ—Ç–µ 2 –¥–Ω—è 23 —á–∞—Å–∞ —Ä–µ–∞–ª—å–Ω–æ–≥–æ –≤—Ä–µ–º–µ–Ω–∏.
–í—ã —Å—Ç–æ–∏—Ç–µ.
[1;32m[0;37m
[0;32m356H[0;37m [0;32m128M[0;37m 59170–æ –ó–∞—É—á:0 –í—ã—Ö:–í–ó> ˇ˘–í—ã —Å–∫–∞–∑–∞–ª–∏ : '—Å–æ–≥–ª–∞—Å–µ–Ω'

[0;32m356H[0;37m [0;32m128M[0;37m 59170–æ –ó–∞—É—á:0 –í—ã—Ö:–í–ó> ˇ˘–í—ã —Å–∫–∞–∑–∞–ª–∏ : '–¥–∞'

[0;32m356H[0;37m [0;32m128M[0;37m 59170–æ –ó–∞—É—á:0 –í—ã—Ö:–í–ó> ˇ˘–í—ã —Å–∫–∞–∑–∞–ª–∏ : '–¥–æ—Ä–æ–≥–æ'

[0;32m356H[0;37m [0;32m128M[0;37m 59170–æ –ó–∞—É—á:0 –í—ã—Ö:–í–ó> ˇ˘–í—ã —Å–∫–∞–∑–∞–ª–∏ : '–º–Ω–æ–≥–æ'

[0;32m356H[0;37m [0;32m128M[0;37m 59170–æ –ó–∞—É—á:0 –í—ã—Ö:–í–ó> ˇ˘
–ù–∞—á–∞–ª–∞—Å—å –Ω–æ—á—å.
–°–ª–∞–±—ã–π –≤–µ—Ç–µ—Ä.

[0;32m356H[0;37m [0;32m128M[0;37m 59170–æ –ó–∞—É—á:0 –í—ã—Ö:–í–ó> ˇ˘
[1;31m–ú–∏–Ω—É–ª —á–∞—Å.[0;37m

[0;32m356H[0;37m [0;32m128M[0;37m 59170–æ –ó–∞—É—á:0 –í—ã—Ö:–í–ó> ˇ˘–í—ã —Å–∫–∞–∑–∞–ª–∏ : '–º–µ–Ω—å—à–µ'

[0;32m356H[0;37m [0;32m128M[0;37m 59170–æ –ó–∞—É—á:0 –í—ã—Ö:–í–ó> ˇ˘–í—ã –Ω–µ—Å–µ—Ç–µ:
–º–∞–ª—ã–π –º–µ—Ö  [1;37m<–≤–µ–ª–∏–∫–æ–ª–µ–ø–Ω–æ>[0;37m

[0;32m356H[0;37m [0;32m128M[0;37m 59170–æ –ó–∞—É—á:0 –í—ã—Ö:–í–ó> ˇ˘–°–µ–π—á–∞—Å 10 —á–∞—Å–æ–≤ –≤–µ—á–µ—Ä–∞, –ü–æ–Ω–µ–¥–µ–ª—å–Ω–∏–∫, –Ω–æ—á—å.
–≠–ª–µ—Ç - –ú–µ—Å—è—Ü –ü–æ—Å–µ–≤–∞ –∏ –ù–∞—Ä–µ—á–µ–Ω–∏—è, 16–π –î–µ–Ω—å, –ì–æ–¥ 898, –≤–µ—Å–Ω–∞.

[0;32m356H[0;37m [0;32m128M[0;37m 59170–æ –ó–∞—É—á:0 –í—ã—Ö:–í–ó> ˇ˘
–ü–æ–º–æ—â–Ω–∏–∫ –¥–µ—Ä–µ–≤–µ–Ω—Å–∫–æ–≥–æ —Å—Ç–∞—Ä–æ—Å—Ç—ã –ø—Ä–∏—à–µ–ª —Å –∑–∞–ø–∞–¥–∞.

[0;32m356H[0;37m [0;32m128M[0;37m 59170–æ –ó–∞—É—á:0 –í—ã—Ö:–í–ó> ˇ˘–í—ã –ø–æ–ø–ª–µ–ª–∏—Å—å –Ω–∞ –∑–∞–ø–∞–¥.
[1;36m–¶–µ–Ω—Ç—Ä –¥–µ—Ä–µ–≤–Ω–∏ [5009][0;37m
   –¶–µ–Ω—Ç—Ä–∞–ª—å–Ω–∞—è —á–∞—Å—Ç—å –¥–µ—Ä–µ–≤–Ω–∏ –∑–∞–ø–æ–ª–Ω–µ–Ω–∞ –Ω—É–∂–Ω—ã–º–∏ –≤—Å–µ–º –º–∞—Å—Ç–µ—Ä—Å–∫–∏–º–∏ –∏ –ª–∞–≤–∫–∞–º–∏.
–£–¥–∞—á–Ω–æ–µ –º–µ—Å—Ç–æ –¥–µ—Ä–µ–≤–Ω–∏ –≤ –Ω–µ–∑–∞–ø–∞–º—è—Ç–Ω—ã–µ –≤—Ä–µ–º–µ–Ω–∞ –ø—Ä–∏–≤–ª–µ–∫–ª–æ —Å—é–¥–∞ —Ç–æ—Ä–≥–æ–≤—Ü–µ–≤ –∏
–º–∞—Å—Ç–µ—Ä–æ–≤—ã—Ö, –∏ —Å —Ç–µ—Ö –ø–æ—Ä –ø–æ–≤–µ–ª–æ—Å—å, —á—Ç–æ –≤ —ç—Ç–æ–π —á–∞—Å—Ç–∏ –¥–µ—Ä–µ–≤–Ω–∏ —Å—Ç–æ—è—Ç –±–æ–ª—å—à–∏–µ –∏
–±–æ–≥–∞—Ç—ã–µ –¥–æ–º–∞. –°–æ –≤—Å–µ–π –æ–∫—Ä—É–≥–∏ –∏ –¥–∞–∂–µ –∏–∑ –¥–∞–ª–µ–∫–æ–π –≥–ª—É—à–∏ –ø—Ä–∏—Ö–æ–¥—è—Ç –ª—é–¥–∏ —Å—é–¥–∞
–∑–∞ —Ç–æ–≤–∞—Ä–æ–º –∫—É–ø–∏—Ç—å —á—Ç–æ, –ø—Ä–æ–¥–∞—Ç—å —á—Ç–æ, –∑–∞–∫–∞–∑–∞—Ç—å —á—Ç–æ.
[0;36m[ Exits: n e s w ][0;37m
[1;33m[1;31m[0;0m
[0;32m356H[0;37m [0;32m127M[0;37m 59170–æ –ó–∞—É—á:0 –í—ã—Ö:–°–í–Æ–ó> ˇ˘–í—ã –ø–æ–ø–ª–µ–ª–∏—Å—å –Ω–∞ —Å–µ–≤–µ—Ä.
[1;36m–ü–µ—Ä–µ–¥ –∫–æ–Ω—é—à–Ω–µ–π [5003][0;37m
   –¶–µ–Ω—Ç—Ä–∞–ª—å–Ω–∞—è —á–∞—Å—Ç—å –¥–µ—Ä–µ–≤–Ω–∏ –∑–∞–ø–æ–ª–Ω–µ–Ω–∞ –Ω—É–∂–Ω—ã–º–∏ –≤—Å–µ–º –º–∞—Å—Ç–µ—Ä—Å–∫–∏–º–∏ –∏ –ª–∞–≤–∫–∞–º–∏.
–£–¥–∞—á–Ω–æ–µ –º–µ—Å—Ç–æ –¥–µ—Ä–µ–≤–Ω–∏ –≤ –Ω–µ–∑–∞–ø–∞–º—è—Ç–Ω—ã–µ –≤—Ä–µ–º–µ–Ω–∞ –ø—Ä–∏–≤–ª–µ–∫–ª–æ —Å—é–¥–∞ —Ç–æ—Ä–≥–æ–≤—Ü–µ–≤ –∏
–º–∞—Å—Ç–µ—Ä–æ–≤—ã—Ö, –∏ —Å —Ç–µ—Ö –ø–æ—Ä –ø–æ–≤–µ–ª–æ—Å—å, —á—Ç–æ –≤ —ç—Ç–æ–π —á–∞—Å—Ç–∏ –¥–µ—Ä–µ–≤–Ω–∏ —Å—Ç–æ—è—Ç –±–æ–ª—å—à–∏–µ –∏
–±–æ–≥–∞—Ç—ã–µ –¥–æ–º–∞. –°–æ –≤—Å–µ–π –æ–∫—Ä—É–≥–∏ –∏ –¥–∞–∂–µ –∏–∑ –¥–∞–ª–µ–∫–æ–π –≥–ª—É—à–∏ –ø—Ä–∏—Ö–æ–¥—è—Ç –ª—é–¥–∏ —Å—é–¥–∞
–∑–∞ —Ç–æ–≤–∞—Ä–æ–º –∫—É–ø–∏—Ç—å —á—Ç–æ, –ø—Ä–æ–¥–∞—Ç—å —á—Ç–æ, –∑–∞–∫–∞–∑–∞—Ç—å —á—Ç–æ.
[0;36m[ Exits: n e s w ][0;37m
[1;33m[1;31m–ú–µ—Å—Ç–Ω—ã–π –∂–∏—Ç–µ–ª—å –∏–¥–µ—Ç –∑–¥–µ—Å—å.
[0;0m
[0;32m356H[0;37m [0;32m127M[0;37m 59170–æ –ó–∞—É—á:0 –í—ã—Ö:–°–í–Æ–ó> ˇ˘–í—ã –ø–æ–ø–ª–µ–ª–∏—Å—å –Ω–∞ –≤–æ—Å—Ç–æ–∫.
[1;36m–ö–æ–Ω—é—à–Ω—è [5002][0;37m
   –ü–æ–∫–æ—Å–∏–≤—à–∏–µ—Å—è –≤–æ—Ä–æ—Ç–∞ –∂–∞–ª–æ–±–Ω–æ —Å–∫—Ä–∏–ø—è—Ç –Ω–∞ –Ω–µ—Å–º–∞–∑–∞–Ω–Ω—ã—Ö –ø–µ—Ç–ª—è—Ö. –í–¥–æ–ª—å —Å—Ç–µ–Ω
—Ä–∞—Å–ø–æ–ª–æ–∂–µ–Ω—ã —Å—Ç–æ–π–ª–∞ —Å –ª–æ—à–∞–¥—å–º–∏. –ó–¥–µ—Å—å –º–æ–∂–Ω–æ –æ—Å—Ç–∞–≤–∏—Ç—å —Å–≤–æ–µ–≥–æ –≤–µ—Ä–Ω–æ–≥–æ —Å–∫–∞–∫—É–Ω–∞
–∏–ª–∏ –≤—ã–±—Ä–∞—Ç—å –Ω–æ–≤–æ–≥–æ –∑–∞ —É–º–µ—Ä–µ–Ω–Ω—É—é –ø–ª–∞—Ç—É. –ë–µ–∑–ª–æ—à–∞–¥–Ω—ã–º –¥–∞–ª–µ–∫–æ –Ω–µ —É–π–¥–µ—à—å –ø–æ
–±–µ—Å–∫—Ä–∞–π–Ω–∏–º –ø—Ä–æ—Å—Ç–æ—Ä–∞–º —Ä—É—Å—Å–∫–∏–º.
[0;36m[ Exits: w ][0;37m
[1;33m[1;31m–ö–æ–Ω—å —Å—Ç–æ–∏—Ç –∑–¥–µ—Å—å.
–ö–æ–Ω—å —Å—Ç–æ–∏—Ç –∑–¥–µ—Å—å.
–ö–æ–Ω—å —Å—Ç–æ–∏—Ç –∑–¥–µ—Å—å.
–ö–æ–Ω—é—Ö —Å—Ç–æ–∏—Ç –∑–¥–µ—Å—å, —Å –∏–Ω—Ç–µ—Ä–µ—Å–æ–º –ø–æ–≥–ª—è–¥—ã–≤–∞—è –ø–æ —Å—Ç–æ—Ä–æ–Ω–∞–º.
[0;0m
[0;32m356H[0;37m [0;32m127M[0;37m 59170–æ –ó–∞—É—á:0 –í—ã—Ö:–ó> ˇ˘–í—ã –ø–æ–ø–ª–µ–ª–∏—Å—å –Ω–∞ –∑–∞–ø–∞–¥.
[1;36m–ü–µ—Ä–µ–¥ –∫–æ–Ω—é—à–Ω–µ–π [5003][0;37m
   –¶–µ–Ω—Ç—Ä–∞–ª—å–Ω–∞—è —á–∞—Å—Ç—å –¥–µ—Ä–µ–≤–Ω–∏ –∑–∞–ø–æ–ª–Ω–µ–Ω–∞ –Ω—É–∂–Ω—ã–º–∏ –≤—Å–µ–º –º–∞—Å—Ç–µ—Ä—Å–∫–∏–º–∏ –∏ –ª–∞–≤–∫–∞–º–∏.
–£–¥–∞—á–Ω–æ–µ –º–µ—Å—Ç–æ –¥–µ—Ä–µ–≤–Ω–∏ –≤ –Ω–µ–∑–∞–ø–∞–º—è—Ç–Ω—ã–µ –≤—Ä–µ–º–µ–Ω–∞ –ø—Ä–∏–≤–ª–µ–∫–ª–æ —Å—é–¥–∞ —Ç–æ—Ä–≥–æ–≤—Ü–µ–≤ –∏
–º–∞—Å—Ç–µ—Ä–æ–≤—ã—Ö, –∏ —Å —Ç–µ—Ö –ø–æ—Ä –ø–æ–≤–µ–ª–æ—Å—å, —á—Ç–æ –≤ —ç—Ç–æ–π —á–∞—Å—Ç–∏ –¥–µ—Ä–µ–≤–Ω–∏ —Å—Ç–æ—è—Ç –±–æ–ª—å—à–∏–µ –∏
–±–æ–≥–∞—Ç—ã–µ –¥–æ–º–∞. –°–æ –≤—Å–µ–π –æ–∫—Ä—É–≥–∏ –∏ –¥–∞–∂–µ –∏–∑ –¥–∞–ª–µ–∫–æ–π –≥–ª—É—à–∏ –ø—Ä–∏—Ö–æ–¥—è—Ç –ª—é–¥–∏ —Å—é–¥–∞
–∑–∞ —Ç–æ–≤–∞—Ä–æ–º –∫—É–ø–∏—Ç—å —á—Ç–æ, –ø—Ä–æ–¥–∞—Ç—å —á—Ç–æ, –∑–∞–∫–∞–∑–∞—Ç—å —á—Ç–æ.
[0;36m[ Exits: n e s w ][0;37m
[1;33m[1;31m–ú–µ—Å—Ç–Ω—ã–π –∂–∏—Ç–µ–ª—å –∏–¥–µ—Ç –∑–¥–µ—Å—å.
[0;0m
[0;32m356H[0;37m [0;32m126M[0;37m 59170–æ –ó–∞—É—á:0 –í—ã—Ö:–°–í–Æ–ó> ˇ˘–í—ã –ø–æ–ø–ª–µ–ª–∏—Å—å –Ω–∞ —Å–µ–≤–µ—Ä.
[1;36m–¶–µ–Ω—Ç—Ä –¥–µ—Ä–µ–≤–Ω–∏ [5004][0;37m
   –¶–µ–Ω—Ç—Ä–∞–ª—å–Ω–∞—è —á–∞—Å—Ç—å –¥–µ—Ä–µ–≤–Ω–∏ –∑–∞–ø–æ–ª–Ω–µ–Ω–∞ –Ω—É–∂–Ω—ã–º–∏ –≤—Å–µ–º –º–∞—Å—Ç–µ—Ä—Å–∫–∏–º–∏ –∏ –ª–∞–≤–∫–∞–º–∏.
–£–¥–∞—á–Ω–æ–µ –º–µ—Å—Ç–æ –¥–µ—Ä–µ–≤–Ω–∏ –≤ –Ω–µ–∑–∞–ø–∞–º—è—Ç–Ω—ã–µ –≤—Ä–µ–º–µ–Ω–∞ –ø—Ä–∏–≤–ª–µ–∫–ª–æ —Å—é–¥–∞ —Ç–æ—Ä–≥–æ–≤—Ü–µ–≤ –∏
–º–∞—Å—Ç–µ—Ä–æ–≤—ã—Ö, –∏ —Å —Ç–µ—Ö –ø–æ—Ä –ø–æ–≤–µ–ª–æ—Å—å, —á—Ç–æ –≤ —ç—Ç–æ–π —á–∞—Å—Ç–∏ –¥–µ—Ä–µ–≤–Ω–∏ —Å—Ç–æ—è—Ç –±–æ–ª—å—à–∏–µ –∏
–±–æ–≥–∞—Ç—ã–µ –¥–æ–º–∞. –°–æ –≤—Å–µ–π –æ–∫—Ä—É–≥–∏ –∏ –¥–∞–∂–µ –∏–∑ –¥–∞–ª–µ–∫–æ–π –≥–ª—É—à–∏ –ø—Ä–∏—Ö–æ–¥—è—Ç –ª—é–¥–∏ —Å—é–¥–∞
–∑–∞ —Ç–æ–≤–∞—Ä–æ–º –∫—É–ø–∏—Ç—å —á—Ç–æ, –ø—Ä–æ–¥–∞—Ç—å —á—Ç–æ, –∑–∞–∫–∞–∑–∞—Ç—å —á—Ç–æ.
[0;36m[ Exits: n s w ][0;37m
[1;33m[1;31m–ë–∞–∑–∞—Ä–Ω—ã–π –∑–∞–∑—ã–≤–∞–ª–∞ —Å—Ç–æ–∏—Ç –∑–¥–µ—Å—å, –∑—ã—á–Ω—ã–º –≥–æ–ª–æ—Å–æ–º —Ä–∞—Å—Ö–≤–∞–ª–∏–≤–∞—è –≤—ã—Å—Ç–∞–≤–ª–µ–Ω–Ω—ã–π —Ç–æ–≤–∞—Ä.
[0;0m
[0;32m356H[0;37m [0;32m126M[0;37m 59170–æ –ó–∞—É—á:0 –í—ã—Ö:–°–Æ–ó> ˇ˘–í—ã –Ω–µ —Å–º–æ–∂–µ—Ç–µ —Ç—É–¥–∞ –ø—Ä–æ–π—Ç–∏...

[0;32m356H[0;37m [0;32m127M[0;37m 59170–æ –ó–∞—É—á:0 –í—ã—Ö:–°–Æ–ó> ˇ˘–í—ã –ø–æ–ø–ª–µ–ª–∏—Å—å –Ω–∞ —Å–µ–≤–µ—Ä.
[1;36m–ü–µ—Ä–µ–¥ –ø–æ—Å—Ç–æ—è–ª—ã–º –¥–≤–æ—Ä–æ–º [5005][0;37m
   –ß—É—Ç—å –Ω–µ —Å–ø–æ—Ç–∫–Ω—É–≤—à–∏—Å—å –æ –¥–æ—Å–∫—É, –ª–µ–∂–∞—â—É—é —Å—Ä–∞–∑—É —É –ø–æ—Ä–æ–≥–∞ –ø–æ—Å—Ç–æ—è–ª–æ–≥–æ –¥–≤–æ—Ä–∞,
–≤—ã –æ–∫–∞–∑–∞–ª–∏—Å—å –Ω–∞ —Ü–µ–Ω—Ç—Ä–∞–ª—å–Ω–æ–π —É–ª–∏—Ü–µ –¥–µ—Ä–µ–≤–Ω–∏. –ò–º–µ–Ω–Ω–æ –Ω–∞ —ç—Ç–æ–π —É–ª–∏—Ü–µ –º–æ–∂–Ω–æ 
–±—ã—Å—Ç—Ä–æ –Ω–∞–π—Ç–∏ –ª–∞–≤–∫—É —Ä–µ–º–µ—Å–ª–µ–Ω–Ω–∏–∫–∞, –¥–æ–º –∑–Ω–∞—Ö–∞—Ä—è, –∫–æ–Ω—é—à–Ω—é –∏ –¥–æ–º —Å—Ç–∞—Ä–µ–π—à–∏–Ω—ã.
–í —é–∂–Ω–æ–π —á–∞—Å—Ç–∏ –¥–µ—Ä–µ–≤–Ω–∏ –ø–æ—Å–µ–ª–∏–ª–∏—Å—å –≤–æ—Ä–æ–∂–µ–∏.
[0;36m[ Exits: n e s w ][0;37m
[1;33m[1;31m[0;0m
[0;32m356H[0;37m [0;32m127M[0;37m 59170–æ –ó–∞—É—á:0 –í—ã—Ö:–°–í–Æ–ó> ˇ˘–í—ã –ø–æ–ø–ª–µ–ª–∏—Å—å –Ω–∞ –≤–æ—Å—Ç–æ–∫.
[1;36m–ü–æ—Å—Ç–æ—è–ª—ã–π –¥–≤–æ—Ä [5001][0;37m
   –î–µ—Ä–µ–≤–Ω—è —Ö–æ—Ç—å –∏ –Ω–µ–±–æ–ª—å—à–∞—è, –Ω–æ –ø–æ—Å—Ç–æ—è–ª—ã–π –¥–≤–æ—Ä –∏–º–µ–µ—Ç—Å—è, –¥–ª—è –∑–∞–µ–∑–∂–∏—Ö –≥–æ—Å—Ç–µ–π,
—á—Ç–æ–±—ã –±—ã–ª–æ –≥–¥–µ –ø–µ—Ä–µ–≤–µ—Å—Ç–∏ –¥—É—Ö, –µ–¥–æ–π –∏ –ø–∏—Ç—å–µ–º –∑–∞–ø–∞—Å—Ç–∏—Å—å. –ê –µ—Å–ª–∏ –Ω–∞ –¥–≤–æ—Ä–µ —É–∂
–Ω–æ—á—å –∏–ª—å –ø—Ä–æ—Å—Ç–æ –Ω–∞–¥–æ –æ—Å—Ç–∞–Ω–æ–≤–∏—Ç—Å—è –Ω–∞ –¥–µ–Ω—å –¥—Ä—É–≥–æ–π –≤ –¥–µ—Ä–µ–≤–Ω–µ, –∞ —Ä–æ–¥—Å—Ç–≤–µ–Ω–Ω–∏–∫–æ–≤
–Ω–µ—Ç, —Ç–∞–∫ –º–æ–∂–Ω–æ –∏ –ø–µ—Ä–µ–Ω–æ—á–µ–≤–∞—Ç—å –≤ –≥–æ—Ä–Ω–∏—Ü–∞—Ö –Ω–∞–≤–µ—Ä—Ö—É.
[0;36m[ Exits: w u ][0;37m
[1;33m[1;31m–°–µ–¥–æ–≤–ª–∞—Å—ã–π —Å–∫–∞–∑–∏—Ç–µ–ª—å –≥–æ—Ç–æ–≤ –ø–æ–¥–µ–ª–∏—Ç—å—Å—è —Å –í–∞–º–∏ –∏–Ω—Ç–µ—Ä–µ—Å–Ω–æ–π –∏—Å—Ç–æ—Ä–∏–µ–π.
–¢—Ä–∞–∫—Ç–∏—Ä—â–∏–∫ –æ—Ç–¥—ã—Ö–∞–µ—Ç –∑–∞ —Å—Ç–æ–π–∫–æ–π.
[0;0m
[0;32m356H[0;37m [0;32m126M[0;37m 59170–æ –ó–∞—É—á:0 –í—ã—Ö:–ó^> ˇ˘–í—ã –ø–æ–ø–ª–µ–ª–∏—Å—å –≤–≤–µ—Ä—Ö.
[1;36m–ö–æ–º–Ω–∞—Ç—ã –æ—Ç–¥—ã—Ö–∞ [5000][0;37m
   –•–æ–∑—è–∏–Ω —É—Å—Ç—Ä–æ–∏–ª –∑–¥–µ—Å—å –∫–æ–º–Ω–∞—Ç—ã –¥–ª—è –æ—Ç–¥—ã—Ö–∞. –õ—é–±–æ–π –∂–µ–ª–∞—é—â–∏–π –º–æ–∂–µ—Ç –æ—Å—Ç–∞–Ω–æ–≤–∏—Ç—å—Å—è
–∑–¥–µ—Å—å –∏ –ø–µ—Ä–µ–¥–æ—Ö–Ω—É—Ç—å –ø–æ—Å–ª–µ –¥–∞–ª—å–Ω–µ–π –¥–æ—Ä–æ–≥–∏. –°–≤–µ—Ç–ª—ã–µ –≥–æ—Ä–Ω–∏—Ü—ã —Ç–∞–∫ –∏ –ø—Ä–∏–≥–ª–∞—à–∞—é—Ç
–ø—Ä–æ–π—Ç–∏ –≤ –Ω–∏—Ö –∏ —Ä–∞—Å—Ç—è–Ω—É—Ç—å—Å—è –Ω–∞ –ø–µ—Ä–∏–Ω–µ, –Ω–∞ –ø—É—Ö–æ–≤–æ–π –¥–∞ –∑–∞–±—ã—Ç—å—Å—è —Å–Ω–æ–º –±–æ–≥–∞—Ç—ã—Ä—Å–∫–∏–º.
–ó–¥–µ—Å—å –∂–µ –º–æ–∂–Ω–æ –ø–æ–¥–æ–∂–¥–∞—Ç—å —Å–≤–æ–∏—Ö –∫–æ–º–ø–∞–Ω—å–æ–Ω–æ–≤ –ø–µ—Ä–µ–¥ –¥–æ–ª–≥–æ–π –¥–æ—Ä–æ–≥–æ–π, –ø–æ–≥–æ–≤–æ—Ä–∏—Ç—å
–æ –¥–∞–ª—å–Ω–µ–π—à–∏—Ö –ø–ª–∞–Ω–∞—Ö.
[1;32m–°–æ–≤—Å–µ–º –º–∞–ª—ã—Ö, –¥–∞ –Ω–µ –æ–±—É—á–µ–Ω–Ω—ã—Ö —Ç–∞–∫ –∏ —Ç—è–Ω–µ—Ç [1;33m–≤–æ–π—Ç–∏ [1;32m–≤ [1;33m—à–∫–æ–ª—É[1;32m.[0;0m
[0;36m[ Exits: d ][0;37m
[1;33m–ü—Ä–∏–≥–ª—è–¥–µ–≤—à–∏—Å—å, –≤—ã –≤–∏–¥–∏—Ç–µ —è–≥–æ–¥—É –¥–∏–∫–æ–≥–æ –≤–∏–Ω–æ–≥—Ä–∞–¥–∞.
–î–æ—Å–∫–∞ –¥–ª—è —Ä–∞–∑–ª–∏—á–Ω—ã—Ö –∑–∞–º–µ—Ç–æ–∫ –∏ –æ–±—ä—è–≤–ª–µ–Ω–∏–π –ø—Ä–∏–±–∏—Ç–∞ —Ç—É—Ç ..–±–ª–µ—Å—Ç–∏—Ç!
[1;31m–ü–æ–ª—è–Ω–∏–Ω –î–æ—Ä–º–∞–Ω —Å—Ç–æ–∏—Ç –∑–¥–µ—Å—å. 
–•–æ–∑—è–π–∫–∞ –ø–æ—Å—Ç–æ—è–ª–æ–≥–æ –¥–≤–æ—Ä–∞ —Ä–∞—Å–ø–æ—Ä—è–∂–∞–µ—Ç—Å—è –∑–¥–µ—Å—å.
[0;0m
[0;32m356H[0;37m [0;32m127M[0;37m 59170–æ –ó–∞—É—á:0 –í—ã—Ö:v> ˇ˘–•–æ–∑—è–π–∫–∞ —Å–∫–∞–∑–∞–ª–∞ –≤–∞–º : "–û–¥–µ—Ç—ã–π —Å–ø–∞—Ç—å –±—É–¥–µ—à—å? –•–º.. –ù—É —Å–º–æ—Ç—Ä–∏, —Ç–æ–≥–¥–∞ –¥–µ—à–µ–≤–ª–µ –≤–æ–∑—å–º—É"
[1;37m - 20 –∫—É–Ω (200 –µ—Å–ª–∏ —Å–Ω—è—Ç—å) –∑–∞ –æ–±—Å–∏–¥–∏–∞–Ω–æ–≤–æ–µ –∫–æ–ª—å—Ü–æ [0;37m
[1;37m - 0 –∫—É–Ω (0 –µ—Å–ª–∏ —Å–Ω—è—Ç—å) –∑–∞ –ª–µ–≥–∫–∏–π –ª–∞—Ç–Ω—ã–π –¥–æ—Å–ø–µ—Ö [0;37m
[1;37m - 0 –∫—É–Ω (0 –µ—Å–ª–∏ —Å–Ω—è—Ç—å) –∑–∞ –ª–µ–≥–∫–∏–π –ª–∞—Ç–Ω—ã–π —à–ª–µ–º [0;37m
[1;37m - 0 –∫—É–Ω (0 –µ—Å–ª–∏ —Å–Ω—è—Ç—å) –∑–∞ –ª–µ–≥–∫–∏–µ –ª–∞—Ç–Ω—ã–µ –ø–æ–Ω–æ–∂–∏ [0;37m
[1;37m - 10 –∫—É–Ω (100 –µ—Å–ª–∏ —Å–Ω—è—Ç—å) –∑–∞ –¥—Ä–∞–Ω—ã–µ —Å–∞–ø–æ–≥–∏ [0;37m
[1;37m - 3 –∫—É–Ω—ã (50 –µ—Å–ª–∏ —Å–Ω—è—Ç—å) –∑–∞ –º–µ—Ö–æ–≤—ã–µ —Ä—É–∫–∞–≤–∏—Ü—ã [0;37m
[1;37m - 24 –∫—É–Ω—ã (240 –µ—Å–ª–∏ —Å–Ω—è—Ç—å) –∑–∞ —à–∫—É—Ä—É –º–µ–¥–≤–µ–¥—è [0;37m
[1;37m - 5 –∫—É–Ω (5 –µ—Å–ª–∏ —Å–Ω—è—Ç—å) –∑–∞ —Ö–æ–ª—â–æ–≤—ã–π –º–µ—à–æ–∫ [0;37m
[1;37m - 10 –∫—É–Ω (100 –µ—Å–ª–∏ —Å–Ω—è—Ç—å) –∑–∞ —Ö–æ—Ö–æ–ª–æ–∫ –∫—É–∫—É—à–∫–∏ [0;37m
[1;37m - 120 –∫—É–Ω (300 –µ—Å–ª–∏ —Å–Ω—è—Ç—å) –∑–∞ –º–µ—á —Ñ—Ä–∞–Ω–∫—Å–∫–æ–π –∫–æ–≤–∫–∏ [0;37m
[1;37m - 1 –∫—É–Ω–∞ (7 –µ—Å–ª–∏ —Å–Ω—è—Ç—å) –∑–∞ –±—Ä–æ–Ω–∑–æ–≤—ã–π —Å—Ç–∏–ª–µ—Ç [0;37m
–•–æ–∑—è–π–∫–∞ —Å–∫–∞–∑–∞–ª–∞ –≤–∞–º : "–≠—Ç–æ —è –≤ —á—É–ª–∞–Ω–µ –∑–∞–ø—Ä—É:"
 - 2 –∫—É–Ω—ã –∑–∞ –º–∞–ª—ã–π –º–µ—Ö 
 - 2 –∫—É–Ω—ã (2 –µ—Å–ª–∏ –Ω–∞–¥–µ—Ç—å) –∑–∞ —Å–≤–µ—á–∫—É [2] 
 - 0 –∫—É–Ω –∑–∞ –ª–æ–º–æ—Ç—å —Ö–ª–µ–±–∞ [6] 
–•–æ–∑—è–π–∫–∞ —Å–∫–∞–∑–∞–ª–∞ –≤–∞–º : "–í —Å—É–º–º–µ —ç—Ç–æ —Å–æ—Å—Ç–∞–≤–∏—Ç 197 –∫—É–Ω –≤ –¥–µ–Ω—å ."
–•–æ–∑—è–π–∫–∞ —Å–∫–∞–∑–∞–ª–∞ –≤–∞–º : "–¢–∞–∫ —É–∂ –∏ –±—ã—Ç—å, —è —Å–∫–æ—â—É —Ç–µ–±–µ –ø–æ–ª–æ–≤–∏–Ω—É."
–•–æ–∑—è–π–∫–∞ —Å–∫–∞–∑–∞–ª–∞ –≤–∞–º :

"–ü–æ—Å—Ç–æ–π –æ–±–æ–π–¥–µ—Ç—Å—è —Ç–µ–±–µ –≤ 98 –∫—É–Ω."
"–¢–≤–æ–∏—Ö –¥–µ–Ω–µ–≥ —Ö–≤–∞—Ç–∏—Ç –Ω–∞ 5 –¥–Ω–µ–π."
–•–æ–∑—è–π–∫–∞ –∑–∞–ø–µ—Ä–ª–∞ –≤–∞—à–∏ –≤–µ—â–∏ –≤ —Å—É–Ω–¥—É–∫ –∏ –ø–æ–≤–µ–ª–∞ –≤ —Ç–µ—Å–Ω—É—é –∫–∞–º–æ—Ä–∫—É.

0) –û—Ç—Å–æ–µ–¥–∏–Ω–∏—Ç—å—Å—è.
1) –ù–∞—á–∞—Ç—å –∏–≥—Ä—É.
2) –í–≤–µ—Å—Ç–∏ –æ–ø–∏—Å–∞–Ω–∏–µ –≤–∞—à–µ–≥–æ –ø–µ—Ä—Å–æ–Ω–∞–∂–∞.
3) –£–∑–Ω–∞—Ç—å –∏—Å—Ç–æ—Ä–∏—é.
4) –ò–∑–º–µ–Ω–∏—Ç—å –ø–∞—Ä–æ–ª—å.
5) –£–¥–∞–ª–∏—Ç—å –ø–µ—Ä—Å–æ–Ω–∞–∂–∞.
6) –ò–∑–º–µ–Ω–∏—Ç—å –ø–∞—Ä–∞–º–µ—Ç—Ä—ã –ø–µ—Ä—Å–æ–Ω–∞–∂–∞.
7) –í–∫–ª—é—á–∏—Ç—å/–≤—ã–∫–ª—é—á–∏—Ç—å —Ä–µ–∂–∏–º —Å–ª–µ–ø–æ–≥–æ –∏–≥—Ä–æ–∫–∞.
8) –ü–æ—Å–º–æ—Ç—Ä–µ—Ç—å –≤—Å–µ—Ö –ø–µ—Ä—Å–æ–Ω–∞–∂–µ–π –Ω–∞ –¥–∞–Ω–Ω–æ–º email'e.

   –ß–µ–≥–æ –≤–∞—à–∞ –¥—É—à–∞ –∂–µ–ª–∞–µ—Ç? ˇ˘
–î–æ –≤—Å—Ç—Ä–µ—á–∏ –Ω–∞ –∑–µ–º–ª–µ –ö–∏–µ–≤—Å–∫–æ–π.
–í —Å–ª—É—á–∞–µ –≤–∞—à–µ–≥–æ –æ—Ç—Å—É—Ç—Å—Ç–≤–∏—è –ø–µ—Ä—Å–æ–Ω–∞–∂ –±—É–¥–µ—Ç —Ö—Ä–∞–Ω–∏—Ç—å—Å—è –¥–æ 16:53:59 16 –ú–∞—è 2020 –≥–æ–¥–∞ –Ω–∞—à–µ–π —ç—Ä—ã :).
ˇ˘