ˇ˚Eˇ˚Vˇ˚U
Online: 133

Using keytable
  0) Koi-8
  1) Alt
  2) Windows(JMC,MMC)
  3) Windows(zMUD)
  4) Windows(zMUD 'z')
  5) UTF-8
  6) Windows(zMUD <6.39)
  9) TECT...
Select one :     
 -----------------------------------------------------------------------------                   
          Based On CircleMUD v3.0   Created by Jeremy Elson,   
          DikuMUD Gamma 0.0  by Sebastian Hammer, Michael Seifert, 
          Hans Henrik Staerfeldt, Tom Madsen, Katja Nyboe
 _____________________________________________________________________________

    #######
    ##    
    ##        ####    ####      ####  ####  ####  ####  ####  ####    ####
    #######    ######  ##     ## ##    ##  ####    ##    ##    ######  ##
    ##    ##   ##   ## ##    ##  ##    ####  ##    ########    ##   ## ##
    ##    ##   ##   ## ##    ##  ##    ###   ##    ##    ##    ##   ## ##
    #######   ####### ####  ###  ###  ####  ####  ####  ####  ####### ####

                   –ü–û –ü–†–ï–î–ê–ù–ò–Ø–ú –†–£–°–°–ö–ò–• –ù–ê–†–û–î–ù–´–• –°–ö–ê–ó–û–ö –ò –ë–´–õ–ò–ù.

             –ü–æ –∞–¥–º–∏–Ω–∏—Å—Ç—Ä–∞—Ç–∏–≤–Ω—ã–º –≤–æ–ø—Ä–æ—Å–∞–º –º–æ–∂–µ—Ç–µ —Å–≤—è–∑–∞—Ç—å—Å—è —Å –°—Ç—Ä–∏–±–æ–≥–æ–º
                	     e-mail: stribog@bylins.su

                       –ü–æ—Å–µ—Ç–∏—Ç–µ –Ω–∞—à —Å–∞–π—Ç: www.bylins.su
    –î–ª—è –±–æ–ª–µ–µ –ø–æ–¥—Ä–æ–±–Ω–æ–π –∏–≥—Ä–æ–≤–æ–π –∏–Ω—Ñ–æ—Ä–º–∞—Ü–∏–∏ –ø–æ—Å–µ—Ç–∏—Ç–µ www.bylins.su/?newbies

–í–≤–µ–¥–∏—Ç–µ –∏–º—è –ø–µ—Ä—Å–æ–Ω–∞–∂–∞ (–∏–ª–∏ "–Ω–æ–≤—ã–π" –¥–ª—è —Å–æ–∑–¥–∞–Ω–∏—è –Ω–æ–≤–æ–≥–æ): –ü–µ—Ä—Å–æ–Ω–∞–∂ —Å —Ç–∞–∫–∏–º –∏–º–µ–Ω–µ–º —É–∂–µ —Å—É—â–µ—Å—Ç–≤—É–µ—Ç. –í–≤–µ–¥–∏—Ç–µ –ø–∞—Ä–æ–ª—å : ˇ˘
–ü–µ—Ä–µ—Å–æ–µ–¥–∏–Ω—è–µ–º—Å—è.

[0;32m276H[0;37m [0;32m118M[0;37m 13725–æ –ó–∞—É—á:0 –í—ã—Ö:v> ˇ˘–ü—Ä–æ—Å—Ç–æ–π —Ö–æ–ª—â–æ–≤—ã–π –º–µ—à–æ–∫ —Å –ª—è–º–∫–æ–π, —á—Ç–æ–± –≤–µ—à–∞—Ç—å –Ω–∞ –ø–ª–µ—á–æ.

–ú–æ–∂–Ω–æ –Ω–∞–¥–µ—Ç—å –Ω–∞ –ø–ª–µ—á–∏.
–ú–æ–∂–Ω–æ –Ω–∞–¥–µ—Ç—å –Ω–∞ –ø–æ—è—Å.
–°–æ—Å—Ç–æ—è–Ω–∏–µ: –∏–¥–µ–∞–ª—å–Ω–æ.
—Ö–æ–ª—â–æ–≤—ã–π –º–µ—à–æ–∫(–≤ –∞–º—É–Ω–∏—Ü–∏–∏)
–ó–∞–ø–æ–ª–Ω–µ–Ω —Å–æ–¥–µ—Ä–∂–∏–º—ã–º –º–µ–Ω—å—à–µ, —á–µ–º –Ω–∞ —á–µ—Ç–≤–µ—Ä—Ç—å :
—Ä—ã–±—å—è –∫–æ—Å—Ç—å  [1;37m<–≤–µ–ª–∏–∫–æ–ª–µ–ø–Ω–æ>[0;37m
–ª–æ–º–æ—Ç—å —Ö–ª–µ–±–∞ [11]

[0;32m276H[0;37m [0;32m118M[0;37m 13725–æ –ó–∞—É—á:0 –í—ã—Ö:v> ˇ˘
[1;33m–ê—É–∫—Ü–∏–æ–Ω : –ª–æ—Ç 0(–∫–Ω–∏–≥–∞ –≤ –∫–æ—Å—Ç—è–Ω–æ–º –ø–µ—Ä–µ–ø–ª–µ—Ç–µ), 1000 –∫—É–Ω, –ü–Ø–¢–¨!!!!!
[0;0m
[0;32m276H[0;37m [0;32m118M[0;37m 13725–æ –ó–∞—É—á:0 –í—ã—Ö:v> ˇ˘
[1;37m–î–æ –∫–æ–Ω—Ü–∞ –±–æ–Ω—É—Å–∞ –æ—Å—Ç–∞–ª–æ—Å—å –¥–≤–∞ —á–∞—Å–∞.[0;0m

[0;32m276H[0;37m [0;32m118M[0;37m 13725–æ –ó–∞—É—á:0 –í—ã—Ö:v> ˇ˘
[1;31m–ú–∏–Ω—É–ª —á–∞—Å.[0;37m

[0;32m276H[0;37m [0;32m118M[0;37m 13725–æ –ó–∞—É—á:0 –í—ã—Ö:v> ˇ˘
–í—ã –≥–æ—Ç–æ–≤—ã —Å–æ–∂—Ä–∞—Ç—å –±—ã–∫–∞.
–í–∞–º —Ö–æ—á–µ—Ç—Å—è –≤—ã–ø–∏—Ç—å –æ–∑–µ—Ä–æ.

[0;32m276H[0;37m [0;32m118M[0;37m 13725–æ –ó–∞—É—á:0 –í—ã—Ö:v> ˇ˘
[1;33m–ê—É–∫—Ü–∏–æ–Ω : –ª–æ—Ç 0(–∫–Ω–∏–≥–∞ –≤ –∫–æ—Å—Ç—è–Ω–æ–º –ø–µ—Ä–µ–ø–ª–µ—Ç–µ) —Å–Ω—è—Ç —Ä–∞—Å–ø–æ—Ä—è–¥–∏—Ç–µ–ª–µ–º –≤–≤–∏–¥—É –æ—Ç—Å—É—Ç—Å—Ç–≤–∏—è —Å–ø—Ä–æ—Å–∞.
[0;0m
[0;32m276H[0;37m [0;32m118M[0;37m 13725–æ –ó–∞—É—á:0 –í—ã—Ö:v> ˇ˘–ü—Ä–æ—Å—Ç–æ–π —Ö–æ–ª—â–æ–≤—ã–π –º–µ—à–æ–∫ —Å –ª—è–º–∫–æ–π, —á—Ç–æ–± –≤–µ—à–∞—Ç—å –Ω–∞ –ø–ª–µ—á–æ.

–ú–æ–∂–Ω–æ –Ω–∞–¥–µ—Ç—å –Ω–∞ –ø–ª–µ—á–∏.
–ú–æ–∂–Ω–æ –Ω–∞–¥–µ—Ç—å –Ω–∞ –ø–æ—è—Å.
–°–æ—Å—Ç–æ—è–Ω–∏–µ: –∏–¥–µ–∞–ª—å–Ω–æ.
—Ö–æ–ª—â–æ–≤—ã–π –º–µ—à–æ–∫(–≤ –∞–º—É–Ω–∏—Ü–∏–∏)
–ó–∞–ø–æ–ª–Ω–µ–Ω —Å–æ–¥–µ—Ä–∂–∏–º—ã–º –º–µ–Ω—å—à–µ, —á–µ–º –Ω–∞ —á–µ—Ç–≤–µ—Ä—Ç—å :
—Ä—ã–±—å—è –∫–æ—Å—Ç—å  [1;37m<–≤–µ–ª–∏–∫–æ–ª–µ–ø–Ω–æ>[0;37m
–ª–æ–º–æ—Ç—å —Ö–ª–µ–±–∞ [11]

[0;32m276H[0;37m [0;32m118M[0;37m 13725–æ –ó–∞—É—á:0 –í—ã—Ö:v> ˇ˘
–í—ã –≥–æ—Ç–æ–≤—ã —Å–æ–∂—Ä–∞—Ç—å –±—ã–∫–∞.
–í–∞–º —Ö–æ—á–µ—Ç—Å—è –≤—ã–ø–∏—Ç—å –æ–∑–µ—Ä–æ.

[0;32m276H[0;37m [0;32m118M[0;37m 13725–æ –ó–∞—É—á:0 –í—ã—Ö:v> ˇ˘
[1;37m–î–æ –∫–æ–Ω—Ü–∞ –±–æ–Ω—É—Å–∞ –æ—Å—Ç–∞–ª—Å—è –ø–æ—Å–ª–µ–¥–Ω–∏–π —á–∞—Å![0;0m

[0;32m276H[0;37m [0;32m118M[0;37m 13725–æ –ó–∞—É—á:0 –í—ã—Ö:v> ˇ˘
[1;31m–ú–∏–Ω—É–ª —á–∞—Å.[0;37m

[0;32m276H[0;37m [0;32m118M[0;37m 13725–æ –ó–∞—É—á:0 –í—ã—Ö:v> ˇ˘
–í—ã –≥–æ—Ç–æ–≤—ã —Å–æ–∂—Ä–∞—Ç—å –±—ã–∫–∞.
–í–∞–º —Ö–æ—á–µ—Ç—Å—è –≤—ã–ø–∏—Ç—å –æ–∑–µ—Ä–æ.

[0;32m276H[0;37m [0;32m118M[0;37m 13725–æ –ó–∞—É—á:0 –í—ã—Ö:v> ˇ˘
–í—ã –≥–æ—Ç–æ–≤—ã —Å–æ–∂—Ä–∞—Ç—å –±—ã–∫–∞.
–í–∞–º —Ö–æ—á–µ—Ç—Å—è –≤—ã–ø–∏—Ç—å –æ–∑–µ—Ä–æ.

[0;32m276H[0;37m [0;32m118M[0;37m 13725–æ –ó–∞—É—á:0 –í—ã—Ö:v> ˇ˘–ß–∞–≤–æ?

[0;32m276H[0;37m [0;32m118M[0;37m 13725–æ –ó–∞—É—á:0 –í—ã—Ö:v> ˇ˘–ß–∞–≤–æ?

[0;32m276H[0;37m [0;32m118M[0;37m 13725–æ –ó–∞—É—á:0 –í—ã—Ö:v> ˇ˘–ß–∞–≤–æ?

[0;32m276H[0;37m [0;32m118M[0;37m 13725–æ –ó–∞—É—á:0 –í—ã—Ö:v> ˇ˘
[1;37m–ë–æ–Ω—É—Å –∑–∞–∫–æ–Ω—á–∏–ª—Å—è...[0;0m

[0;32m276H[0;37m [0;32m118M[0;37m 13725–æ –ó–∞—É—á:0 –í—ã—Ö:v> ˇ˘
[1;31m–ú–∏–Ω—É–ª —á–∞—Å.[0;37m

[0;32m276H[0;37m [0;32m118M[0;37m 13725–æ –ó–∞—É—á:0 –í—ã—Ö:v> ˇ˘
–í—ã –≥–æ—Ç–æ–≤—ã —Å–æ–∂—Ä–∞—Ç—å –±—ã–∫–∞.
–í–∞–º —Ö–æ—á–µ—Ç—Å—è –≤—ã–ø–∏—Ç—å –æ–∑–µ—Ä–æ.

[0;32m276H[0;37m [0;32m118M[0;37m 13725–æ –ó–∞—É—á:0 –í—ã—Ö:v> ˇ˘
[1;33m–ë–∞–∑–∞—Ä : –Ω–æ–≤—ã–π –ª–æ—Ç (225) - –ª–µ–≥–∫–∏–π –±—Ä–∞—Å–ª–µ—Ç –∏–∑ –ø—Ä–æ—á–Ω–æ–π –ø–∞—É—Ç–∏–Ω—ã - —Ü–µ–Ω–∞ 11111 –∫—É–Ω. 

[0;0m
[0;32m276H[0;37m [0;32m118M[0;37m 13725–æ –ó–∞—É—á:0 –í—ã—Ö:v> ˇ˘
[1;33m–ë–∞–∑–∞—Ä : –Ω–æ–≤—ã–π –ª–æ—Ç (405) - –ª–µ–≥–∫–∏–π –±—Ä–∞—Å–ª–µ—Ç –∏–∑ –ø—Ä–æ—á–Ω–æ–π –ø–∞—É—Ç–∏–Ω—ã - —Ü–µ–Ω–∞ 11111 –∫—É–Ω. 

[0;0m
[0;32m276H[0;37m [0;32m118M[0;37m 13725–æ –ó–∞—É—á:0 –í—ã—Ö:v> ˇ˘
[0;33m–ö—Ç–æ-—Ç–æ –∑–∞–º–µ—Ç–∏–ª : '–∫—É–ø–ª—é —Ä—É–Ω—É —Å–æ–∑–Ω–∞–Ω–∏—è 100–∫'
[0;37m
[0;32m276H[0;37m [0;32m118M[0;37m 13725–æ –ó–∞—É—á:0 –í—ã—Ö:v> ˇ˘
[1;33m–ë–∞–∑–∞—Ä : –Ω–æ–≤—ã–π –ª–æ—Ç (406) - –≤–æ–ª—á–∏–π —Ö–≤–æ—Å—Ç - —Ü–µ–Ω–∞ 5555 –∫—É–Ω. 

[0;0m
[0;32m276H[0;37m [0;32m118M[0;37m 13725–æ –ó–∞—É—á:0 –í—ã—Ö:v> ˇ˘
[1;33m–ë–∞–∑–∞—Ä : –Ω–æ–≤—ã–π –ª–æ—Ç (408) - –≤–æ–ª—á–∏–π —Ö–≤–æ—Å—Ç - —Ü–µ–Ω–∞ 5555 –∫—É–Ω. 

[0;0m
[0;32m276H[0;37m [0;32m118M[0;37m 13725–æ –ó–∞—É—á:0 –í—ã—Ö:v> ˇ˘
–í—ã –≥–æ—Ç–æ–≤—ã —Å–æ–∂—Ä–∞—Ç—å –±—ã–∫–∞.
–í–∞–º —Ö–æ—á–µ—Ç—Å—è –≤—ã–ø–∏—Ç—å –æ–∑–µ—Ä–æ.

[0;32m276H[0;37m [0;32m118M[0;37m 13725–æ –ó–∞—É—á:0 –í—ã—Ö:v> ˇ˘
[0;33m–ö—Ç–æ-—Ç–æ –∑–∞–º–µ—Ç–∏–ª : '–∫—É–ø–ª—é —Ä—É–Ω—É —è—Ä–æ—Å—Ç–∏ 100–∫'
[0;37m
[0;32m276H[0;37m [0;32m118M[0;37m 13725–æ –ó–∞—É—á:0 –í—ã—Ö:v> ˇ˘–ß–∞–≤–æ?

[0;32m276H[0;37m [0;32m118M[0;37m 13725–æ –ó–∞—É—á:0 –í—ã—Ö:v> ˇ˘–ü—Ä–æ—Å—Ç–æ–π —Ö–æ–ª—â–æ–≤—ã–π –º–µ—à–æ–∫ —Å –ª—è–º–∫–æ–π, —á—Ç–æ–± –≤–µ—à–∞—Ç—å –Ω–∞ –ø–ª–µ—á–æ.

–ú–æ–∂–Ω–æ –Ω–∞–¥–µ—Ç—å –Ω–∞ –ø–ª–µ—á–∏.
–ú–æ–∂–Ω–æ –Ω–∞–¥–µ—Ç—å –Ω–∞ –ø–æ—è—Å.
–°–æ—Å—Ç–æ—è–Ω–∏–µ: –∏–¥–µ–∞–ª—å–Ω–æ.
—Ö–æ–ª—â–æ–≤—ã–π –º–µ—à–æ–∫(–≤ –∞–º—É–Ω–∏—Ü–∏–∏)
–ó–∞–ø–æ–ª–Ω–µ–Ω —Å–æ–¥–µ—Ä–∂–∏–º—ã–º –º–µ–Ω—å—à–µ, —á–µ–º –Ω–∞ —á–µ—Ç–≤–µ—Ä—Ç—å :
—Ä—ã–±—å—è –∫–æ—Å—Ç—å  [1;37m<–≤–µ–ª–∏–∫–æ–ª–µ–ø–Ω–æ>[0;37m
–ª–æ–º–æ—Ç—å —Ö–ª–µ–±–∞ [11]

[0;32m276H[0;37m [0;32m118M[0;37m 13725–æ –ó–∞—É—á:0 –í—ã—Ö:v> ˇ˘–í—ã –Ω–µ—Å–µ—Ç–µ:
—Ä—ã–±—å—è –∫–æ—Å—Ç—å  [1;37m<–≤–µ–ª–∏–∫–æ–ª–µ–ø–Ω–æ>[0;37m
–º–∞–ª—ã–π –º–µ—Ö  [1;37m<–≤–µ–ª–∏–∫–æ–ª–µ–ø–Ω–æ>[0;37m
–∫—Ä—ã–Ω–∫–∞ —Å –º–æ–ª–æ–∫–æ–º  [1;37m<–≤–µ–ª–∏–∫–æ–ª–µ–ø–Ω–æ>[0;37m

[0;32m276H[0;37m [0;32m118M[0;37m 13725–æ –ó–∞—É—á:0 –í—ã—Ö:v> ˇ˘
[1;31m–ú–∏–Ω—É–ª —á–∞—Å.[0;37m

[0;32m276H[0;37m [0;32m118M[0;37m 13725–æ –ó–∞—É—á:0 –í—ã—Ö:v> ˇ˘
–í—ã –≥–æ—Ç–æ–≤—ã —Å–æ–∂—Ä–∞—Ç—å –±—ã–∫–∞.
–í–∞–º —Ö–æ—á–µ—Ç—Å—è –≤—ã–ø–∏—Ç—å –æ–∑–µ—Ä–æ.

[0;32m276H[0;37m [0;32m118M[0;37m 13725–æ –ó–∞—É—á:0 –í—ã—Ö:v> ˇ˘–í—ã –±—Ä–æ—Å–∏–ª–∏ —Ä—ã–±—å—é –∫–æ—Å—Ç—å.

[0;32m276H[0;37m [0;32m118M[0;37m 13725–æ –ó–∞—É—á:0 –í—ã—Ö:v> ˇ˘–í—ã –≤—ã–ø–∏–ª–∏ –º–æ–ª–æ–∫–∞ –∏–∑ –∫—Ä—ã–Ω–∫–∏ —Å –º–æ–ª–æ–∫–æ–º.
–í—ã –≥–æ–ª–æ–¥–Ω—ã.
–í—ã –Ω–µ —á—É–≤—Å—Ç–≤—É–µ—Ç–µ –∂–∞–∂–¥—ã.

[0;32m276H[0;37m [0;32m118M[0;37m 13725–æ –ó–∞—É—á:0 –í—ã—Ö:v> ˇ˘–í—ã –≤—ã–ø–∏–ª–∏ –º–æ–ª–æ–∫–∞ –∏–∑ –∫—Ä—ã–Ω–∫–∏ —Å –º–æ–ª–æ–∫–æ–º.
–í—ã –≥–æ–ª–æ–¥–Ω—ã.
–í—ã –Ω–µ —á—É–≤—Å—Ç–≤—É–µ—Ç–µ –∂–∞–∂–¥—ã.

[0;32m276H[0;37m [0;32m118M[0;37m 13725–æ –ó–∞—É—á:0 –í—ã—Ö:v> ˇ˘–ù–µ–±–æ–ª—å—à–æ–π –∫—É–≤—à–∏–Ω —Å —à–∏—Ä–æ–∫–∏–º –≥–æ—Ä–ª–æ–º –¥–ª—è —Ö—Ä–∞–Ω–µ–Ω–∏—è —Å—ä–µ—Å—Ç–Ω–æ–≥–æ.

–°–æ—Å—Ç–æ—è–Ω–∏–µ: –∏–¥–µ–∞–ª—å–Ω–æ.
–ö–∞—á–µ—Å—Ç–≤–æ: –∏–¥–µ–∞–ª—å–Ω–æ–µ.
–ù–∞–ø–æ–ª–Ω–µ–Ω–∞ –±–æ–ª—å—à–µ, —á–µ–º –Ω–∞–ø–æ–ª–æ–≤–∏–Ω—É –±–µ–ª–æ–π –∂–∏–¥–∫–æ—Å—Ç—å—é.

[0;32m276H[0;37m [0;32m118M[0;37m 13725–æ –ó–∞—É—á:0 –í—ã—Ö:v> ˇ˘–í –≤–∞—Å –±–æ–ª—å—à–µ –Ω–µ –ª–µ–∑–µ—Ç.

[0;32m276H[0;37m [0;32m118M[0;37m 13725–æ –ó–∞—É—á:0 –í—ã—Ö:v> ˇ˘–•–æ–∑—è–π–∫–∞ —Å–∫–∞–∑–∞–ª–∞ –≤–∞–º : "–û–¥–µ—Ç—ã–π —Å–ø–∞—Ç—å –±—É–¥–µ—à—å? –•–º.. –ù—É —Å–º–æ—Ç—Ä–∏, —Ç–æ–≥–¥–∞ –¥–µ—à–µ–≤–ª–µ –≤–æ–∑—å–º—É"
[1;37m - 0 –∫—É–Ω (0 –µ—Å–ª–∏ —Å–Ω—è—Ç—å) –∑–∞ –ª–µ–≥–∫–∏–π –ª–∞—Ç–Ω—ã–π –¥–æ—Å–ø–µ—Ö [0;37m
[1;37m - 0 –∫—É–Ω (0 –µ—Å–ª–∏ —Å–Ω—è—Ç—å) –∑–∞ –ª–µ–≥–∫–∏–π –ª–∞—Ç–Ω—ã–π —à–ª–µ–º [0;37m
[1;37m - 0 –∫—É–Ω (0 –µ—Å–ª–∏ —Å–Ω—è—Ç—å) –∑–∞ –ª–µ–≥–∫–∏–µ –ª–∞—Ç–Ω—ã–µ –ø–æ–Ω–æ–∂–∏ [0;37m
[1;37m - 10 –∫—É–Ω (100 –µ—Å–ª–∏ —Å–Ω—è—Ç—å) –∑–∞ –¥—Ä–∞–Ω—ã–µ —Å–∞–ø–æ–≥–∏ [0;37m
[1;37m - 24 –∫—É–Ω—ã (240 –µ—Å–ª–∏ —Å–Ω—è—Ç—å) –∑–∞ —à–∫—É—Ä—É –º–µ–¥–≤–µ–¥—è [0;37m
[1;37m - 5 –∫—É–Ω (5 –µ—Å–ª–∏ —Å–Ω—è—Ç—å) –∑–∞ —Ö–æ–ª—â–æ–≤—ã–π –º–µ—à–æ–∫ [0;37m
[1;37m - 1 –∫—É–Ω–∞ (13 –µ—Å–ª–∏ —Å–Ω—è—Ç—å) –∑–∞ –±—Ä–æ–Ω–∑–æ–≤—ã–π –∫–∏—Å—Ç–µ–Ω—å [0;37m
[1;37m - 1 –∫—É–Ω–∞ (7 –µ—Å–ª–∏ —Å–Ω—è—Ç—å) –∑–∞ –±—Ä–æ–Ω–∑–æ–≤—ã–π —Å—Ç–∏–ª–µ—Ç [0;37m
–•–æ–∑—è–π–∫–∞ —Å–∫–∞–∑–∞–ª–∞ –≤–∞–º : "–≠—Ç–æ —è –≤ —á—É–ª–∞–Ω–µ –∑–∞–ø—Ä—É:"
 - 1 –∫—É–Ω–∞ –∑–∞ –∫—Ä—ã–Ω–∫—É —Å –º–æ–ª–æ–∫–æ–º 
 - 2 –∫—É–Ω—ã –∑–∞ –º–∞–ª—ã–π –º–µ—Ö 
 - 30 –∫—É–Ω (3 –µ—Å–ª–∏ –Ω–∞–¥–µ—Ç—å) –∑–∞ —Ä—ã–±—å—é –∫–æ—Å—Ç—å 
 - 0 –∫—É–Ω –∑–∞ –ª–æ–º–æ—Ç—å —Ö–ª–µ–±–∞ [11] 
–•–æ–∑—è–π–∫–∞ —Å–∫–∞–∑–∞–ª–∞ –≤–∞–º : "–í —Å—É–º–º–µ —ç—Ç–æ —Å–æ—Å—Ç–∞–≤–∏—Ç 74 –∫—É–Ω—ã –≤ –¥–µ–Ω—å ."
–•–æ–∑—è–π–∫–∞ —Å–∫–∞–∑–∞–ª–∞ –≤–∞–º : "–¢–∞–∫ —É–∂ –∏ –±—ã—Ç—å, —è —Å–∫–æ—â—É —Ç–µ–±–µ –ø–æ–ª–æ–≤–∏–Ω—É."
–•–æ–∑—è–π–∫–∞ —Å–∫–∞–∑–∞–ª–∞ –≤–∞–º :

"–ü–æ—Å—Ç–æ–π –æ–±–æ–π–¥–µ—Ç—Å—è —Ç–µ–±–µ –≤ 37 –∫—É–Ω."
"–¢–≤–æ–∏—Ö –¥–µ–Ω–µ–≥ —Ö–≤–∞—Ç–∏—Ç –Ω–∞ 37 –¥–Ω–µ–π."
–•–æ–∑—è–π–∫–∞ –∑–∞–ø–µ—Ä–ª–∞ –≤–∞—à–∏ –≤–µ—â–∏ –≤ —Å—É–Ω–¥—É–∫ –∏ –ø–æ–≤–µ–ª–∞ –≤ —Ç–µ—Å–Ω—É—é –∫–∞–º–æ—Ä–∫—É.

0) –û—Ç—Å–æ–µ–¥–∏–Ω–∏—Ç—å—Å—è.
1) –ù–∞—á–∞—Ç—å –∏–≥—Ä—É.
2) –í–≤–µ—Å—Ç–∏ –æ–ø–∏—Å–∞–Ω–∏–µ –≤–∞—à–µ–≥–æ –ø–µ—Ä—Å–æ–Ω–∞–∂–∞.
3) –£–∑–Ω–∞—Ç—å –∏—Å—Ç–æ—Ä–∏—é.
4) –ò–∑–º–µ–Ω–∏—Ç—å –ø–∞—Ä–æ–ª—å.
5) –£–¥–∞–ª–∏—Ç—å –ø–µ—Ä—Å–æ–Ω–∞–∂–∞.
6) –ò–∑–º–µ–Ω–∏—Ç—å –ø–∞—Ä–∞–º–µ—Ç—Ä—ã –ø–µ—Ä—Å–æ–Ω–∞–∂–∞.
7) –í–∫–ª—é—á–∏—Ç—å/–≤—ã–∫–ª—é—á–∏—Ç—å —Ä–µ–∂–∏–º —Å–ª–µ–ø–æ–≥–æ –∏–≥—Ä–æ–∫–∞.
8) –ü–æ—Å–º–æ—Ç—Ä–µ—Ç—å –≤—Å–µ—Ö –ø–µ—Ä—Å–æ–Ω–∞–∂–µ–π –Ω–∞ –¥–∞–Ω–Ω–æ–º email'e.

   –ß–µ–≥–æ –≤–∞—à–∞ –¥—É—à–∞ –∂–µ–ª–∞–µ—Ç? ˇ˘
–î–æ –≤—Å—Ç—Ä–µ—á–∏ –Ω–∞ –∑–µ–º–ª–µ –ö–∏–µ–≤—Å–∫–æ–π.
–í —Å–ª—É—á–∞–µ –≤–∞—à–µ–≥–æ –æ—Ç—Å—É—Ç—Å—Ç–≤–∏—è –ø–µ—Ä—Å–æ–Ω–∞–∂ –±—É–¥–µ—Ç —Ö—Ä–∞–Ω–∏—Ç—å—Å—è –¥–æ 12:02:19 23 –ê–ø—Ä–µ–ª—è 2020 –≥–æ–¥–∞ –Ω–∞—à–µ–π —ç—Ä—ã :).
ˇ˘