ˇ˚Eˇ˚Vˇ˚U
Online: 109

Using keytable
  0) Koi-8
  1) Alt
  2) Windows(JMC,MMC)
  3) Windows(zMUD)
  4) Windows(zMUD 'z')
  5) UTF-8
  6) Windows(zMUD <6.39)
  9) TECT...
Select one :     
 -----------------------------------------------------------------------------                   
          Based On CircleMUD v3.0   Created by Jeremy Elson,   
          DikuMUD Gamma 0.0  by Sebastian Hammer, Michael Seifert, 
          Hans Henrik Staerfeldt, Tom Madsen, Katja Nyboe
 _____________________________________________________________________________

    #######
    ##    
    ##        ####    ####      ####  ####  ####  ####  ####  ####    ####
    #######    ######  ##     ## ##    ##  ####    ##    ##    ######  ##
    ##    ##   ##   ## ##    ##  ##    ####  ##    ########    ##   ## ##
    ##    ##   ##   ## ##    ##  ##    ###   ##    ##    ##    ##   ## ##
    #######   ####### ####  ###  ###  ####  ####  ####  ####  ####### ####

                   –ü–û –ü–†–ï–î–ê–ù–ò–Ø–ú –†–£–°–°–ö–ò–• –ù–ê–†–û–î–ù–´–• –°–ö–ê–ó–û–ö –ò –ë–´–õ–ò–ù.

             –ü–æ –∞–¥–º–∏–Ω–∏—Å—Ç—Ä–∞—Ç–∏–≤–Ω—ã–º –≤–æ–ø—Ä–æ—Å–∞–º –º–æ–∂–µ—Ç–µ —Å–≤—è–∑–∞—Ç—å—Å—è —Å –°—Ç—Ä–∏–±–æ–≥–æ–º
                	     e-mail: stribog@bylins.su

                       –ü–æ—Å–µ—Ç–∏—Ç–µ –Ω–∞—à —Å–∞–π—Ç: www.bylins.su
    –î–ª—è –±–æ–ª–µ–µ –ø–æ–¥—Ä–æ–±–Ω–æ–π –∏–≥—Ä–æ–≤–æ–π –∏–Ω—Ñ–æ—Ä–º–∞—Ü–∏–∏ –ø–æ—Å–µ—Ç–∏—Ç–µ www.bylins.su/?newbies

–í–≤–µ–¥–∏—Ç–µ –∏–º—è –ø–µ—Ä—Å–æ–Ω–∞–∂–∞ (–∏–ª–∏ "–Ω–æ–≤—ã–π" –¥–ª—è —Å–æ–∑–¥–∞–Ω–∏—è –Ω–æ–≤–æ–≥–æ): –ü–µ—Ä—Å–æ–Ω–∞–∂ —Å —Ç–∞–∫–∏–º –∏–º–µ–Ω–µ–º —É–∂–µ —Å—É—â–µ—Å—Ç–≤—É–µ—Ç. –í–≤–µ–¥–∏—Ç–µ –ø–∞—Ä–æ–ª—å : ˇ˘

–ü–æ—Å–ª–µ–¥–Ω–∏–π —Ä–∞–∑ –≤—ã –∑–∞—Ö–æ–¥–∏–ª–∏ –∫ –Ω–∞–º –≤ 23:48:28 12 –§–µ–≤—Ä–∞–ª—è 2020 –≥–æ–¥–∞ —Å –∞–¥—Ä–µ—Å–∞ (173.8.142.14).

* –í —Å–≤—è–∑–∏ —Å –ø—Ä–æ–±–ª–µ–º–∞–º–∏ –ø–µ—Ä–µ–≤–æ–¥–∞ —Ñ—Ä–∞–∑—ã ANYKEY –Ω–∞–∂–º–∏—Ç–µ ENTER *ˇ˘
  –î–æ–±—Ä–æ –ø–æ–∂–∞–ª–æ–≤–∞—Ç—å –Ω–∞ –∑–µ–º–ª—é –ö–∏–µ–≤—Å–∫—É—é, –±–æ–≥–∞—Ç—É—é –∏—Å—Ç–æ—Ä–∏–µ–π –∏ —Å–∞–º—ã–º–∏ –Ω–µ–≤–µ—Ä–æ—è—Ç–Ω—ã–º–∏
–ø—Ä–∏–∫–ª—é—á–µ–Ω–∏—è–º–∏. –í–æ–∑–º–æ–∂–Ω–æ, –≤–∞–º –æ–Ω–∏ –ø–æ–Ω—Ä–∞–≤—è—Ç—Å—è, –∏ –≤—ã —Å—Ç–∞–Ω–µ—Ç–µ –≤ –æ–¥–∏–Ω —Ä—è–¥ —Å –≥–µ—Ä–æ—è–º–∏
–¥–∞–≤–Ω–æ –º–∏–Ω—É–≤—à–∏—Ö –¥–Ω–µ–π.

[1;37m–í—ã –Ω–∞—Ö–æ–¥–∏–ª–∏—Å—å –Ω–∞ –ø–æ—Å—Ç–æ–µ 0.01 –¥–Ω–µ–π.
–° –≤–∞—Å —Å–æ–¥—Ä–∞–ª–∏ 1 –∫—É–Ω—É –∑–∞ –ø–æ—Å—Ç–æ–π (149 –∫—É–Ω –≤ –¥–µ–Ω—å).[0;37m
[1;36m–ö–æ–º–Ω–∞—Ç—ã –æ—Ç–¥—ã—Ö–∞ [5000][0;37m
   –•–æ–∑—è–∏–Ω —É—Å—Ç—Ä–æ–∏–ª –∑–¥–µ—Å—å –∫–æ–º–Ω–∞—Ç—ã –¥–ª—è –æ—Ç–¥—ã—Ö–∞. –õ—é–±–æ–π –∂–µ–ª–∞—é—â–∏–π –º–æ–∂–µ—Ç –æ—Å—Ç–∞–Ω–æ–≤–∏—Ç—å—Å—è
–∑–¥–µ—Å—å –∏ –ø–µ—Ä–µ–¥–æ—Ö–Ω—É—Ç—å –ø–æ—Å–ª–µ –¥–∞–ª—å–Ω–µ–π –¥–æ—Ä–æ–≥–∏. –°–≤–µ—Ç–ª—ã–µ –≥–æ—Ä–Ω–∏—Ü—ã —Ç–∞–∫ –∏ –ø—Ä–∏–≥–ª–∞—à–∞—é—Ç
–ø—Ä–æ–π—Ç–∏ –≤ –Ω–∏—Ö –∏ —Ä–∞—Å—Ç—è–Ω—É—Ç—å—Å—è –Ω–∞ –ø–µ—Ä–∏–Ω–µ, –Ω–∞ –ø—É—Ö–æ–≤–æ–π –¥–∞ –∑–∞–±—ã—Ç—å—Å—è —Å–Ω–æ–º –±–æ–≥–∞—Ç—ã—Ä—Å–∫–∏–º.
–ó–¥–µ—Å—å –∂–µ –º–æ–∂–Ω–æ –ø–æ–¥–æ–∂–¥–∞—Ç—å —Å–≤–æ–∏—Ö –∫–æ–º–ø–∞–Ω—å–æ–Ω–æ–≤ –ø–µ—Ä–µ–¥ –¥–æ–ª–≥–æ–π –¥–æ—Ä–æ–≥–æ–π, –ø–æ–≥–æ–≤–æ—Ä–∏—Ç—å
–æ –¥–∞–ª—å–Ω–µ–π—à–∏—Ö –ø–ª–∞–Ω–∞—Ö.
[1;32m–°–æ–≤—Å–µ–º –º–∞–ª—ã—Ö, –¥–∞ –Ω–µ –æ–±—É—á–µ–Ω–Ω—ã—Ö —Ç–∞–∫ –∏ —Ç—è–Ω–µ—Ç [1;33m–≤–æ–π—Ç–∏ [1;32m–≤ [1;33m—à–∫–æ–ª—É[1;32m.[0;0m
[0;36m[ Exits: d ][0;37m
[1;33m–î–æ—Å–∫–∞ –¥–ª—è —Ä–∞–∑–ª–∏—á–Ω—ã—Ö –∑–∞–º–µ—Ç–æ–∫ –∏ –æ–±—ä—è–≤–ª–µ–Ω–∏–π –ø—Ä–∏–±–∏—Ç–∞ —Ç—É—Ç ..–±–ª–µ—Å—Ç–∏—Ç!
[1;31m–ü–æ–ª—è–Ω–∏–Ω –î–æ—Ä–º–∞–Ω —Å—Ç–æ–∏—Ç –∑–¥–µ—Å—å. 
–•–æ–∑—è–π–∫–∞ –ø–æ—Å—Ç–æ—è–ª–æ–≥–æ –¥–≤–æ—Ä–∞ —Ä–∞—Å–ø–æ—Ä—è–∂–∞–µ—Ç—Å—è –∑–¥–µ—Å—å.
[0;0m
–î–µ—Ä–µ–≤–Ω—è —É —Ä–µ–∫–∏ (2-–∞—è —Ä–æ–¥–æ–≤–∞—è).

[0;32m276H[0;37m [0;32m118M[0;37m 41921–æ –ó–∞—É—á:0 –í—ã—Ö:v> ˇ˘[1;36m–ö–æ–º–Ω–∞—Ç—ã –æ—Ç–¥—ã—Ö–∞ [5000][0;37m
   –•–æ–∑—è–∏–Ω —É—Å—Ç—Ä–æ–∏–ª –∑–¥–µ—Å—å –∫–æ–º–Ω–∞—Ç—ã –¥–ª—è –æ—Ç–¥—ã—Ö–∞. –õ—é–±–æ–π –∂–µ–ª–∞—é—â–∏–π –º–æ–∂–µ—Ç –æ—Å—Ç–∞–Ω–æ–≤–∏—Ç—å—Å—è
–∑–¥–µ—Å—å –∏ –ø–µ—Ä–µ–¥–æ—Ö–Ω—É—Ç—å –ø–æ—Å–ª–µ –¥–∞–ª—å–Ω–µ–π –¥–æ—Ä–æ–≥–∏. –°–≤–µ—Ç–ª—ã–µ –≥–æ—Ä–Ω–∏—Ü—ã —Ç–∞–∫ –∏ –ø—Ä–∏–≥–ª–∞—à–∞—é—Ç
–ø—Ä–æ–π—Ç–∏ –≤ –Ω–∏—Ö –∏ —Ä–∞—Å—Ç—è–Ω—É—Ç—å—Å—è –Ω–∞ –ø–µ—Ä–∏–Ω–µ, –Ω–∞ –ø—É—Ö–æ–≤–æ–π –¥–∞ –∑–∞–±—ã—Ç—å—Å—è —Å–Ω–æ–º –±–æ–≥–∞—Ç—ã—Ä—Å–∫–∏–º.
–ó–¥–µ—Å—å –∂–µ –º–æ–∂–Ω–æ –ø–æ–¥–æ–∂–¥–∞—Ç—å —Å–≤–æ–∏—Ö –∫–æ–º–ø–∞–Ω—å–æ–Ω–æ–≤ –ø–µ—Ä–µ–¥ –¥–æ–ª–≥–æ–π –¥–æ—Ä–æ–≥–æ–π, –ø–æ–≥–æ–≤–æ—Ä–∏—Ç—å
–æ –¥–∞–ª—å–Ω–µ–π—à–∏—Ö –ø–ª–∞–Ω–∞—Ö.
[1;32m–°–æ–≤—Å–µ–º –º–∞–ª—ã—Ö, –¥–∞ –Ω–µ –æ–±—É—á–µ–Ω–Ω—ã—Ö —Ç–∞–∫ –∏ —Ç—è–Ω–µ—Ç [1;33m–≤–æ–π—Ç–∏ [1;32m–≤ [1;33m—à–∫–æ–ª—É[1;32m.[0;0m
[0;36m[ Exits: d ][0;37m
[1;33m–î–æ—Å–∫–∞ –¥–ª—è —Ä–∞–∑–ª–∏—á–Ω—ã—Ö –∑–∞–º–µ—Ç–æ–∫ –∏ –æ–±—ä—è–≤–ª–µ–Ω–∏–π –ø—Ä–∏–±–∏—Ç–∞ —Ç—É—Ç ..–±–ª–µ—Å—Ç–∏—Ç!
[1;31m–ü–æ–ª—è–Ω–∏–Ω –î–æ—Ä–º–∞–Ω —Å—Ç–æ–∏—Ç –∑–¥–µ—Å—å. 
–•–æ–∑—è–π–∫–∞ –ø–æ—Å—Ç–æ—è–ª–æ–≥–æ –¥–≤–æ—Ä–∞ —Ä–∞—Å–ø–æ—Ä—è–∂–∞–µ—Ç—Å—è –∑–¥–µ—Å—å.
[0;0m
–î–µ—Ä–µ–≤–Ω—è —É —Ä–µ–∫–∏ (2-–∞—è —Ä–æ–¥–æ–≤–∞—è).

[0;32m276H[0;37m [0;32m118M[0;37m 41921–æ –ó–∞—É—á:0 –í—ã—Ö:v> ˇ˘–í—ã –ø–æ–ø–ª–µ–ª–∏—Å—å –≤–Ω–∏–∑.
[1;36m–ü–æ—Å—Ç–æ—è–ª—ã–π –¥–≤–æ—Ä [5001][0;37m
   –î–µ—Ä–µ–≤–Ω—è —Ö–æ—Ç—å –∏ –Ω–µ–±–æ–ª—å—à–∞—è, –Ω–æ –ø–æ—Å—Ç–æ—è–ª—ã–π –¥–≤–æ—Ä –∏–º–µ–µ—Ç—Å—è, –¥–ª—è –∑–∞–µ–∑–∂–∏—Ö –≥–æ—Å—Ç–µ–π,
—á—Ç–æ–±—ã –±—ã–ª–æ –≥–¥–µ –ø–µ—Ä–µ–≤–µ—Å—Ç–∏ –¥—É—Ö, –µ–¥–æ–π –∏ –ø–∏—Ç—å–µ–º –∑–∞–ø–∞—Å—Ç–∏—Å—å. –ê –µ—Å–ª–∏ –Ω–∞ –¥–≤–æ—Ä–µ —É–∂
–Ω–æ—á—å –∏–ª—å –ø—Ä–æ—Å—Ç–æ –Ω–∞–¥–æ –æ—Å—Ç–∞–Ω–æ–≤–∏—Ç—Å—è –Ω–∞ –¥–µ–Ω—å –¥—Ä—É–≥–æ–π –≤ –¥–µ—Ä–µ–≤–Ω–µ, –∞ —Ä–æ–¥—Å—Ç–≤–µ–Ω–Ω–∏–∫–æ–≤
–Ω–µ—Ç, —Ç–∞–∫ –º–æ–∂–Ω–æ –∏ –ø–µ—Ä–µ–Ω–æ—á–µ–≤–∞—Ç—å –≤ –≥–æ—Ä–Ω–∏—Ü–∞—Ö –Ω–∞–≤–µ—Ä—Ö—É.
[0;36m[ Exits: w u ][0;37m
[1;33m–õ—É–∂–∏—Ü–∞ –¥–æ–∂–¥–µ–≤–æ–π –≤–æ–¥—ã —Ä–∞–∑–ª–∏—Ç–∞ —É –≤–∞—à–∏—Ö –Ω–æ–≥.
[1;31m–°–µ–¥–æ–≤–ª–∞—Å—ã–π —Å–∫–∞–∑–∏—Ç–µ–ª—å –≥–æ—Ç–æ–≤ –ø–æ–¥–µ–ª–∏—Ç—å—Å—è —Å –í–∞–º–∏ –∏–Ω—Ç–µ—Ä–µ—Å–Ω–æ–π –∏—Å—Ç–æ—Ä–∏–µ–π.
–¢—Ä–∞–∫—Ç–∏—Ä—â–∏–∫ –æ—Ç–¥—ã—Ö–∞–µ—Ç –∑–∞ —Å—Ç–æ–π–∫–æ–π.
[0;0m
[0;32m276H[0;37m [0;32m117M[0;37m 41921–æ –ó–∞—É—á:0 –í—ã—Ö:–ó^> ˇ˘–í—ã –ø–æ–ø–ª–µ–ª–∏—Å—å –Ω–∞ –∑–∞–ø–∞–¥.
[1;36m–ü–µ—Ä–µ–¥ –ø–æ—Å—Ç–æ—è–ª—ã–º –¥–≤–æ—Ä–æ–º [5005][0;37m
   –ß—É—Ç—å –Ω–µ —Å–ø–æ—Ç–∫–Ω—É–≤—à–∏—Å—å –æ –¥–æ—Å–∫—É, –ª–µ–∂–∞—â—É—é —Å—Ä–∞–∑—É —É –ø–æ—Ä–æ–≥–∞ –ø–æ—Å—Ç–æ—è–ª–æ–≥–æ –¥–≤–æ—Ä–∞,
–≤—ã –æ–∫–∞–∑–∞–ª–∏—Å—å –Ω–∞ —Ü–µ–Ω—Ç—Ä–∞–ª—å–Ω–æ–π —É–ª–∏—Ü–µ –¥–µ—Ä–µ–≤–Ω–∏. –ò–º–µ–Ω–Ω–æ –Ω–∞ —ç—Ç–æ–π —É–ª–∏—Ü–µ –º–æ–∂–Ω–æ 
–±—ã—Å—Ç—Ä–æ –Ω–∞–π—Ç–∏ –ª–∞–≤–∫—É —Ä–µ–º–µ—Å–ª–µ–Ω–Ω–∏–∫–∞, –¥–æ–º –∑–Ω–∞—Ö–∞—Ä—è, –∫–æ–Ω—é—à–Ω—é –∏ –¥–æ–º —Å—Ç–∞—Ä–µ–π—à–∏–Ω—ã.
–í —é–∂–Ω–æ–π —á–∞—Å—Ç–∏ –¥–µ—Ä–µ–≤–Ω–∏ –ø–æ—Å–µ–ª–∏–ª–∏—Å—å –≤–æ—Ä–æ–∂–µ–∏.
[0;36m[ Exits: n e s w ][0;37m
[1;33m[1;31m–ò–Ω–æ–∑–µ–º–µ—Ü —Å—Ç–æ–∏—Ç –∑–¥–µ—Å—å.
–ú–µ—Å—Ç–Ω–∞—è –∂–∏—Ç–µ–ª—å–Ω–∏—Ü–∞ –∏–¥–µ—Ç –ø–æ —Å–≤–æ–∏–º –¥–µ–ª–∞–º.
–ú–µ—Å—Ç–Ω—ã–π –∂–∏—Ç–µ–ª—å –∏–¥–µ—Ç –∑–¥–µ—Å—å.
[0;0m[1;36m–ò–Ω–æ–∑–µ–º–µ—Ü —Å–∫–∞–∑–∞–ª –≤–∞–º : '–ù–µ –ø–æ–¥—Å–∫–∞–∂–µ—Ç–µ, –ª—é–¥–∏ –¥–æ–±—Ä—ã–µ, –∫–∞–∫ –¥–æ–±—Ä–∞—Ç—å—Å—è –¥–æ –ö–∏–µ–≤–∞?'[0;37m
[1;30m–ò–Ω–æ–∑–µ–º–µ—Ü –æ—â–µ—Ä–∏–ª –∑—É–±—ã –≤ –≥–Ω—É—Å–Ω–æ–π —É—Ö–º—ã–ª–∫–µ.[0;0m

[0;32m276H[0;37m [0;32m117M[0;37m 41921–æ –ó–∞—É—á:0 –í—ã—Ö:–°–í–Æ–ó> ˇ˘–í—ã –ø–æ–ø–ª–µ–ª–∏—Å—å –Ω–∞ —é–≥.
[1;36m–¶–µ–Ω—Ç—Ä –¥–µ—Ä–µ–≤–Ω–∏ [5004][0;37m
   –¶–µ–Ω—Ç—Ä–∞–ª—å–Ω–∞—è —á–∞—Å—Ç—å –¥–µ—Ä–µ–≤–Ω–∏ –∑–∞–ø–æ–ª–Ω–µ–Ω–∞ –Ω—É–∂–Ω—ã–º–∏ –≤—Å–µ–º –º–∞—Å—Ç–µ—Ä—Å–∫–∏–º–∏ –∏ –ª–∞–≤–∫–∞–º–∏.
–£–¥–∞—á–Ω–æ–µ –º–µ—Å—Ç–æ –¥–µ—Ä–µ–≤–Ω–∏ –≤ –Ω–µ–∑–∞–ø–∞–º—è—Ç–Ω—ã–µ –≤—Ä–µ–º–µ–Ω–∞ –ø—Ä–∏–≤–ª–µ–∫–ª–æ —Å—é–¥–∞ —Ç–æ—Ä–≥–æ–≤—Ü–µ–≤ –∏
–º–∞—Å—Ç–µ—Ä–æ–≤—ã—Ö, –∏ —Å —Ç–µ—Ö –ø–æ—Ä –ø–æ–≤–µ–ª–æ—Å—å, —á—Ç–æ –≤ —ç—Ç–æ–π —á–∞—Å—Ç–∏ –¥–µ—Ä–µ–≤–Ω–∏ —Å—Ç–æ—è—Ç –±–æ–ª—å—à–∏–µ –∏
–±–æ–≥–∞—Ç—ã–µ –¥–æ–º–∞. –°–æ –≤—Å–µ–π –æ–∫—Ä—É–≥–∏ –∏ –¥–∞–∂–µ –∏–∑ –¥–∞–ª–µ–∫–æ–π –≥–ª—É—à–∏ –ø—Ä–∏—Ö–æ–¥—è—Ç –ª—é–¥–∏ —Å—é–¥–∞
–∑–∞ —Ç–æ–≤–∞—Ä–æ–º –∫—É–ø–∏—Ç—å —á—Ç–æ, –ø—Ä–æ–¥–∞—Ç—å —á—Ç–æ, –∑–∞–∫–∞–∑–∞—Ç—å —á—Ç–æ.
[0;36m[ Exits: n s w ][0;37m
[1;33m–õ—É–∂–∏—Ü–∞ –¥–æ–∂–¥–µ–≤–æ–π –≤–æ–¥—ã —Ä–∞–∑–ª–∏—Ç–∞ —É –≤–∞—à–∏—Ö –Ω–æ–≥.
[1;31m–ë–∞–∑–∞—Ä–Ω—ã–π –∑–∞–∑—ã–≤–∞–ª–∞ —Å—Ç–æ–∏—Ç –∑–¥–µ—Å—å, –∑—ã—á–Ω—ã–º –≥–æ–ª–æ—Å–æ–º —Ä–∞—Å—Ö–≤–∞–ª–∏–≤–∞—è –≤—ã—Å—Ç–∞–≤–ª–µ–Ω–Ω—ã–π —Ç–æ–≤–∞—Ä.
[0;0m
[0;32m276H[0;37m [0;32m117M[0;37m 41921–æ –ó–∞—É—á:0 –í—ã—Ö:–°–Æ–ó> ˇ˘–í—ã –ø–æ–ø–ª–µ–ª–∏—Å—å –Ω–∞ —é–≥.
[1;36m–ü–µ—Ä–µ–¥ –∫–æ–Ω—é—à–Ω–µ–π [5003][0;37m
   –¶–µ–Ω—Ç—Ä–∞–ª—å–Ω–∞—è —á–∞—Å—Ç—å –¥–µ—Ä–µ–≤–Ω–∏ –∑–∞–ø–æ–ª–Ω–µ–Ω–∞ –Ω—É–∂–Ω—ã–º–∏ –≤—Å–µ–º –º–∞—Å—Ç–µ—Ä—Å–∫–∏–º–∏ –∏ –ª–∞–≤–∫–∞–º–∏.
–£–¥–∞—á–Ω–æ–µ –º–µ—Å—Ç–æ –¥–µ—Ä–µ–≤–Ω–∏ –≤ –Ω–µ–∑–∞–ø–∞–º—è—Ç–Ω—ã–µ –≤—Ä–µ–º–µ–Ω–∞ –ø—Ä–∏–≤–ª–µ–∫–ª–æ —Å—é–¥–∞ —Ç–æ—Ä–≥–æ–≤—Ü–µ–≤ –∏
–º–∞—Å—Ç–µ—Ä–æ–≤—ã—Ö, –∏ —Å —Ç–µ—Ö –ø–æ—Ä –ø–æ–≤–µ–ª–æ—Å—å, —á—Ç–æ –≤ —ç—Ç–æ–π —á–∞—Å—Ç–∏ –¥–µ—Ä–µ–≤–Ω–∏ —Å—Ç–æ—è—Ç –±–æ–ª—å—à–∏–µ –∏
–±–æ–≥–∞—Ç—ã–µ –¥–æ–º–∞. –°–æ –≤—Å–µ–π –æ–∫—Ä—É–≥–∏ –∏ –¥–∞–∂–µ –∏–∑ –¥–∞–ª–µ–∫–æ–π –≥–ª—É—à–∏ –ø—Ä–∏—Ö–æ–¥—è—Ç –ª—é–¥–∏ —Å—é–¥–∞
–∑–∞ —Ç–æ–≤–∞—Ä–æ–º –∫—É–ø–∏—Ç—å —á—Ç–æ, –ø—Ä–æ–¥–∞—Ç—å —á—Ç–æ, –∑–∞–∫–∞–∑–∞—Ç—å —á—Ç–æ.
[0;36m[ Exits: n e s w ][0;37m
[1;33m[1;31m[0;0m
[0;32m276H[0;37m [0;32m117M[0;37m 41921–æ –ó–∞—É—á:0 –í—ã—Ö:–°–í–Æ–ó> ˇ˘–í—ã –ø–æ–ø–ª–µ–ª–∏—Å—å –Ω–∞ –∑–∞–ø–∞–¥.
[1;36m–õ–∞–≤–∫–∞ [5007][0;37m
   –ß–µ–≥–æ —Ç–æ–ª—å–∫–æ –Ω–µ —Ä–∞–∑–ª–æ–∂–µ–Ω–æ –Ω–∞ –ø—Ä–∏–ª–∞–≤–∫–µ, –∑–¥–µ—Å—å —Ç–µ–±–µ –∏ –º–µ—Å—Ç–Ω—ã–µ —Ç–æ–≤–∞—Ä—ã –∏
–∑–∞–º–æ—Ä—Å–∫–∏–µ —á—É–¥–∞, –∏ –ø—Ä–æ—Å—Ç–∞—è –æ–¥–µ–∂–¥–∞ –∏ –±–æ–≥–∞—Ç–∞—è. –ù–∞–π–¥—É—Ç—Å—è –¥–æ—Å–ø–µ—Ö–∏ –¥–ª—è –≤–æ–∏–Ω–∞
–∏ —É–∫—Ä–∞—à–µ–Ω–∏—è –¥–ª—è –º–∏–ª—ã—Ö. –†–µ–º–µ—Å–ª–µ–Ω–Ω–∏–∫ –Ω–µ —Ç–æ–ª—å–∫–æ –ø—Ä–æ–¥–∞–µ—Ç —Å–≤–æ–π —Ç–æ–≤–∞—Ä, –Ω–æ –∏
—á–∏–Ω–∏—Ç –ø–æ—Ç—Ä–µ–ø–∞–Ω–Ω–æ–µ –∏ –ø–æ–∫—É–ø–∞–µ—Ç –Ω–µ–Ω—É–∂–Ω–æ–µ.
[0;36m[ Exits: e ][0;37m
[1;33m[1;31m–õ–∞–≤–æ—á–Ω–∏–∫ —Å—Ç–æ–∏—Ç —Ç—É—Ç.
[0;0m
[0;32m276H[0;37m [0;32m117M[0;37m 41921–æ –ó–∞—É—á:0 –í—ã—Ö:–í> ˇ˘ ##    –î–æ—Å—Ç—É–ø–Ω–æ   –ü—Ä–µ–¥–º–µ—Ç                                      –¶–µ–Ω–∞ (–∫—É–Ω—ã)
---------------------------------------------------------------------------
   1)     –ù–∞–≤–∞–ª–æ–º  —Å–µ—Ä–º—è–∂–Ω–∞—è –∫—É—Ä—Ç–∫–∞                                    30
   2)     –ù–∞–≤–∞–ª–æ–º  —Å–µ—Ä–º—è–∂–Ω–∞—è —à–∞–ø–∫–∞                                     12
   3)     –ù–∞–≤–∞–ª–æ–º  —Å–µ—Ä–º—è–∂–Ω—ã–µ —à—Ç–∞–Ω—ã                                     20
   4)     –ù–∞–≤–∞–ª–æ–º  –≥—Ä—É–±—ã–µ –ª–∞–ø—Ç–∏                                        15
   5)     –ù–∞–≤–∞–ª–æ–º  —Å–µ—Ä–º—è–∂–Ω—ã–µ —Ä—É–∫–∞–≤–∏—Ü—ã                                  12
   6)     –ù–∞–≤–∞–ª–æ–º  —Å–µ—Ä–º—è–∂–Ω—ã–µ —Ä—É–∫–∞–≤–∞                                    15
   7)     –ù–∞–≤–∞–ª–æ–º  —Å–µ—Ä–º—è–∂–Ω–∞—è –Ω–∞–∫–∏–¥–∫–∞                                   30
   8)     –ù–∞–≤–∞–ª–æ–º  —Å–µ—Ä–º—è–∂–Ω—ã–π –ø–æ—è—Å                                      12
   9)     –ù–∞–≤–∞–ª–æ–º  —É—á–µ–±–Ω–∞—è –Ω–∏—Ç—å                                        10
  10)     –ù–∞–≤–∞–ª–æ–º  —É—á–µ–±–Ω–∞—è –ø—É–≥–æ–≤–∏—Ü–∞                                    50
  11)     –ù–∞–≤–∞–ª–æ–º  –∫–æ–∂–∞–Ω–∞—è –∫—É—Ä—Ç–∫–∞                                      40
  12)     –ù–∞–≤–∞–ª–æ–º  –∫–æ–∂–∞–Ω–∞—è —à–∞–ø–∫–∞                                       15
  13)     –ù–∞–≤–∞–ª–æ–º  –∫–æ–∂–∞–Ω—ã–µ –ø–æ—Ä—Ç–∫–∏                                      25
  14)     –ù–∞–≤–∞–ª–æ–º  –∫–æ–∂–∞–Ω—ã–µ —Å–∞–ø–æ–≥–∏                                      20
  15)     –ù–∞–≤–∞–ª–æ–º  –∫–æ–∂–∞–Ω—ã–µ –ø–µ—Ä—á–∞—Ç–∫–∏                                    15
  16)     –ù–∞–≤–∞–ª–æ–º  –∫–æ–∂–∞–Ω—ã–µ —Ä—É–∫–∞–≤–∞                                      20
  17)     –ù–∞–≤–∞–ª–æ–º  –∫–æ–∂–∞–Ω—ã–π –ø–ª–∞—â                                        40
  18)     –ù–∞–≤–∞–ª–æ–º  –∫–æ–∂–∞–Ω—ã–π –ø–æ—è—Å                                        15
  19)     –ù–∞–≤–∞–ª–æ–º  –ø—Ä–æ—Å—Ç–æ–π —â–∏—Ç                                         20
  20)     –ù–∞–≤–∞–ª–æ–º  –∫–æ–∂–∞–Ω–∞—è —Ñ–ª—è–≥–∞ —Å –≤–æ–¥–æ–π                                2
  21)     –ù–∞–≤–∞–ª–æ–º  –º–∞–ª—ã–π –º–µ—Ö —Å –≤–æ–¥–æ–π                                    2
  22)     –ù–∞–≤–∞–ª–æ–º  —Å–≤–µ—á–∫–∞                                               1
  23)     –ù–∞–≤–∞–ª–æ–º  —Ö–æ–ª—â–æ–≤—ã–π –º–µ—à–æ–∫                                      10
  24)     –ù–∞–≤–∞–ª–æ–º  –≥—É—Å–∏–Ω–æ–µ –ø–µ—Ä–æ                                         5
  25)     –ù–∞–≤–∞–ª–æ–º  –ª–∏—Å—Ç –≥–ª–∞–¥–∫–æ–π –±–µ—Ä–µ—Å—Ç—ã                                 5
  26)     –ù–∞–≤–∞–ª–æ–º  –∫–æ—Å—Ç—è–Ω—ã–µ –±–∞–±–∫–∏                                      30
  27)           1  –ø—É–¥–æ–≤—ã–π –ø–æ—è—Å –±–æ–≥–∞—Ç—ã—Ä—Å–∫–∏–π                           300
  28)           4  —Ä—ã–±—å—è –∫–æ—Å—Ç—å                                         30
  29)           2  –µ–∂–æ–≤–∞—è –∏–≥–æ–ª–∫–∞                                       50
  30)           1  –∑–æ–ª–æ—Ç–æ–π –æ—à–µ–π–Ω–∏–∫ —Å –±—É–±–µ–Ω—Ü–∞–º–∏                        200

–õ–∏—Å—Ç–∞—Ç—å : <RETURN>, Q<–ö>–æ–Ω–µ—Ü, R<–ü>–æ–≤—Ç–æ—Ä, B<–ù>–∞–∑–∞–¥, –∏–ª–∏ –Ω–æ–º–µ—Ä —Å—Ç—Ä–∞–Ω–∏—Ü—ã (1/2).ˇ˘
[0;32m276H[0;37m [0;32m118M[0;37m 41921–æ –ó–∞—É—á:0 –í—ã—Ö:–í> ˇ˘[1;36m–õ–∞–≤–æ—á–Ω–∏–∫ —Å–∫–∞–∑–∞–ª –≤–∞–º : '–≠—Ç–æ –±—É–¥–µ—Ç —Å—Ç–æ–∏—Ç—å 10 –∫—É–Ω.'[0;37m
–¢–µ–ø–µ—Ä—å –≤—ã —Å—Ç–∞–ª–∏ —Å—á–∞—Å—Ç–ª–∏–≤—ã–º –æ–±–ª–∞–¥–∞—Ç–µ–ª–µ–º —Ö–æ–ª—â–æ–≤–æ–≥–æ –º–µ—à–∫–∞.

[0;32m276H[0;37m [0;32m118M[0;37m 41921–æ –ó–∞—É—á:0 –í—ã—Ö:–í> ˇ˘–ü—Ä–æ—Å—Ç–æ–π —Ö–æ–ª—â–æ–≤—ã–π –º–µ—à–æ–∫ —Å –ª—è–º–∫–æ–π, —á—Ç–æ–± –≤–µ—à–∞—Ç—å –Ω–∞ –ø–ª–µ—á–æ.

–ú–æ–∂–Ω–æ –Ω–∞–¥–µ—Ç—å –Ω–∞ –ø–ª–µ—á–∏.
–ú–æ–∂–Ω–æ –Ω–∞–¥–µ—Ç—å –Ω–∞ –ø–æ—è—Å.
–°–æ—Å—Ç–æ—è–Ω–∏–µ: –∏–¥–µ–∞–ª—å–Ω–æ.
—Ö–æ–ª—â–æ–≤—ã–π –º–µ—à–æ–∫(–≤ —Ä—É–∫–∞—Ö)
 –í–Ω—É—Ç—Ä–∏ –Ω–∏—á–µ–≥–æ –Ω–µ—Ç.

[0;32m276H[0;37m [0;32m118M[0;37m 41921–æ –ó–∞—É—á:0 –í—ã—Ö:–í> ˇ˘–í—ã –ø–æ–ø–ª–µ–ª–∏—Å—å –Ω–∞ –≤–æ—Å—Ç–æ–∫.
[1;36m–ü–µ—Ä–µ–¥ –∫–æ–Ω—é—à–Ω–µ–π [5003][0;37m
   –¶–µ–Ω—Ç—Ä–∞–ª—å–Ω–∞—è —á–∞—Å—Ç—å –¥–µ—Ä–µ–≤–Ω–∏ –∑–∞–ø–æ–ª–Ω–µ–Ω–∞ –Ω—É–∂–Ω—ã–º–∏ –≤—Å–µ–º –º–∞—Å—Ç–µ—Ä—Å–∫–∏–º–∏ –∏ –ª–∞–≤–∫–∞–º–∏.
–£–¥–∞—á–Ω–æ–µ –º–µ—Å—Ç–æ –¥–µ—Ä–µ–≤–Ω–∏ –≤ –Ω–µ–∑–∞–ø–∞–º—è—Ç–Ω—ã–µ –≤—Ä–µ–º–µ–Ω–∞ –ø—Ä–∏–≤–ª–µ–∫–ª–æ —Å—é–¥–∞ —Ç–æ—Ä–≥–æ–≤—Ü–µ–≤ –∏
–º–∞—Å—Ç–µ—Ä–æ–≤—ã—Ö, –∏ —Å —Ç–µ—Ö –ø–æ—Ä –ø–æ–≤–µ–ª–æ—Å—å, —á—Ç–æ –≤ —ç—Ç–æ–π —á–∞—Å—Ç–∏ –¥–µ—Ä–µ–≤–Ω–∏ —Å—Ç–æ—è—Ç –±–æ–ª—å—à–∏–µ –∏
–±–æ–≥–∞—Ç—ã–µ –¥–æ–º–∞. –°–æ –≤—Å–µ–π –æ–∫—Ä—É–≥–∏ –∏ –¥–∞–∂–µ –∏–∑ –¥–∞–ª–µ–∫–æ–π –≥–ª—É—à–∏ –ø—Ä–∏—Ö–æ–¥—è—Ç –ª—é–¥–∏ —Å—é–¥–∞
–∑–∞ —Ç–æ–≤–∞—Ä–æ–º –∫—É–ø–∏—Ç—å —á—Ç–æ, –ø—Ä–æ–¥–∞—Ç—å —á—Ç–æ, –∑–∞–∫–∞–∑–∞—Ç—å —á—Ç–æ.
[0;36m[ Exits: n e s w ][0;37m
[1;33m[1;31m[0;0m
[0;32m276H[0;37m [0;32m117M[0;37m 41921–æ –ó–∞—É—á:0 –í—ã—Ö:–°–í–Æ–ó> ˇ˘–í—ã –ø–æ–ø–ª–µ–ª–∏—Å—å –Ω–∞ —Å–µ–≤–µ—Ä.
[1;36m–¶–µ–Ω—Ç—Ä –¥–µ—Ä–µ–≤–Ω–∏ [5004][0;37m
   –¶–µ–Ω—Ç—Ä–∞–ª—å–Ω–∞—è —á–∞—Å—Ç—å –¥–µ—Ä–µ–≤–Ω–∏ –∑–∞–ø–æ–ª–Ω–µ–Ω–∞ –Ω—É–∂–Ω—ã–º–∏ –≤—Å–µ–º –º–∞—Å—Ç–µ—Ä—Å–∫–∏–º–∏ –∏ –ª–∞–≤–∫–∞–º–∏.
–£–¥–∞—á–Ω–æ–µ –º–µ—Å—Ç–æ –¥–µ—Ä–µ–≤–Ω–∏ –≤ –Ω–µ–∑–∞–ø–∞–º—è—Ç–Ω—ã–µ –≤—Ä–µ–º–µ–Ω–∞ –ø—Ä–∏–≤–ª–µ–∫–ª–æ —Å—é–¥–∞ —Ç–æ—Ä–≥–æ–≤—Ü–µ–≤ –∏
–º–∞—Å—Ç–µ—Ä–æ–≤—ã—Ö, –∏ —Å —Ç–µ—Ö –ø–æ—Ä –ø–æ–≤–µ–ª–æ—Å—å, —á—Ç–æ –≤ —ç—Ç–æ–π —á–∞—Å—Ç–∏ –¥–µ—Ä–µ–≤–Ω–∏ —Å—Ç–æ—è—Ç –±–æ–ª—å—à–∏–µ –∏
–±–æ–≥–∞—Ç—ã–µ –¥–æ–º–∞. –°–æ –≤—Å–µ–π –æ–∫—Ä—É–≥–∏ –∏ –¥–∞–∂–µ –∏–∑ –¥–∞–ª–µ–∫–æ–π –≥–ª—É—à–∏ –ø—Ä–∏—Ö–æ–¥—è—Ç –ª—é–¥–∏ —Å—é–¥–∞
–∑–∞ —Ç–æ–≤–∞—Ä–æ–º –∫—É–ø–∏—Ç—å —á—Ç–æ, –ø—Ä–æ–¥–∞—Ç—å —á—Ç–æ, –∑–∞–∫–∞–∑–∞—Ç—å —á—Ç–æ.
[0;36m[ Exits: n s w ][0;37m
[1;33m[1;31m–ë–∞–∑–∞—Ä–Ω—ã–π –∑–∞–∑—ã–≤–∞–ª–∞ —Å—Ç–æ–∏—Ç –∑–¥–µ—Å—å, –∑—ã—á–Ω—ã–º –≥–æ–ª–æ—Å–æ–º —Ä–∞—Å—Ö–≤–∞–ª–∏–≤–∞—è –≤—ã—Å—Ç–∞–≤–ª–µ–Ω–Ω—ã–π —Ç–æ–≤–∞—Ä.
[0;0m
[0;32m276H[0;37m [0;32m116M[0;37m 41921–æ –ó–∞—É—á:0 –í—ã—Ö:–°–Æ–ó> ˇ˘–í—ã –ø–æ–ø–ª–µ–ª–∏—Å—å –Ω–∞ —Å–µ–≤–µ—Ä.
[1;36m–ü–µ—Ä–µ–¥ –ø–æ—Å—Ç–æ—è–ª—ã–º –¥–≤–æ—Ä–æ–º [5005][0;37m
   –ß—É—Ç—å –Ω–µ —Å–ø–æ—Ç–∫–Ω—É–≤—à–∏—Å—å –æ –¥–æ—Å–∫—É, –ª–µ–∂–∞—â—É—é —Å—Ä–∞–∑—É —É –ø–æ—Ä–æ–≥–∞ –ø–æ—Å—Ç–æ—è–ª–æ–≥–æ –¥–≤–æ—Ä–∞,
–≤—ã –æ–∫–∞–∑–∞–ª–∏—Å—å –Ω–∞ —Ü–µ–Ω—Ç—Ä–∞–ª—å–Ω–æ–π —É–ª–∏—Ü–µ –¥–µ—Ä–µ–≤–Ω–∏. –ò–º–µ–Ω–Ω–æ –Ω–∞ —ç—Ç–æ–π —É–ª–∏—Ü–µ –º–æ–∂–Ω–æ 
–±—ã—Å—Ç—Ä–æ –Ω–∞–π—Ç–∏ –ª–∞–≤–∫—É —Ä–µ–º–µ—Å–ª–µ–Ω–Ω–∏–∫–∞, –¥–æ–º –∑–Ω–∞—Ö–∞—Ä—è, –∫–æ–Ω—é—à–Ω—é –∏ –¥–æ–º —Å—Ç–∞—Ä–µ–π—à–∏–Ω—ã.
–í —é–∂–Ω–æ–π —á–∞—Å—Ç–∏ –¥–µ—Ä–µ–≤–Ω–∏ –ø–æ—Å–µ–ª–∏–ª–∏—Å—å –≤–æ—Ä–æ–∂–µ–∏.
[0;36m[ Exits: n e s w ][0;37m
[1;33m[1;31m–ò–Ω–æ–∑–µ–º–µ—Ü —Å—Ç–æ–∏—Ç –∑–¥–µ—Å—å.
–ú–µ—Å—Ç–Ω–∞—è –∂–∏—Ç–µ–ª—å–Ω–∏—Ü–∞ –∏–¥–µ—Ç –ø–æ —Å–≤–æ–∏–º –¥–µ–ª–∞–º.
–ú–µ—Å—Ç–Ω—ã–π –∂–∏—Ç–µ–ª—å –∏–¥–µ—Ç –∑–¥–µ—Å—å.
[0;0m[1;36m–ò–Ω–æ–∑–µ–º–µ—Ü —Å–∫–∞–∑–∞–ª –≤–∞–º : '–ù–µ –ø–æ–¥—Å–∫–∞–∂–µ—Ç–µ, –ª—é–¥–∏ –¥–æ–±—Ä—ã–µ, –∫–∞–∫ –¥–æ–±—Ä–∞—Ç—å—Å—è –¥–æ –ö–∏–µ–≤–∞?'[0;37m
[1;30m–ò–Ω–æ–∑–µ–º–µ—Ü –æ—â–µ—Ä–∏–ª –∑—É–±—ã –≤ –≥–Ω—É—Å–Ω–æ–π —É—Ö–º—ã–ª–∫–µ.[0;0m

[0;32m276H[0;37m [0;32m116M[0;37m 41921–æ –ó–∞—É—á:0 –í—ã—Ö:–°–í–Æ–ó> ˇ˘–í—ã –ø–æ–ø–ª–µ–ª–∏—Å—å –Ω–∞ –≤–æ—Å—Ç–æ–∫.
[1;36m–ü–æ—Å—Ç–æ—è–ª—ã–π –¥–≤–æ—Ä [5001][0;37m
   –î–µ—Ä–µ–≤–Ω—è —Ö–æ—Ç—å –∏ –Ω–µ–±–æ–ª—å—à–∞—è, –Ω–æ –ø–æ—Å—Ç–æ—è–ª—ã–π –¥–≤–æ—Ä –∏–º–µ–µ—Ç—Å—è, –¥–ª—è –∑–∞–µ–∑–∂–∏—Ö –≥–æ—Å—Ç–µ–π,
—á—Ç–æ–±—ã –±—ã–ª–æ –≥–¥–µ –ø–µ—Ä–µ–≤–µ—Å—Ç–∏ –¥—É—Ö, –µ–¥–æ–π –∏ –ø–∏—Ç—å–µ–º –∑–∞–ø–∞—Å—Ç–∏—Å—å. –ê –µ—Å–ª–∏ –Ω–∞ –¥–≤–æ—Ä–µ —É–∂
–Ω–æ—á—å –∏–ª—å –ø—Ä–æ—Å—Ç–æ –Ω–∞–¥–æ –æ—Å—Ç–∞–Ω–æ–≤–∏—Ç—Å—è –Ω–∞ –¥–µ–Ω—å –¥—Ä—É–≥–æ–π –≤ –¥–µ—Ä–µ–≤–Ω–µ, –∞ —Ä–æ–¥—Å—Ç–≤–µ–Ω–Ω–∏–∫–æ–≤
–Ω–µ—Ç, —Ç–∞–∫ –º–æ–∂–Ω–æ –∏ –ø–µ—Ä–µ–Ω–æ—á–µ–≤–∞—Ç—å –≤ –≥–æ—Ä–Ω–∏—Ü–∞—Ö –Ω–∞–≤–µ—Ä—Ö—É.
[0;36m[ Exits: w u ][0;37m
[1;33m[1;31m–°–µ–¥–æ–≤–ª–∞—Å—ã–π —Å–∫–∞–∑–∏—Ç–µ–ª—å –≥–æ—Ç–æ–≤ –ø–æ–¥–µ–ª–∏—Ç—å—Å—è —Å –í–∞–º–∏ –∏–Ω—Ç–µ—Ä–µ—Å–Ω–æ–π –∏—Å—Ç–æ—Ä–∏–µ–π.
–¢—Ä–∞–∫—Ç–∏—Ä—â–∏–∫ –æ—Ç–¥—ã—Ö–∞–µ—Ç –∑–∞ —Å—Ç–æ–π–∫–æ–π.
[0;0m
[0;32m276H[0;37m [0;32m116M[0;37m 41921–æ –ó–∞—É—á:0 –í—ã—Ö:–ó^> ˇ˘ ##    –î–æ—Å—Ç—É–ø–Ω–æ   –ü—Ä–µ–¥–º–µ—Ç                                      –¶–µ–Ω–∞ (–∫—É–Ω—ã)
---------------------------------------------------------------------------
   1)     –ù–∞–≤–∞–ª–æ–º  –ª–æ–º–æ—Ç—å —Ö–ª–µ–±–∞                                         1
   2)     –ù–∞–≤–∞–ª–æ–º  –∫—Ä–∞—é—Ö–∞ –ø—à–µ–Ω–∏—á–Ω–æ–≥–æ —Ö–ª–µ–±–∞                              1
   3)     –ù–∞–≤–∞–ª–æ–º  –ø—à–µ–Ω–∏—á–Ω—ã–π –∫–∞—Ä–∞–≤–∞–π                                   20
   4)     –ù–∞–≤–∞–ª–æ–º  –∫—Ä–∞—é—Ö–∞ —Ä–∂–∞–Ω–æ–≥–æ —Ö–ª–µ–±–∞                                 1
   5)     –ù–∞–≤–∞–ª–æ–º  —Ä–∂–∞–Ω–æ–π –∫–∞—Ä–∞–≤–∞–π                                      20
   6)     –ù–∞–≤–∞–ª–æ–º  –≥–æ—Ä—Å—Ç–æ—á–∫–∞ –∫–∞–ª–µ–Ω—ã—Ö –ª–µ—Å–Ω—ã—Ö –æ—Ä–µ—Ö–æ–≤                     10
   7)     –ù–∞–≤–∞–ª–æ–º  –ø—Ä–∏–≥–æ—Ä—à–Ω—è –±—Ä—É—Å–Ω–∏–∫–∏                                  12
   8)     –ù–∞–≤–∞–ª–æ–º  –≥–æ—Ä—Å—Ç—å –∑–µ–º–ª—è–Ω–∏–∫–∏                                    12
   9)     –ù–∞–≤–∞–ª–æ–º  –≥–æ—Ä—Å—Ç–æ—á–∫–∞ –º–∞–ª–∏–Ω—ã                                    12
  10)     –ù–∞–≤–∞–ª–æ–º  –≥–æ—Ä—Å—Ç–æ—á–∫–∞ –µ–∂–µ–≤–∏–∫–∏                                   12
  11)     –ù–∞–≤–∞–ª–æ–º  –ø—Ä–∏–≥–æ—Ä—à–Ω—è –≤–∏—à–Ω–∏                                     14
  12)     –ù–∞–≤–∞–ª–æ–º  –≥–æ—Ä—Å—Ç–æ—á–∫–∞ —á–µ—Ä–Ω–∏–∫–∏                                   14
  13)     –ù–∞–≤–∞–ª–æ–º  –ø—Ä–∏–≥–æ—Ä—à–Ω—è —Å–º–æ—Ä–æ–¥–∏–Ω—ã                                 12
  14)     –ù–∞–≤–∞–ª–æ–º  –≥–æ—Ä—Å—Ç—å –∫—Ä—ã–∂–æ–≤–Ω–∏–∫–∞                                   12
  15)     –ù–∞–≤–∞–ª–æ–º  –ª—É–∫–æ–≤–∏—Ü–∞                                             9
  16)     –ù–∞–≤–∞–ª–æ–º  –º–æ—Ä–∫–æ–≤–∫–∞                                             9
  17)     –ù–∞–≤–∞–ª–æ–º  –≥–æ—Ä—Å—Ç—å —Å–ª–∞–¥–∫–æ–≥–æ –≥–æ—Ä–æ—Ö–∞                               9
  18)     –ù–∞–≤–∞–ª–æ–º  —Å–æ–ª–µ–Ω—ã–µ —Ä—ã–∂–∏–∫–∏                                      12
  19)     –ù–∞–≤–∞–ª–æ–º  –º–∞—Ä–∏–Ω–æ–≤–∞–Ω—ã–µ –≥—Ä—É–∑–¥–∏                                  15
  20)     –ù–∞–≤–∞–ª–æ–º  —Å–≤—è–∑–∫–∞ —Å—É—à–µ–Ω—ã—Ö –±–µ–ª—ã—Ö –≥—Ä–∏–±–æ–≤                         25
  21)     –ù–∞–≤–∞–ª–æ–º  –≤—è–ª–µ–Ω—ã–π –ª–µ—â                                         10
  22)     –ù–∞–≤–∞–ª–æ–º  –∫–æ–ø—á–µ–Ω—ã–π —Å—É–¥–∞–∫                                     150
  23)     –ù–∞–≤–∞–ª–æ–º  —Å—É—à–µ–Ω—ã–π –µ–ª–µ—Ü                                         2
  24)     –ù–∞–≤–∞–ª–æ–º  –∂–∞—Ä–µ–Ω—ã–π —Å–∞–∑–∞–Ω                                       50
  25)     –ù–∞–≤–∞–ª–æ–º  –ø–µ—á–µ–Ω–∞—è —Ä–µ–ø–∞                                        20
  26)     –ù–∞–≤–∞–ª–æ–º  –ø–∞—Ä–µ–Ω–∞—è –≤ –º–µ–¥—É —Ä–µ–ø–∞                                 30
  27)     –ù–∞–≤–∞–ª–æ–º  –º–æ—á–µ–Ω—ã–µ —è–±–ª–æ–∫–∏                                      14
  28)     –ù–∞–≤–∞–ª–æ–º  –∑–∞–ø–µ–∫–∞–Ω–∫–∞ —Å —Ç—ã–∫–≤–æ–π                                  45
  29)     –ù–∞–≤–∞–ª–æ–º  –ø–æ–ª–±—è–Ω–∞—è –∫–∞—à–∞                                       20
  30)     –ù–∞–≤–∞–ª–æ–º  –ø—à–µ–Ω–∏—á–Ω–∞—è –∫–∞—à–∞                                      20

–õ–∏—Å—Ç–∞—Ç—å : <RETURN>, Q<–ö>–æ–Ω–µ—Ü, R<–ü>–æ–≤—Ç–æ—Ä, B<–ù>–∞–∑–∞–¥, –∏–ª–∏ –Ω–æ–º–µ—Ä —Å—Ç—Ä–∞–Ω–∏—Ü—ã (1/2).ˇ˘
[0;32m276H[0;37m [0;32m118M[0;37m 41921–æ –ó–∞—É—á:0 –í—ã—Ö:–ó^> ˇ˘[1;36m–¢—Ä–∞–∫—Ç–∏—Ä—â–∏–∫ —Å–∫–∞–∑–∞–ª –≤–∞–º : '–≠—Ç–æ –±—É–¥–µ—Ç —Å—Ç–æ–∏—Ç—å 6 –∫—É–Ω.'[0;37m
–¢–µ–ø–µ—Ä—å –≤—ã —Å—Ç–∞–ª–∏ —Å—á–∞—Å—Ç–ª–∏–≤—ã–º –æ–±–ª–∞–¥–∞—Ç–µ–ª–µ–º –ª–æ–º—Ç—è —Ö–ª–µ–±–∞ (x 6 —à—Ç—É–∫).

[0;32m276H[0;37m [0;32m118M[0;37m 41921–æ –ó–∞—É—á:0 –í—ã—Ö:–ó^> ˇ˘–í—ã –ø–æ–ª–æ–∂–∏–ª–∏ –ª–æ–º–æ—Ç—å —Ö–ª–µ–±–∞ –≤ —Ö–æ–ª—â–æ–≤—ã–π –º–µ—à–æ–∫.
–í—ã –ø–æ–ª–æ–∂–∏–ª–∏ –ª–æ–º–æ—Ç—å —Ö–ª–µ–±–∞ –≤ —Ö–æ–ª—â–æ–≤—ã–π –º–µ—à–æ–∫.
–í—ã –ø–æ–ª–æ–∂–∏–ª–∏ –ª–æ–º–æ—Ç—å —Ö–ª–µ–±–∞ –≤ —Ö–æ–ª—â–æ–≤—ã–π –º–µ—à–æ–∫.
–í—ã –ø–æ–ª–æ–∂–∏–ª–∏ –ª–æ–º–æ—Ç—å —Ö–ª–µ–±–∞ –≤ —Ö–æ–ª—â–æ–≤—ã–π –º–µ—à–æ–∫.
–í—ã –ø–æ–ª–æ–∂–∏–ª–∏ –ª–æ–º–æ—Ç—å —Ö–ª–µ–±–∞ –≤ —Ö–æ–ª—â–æ–≤—ã–π –º–µ—à–æ–∫.
–í—ã –ø–æ–ª–æ–∂–∏–ª–∏ –ª–æ–º–æ—Ç—å —Ö–ª–µ–±–∞ –≤ —Ö–æ–ª—â–æ–≤—ã–π –º–µ—à–æ–∫.

[0;32m276H[0;37m [0;32m118M[0;37m 41921–æ –ó–∞—É—á:0 –í—ã—Ö:–ó^> ˇ˘–ü—Ä–æ—Å—Ç–æ–π —Ö–æ–ª—â–æ–≤—ã–π –º–µ—à–æ–∫ —Å –ª—è–º–∫–æ–π, —á—Ç–æ–± –≤–µ—à–∞—Ç—å –Ω–∞ –ø–ª–µ—á–æ.

–ú–æ–∂–Ω–æ –Ω–∞–¥–µ—Ç—å –Ω–∞ –ø–ª–µ—á–∏.
–ú–æ–∂–Ω–æ –Ω–∞–¥–µ—Ç—å –Ω–∞ –ø–æ—è—Å.
–°–æ—Å—Ç–æ—è–Ω–∏–µ: –∏–¥–µ–∞–ª—å–Ω–æ.
—Ö–æ–ª—â–æ–≤—ã–π –º–µ—à–æ–∫(–≤ —Ä—É–∫–∞—Ö)
–ó–∞–ø–æ–ª–Ω–µ–Ω —Å–æ–¥–µ—Ä–∂–∏–º—ã–º –º–µ–Ω—å—à–µ, —á–µ–º –Ω–∞ —á–µ—Ç–≤–µ—Ä—Ç—å :
–ª–æ–º–æ—Ç—å —Ö–ª–µ–±–∞ [6]

[0;32m276H[0;37m [0;32m118M[0;37m 41921–æ –ó–∞—É—á:0 –í—ã—Ö:–ó^> ˇ˘–í—ã –≤–∑—è–ª–∏ –ª–æ–º–æ—Ç—å —Ö–ª–µ–±–∞ –∏–∑ —Ö–æ–ª—â–æ–≤–æ–≥–æ –º–µ—à–∫–∞.
–í—ã –≤–∑—è–ª–∏ –ª–æ–º–æ—Ç—å —Ö–ª–µ–±–∞ –∏–∑ —Ö–æ–ª—â–æ–≤–æ–≥–æ –º–µ—à–∫–∞.
–í—ã –≤–∑—è–ª–∏ –ª–æ–º–æ—Ç—å —Ö–ª–µ–±–∞ –∏–∑ —Ö–æ–ª—â–æ–≤–æ–≥–æ –º–µ—à–∫–∞.
–í—ã –≤–∑—è–ª–∏ –ª–æ–º–æ—Ç—å —Ö–ª–µ–±–∞ –∏–∑ —Ö–æ–ª—â–æ–≤–æ–≥–æ –º–µ—à–∫–∞.
–í—ã –≤–∑—è–ª–∏ –ª–æ–º–æ—Ç—å —Ö–ª–µ–±–∞ –∏–∑ —Ö–æ–ª—â–æ–≤–æ–≥–æ –º–µ—à–∫–∞.
–í—ã –≤–∑—è–ª–∏ –ª–æ–º–æ—Ç—å —Ö–ª–µ–±–∞ –∏–∑ —Ö–æ–ª—â–æ–≤–æ–≥–æ –º–µ—à–∫–∞.

[0;32m276H[0;37m [0;32m118M[0;37m 41921–æ –ó–∞—É—á:0 –í—ã—Ö:–ó^> ˇ˘–ü—Ä–æ—Å—Ç–æ–π —Ö–æ–ª—â–æ–≤—ã–π –º–µ—à–æ–∫ —Å –ª—è–º–∫–æ–π, —á—Ç–æ–± –≤–µ—à–∞—Ç—å –Ω–∞ –ø–ª–µ—á–æ.

–ú–æ–∂–Ω–æ –Ω–∞–¥–µ—Ç—å –Ω–∞ –ø–ª–µ—á–∏.
–ú–æ–∂–Ω–æ –Ω–∞–¥–µ—Ç—å –Ω–∞ –ø–æ—è—Å.
–°–æ—Å—Ç–æ—è–Ω–∏–µ: –∏–¥–µ–∞–ª—å–Ω–æ.
—Ö–æ–ª—â–æ–≤—ã–π –º–µ—à–æ–∫(–≤ —Ä—É–∫–∞—Ö)
 –í–Ω—É—Ç—Ä–∏ –Ω–∏—á–µ–≥–æ –Ω–µ—Ç.

[0;32m276H[0;37m [0;32m118M[0;37m 41921–æ –ó–∞—É—á:0 –í—ã—Ö:–ó^> ˇ˘–í—ã –ø–æ–ª–æ–∂–∏–ª–∏ –ª–æ–º–æ—Ç—å —Ö–ª–µ–±–∞ –≤ —Ö–æ–ª—â–æ–≤—ã–π –º–µ—à–æ–∫.

[0;32m276H[0;37m [0;32m118M[0;37m 41921–æ –ó–∞—É—á:0 –í—ã—Ö:–ó^> ˇ˘
[1;31m–ú–∏–Ω—É–ª —á–∞—Å.[0;37m

[0;32m276H[0;37m [0;32m118M[0;37m 41921–æ –ó–∞—É—á:0 –í—ã—Ö:–ó^> ˇ˘–ü—Ä–æ—Å—Ç–æ–π —Ö–æ–ª—â–æ–≤—ã–π –º–µ—à–æ–∫ —Å –ª—è–º–∫–æ–π, —á—Ç–æ–± –≤–µ—à–∞—Ç—å –Ω–∞ –ø–ª–µ—á–æ.

–ú–æ–∂–Ω–æ –Ω–∞–¥–µ—Ç—å –Ω–∞ –ø–ª–µ—á–∏.
–ú–æ–∂–Ω–æ –Ω–∞–¥–µ—Ç—å –Ω–∞ –ø–æ—è—Å.
–°–æ—Å—Ç–æ—è–Ω–∏–µ: –∏–¥–µ–∞–ª—å–Ω–æ.
—Ö–æ–ª—â–æ–≤—ã–π –º–µ—à–æ–∫(–≤ —Ä—É–∫–∞—Ö)
–ó–∞–ø–æ–ª–Ω–µ–Ω —Å–æ–¥–µ—Ä–∂–∏–º—ã–º –º–µ–Ω—å—à–µ, —á–µ–º –Ω–∞ —á–µ—Ç–≤–µ—Ä—Ç—å :
–ª–æ–º–æ—Ç—å —Ö–ª–µ–±–∞  [1;37m<–≤–µ–ª–∏–∫–æ–ª–µ–ø–Ω–æ>[0;37m

[0;32m276H[0;37m [0;32m118M[0;37m 41921–æ –ó–∞—É—á:0 –í—ã—Ö:–ó^> ˇ˘–í—ã –ø–æ–ª–æ–∂–∏–ª–∏ –ª–æ–º–æ—Ç—å —Ö–ª–µ–±–∞ –≤ —Ö–æ–ª—â–æ–≤—ã–π –º–µ—à–æ–∫.
–í—ã –ø–æ–ª–æ–∂–∏–ª–∏ –ª–æ–º–æ—Ç—å —Ö–ª–µ–±–∞ –≤ —Ö–æ–ª—â–æ–≤—ã–π –º–µ—à–æ–∫.
–í—ã –ø–æ–ª–æ–∂–∏–ª–∏ –ª–æ–º–æ—Ç—å —Ö–ª–µ–±–∞ –≤ —Ö–æ–ª—â–æ–≤—ã–π –º–µ—à–æ–∫.
–í—ã –ø–æ–ª–æ–∂–∏–ª–∏ –ª–æ–º–æ—Ç—å —Ö–ª–µ–±–∞ –≤ —Ö–æ–ª—â–æ–≤—ã–π –º–µ—à–æ–∫.
–í—ã –ø–æ–ª–æ–∂–∏–ª–∏ –ª–æ–º–æ—Ç—å —Ö–ª–µ–±–∞ –≤ —Ö–æ–ª—â–æ–≤—ã–π –º–µ—à–æ–∫.

[0;32m276H[0;37m [0;32m118M[0;37m 41921–æ –ó–∞—É—á:0 –í—ã—Ö:–ó^> ˇ˘–í—ã –ì–µ–Ω–æ–¥ (–†—É—Å–∏—á, –ü–æ–ª—è–Ω–∏–Ω, –Ø–∑—ã—á–Ω–∏–∫, –¥—Ä—É–∂–∏–Ω–Ω–∏–∫ 10 —É—Ä–æ–≤–Ω—è).
–°–µ–π—á–∞—Å –≤–∞–º 20 –ª–µ—Ç. 
–í—ã –º–æ–∂–µ—Ç–µ –≤—ã–¥–µ—Ä–∂–∞—Ç—å 276(276) –µ–¥–∏–Ω–∏—Ü –ø–æ–≤—Ä–µ–∂–¥–µ–Ω–∏—è, –∏ –ø—Ä–æ–π—Ç–∏ 118(118) –≤–µ—Ä—Å—Ç –ø–æ —Ä–æ–≤–Ω–æ–π –º–µ—Å—Ç–Ω–æ—Å—Ç–∏.
[1;36m–í–∞—à–∏ —Ö–∞—Ä–∞–∫—Ç–µ—Ä–∏—Å—Ç–∏–∫–∏ :
  –°–∏–ª–∞ : 23(23)  –ü–æ–¥–≤ : 17(19)  –¢–µ–ª–æ : 23(23)  –ú—É–¥—Ä : 10(10)  –£–º   : 10(10)  –û–±–∞—è–Ω: 12(12)
  –†–∞–∑–º–µ—Ä  50( 50)  –†–æ—Å—Ç   171(171)  –í–µ—Å    144(144)[0;37m
[1;32m–í–∞—à–∏ –±–æ–µ–≤—ã–µ –∫–∞—á–µ—Å—Ç–≤–∞ :
  –ó–∞—â–∏—Ç–∞  (AC)     :    4 - [1;31m–û—á–µ–Ω—å —Å–ª–∞–±–∞—è –∑–∞—â–∏—Ç–∞[1;32m
  –ë—Ä–æ–Ω—è/–ü–æ–≥–ª–æ—â–µ–Ω–∏–µ :   24/0[0;0m
–í–∞—à –æ–ø—ã—Ç - 247079 –æ—á–∫–æ–≤. –í–∞–º –æ—Å—Ç–∞–ª–æ—Å—å –Ω–∞–±—Ä–∞—Ç—å 41921 –æ—á–∫–æ –¥–æ —Å–ª–µ–¥—É—é—â–µ–≥–æ —É—Ä–æ–≤–Ω—è.
–£ –≤–∞—Å –Ω–∞ —Ä—É–∫–∞—Ö 367 –∫—É–Ω –∏ 0 –≥—Ä–∏–≤–µ–Ω (–∏ –µ—â–µ 919 –∫—É–Ω –ø—Ä–∏–ø—Ä—è—Ç–∞–Ω–æ –≤ –ª–µ–∂–Ω–µ).
–í—ã –º–æ–∂–µ—Ç–µ –≤—Å—Ç—É–ø–∏—Ç—å –≤ –≥—Ä—É–ø–ø—É —Å –º–∞–∫—Å–∏–º–∞–ª—å–Ω–æ–π —Ä–∞–∑–Ω–∏—Ü–µ–π –≤ 5 —É—Ä–æ–≤–Ω–µ–π –±–µ–∑ –ø–æ—Ç–µ—Ä—å –¥–ª—è –æ–ø—ã—Ç–∞.
–í—ã –∏–≥—Ä–∞–µ—Ç–µ 2 –¥–Ω—è 4 —á–∞—Å–∞ —Ä–µ–∞–ª—å–Ω–æ–≥–æ –≤—Ä–µ–º–µ–Ω–∏.
–í—ã —Å—Ç–æ–∏—Ç–µ.
[1;32m[0;37m[1;32m–¢—É—Ç –≤—ã —á—É–≤—Å—Ç–≤—É–µ—Ç–µ —Å–µ–±—è –≤ –±–µ–∑–æ–ø–∞—Å–Ω–æ—Å—Ç–∏.[0;37m

[0;32m276H[0;37m [0;32m118M[0;37m 41921–æ –ó–∞—É—á:0 –í—ã—Ö:–ó^> ˇ˘–£ –≤–∞—Å –Ω–µ—Ç '–∫—Ä–∞'.

[0;32m276H[0;37m [0;32m118M[0;37m 41921–æ –ó–∞—É—á:0 –í—ã—Ö:–ó^> ˇ˘–í—ã –≤–∑—è–ª–∏ –ª–æ–º–æ—Ç—å —Ö–ª–µ–±–∞ –∏–∑ —Ö–æ–ª—â–æ–≤–æ–≥–æ –º–µ—à–∫–∞.

[0;32m276H[0;37m [0;32m118M[0;37m 41921–æ –ó–∞—É—á:0 –í—ã—Ö:–ó^> ˇ˘–í—ã —Å—ä–µ–ª–∏ –ª–æ–º–æ—Ç—å —Ö–ª–µ–±–∞.

[0;32m276H[0;37m [0;32m118M[0;37m 41921–æ –ó–∞—É—á:0 –í—ã—Ö:–ó^> ˇ˘
[0;32m276H[0;37m [0;32m118M[0;37m 41921–æ –ó–∞—É—á:0 –í—ã—Ö:–ó^> ˇ˘–í—ã –≤–∑—è–ª–∏ –ª–æ–º–æ—Ç—å —Ö–ª–µ–±–∞ –∏–∑ —Ö–æ–ª—â–æ–≤–æ–≥–æ –º–µ—à–∫–∞.

[0;32m276H[0;37m [0;32m118M[0;37m 41921–æ –ó–∞—É—á:0 –í—ã—Ö:–ó^> ˇ˘–í—ã —Å—ä–µ–ª–∏ –ª–æ–º–æ—Ç—å —Ö–ª–µ–±–∞.

[0;32m276H[0;37m [0;32m118M[0;37m 41921–æ –ó–∞—É—á:0 –í—ã—Ö:–ó^> ˇ˘–í—ã –≤–∑—è–ª–∏ –ª–æ–º–æ—Ç—å —Ö–ª–µ–±–∞ –∏–∑ —Ö–æ–ª—â–æ–≤–æ–≥–æ –º–µ—à–∫–∞.

[0;32m276H[0;37m [0;32m118M[0;37m 41921–æ –ó–∞—É—á:0 –í—ã—Ö:–ó^> ˇ˘–í—ã —Å—ä–µ–ª–∏ –ª–æ–º–æ—Ç—å —Ö–ª–µ–±–∞.
–í—ã –Ω–∞–µ–ª–∏—Å—å.

[0;32m276H[0;37m [0;32m118M[0;37m 41921–æ –ó–∞—É—á:0 –í—ã—Ö:–ó^> ˇ˘
[1;31m–ú–∏–Ω—É–ª —á–∞—Å.[0;37m

[0;32m276H[0;37m [0;32m118M[0;37m 41921–æ –ó–∞—É—á:0 –í—ã—Ö:–ó^> ˇ˘
[1;31m–ú–∏–Ω—É–ª —á–∞—Å.[0;37m

[0;32m276H[0;37m [0;32m118M[0;37m 41921–æ –ó–∞—É—á:0 –í—ã—Ö:–ó^> ˇ˘
[1;31m–ú–∏–Ω—É–ª —á–∞—Å.[0;37m

[0;32m276H[0;37m [0;32m118M[0;37m 41921–æ –ó–∞—É—á:0 –í—ã—Ö:–ó^> ˇ˘
[1;31m–ú–∏–Ω—É–ª —á–∞—Å.[0;37m

[0;32m276H[0;37m [0;32m118M[0;37m 41921–æ –ó–∞—É—á:0 –í—ã—Ö:–ó^> ˇ˘
[1;31m–ú–∏–Ω—É–ª —á–∞—Å.[0;37m

[0;32m276H[0;37m [0;32m118M[0;37m 41921–æ –ó–∞—É—á:0 –í—ã—Ö:–ó^> ˇ˘
[1;31m–ú–∏–Ω—É–ª —á–∞—Å.[0;37m

[0;32m276H[0;37m [0;32m118M[0;37m 41921–æ –ó–∞—É—á:0 –í—ã—Ö:–ó^> ˇ˘
–í—ã –ø—Ä–æ–ø–∞–ª–∏ –≤ –ø—É—Å—Ç–æ—Ç–µ —ç—Ç–æ–≥–æ –º–∏—Ä–∞.

[0;32m276H[0;37m [0;32m118M[0;37m 41921–æ –ó–∞—É—á:0 –í—ã—Ö:> ˇ˘[1;36m–ü–æ—Å—Ç–æ—è–ª—ã–π –¥–≤–æ—Ä [5001][0;37m
   –î–µ—Ä–µ–≤–Ω—è —Ö–æ—Ç—å –∏ –Ω–µ–±–æ–ª—å—à–∞—è, –Ω–æ –ø–æ—Å—Ç–æ—è–ª—ã–π –¥–≤–æ—Ä –∏–º–µ–µ—Ç—Å—è, –¥–ª—è –∑–∞–µ–∑–∂–∏—Ö –≥–æ—Å—Ç–µ–π,
—á—Ç–æ–±—ã –±—ã–ª–æ –≥–¥–µ –ø–µ—Ä–µ–≤–µ—Å—Ç–∏ –¥—É—Ö, –µ–¥–æ–π –∏ –ø–∏—Ç—å–µ–º –∑–∞–ø–∞—Å—Ç–∏—Å—å. –ê –µ—Å–ª–∏ –Ω–∞ –¥–≤–æ—Ä–µ —É–∂
–Ω–æ—á—å –∏–ª—å –ø—Ä–æ—Å—Ç–æ –Ω–∞–¥–æ –æ—Å—Ç–∞–Ω–æ–≤–∏—Ç—Å—è –Ω–∞ –¥–µ–Ω—å –¥—Ä—É–≥–æ–π –≤ –¥–µ—Ä–µ–≤–Ω–µ, –∞ —Ä–æ–¥—Å—Ç–≤–µ–Ω–Ω–∏–∫–æ–≤
–Ω–µ—Ç, —Ç–∞–∫ –º–æ–∂–Ω–æ –∏ –ø–µ—Ä–µ–Ω–æ—á–µ–≤–∞—Ç—å –≤ –≥–æ—Ä–Ω–∏—Ü–∞—Ö –Ω–∞–≤–µ—Ä—Ö—É.
[0;36m[ Exits: w u ][0;37m
[1;33m[1;31m–°–µ–¥–æ–≤–ª–∞—Å—ã–π —Å–∫–∞–∑–∏—Ç–µ–ª—å –≥–æ—Ç–æ–≤ –ø–æ–¥–µ–ª–∏—Ç—å—Å—è —Å –í–∞–º–∏ –∏–Ω—Ç–µ—Ä–µ—Å–Ω–æ–π –∏—Å—Ç–æ—Ä–∏–µ–π.
–¢—Ä–∞–∫—Ç–∏—Ä—â–∏–∫ –æ—Ç–¥—ã—Ö–∞–µ—Ç –∑–∞ —Å—Ç–æ–π–∫–æ–π.
[0;0m
–î–µ—Ä–µ–≤–Ω—è —É —Ä–µ–∫–∏ (2-–∞—è —Ä–æ–¥–æ–≤–∞—è).

[0;32m276H[0;37m [0;32m118M[0;37m 41921–æ –ó–∞—É—á:0 –í—ã—Ö:–ó^> ˇ˘–í—ã –≤–∑—è–ª–∏ –ª–æ–º–æ—Ç—å —Ö–ª–µ–±–∞ –∏–∑ —Ö–æ–ª—â–æ–≤–æ–≥–æ –º–µ—à–∫–∞.

[0;32m276H[0;37m [0;32m118M[0;37m 41921–æ –ó–∞—É—á:0 –í—ã—Ö:–ó^> ˇ˘–í—ã —Å—ä–µ–ª–∏ –ª–æ–º–æ—Ç—å —Ö–ª–µ–±–∞.

[0;32m276H[0;37m [0;32m118M[0;37m 41921–æ –ó–∞—É—á:0 –í—ã—Ö:–ó^> ˇ˘
[1;31m–ú–∏–Ω—É–ª —á–∞—Å.[0;37m

[0;32m276H[0;37m [0;32m118M[0;37m 41921–æ –ó–∞—É—á:0 –í—ã—Ö:–ó^> ˇ˘
–í–∞—Å –º—É—á–∞–µ—Ç –∂–∞–∂–¥–∞.

[0;32m276H[0;37m [0;32m118M[0;37m 41921–æ –ó–∞—É—á:0 –í—ã—Ö:–ó^> ˇ˘
–ú–µ—Å—Ç–Ω—ã–π –∂–∏—Ç–µ–ª—å –ø—Ä–∏—à–µ–ª —Å –∑–∞–ø–∞–¥–∞.
–ú–µ—Å—Ç–Ω–∞—è –∂–∏—Ç–µ–ª—å–Ω–∏—Ü–∞ –ø—Ä–∏—à–ª–∞ —Å –∑–∞–ø–∞–¥–∞.

[0;32m276H[0;37m [0;32m118M[0;37m 41921–æ –ó–∞—É—á:0 –í—ã—Ö:–ó^> ˇ˘–í—ã –≤–∑—è–ª–∏ –ª–æ–º–æ—Ç—å —Ö–ª–µ–±–∞ –∏–∑ —Ö–æ–ª—â–æ–≤–æ–≥–æ –º–µ—à–∫–∞.

[0;32m276H[0;37m [0;32m118M[0;37m 41921–æ –ó–∞—É—á:0 –í—ã—Ö:–ó^> ˇ˘–í—ã —Å—ä–µ–ª–∏ –ª–æ–º–æ—Ç—å —Ö–ª–µ–±–∞.

[0;32m276H[0;37m [0;32m118M[0;37m 41921–æ –ó–∞—É—á:0 –í—ã—Ö:–ó^> ˇ˘–í—ã –≤–∑—è–ª–∏ –ª–æ–º–æ—Ç—å —Ö–ª–µ–±–∞ –∏–∑ —Ö–æ–ª—â–æ–≤–æ–≥–æ –º–µ—à–∫–∞.

[0;32m276H[0;37m [0;32m118M[0;37m 41921–æ –ó–∞—É—á:0 –í—ã—Ö:–ó^> ˇ˘–í—ã —Å—ä–µ–ª–∏ –ª–æ–º–æ—Ç—å —Ö–ª–µ–±–∞.
–í—ã –Ω–∞–µ–ª–∏—Å—å.

[0;32m276H[0;37m [0;32m118M[0;37m 41921–æ –ó–∞—É—á:0 –í—ã—Ö:–ó^> ˇ˘–í—ã –Ω–µ –≤–∏–¥–∏—Ç–µ '—Ö–ª–µ–±' –≤ —Ö–æ–ª—â–æ–≤–æ–º –º–µ—à–∫–µ.

[0;32m276H[0;37m [0;32m118M[0;37m 41921–æ –ó–∞—É—á:0 –í—ã—Ö:–ó^> ˇ˘–£ –≤–∞—Å –Ω–µ—Ç '—Ö–ª–µ–±'.

[0;32m276H[0;37m [0;32m118M[0;37m 41921–æ –ó–∞—É—á:0 –í—ã—Ö:–ó^> ˇ˘–í—ã –Ω–µ –≤–∏–¥–∏—Ç–µ '—Ö–ª–µ–±' –≤ —Ö–æ–ª—â–æ–≤–æ–º –º–µ—à–∫–µ.

[0;32m276H[0;37m [0;32m118M[0;37m 41921–æ –ó–∞—É—á:0 –í—ã—Ö:–ó^> ˇ˘–£ –≤–∞—Å –Ω–µ—Ç '—Ö–ª–µ–±'.

[0;32m276H[0;37m [0;32m118M[0;37m 41921–æ –ó–∞—É—á:0 –í—ã—Ö:–ó^> ˇ˘–í—ã –Ω–µ –≤–∏–¥–∏—Ç–µ '—Ö–ª–µ–±' –≤ —Ö–æ–ª—â–æ–≤–æ–º –º–µ—à–∫–µ.

[0;32m276H[0;37m [0;32m118M[0;37m 41921–æ –ó–∞—É—á:0 –í—ã—Ö:–ó^> ˇ˘–£ –≤–∞—Å –Ω–µ—Ç '—Ö–ª–µ–±'.

[0;32m276H[0;37m [0;32m118M[0;37m 41921–æ –ó–∞—É—á:0 –í—ã—Ö:–ó^> ˇ˘–í—ã –Ω–µ –≤–∏–¥–∏—Ç–µ '—Ö–ª–µ–±' –≤ —Ö–æ–ª—â–æ–≤–æ–º –º–µ—à–∫–µ.

[0;32m276H[0;37m [0;32m118M[0;37m 41921–æ –ó–∞—É—á:0 –í—ã—Ö:–ó^> ˇ˘–£ –≤–∞—Å –Ω–µ—Ç '—Ö–ª–µ–±'.

[0;32m276H[0;37m [0;32m118M[0;37m 41921–æ –ó–∞—É—á:0 –í—ã—Ö:–ó^> ˇ˘–í—ã –Ω–µ –≤–∏–¥–∏—Ç–µ '—Ö–ª–µ–±' –≤ —Ö–æ–ª—â–æ–≤–æ–º –º–µ—à–∫–µ.

[0;32m276H[0;37m [0;32m118M[0;37m 41921–æ –ó–∞—É—á:0 –í—ã—Ö:–ó^> ˇ˘–£ –≤–∞—Å –Ω–µ—Ç '—Ö–ª–µ–±'.

[0;32m276H[0;37m [0;32m118M[0;37m 41921–æ –ó–∞—É—á:0 –í—ã—Ö:–ó^> ˇ˘–í—ã –Ω–µ –≤–∏–¥–∏—Ç–µ '—Ö–ª–µ–±' –≤ —Ö–æ–ª—â–æ–≤–æ–º –º–µ—à–∫–µ.

[0;32m276H[0;37m [0;32m118M[0;37m 41921–æ –ó–∞—É—á:0 –í—ã—Ö:–ó^> ˇ˘–£ –≤–∞—Å –Ω–µ—Ç '—Ö–ª–µ–±'.

[0;32m276H[0;37m [0;32m118M[0;37m 41921–æ –ó–∞—É—á:0 –í—ã—Ö:–ó^> ˇ˘
–ú–µ—Å—Ç–Ω—ã–π –∂–∏—Ç–µ–ª—å —É—à–µ–ª –≤–≤–µ—Ä—Ö.
–ú–µ—Å—Ç–Ω–∞—è –∂–∏—Ç–µ–ª—å–Ω–∏—Ü–∞ —É—à–ª–∞ –≤–≤–µ—Ä—Ö.

[0;32m276H[0;37m [0;32m118M[0;37m 41921–æ –ó–∞—É—á:0 –í—ã—Ö:–ó^> ˇ˘
–í–∞—Å –º—É—á–∞–µ—Ç –∂–∞–∂–¥–∞.

[0;32m276H[0;37m [0;32m118M[0;37m 41921–æ –ó–∞—É—á:0 –í—ã—Ö:–ó^> ˇ˘
–ú–µ—Å—Ç–Ω—ã–π –∂–∏—Ç–µ–ª—å –ø—Ä–∏—à–µ–ª —Å–≤–µ—Ä—Ö—É.
–ú–µ—Å—Ç–Ω–∞—è –∂–∏—Ç–µ–ª—å–Ω–∏—Ü–∞ –ø—Ä–∏—à–ª–∞ —Å–≤–µ—Ä—Ö—É.

[0;32m276H[0;37m [0;32m118M[0;37m 41921–æ –ó–∞—É—á:0 –í—ã—Ö:–ó^> ˇ˘
[1;31m–ú–∏–Ω—É–ª —á–∞—Å.[0;37m

[0;32m276H[0;37m [0;32m118M[0;37m 41921–æ –ó–∞—É—á:0 –í—ã—Ö:–ó^> ˇ˘
–í–∞—Å –º—É—á–∞–µ—Ç –∂–∞–∂–¥–∞.

[0;32m276H[0;37m [0;32m118M[0;37m 41921–æ –ó–∞—É—á:0 –í—ã—Ö:–ó^> ˇ˘
–í–∞—Å –º—É—á–∞–µ—Ç –∂–∞–∂–¥–∞.

[0;32m276H[0;37m [0;32m118M[0;37m 41921–æ –ó–∞—É—á:0 –í—ã—Ö:–ó^> ˇ˘ ##    –î–æ—Å—Ç—É–ø–Ω–æ   –ü—Ä–µ–¥–º–µ—Ç                                      –¶–µ–Ω–∞ (–∫—É–Ω—ã)
---------------------------------------------------------------------------
   1)     –ù–∞–≤–∞–ª–æ–º  –ª–æ–º–æ—Ç—å —Ö–ª–µ–±–∞                                         1
   2)     –ù–∞–≤–∞–ª–æ–º  –∫—Ä–∞—é—Ö–∞ –ø—à–µ–Ω–∏—á–Ω–æ–≥–æ —Ö–ª–µ–±–∞                              1
   3)     –ù–∞–≤–∞–ª–æ–º  –ø—à–µ–Ω–∏—á–Ω—ã–π –∫–∞—Ä–∞–≤–∞–π                                   20
   4)     –ù–∞–≤–∞–ª–æ–º  –∫—Ä–∞—é—Ö–∞ —Ä–∂–∞–Ω–æ–≥–æ —Ö–ª–µ–±–∞                                 1
   5)     –ù–∞–≤–∞–ª–æ–º  —Ä–∂–∞–Ω–æ–π –∫–∞—Ä–∞–≤–∞–π                                      20
   6)     –ù–∞–≤–∞–ª–æ–º  –≥–æ—Ä—Å—Ç–æ—á–∫–∞ –∫–∞–ª–µ–Ω—ã—Ö –ª–µ—Å–Ω—ã—Ö –æ—Ä–µ—Ö–æ–≤                     10
   7)     –ù–∞–≤–∞–ª–æ–º  –ø—Ä–∏–≥–æ—Ä—à–Ω—è –±—Ä—É—Å–Ω–∏–∫–∏                                  12
   8)     –ù–∞–≤–∞–ª–æ–º  –≥–æ—Ä—Å—Ç—å –∑–µ–º–ª—è–Ω–∏–∫–∏                                    12
   9)     –ù–∞–≤–∞–ª–æ–º  –≥–æ—Ä—Å—Ç–æ—á–∫–∞ –º–∞–ª–∏–Ω—ã                                    12
  10)     –ù–∞–≤–∞–ª–æ–º  –≥–æ—Ä—Å—Ç–æ—á–∫–∞ –µ–∂–µ–≤–∏–∫–∏                                   12
  11)     –ù–∞–≤–∞–ª–æ–º  –ø—Ä–∏–≥–æ—Ä—à–Ω—è –≤–∏—à–Ω–∏                                     14
  12)     –ù–∞–≤–∞–ª–æ–º  –≥–æ—Ä—Å—Ç–æ—á–∫–∞ —á–µ—Ä–Ω–∏–∫–∏                                   14
  13)     –ù–∞–≤–∞–ª–æ–º  –ø—Ä–∏–≥–æ—Ä—à–Ω—è —Å–º–æ—Ä–æ–¥–∏–Ω—ã                                 12
  14)     –ù–∞–≤–∞–ª–æ–º  –≥–æ—Ä—Å—Ç—å –∫—Ä—ã–∂–æ–≤–Ω–∏–∫–∞                                   12
  15)     –ù–∞–≤–∞–ª–æ–º  –ª—É–∫–æ–≤–∏—Ü–∞                                             9
  16)     –ù–∞–≤–∞–ª–æ–º  –º–æ—Ä–∫–æ–≤–∫–∞                                             9
  17)     –ù–∞–≤–∞–ª–æ–º  –≥–æ—Ä—Å—Ç—å —Å–ª–∞–¥–∫–æ–≥–æ –≥–æ—Ä–æ—Ö–∞                               9
  18)     –ù–∞–≤–∞–ª–æ–º  —Å–æ–ª–µ–Ω—ã–µ —Ä—ã–∂–∏–∫–∏                                      12
  19)     –ù–∞–≤–∞–ª–æ–º  –º–∞—Ä–∏–Ω–æ–≤–∞–Ω—ã–µ –≥—Ä—É–∑–¥–∏                                  15
  20)     –ù–∞–≤–∞–ª–æ–º  —Å–≤—è–∑–∫–∞ —Å—É—à–µ–Ω—ã—Ö –±–µ–ª—ã—Ö –≥—Ä–∏–±–æ–≤                         25
  21)     –ù–∞–≤–∞–ª–æ–º  –≤—è–ª–µ–Ω—ã–π –ª–µ—â                                         10
  22)     –ù–∞–≤–∞–ª–æ–º  –∫–æ–ø—á–µ–Ω—ã–π —Å—É–¥–∞–∫                                     150
  23)     –ù–∞–≤–∞–ª–æ–º  —Å—É—à–µ–Ω—ã–π –µ–ª–µ—Ü                                         2
  24)     –ù–∞–≤–∞–ª–æ–º  –∂–∞—Ä–µ–Ω—ã–π —Å–∞–∑–∞–Ω                                       50
  25)     –ù–∞–≤–∞–ª–æ–º  –ø–µ—á–µ–Ω–∞—è —Ä–µ–ø–∞                                        20
  26)     –ù–∞–≤–∞–ª–æ–º  –ø–∞—Ä–µ–Ω–∞—è –≤ –º–µ–¥—É —Ä–µ–ø–∞                                 30
  27)     –ù–∞–≤–∞–ª–æ–º  –º–æ—á–µ–Ω—ã–µ —è–±–ª–æ–∫–∏                                      14
  28)     –ù–∞–≤–∞–ª–æ–º  –∑–∞–ø–µ–∫–∞–Ω–∫–∞ —Å —Ç—ã–∫–≤–æ–π                                  45
  29)     –ù–∞–≤–∞–ª–æ–º  –ø–æ–ª–±—è–Ω–∞—è –∫–∞—à–∞                                       20
  30)     –ù–∞–≤–∞–ª–æ–º  –ø—à–µ–Ω–∏—á–Ω–∞—è –∫–∞—à–∞                                      20

–õ–∏—Å—Ç–∞—Ç—å : <RETURN>, Q<–ö>–æ–Ω–µ—Ü, R<–ü>–æ–≤—Ç–æ—Ä, B<–ù>–∞–∑–∞–¥, –∏–ª–∏ –Ω–æ–º–µ—Ä —Å—Ç—Ä–∞–Ω–∏—Ü—ã (1/2).ˇ˘
[0;32m276H[0;37m [0;32m118M[0;37m 41921–æ –ó–∞—É—á:0 –í—ã—Ö:–ó^> ˇ˘[1;36m–¢—Ä–∞–∫—Ç–∏—Ä—â–∏–∫ —Å–∫–∞–∑–∞–ª –≤–∞–º : '–≠—Ç–æ –±—É–¥–µ—Ç —Å—Ç–æ–∏—Ç—å 10 –∫—É–Ω.'[0;37m
–¢–µ–ø–µ—Ä—å –≤—ã —Å—Ç–∞–ª–∏ —Å—á–∞—Å—Ç–ª–∏–≤—ã–º –æ–±–ª–∞–¥–∞—Ç–µ–ª–µ–º –ª–æ–º—Ç—è —Ö–ª–µ–±–∞ (x 10 —à—Ç—É–∫).

[0;32m276H[0;37m [0;32m118M[0;37m 41921–æ –ó–∞—É—á:0 –í—ã—Ö:–ó^> ˇ˘–í—ã –Ω–µ –≤–∏–¥–∏—Ç–µ '—Ö–ª–µ–±' –≤ —Ö–æ–ª—â–æ–≤–æ–º –º–µ—à–∫–µ.

[0;32m276H[0;37m [0;32m118M[0;37m 41921–æ –ó–∞—É—á:0 –í—ã—Ö:–ó^> ˇ˘–í—ã —Å—ä–µ–ª–∏ –ª–æ–º–æ—Ç—å —Ö–ª–µ–±–∞.
–í—ã –Ω–∞–µ–ª–∏—Å—å.

[0;32m276H[0;37m [0;32m118M[0;37m 41921–æ –ó–∞—É—á:0 –í—ã—Ö:–ó^> ˇ˘–í—ã –ø–æ–ª–æ–∂–∏–ª–∏ –ª–æ–º–æ—Ç—å —Ö–ª–µ–±–∞ –≤ —Ö–æ–ª—â–æ–≤—ã–π –º–µ—à–æ–∫.
–í—ã –ø–æ–ª–æ–∂–∏–ª–∏ –ª–æ–º–æ—Ç—å —Ö–ª–µ–±–∞ –≤ —Ö–æ–ª—â–æ–≤—ã–π –º–µ—à–æ–∫.
–í—ã –ø–æ–ª–æ–∂–∏–ª–∏ –ª–æ–º–æ—Ç—å —Ö–ª–µ–±–∞ –≤ —Ö–æ–ª—â–æ–≤—ã–π –º–µ—à–æ–∫.
–í—ã –ø–æ–ª–æ–∂–∏–ª–∏ –ª–æ–º–æ—Ç—å —Ö–ª–µ–±–∞ –≤ —Ö–æ–ª—â–æ–≤—ã–π –º–µ—à–æ–∫.
–í—ã –ø–æ–ª–æ–∂–∏–ª–∏ –ª–æ–º–æ—Ç—å —Ö–ª–µ–±–∞ –≤ —Ö–æ–ª—â–æ–≤—ã–π –º–µ—à–æ–∫.
–í—ã –ø–æ–ª–æ–∂–∏–ª–∏ –ª–æ–º–æ—Ç—å —Ö–ª–µ–±–∞ –≤ —Ö–æ–ª—â–æ–≤—ã–π –º–µ—à–æ–∫.
–í—ã –ø–æ–ª–æ–∂–∏–ª–∏ –ª–æ–º–æ—Ç—å —Ö–ª–µ–±–∞ –≤ —Ö–æ–ª—â–æ–≤—ã–π –º–µ—à–æ–∫.
–í—ã –ø–æ–ª–æ–∂–∏–ª–∏ –ª–æ–º–æ—Ç—å —Ö–ª–µ–±–∞ –≤ —Ö–æ–ª—â–æ–≤—ã–π –º–µ—à–æ–∫.
–í—ã –ø–æ–ª–æ–∂–∏–ª–∏ –ª–æ–º–æ—Ç—å —Ö–ª–µ–±–∞ –≤ —Ö–æ–ª—â–æ–≤—ã–π –º–µ—à–æ–∫.

[0;32m276H[0;37m [0;32m118M[0;37m 41921–æ –ó–∞—É—á:0 –í—ã—Ö:–ó^> ˇ˘
[1;31m–ú–∏–Ω—É–ª —á–∞—Å.[0;37m

[0;32m276H[0;37m [0;32m118M[0;37m 41921–æ –ó–∞—É—á:0 –í—ã—Ö:–ó^> ˇ˘
–í–∞—Å –º—É—á–∞–µ—Ç –∂–∞–∂–¥–∞.

[0;32m276H[0;37m [0;32m118M[0;37m 41921–æ –ó–∞—É—á:0 –í—ã—Ö:–ó^> ˇ˘
–ú–µ—Å—Ç–Ω—ã–π –∂–∏—Ç–µ–ª—å —É—à–µ–ª –Ω–∞ –∑–∞–ø–∞–¥.
–ú–µ—Å—Ç–Ω–∞—è –∂–∏—Ç–µ–ª—å–Ω–∏—Ü–∞ —É—à–ª–∞ –Ω–∞ –∑–∞–ø–∞–¥.

[0;32m276H[0;37m [0;32m118M[0;37m 41921–æ –ó–∞—É—á:0 –í—ã—Ö:–ó^> ˇ˘
–í–∞—Å –º—É—á–∞–µ—Ç –∂–∞–∂–¥–∞.

[0;32m276H[0;37m [0;32m118M[0;37m 41921–æ –ó–∞—É—á:0 –í—ã—Ö:–ó^> ˇ˘
[1;31m–ú–∏–Ω—É–ª —á–∞—Å.[0;37m

[0;32m276H[0;37m [0;32m118M[0;37m 41921–æ –ó–∞—É—á:0 –í—ã—Ö:–ó^> ˇ˘
–í–∞—Å –º—É—á–∞–µ—Ç –∂–∞–∂–¥–∞.

[0;32m276H[0;37m [0;32m118M[0;37m 41921–æ –ó–∞—É—á:0 –í—ã—Ö:–ó^> ˇ˘
–í–∞—Å —Å–∏–ª—å–Ω–æ –º—É—á–∞–µ—Ç –∂–∞–∂–¥–∞.

[0;32m276H[0;37m [0;32m118M[0;37m 41921–æ –ó–∞—É—á:0 –í—ã—Ö:–ó^> ˇ˘
–ú–µ—Å—Ç–Ω—ã–π –∂–∏—Ç–µ–ª—å –ø—Ä–∏—à–µ–ª —Å –∑–∞–ø–∞–¥–∞.
–ú–µ—Å—Ç–Ω–∞—è –∂–∏—Ç–µ–ª—å–Ω–∏—Ü–∞ –ø—Ä–∏—à–ª–∞ —Å –∑–∞–ø–∞–¥–∞.

[0;32m276H[0;37m [0;32m118M[0;37m 41921–æ –ó–∞—É—á:0 –í—ã—Ö:–ó^> ˇ˘
[1;31m–ú–∏–Ω—É–ª —á–∞—Å.[0;37m

[0;32m276H[0;37m [0;32m118M[0;37m 41921–æ –ó–∞—É—á:0 –í—ã—Ö:–ó^> ˇ˘
–í–∞—Å —Å–∏–ª—å–Ω–æ –º—É—á–∞–µ—Ç –∂–∞–∂–¥–∞.

[0;32m276H[0;37m [0;32m118M[0;37m 41921–æ –ó–∞—É—á:0 –í—ã—Ö:–ó^> ˇ˘
–ú–µ—Å—Ç–Ω—ã–π –∂–∏—Ç–µ–ª—å —É—à–µ–ª –≤–≤–µ—Ä—Ö.
–ú–µ—Å—Ç–Ω–∞—è –∂–∏—Ç–µ–ª—å–Ω–∏—Ü–∞ —É—à–ª–∞ –≤–≤–µ—Ä—Ö.

[0;32m276H[0;37m [0;32m118M[0;37m 41921–æ –ó–∞—É—á:0 –í—ã—Ö:–ó^> ˇ˘
–í–∞—Å —Å–∏–ª—å–Ω–æ –º—É—á–∞–µ—Ç –∂–∞–∂–¥–∞.

[0;32m276H[0;37m [0;32m118M[0;37m 41921–æ –ó–∞—É—á:0 –í—ã—Ö:–ó^> ˇ˘
[1;31m–ú–∏–Ω—É–ª —á–∞—Å.[0;37m

[0;32m276H[0;37m [0;32m118M[0;37m 41921–æ –ó–∞—É—á:0 –í—ã—Ö:–ó^> ˇ˘
–í–∞—Å —Å–∏–ª—å–Ω–æ –º—É—á–∞–µ—Ç –∂–∞–∂–¥–∞.

[0;32m276H[0;37m [0;32m118M[0;37m 41921–æ –ó–∞—É—á:0 –í—ã—Ö:–ó^> ˇ˘–í—ã –≤–∑—è–ª–∏ –ª–æ–º–æ—Ç—å —Ö–ª–µ–±–∞ –∏–∑ —Ö–æ–ª—â–æ–≤–æ–≥–æ –º–µ—à–∫–∞.
–í—ã –≤–∑—è–ª–∏ –ª–æ–º–æ—Ç—å —Ö–ª–µ–±–∞ –∏–∑ —Ö–æ–ª—â–æ–≤–æ–≥–æ –º–µ—à–∫–∞.
–í—ã –≤–∑—è–ª–∏ –ª–æ–º–æ—Ç—å —Ö–ª–µ–±–∞ –∏–∑ —Ö–æ–ª—â–æ–≤–æ–≥–æ –º–µ—à–∫–∞.
–í—ã –≤–∑—è–ª–∏ –ª–æ–º–æ—Ç—å —Ö–ª–µ–±–∞ –∏–∑ —Ö–æ–ª—â–æ–≤–æ–≥–æ –º–µ—à–∫–∞.
–í—ã –≤–∑—è–ª–∏ –ª–æ–º–æ—Ç—å —Ö–ª–µ–±–∞ –∏–∑ —Ö–æ–ª—â–æ–≤–æ–≥–æ –º–µ—à–∫–∞.
–í—ã –≤–∑—è–ª–∏ –ª–æ–º–æ—Ç—å —Ö–ª–µ–±–∞ –∏–∑ —Ö–æ–ª—â–æ–≤–æ–≥–æ –º–µ—à–∫–∞.
–í—ã –≤–∑—è–ª–∏ –ª–æ–º–æ—Ç—å —Ö–ª–µ–±–∞ –∏–∑ —Ö–æ–ª—â–æ–≤–æ–≥–æ –º–µ—à–∫–∞.
–í—ã –≤–∑—è–ª–∏ –ª–æ–º–æ—Ç—å —Ö–ª–µ–±–∞ –∏–∑ —Ö–æ–ª—â–æ–≤–æ–≥–æ –º–µ—à–∫–∞.
–í—ã –≤–∑—è–ª–∏ –ª–æ–º–æ—Ç—å —Ö–ª–µ–±–∞ –∏–∑ —Ö–æ–ª—â–æ–≤–æ–≥–æ –º–µ—à–∫–∞.

[0;32m276H[0;37m [0;32m118M[0;37m 41921–æ –ó–∞—É—á:0 –í—ã—Ö:–ó^> ˇ˘–ß–∞–≤–æ?

[0;32m276H[0;37m [0;32m118M[0;37m 41921–æ –ó–∞—É—á:0 –í—ã—Ö:–ó^> ˇ˘–í—ã –±—Ä–æ—Å–∏–ª–∏ –ª–æ–º–æ—Ç—å —Ö–ª–µ–±–∞.
–í—ã –±—Ä–æ—Å–∏–ª–∏ –ª–æ–º–æ—Ç—å —Ö–ª–µ–±–∞.
–í—ã –±—Ä–æ—Å–∏–ª–∏ –ª–æ–º–æ—Ç—å —Ö–ª–µ–±–∞.
–í—ã –±—Ä–æ—Å–∏–ª–∏ –ª–æ–º–æ—Ç—å —Ö–ª–µ–±–∞.
–í—ã –±—Ä–æ—Å–∏–ª–∏ –ª–æ–º–æ—Ç—å —Ö–ª–µ–±–∞.
–í—ã –±—Ä–æ—Å–∏–ª–∏ –ª–æ–º–æ—Ç—å —Ö–ª–µ–±–∞.
–í—ã –±—Ä–æ—Å–∏–ª–∏ –ª–æ–º–æ—Ç—å —Ö–ª–µ–±–∞.
–í—ã –±—Ä–æ—Å–∏–ª–∏ –ª–æ–º–æ—Ç—å —Ö–ª–µ–±–∞.
–í—ã –±—Ä–æ—Å–∏–ª–∏ –ª–æ–º–æ—Ç—å —Ö–ª–µ–±–∞.

[0;32m276H[0;37m [0;32m118M[0;37m 41921–æ –ó–∞—É—á:0 –í—ã—Ö:–ó^> ˇ˘
–í–∞—Å —Å–∏–ª—å–Ω–æ –º—É—á–∞–µ—Ç –∂–∞–∂–¥–∞.

[0;32m276H[0;37m [0;32m118M[0;37m 41921–æ –ó–∞—É—á:0 –í—ã—Ö:–ó^> ˇ˘–í—ã –Ω–µ –≤–∏–¥–∏—Ç–µ '—Ö–ª–µ–±' –≤ —Ö–æ–ª—â–æ–≤–æ–º –º–µ—à–∫–µ.

[0;32m276H[0;37m [0;32m118M[0;37m 41921–æ –ó–∞—É—á:0 –í—ã—Ö:–ó^> ˇ˘–£ –≤–∞—Å –Ω–µ—Ç '—Ö–ª–µ–±'.

[0;32m276H[0;37m [0;32m118M[0;37m 41921–æ –ó–∞—É—á:0 –í—ã—Ö:–ó^> ˇ˘–í—ã –ø–æ–¥–Ω—è–ª–∏ –ª–æ–º–æ—Ç—å —Ö–ª–µ–±–∞.
–í—ã –ø–æ–¥–Ω—è–ª–∏ –ª–æ–º–æ—Ç—å —Ö–ª–µ–±–∞.
–í—ã –ø–æ–¥–Ω—è–ª–∏ –ª–æ–º–æ—Ç—å —Ö–ª–µ–±–∞.
–í—ã –ø–æ–¥–Ω—è–ª–∏ –ª–æ–º–æ—Ç—å —Ö–ª–µ–±–∞.
–í—ã –ø–æ–¥–Ω—è–ª–∏ –ª–æ–º–æ—Ç—å —Ö–ª–µ–±–∞.
–í—ã –ø–æ–¥–Ω—è–ª–∏ –ª–æ–º–æ—Ç—å —Ö–ª–µ–±–∞.
–í—ã –ø–æ–¥–Ω—è–ª–∏ –ª–æ–º–æ—Ç—å —Ö–ª–µ–±–∞.
–í—ã –ø–æ–¥–Ω—è–ª–∏ –ª–æ–º–æ—Ç—å —Ö–ª–µ–±–∞.
–í—ã –ø–æ–¥–Ω—è–ª–∏ –ª–æ–º–æ—Ç—å —Ö–ª–µ–±–∞.

[0;32m276H[0;37m [0;32m118M[0;37m 41921–æ –ó–∞—É—á:0 –í—ã—Ö:–ó^> ˇ˘
[1;31m–ú–∏–Ω—É–ª —á–∞—Å.[0;37m

[0;32m276H[0;37m [0;32m118M[0;37m 41921–æ –ó–∞—É—á:0 –í—ã—Ö:–ó^> ˇ˘–í–∞—Å —Å–∏–ª—å–Ω–æ –º—É—á–∞–µ—Ç –∂–∞–∂–¥–∞.
–í—ã –ø–æ–ª–æ–∂–∏–ª–∏ –ª–æ–º–æ—Ç—å —Ö–ª–µ–±–∞ –≤ —Ö–æ–ª—â–æ–≤—ã–π –º–µ—à–æ–∫.
–í—ã –ø–æ–ª–æ–∂–∏–ª–∏ –ª–æ–º–æ—Ç—å —Ö–ª–µ–±–∞ –≤ —Ö–æ–ª—â–æ–≤—ã–π –º–µ—à–æ–∫.
–í—ã –ø–æ–ª–æ–∂–∏–ª–∏ –ª–æ–º–æ—Ç—å —Ö–ª–µ–±–∞ –≤ —Ö–æ–ª—â–æ–≤—ã–π –º–µ—à–æ–∫.
–í—ã –ø–æ–ª–æ–∂–∏–ª–∏ –ª–æ–º–æ—Ç—å —Ö–ª–µ–±–∞ –≤ —Ö–æ–ª—â–æ–≤—ã–π –º–µ—à–æ–∫.
–í—ã –ø–æ–ª–æ–∂–∏–ª–∏ –ª–æ–º–æ—Ç—å —Ö–ª–µ–±–∞ –≤ —Ö–æ–ª—â–æ–≤—ã–π –º–µ—à–æ–∫.
–í—ã –ø–æ–ª–æ–∂–∏–ª–∏ –ª–æ–º–æ—Ç—å —Ö–ª–µ–±–∞ –≤ —Ö–æ–ª—â–æ–≤—ã–π –º–µ—à–æ–∫.
–í—ã –ø–æ–ª–æ–∂–∏–ª–∏ –ª–æ–º–æ—Ç—å —Ö–ª–µ–±–∞ –≤ —Ö–æ–ª—â–æ–≤—ã–π –º–µ—à–æ–∫.
–í—ã –ø–æ–ª–æ–∂–∏–ª–∏ –ª–æ–º–æ—Ç—å —Ö–ª–µ–±–∞ –≤ —Ö–æ–ª—â–æ–≤—ã–π –º–µ—à–æ–∫.
–í—ã –ø–æ–ª–æ–∂–∏–ª–∏ –ª–æ–º–æ—Ç—å —Ö–ª–µ–±–∞ –≤ —Ö–æ–ª—â–æ–≤—ã–π –º–µ—à–æ–∫.

[0;32m276H[0;37m [0;32m118M[0;37m 41921–æ –ó–∞—É—á:0 –í—ã—Ö:–ó^> ˇ˘
–í–∞—Å —Å–∏–ª—å–Ω–æ –º—É—á–∞–µ—Ç –∂–∞–∂–¥–∞.

[0;32m276H[0;37m [0;32m118M[0;37m 41921–æ –ó–∞—É—á:0 –í—ã—Ö:–ó^> ˇ˘
–ú–µ—Å—Ç–Ω—ã–π –∂–∏—Ç–µ–ª—å –ø—Ä–∏—à–µ–ª —Å–≤–µ—Ä—Ö—É.
–ú–µ—Å—Ç–Ω–∞—è –∂–∏—Ç–µ–ª—å–Ω–∏—Ü–∞ –ø—Ä–∏—à–ª–∞ —Å–≤–µ—Ä—Ö—É.

[0;32m276H[0;37m [0;32m118M[0;37m 41921–æ –ó–∞—É—á:0 –í—ã—Ö:–ó^> ˇ˘
[1;31m–ú–∏–Ω—É–ª —á–∞—Å.[0;37m

[0;32m276H[0;37m [0;32m118M[0;37m 41921–æ –ó–∞—É—á:0 –í—ã—Ö:–ó^> ˇ˘
–í–∞—Å —Å–∏–ª—å–Ω–æ –º—É—á–∞–µ—Ç –∂–∞–∂–¥–∞.

[0;32m276H[0;37m [0;32m118M[0;37m 41921–æ –ó–∞—É—á:0 –í—ã—Ö:–ó^> ˇ˘
–í–∞—Å —Å–∏–ª—å–Ω–æ –º—É—á–∞–µ—Ç –∂–∞–∂–¥–∞.

[0;32m276H[0;37m [0;32m118M[0;37m 41921–æ –ó–∞—É—á:0 –í—ã—Ö:–ó^> ˇ˘
[1;31m–ú–∏–Ω—É–ª —á–∞—Å.[0;37m

[0;32m276H[0;37m [0;32m118M[0;37m 41921–æ –ó–∞—É—á:0 –í—ã—Ö:–ó^> ˇ˘
–í–∞—Å —Å–∏–ª—å–Ω–æ –º—É—á–∞–µ—Ç –∂–∞–∂–¥–∞.

[0;32m276H[0;37m [0;32m118M[0;37m 41921–æ –ó–∞—É—á:0 –í—ã—Ö:–ó^> ˇ˘
–ú–µ—Å—Ç–Ω—ã–π –∂–∏—Ç–µ–ª—å —É—à–µ–ª –≤–≤–µ—Ä—Ö.
–ú–µ—Å—Ç–Ω–∞—è –∂–∏—Ç–µ–ª—å–Ω–∏—Ü–∞ —É—à–ª–∞ –≤–≤–µ—Ä—Ö.

[0;32m276H[0;37m [0;32m118M[0;37m 41921–æ –ó–∞—É—á:0 –í—ã—Ö:–ó^> ˇ˘
–í–∞–º —Ö–æ—á–µ—Ç—Å—è –≤—ã–ø–∏—Ç—å –æ–∑–µ—Ä–æ.

[0;32m276H[0;37m [0;32m118M[0;37m 41921–æ –ó–∞—É—á:0 –í—ã—Ö:–ó^> ˇ˘
[1;31m–ú–∏–Ω—É–ª —á–∞—Å.[0;37m

[0;32m276H[0;37m [0;32m118M[0;37m 41921–æ –ó–∞—É—á:0 –í—ã—Ö:–ó^> ˇ˘
–í–∞–º —Ö–æ—á–µ—Ç—Å—è –≤—ã–ø–∏—Ç—å –æ–∑–µ—Ä–æ.

[0;32m276H[0;37m [0;32m118M[0;37m 41921–æ –ó–∞—É—á:0 –í—ã—Ö:–ó^> ˇ˘
–ú–µ—Å—Ç–Ω—ã–π –∂–∏—Ç–µ–ª—å –ø—Ä–∏—à–µ–ª —Å–≤–µ—Ä—Ö—É.
–ú–µ—Å—Ç–Ω–∞—è –∂–∏—Ç–µ–ª—å–Ω–∏—Ü–∞ –ø—Ä–∏—à–ª–∞ —Å–≤–µ—Ä—Ö—É.

[0;32m276H[0;37m [0;32m118M[0;37m 41921–æ –ó–∞—É—á:0 –í—ã—Ö:–ó^> ˇ˘
–í–∞–º —Ö–æ—á–µ—Ç—Å—è –≤—ã–ø–∏—Ç—å –æ–∑–µ—Ä–æ.

[0;32m276H[0;37m [0;32m118M[0;37m 41921–æ –ó–∞—É—á:0 –í—ã—Ö:–ó^> ˇ˘
[1;31m–ú–∏–Ω—É–ª —á–∞—Å.[0;37m

[0;32m276H[0;37m [0;32m118M[0;37m 41921–æ –ó–∞—É—á:0 –í—ã—Ö:–ó^> ˇ˘
–í–∞–º —Ö–æ—á–µ—Ç—Å—è –≤—ã–ø–∏—Ç—å –æ–∑–µ—Ä–æ.

[0;32m276H[0;37m [0;32m118M[0;37m 41921–æ –ó–∞—É—á:0 –í—ã—Ö:–ó^> ˇ˘
–ú–µ—Å—Ç–Ω—ã–π –∂–∏—Ç–µ–ª—å —É—à–µ–ª –Ω–∞ –∑–∞–ø–∞–¥.
–ú–µ—Å—Ç–Ω–∞—è –∂–∏—Ç–µ–ª—å–Ω–∏—Ü–∞ —É—à–ª–∞ –Ω–∞ –∑–∞–ø–∞–¥.

[0;32m276H[0;37m [0;32m118M[0;37m 41921–æ –ó–∞—É—á:0 –í—ã—Ö:–ó^> ˇ˘
–í–∞–º —Ö–æ—á–µ—Ç—Å—è –≤—ã–ø–∏—Ç—å –æ–∑–µ—Ä–æ.

[0;32m276H[0;37m [0;32m118M[0;37m 41921–æ –ó–∞—É—á:0 –í—ã—Ö:–ó^> ˇ˘
[1;31m–ú–∏–Ω—É–ª —á–∞—Å.[0;37m

[0;32m276H[0;37m [0;32m118M[0;37m 41921–æ –ó–∞—É—á:0 –í—ã—Ö:–ó^> ˇ˘
–í–∞–º —Ö–æ—á–µ—Ç—Å—è –≤—ã–ø–∏—Ç—å –æ–∑–µ—Ä–æ.

[0;32m276H[0;37m [0;32m118M[0;37m 41921–æ –ó–∞—É—á:0 –í—ã—Ö:–ó^> ˇ˘
–í–∞–º —Ö–æ—á–µ—Ç—Å—è –≤—ã–ø–∏—Ç—å –æ–∑–µ—Ä–æ.
–í—ã –ø—Ä–æ–ø–∞–ª–∏ –≤ –ø—É—Å—Ç–æ—Ç–µ —ç—Ç–æ–≥–æ –º–∏—Ä–∞.

[0;32m276H[0;37m [0;32m118M[0;37m 41921–æ –ó–∞—É—á:0 –í—ã—Ö:> ˇ˘–í—ã –≤–∑—è–ª–∏ –ª–æ–º–æ—Ç—å —Ö–ª–µ–±–∞ –∏–∑ —Ö–æ–ª—â–æ–≤–æ–≥–æ –º–µ—à–∫–∞.

[0;32m276H[0;37m [0;32m118M[0;37m 41921–æ –ó–∞—É—á:0 –í—ã—Ö:–ó^> ˇ˘–í—ã —Å—ä–µ–ª–∏ –ª–æ–º–æ—Ç—å —Ö–ª–µ–±–∞.

[0;32m276H[0;37m [0;32m118M[0;37m 41921–æ –ó–∞—É—á:0 –í—ã—Ö:–ó^> ˇ˘–í—ã –≤–∑—è–ª–∏ –ª–æ–º–æ—Ç—å —Ö–ª–µ–±–∞ –∏–∑ —Ö–æ–ª—â–æ–≤–æ–≥–æ –º–µ—à–∫–∞.

[0;32m276H[0;37m [0;32m118M[0;37m 41921–æ –ó–∞—É—á:0 –í—ã—Ö:–ó^> ˇ˘–í—ã —Å—ä–µ–ª–∏ –ª–æ–º–æ—Ç—å —Ö–ª–µ–±–∞.

[0;32m276H[0;37m [0;32m118M[0;37m 41921–æ –ó–∞—É—á:0 –í—ã—Ö:–ó^> ˇ˘–í—ã –≤–∑—è–ª–∏ –ª–æ–º–æ—Ç—å —Ö–ª–µ–±–∞ –∏–∑ —Ö–æ–ª—â–æ–≤–æ–≥–æ –º–µ—à–∫–∞.

[0;32m276H[0;37m [0;32m118M[0;37m 41921–æ –ó–∞—É—á:0 –í—ã—Ö:–ó^> ˇ˘–í—ã —Å—ä–µ–ª–∏ –ª–æ–º–æ—Ç—å —Ö–ª–µ–±–∞.

[0;32m276H[0;37m [0;32m118M[0;37m 41921–æ –ó–∞—É—á:0 –í—ã—Ö:–ó^> ˇ˘–í—ã –≤–∑—è–ª–∏ –ª–æ–º–æ—Ç—å —Ö–ª–µ–±–∞ –∏–∑ —Ö–æ–ª—â–æ–≤–æ–≥–æ –º–µ—à–∫–∞.

[0;32m276H[0;37m [0;32m118M[0;37m 41921–æ –ó–∞—É—á:0 –í—ã—Ö:–ó^> ˇ˘–í—ã —Å—ä–µ–ª–∏ –ª–æ–º–æ—Ç—å —Ö–ª–µ–±–∞.
–í—ã –Ω–∞–µ–ª–∏—Å—å.

[0;32m276H[0;37m [0;32m118M[0;37m 41921–æ –ó–∞—É—á:0 –í—ã—Ö:–ó^> ˇ˘–í—ã –≤–∑—è–ª–∏ –ª–æ–º–æ—Ç—å —Ö–ª–µ–±–∞ –∏–∑ —Ö–æ–ª—â–æ–≤–æ–≥–æ –º–µ—à–∫–∞.

[0;32m276H[0;37m [0;32m118M[0;37m 41921–æ –ó–∞—É—á:0 –í—ã—Ö:–ó^> ˇ˘–í—ã —Å–ª–∏—à–∫–æ–º —Å—ã—Ç—ã –¥–ª—è —ç—Ç–æ–≥–æ!

[0;32m276H[0;37m [0;32m118M[0;37m 41921–æ –ó–∞—É—á:0 –í—ã—Ö:–ó^> ˇ˘–í—ã –≤–∑—è–ª–∏ –ª–æ–º–æ—Ç—å —Ö–ª–µ–±–∞ –∏–∑ —Ö–æ–ª—â–æ–≤–æ–≥–æ –º–µ—à–∫–∞.

[0;32m276H[0;37m [0;32m118M[0;37m 41921–æ –ó–∞—É—á:0 –í—ã—Ö:–ó^> ˇ˘–í—ã —Å–ª–∏—à–∫–æ–º —Å—ã—Ç—ã –¥–ª—è —ç—Ç–æ–≥–æ!

[0;32m276H[0;37m [0;32m118M[0;37m 41921–æ –ó–∞—É—á:0 –í—ã—Ö:–ó^> ˇ˘–í—ã –≤–∑—è–ª–∏ –ª–æ–º–æ—Ç—å —Ö–ª–µ–±–∞ –∏–∑ —Ö–æ–ª—â–æ–≤–æ–≥–æ –º–µ—à–∫–∞.

[0;32m276H[0;37m [0;32m118M[0;37m 41921–æ –ó–∞—É—á:0 –í—ã—Ö:–ó^> ˇ˘–í—ã —Å–ª–∏—à–∫–æ–º —Å—ã—Ç—ã –¥–ª—è —ç—Ç–æ–≥–æ!

[0;32m276H[0;37m [0;32m118M[0;37m 41921–æ –ó–∞—É—á:0 –í—ã—Ö:–ó^> ˇ˘–í—ã –≤–∑—è–ª–∏ –ª–æ–º–æ—Ç—å —Ö–ª–µ–±–∞ –∏–∑ —Ö–æ–ª—â–æ–≤–æ–≥–æ –º–µ—à–∫–∞.

[0;32m276H[0;37m [0;32m118M[0;37m 41921–æ –ó–∞—É—á:0 –í—ã—Ö:–ó^> ˇ˘–í—ã —Å–ª–∏—à–∫–æ–º —Å—ã—Ç—ã –¥–ª—è —ç—Ç–æ–≥–æ!

[0;32m276H[0;37m [0;32m118M[0;37m 41921–æ –ó–∞—É—á:0 –í—ã—Ö:–ó^> ˇ˘
[1;31m–ú–∏–Ω—É–ª —á–∞—Å.[0;37m

[0;32m276H[0;37m [0;32m118M[0;37m 41921–æ –ó–∞—É—á:0 –í—ã—Ö:–ó^> ˇ˘
–í–∞–º —Ö–æ—á–µ—Ç—Å—è –≤—ã–ø–∏—Ç—å –æ–∑–µ—Ä–æ.

[0;32m276H[0;37m [0;32m118M[0;37m 41921–æ –ó–∞—É—á:0 –í—ã—Ö:–ó^> ˇ˘
–í–∞–º —Ö–æ—á–µ—Ç—Å—è –≤—ã–ø–∏—Ç—å –æ–∑–µ—Ä–æ.

[0;32m276H[0;37m [0;32m118M[0;37m 41921–æ –ó–∞—É—á:0 –í—ã—Ö:–ó^> ˇ˘
[1;31m–ú–∏–Ω—É–ª —á–∞—Å.[0;37m

[0;32m276H[0;37m [0;32m118M[0;37m 41921–æ –ó–∞—É—á:0 –í—ã—Ö:–ó^> ˇ˘
–í–∞–º —Ö–æ—á–µ—Ç—Å—è –≤—ã–ø–∏—Ç—å –æ–∑–µ—Ä–æ.

[0;32m276H[0;37m [0;32m118M[0;37m 41921–æ –ó–∞—É—á:0 –í—ã—Ö:–ó^> ˇ˘–í—ã –≤–∑—è–ª–∏ –ª–æ–º–æ—Ç—å —Ö–ª–µ–±–∞ –∏–∑ —Ö–æ–ª—â–æ–≤–æ–≥–æ –º–µ—à–∫–∞.

[0;32m276H[0;37m [0;32m118M[0;37m 41921–æ –ó–∞—É—á:0 –í—ã—Ö:–ó^> ˇ˘–í—ã —Å—ä–µ–ª–∏ –ª–æ–º–æ—Ç—å —Ö–ª–µ–±–∞.
–í—ã –Ω–∞–µ–ª–∏—Å—å.

[0;32m276H[0;37m [0;32m118M[0;37m 41921–æ –ó–∞—É—á:0 –í—ã—Ö:–ó^> ˇ˘–í—ã –Ω–µ –≤–∏–¥–∏—Ç–µ '—Ö–ª–µ–±' –≤ —Ö–æ–ª—â–æ–≤–æ–º –º–µ—à–∫–µ.

[0;32m276H[0;37m [0;32m118M[0;37m 41921–æ –ó–∞—É—á:0 –í—ã—Ö:–ó^> ˇ˘–í—ã —Å–ª–∏—à–∫–æ–º —Å—ã—Ç—ã –¥–ª—è —ç—Ç–æ–≥–æ!

[0;32m276H[0;37m [0;32m118M[0;37m 41921–æ –ó–∞—É—á:0 –í—ã—Ö:–ó^> ˇ˘–í—ã –Ω–µ –≤–∏–¥–∏—Ç–µ '—Ö–ª–µ–±' –≤ —Ö–æ–ª—â–æ–≤–æ–º –º–µ—à–∫–µ.

[0;32m276H[0;37m [0;32m118M[0;37m 41921–æ –ó–∞—É—á:0 –í—ã—Ö:–ó^> ˇ˘–í—ã —Å–ª–∏—à–∫–æ–º —Å—ã—Ç—ã –¥–ª—è —ç—Ç–æ–≥–æ!

[0;32m276H[0;37m [0;32m118M[0;37m 41921–æ –ó–∞—É—á:0 –í—ã—Ö:–ó^> ˇ˘–í—ã –Ω–µ –≤–∏–¥–∏—Ç–µ '—Ö–ª–µ–±' –≤ —Ö–æ–ª—â–æ–≤–æ–º –º–µ—à–∫–µ.

[0;32m276H[0;37m [0;32m118M[0;37m 41921–æ –ó–∞—É—á:0 –í—ã—Ö:–ó^> ˇ˘–í—ã —Å–ª–∏—à–∫–æ–º —Å—ã—Ç—ã –¥–ª—è —ç—Ç–æ–≥–æ!

[0;32m276H[0;37m [0;32m118M[0;37m 41921–æ –ó–∞—É—á:0 –í—ã—Ö:–ó^> ˇ˘–í—ã –Ω–µ –≤–∏–¥–∏—Ç–µ '—Ö–ª–µ–±' –≤ —Ö–æ–ª—â–æ–≤–æ–º –º–µ—à–∫–µ.

[0;32m276H[0;37m [0;32m118M[0;37m 41921–æ –ó–∞—É—á:0 –í—ã—Ö:–ó^> ˇ˘–í—ã —Å–ª–∏—à–∫–æ–º —Å—ã—Ç—ã –¥–ª—è —ç—Ç–æ–≥–æ!

[0;32m276H[0;37m [0;32m118M[0;37m 41921–æ –ó–∞—É—á:0 –í—ã—Ö:–ó^> ˇ˘–í—ã –Ω–µ –≤–∏–¥–∏—Ç–µ '—Ö–ª–µ–±' –≤ —Ö–æ–ª—â–æ–≤–æ–º –º–µ—à–∫–µ.

[0;32m276H[0;37m [0;32m118M[0;37m 41921–æ –ó–∞—É—á:0 –í—ã—Ö:–ó^> ˇ˘–í—ã —Å–ª–∏—à–∫–æ–º —Å—ã—Ç—ã –¥–ª—è —ç—Ç–æ–≥–æ!

[0;32m276H[0;37m [0;32m118M[0;37m 41921–æ –ó–∞—É—á:0 –í—ã—Ö:–ó^> ˇ˘–í—ã –Ω–µ –≤–∏–¥–∏—Ç–µ '—Ö–ª–µ–±' –≤ —Ö–æ–ª—â–æ–≤–æ–º –º–µ—à–∫–µ.

[0;32m276H[0;37m [0;32m118M[0;37m 41921–æ –ó–∞—É—á:0 –í—ã—Ö:–ó^> ˇ˘–í—ã —Å–ª–∏—à–∫–æ–º —Å—ã—Ç—ã –¥–ª—è —ç—Ç–æ–≥–æ!

[0;32m276H[0;37m [0;32m118M[0;37m 41921–æ –ó–∞—É—á:0 –í—ã—Ö:–ó^> ˇ˘
–í–∞–º —Ö–æ—á–µ—Ç—Å—è –≤—ã–ø–∏—Ç—å –æ–∑–µ—Ä–æ.

[0;32m276H[0;37m [0;32m118M[0;37m 41921–æ –ó–∞—É—á:0 –í—ã—Ö:–ó^> ˇ˘–í—ã –Ω–µ –≤–∏–¥–∏—Ç–µ '—Ö–ª–µ–±' –≤ —Ö–æ–ª—â–æ–≤–æ–º –º–µ—à–∫–µ.

[0;32m276H[0;37m [0;32m118M[0;37m 41921–æ –ó–∞—É—á:0 –í—ã—Ö:–ó^> ˇ˘–í—ã —Å—ä–µ–ª–∏ –ª–æ–º–æ—Ç—å —Ö–ª–µ–±–∞.
–í—ã –Ω–∞–µ–ª–∏—Å—å.

[0;32m276H[0;37m [0;32m118M[0;37m 41921–æ –ó–∞—É—á:0 –í—ã—Ö:–ó^> ˇ˘–í—ã –Ω–µ –≤–∏–¥–∏—Ç–µ '—Ö–ª–µ–±' –≤ —Ö–æ–ª—â–æ–≤–æ–º –º–µ—à–∫–µ.

[0;32m276H[0;37m [0;32m118M[0;37m 41921–æ –ó–∞—É—á:0 –í—ã—Ö:–ó^> ˇ˘–í—ã —Å–ª–∏—à–∫–æ–º —Å—ã—Ç—ã –¥–ª—è —ç—Ç–æ–≥–æ!

[0;32m276H[0;37m [0;32m118M[0;37m 41921–æ –ó–∞—É—á:0 –í—ã—Ö:–ó^> ˇ˘
[1;31m–ú–∏–Ω—É–ª —á–∞—Å.[0;37m

[0;32m276H[0;37m [0;32m118M[0;37m 41921–æ –ó–∞—É—á:0 –í—ã—Ö:–ó^> ˇ˘
–í–∞–º —Ö–æ—á–µ—Ç—Å—è –≤—ã–ø–∏—Ç—å –æ–∑–µ—Ä–æ.

[0;32m276H[0;37m [0;32m118M[0;37m 41921–æ –ó–∞—É—á:0 –í—ã—Ö:–ó^> ˇ˘–í—ã –Ω–µ –≤–∏–¥–∏—Ç–µ '—Ö–ª–µ–±' –≤ —Ö–æ–ª—â–æ–≤–æ–º –º–µ—à–∫–µ.

[0;32m276H[0;37m [0;32m118M[0;37m 41921–æ –ó–∞—É—á:0 –í—ã—Ö:–ó^> ˇ˘–í—ã —Å—ä–µ–ª–∏ –ª–æ–º–æ—Ç—å —Ö–ª–µ–±–∞.
–í—ã –Ω–∞–µ–ª–∏—Å—å.

[0;32m276H[0;37m [0;32m118M[0;37m 41921–æ –ó–∞—É—á:0 –í—ã—Ö:–ó^> ˇ˘–í—ã –Ω–µ –≤–∏–¥–∏—Ç–µ '—Ö–ª–µ–±' –≤ —Ö–æ–ª—â–æ–≤–æ–º –º–µ—à–∫–µ.

[0;32m276H[0;37m [0;32m118M[0;37m 41921–æ –ó–∞—É—á:0 –í—ã—Ö:–ó^> ˇ˘–í—ã —Å–ª–∏—à–∫–æ–º —Å—ã—Ç—ã –¥–ª—è —ç—Ç–æ–≥–æ!

[0;32m276H[0;37m [0;32m118M[0;37m 41921–æ –ó–∞—É—á:0 –í—ã—Ö:–ó^> ˇ˘–í—ã –Ω–µ –≤–∏–¥–∏—Ç–µ '—Ö–ª–µ–±' –≤ —Ö–æ–ª—â–æ–≤–æ–º –º–µ—à–∫–µ.

[0;32m276H[0;37m [0;32m118M[0;37m 41921–æ –ó–∞—É—á:0 –í—ã—Ö:–ó^> ˇ˘–í—ã —Å–ª–∏—à–∫–æ–º —Å—ã—Ç—ã –¥–ª—è —ç—Ç–æ–≥–æ!

[0;32m276H[0;37m [0;32m118M[0;37m 41921–æ –ó–∞—É—á:0 –í—ã—Ö:–ó^> ˇ˘–í—ã –Ω–µ –≤–∏–¥–∏—Ç–µ '—Ö–ª–µ–±' –≤ —Ö–æ–ª—â–æ–≤–æ–º –º–µ—à–∫–µ.

[0;32m276H[0;37m [0;32m118M[0;37m 41921–æ –ó–∞—É—á:0 –í—ã—Ö:–ó^> ˇ˘–í—ã —Å–ª–∏—à–∫–æ–º —Å—ã—Ç—ã –¥–ª—è —ç—Ç–æ–≥–æ!

[0;32m276H[0;37m [0;32m118M[0;37m 41921–æ –ó–∞—É—á:0 –í—ã—Ö:–ó^> ˇ˘–í—ã –Ω–µ –≤–∏–¥–∏—Ç–µ '—Ö–ª–µ–±' –≤ —Ö–æ–ª—â–æ–≤–æ–º –º–µ—à–∫–µ.

[0;32m276H[0;37m [0;32m118M[0;37m 41921–æ –ó–∞—É—á:0 –í—ã—Ö:–ó^> ˇ˘–í—ã —Å–ª–∏—à–∫–æ–º —Å—ã—Ç—ã –¥–ª—è —ç—Ç–æ–≥–æ!

[0;32m276H[0;37m [0;32m118M[0;37m 41921–æ –ó–∞—É—á:0 –í—ã—Ö:–ó^> ˇ˘–í—ã –Ω–µ –≤–∏–¥–∏—Ç–µ '—Ö–ª–µ–±' –≤ —Ö–æ–ª—â–æ–≤–æ–º –º–µ—à–∫–µ.

[0;32m276H[0;37m [0;32m118M[0;37m 41921–æ –ó–∞—É—á:0 –í—ã—Ö:–ó^> ˇ˘–í—ã —Å–ª–∏—à–∫–æ–º —Å—ã—Ç—ã –¥–ª—è —ç—Ç–æ–≥–æ!

[0;32m276H[0;37m [0;32m118M[0;37m 41921–æ –ó–∞—É—á:0 –í—ã—Ö:–ó^> ˇ˘–í—ã –Ω–µ –≤–∏–¥–∏—Ç–µ '—Ö–ª–µ–±' –≤ —Ö–æ–ª—â–æ–≤–æ–º –º–µ—à–∫–µ.

[0;32m276H[0;37m [0;32m118M[0;37m 41921–æ –ó–∞—É—á:0 –í—ã—Ö:–ó^> ˇ˘–í—ã —Å–ª–∏—à–∫–æ–º —Å—ã—Ç—ã –¥–ª—è —ç—Ç–æ–≥–æ!

[0;32m276H[0;37m [0;32m118M[0;37m 41921–æ –ó–∞—É—á:0 –í—ã—Ö:–ó^> ˇ˘
–í–∞–º —Ö–æ—á–µ—Ç—Å—è –≤—ã–ø–∏—Ç—å –æ–∑–µ—Ä–æ.

[0;32m276H[0;37m [0;32m118M[0;37m 41921–æ –ó–∞—É—á:0 –í—ã—Ö:–ó^> ˇ˘–í—ã –Ω–µ –≤–∏–¥–∏—Ç–µ '—Ö–ª–µ–±' –≤ —Ö–æ–ª—â–æ–≤–æ–º –º–µ—à–∫–µ.

[0;32m276H[0;37m [0;32m118M[0;37m 41921–æ –ó–∞—É—á:0 –í—ã—Ö:–ó^> ˇ˘–í—ã —Å—ä–µ–ª–∏ –ª–æ–º–æ—Ç—å —Ö–ª–µ–±–∞.
–í—ã –Ω–∞–µ–ª–∏—Å—å.

[0;32m276H[0;37m [0;32m118M[0;37m 41921–æ –ó–∞—É—á:0 –í—ã—Ö:–ó^> ˇ˘–í—ã –Ω–µ –≤–∏–¥–∏—Ç–µ '—Ö–ª–µ–±' –≤ —Ö–æ–ª—â–æ–≤–æ–º –º–µ—à–∫–µ.

[0;32m276H[0;37m [0;32m118M[0;37m 41921–æ –ó–∞—É—á:0 –í—ã—Ö:–ó^> ˇ˘–í—ã —Å–ª–∏—à–∫–æ–º —Å—ã—Ç—ã –¥–ª—è —ç—Ç–æ–≥–æ!

[0;32m276H[0;37m [0;32m118M[0;37m 41921–æ –ó–∞—É—á:0 –í—ã—Ö:–ó^> ˇ˘–í—ã –Ω–µ –≤–∏–¥–∏—Ç–µ '—Ö–ª–µ–±' –≤ —Ö–æ–ª—â–æ–≤–æ–º –º–µ—à–∫–µ.

[0;32m276H[0;37m [0;32m118M[0;37m 41921–æ –ó–∞—É—á:0 –í—ã—Ö:–ó^> ˇ˘–í—ã —Å–ª–∏—à–∫–æ–º —Å—ã—Ç—ã –¥–ª—è —ç—Ç–æ–≥–æ!

[0;32m276H[0;37m [0;32m118M[0;37m 41921–æ –ó–∞—É—á:0 –í—ã—Ö:–ó^> ˇ˘
[1;31m–ú–∏–Ω—É–ª —á–∞—Å.[0;37m

[0;32m276H[0;37m [0;32m118M[0;37m 41921–æ –ó–∞—É—á:0 –í—ã—Ö:–ó^> ˇ˘
–í–∞–º —Ö–æ—á–µ—Ç—Å—è –≤—ã–ø–∏—Ç—å –æ–∑–µ—Ä–æ.

[0;32m276H[0;37m [0;32m118M[0;37m 41921–æ –ó–∞—É—á:0 –í—ã—Ö:–ó^> ˇ˘
–í–∞–º —Ö–æ—á–µ—Ç—Å—è –≤—ã–ø–∏—Ç—å –æ–∑–µ—Ä–æ.

[0;32m276H[0;37m [0;32m118M[0;37m 41921–æ –ó–∞—É—á:0 –í—ã—Ö:–ó^> ˇ˘–≠—Ç–∞ –∫–æ–º–∞–Ω–¥–∞ –Ω–µ–¥–æ—Å—Ç—É–ø–Ω–∞ –≤ —ç—Ç–æ–º –º–µ—Å—Ç–µ!

[0;32m276H[0;37m [0;32m118M[0;37m 41921–æ –ó–∞—É—á:0 –í—ã—Ö:–ó^> ˇ˘–í—ã –ø–æ–ø–ª–µ–ª–∏—Å—å –≤–≤–µ—Ä—Ö.
[1;36m–ö–æ–º–Ω–∞—Ç—ã –æ—Ç–¥—ã—Ö–∞ [5000][0;37m
   –•–æ–∑—è–∏–Ω —É—Å—Ç—Ä–æ–∏–ª –∑–¥–µ—Å—å –∫–æ–º–Ω–∞—Ç—ã –¥–ª—è –æ—Ç–¥—ã—Ö–∞. –õ—é–±–æ–π –∂–µ–ª–∞—é—â–∏–π –º–æ–∂–µ—Ç –æ—Å—Ç–∞–Ω–æ–≤–∏—Ç—å—Å—è
–∑–¥–µ—Å—å –∏ –ø–µ—Ä–µ–¥–æ—Ö–Ω—É—Ç—å –ø–æ—Å–ª–µ –¥–∞–ª—å–Ω–µ–π –¥–æ—Ä–æ–≥–∏. –°–≤–µ—Ç–ª—ã–µ –≥–æ—Ä–Ω–∏—Ü—ã —Ç–∞–∫ –∏ –ø—Ä–∏–≥–ª–∞—à–∞—é—Ç
–ø—Ä–æ–π—Ç–∏ –≤ –Ω–∏—Ö –∏ —Ä–∞—Å—Ç—è–Ω—É—Ç—å—Å—è –Ω–∞ –ø–µ—Ä–∏–Ω–µ, –Ω–∞ –ø—É—Ö–æ–≤–æ–π –¥–∞ –∑–∞–±—ã—Ç—å—Å—è —Å–Ω–æ–º –±–æ–≥–∞—Ç—ã—Ä—Å–∫–∏–º.
–ó–¥–µ—Å—å –∂–µ –º–æ–∂–Ω–æ –ø–æ–¥–æ–∂–¥–∞—Ç—å —Å–≤–æ–∏—Ö –∫–æ–º–ø–∞–Ω—å–æ–Ω–æ–≤ –ø–µ—Ä–µ–¥ –¥–æ–ª–≥–æ–π –¥–æ—Ä–æ–≥–æ–π, –ø–æ–≥–æ–≤–æ—Ä–∏—Ç—å
–æ –¥–∞–ª—å–Ω–µ–π—à–∏—Ö –ø–ª–∞–Ω–∞—Ö.
[1;32m–°–æ–≤—Å–µ–º –º–∞–ª—ã—Ö, –¥–∞ –Ω–µ –æ–±—É—á–µ–Ω–Ω—ã—Ö —Ç–∞–∫ –∏ —Ç—è–Ω–µ—Ç [1;33m–≤–æ–π—Ç–∏ [1;32m–≤ [1;33m—à–∫–æ–ª—É[1;32m.[0;0m
[0;36m[ Exits: d ][0;37m
[1;33m–î–æ—Å–∫–∞ –¥–ª—è —Ä–∞–∑–ª–∏—á–Ω—ã—Ö –∑–∞–º–µ—Ç–æ–∫ –∏ –æ–±—ä—è–≤–ª–µ–Ω–∏–π –ø—Ä–∏–±–∏—Ç–∞ —Ç—É—Ç ..–±–ª–µ—Å—Ç–∏—Ç!
[1;31m–ü–æ–ª—è–Ω–∏–Ω –î–æ—Ä–º–∞–Ω —Å—Ç–æ–∏—Ç –∑–¥–µ—Å—å. 
–•–æ–∑—è–π–∫–∞ –ø–æ—Å—Ç–æ—è–ª–æ–≥–æ –¥–≤–æ—Ä–∞ —Ä–∞—Å–ø–æ—Ä—è–∂–∞–µ—Ç—Å—è –∑–¥–µ—Å—å.
[0;0m
[0;32m276H[0;37m [0;32m117M[0;37m 41921–æ –ó–∞—É—á:0 –í—ã—Ö:v> ˇ˘–•–æ–∑—è–π–∫–∞ —Å–∫–∞–∑–∞–ª–∞ –≤–∞–º : "–û–¥–µ—Ç—ã–π —Å–ø–∞—Ç—å –±—É–¥–µ—à—å? –•–º.. –ù—É —Å–º–æ—Ç—Ä–∏, —Ç–æ–≥–¥–∞ –¥–µ—à–µ–≤–ª–µ –≤–æ–∑—å–º—É"
[1;37m - 0 –∫—É–Ω (0 –µ—Å–ª–∏ —Å–Ω—è—Ç—å) –∑–∞ –ª–µ–≥–∫–∏–π –ª–∞—Ç–Ω—ã–π –¥–æ—Å–ø–µ—Ö [0;37m
[1;37m - 0 –∫—É–Ω (0 –µ—Å–ª–∏ —Å–Ω—è—Ç—å) –∑–∞ –ª–µ–≥–∫–∏–π –ª–∞—Ç–Ω—ã–π —à–ª–µ–º [0;37m
[1;37m - 0 –∫—É–Ω (0 –µ—Å–ª–∏ —Å–Ω—è—Ç—å) –∑–∞ –ª–µ–≥–∫–∏–µ –ª–∞—Ç–Ω—ã–µ –ø–æ–Ω–æ–∂–∏ [0;37m
[1;37m - 10 –∫—É–Ω (100 –µ—Å–ª–∏ —Å–Ω—è—Ç—å) –∑–∞ –¥—Ä–∞–Ω—ã–µ —Å–∞–ø–æ–≥–∏ [0;37m
[1;37m - 24 –∫—É–Ω—ã (240 –µ—Å–ª–∏ —Å–Ω—è—Ç—å) –∑–∞ —à–∫—É—Ä—É –º–µ–¥–≤–µ–¥—è [0;37m
[1;37m - 1 –∫—É–Ω–∞ (10 –µ—Å–ª–∏ —Å–Ω—è—Ç—å) –∑–∞ –±—Ä–æ–Ω–∑–æ–≤—É—é —Å–µ–∫–∏—Ä—É [0;37m
[1;37m - 1 –∫—É–Ω–∞ (13 –µ—Å–ª–∏ —Å–Ω—è—Ç—å) –∑–∞ –±—Ä–æ–Ω–∑–æ–≤—ã–π –∫–∏—Å—Ç–µ–Ω—å [0;37m
–•–æ–∑—è–π–∫–∞ —Å–∫–∞–∑–∞–ª–∞ –≤–∞–º : "–≠—Ç–æ —è –≤ —á—É–ª–∞–Ω–µ –∑–∞–ø—Ä—É:"
 - 0 –∫—É–Ω –∑–∞ –ª–æ–º–æ—Ç—å —Ö–ª–µ–±–∞ 
 - 5 –∫—É–Ω (5 –µ—Å–ª–∏ –Ω–∞–¥–µ—Ç—å) –∑–∞ —Ö–æ–ª—â–æ–≤—ã–π –º–µ—à–æ–∫ 
 - 60 –∫—É–Ω (6 –µ—Å–ª–∏ –Ω–∞–¥–µ—Ç—å) –∑–∞ —Ä—ã–±—å—é –∫–æ—Å—Ç—å [2] 
 - 2 –∫—É–Ω—ã –∑–∞ –º–∞–ª—ã–π –º–µ—Ö 
 - 100 –∫—É–Ω (5 –µ—Å–ª–∏ –Ω–∞–¥–µ—Ç—å) –∑–∞ –∫—É—Ö–æ–Ω–Ω—ã–π –Ω–æ–∂ 
 - 100 –∫—É–Ω (10 –µ—Å–ª–∏ –Ω–∞–¥–µ—Ç—å) –∑–∞ –¥—É–±–æ–≤—ã–π —â–∏—Ç 
–•–æ–∑—è–π–∫–∞ —Å–∫–∞–∑–∞–ª–∞ –≤–∞–º : "–í —Å—É–º–º–µ —ç—Ç–æ —Å–æ—Å—Ç–∞–≤–∏—Ç 303 –∫—É–Ω—ã –≤ –¥–µ–Ω—å ."
–•–æ–∑—è–π–∫–∞ —Å–∫–∞–∑–∞–ª–∞ –≤–∞–º : "–¢–∞–∫ —É–∂ –∏ –±—ã—Ç—å, —è —Å–∫–æ—â—É —Ç–µ–±–µ –ø–æ–ª–æ–≤–∏–Ω—É."
–•–æ–∑—è–π–∫–∞ —Å–∫–∞–∑–∞–ª–∞ –≤–∞–º :

"–ü–æ—Å—Ç–æ–π –æ–±–æ–π–¥–µ—Ç—Å—è —Ç–µ–±–µ –≤ 151 –∫—É–Ω—É."
"–¢–≤–æ–∏—Ö –¥–µ–Ω–µ–≥ —Ö–≤–∞—Ç–∏—Ç –Ω–∞ 8 –¥–Ω–µ–π."
–•–æ–∑—è–π–∫–∞ –∑–∞–ø–µ—Ä–ª–∞ –≤–∞—à–∏ –≤–µ—â–∏ –≤ —Å—É–Ω–¥—É–∫ –∏ –ø–æ–≤–µ–ª–∞ –≤ —Ç–µ—Å–Ω—É—é –∫–∞–º–æ—Ä–∫—É.

0) –û—Ç—Å–æ–µ–¥–∏–Ω–∏—Ç—å—Å—è.
1) –ù–∞—á–∞—Ç—å –∏–≥—Ä—É.
2) –í–≤–µ—Å—Ç–∏ –æ–ø–∏—Å–∞–Ω–∏–µ –≤–∞—à–µ–≥–æ –ø–µ—Ä—Å–æ–Ω–∞–∂–∞.
3) –£–∑–Ω–∞—Ç—å –∏—Å—Ç–æ—Ä–∏—é.
4) –ò–∑–º–µ–Ω–∏—Ç—å –ø–∞—Ä–æ–ª—å.
5) –£–¥–∞–ª–∏—Ç—å –ø–µ—Ä—Å–æ–Ω–∞–∂–∞.
6) –ò–∑–º–µ–Ω–∏—Ç—å –ø–∞—Ä–∞–º–µ—Ç—Ä—ã –ø–µ—Ä—Å–æ–Ω–∞–∂–∞.
7) –í–∫–ª—é—á–∏—Ç—å/–≤—ã–∫–ª—é—á–∏—Ç—å —Ä–µ–∂–∏–º —Å–ª–µ–ø–æ–≥–æ –∏–≥—Ä–æ–∫–∞.
8) –ü–æ—Å–º–æ—Ç—Ä–µ—Ç—å –≤—Å–µ—Ö –ø–µ—Ä—Å–æ–Ω–∞–∂–µ–π –Ω–∞ –¥–∞–Ω–Ω–æ–º email'e.

   –ß–µ–≥–æ –≤–∞—à–∞ –¥—É—à–∞ –∂–µ–ª–∞–µ—Ç? ˇ˘
–î–æ –≤—Å—Ç—Ä–µ—á–∏ –Ω–∞ –∑–µ–º–ª–µ –ö–∏–µ–≤—Å–∫–æ–π.
–í —Å–ª—É—á–∞–µ –≤–∞—à–µ–≥–æ –æ—Ç—Å—É—Ç—Å—Ç–≤–∏—è –ø–µ—Ä—Å–æ–Ω–∞–∂ –±—É–¥–µ—Ç —Ö—Ä–∞–Ω–∏—Ç—å—Å—è –¥–æ 01:31:04 23 –ê–ø—Ä–µ–ª—è 2020 –≥–æ–¥–∞ –Ω–∞—à–µ–π —ç—Ä—ã :).
ˇ˘