ˇ˚Eˇ˚Vˇ˚U
Online: 118

Using keytable
  0) Koi-8
  1) Alt
  2) Windows(JMC,MMC)
  3) Windows(zMUD)
  4) Windows(zMUD 'z')
  5) UTF-8
  6) Windows(zMUD <6.39)
  9) TECT...
Select one :  -----------------------------------------------------------------------------                   
          Based On CircleMUD v3.0   Created by Jeremy Elson,   
          DikuMUD Gamma 0.0  by Sebastian Hammer, Michael Seifert, 
          Hans Henrik Staerfeldt, Tom Madsen, Katja Nyboe
 _____________________________________________________________________________

    #######
    ##    
    ##        ####    ####      ####  ####  ####  ####  ####  ####    ####
    #######    ######  ##     ## ##    ##  ####    ##    ##    ######  ##
    ##    ##   ##   ## ##    ##  ##    ####  ##    ########    ##   ## ##
    ##    ##   ##   ## ##    ##  ##    ###   ##    ##    ##    ##   ## ##
    #######   ####### ####  ###  ###  ####  ####  ####  ####  ####### ####

                   –ü–û –ü–†–ï–î–ê–ù–ò–Ø–ú –†–£–°–°–ö–ò–• –ù–ê–†–û–î–ù–´–• –°–ö–ê–ó–û–ö –ò –ë–´–õ–ò–ù.

             –ü–æ –∞–¥–º–∏–Ω–∏—Å—Ç—Ä–∞—Ç–∏–≤–Ω—ã–º –≤–æ–ø—Ä–æ—Å–∞–º –º–æ–∂–µ—Ç–µ —Å–≤—è–∑–∞—Ç—å—Å—è —Å –°—Ç—Ä–∏–±–æ–≥–æ–º
                          e-mail: stribog@bylins.su

                      –ü–æ—Å–µ—Ç–∏—Ç–µ –Ω–∞—à —Å–∞–π—Ç: www.bylins.su
                –î–ª—è –±–æ–ª–µ–µ –ø–æ–¥—Ä–æ–±–Ω–æ–π –∏–≥—Ä–æ–≤–æ–π –∏–Ω—Ñ–æ—Ä–º–∞—Ü–∏–∏ –ø–æ—Å–µ—Ç–∏—Ç–µ 
                         https://wiki.bylins.su

–í–≤–µ–¥–∏—Ç–µ –∏–º—è –ø–µ—Ä—Å–æ–Ω–∞–∂–∞ (–∏–ª–∏ "–Ω–æ–≤—ã–π" –¥–ª—è —Å–æ–∑–¥–∞–Ω–∏—è –Ω–æ–≤–æ–≥–æ): –ü–µ—Ä—Å–æ–Ω–∞–∂ —Å —Ç–∞–∫–∏–º –∏–º–µ–Ω–µ–º —É–∂–µ —Å—É—â–µ—Å—Ç–≤—É–µ—Ç. –í–≤–µ–¥–∏—Ç–µ –ø–∞—Ä–æ–ª—å : ˇ˘

–ü–æ—Å–ª–µ–¥–Ω–∏–π —Ä–∞–∑ –≤—ã –∑–∞—Ö–æ–¥–∏–ª–∏ –∫ –Ω–∞–º –≤ 10:45:10  3 –î–µ–∫–∞–±—Ä—è 2021 –≥–æ–¥–∞ —Å –∞–¥—Ä–µ—Å–∞ (69.181.166.191).

* –í —Å–≤—è–∑–∏ —Å –ø—Ä–æ–±–ª–µ–º–∞–º–∏ –ø–µ—Ä–µ–≤–æ–¥–∞ —Ñ—Ä–∞–∑—ã ANYKEY –Ω–∞–∂–º–∏—Ç–µ ENTER *ˇ˘
  –î–æ–±—Ä–æ –ø–æ–∂–∞–ª–æ–≤–∞—Ç—å –Ω–∞ –∑–µ–º–ª—é –ö–∏–µ–≤—Å–∫—É—é, –±–æ–≥–∞—Ç—É—é –∏—Å—Ç–æ—Ä–∏–µ–π –∏ —Å–∞–º—ã–º–∏ –Ω–µ–≤–µ—Ä–æ—è—Ç–Ω—ã–º–∏
–ø—Ä–∏–∫–ª—é—á–µ–Ω–∏—è–º–∏. –í–æ–∑–º–æ–∂–Ω–æ, –≤–∞–º –æ–Ω–∏ –ø–æ–Ω—Ä–∞–≤—è—Ç—Å—è, –∏ –≤—ã —Å—Ç–∞–Ω–µ—Ç–µ –≤ –æ–¥–∏–Ω —Ä—è–¥ —Å –≥–µ—Ä–æ—è–º–∏
–¥–∞–≤–Ω–æ –º–∏–Ω—É–≤—à–∏—Ö –¥–Ω–µ–π.

[1;37m** –ù–∞ —Å–µ–π —Ä–∞–∑ –ø–æ—Å—Ç–æ–π –±—ã–ª –±–µ—Å–ø–ª–∞—Ç–Ω—ã–º **[0;37m

–í–∞—Å –æ–∂–∏–¥–∞—é—Ç —Å–æ–æ–±—â–µ–Ω–∏—è:
  15 –≤ —Ä–∞–∑–¥–µ–ª–µ '–ë–∞–∑–∞—Ä–Ω–∞—è –ø–ª–æ—â–∞–¥—å' [1;37m(–í–µ—á–µ)[0;37m.
   7 –≤ —Ä–∞–∑–¥–µ–ª–µ '–ò–¥–µ–∏ –∏ –∏—Ö –æ–±—Å—É–∂–¥–µ–Ω–∏–µ' [1;37m(–ò–¥–µ–∏)[0;37m.
[1;36m–ö–æ–º–Ω–∞—Ç—ã –æ—Ç–¥—ã—Ö–∞ [5000][0;37m
   –•–æ–∑—è–∏–Ω —É—Å—Ç—Ä–æ–∏–ª –∑–¥–µ—Å—å –∫–æ–º–Ω–∞—Ç—ã –¥–ª—è –æ—Ç–¥—ã—Ö–∞. –õ—é–±–æ–π –∂–µ–ª–∞—é—â–∏–π –º–æ–∂–µ—Ç –æ—Å—Ç–∞–Ω–æ–≤–∏—Ç—å—Å—è
–∑–¥–µ—Å—å –∏ –ø–µ—Ä–µ–¥–æ—Ö–Ω—É—Ç—å –ø–æ—Å–ª–µ –¥–∞–ª—å–Ω–µ–π –¥–æ—Ä–æ–≥–∏. –°–≤–µ—Ç–ª—ã–µ –≥–æ—Ä–Ω–∏—Ü—ã —Ç–∞–∫ –∏ –ø—Ä–∏–≥–ª–∞—à–∞—é—Ç
–ø—Ä–æ–π—Ç–∏ –≤ –Ω–∏—Ö –∏ —Ä–∞—Å—Ç—è–Ω—É—Ç—å—Å—è –Ω–∞ –ø–µ—Ä–∏–Ω–µ, –Ω–∞ –ø—É—Ö–æ–≤–æ–π –¥–∞ –∑–∞–±—ã—Ç—å—Å—è —Å–Ω–æ–º –±–æ–≥–∞—Ç—ã—Ä—Å–∫–∏–º.
–ó–¥–µ—Å—å –∂–µ –º–æ–∂–Ω–æ –ø–æ–¥–æ–∂–¥–∞—Ç—å —Å–≤–æ–∏—Ö –∫–æ–º–ø–∞–Ω—å–æ–Ω–æ–≤ –ø–µ—Ä–µ–¥ –¥–æ–ª–≥–æ–π –¥–æ—Ä–æ–≥–æ–π, –ø–æ–≥–æ–≤–æ—Ä–∏—Ç—å
–æ –¥–∞–ª—å–Ω–µ–π—à–∏—Ö –ø–ª–∞–Ω–∞—Ö.
[1;32m–°–æ–≤—Å–µ–º –º–∞–ª—ã—Ö, –¥–∞ –Ω–µ –æ–±—É—á–µ–Ω–Ω—ã—Ö —Ç–∞–∫ –∏ —Ç—è–Ω–µ—Ç [1;33m–≤–æ–π—Ç–∏ [1;32m–≤ [1;33m—à–∫–æ–ª—É[1;32m.[0;0m
[0;36m[ Exits: d ][0;37m
[1;33m–î–æ—Å–∫–∞ –¥–ª—è —Ä–∞–∑–ª–∏—á–Ω—ã—Ö –∑–∞–º–µ—Ç–æ–∫ –∏ –æ–±—ä—è–≤–ª–µ–Ω–∏–π –ø—Ä–∏–±–∏—Ç–∞ —Ç—É—Ç ..–±–ª–µ—Å—Ç–∏—Ç!
[1;31m–•–æ–∑—è–π–∫–∞ –ø–æ—Å—Ç–æ—è–ª–æ–≥–æ –¥–≤–æ—Ä–∞ —Ä–∞—Å–ø–æ—Ä—è–∂–∞–µ—Ç—Å—è –∑–¥–µ—Å—å.
[0;0m
–î–µ—Ä–µ–≤–Ω—è —É —Ä–µ–∫–∏ (2-–∞—è —Ä–æ–¥–æ–≤–∞—è).

[0;32m182H[0;37m [0;32m94M[0;37m 13818–æ –ó–∞—É—á:0 –í—ã—Ö:v> ˇ˘
[0;36m[–æ—Ñ—Ñ—Ç–æ–ø] –°–º–∞–≥–∞ : '–≥–ª–æ–±–∞–ª –∫–≤–µ—Å—Ç –ø–æ –ø–æ–∏—Å–∫—É —Å–ª–∞–≤–Ω–æ–≥–æ —Å–∞–ª–∞'
[0;37m
[0;32m182H[0;37m [0;32m95M[0;37m 13818–æ –ó–∞—É—á:0 –í—ã—Ö:v> ˇ˘[1;36m–ö–æ–º–Ω–∞—Ç—ã –æ—Ç–¥—ã—Ö–∞ [5000][0;37m
   –•–æ–∑—è–∏–Ω —É—Å—Ç—Ä–æ–∏–ª –∑–¥–µ—Å—å –∫–æ–º–Ω–∞—Ç—ã –¥–ª—è –æ—Ç–¥—ã—Ö–∞. –õ—é–±–æ–π –∂–µ–ª–∞—é—â–∏–π –º–æ–∂–µ—Ç –æ—Å—Ç–∞–Ω–æ–≤–∏—Ç—å—Å—è
–∑–¥–µ—Å—å –∏ –ø–µ—Ä–µ–¥–æ—Ö–Ω—É—Ç—å –ø–æ—Å–ª–µ –¥–∞–ª—å–Ω–µ–π –¥–æ—Ä–æ–≥–∏. –°–≤–µ—Ç–ª—ã–µ –≥–æ—Ä–Ω–∏—Ü—ã —Ç–∞–∫ –∏ –ø—Ä–∏–≥–ª–∞—à–∞—é—Ç
–ø—Ä–æ–π—Ç–∏ –≤ –Ω–∏—Ö –∏ —Ä–∞—Å—Ç—è–Ω—É—Ç—å—Å—è –Ω–∞ –ø–µ—Ä–∏–Ω–µ, –Ω–∞ –ø—É—Ö–æ–≤–æ–π –¥–∞ –∑–∞–±—ã—Ç—å—Å—è —Å–Ω–æ–º –±–æ–≥–∞—Ç—ã—Ä—Å–∫–∏–º.
–ó–¥–µ—Å—å –∂–µ –º–æ–∂–Ω–æ –ø–æ–¥–æ–∂–¥–∞—Ç—å —Å–≤–æ–∏—Ö –∫–æ–º–ø–∞–Ω—å–æ–Ω–æ–≤ –ø–µ—Ä–µ–¥ –¥–æ–ª–≥–æ–π –¥–æ—Ä–æ–≥–æ–π, –ø–æ–≥–æ–≤–æ—Ä–∏—Ç—å
–æ –¥–∞–ª—å–Ω–µ–π—à–∏—Ö –ø–ª–∞–Ω–∞—Ö.
[1;32m–°–æ–≤—Å–µ–º –º–∞–ª—ã—Ö, –¥–∞ –Ω–µ –æ–±—É—á–µ–Ω–Ω—ã—Ö —Ç–∞–∫ –∏ —Ç—è–Ω–µ—Ç [1;33m–≤–æ–π—Ç–∏ [1;32m–≤ [1;33m—à–∫–æ–ª—É[1;32m.[0;0m
[0;36m[ Exits: d ][0;37m
[1;33m–î–æ—Å–∫–∞ –¥–ª—è —Ä–∞–∑–ª–∏—á–Ω—ã—Ö –∑–∞–º–µ—Ç–æ–∫ –∏ –æ–±—ä—è–≤–ª–µ–Ω–∏–π –ø—Ä–∏–±–∏—Ç–∞ —Ç—É—Ç ..–±–ª–µ—Å—Ç–∏—Ç!
[1;31m–•–æ–∑—è–π–∫–∞ –ø–æ—Å—Ç–æ—è–ª–æ–≥–æ –¥–≤–æ—Ä–∞ —Ä–∞—Å–ø–æ—Ä—è–∂–∞–µ—Ç—Å—è –∑–¥–µ—Å—å.
[0;0m
–î–µ—Ä–µ–≤–Ω—è —É —Ä–µ–∫–∏ (2-–∞—è —Ä–æ–¥–æ–≤–∞—è).

[0;32m182H[0;37m [0;32m95M[0;37m 13818–æ –ó–∞—É—á:0 –í—ã—Ö:v> ˇ˘–í—ã –ø–æ–ø–ª–µ–ª–∏—Å—å –≤–Ω–∏–∑.
[1;36m–ü–æ—Å—Ç–æ—è–ª—ã–π –¥–≤–æ—Ä [5001][0;37m
   –î–µ—Ä–µ–≤–Ω—è —Ö–æ—Ç—å –∏ –Ω–µ–±–æ–ª—å—à–∞—è, –Ω–æ –ø–æ—Å—Ç–æ—è–ª—ã–π –¥–≤–æ—Ä –∏–º–µ–µ—Ç—Å—è, –¥–ª—è –∑–∞–µ–∑–∂–∏—Ö –≥–æ—Å—Ç–µ–π,
—á—Ç–æ–±—ã –±—ã–ª–æ –≥–¥–µ –ø–µ—Ä–µ–≤–µ—Å—Ç–∏ –¥—É—Ö, –µ–¥–æ–π –∏ –ø–∏—Ç—å–µ–º –∑–∞–ø–∞—Å—Ç–∏—Å—å. –ê –µ—Å–ª–∏ –Ω–∞ –¥–≤–æ—Ä–µ —É–∂
–Ω–æ—á—å –∏–ª—å –ø—Ä–æ—Å—Ç–æ –Ω–∞–¥–æ –æ—Å—Ç–∞–Ω–æ–≤–∏—Ç—Å—è –Ω–∞ –¥–µ–Ω—å –¥—Ä—É–≥–æ–π –≤ –¥–µ—Ä–µ–≤–Ω–µ, –∞ —Ä–æ–¥—Å—Ç–≤–µ–Ω–Ω–∏–∫–æ–≤
–Ω–µ—Ç, —Ç–∞–∫ –º–æ–∂–Ω–æ –∏ –ø–µ—Ä–µ–Ω–æ—á–µ–≤–∞—Ç—å –≤ –≥–æ—Ä–Ω–∏—Ü–∞—Ö –Ω–∞–≤–µ—Ä—Ö—É.
[0;36m[ Exits: w u ][0;37m
[1;33m[1;31m–°–µ–¥–æ–≤–ª–∞—Å—ã–π —Å–∫–∞–∑–∏—Ç–µ–ª—å –≥–æ—Ç–æ–≤ –ø–æ–¥–µ–ª–∏—Ç—å—Å—è —Å –í–∞–º–∏ –∏–Ω—Ç–µ—Ä–µ—Å–Ω–æ–π –∏—Å—Ç–æ—Ä–∏–µ–π.
–¢—Ä–∞–∫—Ç–∏—Ä—â–∏–∫ –æ—Ç–¥—ã—Ö–∞–µ—Ç –∑–∞ —Å—Ç–æ–π–∫–æ–π.
[0;0m
[0;32m182H[0;37m [0;32m94M[0;37m 13818–æ –ó–∞—É—á:0 –í—ã—Ö:–ó^> ˇ˘
—Å–∫–∞–∑–∏—Ç–µ–ª—å, –∑–∞–≤–∏–¥–µ–≤ –≤–∞—Å, —à–∏—Ä–æ–∫–æ —É–ª—ã–±–Ω—É–ª—Å—è.
—Å–∫–∞–∑–∏—Ç–µ–ª—å —Å–∫–∞–∑–∞–ª : '–ë–æ–≥–∞—Ç—ã—Ä—å - —Ö–æ—Ä–æ—à–∞—è –ø—Ä–æ—Ñ–µ—Å—Å–∏—è'
—Å–∫–∞–∑–∏—Ç–µ–ª—å —Å–∫–∞–∑–∞–ª : '–ï—Å—Ç—å —É –º–µ–Ω—è –æ–¥–Ω–∞ –Ω–µ–ø–ª–æ—Ö–∞—è —Å–∫–∞–∑–∫–∞ –ø—Ä–æ –≤–∞—à–µ–≥–æ –±—Ä–∞—Ç–∞'

[0;32m182H[0;37m [0;32m94M[0;37m 13818–æ –ó–∞—É—á:0 –í—ã—Ö:–ó^> ˇ˘–í—ã –ø–æ–ø–ª–µ–ª–∏—Å—å –Ω–∞ –∑–∞–ø–∞–¥.
[1;36m–ü–µ—Ä–µ–¥ –ø–æ—Å—Ç–æ—è–ª—ã–º –¥–≤–æ—Ä–æ–º [5005][0;37m
   –ß—É—Ç—å –Ω–µ —Å–ø–æ—Ç–∫–Ω—É–≤—à–∏—Å—å –æ –¥–æ—Å–∫—É, –ª–µ–∂–∞—â—É—é —Å—Ä–∞–∑—É —É –ø–æ—Ä–æ–≥–∞ –ø–æ—Å—Ç–æ—è–ª–æ–≥–æ –¥–≤–æ—Ä–∞,
–≤—ã –æ–∫–∞–∑–∞–ª–∏—Å—å –Ω–∞ —Ü–µ–Ω—Ç—Ä–∞–ª—å–Ω–æ–π —É–ª–∏—Ü–µ –¥–µ—Ä–µ–≤–Ω–∏. –ò–º–µ–Ω–Ω–æ –Ω–∞ —ç—Ç–æ–π —É–ª–∏—Ü–µ –º–æ–∂–Ω–æ 
–±—ã—Å—Ç—Ä–æ –Ω–∞–π—Ç–∏ –ª–∞–≤–∫—É —Ä–µ–º–µ—Å–ª–µ–Ω–Ω–∏–∫–∞, –¥–æ–º –∑–Ω–∞—Ö–∞—Ä—è, –∫–æ–Ω—é—à–Ω—é –∏ –¥–æ–º —Å—Ç–∞—Ä–µ–π—à–∏–Ω—ã.
–í —é–∂–Ω–æ–π —á–∞—Å—Ç–∏ –¥–µ—Ä–µ–≤–Ω–∏ –ø–æ—Å–µ–ª–∏–ª–∏—Å—å –≤–æ—Ä–æ–∂–µ–∏.
[0;36m[ Exits: n e s w ][0;37m
[1;33m[1;31m[0;0m
[0;32m182H[0;37m [0;32m94M[0;37m 13818–æ –ó–∞—É—á:0 –í—ã—Ö:–°–í–Æ–ó> ˇ˘–í—ã –ø–æ–ø–ª–µ–ª–∏—Å—å –Ω–∞ —Å–µ–≤–µ—Ä.
[1;36m–ö —Ü–µ–Ω—Ç—Ä—É –¥–µ—Ä–µ–≤–Ω–∏ [5006][0;37m
   –ü–æ–Ω–µ–º–Ω–æ–≥—É –æ—Å—Ç–∞—é—Ç—Å—è –ø–æ–∑–∞–¥–∏ –≥–ª–∞–≤–Ω—ã–µ –¥–æ–º–∞ –¥–µ—Ä–µ–≤–Ω–∏, –∏ –≤–æ–∫—Ä—É–≥ –æ—Ç–∫—Ä—ã–≤–∞–µ—Ç—Å—è –æ–±—ã—á–Ω—ã–π
–¥–µ—Ä–µ–≤–µ–Ω—Å–∫–∏–π –≤–∏–¥. –ö—Ä–µ–ø–∫–∏–µ –¥–æ–º–∞ —Å –º–∞–ª–µ–Ω—å–∫–∏–º–∏ –æ–∫–Ω–∞–º–∏, –Ω–æ –Ω–µ–∏–∑–º–µ–Ω–Ω—ã–º–∏ —Ç—Ä—É–±–∞–º–∏
–ø–µ—á–µ–π. –ò–∑–≥–æ—Ä–æ–¥—å, —Å—Ç–æ—è—â–∞—è –∑–∞ –¥–æ–º–∞–º–∏ –≤–¥–æ–ª—å –ª–µ—Å–∞ –∏ –∑–∞—â–∏—â–∞—é—â–∞—è –¥–µ—Ä–µ–≤–Ω—é —Å —Ç—ã–ª–∞. 
–ù–µ—Ç–æ—Ä–æ–ø–ª–∏–≤—ã–π –ª—é–¥, –∏–¥—É—â–∏–π –ø–æ —Å–≤–æ–∏–º –∏–∑–≤–µ—á–Ω—ã–º –¥–µ–ª–∞–º.
[0;36m[ Exits: n e s w ][0;37m
[1;33m[1;31m[0;0m
[0;32m182H[0;37m [0;32m94M[0;37m 13818–æ –ó–∞—É—á:0 –í—ã—Ö:–°–í–Æ–ó> ˇ˘–í—ã –ø–æ–ø–ª–µ–ª–∏—Å—å –Ω–∞ –∑–∞–ø–∞–¥.
[1;36m–ó–∞–±—Ä–æ—à–µ–Ω–Ω—ã–π –¥–æ–º [5023][0;37m
   –° –≤–∏–¥—É —Ö–æ—Ä–æ—à–∏–π –¥–æ–º —Å—Ç–æ–∏—Ç –Ω–∞ —Ü–µ–Ω—Ç—Ä–∞–ª—å–Ω–æ–π —É–ª–∏—Ü–µ —Å—Ä–µ–¥–∏ –±–æ–ª—å—à–∏—Ö –∏ –±–æ–≥–∞—Ç—ã—Ö
–¥–æ–º–æ–≤. –ó–∞–∫–æ–ª–æ—á–µ–Ω—ã —Å—Ç–∞–≤–Ω–∏, –∑–∞–ø—É—Å—Ç–µ–Ω—å–µ –≤–æ –¥–≤–æ—Ä–µ. –ß—Ç–æ –∑–∞ –Ω–∞–ø–∞—Å—Ç—å –∑–∞—Å—Ç–∞–≤–∏–ª–∞ 
—Ö–æ–∑—è–µ–≤ –ø–æ–∫–∏–Ω—É—Ç—å —Å–≤–æ–µ –∂–∏–ª–∏—â–µ –∏ –∏—Å–∫–∞—Ç—å –Ω–æ–≤–æ–µ –º–µ—Å—Ç–æ.
[0;36m[ Exits: e W ][0;37m
[1;33m[1;31m[0;0m
[0;32m182H[0;37m [0;32m94M[0;37m 13818–æ –ó–∞—É—á:0 –í—ã—Ö:–í–ó> ˇ˘–í—ã –ø–æ–ø–ª–µ–ª–∏—Å—å –Ω–∞ –∑–∞–ø–∞–¥.
[1;36m–ù–∞ –∫—Ä—ã–ª—å—Ü–µ [5100][0;37m
   –ü–æ–∫–æ—Å–∏–≤—à–µ–µ—Å—è –∫—Ä—ã–ª—å—Ü–æ —Å–∫—Ä–∏–ø–∏—Ç –ø–æ–¥ –Ω–æ–≥–∞–º–∏. –î–µ—Ä–µ–≤–æ –ø–æ—á–µ—Ä–Ω–µ–ª–æ –∏ –æ–±–ª—É–ø–∏–ª–æ—Å—å, –Ω–æ
—Å–æ—Ö—Ä–∞–Ω–∏–ª–æ –∫—Ä–µ–ø–æ—Å—Ç—å. –•–æ—Ç—å –∏ –º–æ–∂–Ω–æ –∑–¥–µ—Å—å –ø–æ—Å—Ç–æ—è—Ç—å, –Ω–æ –í–∞—Å –±–æ–ª—å—à–µ –∏–Ω—Ç–µ—Ä–µ—Å—É–µ—Ç —Å–∞–º
–∑–∞–±—Ä–æ—à–µ–Ω–Ω—ã–π –¥–æ–º. –•–æ—á–µ—Ç—Å—è –∑–∞–π—Ç–∏, –Ω–æ —Ö–æ–ª–æ–¥–æ–∫ –≤ –≥—Ä—É–¥–∏ –∑–∞—Å—Ç–∞–≤–ª—è–µ—Ç –ø–æ–¥—É–º–∞—Ç—å –Ω–∞–¥
—ç—Ç–∏–º —à–∞–≥–æ–º. 
[0;36m[ Exits: E w ][0;37m
[1;33m[1;31m[0;0m
–ó–∞–±—Ä–æ—à–µ–Ω–Ω—ã–π –¥–æ–º (—Å—Ä–µ–¥–Ω–∏–π —É—Ä–æ–≤–µ–Ω—å: 2).

[0;32m182H[0;37m [0;32m94M[0;37m 13818–æ –ó–∞—É—á:0 –í—ã—Ö:–í–ó> ˇ˘–í—ã –ø–æ–ø–ª–µ–ª–∏—Å—å –Ω–∞ –∑–∞–ø–∞–¥.
[1;36m–í —Å–µ–Ω—è—Ö [5101][0;37m
   –°–µ–Ω–∏ –∫–æ–≥–¥–∞-—Ç–æ —Å–ª—É–∂–∏–ª–∏ –ø—Ä–æ–º–µ–∂—É—Ç–æ—á–Ω–æ–π —á–∞—Å—Ç—å—é –º–µ–∂–¥—É –æ—Ç–∞–ø–ª–∏–≤–∞–µ–º–æ–π –∏ 
—Ö–æ–∑—è–π—Å—Ç–≤–µ–Ω–Ω–æ–π —á–∞—Å—Ç—å—é –¥–æ–º–∞. –ó–¥–µ—Å—å –∫–æ–≥–¥–∞-—Ç–æ –ª–µ–∂–∞–ª–∞ –Ω–µ—Ö–∏—Ç—Ä–∞—è –∫—Ä–µ—Å—Ç—å—è–Ω—Å–∫–∞—è 
—É—Ç–≤–∞—Ä—å, –Ω–æ —Å–µ–π—á–∞—Å —Ç–æ–ª—å–∫–æ –ø—ã–ª—å –∏ –≥—Ä—è–∑—å.
[0;36m[ Exits: e w ][0;37m
[1;33m–¢—Ä—É–ø –±–ª–æ—Ö–∏ –ª–µ–∂–∏—Ç –∑–¥–µ—Å—å.
[1;31m–ë–ª–æ—Ö–∞ –ø—Ä—è—á–µ—Ç—Å—è –≤ –º—É—Å–æ—Ä–µ.
[0;0m
[0;32m182H[0;37m [0;32m94M[0;37m 13818–æ –ó–∞—É—á:0 –í—ã—Ö:–í–ó> ˇ˘[1;33m–í—ã —É–¥–∞—Ä–∏–ª–∏ –±–ª–æ—Ö—É.
[0;0m–ë–ª–æ—Ö–∞ –±–µ–∑ —Å–æ–∑–Ω–∞–Ω–∏—è, –Ω–æ –≤–æ–∑–º–æ–∂–Ω–æ –æ–Ω–∞ –µ—â–µ –ø–æ–≤–æ—é–µ—Ç (–ø–æ–ø–æ–∑–∂–µ :).

[0;32m182H[0;37m [0;32m94M[0;37m 13810–æ –ó–∞—É—á:0 [0;32m[–ì–µ–Ω–æ–¥:–ù–µ–≤—Ä–µ–¥–∏–º][0;37m [0;31m[–±–ª–æ—Ö–∞:–û.—Ç—è–∂–µ–ª–æ —Ä–∞–Ω–µ–Ω–∞][0;37m > ˇ˘
[1;33m–í—ã –Ω–∞–Ω–µ—Å–ª–∏ –±–ª–æ—Ö–µ –ø—Ä–µ–∫—Ä–∞—Å–Ω—ã–π —É–¥–∞—Ä - –ø–æ—Å–ª–µ —ç—Ç–æ–≥–æ –µ–π —É–∂–µ –Ω–µ –≤—Å—Ç–∞—Ç—å.
[0;0m–ë–ª–æ—Ö–∞ –º–µ—Ä—Ç–≤–∞, –µ–µ –¥—É—à–∞ –º–µ–¥–ª–µ–Ω–Ω–æ –ø–æ–¥—ã–º–∞–µ—Ç—Å—è –≤ –Ω–µ–±–µ—Å–∞.
–í–∞—à –æ–ø—ã—Ç –ø–æ–≤—ã—Å–∏–ª—Å—è –Ω–∞ 7 –æ—á–∫–æ–≤.
–¢—Ä—É–ø –±–ª–æ—Ö–∏ –ø—É—Å—Ç.

[0;32m182H[0;37m [0;32m95M[0;37m 13802–æ –ó–∞—É—á:0 –í—ã—Ö:–í–ó> ˇ˘
[0;36m[–æ—Ñ—Ñ—Ç–æ–ø] –í–µ—Ä–æ—Å–ª–∞–≤–∞ : '–Ω–µ –ª–æ–∫–µ–π—Ç–∏—Ç—Å—è :)'
[0;37m
[0;32m182H[0;37m [0;32m95M[0;37m 13802–æ –ó–∞—É—á:0 –í—ã—Ö:–í–ó> ˇ˘[1;36m–í —Å–µ–Ω—è—Ö [5101][0;37m
   –°–µ–Ω–∏ –∫–æ–≥–¥–∞-—Ç–æ —Å–ª—É–∂–∏–ª–∏ –ø—Ä–æ–º–µ–∂—É—Ç–æ—á–Ω–æ–π —á–∞—Å—Ç—å—é –º–µ–∂–¥—É –æ—Ç–∞–ø–ª–∏–≤–∞–µ–º–æ–π –∏ 
—Ö–æ–∑—è–π—Å—Ç–≤–µ–Ω–Ω–æ–π —á–∞—Å—Ç—å—é –¥–æ–º–∞. –ó–¥–µ—Å—å –∫–æ–≥–¥–∞-—Ç–æ –ª–µ–∂–∞–ª–∞ –Ω–µ—Ö–∏—Ç—Ä–∞—è –∫—Ä–µ—Å—Ç—å—è–Ω—Å–∫–∞—è 
—É—Ç–≤–∞—Ä—å, –Ω–æ —Å–µ–π—á–∞—Å —Ç–æ–ª—å–∫–æ –ø—ã–ª—å –∏ –≥—Ä—è–∑—å.
[0;36m[ Exits: e w ][0;37m
[1;33m–¢—Ä—É–ø –±–ª–æ—Ö–∏ –ª–µ–∂–∏—Ç –∑–¥–µ—Å—å. [2]
[1;31m[0;0m
[0;32m182H[0;37m [0;32m95M[0;37m 13802–æ –ó–∞—É—á:0 –í—ã—Ö:–í–ó> ˇ˘–í—ã –ø–æ–¥–Ω—è–ª–∏ —Ç—Ä—É–ø –±–ª–æ—Ö–∏.

[0;32m182H[0;37m [0;32m95M[0;37m 13802–æ –ó–∞—É—á:0 –í—ã—Ö:–í–ó> ˇ˘–¢—Ä—É–ø –±–ª–æ—Ö–∏ –ø—É—Å—Ç.

[0;32m182H[0;37m [0;32m95M[0;37m 13802–æ –ó–∞—É—á:0 –í—ã—Ö:–í–ó> ˇ˘–í—ã –±—Ä–æ—Å–∏–ª–∏ —Ç—Ä—É–ø –±–ª–æ—Ö–∏.

[0;32m182H[0;37m [0;32m95M[0;37m 13802–æ –ó–∞—É—á:0 –í—ã—Ö:–í–ó> ˇ˘–í—ã –Ω–µ –≤–∏–¥–∏—Ç–µ —Ü–µ–ª–∏.

[0;32m182H[0;37m [0;32m95M[0;37m 13802–æ –ó–∞—É—á:0 –í—ã—Ö:–í–ó> ˇ˘
[0;36m[–æ—Ñ—Ñ—Ç–æ–ø] –ü–∏–ª–∞—Ç–∏–π : '–±–ª—è, –∞ —è —Ç–æ –¥—É–º–∞–ª –∫–æ–≥–æ –∏—Å–∫–∞–ª–∞ —Ä–µ–≥–∏–Ω–∞'
[0;37m
[0;32m182H[0;37m [0;32m95M[0;37m 13802–æ –ó–∞—É—á:0 –í—ã—Ö:–í–ó> ˇ˘
[0;36m[–æ—Ñ—Ñ—Ç–æ–ø] –ü–∏–ª–∞—Ç–∏–π : '–¥—É–±–æ–≤–∏—Ü–∫–∞—è'
[0;37m
[0;32m182H[0;37m [0;32m95M[0;37m 13802–æ –ó–∞—É—á:0 –í—ã—Ö:–í–ó> ˇ˘
[–ü–ï–†–ï–ó–ê–ì–†–£–ó–ö–ê —á–µ—Ä–µ–∑ 600 —Å–µ–∫—É–Ω–¥]

[0;32m182H[0;37m [0;32m95M[0;37m 13802–æ –ó–∞—É—á:0 –í—ã—Ö:–í–ó> ˇ˘
–ü–ï–†–ï–ó–ê–ì–†–£–ó–ö–ê —á–µ—Ä–µ–∑ 10 –º–∏–Ω—É—Ç.

[0;32m182H[0;37m [0;32m95M[0;37m 13802–æ –ó–∞—É—á:0 –í—ã—Ö:–í–ó> ˇ˘
[0;36m[–æ—Ñ—Ñ—Ç–æ–ø] –ü–∏–ª–∞—Ç–∏–π : '—ç—Ç–æ –≥–¥–µ—Ç–æ —Ç–µ–±—è –ø–æ—Ç–µ—Ä—è–ª–∏ –≤ 90—Ö'
[0;37m
[0;32m182H[0;37m [0;32m95M[0;37m 13802–æ –ó–∞—É—á:0 –í—ã—Ö:–í–ó> ˇ˘
[0;36m[–æ—Ñ—Ñ—Ç–æ–ø] –ü–∏–ª–∞—Ç–∏–π : '—à—É—Ç–∫–∏ –ø—Ä–æ —Å–∞–ª–æ —ç—Ç–æ –º–æ–≤–µ—Ç–æ–Ω'
[0;37m
[0;32m182H[0;37m [0;32m95M[0;37m 13802–æ –ó–∞—É—á:0 –í—ã—Ö:–í–ó> ˇ˘
[0;36m[–æ—Ñ—Ñ—Ç–æ–ø] –°–º–∞–≥–∞ : '—à—É—Ç–∫–∏ –ø—Ä–æ —Å–∞–ª–æ –≤—Å–µ–≥–¥–∞ –∞–∫—Ç—É–∞–ª—å–Ω—ã'
[0;37m
[0;32m182H[0;37m [0;32m95M[0;37m 13802–æ –ó–∞—É—á:0 –í—ã—Ö:–í–ó> ˇ˘
[0;36m[–æ—Ñ—Ñ—Ç–æ–ø] –ü–∏–ª–∞—Ç–∏–π : '—è —Ö–∑'
[0;37m
[0;32m182H[0;37m [0;32m95M[0;37m 13802–æ –ó–∞—É—á:0 –í—ã—Ö:–í–ó> ˇ˘
[0;36m[–æ—Ñ—Ñ—Ç–æ–ø] –°–º–∞–≥–∞ : '—Ö–æ—Ç—è –Ω–µ –∏—Å–∫–ª—é—á–∞—é —á—Ç–æ –Ω–∞ —É–∫—Ä–∞–∏–Ω–µ —Ü–µ –º–æ–≤–µ—Ç–æ–Ω'
[0;37m
[0;32m182H[0;37m [0;32m95M[0;37m 13802–æ –ó–∞—É—á:0 –í—ã—Ö:–í–ó> ˇ˘
[1;31m–ú–∏–Ω—É–ª —á–∞—Å.[0;37m

[0;32m182H[0;37m [0;32m95M[0;37m 13802–æ –ó–∞—É—á:0 –í—ã—Ö:–í–ó> ˇ˘
[0;36m[–æ—Ñ—Ñ—Ç–æ–ø] –ü–∏–ª–∞—Ç–∏–π : '–≤'
[0;37m
[0;32m182H[0;37m [0;32m95M[0;37m 13802–æ –ó–∞—É—á:0 –í—ã—Ö:–í–ó> ˇ˘
–°–µ—Ä–∞—è –º—ã—à—å –ø—Ä–∏—à–ª–∞ —Å –∑–∞–ø–∞–¥–∞.

[0;32m182H[0;37m [0;32m95M[0;37m 13802–æ –ó–∞—É—á:0 –í—ã—Ö:–í–ó> ˇ˘
[0;33m–ö—Ç–æ-—Ç–æ –∑–∞–º–µ—Ç–∏–ª : '—Å–ø–∞—Å–∏–±–æ)'
[0;37m
[0;32m182H[0;37m [0;32m95M[0;37m 13802–æ –ó–∞—É—á:0 –í—ã—Ö:–í–ó> ˇ˘
–ß–µ—Ä–≤–∏ –ø–æ–ª–Ω–æ—Å—Ç—å—é —Å–æ–∂—Ä–∞–ª–∏ —Ç—Ä—É–ø –±–ª–æ—Ö–∏.

[0;32m182H[0;37m [0;32m95M[0;37m 13802–æ –ó–∞—É—á:0 –í—ã—Ö:–í–ó> ˇ˘
[0;36m[–æ—Ñ—Ñ—Ç–æ–ø] –°–º–∞–≥–∞ : '—Ç–æ–≥–¥–∞ –ø–æ—á–µ–º—É –≤—Å–µ –≥–æ–≤–æ—Ä—è—Ç –Ω–∞? –±–µ–∑–≥—Ä–∞–º–æ—Ç–Ω—ã–µ? )'
[0;37m
[0;32m182H[0;37m [0;32m95M[0;37m 13802–æ –ó–∞—É—á:0 –í—ã—Ö:–í–ó> ˇ˘–í—ã –ø–æ–ø–ª–µ–ª–∏—Å—å –Ω–∞ –∑–∞–ø–∞–¥.
[1;36m–í —Å–µ–Ω—è—Ö [5102][0;37m
   –ß—Ç–æ –∑–∞—Å—Ç–∞–≤–∏–ª–æ —Ö–æ–∑—è–µ–≤ –ø–æ–∫–∏–Ω—É—Ç—å —ç—Ç–æ—Ç –¥–æ–º, —Å–æ—Ö—Ä–∞–Ω–∏–≤—à–∏–π—Å—è –≤ –ø—Ä–∏–ª–∏—á–Ω–æ–º —Å–æ—Å—Ç–æ—è–Ω–∏–∏
–¥–∞–∂–µ –∑–∞ –¥–æ–ª–≥–æ–µ –≤—Ä–µ–º—è –∑–∞–ø—É—Å—Ç–µ–Ω–∏—è –∏ –æ–¥–∏–Ω–æ—á–µ—Å—Ç–≤–∞? –í —ç—Ç–æ–º –º–µ—Å—Ç–µ —Å–µ–Ω–µ–π –Ω–∞—Ö–æ–¥—è—Ç—Å—è
–¥–≤–µ –¥–≤–µ—Ä–∏, –æ–¥–Ω–∞ –∏–∑ –∫–æ—Ç–æ—Ä—ã—Ö –≤–µ–¥–µ—Ç –≤ –∏–∑–±—É, –¥—Ä—É–≥–∞—è - –Ω–∞ —Å–µ–Ω–æ–≤–∞–ª.  
[0;36m[ Exits: (n) e (s) ][0;37m
[1;33m[1;31m[0;0m
[0;32m182H[0;37m [0;32m94M[0;37m 13802–æ –ó–∞—É—á:0 –í—ã—Ö:(–°)–í(–Æ)> ˇ˘–õ–∞–¥—É—à–∫–∏.

[0;32m182H[0;37m [0;32m95M[0;37m 13802–æ –ó–∞—É—á:0 –í—ã—Ö:(–°)–í–Æ> ˇ˘–í—ã –ø–æ–ø–ª–µ–ª–∏—Å—å –Ω–∞ —é–≥.
[1;36m–ù–∞ —Å–µ–Ω–æ–≤–∞–ª–µ [5103][0;37m
   –ü–æ–¥ –Ω–æ–≥–∞–º–∏ —Ä–∞–∑–±—Ä–æ—Å–∞–Ω–∞ —Å–æ–ª–æ–º–∞ –≤–ø–µ—Ä–µ–º–µ—à–∫—É —Å —Å–µ–Ω–æ–º, –ø–æ —É–≥–ª–∞–º –ª–µ–∂–∞—Ç —Å—Ç–∞—Ä—ã–µ
–∏–Ω—Å—Ç—Ä—É–º–µ–Ω—Ç—ã. –°—é–¥–∞ –∑–∞–±—Ä–∞—Å—ã–≤–∞–µ—Ç—Å—è –∫–æ—Ä–º –¥–ª—è –¥–æ–º–∞—à–Ω–µ–≥–æ —Å–∫–æ—Ç–∞, –∞ –ø–æ—Ç–æ–º –ø–æ–¥–∞–µ—Ç—Å—è
–ø–æ —Å—Ç–æ–π–ª–∞–º.
[0;36m[ Exits: n e s ][0;37m
[1;33m[1;31m[0;0m
[0;32m182H[0;37m [0;32m94M[0;37m 13802–æ –ó–∞—É—á:0 –í—ã—Ö:–°–í–Æ> ˇ˘–í—ã –ø–æ–ø–ª–µ–ª–∏—Å—å –Ω–∞ –≤–æ—Å—Ç–æ–∫.
[1;36m–ù–∞ —Å–µ–Ω–æ–≤–∞–ª–µ [5104][0;37m
   –ü–æ–¥ –Ω–æ–≥–∞–º–∏ —Ä–∞–∑–±—Ä–æ—Å–∞–Ω–∞ —Å–æ–ª–æ–º–∞ –≤–ø–µ—Ä–µ–º–µ—à–∫—É —Å —Å–µ–Ω–æ–º, –ø–æ —É–≥–ª–∞–º –ª–µ–∂–∞—Ç —Å—Ç–∞—Ä—ã–µ
–∏–Ω—Å—Ç—Ä—É–º–µ–Ω—Ç—ã. –°—é–¥–∞ –∑–∞–±—Ä–∞—Å—ã–≤–∞–µ—Ç—Å—è –∫–æ—Ä–º –¥–ª—è –¥–æ–º–∞—à–Ω–µ–≥–æ —Å–∫–æ—Ç–∞, –∞ –ø–æ—Ç–æ–º –ø–æ–¥–∞–µ—Ç—Å—è
–ø–æ —Å—Ç–æ–π–ª–∞–º.
[0;36m[ Exits: s w ][0;37m
[1;33m–ù–∞ –ø–æ–ª—É –ª–µ–∂–∏—Ç –ª–µ—Å—Ç–Ω–∏—Ü–∞.
[1;31m–°–µ—Ä–∞—è –º—ã—à—å —é—Ä–∫–Ω—É–ª–∞ –∑–¥–µ—Å—å.
(–ª–µ—Ç–∏—Ç) –ú—É—Ö–∞ –ª–µ—Ç–∞–µ—Ç –∑–¥–µ—Å—å.
–°–≤–µ—Ç–ª—è—á–æ–∫ –ø–æ–ª–∑–∞–µ—Ç –∑–¥–µ—Å—å.
–°–≤–µ—Ç–ª—è—á–æ–∫ –ø–æ–ª–∑–∞–µ—Ç –∑–¥–µ—Å—å.
[0;0m
[0;32m182H[0;37m [0;32m94M[0;37m 13802–æ –ó–∞—É—á:0 –í—ã—Ö:–Æ–ó> ˇ˘
[0;36m[–æ—Ñ—Ñ—Ç–æ–ø] –ü–∏–ª–∞—Ç–∏–π : '–Ω–µ–∏–±—É'
[0;37m
[0;32m182H[0;37m [0;32m95M[0;37m 13802–æ –ó–∞—É—á:0 –í—ã—Ö:–Æ–ó> ˇ˘–í—ã –ø–æ–ø–ª–µ–ª–∏—Å—å –Ω–∞ —é–≥.
[1;36m–ù–∞ —Å–µ–Ω–æ–≤–∞–ª–µ [5106][0;37m
   –ó–¥–µ—Å—å –∫–æ–≥–¥–∞-—Ç–æ —Ö—Ä–∞–Ω–∏–ª–∏—Å—å –º–µ—à–∫–∏ —Å –∑–µ—Ä–Ω–æ–º –∏ –º—É–∫–æ–π. –î–∞–∂–µ —Å–µ–π—á–∞—Å –µ—â–µ –Ω–∞
–ø–æ–ª—É –ø–æ–ø–∞–¥–∞—é—Ç—Å—è —Ä–∞–∑–±—Ä–æ—Å–∞–Ω–Ω—ã–µ –∑–µ—Ä–Ω–∞ –∏ –±–µ–ª—ã–µ –ø—è—Ç–Ω–∞ –æ—Ç –º—É–∫–∏. –î–ª—è —Ä–∞—á–∏—Ç–µ–ª—å–Ω—ã—Ö
—Ö–æ–∑—è–µ–≤ –Ω–µ–ø–æ–∑–≤–æ–ª–∏—Ç–µ–ª—å–Ω–æ, —á—Ç–æ–±—ã —Ö–ª–µ–± —Ç–∞–∫ –±—Ä–æ—Å–∞–ª—Å—è.
[0;36m[ Exits: n w ][0;37m
[1;33m[1;31m(–ª–µ—Ç–∏—Ç) –ú–æ–ª—å –ª–µ—Ç–∞–µ—Ç –∑–¥–µ—Å—å.
(–ª–µ—Ç–∏—Ç) –ú—É—Ö–∞ –ª–µ—Ç–∞–µ—Ç –∑–¥–µ—Å—å.
[0;0m
[0;32m182H[0;37m [0;32m94M[0;37m 13802–æ –ó–∞—É—á:0 –í—ã—Ö:–°–ó> ˇ˘
[0;33m–ö—Ç–æ-—Ç–æ –∑–∞–º–µ—Ç–∏–ª : '—Å–∞–ª–∞ —É–∫—Ä–∞–∏–Ω–µ!'
[0;37m
[0;32m182H[0;37m [0;32m95M[0;37m 13802–æ –ó–∞—É—á:0 –í—ã—Ö:–°–ó> ˇ˘
[0;36m[–æ—Ñ—Ñ—Ç–æ–ø] –ü–∏–ª–∞—Ç–∏–π : '—Ç–∞–∫ –ø—Ä–æ—â–µ'
[0;37m
[0;32m182H[0;37m [0;32m95M[0;37m 13802–æ –ó–∞—É—á:0 –í—ã—Ö:–°–ó> ˇ˘
–¢–∞—Ä–∞–∫–∞–Ω –ø—Ä–∏—à–µ–ª —Å –∑–∞–ø–∞–¥–∞.

[0;32m182H[0;37m [0;32m95M[0;37m 13802–æ –ó–∞—É—á:0 –í—ã—Ö:–°–ó> ˇ˘
[0;36m[–æ—Ñ—Ñ—Ç–æ–ø] –ü–∏–ª–∞—Ç–∏–π : '–ø–æ—á–µ–º—É –≥–æ–≤–æ—Ä—è—Ç—å —Ä—É–±–¥–≤–∞—Ü–∏—Ç—å'
[0;37m
[0;32m182H[0;37m [0;32m95M[0;37m 13802–æ –ó–∞—É—á:0 –í—ã—Ö:–°–ó> ˇ˘
[0;36m[–æ—Ñ—Ñ—Ç–æ–ø] –ü–∏–ª–∞—Ç–∏–π : '–∞ –Ω–µ 1 —Ä—É–±–ª—å 20 –∫–æ–ø–µ–µ–∫?'
[0;37m
[0;32m182H[0;37m [0;32m95M[0;37m 13802–æ –ó–∞—É—á:0 –í—ã—Ö:–°–ó> ˇ˘
[1;31m–ú–∏–Ω—É–ª —á–∞—Å.[0;37m

[0;32m182H[0;37m [0;32m95M[0;37m 13802–æ –ó–∞—É—á:0 –í—ã—Ö:–°–ó> ˇ˘
[0;36m[–æ—Ñ—Ñ—Ç–æ–ø] –ú–∞–≥—É—à–∞ : '–≤–∞–Ω–æ –ø—Ä–∏–≤–µ—Ç!'
[0;37m
[0;32m182H[0;37m [0;32m95M[0;37m 13802–æ –ó–∞—É—á:0 –í—ã—Ö:–°–ó> ˇ˘
[0;36m[–æ—Ñ—Ñ—Ç–æ–ø] –ü–∏–ª–∞—Ç–∏–π : '—Ç—ã –∫—Ç–æ'
[0;37m
[0;32m182H[0;37m [0;32m95M[0;37m 13802–æ –ó–∞—É—á:0 –í—ã—Ö:–°–ó> ˇ˘
[0;36m[–æ—Ñ—Ñ—Ç–æ–ø] –°–º–∞–≥–∞ : '–∫–æ–Ω—å —Ä–∞—Å—Å–∫–∞–∂–∏ –≤ —á–µ–º —Å–µ–∫—Ä–µ—Ç —Ç–≤–æ–µ–≥–æ —É—Å–ø–µ—Ö–∞!'
[0;37m
[0;32m182H[0;37m [0;32m95M[0;37m 13802–æ –ó–∞—É—á:0 –í—ã—Ö:–°–ó> ˇ˘
[0;36m[–æ—Ñ—Ñ—Ç–æ–ø] –ú–∞–≥—É—à–∞ : '–ø–æ—Å–ª–µ–¥–Ω—è—è –Ω–∞–¥–µ–∂–¥–∞ —Ä—É—Å—Å–∫–æ–π –¥–µ–º–æ–∫—Ä–∞—Ç–∏–∏!'
[0;37m
[0;32m182H[0;37m [0;32m95M[0;37m 13802–æ –ó–∞—É—á:0 –í—ã—Ö:–°–ó> ˇ˘
[0;36m[–æ—Ñ—Ñ—Ç–æ–ø] –ü–∏–ª–∞—Ç–∏–π : '–∞. –≤–∞–¥–∏–∫'
[0;37m
[0;32m182H[0;37m [0;32m95M[0;37m 13802–æ –ó–∞—É—á:0 –í—ã—Ö:–°–ó> ˇ˘
–°–≤–µ—Ç–ª—è—á–æ–∫ –ø—Ä–∏—à–µ–ª —Å —Å–µ–≤–µ—Ä–∞.

[0;32m182H[0;37m [0;32m95M[0;37m 13802–æ –ó–∞—É—á:0 –í—ã—Ö:–°–ó> ˇ˘
[0;36m[–æ—Ñ—Ñ—Ç–æ–ø] –ü–∏–ª–∞—Ç–∏–π : '—É–º–µ—Ä–ª–∞ –Ω–∞–¥–µ–∂–¥–∞) —É –≤–∞—Å –æ–±–Ω—É–ª–∏–ª–∏ —Ö—É–π–ª–∞'
[0;37m
[0;32m182H[0;37m [0;32m95M[0;37m 13802–æ –ó–∞—É—á:0 –í—ã—Ö:–°–ó> ˇ˘
[0;36m[–æ—Ñ—Ñ—Ç–æ–ø] –ü–∏–ª–∞—Ç–∏–π : '–ø—Ä–∏–≤–µ—Ç'
[0;37m
[0;32m182H[0;37m [0;32m95M[0;37m 13802–æ –ó–∞—É—á:0 –í—ã—Ö:–°–ó> ˇ˘
–ú–æ–ª—å —É–ª–µ—Ç–µ–ª–∞ –Ω–∞ —Å–µ–≤–µ—Ä.

[0;32m182H[0;37m [0;32m95M[0;37m 13802–æ –ó–∞—É—á:0 –í—ã—Ö:–°–ó> ˇ˘
[0;36m[–æ—Ñ—Ñ—Ç–æ–ø] –ú–∞–≥—É—à–∞ : '–¥–∞ —Ö—É–π —Å –Ω–∏–º'
[0;37m
[0;32m182H[0;37m [0;32m95M[0;37m 13802–æ –ó–∞—É—á:0 –í—ã—Ö:–°–ó> ˇ˘
[0;36m[–æ—Ñ—Ñ—Ç–æ–ø] –°–º–∞–≥–∞ : '–∫–æ–Ω—å –≤–∞—Å —Ü–µ–ª—ã–π –≥–æ–¥ –≤ –æ—Ñ—Ñ—Ç–æ–ø–µ –∏–∑–≤–æ–¥–∏–ª?'
[0;37m
[0;32m182H[0;37m [0;32m95M[0;37m 13802–æ –ó–∞—É—á:0 –í—ã—Ö:–°–ó> ˇ˘
[0;36m[–æ—Ñ—Ñ—Ç–æ–ø] –ú–∞–≥—É—à–∞ : '–æ–Ω –ø–æ–º—Ä–µ—Ç —Å–∫–æ—Ä–æ)'
[0;37m
[0;32m182H[0;37m [0;32m95M[0;37m 13802–æ –ó–∞—É—á:0 –í—ã—Ö:–°–ó> ˇ˘
[0;36m[–æ—Ñ—Ñ—Ç–æ–ø] –ú–∞–≥—É—à–∞ : '–≤–æ—Ç —á—Ç–æ –ø–æ—Å–ª–µ –Ω–µ–≥–æ –±—É–¥–µ—Ç –≤–æ—Ç —á—Ç–æ —Å—Ç—Ä–∞—à–Ω–æ))'
[0;37m
[0;32m182H[0;37m [0;32m95M[0;37m 13802–æ –ó–∞—É—á:0 –í—ã—Ö:–°–ó> ˇ˘
[0;36m[–æ—Ñ—Ñ—Ç–æ–ø] –°–º–∞–≥–∞ : '–ø—Ä–µ–¥—Å—Ç–∞–≤–ª—è—é –∫–∞–∫–æ–µ —ç—Ç–æ –¥–∞–≤–ª–µ–Ω–∏–µ'
[0;37m
[0;32m182H[0;37m [0;32m95M[0;37m 13802–æ –ó–∞—É—á:0 –í—ã—Ö:–°–ó> ˇ˘
[0;36m[–æ—Ñ—Ñ—Ç–æ–ø] –ü–∏–ª–∞—Ç–∏–π : '–º–µ–Ω—è –æ–Ω –Ω–µ –∏–∑–≤–æ–¥–∏–ª'
[0;37m
[0;32m182H[0;37m [0;32m95M[0;37m 13802–æ –ó–∞—É—á:0 –í—ã—Ö:–°–ó> ˇ˘
–ú—É—Ö–∞ —É–ª–µ—Ç–µ–ª–∞ –Ω–∞ —Å–µ–≤–µ—Ä.

[0;32m182H[0;37m [0;32m95M[0;37m 13802–æ –ó–∞—É—á:0 –í—ã—Ö:–°–ó> ˇ˘
[0;36m[–æ—Ñ—Ñ—Ç–æ–ø] –ú–∞–≥—É—à–∞ : '—â–∞—Å —Ö–æ—Ç—è–±—ã –≤—Å–µ –ø–æ–¥–µ–ª–µ–Ω–æ )) –∏ –≤–æ–π–Ω—ã –Ω–µ—Ç—É, –∞ –µ—Å–ª–∏ –ø–µ—Ä–µ–¥–µ–ª —Å–Ω–æ–≤–∞ –Ω–∞—á–Ω–µ—Ç—Å—è –∫—Ä–æ–≤—É—à–∫–∞ –ø–æ—Ç–µ—á–µ—Ç'
[0;37m
[0;32m182H[0;37m [0;32m95M[0;37m 13802–æ –ó–∞—É—á:0 –í—ã—Ö:–°–ó> ˇ˘
–ü–ï–†–ï–ó–ê–ì–†–£–ó–ö–ê —á–µ—Ä–µ–∑ 5 –º–∏–Ω—É—Ç.

[0;32m182H[0;37m [0;32m95M[0;37m 13802–æ –ó–∞—É—á:0 –í—ã—Ö:–°–ó> ˇ˘
–°–æ–ª–Ω—Ü–µ –º–µ–¥–ª–µ–Ω–Ω–æ –∏—Å—á–µ–∑–ª–æ –∑–∞ –≥–æ—Ä–∏–∑–æ–Ω—Ç–æ–º.

[0;32m182H[0;37m [0;32m95M[0;37m 13802–æ –ó–∞—É—á:0 –í—ã—Ö:–°–ó> ˇ˘
[1;31m–ú–∏–Ω—É–ª —á–∞—Å.[0;37m

[0;32m182H[0;37m [0;32m95M[0;37m 13802–æ –ó–∞—É—á:0 –í—ã—Ö:–°–ó> ˇ˘
–ú—É—Ö–∞ –ø—Ä–∏–ª–µ—Ç–µ–ª–∞ —Å —Å–µ–≤–µ—Ä–∞.

[0;32m182H[0;37m [0;32m95M[0;37m 13802–æ –ó–∞—É—á:0 –í—ã—Ö:–°–ó> ˇ˘
[0;36m[–æ—Ñ—Ñ—Ç–æ–ø] –ú–∞–≥—É—à–∞ : '–≤–∞—â–µ –∫–æ–Ω–µ—á–Ω–æ –æ–Ω —Å—É–∫–∞ –≤–Ω–∞—Ç—É—Ä–µ —Ö—É–π–ª–æ '
[0;37m
[0;32m182H[0;37m [0;32m95M[0;37m 13802–æ –ó–∞—É—á:0 –í—ã—Ö:–°–ó> ˇ˘
[0;36m[–æ—Ñ—Ñ—Ç–æ–ø] –ú–∞–≥—É—à–∞ : '–≤—Å–µ –æ–Ω–∏ —É–µ–±–∞–Ω—ã'
[0;37m
[0;32m182H[0;37m [0;32m95M[0;37m 13802–æ –ó–∞—É—á:0 –í—ã—Ö:–°–ó> ˇ˘
[0;36m[–æ—Ñ—Ñ—Ç–æ–ø] –°–º–∞–≥–∞ : '–Ω–∞–¥–æ –æ—Ç–¥–∞—Ç—å –∫–æ–Ω—é –¥–æ–ª–∂–Ω–æ–µ, –æ–Ω –ø–æ–±–µ–¥–∏–ª —Å–ª–æ–≤–æ–º!'
[0;37m
[0;32m182H[0;37m [0;32m95M[0;37m 13802–æ –ó–∞—É—á:0 –í—ã—Ö:–°–ó> ˇ˘
[0;36m[–æ—Ñ—Ñ—Ç–æ–ø] –ü–∏–ª–∞—Ç–∏–π : '—Å–º–∞–≥–∞ –Ω–µ –Ω–∞–¥–æ –ø–µ—Ä–µ–≤–æ–¥–∏—Ç—å —Ä–∞–∑–≥–æ–≤–æ—Ä –≤ –ø–ª–æ—Å–∫–æ—Å—Ç—å –≥–¥–µ —è –ø—Ä–æ—Ç–∏–≤ –¥—É—Ä–º–∞–Ω—ã'
[0;37m
[0;32m182H[0;37m [0;32m95M[0;37m 13802–æ –ó–∞—É—á:0 –í—ã—Ö:–°–ó> ˇ˘
[0;36m[–æ—Ñ—Ñ—Ç–æ–ø] –ú–∞–≥—É—à–∞ : '—Ü–∞—Ä—è —É–±–∏–ª–∏ –∏ –Ω–∞—á–∞–ª–æ—Å—å'
[0;37m
[0;32m182H[0;37m [0;32m95M[0;37m 13802–æ –ó–∞—É—á:0 –í—ã—Ö:–°–ó> ˇ˘
[0;36m[–æ—Ñ—Ñ—Ç–æ–ø] –ü–∏–ª–∞—Ç–∏–π : '—ç—Ç–æ –≥–ª—É–ø–æ –∏ –Ω–µ –ø—Ä–æ –º–µ–Ω—è'
[0;37m
[0;32m182H[0;37m [0;32m95M[0;37m 13802–æ –ó–∞—É—á:0 –í—ã—Ö:–°–ó> ˇ˘
[0;36m[–æ—Ñ—Ñ—Ç–æ–ø] –°–º–∞–≥–∞ : '–∞ —Ç—ã –Ω–µ –ø—Ä–æ—Ç–∏–≤ –¥—É—Ä–º–∞–Ω—ã?'
[0;37m
[0;32m182H[0;37m [0;32m95M[0;37m 13802–æ –ó–∞—É—á:0 –í—ã—Ö:–°–ó> ˇ˘
–ú—É—Ö–∞ —É–ª–µ—Ç–µ–ª–∞ –Ω–∞ –∑–∞–ø–∞–¥.

[0;32m182H[0;37m [0;32m95M[0;37m 13802–æ –ó–∞—É—á:0 –í—ã—Ö:–°–ó> ˇ˘
[0;36m[–æ—Ñ—Ñ—Ç–æ–ø] –ü–∏–ª–∞—Ç–∏–π : '–≤ –º–∞–¥–µ –µ—Å—Ç—å —Ç–æ–ª—å–∫–æ –ª–æ–π–Ω–∏—Å –∏ –±–∞—Ö–∞ –∫–æ—Ç–æ—Ä—ã–π –ø—Ä–æ—Ç–∏–≤ –¥—É—Ä–º–∞–Ω—ã, –∏ —è –≤ –¥—É—à–µ –Ω–µ –µ–±—É –ø–æ –∫–∞–∫–æ–π –ø—Ä–∏—á–∏–Ω–µ'
[0;37m
[0;32m182H[0;37m [0;32m95M[0;37m 13802–æ –ó–∞—É—á:0 –í—ã—Ö:–°–ó> ˇ˘
[0;36m[–æ—Ñ—Ñ—Ç–æ–ø] –ü–∏–ª–∞—Ç–∏–π : '–∏ –ø—Ä–∏–ø–ª–µ—Ç–∞—Ç—å –∫ –Ω–∏–º –º–µ–Ω—è –Ω–µ —Å—Ç–æ–∏—Ç'
[0;37m
[0;32m182H[0;37m [0;32m95M[0;37m 13802–æ –ó–∞—É—á:0 –í—ã—Ö:–°–ó> ˇ˘
[0;36m[–æ—Ñ—Ñ—Ç–æ–ø] –°–º–∞–≥–∞ : '–ø–æ—á–µ–º—É –∫–æ–Ω—é –≤—Å–µ–≥–¥–∞ –∏–≥—Ä–∞—Ç—å –Ω–µ –¥–∞–≤–∞–ª–∏? –ø–æ—á–µ–º—É –Ω–µ –≤—Å—Ç—É–ø–∏–ª—Å—è –∑–∞ –Ω–∞—à–µ–≥–æ –º–ª–∞–¥—à–µ–≥–æ –±—Ä–∞—Ç–∞? '
[0;37m
[0;32m182H[0;37m [0;32m95M[0;37m 13802–æ –ó–∞—É—á:0 –í—ã—Ö:–°–ó> ˇ˘
[0;36m[–æ—Ñ—Ñ—Ç–æ–ø] –°–º–∞–≥–∞ : '–¥–µ–ª–æ —Å–∏–ª—å–Ω—ã—Ö –∑–∞—â–∏—â–∞—Ç—å —Å–ª–∞–±—ã—Ö –∏ —É–±–æ–≥–∏—Ö'
[0;37m
[0;32m182H[0;37m [0;32m95M[0;37m 13802–æ –ó–∞—É—á:0 –í—ã—Ö:–°–ó> ˇ˘
[0;36m[–æ—Ñ—Ñ—Ç–æ–ø] –ü–∏–ª–∞—Ç–∏–π : '–∫–∞–∫ —Ç—ã —Å–µ–±–µ –ø—Ä–µ–¥—Å—Ç–∞–≤–ª—è–µ—à—å —ç—Ç–æ'
[0;37m
[0;32m182H[0;37m [0;32m95M[0;37m 13802–æ –ó–∞—É—á:0 –í—ã—Ö:–°–ó> ˇ˘
[0;36m[–æ—Ñ—Ñ—Ç–æ–ø] –ú–∞–≥—É—à–∞ : '–ª–∞–¥–Ω–æ —Ö–æ—Ä–æ—à —Ç—Ä–µ—à –º–Ω–µ—à—å!)'
[0;37m
[0;32m182H[0;37m [0;32m95M[0;37m 13802–æ –ó–∞—É—á:0 –í—ã—Ö:–°–ó> ˇ˘
[0;36m[–æ—Ñ—Ñ—Ç–æ–ø] –ú–∞–≥—É—à–∞ : '–Ω–∞–¥–æ –Ω–∞ —Ä–∞–±–æ—Ç—É –µ—Ö–∞—Ç—å)'
[0;37m
[0;32m182H[0;37m [0;32m95M[0;37m 13802–æ –ó–∞—É—á:0 –í—ã—Ö:–°–ó> ˇ˘
[1;33m–ë–∞–∑–∞—Ä : –Ω–æ–≤—ã–π –ª–æ—Ç (724) - —Å—Ç–∞—Ä–∏–Ω–Ω—ã–π –ø–µ—Ä–≥–∞–º–µ–Ω—Ç - —Ü–µ–Ω–∞ 10000 –∫—É–Ω. 

[0;0m
[0;32m182H[0;37m [0;32m95M[0;37m 13802–æ –ó–∞—É—á:0 –í—ã—Ö:–°–ó> ˇ˘
–ú—É—Ö–∞ –ø—Ä–∏–ª–µ—Ç–µ–ª–∞ —Å –∑–∞–ø–∞–¥–∞.

[0;32m182H[0;37m [0;32m95M[0;37m 13802–æ –ó–∞—É—á:0 –í—ã—Ö:–°–ó> ˇ˘
–ù–∞—á–∞–ª–∞—Å—å –Ω–æ—á—å.

[0;32m182H[0;37m [0;32m95M[0;37m 13802–æ –ó–∞—É—á:0 –í—ã—Ö:–°–ó> ˇ˘
[1;31m–ú–∏–Ω—É–ª —á–∞—Å.[0;37m

[0;32m182H[0;37m [0;32m95M[0;37m 13802–æ –ó–∞—É—á:0 –í—ã—Ö:–°–ó> ˇ˘
[0;36m[–æ—Ñ—Ñ—Ç–æ–ø] –ü–∏–ª–∞—Ç–∏–π : '–∫—Ç–æ –ª–∏–¥–∏—Ç –∫–∑ —Ç–æ—Ç –∏ —Ä–µ—à–∞–µ—Ç'
[0;37m
[0;32m182H[0;37m [0;32m95M[0;37m 13802–æ –ó–∞—É—á:0 –í—ã—Ö:–°–ó> ˇ˘[1;36m–ù–∞ —Å–µ–Ω–æ–≤–∞–ª–µ [5106][0;37m
   –ó–¥–µ—Å—å –∫–æ–≥–¥–∞-—Ç–æ —Ö—Ä–∞–Ω–∏–ª–∏—Å—å –º–µ—à–∫–∏ —Å –∑–µ—Ä–Ω–æ–º –∏ –º—É–∫–æ–π. –î–∞–∂–µ —Å–µ–π—á–∞—Å –µ—â–µ –Ω–∞
–ø–æ–ª—É –ø–æ–ø–∞–¥–∞—é—Ç—Å—è —Ä–∞–∑–±—Ä–æ—Å–∞–Ω–Ω—ã–µ –∑–µ—Ä–Ω–∞ –∏ –±–µ–ª—ã–µ –ø—è—Ç–Ω–∞ –æ—Ç –º—É–∫–∏. –î–ª—è —Ä–∞—á–∏—Ç–µ–ª—å–Ω—ã—Ö
—Ö–æ–∑—è–µ–≤ –Ω–µ–ø–æ–∑–≤–æ–ª–∏—Ç–µ–ª—å–Ω–æ, —á—Ç–æ–±—ã —Ö–ª–µ–± —Ç–∞–∫ –±—Ä–æ—Å–∞–ª—Å—è.
[0;36m[ Exits: n w ][0;37m
[1;33m[1;31m(–ª–µ—Ç–∏—Ç) –ú—É—Ö–∞ –ª–µ—Ç–∞–µ—Ç –∑–¥–µ—Å—å.
–°–≤–µ—Ç–ª—è—á–æ–∫ –ø–æ–ª–∑–∞–µ—Ç –∑–¥–µ—Å—å.
–¢–∞—Ä–∞–∫–∞–Ω –±—ã—Å—Ç—Ä–æ –ø—Ä–æ–±–µ–∂–∞–ª –∑–¥–µ—Å—å.
[0;0m
[0;32m182H[0;37m [0;32m95M[0;37m 13802–æ –ó–∞—É—á:0 –í—ã—Ö:–°–ó> ˇ˘–í—ã –ø–æ–ø–ª–µ–ª–∏—Å—å –Ω–∞ –∑–∞–ø–∞–¥.
[1;36m–ù–∞ —Å–µ–Ω–æ–≤–∞–ª–µ [5105][0;37m
   –ö–æ–≥–¥–∞-—Ç–æ –≤–µ—Å—å –∑–∞–ø–æ–ª–Ω–µ–Ω–Ω—ã–π –≤–µ—Ä–µ–≤–∫–∞–º–∏ —Å —Å—É—à–µ–Ω–Ω—ã–º –ª—É–∫–æ–º, —á–µ—Å–Ω–æ–∫–æ–º –∏ –¥—Ä—É–≥–∏–º–∏
—Å–ø–µ—Ü–∏—è–º–∏. –°–µ–π—á–∞—Å –¥–∞–∂–µ –∑–∞–ø–∞—Ö–∞ –æ—Ç –Ω–∏—Ö –Ω–µ –æ—Å—Ç–∞–ª–æ—Å—å.
[0;36m[ Exits: n e ][0;37m
[1;33m[1;31m–°–≤–µ—Ç–ª—è—á–æ–∫ –ø–æ–ª–∑–∞–µ—Ç –∑–¥–µ—Å—å.
[0;0m
[0;32m182H[0;37m [0;32m94M[0;37m 13802–æ –ó–∞—É—á:0 –í—ã—Ö:–°–í> ˇ˘–í—ã –ø–æ–ø–ª–µ–ª–∏—Å—å –Ω–∞ —Å–µ–≤–µ—Ä.
[1;36m–ù–∞ —Å–µ–Ω–æ–≤–∞–ª–µ [5103][0;37m
   –ü–æ–¥ –Ω–æ–≥–∞–º–∏ —Ä–∞–∑–±—Ä–æ—Å–∞–Ω–∞ —Å–æ–ª–æ–º–∞ –≤–ø–µ—Ä–µ–º–µ—à–∫—É —Å —Å–µ–Ω–æ–º, –ø–æ —É–≥–ª–∞–º –ª–µ–∂–∞—Ç —Å—Ç–∞—Ä—ã–µ
–∏–Ω—Å—Ç—Ä—É–º–µ–Ω—Ç—ã. –°—é–¥–∞ –∑–∞–±—Ä–∞—Å—ã–≤–∞–µ—Ç—Å—è –∫–æ—Ä–º –¥–ª—è –¥–æ–º–∞—à–Ω–µ–≥–æ —Å–∫–æ—Ç–∞, –∞ –ø–æ—Ç–æ–º –ø–æ–¥–∞–µ—Ç—Å—è
–ø–æ —Å—Ç–æ–π–ª–∞–º.
[0;36m[ Exits: (n) e s ][0;37m
[1;33m[1;31m[0;0m
[0;32m182H[0;37m [0;32m94M[0;37m 13802–æ –ó–∞—É—á:0 –í—ã—Ö:(–°)–í–Æ> ˇ˘–ó–∞–∫—Ä—ã—Ç–æ.

[0;32m182H[0;37m [0;32m95M[0;37m 13802–æ –ó–∞—É—á:0 –í—ã—Ö:(–°)–í–Æ> ˇ˘
[0;36m[–æ—Ñ—Ñ—Ç–æ–ø] –ü–∏–ª–∞—Ç–∏–π : '–∏ —É–≤–∞—Å –±—ã —Ç–æ–∂–µ —Ç–∞–∫ –±—ã–ª–æ –µ—Å–ª–∏ –± –Ω–µ —Å—Ç—Ä–∏–± –≤ –∫–ª–∞–Ω–µ'
[0;37m
[0;32m182H[0;37m [0;32m95M[0;37m 13802–æ –ó–∞—É—á:0 –í—ã—Ö:(–°)–í–Æ> ˇ˘–õ–∞–¥—É—à–∫–∏.

[0;32m182H[0;37m [0;32m95M[0;37m 13802–æ –ó–∞—É—á:0 –í—ã—Ö:–°–í–Æ> ˇ˘[1;36m–ù–∞ —Å–µ–Ω–æ–≤–∞–ª–µ [5103][0;37m
   –ü–æ–¥ –Ω–æ–≥–∞–º–∏ —Ä–∞–∑–±—Ä–æ—Å–∞–Ω–∞ —Å–æ–ª–æ–º–∞ –≤–ø–µ—Ä–µ–º–µ—à–∫—É —Å —Å–µ–Ω–æ–º, –ø–æ —É–≥–ª–∞–º –ª–µ–∂–∞—Ç —Å—Ç–∞—Ä—ã–µ
–∏–Ω—Å—Ç—Ä—É–º–µ–Ω—Ç—ã. –°—é–¥–∞ –∑–∞–±—Ä–∞—Å—ã–≤–∞–µ—Ç—Å—è –∫–æ—Ä–º –¥–ª—è –¥–æ–º–∞—à–Ω–µ–≥–æ —Å–∫–æ—Ç–∞, –∞ –ø–æ—Ç–æ–º –ø–æ–¥–∞–µ—Ç—Å—è
–ø–æ —Å—Ç–æ–π–ª–∞–º.
[0;36m[ Exits: n e s ][0;37m
[1;33m[1;31m[0;0m
[0;32m182H[0;37m [0;32m95M[0;37m 13802–æ –ó–∞—É—á:0 –í—ã—Ö:–°–í–Æ> ˇ˘–í—ã –ø–æ–ø–ª–µ–ª–∏—Å—å –Ω–∞ —Å–µ–≤–µ—Ä.
[1;36m–í —Å–µ–Ω—è—Ö [5102][0;37m
   –ß—Ç–æ –∑–∞—Å—Ç–∞–≤–∏–ª–æ —Ö–æ–∑—è–µ–≤ –ø–æ–∫–∏–Ω—É—Ç—å —ç—Ç–æ—Ç –¥–æ–º, —Å–æ—Ö—Ä–∞–Ω–∏–≤—à–∏–π—Å—è –≤ –ø—Ä–∏–ª–∏—á–Ω–æ–º —Å–æ—Å—Ç–æ—è–Ω–∏–∏
–¥–∞–∂–µ –∑–∞ –¥–æ–ª–≥–æ–µ –≤—Ä–µ–º—è –∑–∞–ø—É—Å—Ç–µ–Ω–∏—è –∏ –æ–¥–∏–Ω–æ—á–µ—Å—Ç–≤–∞? –í —ç—Ç–æ–º –º–µ—Å—Ç–µ —Å–µ–Ω–µ–π –Ω–∞—Ö–æ–¥—è—Ç—Å—è
–¥–≤–µ –¥–≤–µ—Ä–∏, –æ–¥–Ω–∞ –∏–∑ –∫–æ—Ç–æ—Ä—ã—Ö –≤–µ–¥–µ—Ç –≤ –∏–∑–±—É, –¥—Ä—É–≥–∞—è - –Ω–∞ —Å–µ–Ω–æ–≤–∞–ª.  
[0;36m[ Exits: (n) e s ][0;37m
[1;33m[1;31m(–ª–µ—Ç–∏—Ç) –ú—É—Ö–∞ –ª–µ—Ç–∞–µ—Ç –∑–¥–µ—Å—å.
[0;0m
[0;32m182H[0;37m [0;32m94M[0;37m 13802–æ –ó–∞—É—á:0 –í—ã—Ö:(–°)–í–Æ> ˇ˘–í—ã –ø–æ–ø–ª–µ–ª–∏—Å—å –Ω–∞ –≤–æ—Å—Ç–æ–∫.
[1;36m–í —Å–µ–Ω—è—Ö [5101][0;37m
   –°–µ–Ω–∏ –∫–æ–≥–¥–∞-—Ç–æ —Å–ª—É–∂–∏–ª–∏ –ø—Ä–æ–º–µ–∂—É—Ç–æ—á–Ω–æ–π —á–∞—Å—Ç—å—é –º–µ–∂–¥—É –æ—Ç–∞–ø–ª–∏–≤–∞–µ–º–æ–π –∏ 
—Ö–æ–∑—è–π—Å—Ç–≤–µ–Ω–Ω–æ–π —á–∞—Å—Ç—å—é –¥–æ–º–∞. –ó–¥–µ—Å—å –∫–æ–≥–¥–∞-—Ç–æ –ª–µ–∂–∞–ª–∞ –Ω–µ—Ö–∏—Ç—Ä–∞—è –∫—Ä–µ—Å—Ç—å—è–Ω—Å–∫–∞—è 
—É—Ç–≤–∞—Ä—å, –Ω–æ —Å–µ–π—á–∞—Å —Ç–æ–ª—å–∫–æ –ø—ã–ª—å –∏ –≥—Ä—è–∑—å.
[0;36m[ Exits: e w ][0;37m
[1;33m–¢—Ä—É–ø –±–ª–æ—Ö–∏ –ª–µ–∂–∏—Ç –∑–¥–µ—Å—å.
[1;31m–ë–ª–æ—Ö–∞ –ø—Ä—è—á–µ—Ç—Å—è –≤ –º—É—Å–æ—Ä–µ.
–°–µ—Ä–∞—è –º—ã—à—å —é—Ä–∫–Ω—É–ª–∞ –∑–¥–µ—Å—å.
[0;0m[0;36m[–æ—Ñ—Ñ—Ç–æ–ø] –ü–∏–ª–∞—Ç–∏–π : '–∞ —Ç–∞–∫ –æ–Ω –¥–∞–≤–∏—Ç'
[0;37m
[0;32m182H[0;37m [0;32m94M[0;37m 13802–æ –ó–∞—É—á:0 –í—ã—Ö:–í–ó> ˇ˘–í—ã –ø–æ–ø–ª–µ–ª–∏—Å—å –Ω–∞ –≤–æ—Å—Ç–æ–∫.
[1;36m–ù–∞ –∫—Ä—ã–ª—å—Ü–µ [5100][0;37m
   –ü–æ–∫–æ—Å–∏–≤—à–µ–µ—Å—è –∫—Ä—ã–ª—å—Ü–æ —Å–∫—Ä–∏–ø–∏—Ç –ø–æ–¥ –Ω–æ–≥–∞–º–∏. –î–µ—Ä–µ–≤–æ –ø–æ—á–µ—Ä–Ω–µ–ª–æ –∏ –æ–±–ª—É–ø–∏–ª–æ—Å—å, –Ω–æ
—Å–æ—Ö—Ä–∞–Ω–∏–ª–æ –∫—Ä–µ–ø–æ—Å—Ç—å. –•–æ—Ç—å –∏ –º–æ–∂–Ω–æ –∑–¥–µ—Å—å –ø–æ—Å—Ç–æ—è—Ç—å, –Ω–æ –í–∞—Å –±–æ–ª—å—à–µ –∏–Ω—Ç–µ—Ä–µ—Å—É–µ—Ç —Å–∞–º
–∑–∞–±—Ä–æ—à–µ–Ω–Ω—ã–π –¥–æ–º. –•–æ—á–µ—Ç—Å—è –∑–∞–π—Ç–∏, –Ω–æ —Ö–æ–ª–æ–¥–æ–∫ –≤ –≥—Ä—É–¥–∏ –∑–∞—Å—Ç–∞–≤–ª—è–µ—Ç –ø–æ–¥—É–º–∞—Ç—å –Ω–∞–¥
—ç—Ç–∏–º —à–∞–≥–æ–º. 
[0;36m[ Exits: E w ][0;37m
[1;33m[1;31m[0;0m
[0;32m182H[0;37m [0;32m94M[0;37m 13802–æ –ó–∞—É—á:0 –í—ã—Ö:–í–ó> ˇ˘–í—ã –ø–æ–ø–ª–µ–ª–∏—Å—å –Ω–∞ –∑–∞–ø–∞–¥.
[1;36m–í —Å–µ–Ω—è—Ö [5101][0;37m
   –°–µ–Ω–∏ –∫–æ–≥–¥–∞-—Ç–æ —Å–ª—É–∂–∏–ª–∏ –ø—Ä–æ–º–µ–∂—É—Ç–æ—á–Ω–æ–π —á–∞—Å—Ç—å—é –º–µ–∂–¥—É –æ—Ç–∞–ø–ª–∏–≤–∞–µ–º–æ–π –∏ 
—Ö–æ–∑—è–π—Å—Ç–≤–µ–Ω–Ω–æ–π —á–∞—Å—Ç—å—é –¥–æ–º–∞. –ó–¥–µ—Å—å –∫–æ–≥–¥–∞-—Ç–æ –ª–µ–∂–∞–ª–∞ –Ω–µ—Ö–∏—Ç—Ä–∞—è –∫—Ä–µ—Å—Ç—å—è–Ω—Å–∫–∞—è 
—É—Ç–≤–∞—Ä—å, –Ω–æ —Å–µ–π—á–∞—Å —Ç–æ–ª—å–∫–æ –ø—ã–ª—å –∏ –≥—Ä—è–∑—å.
[0;36m[ Exits: e w ][0;37m
[1;33m–¢—Ä—É–ø –±–ª–æ—Ö–∏ –ª–µ–∂–∏—Ç –∑–¥–µ—Å—å.
[1;31m–ë–ª–æ—Ö–∞ –ø—Ä—è—á–µ—Ç—Å—è –≤ –º—É—Å–æ—Ä–µ.
–°–µ—Ä–∞—è –º—ã—à—å —é—Ä–∫–Ω—É–ª–∞ –∑–¥–µ—Å—å.
[0;0m
[0;32m182H[0;37m [0;32m94M[0;37m 13802–æ –ó–∞—É—á:0 –í—ã—Ö:–í–ó> ˇ˘[0;33m–í—ã –ø–æ–ø—ã—Ç–∞–ª–∏—Å—å —É–¥–∞—Ä–∏—Ç—å –±–ª–æ—Ö—É - –Ω–µ—É–¥–∞—á–Ω–æ.
[0;0m
[0;32m182H[0;37m [0;32m94M[0;37m 13801–æ –ó–∞—É—á:0 [0;32m[–ì–µ–Ω–æ–¥:–ù–µ–≤—Ä–µ–¥–∏–º][0;37m [0;32m[–±–ª–æ—Ö–∞:–ù–µ–≤—Ä–µ–¥–∏–º–∞][0;37m > ˇ˘
[0;31m–ë–ª–æ—Ö–∞ –ø–æ–ø—ã—Ç–∞–ª–∞—Å—å —É–∂–∞–ª–∏—Ç—å –≤–∞—Å, –Ω–æ –ø—Ä–æ–º–∞—Ö–Ω—É–ª–∞—Å—å.
[0;0m[1;33m–í—ã —É–¥–∞—Ä–∏–ª–∏ –±–ª–æ—Ö—É.
[0;0m[0;33m–í–∞—à–∞ —Ä—É–∫–∞ –Ω–µ –¥–æ—Å—Ç–∏–≥–ª–∞ –±–ª–æ—Ö–∏ - –Ω—É–∂–Ω–æ –±—ã–ª–æ –ª—É—á—à–µ —Ç—Ä–µ–Ω–∏—Ä–æ–≤–∞—Ç—å—Å—è.
[0;0m
[0;32m182H[0;37m [0;32m95M[0;37m 13793–æ –ó–∞—É—á:0 [0;32m[–ì–µ–Ω–æ–¥:–ù–µ–≤—Ä–µ–¥–∏–º][0;37m [0;31m[–±–ª–æ—Ö–∞:–û.—Ç—è–∂–µ–ª–æ —Ä–∞–Ω–µ–Ω–∞][0;37m > ˇ˘
–ü–ï–†–ï–ó–ê–ì–†–£–ó–ö–ê —á–µ—Ä–µ–∑ 2 –º–∏–Ω—É—Ç—ã.

[0;32m182H[0;37m [0;32m95M[0;37m 13793–æ –ó–∞—É—á:0 [0;32m[–ì–µ–Ω–æ–¥:–ù–µ–≤—Ä–µ–¥–∏–º][0;37m [0;31m[–±–ª–æ—Ö–∞:–û.—Ç—è–∂–µ–ª–æ —Ä–∞–Ω–µ–Ω–∞][0;37m > ˇ˘
[0;31m–ë–ª–æ—Ö–∞ –ø–æ–ø—ã—Ç–∞–ª–∞—Å—å —É–∂–∞–ª–∏—Ç—å –≤–∞—Å, –Ω–æ –ø—Ä–æ–º–∞—Ö–Ω—É–ª–∞—Å—å.
[0;0m[1;33m–í—ã –Ω–∞–Ω–µ—Å–ª–∏ –±–ª–æ—Ö–µ –ø—Ä–µ–∫—Ä–∞—Å–Ω—ã–π —É–¥–∞—Ä - –ø–æ—Å–ª–µ —ç—Ç–æ–≥–æ –µ–π —É–∂–µ –Ω–µ –≤—Å—Ç–∞—Ç—å.
[0;0m–ë–ª–æ—Ö–∞ –º–µ—Ä—Ç–≤–∞, –µ–µ –¥—É—à–∞ –º–µ–¥–ª–µ–Ω–Ω–æ –ø–æ–¥—ã–º–∞–µ—Ç—Å—è –≤ –Ω–µ–±–µ—Å–∞.
–í–∞—à –æ–ø—ã—Ç –ø–æ–≤—ã—Å–∏–ª—Å—è –Ω–∞ 7 –æ—á–∫–æ–≤.
–¢—Ä—É–ø –±–ª–æ—Ö–∏ –ø—É—Å—Ç.

[0;32m182H[0;37m [0;32m95M[0;37m 13785–æ –ó–∞—É—á:0 –í—ã—Ö:–í–ó> ˇ˘[1;36m–í —Å–µ–Ω—è—Ö [5101][0;37m
   –°–µ–Ω–∏ –∫–æ–≥–¥–∞-—Ç–æ —Å–ª—É–∂–∏–ª–∏ –ø—Ä–æ–º–µ–∂—É—Ç–æ—á–Ω–æ–π —á–∞—Å—Ç—å—é –º–µ–∂–¥—É –æ—Ç–∞–ø–ª–∏–≤–∞–µ–º–æ–π –∏ 
—Ö–æ–∑—è–π—Å—Ç–≤–µ–Ω–Ω–æ–π —á–∞—Å—Ç—å—é –¥–æ–º–∞. –ó–¥–µ—Å—å –∫–æ–≥–¥–∞-—Ç–æ –ª–µ–∂–∞–ª–∞ –Ω–µ—Ö–∏—Ç—Ä–∞—è –∫—Ä–µ—Å—Ç—å—è–Ω—Å–∫–∞—è 
—É—Ç–≤–∞—Ä—å, –Ω–æ —Å–µ–π—á–∞—Å —Ç–æ–ª—å–∫–æ –ø—ã–ª—å –∏ –≥—Ä—è–∑—å.
[0;36m[ Exits: e w ][0;37m
[1;33m–¢—Ä—É–ø –±–ª–æ—Ö–∏ –ª–µ–∂–∏—Ç –∑–¥–µ—Å—å. [2]
[1;31m–°–µ—Ä–∞—è –º—ã—à—å —é—Ä–∫–Ω—É–ª–∞ –∑–¥–µ—Å—å.
[0;0m
[0;32m182H[0;37m [0;32m95M[0;37m 13785–æ –ó–∞—É—á:0 –í—ã—Ö:–í–ó> ˇ˘–í—ã –ø–æ–¥–Ω—è–ª–∏ —Ç—Ä—É–ø –±–ª–æ—Ö–∏.

[0;32m182H[0;37m [0;32m95M[0;37m 13785–æ –ó–∞—É—á:0 –í—ã—Ö:–í–ó> ˇ˘–¢—Ä—É–ø –±–ª–æ—Ö–∏ –ø—É—Å—Ç.

[0;32m182H[0;37m [0;32m95M[0;37m 13785–æ –ó–∞—É—á:0 –í—ã—Ö:–í–ó> ˇ˘–í—ã –±—Ä–æ—Å–∏–ª–∏ —Ç—Ä—É–ø –±–ª–æ—Ö–∏.

[0;32m182H[0;37m [0;32m95M[0;37m 13785–æ –ó–∞—É—á:0 –í—ã—Ö:–í–ó> ˇ˘[1;33m–í—ã —É–¥–∞—Ä–∏–ª–∏ —Å–µ—Ä—É—é –º—ã—à—å.
[0;0m
[0;32m182H[0;37m [0;32m95M[0;37m 13776–æ –ó–∞—É—á:0 [0;32m[–ì–µ–Ω–æ–¥:–ù–µ–≤—Ä–µ–¥–∏–º][0;37m [1;32m[—Å–µ—Ä–∞—è –º—ã—à—å:–õ–µ–≥–∫–æ —Ä–∞–Ω–µ–Ω–∞][0;37m > ˇ˘
[0;31m–°–µ—Ä–∞—è –º—ã—à—å –ø–æ–ø—ã—Ç–∞–ª–∞—Å—å —Ç–∫–Ω—É—Ç—å –≤–∞—Å, –Ω–æ –µ–µ —É–¥–∞—Ä –Ω–µ –¥–æ—Å—Ç–∏–≥ —Ü–µ–ª–∏.
[0;0m[1;33m–í—ã —É–¥–∞—Ä–∏–ª–∏ —Å–µ—Ä—É—é –º—ã—à—å.
[0;0m[0;33m–í—ã –ø–æ–ø—ã—Ç–∞–ª–∏—Å—å —É–¥–∞—Ä–∏—Ç—å —Å–µ—Ä—É—é –º—ã—à—å - –Ω–µ—É–¥–∞—á–Ω–æ.
[0;0m
[0;32m182H[0;37m [0;32m95M[0;37m 13763–æ –ó–∞—É—á:0 [0;32m[–ì–µ–Ω–æ–¥:–ù–µ–≤—Ä–µ–¥–∏–º][0;37m [1;33m[—Å–µ—Ä–∞—è –º—ã—à—å:–†–∞–Ω–µ–Ω–∞][0;37m > ˇ˘
[0;31m–°–µ—Ä–∞—è –º—ã—à—å –ø–æ–ø—ã—Ç–∞–ª–∞—Å—å —Ç–∫–Ω—É—Ç—å –≤–∞—Å, –Ω–æ –µ–µ —É–¥–∞—Ä –Ω–µ –¥–æ—Å—Ç–∏–≥ —Ü–µ–ª–∏.
[0;0m[0;33m–í–∞—à–∞ —Ä—É–∫–∞ –Ω–µ –¥–æ—Å—Ç–∏–≥–ª–∞ —Å–µ—Ä–æ–π –º—ã—à–∏ - –Ω—É–∂–Ω–æ –±—ã–ª–æ –ª—É—á—à–µ —Ç—Ä–µ–Ω–∏—Ä–æ–≤–∞—Ç—å—Å—è.
[0;0m[0;33m–í—ã –ø–æ–ø—ã—Ç–∞–ª–∏—Å—å —É–¥–∞—Ä–∏—Ç—å —Å–µ—Ä—É—é –º—ã—à—å - –Ω–µ—É–¥–∞—á–Ω–æ.
[0;0m
[0;32m182H[0;37m [0;32m95M[0;37m 13761–æ –ó–∞—É—á:0 [0;32m[–ì–µ–Ω–æ–¥:–ù–µ–≤—Ä–µ–¥–∏–º][0;37m [1;33m[—Å–µ—Ä–∞—è –º—ã—à—å:–†–∞–Ω–µ–Ω–∞][0;37m > ˇ˘
[1;31m–°–µ—Ä–∞—è –º—ã—à—å –ª–µ–≥–æ–Ω—å–∫–æ —Ç–∫–Ω—É–ª–∞ –≤–∞—Å.
[0;0m[1;33m–í—ã —É–¥–∞—Ä–∏–ª–∏ —Å–µ—Ä—É—é –º—ã—à—å.
[0;0m[1;33m–í—ã —É–¥–∞—Ä–∏–ª–∏ —Å–µ—Ä—É—é –º—ã—à—å.
[0;0m–°–µ—Ä–∞—è –º—ã—à—å —Å–º–µ—Ä—Ç–µ–ª—å–Ω–æ —Ä–∞–Ω–µ–Ω–∞ –∏ —É–º—Ä–µ—Ç, –µ—Å–ª–∏ –µ–π –Ω–µ –ø–æ–º–æ–≥—É—Ç.

[0;32m178H[0;37m [0;32m95M[0;37m 13747–æ –ó–∞—É—á:0 [0;32m[–ì–µ–Ω–æ–¥:–°–ª–µ–≥–∫–∞ —Ä–∞–Ω–µ–Ω][0;37m [0;31m[—Å–µ—Ä–∞—è –º—ã—à—å:–°–º–µ—Ä—Ç–µ–ª—å–Ω–æ —Ä–∞–Ω–µ–Ω–∞][0;37m > ˇ˘
[1;33m–í—ã –Ω–∞–Ω–µ—Å–ª–∏ —Å–µ—Ä–æ–π –º—ã—à–∏ –ø—Ä–µ–∫—Ä–∞—Å–Ω—ã–π —É–¥–∞—Ä - –ø–æ—Å–ª–µ —ç—Ç–æ–≥–æ –µ–π —É–∂–µ –Ω–µ –≤—Å—Ç–∞—Ç—å.
[0;0m–°–µ—Ä–∞—è –º—ã—à—å –º–µ—Ä—Ç–≤–∞, –µ–µ –¥—É—à–∞ –º–µ–¥–ª–µ–Ω–Ω–æ –ø–æ–¥—ã–º–∞–µ—Ç—Å—è –≤ –Ω–µ–±–µ—Å–∞.
–í–∞—à –æ–ø—ã—Ç –ø–æ–≤—ã—Å–∏–ª—Å—è –Ω–∞ 75 –æ—á–∫–æ–≤.
–¢—Ä—É–ø —Å–µ—Ä–æ–π –º—ã—à–∏ –ø—É—Å—Ç.

[0;32m182H[0;37m [0;32m95M[0;37m 13671–æ –ó–∞—É—á:0 –í—ã—Ö:–í–ó> ˇ˘[1;36m–í —Å–µ–Ω—è—Ö [5101][0;37m
   –°–µ–Ω–∏ –∫–æ–≥–¥–∞-—Ç–æ —Å–ª—É–∂–∏–ª–∏ –ø—Ä–æ–º–µ–∂—É—Ç–æ—á–Ω–æ–π —á–∞—Å—Ç—å—é –º–µ–∂–¥—É –æ—Ç–∞–ø–ª–∏–≤–∞–µ–º–æ–π –∏ 
—Ö–æ–∑—è–π—Å—Ç–≤–µ–Ω–Ω–æ–π —á–∞—Å—Ç—å—é –¥–æ–º–∞. –ó–¥–µ—Å—å –∫–æ–≥–¥–∞-—Ç–æ –ª–µ–∂–∞–ª–∞ –Ω–µ—Ö–∏—Ç—Ä–∞—è –∫—Ä–µ—Å—Ç—å—è–Ω—Å–∫–∞—è 
—É—Ç–≤–∞—Ä—å, –Ω–æ —Å–µ–π—á–∞—Å —Ç–æ–ª—å–∫–æ –ø—ã–ª—å –∏ –≥—Ä—è–∑—å.
[0;36m[ Exits: e w ][0;37m
[1;33m–¢—Ä—É–ø —Å–µ—Ä–æ–π –º—ã—à–∏ –ª–µ–∂–∏—Ç –∑–¥–µ—Å—å.
–¢—Ä—É–ø –±–ª–æ—Ö–∏ –ª–µ–∂–∏—Ç –∑–¥–µ—Å—å. [2]
[1;31m[0;0m
[0;32m182H[0;37m [0;32m95M[0;37m 13671–æ –ó–∞—É—á:0 –í—ã—Ö:–í–ó> ˇ˘–í—ã –ø–æ–¥–Ω—è–ª–∏ —Ç—Ä—É–ø —Å–µ—Ä–æ–π –º—ã—à–∏.

[0;32m182H[0;37m [0;32m95M[0;37m 13671–æ –ó–∞—É—á:0 –í—ã—Ö:–í–ó> ˇ˘–¢—Ä—É–ø —Å–µ—Ä–æ–π –º—ã—à–∏ –ø—É—Å—Ç.

[0;32m182H[0;37m [0;32m95M[0;37m 13671–æ –ó–∞—É—á:0 –í—ã—Ö:–í–ó> ˇ˘–í—ã –±—Ä–æ—Å–∏–ª–∏ —Ç—Ä—É–ø —Å–µ—Ä–æ–π –º—ã—à–∏.

[0;32m182H[0;37m [0;32m95M[0;37m 13671–æ –ó–∞—É—á:0 –í—ã—Ö:–í–ó> ˇ˘
[0;33m–ö—Ç–æ-—Ç–æ –∑–∞–º–µ—Ç–∏–ª : '—à–æ –æ–ø—è—Ç—å'
[0;37m
[0;32m182H[0;37m [0;32m95M[0;37m 13671–æ –ó–∞—É—á:0 –í—ã—Ö:–í–ó> ˇ˘–í—ã –ø–æ–ø–ª–µ–ª–∏—Å—å –Ω–∞ –∑–∞–ø–∞–¥.
[1;36m–í —Å–µ–Ω—è—Ö [5102][0;37m
   –ß—Ç–æ –∑–∞—Å—Ç–∞–≤–∏–ª–æ —Ö–æ–∑—è–µ–≤ –ø–æ–∫–∏–Ω—É—Ç—å —ç—Ç–æ—Ç –¥–æ–º, —Å–æ—Ö—Ä–∞–Ω–∏–≤—à–∏–π—Å—è –≤ –ø—Ä–∏–ª–∏—á–Ω–æ–º —Å–æ—Å—Ç–æ—è–Ω–∏–∏
–¥–∞–∂–µ –∑–∞ –¥–æ–ª–≥–æ–µ –≤—Ä–µ–º—è –∑–∞–ø—É—Å—Ç–µ–Ω–∏—è –∏ –æ–¥–∏–Ω–æ—á–µ—Å—Ç–≤–∞? –í —ç—Ç–æ–º –º–µ—Å—Ç–µ —Å–µ–Ω–µ–π –Ω–∞—Ö–æ–¥—è—Ç—Å—è
–¥–≤–µ –¥–≤–µ—Ä–∏, –æ–¥–Ω–∞ –∏–∑ –∫–æ—Ç–æ—Ä—ã—Ö –≤–µ–¥–µ—Ç –≤ –∏–∑–±—É, –¥—Ä—É–≥–∞—è - –Ω–∞ —Å–µ–Ω–æ–≤–∞–ª.  
[0;36m[ Exits: (n) e s ][0;37m
[1;33m[1;31m(–ª–µ—Ç–∏—Ç) –ú—É—Ö–∞ –ª–µ—Ç–∞–µ—Ç –∑–¥–µ—Å—å.
[0;0m
[0;32m182H[0;37m [0;32m94M[0;37m 13671–æ –ó–∞—É—á:0 –í—ã—Ö:(–°)–í–Æ> ˇ˘[1;33m–í—ã —É–¥–∞—Ä–∏–ª–∏ –º—É—Ö—É.
[0;0m
[0;32m182H[0;37m [0;32m95M[0;37m 13667–æ –ó–∞—É—á:0 [0;32m[–ì–µ–Ω–æ–¥:–ù–µ–≤—Ä–µ–¥–∏–º][0;37m [0;31m[–º—É—Ö–∞:–û.—Ç—è–∂–µ–ª–æ —Ä–∞–Ω–µ–Ω–∞][0;37m > ˇ˘
[0;31m–ú—É—Ö–∞ –ø–æ–ø—ã—Ç–∞–ª–∞—Å—å —Ç–∫–Ω—É—Ç—å –≤–∞—Å, –Ω–æ –µ–µ —É–¥–∞—Ä –Ω–µ –¥–æ—Å—Ç–∏–≥ —Ü–µ–ª–∏.
[0;0m[0;33m–í–∞—à–∞ —Ä—É–∫–∞ –Ω–µ –¥–æ—Å—Ç–∏–≥–ª–∞ –º—É—Ö–∏ - –Ω—É–∂–Ω–æ –±—ã–ª–æ –ª—É—á—à–µ —Ç—Ä–µ–Ω–∏—Ä–æ–≤–∞—Ç—å—Å—è.
[0;0m[1;33m–í—ã –Ω–∞–Ω–µ—Å–ª–∏ –º—É—Ö–µ –ø—Ä–µ–∫—Ä–∞—Å–Ω—ã–π —É–¥–∞—Ä - –ø–æ—Å–ª–µ —ç—Ç–æ–≥–æ –µ–π —É–∂–µ –Ω–µ –≤—Å—Ç–∞—Ç—å.
[0;0m–ú—É—Ö–∞ –º–µ—Ä—Ç–≤–∞, –µ–µ –¥—É—à–∞ –º–µ–¥–ª–µ–Ω–Ω–æ –ø–æ–¥—ã–º–∞–µ—Ç—Å—è –≤ –Ω–µ–±–µ—Å–∞.
–í–∞—à –æ–ø—ã—Ç –ø–æ–≤—ã—Å–∏–ª—Å—è –Ω–∞ 10 –æ—á–∫–æ–≤.
–¢—Ä—É–ø –º—É—Ö–∏ –ø—É—Å—Ç.

[0;32m182H[0;37m [0;32m95M[0;37m 13655–æ –ó–∞—É—á:0 –í—ã—Ö:(–°)–í–Æ> ˇ˘
[0;36m[–æ—Ñ—Ñ—Ç–æ–ø] –ú–∞–≥—É—à–∞ : '–≤–∞–Ω–æ!'
[0;37m
[0;32m182H[0;37m [0;32m95M[0;37m 13655–æ –ó–∞—É—á:0 –í—ã—Ö:(–°)–í–Æ> ˇ˘–í—ã –ø–æ–¥–Ω—è–ª–∏ —Ç—Ä—É–ø –º—É—Ö–∏.

[0;32m182H[0;37m [0;32m95M[0;37m 13655–æ –ó–∞—É—á:0 –í—ã—Ö:(–°)–í–Æ> ˇ˘–¢—Ä—É–ø –º—É—Ö–∏ –ø—É—Å—Ç.

[0;32m182H[0;37m [0;32m95M[0;37m 13655–æ –ó–∞—É—á:0 –í—ã—Ö:(–°)–í–Æ> ˇ˘–í—ã –±—Ä–æ—Å–∏–ª–∏ —Ç—Ä—É–ø –º—É—Ö–∏.

[0;32m182H[0;37m [0;32m95M[0;37m 13655–æ –ó–∞—É—á:0 –í—ã—Ö:(–°)–í–Æ> ˇ˘
[0;36m[–æ—Ñ—Ñ—Ç–æ–ø] –ú–∞–≥—É—à–∞ : '–∞ –µ—Å–ª–∏ –≤—Å–µ —Å–æ —Å—Ç–µ–Ω—ã –ø—Ä—ã–≥–∞—Ç—å –Ω–∞—á–Ω—É—Ç —Ç—ã —Ç–æ–∂–µ –ø—Ä—ã–≥–Ω–µ—à—å?)'
[0;37m
[0;32m182H[0;37m [0;32m95M[0;37m 13655–æ –ó–∞—É—á:0 –í—ã—Ö:(–°)–í–Æ> ˇ˘[1;36m–í —Å–µ–Ω—è—Ö [5102][0;37m
   –ß—Ç–æ –∑–∞—Å—Ç–∞–≤–∏–ª–æ —Ö–æ–∑—è–µ–≤ –ø–æ–∫–∏–Ω—É—Ç—å —ç—Ç–æ—Ç –¥–æ–º, —Å–æ—Ö—Ä–∞–Ω–∏–≤—à–∏–π—Å—è –≤ –ø—Ä–∏–ª–∏—á–Ω–æ–º —Å–æ—Å—Ç–æ—è–Ω–∏–∏
–¥–∞–∂–µ –∑–∞ –¥–æ–ª–≥–æ–µ –≤—Ä–µ–º—è –∑–∞–ø—É—Å—Ç–µ–Ω–∏—è –∏ –æ–¥–∏–Ω–æ—á–µ—Å—Ç–≤–∞? –í —ç—Ç–æ–º –º–µ—Å—Ç–µ —Å–µ–Ω–µ–π –Ω–∞—Ö–æ–¥—è—Ç—Å—è
–¥–≤–µ –¥–≤–µ—Ä–∏, –æ–¥–Ω–∞ –∏–∑ –∫–æ—Ç–æ—Ä—ã—Ö –≤–µ–¥–µ—Ç –≤ –∏–∑–±—É, –¥—Ä—É–≥–∞—è - –Ω–∞ —Å–µ–Ω–æ–≤–∞–ª.  
[0;36m[ Exits: (n) e s ][0;37m
[1;33m–¢—Ä—É–ø –º—É—Ö–∏ –ª–µ–∂–∏—Ç –∑–¥–µ—Å—å.
[1;31m[0;0m
[0;32m182H[0;37m [0;32m95M[0;37m 13655–æ –ó–∞—É—á:0 –í—ã—Ö:(–°)–í–Æ> ˇ˘–í—ã –ø–æ–ø–ª–µ–ª–∏—Å—å –Ω–∞ –≤–æ—Å—Ç–æ–∫.
[1;36m–í —Å–µ–Ω—è—Ö [5101][0;37m
   –°–µ–Ω–∏ –∫–æ–≥–¥–∞-—Ç–æ —Å–ª—É–∂–∏–ª–∏ –ø—Ä–æ–º–µ–∂—É—Ç–æ—á–Ω–æ–π —á–∞—Å—Ç—å—é –º–µ–∂–¥—É –æ—Ç–∞–ø–ª–∏–≤–∞–µ–º–æ–π –∏ 
—Ö–æ–∑—è–π—Å—Ç–≤–µ–Ω–Ω–æ–π —á–∞—Å—Ç—å—é –¥–æ–º–∞. –ó–¥–µ—Å—å –∫–æ–≥–¥–∞-—Ç–æ –ª–µ–∂–∞–ª–∞ –Ω–µ—Ö–∏—Ç—Ä–∞—è –∫—Ä–µ—Å—Ç—å—è–Ω—Å–∫–∞—è 
—É—Ç–≤–∞—Ä—å, –Ω–æ —Å–µ–π—á–∞—Å —Ç–æ–ª—å–∫–æ –ø—ã–ª—å –∏ –≥—Ä—è–∑—å.
[0;36m[ Exits: e w ][0;37m
[1;33m–¢—Ä—É–ø —Å–µ—Ä–æ–π –º—ã—à–∏ –ª–µ–∂–∏—Ç –∑–¥–µ—Å—å.
–¢—Ä—É–ø –±–ª–æ—Ö–∏ –ª–µ–∂–∏—Ç –∑–¥–µ—Å—å. [2]
[1;31m[0;0m
[0;32m182H[0;37m [0;32m94M[0;37m 13655–æ –ó–∞—É—á:0 –í—ã—Ö:–í–ó> ˇ˘–í—ã –ø–æ–ø–ª–µ–ª–∏—Å—å –Ω–∞ –≤–æ—Å—Ç–æ–∫.
[1;36m–ù–∞ –∫—Ä—ã–ª—å—Ü–µ [5100][0;37m
   –ü–æ–∫–æ—Å–∏–≤—à–µ–µ—Å—è –∫—Ä—ã–ª—å—Ü–æ —Å–∫—Ä–∏–ø–∏—Ç –ø–æ–¥ –Ω–æ–≥–∞–º–∏. –î–µ—Ä–µ–≤–æ –ø–æ—á–µ—Ä–Ω–µ–ª–æ –∏ –æ–±–ª—É–ø–∏–ª–æ—Å—å, –Ω–æ
—Å–æ—Ö—Ä–∞–Ω–∏–ª–æ –∫—Ä–µ–ø–æ—Å—Ç—å. –•–æ—Ç—å –∏ –º–æ–∂–Ω–æ –∑–¥–µ—Å—å –ø–æ—Å—Ç–æ—è—Ç—å, –Ω–æ –í–∞—Å –±–æ–ª—å—à–µ –∏–Ω—Ç–µ—Ä–µ—Å—É–µ—Ç —Å–∞–º
–∑–∞–±—Ä–æ—à–µ–Ω–Ω—ã–π –¥–æ–º. –•–æ—á–µ—Ç—Å—è –∑–∞–π—Ç–∏, –Ω–æ —Ö–æ–ª–æ–¥–æ–∫ –≤ –≥—Ä—É–¥–∏ –∑–∞—Å—Ç–∞–≤–ª—è–µ—Ç –ø–æ–¥—É–º–∞—Ç—å –Ω–∞–¥
—ç—Ç–∏–º —à–∞–≥–æ–º. 
[0;36m[ Exits: E w ][0;37m
[1;33m[1;31m[0;0m
[0;32m182H[0;37m [0;32m94M[0;37m 13655–æ –ó–∞—É—á:0 –í—ã—Ö:–í–ó> ˇ˘–í—ã –ø–æ–ø–ª–µ–ª–∏—Å—å –Ω–∞ –≤–æ—Å—Ç–æ–∫.
[1;36m–ó–∞–±—Ä–æ—à–µ–Ω–Ω—ã–π –¥–æ–º [5023][0;37m
   –° –≤–∏–¥—É —Ö–æ—Ä–æ—à–∏–π –¥–æ–º —Å—Ç–æ–∏—Ç –Ω–∞ —Ü–µ–Ω—Ç—Ä–∞–ª—å–Ω–æ–π —É–ª–∏—Ü–µ —Å—Ä–µ–¥–∏ –±–æ–ª—å—à–∏—Ö –∏ –±–æ–≥–∞—Ç—ã—Ö
–¥–æ–º–æ–≤. –ó–∞–∫–æ–ª–æ—á–µ–Ω—ã —Å—Ç–∞–≤–Ω–∏, –∑–∞–ø—É—Å—Ç–µ–Ω—å–µ –≤–æ –¥–≤–æ—Ä–µ. –ß—Ç–æ –∑–∞ –Ω–∞–ø–∞—Å—Ç—å –∑–∞—Å—Ç–∞–≤–∏–ª–∞ 
—Ö–æ–∑—è–µ–≤ –ø–æ–∫–∏–Ω—É—Ç—å —Å–≤–æ–µ –∂–∏–ª–∏—â–µ –∏ –∏—Å–∫–∞—Ç—å –Ω–æ–≤–æ–µ –º–µ—Å—Ç–æ.
[0;36m[ Exits: e W ][0;37m
[1;33m[1;31m[0;0m
–î–µ—Ä–µ–≤–Ω—è —É —Ä–µ–∫–∏ (2-–∞—è —Ä–æ–¥–æ–≤–∞—è).

[0;32m182H[0;37m [0;32m93M[0;37m 13655–æ –ó–∞—É—á:0 –í—ã—Ö:–í–ó> ˇ˘
[0;36m[–æ—Ñ—Ñ—Ç–æ–ø] –ü–∏–ª–∞—Ç–∏–π : '–Ω–µ –ø–æ–Ω—è–ª –∫–æ–Ω—Ç–µ–∫—Å—Ç–∞, –µ—Å–ª–∏ –±–µ–∑ –ø–æ–¥—Ç–µ–∫—Å—Ç–∞, —Ç–æ –Ω–µ—Ç'
[0;37m
[0;32m182H[0;37m [0;32m95M[0;37m 13655–æ –ó–∞—É—á:0 –í—ã—Ö:–í–ó> ˇ˘–í—ã –ø–æ–ø–ª–µ–ª–∏—Å—å –Ω–∞ –≤–æ—Å—Ç–æ–∫.
[1;36m–ö —Ü–µ–Ω—Ç—Ä—É –¥–µ—Ä–µ–≤–Ω–∏ [5006][0;37m
   –ü–æ–Ω–µ–º–Ω–æ–≥—É –æ—Å—Ç–∞—é—Ç—Å—è –ø–æ–∑–∞–¥–∏ –≥–ª–∞–≤–Ω—ã–µ –¥–æ–º–∞ –¥–µ—Ä–µ–≤–Ω–∏, –∏ –≤–æ–∫—Ä—É–≥ –æ—Ç–∫—Ä—ã–≤–∞–µ—Ç—Å—è –æ–±—ã—á–Ω—ã–π
–¥–µ—Ä–µ–≤–µ–Ω—Å–∫–∏–π –≤–∏–¥. –ö—Ä–µ–ø–∫–∏–µ –¥–æ–º–∞ —Å –º–∞–ª–µ–Ω—å–∫–∏–º–∏ –æ–∫–Ω–∞–º–∏, –Ω–æ –Ω–µ–∏–∑–º–µ–Ω–Ω—ã–º–∏ —Ç—Ä—É–±–∞–º–∏
–ø–µ—á–µ–π. –ò–∑–≥–æ—Ä–æ–¥—å, —Å—Ç–æ—è—â–∞—è –∑–∞ –¥–æ–º–∞–º–∏ –≤–¥–æ–ª—å –ª–µ—Å–∞ –∏ –∑–∞—â–∏—â–∞—é—â–∞—è –¥–µ—Ä–µ–≤–Ω—é —Å —Ç—ã–ª–∞. 
–ù–µ—Ç–æ—Ä–æ–ø–ª–∏–≤—ã–π –ª—é–¥, –∏–¥—É—â–∏–π –ø–æ —Å–≤–æ–∏–º –∏–∑–≤–µ—á–Ω—ã–º –¥–µ–ª–∞–º.
[0;36m[ Exits: n e s w ][0;37m
[1;33m[1;31m[0;0m
[0;32m182H[0;37m [0;32m94M[0;37m 13655–æ –ó–∞—É—á:0 –í—ã—Ö:–°–í–Æ–ó> ˇ˘–í—ã –ø–æ–ø–ª–µ–ª–∏—Å—å –Ω–∞ —é–≥.
[1;36m–ü–µ—Ä–µ–¥ –ø–æ—Å—Ç–æ—è–ª—ã–º –¥–≤–æ—Ä–æ–º [5005][0;37m
   –ß—É—Ç—å –Ω–µ —Å–ø–æ—Ç–∫–Ω—É–≤—à–∏—Å—å –æ –¥–æ—Å–∫—É, –ª–µ–∂–∞—â—É—é —Å—Ä–∞–∑—É —É –ø–æ—Ä–æ–≥–∞ –ø–æ—Å—Ç–æ—è–ª–æ–≥–æ –¥–≤–æ—Ä–∞,
–≤—ã –æ–∫–∞–∑–∞–ª–∏—Å—å –Ω–∞ —Ü–µ–Ω—Ç—Ä–∞–ª—å–Ω–æ–π —É–ª–∏—Ü–µ –¥–µ—Ä–µ–≤–Ω–∏. –ò–º–µ–Ω–Ω–æ –Ω–∞ —ç—Ç–æ–π —É–ª–∏—Ü–µ –º–æ–∂–Ω–æ 
–±—ã—Å—Ç—Ä–æ –Ω–∞–π—Ç–∏ –ª–∞–≤–∫—É —Ä–µ–º–µ—Å–ª–µ–Ω–Ω–∏–∫–∞, –¥–æ–º –∑–Ω–∞—Ö–∞—Ä—è, –∫–æ–Ω—é—à–Ω—é –∏ –¥–æ–º —Å—Ç–∞—Ä–µ–π—à–∏–Ω—ã.
–í —é–∂–Ω–æ–π —á–∞—Å—Ç–∏ –¥–µ—Ä–µ–≤–Ω–∏ –ø–æ—Å–µ–ª–∏–ª–∏—Å—å –≤–æ—Ä–æ–∂–µ–∏.
[0;36m[ Exits: n e s w ][0;37m
[1;33m[1;31m[0;0m
[0;32m182H[0;37m [0;32m94M[0;37m 13655–æ –ó–∞—É—á:0 –í—ã—Ö:–°–í–Æ–ó> ˇ˘–í—ã –ø–æ–ø–ª–µ–ª–∏—Å—å –Ω–∞ –≤–æ—Å—Ç–æ–∫.
[1;36m–ü–æ—Å—Ç–æ—è–ª—ã–π –¥–≤–æ—Ä [5001][0;37m
   –î–µ—Ä–µ–≤–Ω—è —Ö–æ—Ç—å –∏ –Ω–µ–±–æ–ª—å—à–∞—è, –Ω–æ –ø–æ—Å—Ç–æ—è–ª—ã–π –¥–≤–æ—Ä –∏–º–µ–µ—Ç—Å—è, –¥–ª—è –∑–∞–µ–∑–∂–∏—Ö –≥–æ—Å—Ç–µ–π,
—á—Ç–æ–±—ã –±—ã–ª–æ –≥–¥–µ –ø–µ—Ä–µ–≤–µ—Å—Ç–∏ –¥—É—Ö, –µ–¥–æ–π –∏ –ø–∏—Ç—å–µ–º –∑–∞–ø–∞—Å—Ç–∏—Å—å. –ê –µ—Å–ª–∏ –Ω–∞ –¥–≤–æ—Ä–µ —É–∂
–Ω–æ—á—å –∏–ª—å –ø—Ä–æ—Å—Ç–æ –Ω–∞–¥–æ –æ—Å—Ç–∞–Ω–æ–≤–∏—Ç—Å—è –Ω–∞ –¥–µ–Ω—å –¥—Ä—É–≥–æ–π –≤ –¥–µ—Ä–µ–≤–Ω–µ, –∞ —Ä–æ–¥—Å—Ç–≤–µ–Ω–Ω–∏–∫–æ–≤
–Ω–µ—Ç, —Ç–∞–∫ –º–æ–∂–Ω–æ –∏ –ø–µ—Ä–µ–Ω–æ—á–µ–≤–∞—Ç—å –≤ –≥–æ—Ä–Ω–∏—Ü–∞—Ö –Ω–∞–≤–µ—Ä—Ö—É.
[0;36m[ Exits: w u ][0;37m
[1;33m[1;31m–°–µ–¥–æ–≤–ª–∞—Å—ã–π —Å–∫–∞–∑–∏—Ç–µ–ª—å –≥–æ—Ç–æ–≤ –ø–æ–¥–µ–ª–∏—Ç—å—Å—è —Å –í–∞–º–∏ –∏–Ω—Ç–µ—Ä–µ—Å–Ω–æ–π –∏—Å—Ç–æ—Ä–∏–µ–π.
–¢—Ä–∞–∫—Ç–∏—Ä—â–∏–∫ –æ—Ç–¥—ã—Ö–∞–µ—Ç –∑–∞ —Å—Ç–æ–π–∫–æ–π.
[0;0m
[0;32m182H[0;37m [0;32m94M[0;37m 13655–æ –ó–∞—É—á:0 –í—ã—Ö:–ó^> ˇ˘–í—ã –ø–æ–ø–ª–µ–ª–∏—Å—å –≤–≤–µ—Ä—Ö.
[1;36m–ö–æ–º–Ω–∞—Ç—ã –æ—Ç–¥—ã—Ö–∞ [5000][0;37m
   –•–æ–∑—è–∏–Ω —É—Å—Ç—Ä–æ–∏–ª –∑–¥–µ—Å—å –∫–æ–º–Ω–∞—Ç—ã –¥–ª—è –æ—Ç–¥—ã—Ö–∞. –õ—é–±–æ–π –∂–µ–ª–∞—é—â–∏–π –º–æ–∂–µ—Ç –æ—Å—Ç–∞–Ω–æ–≤–∏—Ç—å—Å—è
–∑–¥–µ—Å—å –∏ –ø–µ—Ä–µ–¥–æ—Ö–Ω—É—Ç—å –ø–æ—Å–ª–µ –¥–∞–ª—å–Ω–µ–π –¥–æ—Ä–æ–≥–∏. –°–≤–µ—Ç–ª—ã–µ –≥–æ—Ä–Ω–∏—Ü—ã —Ç–∞–∫ –∏ –ø—Ä–∏–≥–ª–∞—à–∞—é—Ç
–ø—Ä–æ–π—Ç–∏ –≤ –Ω–∏—Ö –∏ —Ä–∞—Å—Ç—è–Ω—É—Ç—å—Å—è –Ω–∞ –ø–µ—Ä–∏–Ω–µ, –Ω–∞ –ø—É—Ö–æ–≤–æ–π –¥–∞ –∑–∞–±—ã—Ç—å—Å—è —Å–Ω–æ–º –±–æ–≥–∞—Ç—ã—Ä—Å–∫–∏–º.
–ó–¥–µ—Å—å –∂–µ –º–æ–∂–Ω–æ –ø–æ–¥–æ–∂–¥–∞—Ç—å —Å–≤–æ–∏—Ö –∫–æ–º–ø–∞–Ω—å–æ–Ω–æ–≤ –ø–µ—Ä–µ–¥ –¥–æ–ª–≥–æ–π –¥–æ—Ä–æ–≥–æ–π, –ø–æ–≥–æ–≤–æ—Ä–∏—Ç—å
–æ –¥–∞–ª—å–Ω–µ–π—à–∏—Ö –ø–ª–∞–Ω–∞—Ö.
[1;32m–°–æ–≤—Å–µ–º –º–∞–ª—ã—Ö, –¥–∞ –Ω–µ –æ–±—É—á–µ–Ω–Ω—ã—Ö —Ç–∞–∫ –∏ —Ç—è–Ω–µ—Ç [1;33m–≤–æ–π—Ç–∏ [1;32m–≤ [1;33m—à–∫–æ–ª—É[1;32m.[0;0m
[0;36m[ Exits: d ][0;37m
[1;33m–î–æ—Å–∫–∞ –¥–ª—è —Ä–∞–∑–ª–∏—á–Ω—ã—Ö –∑–∞–º–µ—Ç–æ–∫ –∏ –æ–±—ä—è–≤–ª–µ–Ω–∏–π –ø—Ä–∏–±–∏—Ç–∞ —Ç—É—Ç ..–±–ª–µ—Å—Ç–∏—Ç!
[1;31m–•–æ–∑—è–π–∫–∞ –ø–æ—Å—Ç–æ—è–ª–æ–≥–æ –¥–≤–æ—Ä–∞ —Ä–∞—Å–ø–æ—Ä—è–∂–∞–µ—Ç—Å—è –∑–¥–µ—Å—å.
[0;0m
[0;32m182H[0;37m [0;32m94M[0;37m 13655–æ –ó–∞—É—á:0 –í—ã—Ö:v> ˇ˘–•–æ–∑—è–π–∫–∞ —Å–∫–∞–∑–∞–ª–∞ –≤–∞–º : "–°–µ–≥–æ–¥–Ω—è —Å–ø–∏–º –Ω–∞—Ö–∞–ª—è–≤—É!"
–•–æ–∑—è–π–∫–∞ –∑–∞–ø–µ—Ä–ª–∞ –≤–∞—à–∏ –≤–µ—â–∏ –≤ —Å—É–Ω–¥—É–∫ –∏ –ø–æ–≤–µ–ª–∞ –≤ —Ç–µ—Å–Ω—É—é –∫–∞–º–æ—Ä–∫—É.

0) –û—Ç—Å–æ–µ–¥–∏–Ω–∏—Ç—å—Å—è.
1) –ù–∞—á–∞—Ç—å –∏–≥—Ä—É.
2) –í–≤–µ—Å—Ç–∏ –æ–ø–∏—Å–∞–Ω–∏–µ –≤–∞—à–µ–≥–æ –ø–µ—Ä—Å–æ–Ω–∞–∂–∞.
3) –£–∑–Ω–∞—Ç—å –∏—Å—Ç–æ—Ä–∏—é.
4) –ò–∑–º–µ–Ω–∏—Ç—å –ø–∞—Ä–æ–ª—å.
5) –£–¥–∞–ª–∏—Ç—å –ø–µ—Ä—Å–æ–Ω–∞–∂–∞.
6) –ò–∑–º–µ–Ω–∏—Ç—å –ø–∞—Ä–∞–º–µ—Ç—Ä—ã –ø–µ—Ä—Å–æ–Ω–∞–∂–∞.
7) –í–∫–ª—é—á–∏—Ç—å/–≤—ã–∫–ª—é—á–∏—Ç—å —Ä–µ–∂–∏–º —Å–ª–µ–ø–æ–≥–æ –∏–≥—Ä–æ–∫–∞.
8) –ü–æ—Å–º–æ—Ç—Ä–µ—Ç—å –≤—Å–µ—Ö –ø–µ—Ä—Å–æ–Ω–∞–∂–µ–π –Ω–∞ –¥–∞–Ω–Ω–æ–º email'e.

   –ß–µ–≥–æ –≤–∞—à–∞ –¥—É—à–∞ –∂–µ–ª–∞–µ—Ç? ˇ˘
–î–æ –≤—Å—Ç—Ä–µ—á–∏ –Ω–∞ –∑–µ–º–ª–µ –ö–∏–µ–≤—Å–∫–æ–π.
–í —Å–ª—É—á–∞–µ –≤–∞—à–µ–≥–æ –æ—Ç—Å—É—Ç—Å—Ç–≤–∏—è –ø–µ—Ä—Å–æ–Ω–∞–∂ –±—É–¥–µ—Ç —Ö—Ä–∞–Ω–∏—Ç—å—Å—è –¥–æ 11:10:14 14 –Ø–Ω–≤–∞—Ä—è 2022 –≥–æ–¥–∞ –Ω–∞—à–µ–π —ç—Ä—ã :).
ˇ˘