ˇ˚Eˇ˚Vˇ˚U
Using keytable
  0) Koi-8
  1) Alt
  2) Windows(JMC,MMC)
  3) Windows(zMUD)
  4) Windows(zMUD ver. 6+)
  5) UTF-8
Select one :     
 -----------------------------------------------------------------------------                   
          Based On CircleMUD v3.0   Created by Jeremy Elson,   
          DikuMUD Gamma 0.0  by Sebastian Hammer, Michael Seifert, 
          Hans Henrik Staerfeldt, Tom Madsen, Katja Nyboe
 _____________________________________________________________________________

    #######
    ##    
    ##        ####    ####      ####  ####  ####  ####  ####  ####    ####
    #######    ######  ##     ## ##    ##  ####    ##    ##    ######  ##
    ##    ##   ##   ## ##    ##  ##    ####  ##    ########    ##   ## ##
    ##    ##   ##   ## ##    ##  ##    ###   ##    ##    ##    ##   ## ##
    #######   ####### ####  ###  ###  ####  ####  ####  ####  ####### ####

                   –ü–û –ü–†–ï–î–ê–ù–ò–Ø–ú –†–£–°–°–ö–ò–• –ù–ê–†–û–î–ù–´–• –°–ö–ê–ó–û–ö –ò –ë–´–õ–ò–ù.

             –ü–æ –∞–¥–º–∏–Ω–∏—Å—Ç—Ä–∞—Ç–∏–≤–Ω—ã–º –≤–æ–ø—Ä–æ—Å–∞–º –º–æ–∂–µ—Ç–µ —Å–≤—è–∑–∞—Ç—å—Å—è —Å –°—Ç—Ä–∏–±–æ–≥–æ–º
                	     e-mail: stribog@bylins.su

                       –ü–æ—Å–µ—Ç–∏—Ç–µ –Ω–∞—à —Å–∞–π—Ç: www.bylins.su
    –î–ª—è –±–æ–ª–µ–µ –ø–æ–¥—Ä–æ–±–Ω–æ–π –∏–≥—Ä–æ–≤–æ–π –∏–Ω—Ñ–æ—Ä–º–∞—Ü–∏–∏ –ø–æ—Å–µ—Ç–∏—Ç–µ www.bylins.su/?newbies

–í–≤–µ–¥–∏—Ç–µ –∏–º—è –ø–µ—Ä—Å–æ–Ω–∞–∂–∞ (–∏–ª–∏ "–Ω–æ–≤—ã–π" –¥–ª—è —Å–æ–∑–¥–∞–Ω–∏—è –Ω–æ–≤–æ–≥–æ): –ü–µ—Ä—Å–æ–Ω–∞–∂ —Å —Ç–∞–∫–∏–º –∏–º–µ–Ω–µ–º —É–∂–µ —Å—É—â–µ—Å—Ç–≤—É–µ—Ç. –í–≤–µ–¥–∏—Ç–µ –ø–∞—Ä–æ–ª—å : ˇ˘

–ü–æ—Å–ª–µ–¥–Ω–∏–π —Ä–∞–∑ –≤—ã –∑–∞—Ö–æ–¥–∏–ª–∏ –∫ –Ω–∞–º –≤ 23:31:58  7 –§–µ–≤—Ä–∞–ª—è 2018 –≥–æ–¥–∞ —Å –∞–¥—Ä–µ—Å–∞ (96.64.242.30).

* –í —Å–≤—è–∑–∏ —Å –ø—Ä–æ–±–ª–µ–º–∞–º–∏ –ø–µ—Ä–µ–≤–æ–¥–∞ —Ñ—Ä–∞–∑—ã ANYKEY –Ω–∞–∂–º–∏—Ç–µ ENTER *ˇ˘
  –î–æ–±—Ä–æ –ø–æ–∂–∞–ª–æ–≤–∞—Ç—å –Ω–∞ –∑–µ–º–ª—é –ö–∏–µ–≤—Å–∫—É—é, –±–æ–≥–∞—Ç—É—é –∏—Å—Ç–æ—Ä–∏–µ–π –∏ —Å–∞–º—ã–º–∏ –Ω–µ–≤–µ—Ä–æ—è—Ç–Ω—ã–º–∏
–ø—Ä–∏–∫–ª—é—á–µ–Ω–∏—è–º–∏. –í–æ–∑–º–æ–∂–Ω–æ, –≤–∞–º –æ–Ω–∏ –ø–æ–Ω—Ä–∞–≤—è—Ç—Å—è, –∏ –≤—ã —Å—Ç–∞–Ω–µ—Ç–µ –≤ –æ–¥–∏–Ω —Ä—è–¥ —Å –≥–µ—Ä–æ—è–º–∏
–¥–∞–≤–Ω–æ –º–∏–Ω—É–≤—à–∏—Ö –¥–Ω–µ–π.

[1;36m–ö–æ–º–Ω–∞—Ç—ã –æ—Ç–¥—ã—Ö–∞ [5000][0;37m
   –•–æ–∑—è–∏–Ω —É—Å—Ç—Ä–æ–∏–ª –∑–¥–µ—Å—å –∫–æ–º–Ω–∞—Ç—ã –¥–ª—è –æ—Ç–¥—ã—Ö–∞. –õ—é–±–æ–π –∂–µ–ª–∞—é—â–∏–π –º–æ–∂–µ—Ç –æ—Å—Ç–∞–Ω–æ–≤–∏—Ç—å—Å—è
–∑–¥–µ—Å—å –∏ –ø–µ—Ä–µ–¥–æ—Ö–Ω—É—Ç—å –ø–æ—Å–ª–µ –¥–∞–ª—å–Ω–µ–π –¥–æ—Ä–æ–≥–∏. –°–≤–µ—Ç–ª—ã–µ –≥–æ—Ä–Ω–∏—Ü—ã —Ç–∞–∫ –∏ –ø—Ä–∏–≥–ª–∞—à–∞—é—Ç
–ø—Ä–æ–π—Ç–∏ –≤ –Ω–∏—Ö –∏ —Ä–∞—Å—Ç—è–Ω—É—Ç—å—Å—è –Ω–∞ –ø–µ—Ä–∏–Ω–µ, –Ω–∞ –ø—É—Ö–æ–≤–æ–π –¥–∞ –∑–∞–±—ã—Ç—å—Å—è —Å–Ω–æ–º –±–æ–≥–∞—Ç—ã—Ä—Å–∫–∏–º.
–ó–¥–µ—Å—å –∂–µ –º–æ–∂–Ω–æ –ø–æ–¥–æ–∂–¥–∞—Ç—å —Å–≤–æ–∏—Ö –∫–æ–º–ø–∞–Ω—å–æ–Ω–æ–≤ –ø–µ—Ä–µ–¥ –¥–æ–ª–≥–æ–π –¥–æ—Ä–æ–≥–æ–π, –ø–æ–≥–æ–≤–æ—Ä–∏—Ç—å
–æ –¥–∞–ª—å–Ω–µ–π—à–∏—Ö –ø–ª–∞–Ω–∞—Ö.
[1;32m–°–æ–≤—Å–µ–º –º–∞–ª—ã—Ö, –¥–∞ –Ω–µ –æ–±—É—á–µ–Ω–Ω—ã—Ö —Ç–∞–∫ –∏ —Ç—è–Ω–µ—Ç [1;33m–≤–æ–π—Ç–∏ [1;32m–≤ [1;33m—à–∫–æ–ª—É[1;32m.[0;0m

[1;33m–î–æ—Å–∫–∞ –¥–ª—è —Ä–∞–∑–ª–∏—á–Ω—ã—Ö –∑–∞–º–µ—Ç–æ–∫ –∏ –æ–±—ä—è–≤–ª–µ–Ω–∏–π –ø—Ä–∏–±–∏—Ç–∞ —Ç—É—Ç ..–±–ª–µ—Å—Ç–∏—Ç!
[1;31m–ú–µ—Å—Ç–Ω—ã–π –∂–∏—Ç–µ–ª—å –∏–¥–µ—Ç –∑–¥–µ—Å—å.
–•–æ–∑—è–π–∫–∞ –ø–æ—Å—Ç–æ—è–ª–æ–≥–æ –¥–≤–æ—Ä–∞ —Ä–∞—Å–ø–æ—Ä—è–∂–∞–µ—Ç—Å—è –∑–¥–µ—Å—å.
[0;0m
–î–µ—Ä–µ–≤–Ω—è —É —Ä–µ–∫–∏ (2-–∞—è —Ä–æ–¥–æ–≤–∞—è).

[0;32m143H[0;37m [0;32m101M[0;37m 7886–æ –ó–∞—É—á:0 –í—ã—Ö:v> ˇ˘–í—ã –ì–µ–Ω–æ–¥ (–†—É—Å–∏—á, –ü–æ–ª—è–Ω–∏–Ω, –Ø–∑—ã—á–Ω–∏–∫, –¥—Ä—É–∂–∏–Ω–Ω–∏–∫ 5 —É—Ä–æ–≤–Ω—è).
–°–µ–π—á–∞—Å –≤–∞–º 17 –ª–µ—Ç. 
–í—ã –º–æ–∂–µ—Ç–µ –≤—ã–¥–µ—Ä–∂–∞—Ç—å 143(143) –µ–¥–∏–Ω–∏—Ü—ã –ø–æ–≤—Ä–µ–∂–¥–µ–Ω–∏—è, –∏ –ø—Ä–æ–π—Ç–∏ 101(101) –≤–µ—Ä—Å—Ç—É –ø–æ —Ä–æ–≤–Ω–æ–π –º–µ—Å—Ç–Ω–æ—Å—Ç–∏.
[1;36m–í–∞—à–∏ —Ö–∞—Ä–∞–∫—Ç–µ—Ä–∏—Å—Ç–∏–∫–∏ :
  –°–∏–ª–∞ : 23(23)  –ü–æ–¥–≤ : 17(19)  –¢–µ–ª–æ : 23(23)  –ú—É–¥—Ä : 10(10)  –£–º   : 10(10)  –û–±–∞—è–Ω: 12(12)
  –†–∞–∑–º–µ—Ä  50( 50)  –†–æ—Å—Ç   197(197)  –í–µ—Å    160(160)[0;37m
[1;32m–í–∞—à–∏ –±–æ–µ–≤—ã–µ –∫–∞—á–µ—Å—Ç–≤–∞ :
  –ó–∞—â–∏—Ç–∞  (AC)     :    6 - [1;31m–í—ã —Å–æ–≤—Å–µ–º –Ω–µ–º–Ω–æ–≥–æ –∑–∞—â–∏—â–µ–Ω—ã[1;32m
  –ë—Ä–æ–Ω—è/–ü–æ–≥–ª–æ—â–µ–Ω–∏–µ :    0/0[0;0m
–í–∞—à –æ–ø—ã—Ç - 16114 –æ—á–∫–æ–≤, —É –≤–∞—Å –Ω–∞ —Ä—É–∫–∞—Ö 14 –∫—É–Ω.
–í–∞–º –æ—Å—Ç–∞–ª–æ—Å—å –Ω–∞–±—Ä–∞—Ç—å 7886 –æ—á–∫–æ–≤ –¥–æ —Å–ª–µ–¥—É—é—â–µ–≥–æ —É—Ä–æ–≤–Ω—è.
–í—ã –º–æ–∂–µ—Ç–µ –≤—Å—Ç—É–ø–∏—Ç—å –≤ –≥—Ä—É–ø–ø—É —Å –º–∞–∫—Å–∏–º–∞–ª—å–Ω–æ–π —Ä–∞–∑–Ω–∏—Ü–µ–π –≤ 5 —É—Ä–æ–≤–Ω–µ–π –±–µ–∑ –ø–æ—Ç–µ—Ä—å –¥–ª—è –æ–ø—ã—Ç–∞.
–í—ã –∏–≥—Ä–∞–µ—Ç–µ 6 –¥–Ω–µ–π 11 —á–∞—Å–æ–≤ —Ä–µ–∞–ª—å–Ω–æ–≥–æ –≤—Ä–µ–º–µ–Ω–∏.
–í—ã —Å—Ç–æ–∏—Ç–µ.
[1;32m[0;37m[1;32m–¢—É—Ç –≤—ã —á—É–≤—Å—Ç–≤—É–µ—Ç–µ —Å–µ–±—è –≤ –±–µ–∑–æ–ø–∞—Å–Ω–æ—Å—Ç–∏.[0;37m

[0;32m143H[0;37m [0;32m101M[0;37m 7886–æ –ó–∞—É—á:0 –í—ã—Ö:v> ˇ˘–í—ã –ø–æ–ø–ª–µ–ª–∏—Å—å –≤–Ω–∏–∑.
[1;36m–ü–æ—Å—Ç–æ—è–ª—ã–π –¥–≤–æ—Ä [5001][0;37m
   –î–µ—Ä–µ–≤–Ω—è —Ö–æ—Ç—å –∏ –Ω–µ–±–æ–ª—å—à–∞—è, –Ω–æ –ø–æ—Å—Ç–æ—è–ª—ã–π –¥–≤–æ—Ä –∏–º–µ–µ—Ç—Å—è, –¥–ª—è –∑–∞–µ–∑–∂–∏—Ö –≥–æ—Å—Ç–µ–π,
—á—Ç–æ–±—ã –±—ã–ª–æ –≥–¥–µ –ø–µ—Ä–µ–≤–µ—Å—Ç–∏ –¥—É—Ö, –µ–¥–æ–π –∏ –ø–∏—Ç—å–µ–º –∑–∞–ø–∞—Å—Ç–∏—Å—å. –ê –µ—Å–ª–∏ –Ω–∞ –¥–≤–æ—Ä–µ —É–∂
–Ω–æ—á—å –∏–ª—å –ø—Ä–æ—Å—Ç–æ –Ω–∞–¥–æ –æ—Å—Ç–∞–Ω–æ–≤–∏—Ç—Å—è –Ω–∞ –¥–µ–Ω—å –¥—Ä—É–≥–æ–π –≤ –¥–µ—Ä–µ–≤–Ω–µ, –∞ —Ä–æ–¥—Å—Ç–≤–µ–Ω–Ω–∏–∫–æ–≤
–Ω–µ—Ç, —Ç–∞–∫ –º–æ–∂–Ω–æ –∏ –ø–µ—Ä–µ–Ω–æ—á–µ–≤–∞—Ç—å –≤ –≥–æ—Ä–Ω–∏—Ü–∞—Ö –Ω–∞–≤–µ—Ä—Ö—É.

[1;33m[1;31m–°–µ–¥–æ–≤–ª–∞—Å—ã–π —Å–∫–∞–∑–∏—Ç–µ–ª—å –≥–æ—Ç–æ–≤ –ø–æ–¥–µ–ª–∏—Ç—å—Å—è —Å –í–∞–º–∏ –∏–Ω—Ç–µ—Ä–µ—Å–Ω–æ–π –∏—Å—Ç–æ—Ä–∏–µ–π.
–¢—Ä–∞–∫—Ç–∏—Ä—â–∏–∫ –æ—Ç–¥—ã—Ö–∞–µ—Ç –∑–∞ —Å—Ç–æ–π–∫–æ–π.
[0;0m
[0;32m143H[0;37m [0;32m100M[0;37m 7886–æ –ó–∞—É—á:0 –í—ã—Ö:–ó^> ˇ˘–í—ã –ø–æ–ø–ª–µ–ª–∏—Å—å –Ω–∞ –∑–∞–ø–∞–¥.
[1;36m–ü–µ—Ä–µ–¥ –ø–æ—Å—Ç–æ—è–ª—ã–º –¥–≤–æ—Ä–æ–º [5005][0;37m
   –ß—É—Ç—å –Ω–µ —Å–ø–æ—Ç–∫–Ω—É–≤—à–∏—Å—å –æ –¥–æ—Å–∫—É, –ª–µ–∂–∞—â—É—é —Å—Ä–∞–∑—É —É –ø–æ—Ä–æ–≥–∞ –ø–æ—Å—Ç–æ—è–ª–æ–≥–æ –¥–≤–æ—Ä–∞,
–≤—ã –æ–∫–∞–∑–∞–ª–∏—Å—å –Ω–∞ —Ü–µ–Ω—Ç—Ä–∞–ª—å–Ω–æ–π —É–ª–∏—Ü–µ –¥–µ—Ä–µ–≤–Ω–∏. –ò–º–µ–Ω–Ω–æ –Ω–∞ —ç—Ç–æ–π —É–ª–∏—Ü–µ –º–æ–∂–Ω–æ 
–±—ã—Å—Ç—Ä–æ –Ω–∞–π—Ç–∏ –ª–∞–≤–∫—É —Ä–µ–º–µ—Å–ª–µ–Ω–Ω–∏–∫–∞, –¥–æ–º –∑–Ω–∞—Ö–∞—Ä—è, –∫–æ–Ω—é—à–Ω—é –∏ –¥–æ–º —Å—Ç–∞—Ä–µ–π—à–∏–Ω—ã.
–í —é–∂–Ω–æ–π —á–∞—Å—Ç–∏ –¥–µ—Ä–µ–≤–Ω–∏ –ø–æ—Å–µ–ª–∏–ª–∏—Å—å –≤–æ—Ä–æ–∂–µ–∏.

[1;33m[1;31m[0;0m
[0;32m143H[0;37m [0;32m100M[0;37m 7886–æ –ó–∞—É—á:0 –í—ã—Ö:–°–í–Æ–ó> ˇ˘–í—ã –ø–æ–ø–ª–µ–ª–∏—Å—å –Ω–∞ —é–≥.
[1;36m–¶–µ–Ω—Ç—Ä –¥–µ—Ä–µ–≤–Ω–∏ [5004][0;37m
   –¶–µ–Ω—Ç—Ä–∞–ª—å–Ω–∞—è —á–∞—Å—Ç—å –¥–µ—Ä–µ–≤–Ω–∏ –∑–∞–ø–æ–ª–Ω–µ–Ω–∞ –Ω—É–∂–Ω—ã–º–∏ –≤—Å–µ–º –º–∞—Å—Ç–µ—Ä—Å–∫–∏–º–∏ –∏ –ª–∞–≤–∫–∞–º–∏.
–£–¥–∞—á–Ω–æ–µ –º–µ—Å—Ç–æ –¥–µ—Ä–µ–≤–Ω–∏ –≤ –Ω–µ–∑–∞–ø–∞–º—è—Ç–Ω—ã–µ –≤—Ä–µ–º–µ–Ω–∞ –ø—Ä–∏–≤–ª–µ–∫–ª–æ —Å—é–¥–∞ —Ç–æ—Ä–≥–æ–≤—Ü–µ–≤ –∏
–º–∞—Å—Ç–µ—Ä–æ–≤—ã—Ö, –∏ —Å —Ç–µ—Ö –ø–æ—Ä –ø–æ–≤–µ–ª–æ—Å—å, —á—Ç–æ –≤ —ç—Ç–æ–π —á–∞—Å—Ç–∏ –¥–µ—Ä–µ–≤–Ω–∏ —Å—Ç–æ—è—Ç –±–æ–ª—å—à–∏–µ –∏
–±–æ–≥–∞—Ç—ã–µ –¥–æ–º–∞. –°–æ –≤—Å–µ–π –æ–∫—Ä—É–≥–∏ –∏ –¥–∞–∂–µ –∏–∑ –¥–∞–ª–µ–∫–æ–π –≥–ª—É—à–∏ –ø—Ä–∏—Ö–æ–¥—è—Ç –ª—é–¥–∏ —Å—é–¥–∞
–∑–∞ —Ç–æ–≤–∞—Ä–æ–º –∫—É–ø–∏—Ç—å —á—Ç–æ, –ø—Ä–æ–¥–∞—Ç—å —á—Ç–æ, –∑–∞–∫–∞–∑–∞—Ç—å —á—Ç–æ.

[1;33m[1;31m–ú–µ—Å—Ç–Ω–∞—è –∂–∏—Ç–µ–ª—å–Ω–∏—Ü–∞ –∏–¥–µ—Ç –ø–æ —Å–≤–æ–∏–º –¥–µ–ª–∞–º.
–ú–µ—Å—Ç–Ω—ã–π –∂–∏—Ç–µ–ª—å –∏–¥–µ—Ç –∑–¥–µ—Å—å.
–ë–∞–∑–∞—Ä–Ω—ã–π –∑–∞–∑—ã–≤–∞–ª–∞ —Å—Ç–æ–∏—Ç –∑–¥–µ—Å—å, –∑—ã—á–Ω—ã–º –≥–æ–ª–æ—Å–æ–º —Ä–∞—Å—Ö–≤–∞–ª–∏–≤–∞—è –≤—ã—Å—Ç–∞–≤–ª–µ–Ω–Ω—ã–π —Ç–æ–≤–∞—Ä.
[0;0m
[0;32m143H[0;37m [0;32m100M[0;37m 7886–æ –ó–∞—É—á:0 –í—ã—Ö:–°–Æ–ó> ˇ˘–í—ã –ø–æ–ø–ª–µ–ª–∏—Å—å –Ω–∞ —é–≥.
[1;36m–ü–µ—Ä–µ–¥ –∫–æ–Ω—é—à–Ω–µ–π [5003][0;37m
   –¶–µ–Ω—Ç—Ä–∞–ª—å–Ω–∞—è —á–∞—Å—Ç—å –¥–µ—Ä–µ–≤–Ω–∏ –∑–∞–ø–æ–ª–Ω–µ–Ω–∞ –Ω—É–∂–Ω—ã–º–∏ –≤—Å–µ–º –º–∞—Å—Ç–µ—Ä—Å–∫–∏–º–∏ –∏ –ª–∞–≤–∫–∞–º–∏.
–£–¥–∞—á–Ω–æ–µ –º–µ—Å—Ç–æ –¥–µ—Ä–µ–≤–Ω–∏ –≤ –Ω–µ–∑–∞–ø–∞–º—è—Ç–Ω—ã–µ –≤—Ä–µ–º–µ–Ω–∞ –ø—Ä–∏–≤–ª–µ–∫–ª–æ —Å—é–¥–∞ —Ç–æ—Ä–≥–æ–≤—Ü–µ–≤ –∏
–º–∞—Å—Ç–µ—Ä–æ–≤—ã—Ö, –∏ —Å —Ç–µ—Ö –ø–æ—Ä –ø–æ–≤–µ–ª–æ—Å—å, —á—Ç–æ –≤ —ç—Ç–æ–π —á–∞—Å—Ç–∏ –¥–µ—Ä–µ–≤–Ω–∏ —Å—Ç–æ—è—Ç –±–æ–ª—å—à–∏–µ –∏
–±–æ–≥–∞—Ç—ã–µ –¥–æ–º–∞. –°–æ –≤—Å–µ–π –æ–∫—Ä—É–≥–∏ –∏ –¥–∞–∂–µ –∏–∑ –¥–∞–ª–µ–∫–æ–π –≥–ª—É—à–∏ –ø—Ä–∏—Ö–æ–¥—è—Ç –ª—é–¥–∏ —Å—é–¥–∞
–∑–∞ —Ç–æ–≤–∞—Ä–æ–º –∫—É–ø–∏—Ç—å —á—Ç–æ, –ø—Ä–æ–¥–∞—Ç—å —á—Ç–æ, –∑–∞–∫–∞–∑–∞—Ç—å —á—Ç–æ.

[1;33m–ó–¥–µ—Å—å –ª–µ–∂–∏—Ç –º–æ—Ä–∫–æ–≤—å.
[1;31m[0;0m
[0;32m143H[0;37m [0;32m100M[0;37m 7886–æ –ó–∞—É—á:0 –í—ã—Ö:–°–í–Æ–ó> ˇ˘–í—ã –ø–æ–ø–ª–µ–ª–∏—Å—å –Ω–∞ —é–≥.
[1;36m–¶–µ–Ω—Ç—Ä –¥–µ—Ä–µ–≤–Ω–∏ [5009][0;37m
   –¶–µ–Ω—Ç—Ä–∞–ª—å–Ω–∞—è —á–∞—Å—Ç—å –¥–µ—Ä–µ–≤–Ω–∏ –∑–∞–ø–æ–ª–Ω–µ–Ω–∞ –Ω—É–∂–Ω—ã–º–∏ –≤—Å–µ–º –º–∞—Å—Ç–µ—Ä—Å–∫–∏–º–∏ –∏ –ª–∞–≤–∫–∞–º–∏.
–£–¥–∞—á–Ω–æ–µ –º–µ—Å—Ç–æ –¥–µ—Ä–µ–≤–Ω–∏ –≤ –Ω–µ–∑–∞–ø–∞–º—è—Ç–Ω—ã–µ –≤—Ä–µ–º–µ–Ω–∞ –ø—Ä–∏–≤–ª–µ–∫–ª–æ —Å—é–¥–∞ —Ç–æ—Ä–≥–æ–≤—Ü–µ–≤ –∏
–º–∞—Å—Ç–µ—Ä–æ–≤—ã—Ö, –∏ —Å —Ç–µ—Ö –ø–æ—Ä –ø–æ–≤–µ–ª–æ—Å—å, —á—Ç–æ –≤ —ç—Ç–æ–π —á–∞—Å—Ç–∏ –¥–µ—Ä–µ–≤–Ω–∏ —Å—Ç–æ—è—Ç –±–æ–ª—å—à–∏–µ –∏
–±–æ–≥–∞—Ç—ã–µ –¥–æ–º–∞. –°–æ –≤—Å–µ–π –æ–∫—Ä—É–≥–∏ –∏ –¥–∞–∂–µ –∏–∑ –¥–∞–ª–µ–∫–æ–π –≥–ª—É—à–∏ –ø—Ä–∏—Ö–æ–¥—è—Ç –ª—é–¥–∏ —Å—é–¥–∞
–∑–∞ —Ç–æ–≤–∞—Ä–æ–º –∫—É–ø–∏—Ç—å —á—Ç–æ, –ø—Ä–æ–¥–∞—Ç—å —á—Ç–æ, –∑–∞–∫–∞–∑–∞—Ç—å —á—Ç–æ.

[1;33m[1;31m–ü–æ–∂–∏–ª–æ–π —à–∏—Ä–æ–∫–æ–ø–ª–µ—á–∏–π –∫—Ä–µ—Å—Ç—å—è–Ω–∏–Ω –≤ –¥–æ–±—Ä–æ—Ç–Ω–æ–π –æ–¥–µ–∂–¥–µ –ø—Ä–æ—Ö–∞–∂–∏–≤–∞–µ—Ç—Å—è —Ç—É—Ç.
[0;0m
[0;32m143H[0;37m [0;32m99M[0;37m 7886–æ –ó–∞—É—á:0 –í—ã—Ö:–°–í–Æ–ó> ˇ˘–í—ã –ø–æ–ø–ª–µ–ª–∏—Å—å –Ω–∞ —é–≥.
[1;36m–¶–µ–Ω—Ç—Ä –¥–µ—Ä–µ–≤–Ω–∏ [5010][0;37m
   –¶–µ–Ω—Ç—Ä–∞–ª—å–Ω–∞—è —á–∞—Å—Ç—å –¥–µ—Ä–µ–≤–Ω–∏ –∑–∞–ø–æ–ª–Ω–µ–Ω–∞ –Ω—É–∂–Ω—ã–º–∏ –≤—Å–µ–º –º–∞—Å—Ç–µ—Ä—Å–∫–∏–º–∏ –∏ –ª–∞–≤–∫–∞–º–∏.
–£–¥–∞—á–Ω–æ–µ –º–µ—Å—Ç–æ –¥–µ—Ä–µ–≤–Ω–∏ –≤ –Ω–µ–∑–∞–ø–∞–º—è—Ç–Ω—ã–µ –≤—Ä–µ–º–µ–Ω–∞ –ø—Ä–∏–≤–ª–µ–∫–ª–æ —Å—é–¥–∞ —Ç–æ—Ä–≥–æ–≤—Ü–µ–≤ –∏
–º–∞—Å—Ç–µ—Ä–æ–≤—ã—Ö, –∏ —Å —Ç–µ—Ö –ø–æ—Ä –ø–æ–≤–µ–ª–æ—Å—å, —á—Ç–æ –≤ —ç—Ç–æ–π —á–∞—Å—Ç–∏ –¥–µ—Ä–µ–≤–Ω–∏ —Å—Ç–æ—è—Ç –±–æ–ª—å—à–∏–µ –∏
–±–æ–≥–∞—Ç—ã–µ –¥–æ–º–∞. –°–æ –≤—Å–µ–π –æ–∫—Ä—É–≥–∏ –∏ –¥–∞–∂–µ –∏–∑ –¥–∞–ª–µ–∫–æ–π –≥–ª—É—à–∏ –ø—Ä–∏—Ö–æ–¥—è—Ç –ª—é–¥–∏ —Å—é–¥–∞
–∑–∞ —Ç–æ–≤–∞—Ä–æ–º –∫—É–ø–∏—Ç—å —á—Ç–æ, –ø—Ä–æ–¥–∞—Ç—å —á—Ç–æ, –∑–∞–∫–∞–∑–∞—Ç—å —á—Ç–æ.

[1;33m[1;31m[0;0m
[0;32m143H[0;37m [0;32m98M[0;37m 7886–æ –ó–∞—É—á:0 –í—ã—Ö:–°–í–Æ–ó> ˇ˘–í—ã –ø–æ–ø–ª–µ–ª–∏—Å—å –Ω–∞ —é–≥.
[1;36m–ö —Ü–µ–Ω—Ç—Ä—É –¥–µ—Ä–µ–≤–Ω–∏ [5035][0;37m
–û—Ç–æ–π–¥—è –æ—Ç —Ü–µ–Ω—Ç—Ä–∞ –¥–µ—Ä–µ–≤–Ω–∏, –≤—ã –ø–æ–ø–∞–ª–∏ –≤ —é–∂–Ω—É—é –µ–µ —á–∞—Å—Ç—å. –ó–¥–µ—Å—å –ø–æ—á—Ç–∏ –Ω–µ –≤–∏–¥–Ω–æ
–º–µ—Å—Ç–Ω—ã—Ö –∂–∏—Ç–µ–ª–µ–π, –Ω–µ —Å–ª—ã—à–Ω–æ –∑–≤—É–∫–æ–≤ —Ä–∞–±–æ—Ç—ã –ø–æ —Ö–æ–∑—è–π—Å—Ç–≤—É. –¢–æ–ª—å–∫–æ –ø–æ—á—Ç–∏ –∑–∞—Ä–æ—Å—à–∞—è
—Ç—Ä–æ–ø–∞ –≤–µ–¥–µ—Ç –≤–¥–æ–ª—å –¥–æ–º–æ–≤. –ì–æ–≤–æ—Ä—è—Ç, –∑–¥–µ—Å—å –∂–∏–≤—É—Ç –∫–æ–ª–¥—É–Ω—ã –∏ –≤–µ–¥—å–º–∞–∫–∏, –∏ –æ–±—ã—á–Ω–æ–º—É
–ª—é–¥—É —Å—é–¥–∞ –ø—É—Ç—å –∑–∞–∫–∞–∑–∞–Ω, –º–æ–∂–Ω–æ –∏ –ø—Ä–æ–∫–ª—è—Ç–∏–µ –Ω–∞ –≤—Å—é –∂–∏–∑–Ω—å –ø–æ–ª—É—á–∏—Ç—å, –¥–∞ –∏ –≤–æ–≤—Å–µ
—Å–≥–∏–Ω—É—Ç—å.

[1;33m[1;31m[0;0m
[0;32m143H[0;37m [0;32m98M[0;37m 7886–æ –ó–∞—É—á:0 –í—ã—Ö:–°–Æ> ˇ˘–í—ã –ø–æ–ø–ª–µ–ª–∏—Å—å –Ω–∞ —é–≥.
[1;36m–í —é–∂–Ω–æ–π —á–∞—Å—Ç–∏ –¥–µ—Ä–µ–≤–Ω–∏ [5034][0;37m
   –í —é–∂–Ω–æ–π —á–∞—Å—Ç–∏ –¥–µ—Ä–µ–≤–Ω–∏ –±–µ–∑–ª—é–¥–Ω–æ –∏ —Ç–∏—Ö–æ. –ü–æ—á—Ç–∏ –Ω–µ –≤–∏–¥–Ω–æ –º–µ—Å—Ç–Ω—ã—Ö –∂–∏—Ç–µ–ª–µ–π, 
–¥–∞ –∏ –∫–æ–≥–æ –≤—Å—Ç—Ä–µ—Ç–∏—à—å, —Ç–µ –±—ã—Å—Ç—Ä–æ –æ—Ç–≤–æ—Ä–∞—á–∏–≤–∞—é—Ç—Å—è –∏ —É—Ö–æ–¥—è—Ç, –∫–∞–∫ –±—É–¥—Ç–æ —Å—Ç–µ—Å–Ω—è—é—Ç—Å—è
—á—Ç–æ –∏—Ö –∑–∞—Å—Ç–∞–ª–∏ –≤ —ç—Ç–æ–º –º–µ—Å—Ç–µ. –¢–æ–ª—å–∫–æ –ø–æ—á—Ç–∏ –∑–∞—Ä–æ—Å—à–∞—è —Ç—Ä–æ–ø–∞ –≤–µ–¥–µ—Ç –≤–¥–æ–ª—å –¥–æ–º–æ–≤.
–ì–æ–≤–æ—Ä—è—Ç –∑–¥–µ—Å—å –∂–∏–≤—É—Ç –∫–æ–ª–¥—É–Ω—ã –∏ –≤–µ–¥—å–º–∞–∫–∏, –∏ –æ–±—ã—á–Ω–æ–º—É –ª—é–¥—É —Å—é–¥–∞ –ø—É—Ç—å –∑–∞–∫–∞–∑–∞–Ω, 
–º–æ–∂–Ω–æ –∏ –ø—Ä–æ–∫–ª—è—Ç–∏–µ –Ω–∞ –≤—Å—é –∂–∏–∑–Ω—å –ø–æ–ª—É—á–∏—Ç—å, –¥–∞ –∏ –≤–æ–≤—Å–µ —Å–≥–∏–Ω—É—Ç—å.

[1;33m–ó–¥–µ—Å—å –ª–µ–∂–∏—Ç –º–æ—Ä–∫–æ–≤—å.
[1;31m–ë–µ–ª–∞—è –∫–æ–∑–∞ —â–∏–ø–ª–µ—Ç —Ç—É—Ç —Ç—Ä–∞–≤–∫—É.
[0;0m
[0;32m143H[0;37m [0;32m99M[0;37m 7886–æ –ó–∞—É—á:0 –í—ã—Ö:–°–í–Æ–ó> ˇ˘–í—ã –ø–æ–ø–ª–µ–ª–∏—Å—å –Ω–∞ —é–≥.
[1;36m–ù–∞ –ª—É–≥—É [5052][0;37m
   –í—ã –ø–æ–ø–∞–ª–∏ –Ω–∞ –Ω–µ–±–æ–ª—å—à–æ–π –ª—É–≥ —Ä—è–¥–æ–º —Å –¥–µ—Ä–µ–≤–Ω–µ–π. –°—é–¥–∞ –ª—é–±–∏—Ç –ø—Ä–∏—Ö–æ–¥–∏—Ç—å –¥–µ—Ç–≤–æ—Ä–∞
–ø–æ–∏–≥—Ä–∞—Ç—å –≤ —Å–≤–æ–∏ –∏–≥—Ä—ã. –ü–æ–ª–æ–≥–∏–π —Å–∫–ª–æ–Ω –ª—É–≥–∞ –ø–ª–∞–≤–Ω–æ —É—Ö–æ–¥–∏—Ç –æ—Ç –¥–µ—Ä–µ–≤–Ω–∏ –ø–æ–Ω–∏–∂–∞—è—Å—å
–∫ –æ–≤—Ä–∞–≥—É.

[1;30m–í—ã –ø—Ä–æ—Å—Ç–æ —É–≤—è–∑–∞–µ—Ç–µ –≤ –≥—Ä—è–∑–∏.[0;37m
[1;33m[1;31m–°—Ç–∞—Ä—ã–π —Ü—ã–≥–∞–Ω —Å–∏–¥–∏—Ç –∑–¥–µ—Å—å.
[0;0m[1;36m–°—Ç–∞—Ä—ã–π —Ü—ã–≥–∞–Ω —Å–∫–∞–∑–∞–ª –≤–∞–º : '–•–æ—á–µ—à—å –¥–æ–≤–µ–∑—É —Ç–µ–±—è –¥–æ –æ–¥–Ω–æ–≥–æ –º–µ—Å—Ç–∞, —Å–∞–º —Ç—É–¥–∞ —Ç—ã –Ω–µ –ø—Ä–æ–±–µ—Ä–µ—à—å—Å—è!'[0;37m
[1;36m–°—Ç–∞—Ä—ã–π —Ü—ã–≥–∞–Ω —Å–∫–∞–∑–∞–ª –≤–∞–º : '–í—Å–µ–≥–æ-—Ç–æ 5 –∫—É–Ω –∏ —Ç—ã —Ç–∞–º!'[0;37m

[0;32m143H[0;37m [0;32m98M[0;37m 7886–æ –ó–∞—É—á:0 –í—ã—Ö:–°> ˇ˘–£ –≤–∞—Å –Ω–µ—Ç '–∫—Ü–Ω'.

[0;32m143H[0;37m [0;32m101M[0;37m 7886–æ –ó–∞—É—á:0 –í—ã—Ö:–°> ˇ˘–í—ã –ø–æ–ø–ª–µ–ª–∏—Å—å –Ω–∞ —Å–µ–≤–µ—Ä.
[1;36m–í —é–∂–Ω–æ–π —á–∞—Å—Ç–∏ –¥–µ—Ä–µ–≤–Ω–∏ [5034][0;37m
   –í —é–∂–Ω–æ–π —á–∞—Å—Ç–∏ –¥–µ—Ä–µ–≤–Ω–∏ –±–µ–∑–ª—é–¥–Ω–æ –∏ —Ç–∏—Ö–æ. –ü–æ—á—Ç–∏ –Ω–µ –≤–∏–¥–Ω–æ –º–µ—Å—Ç–Ω—ã—Ö –∂–∏—Ç–µ–ª–µ–π, 
–¥–∞ –∏ –∫–æ–≥–æ –≤—Å—Ç—Ä–µ—Ç–∏—à—å, —Ç–µ –±—ã—Å—Ç—Ä–æ –æ—Ç–≤–æ—Ä–∞—á–∏–≤–∞—é—Ç—Å—è –∏ —É—Ö–æ–¥—è—Ç, –∫–∞–∫ –±—É–¥—Ç–æ —Å—Ç–µ—Å–Ω—è—é—Ç—Å—è
—á—Ç–æ –∏—Ö –∑–∞—Å—Ç–∞–ª–∏ –≤ —ç—Ç–æ–º –º–µ—Å—Ç–µ. –¢–æ–ª—å–∫–æ –ø–æ—á—Ç–∏ –∑–∞—Ä–æ—Å—à–∞—è —Ç—Ä–æ–ø–∞ –≤–µ–¥–µ—Ç –≤–¥–æ–ª—å –¥–æ–º–æ–≤.
–ì–æ–≤–æ—Ä—è—Ç –∑–¥–µ—Å—å –∂–∏–≤—É—Ç –∫–æ–ª–¥—É–Ω—ã –∏ –≤–µ–¥—å–º–∞–∫–∏, –∏ –æ–±—ã—á–Ω–æ–º—É –ª—é–¥—É —Å—é–¥–∞ –ø—É—Ç—å –∑–∞–∫–∞–∑–∞–Ω, 
–º–æ–∂–Ω–æ –∏ –ø—Ä–æ–∫–ª—è—Ç–∏–µ –Ω–∞ –≤—Å—é –∂–∏–∑–Ω—å –ø–æ–ª—É—á–∏—Ç—å, –¥–∞ –∏ –≤–æ–≤—Å–µ —Å–≥–∏–Ω—É—Ç—å.

[1;33m–ó–¥–µ—Å—å –ª–µ–∂–∏—Ç –º–æ—Ä–∫–æ–≤—å.
[1;31m–ë–µ–ª–∞—è –∫–æ–∑–∞ —â–∏–ø–ª–µ—Ç —Ç—É—Ç —Ç—Ä–∞–≤–∫—É.
[0;0m
[0;32m143H[0;37m [0;32m99M[0;37m 7886–æ –ó–∞—É—á:0 –í—ã—Ö:–°–í–Æ–ó> ˇ˘–í—ã –ø–æ–ø–ª–µ–ª–∏—Å—å –Ω–∞ –≤–æ—Å—Ç–æ–∫.
[1;36m–í –ø–æ–∫–æ—Å–∏–≤—à–µ–π—Å—è –∏–∑–±–µ [5037][0;37m
   –ü–æ–∫–æ—Å–∏–≤—à–∞—è—Å—è —Å—Ç–∞—Ä–∞—è –∏–∑–±–∞ —Å—Ç–æ–∏—Ç –∑–¥–µ—Å—å –≤ –æ—Ç—à–∏–±–µ –æ—Ç –æ—Å—Ç–∞–ª—å–Ω—ã—Ö –¥–æ–º–æ–≤. –î–∞–∂–µ
–º–µ—Å—Ç–Ω—ã–µ —Å—Ç–∞—Ä–∞—é—Ç—Å—è –æ–±—Ö–æ–¥–∏—Ç—å —ç—Ç–æ –º–µ—Å—Ç–æ —Å—Ç–æ—Ä–æ–Ω–æ–π. –¢–æ–ª—å–∫–æ –≤ –∫—Ä–∞–π–Ω–µ–º —Å–ª—É—á–∞–µ
–ø—Ä–∏—Ö–æ–¥—è—Ç —Å—é–¥–∞, —á—Ç–æ–±—ã —Å–Ω—è—Ç—å –ø—Ä–æ–∫–ª—è—Ç–∏–µ —Å —Ä–æ–¥—Å—Ç–≤–µ–Ω–Ω–∏–∫–æ–≤ –∏–ª–∏ —Å–µ–±—è, –∫—É–ø–∏—Ç—å
–ª—é–±–æ–≤–Ω—ã–π –ø—Ä–∏–≤–æ—Ä–æ—Ç. –ñ–∏–≤–µ—Ç –∑–¥–µ—Å—å –≤–æ—Ä–æ–∂–µ—è, –∂–∏–≤–µ—Ç –¥–∞–≤–Ω–æ –∏ –ø–æ—á—Ç–∏ –Ω–µ –ø–æ–∫–∞–∑—ã–≤–∞–µ—Ç—Å—è
–Ω–∞ –ª—é–¥—è—Ö.

[1;33m[1;31m–í–æ—Ä–æ–∂–µ—è –ø—Ä–∏—Å—Ç–∞–ª—å–Ω–æ —Å–º–æ—Ç—Ä–∏—Ç –Ω–∞ –í–∞—Å –∑–¥–µ—Å—å.
[0;0m
[0;32m143H[0;37m [0;32m100M[0;37m 7886–æ –ó–∞—É—á:0 –í—ã—Ö:–ó> ˇ˘
[1;31m–ú–∏–Ω—É–ª —á–∞—Å.[0;37m

[0;32m143H[0;37m [0;32m101M[0;37m 7886–æ –ó–∞—É—á:0 –í—ã—Ö:–ó> ˇ˘–ù–µ—Ç —Ç–∞–∫–æ–≥–æ —Å–æ–∑–¥–∞–Ω–∏—è –≤ —ç—Ç–æ–º –º–∏—Ä–µ.

[0;32m143H[0;37m [0;32m101M[0;37m 7886–æ –ó–∞—É—á:0 –í—ã—Ö:–ó> ˇ˘–í—ã –ø–æ–ø–ª–µ–ª–∏—Å—å –Ω–∞ –∑–∞–ø–∞–¥.
[1;36m–í —é–∂–Ω–æ–π —á–∞—Å—Ç–∏ –¥–µ—Ä–µ–≤–Ω–∏ [5034][0;37m
   –í —é–∂–Ω–æ–π —á–∞—Å—Ç–∏ –¥–µ—Ä–µ–≤–Ω–∏ –±–µ–∑–ª—é–¥–Ω–æ –∏ —Ç–∏—Ö–æ. –ü–æ—á—Ç–∏ –Ω–µ –≤–∏–¥–Ω–æ –º–µ—Å—Ç–Ω—ã—Ö –∂–∏—Ç–µ–ª–µ–π, 
–¥–∞ –∏ –∫–æ–≥–æ –≤—Å—Ç—Ä–µ—Ç–∏—à—å, —Ç–µ –±—ã—Å—Ç—Ä–æ –æ—Ç–≤–æ—Ä–∞—á–∏–≤–∞—é—Ç—Å—è –∏ —É—Ö–æ–¥—è—Ç, –∫–∞–∫ –±—É–¥—Ç–æ —Å—Ç–µ—Å–Ω—è—é—Ç—Å—è
—á—Ç–æ –∏—Ö –∑–∞—Å—Ç–∞–ª–∏ –≤ —ç—Ç–æ–º –º–µ—Å—Ç–µ. –¢–æ–ª—å–∫–æ –ø–æ—á—Ç–∏ –∑–∞—Ä–æ—Å—à–∞—è —Ç—Ä–æ–ø–∞ –≤–µ–¥–µ—Ç –≤–¥–æ–ª—å –¥–æ–º–æ–≤.
–ì–æ–≤–æ—Ä—è—Ç –∑–¥–µ—Å—å –∂–∏–≤—É—Ç –∫–æ–ª–¥—É–Ω—ã –∏ –≤–µ–¥—å–º–∞–∫–∏, –∏ –æ–±—ã—á–Ω–æ–º—É –ª—é–¥—É —Å—é–¥–∞ –ø—É—Ç—å –∑–∞–∫–∞–∑–∞–Ω, 
–º–æ–∂–Ω–æ –∏ –ø—Ä–æ–∫–ª—è—Ç–∏–µ –Ω–∞ –≤—Å—é –∂–∏–∑–Ω—å –ø–æ–ª—É—á–∏—Ç—å, –¥–∞ –∏ –≤–æ–≤—Å–µ —Å–≥–∏–Ω—É—Ç—å.

[1;33m–ó–¥–µ—Å—å –ª–µ–∂–∏—Ç –º–æ—Ä–∫–æ–≤—å.
[1;31m–ë–µ–ª–∞—è –∫–æ–∑–∞ —â–∏–ø–ª–µ—Ç —Ç—É—Ç —Ç—Ä–∞–≤–∫—É.
[0;0m
[0;32m143H[0;37m [0;32m100M[0;37m 7886–æ –ó–∞—É—á:0 –í—ã—Ö:–°–í–Æ–ó> ˇ˘–í—ã –ø–æ–ø–ª–µ–ª–∏—Å—å –Ω–∞ —é–≥.
[1;36m–ù–∞ –ª—É–≥—É [5052][0;37m
   –í—ã –ø–æ–ø–∞–ª–∏ –Ω–∞ –Ω–µ–±–æ–ª—å—à–æ–π –ª—É–≥ —Ä—è–¥–æ–º —Å –¥–µ—Ä–µ–≤–Ω–µ–π. –°—é–¥–∞ –ª—é–±–∏—Ç –ø—Ä–∏—Ö–æ–¥–∏—Ç—å –¥–µ—Ç–≤–æ—Ä–∞
–ø–æ–∏–≥—Ä–∞—Ç—å –≤ —Å–≤–æ–∏ –∏–≥—Ä—ã. –ü–æ–ª–æ–≥–∏–π —Å–∫–ª–æ–Ω –ª—É–≥–∞ –ø–ª–∞–≤–Ω–æ —É—Ö–æ–¥–∏—Ç –æ—Ç –¥–µ—Ä–µ–≤–Ω–∏ –ø–æ–Ω–∏–∂–∞—è—Å—å
–∫ –æ–≤—Ä–∞–≥—É.

[1;30m–í—ã –ø—Ä–æ—Å—Ç–æ —É–≤—è–∑–∞–µ—Ç–µ –≤ –≥—Ä—è–∑–∏.[0;37m
[1;33m[1;31m–°—Ç–∞—Ä—ã–π —Ü—ã–≥–∞–Ω —Å–∏–¥–∏—Ç –∑–¥–µ—Å—å.
[0;0m[1;36m–°—Ç–∞—Ä—ã–π —Ü—ã–≥–∞–Ω —Å–∫–∞–∑–∞–ª –≤–∞–º : '–•–æ—á–µ—à—å –¥–æ–≤–µ–∑—É —Ç–µ–±—è –¥–æ –æ–¥–Ω–æ–≥–æ –º–µ—Å—Ç–∞, —Å–∞–º —Ç—É–¥–∞ —Ç—ã –Ω–µ –ø—Ä–æ–±–µ—Ä–µ—à—å—Å—è!'[0;37m
[1;36m–°—Ç–∞—Ä—ã–π —Ü—ã–≥–∞–Ω —Å–∫–∞–∑–∞–ª –≤–∞–º : '–í—Å–µ–≥–æ-—Ç–æ 5 –∫—É–Ω –∏ —Ç—ã —Ç–∞–º!'[0;37m

[0;32m143H[0;37m [0;32m99M[0;37m 7886–æ –ó–∞—É—á:0 –í—ã—Ö:–°> ˇ˘–õ–∞–¥—É—à–∫–∏.
–¶—ã–≥–∞–Ω –æ–±–µ—Ä–Ω—É–ª—Å—è –∫—É–¥–∞-—Ç–æ –∫ –∫—É—Å—Ç–∞–º –∏ –≥—Ä–æ–º–∫–æ —Å–≤–∏—Å—Ç–Ω—É–ª.
–ò–∑-–∑–∞ –∫—É—Å—Ç–æ–≤ –≤—ã—Å–∫–æ—á–∏–ª —Ü—ã–≥–∞–Ω–µ–Ω–æ–∫ —Å —Ç–µ–ª–µ–≥–æ–π.
–° –≤–µ—Ç–µ—Ä–∫–æ–º –¥–æ–≤–µ–∑—É—Ç, –≥–ª–∞–∑–æ–º –º–æ—Ä–≥–Ω—É—Ç—å –Ω–µ —É—Å–ø–µ–µ—à—å!
–¶—ã–≥–∞–Ω–µ–Ω–æ–∫ –±—ã—Å—Ç—Ä–æ –ø–æ–¥–≤–µ–ª –í–∞–º —Ç–µ–ª–µ–≥—É.
–¶—ã–≥–∞–Ω–µ–Ω–æ–∫ –∫—Ä–∏–∫–Ω—É–ª: –ê –Ω—É –∑–∞–ª–µ—Ç–Ω—ã–µ!

[0;32m143H[0;37m [0;32m101M[0;37m 7886–æ –ó–∞—É—á:0 –í—ã—Ö:–°> ˇ˘
[1;36m–ù–∞ –ª—É–≥—É [4064][0;37m
   –í—ã –ø–æ–ø–∞–ª–∏ –Ω–∞ –Ω–µ–±–æ–ª—å—à–æ–π –ª—É–≥ —Ä—è–¥–æ–º —Å –¥–µ—Ä–µ–≤–Ω–µ–π. –°—é–¥–∞ –ª—é–±–∏—Ç –ø—Ä–∏—Ö–æ–¥–∏—Ç—å –¥–µ—Ç–≤–æ—Ä–∞
–ø–æ–∏–≥—Ä–∞—Ç—å –≤ —Å–≤–æ–∏ –∏–≥—Ä—ã. –ü–æ–ª–æ–≥–∏–π —Å–∫–ª–æ–Ω –ª—É–≥–∞ –ø–ª–∞–≤–Ω–æ —É—Ö–æ–¥–∏—Ç –æ—Ç –¥–µ—Ä–µ–≤–Ω–∏ –ø–æ–Ω–∏–∂–∞—è—Å—å
–∫ –æ–≤—Ä–∞–≥—É.

[1;33m[1;31m–ú–æ–ª–æ–¥–æ–π —Ü—ã–≥–∞–Ω —Å–∏–¥–∏—Ç –∑–¥–µ—Å—å.
[0;0m
–õ–µ—Å–Ω–∞—è –¥–µ—Ä–µ–≤–Ω—è (1-–∞—è —Ä–æ–¥–æ–≤–∞—è).
–ù–µ —É—Å–ø–µ–ª–∏ –í—ã –∏ –≥–ª–∞–∑–æ–º –º–æ—Ä–≥–Ω—É—Ç—å, —É–∂–µ –ø—Ä–∏–µ—Ö–∞–ª–∏!
–¶—ã–≥–∞–Ω–µ–Ω–æ–∫ –±—ã—Å—Ç—Ä–æ —Ä–∞–∑–≤–µ—Ä–Ω—É–ª —Ç–µ–ª–µ–≥—É –∏ —É–º—á–∞–ª—Å—è –æ–±—Ä–∞—Ç–Ω–æ.

[0;32m143H[0;37m [0;32m101M[0;37m 7886–æ –ó–∞—É—á:0 –í—ã—Ö:–°> ˇ˘–í—ã –ø–æ–ø–ª–µ–ª–∏—Å—å –Ω–∞ —Å–µ–≤–µ—Ä.
[1;36m–ü–∞—Ö–∞—Ä—Å–∫–∞—è —Å–ª–æ–±–æ–¥–∞ [4034][0;37m
   –≠—Ö, –∑–µ–º–ª–∏—Ü–∞, –∫–æ—Ä–º–∏–ª–∏—Ü–∞ —Ç—ã –Ω–∞—à–∞. –í—Å—è–∫ —Ç–µ–±—è —Ç–æ–ø—á–µ—Ç - –Ω–µ –≤—Å—è–∫ –ø–æ–¥–Ω—è—Ç—å –º–æ–∂–µ—Ç.
–õ–∏—à—å –¥—É—à–∞ —Å–µ–ª—è–Ω—Å–∫–∞—è, –ø—Ä—è–º–∞—è –∏ –æ—Ç–∫—Ä—ã—Ç–∞—è, –ª–µ–∂–∏—Ç –∫ —Ç–µ–±–µ. –ù–æ —Ç–æ—Ç, –∫—Ç–æ –ø–æ–π–º–µ—Ç
—Ç–µ–±—è - —É–∂–æ —Ç–æ–≥–æ –Ω–µ –æ–±–¥–µ–ª–∏—à—å —Ç—ã —Å–≤–æ–∏–º–∏ –¥–∞—Ä–∞–º–∏-–≥–æ—Å—Ç–∏–Ω—Ü–∞–º–∏ - –∏ —Å–∞–º–æ–º—É —Ö–≤–∞—Ç–∏—Ç,
–¥–∞ –∏ –ª—é–¥–∏—à–∫–∞–º –¥–æ—Å—Ç–∞–Ω–µ—Ç—Å—è. –ö—Ä—ã—Ç—ã–µ —Å–æ–ª–æ–º–æ–π –¥–æ–º–∏—à–∫–∏ —Ç–µ—Å–Ω—è—Ç—Å—è –¥—Ä—É–≥ –∫ –¥—Ä—É–∂–∫–µ –≤–¥–æ–ª—å
—É–ª–∏—Ü—ã.

[1;33m[1;31m–ü—å—è–Ω—ã–π –º—É–∂—á–∏–Ω–∞ –±—Ä–µ–¥–µ—Ç –ø–æ—Ç–∏—Ö–æ–Ω—å–∫—É –¥–æ–º–æ–π.
[0;0m
[0;32m143H[0;37m [0;32m100M[0;37m 7886–æ –ó–∞—É—á:0 –í—ã—Ö:–°–í–Æ–ó> ˇ˘–í—ã –ø–æ–ø–ª–µ–ª–∏—Å—å –Ω–∞ –≤–æ—Å—Ç–æ–∫.
[1;36m–ü–∞—Ö–∞—Ä—Å–∫–∞—è —Å–ª–æ–±–æ–¥–∞ [4033][0;37m
   –≠—Ö, –∑–µ–º–ª–∏—Ü–∞, –∫–æ—Ä–º–∏–ª–∏—Ü–∞ —Ç—ã –Ω–∞—à–∞. –í—Å—è–∫ —Ç–µ–±—è —Ç–æ–ø—á–µ—Ç - –Ω–µ –≤—Å—è–∫ –ø–æ–¥–Ω—è—Ç—å –º–æ–∂–µ—Ç.
–õ–∏—à—å –¥—É—à–∞ —Å–µ–ª—è–Ω—Å–∫–∞—è, –ø—Ä—è–º–∞—è –∏ –æ—Ç–∫—Ä—ã—Ç–∞—è, –ª–µ–∂–∏—Ç –∫ —Ç–µ–±–µ. –ù–æ —Ç–æ—Ç, –∫—Ç–æ –ø–æ–π–º–µ—Ç
—Ç–µ–±—è - —É–∂–æ —Ç–æ–≥–æ –Ω–µ –æ–±–¥–µ–ª–∏—à—å —Ç—ã —Å–≤–æ–∏–º–∏ –¥–∞—Ä–∞–º–∏-–≥–æ—Å—Ç–∏–Ω—Ü–∞–º–∏ - –∏ —Å–∞–º–æ–º—É —Ö–≤–∞—Ç–∏—Ç,
–¥–∞ –∏ –ª—é–¥–∏—à–∫–∞–º –¥–æ—Å—Ç–∞–Ω–µ—Ç—Å—è. –ù–∞ —é–≥–µ –≤–∏–¥–Ω–∞ —Å–µ–ª—è–Ω—Å–∫–∞—è —Ö–∏–∂–∏–Ω–∞.

[1;33m[1;31m[0;0m
[0;32m143H[0;37m [0;32m100M[0;37m 7886–æ –ó–∞—É—á:0 –í—ã—Ö:–í–Æ–ó> ˇ˘–í—ã –ø–æ–ø–ª–µ–ª–∏—Å—å –Ω–∞ –≤–æ—Å—Ç–æ–∫.
[1;36m–ü–∞—Ö–∞—Ä—Å–∫–∞—è —Å–ª–æ–±–æ–¥–∞ [4032][0;37m
   –≠—Ö, –∑–µ–º–ª–∏—Ü–∞, –∫–æ—Ä–º–∏–ª–∏—Ü–∞ —Ç—ã –Ω–∞—à–∞. –í—Å—è–∫ —Ç–µ–±—è —Ç–æ–ø—á–µ—Ç - –Ω–µ –≤—Å—è–∫ –ø–æ–¥–Ω—è—Ç—å –º–æ–∂–µ—Ç.
–õ–∏—à—å –¥—É—à–∞ —Å–µ–ª—è–Ω—Å–∫–∞—è, –ø—Ä—è–º–∞—è –∏ –æ—Ç–∫—Ä—ã—Ç–∞—è, –ª–µ–∂–∏—Ç –∫ —Ç–µ–±–µ. –ù–æ —Ç–æ—Ç, –∫—Ç–æ –ø–æ–π–º–µ—Ç 
—Ç–µ–±—è - —É–∂–æ —Ç–æ–≥–æ –Ω–µ –æ–±–¥–µ–ª–∏—à—å —Ç—ã —Å–≤–æ–∏–º–∏ –¥–∞—Ä–∞–º–∏-–≥–æ—Å—Ç–∏–Ω—Ü–∞–º–∏ - –∏ —Å–∞–º–æ–º—É —Ö–≤–∞—Ç–∏—Ç,
–¥–∞ –∏ –ª—é–¥–∏—à–∫–∞–º –¥–æ—Å—Ç–∞–Ω–µ—Ç—Å—è. –£–ª–∏—Ü–∞ —Ç—è–Ω–µ—Ç—Å—è —Å –≤–æ—Å—Ç–æ–∫–∞ –Ω–∞ –∑–∞–ø–∞–¥.

[1;33m[1;31m[0;0m
[0;32m143H[0;37m [0;32m99M[0;37m 7886–æ –ó–∞—É—á:0 –í—ã—Ö:–í–ó> ˇ˘–í—ã –ø–æ–ø–ª–µ–ª–∏—Å—å –Ω–∞ –≤–æ—Å—Ç–æ–∫.
[1;36m–°–∫–∞–∫–æ–≤–∞—è —É–ª–∏—Ü–∞ [4021][0;37m
   –†–∞—Å—Å—Ç—É–ø–∏—Å—å, –≥–æ–ª—ã—Ç—å–±–∞, –µ–¥–µ—Ç –ø–æ —É–ª–∏—Ü–µ –±—Ä–∞–≤—ã–π –º–æ–ª–æ–¥–µ—Ü - —Ç–æ –ª–∏ –≤–æ–∏–Ω-–±–æ–≥–∞—Ç—ã—Ä—å 
–Ω–æ–≤–æ—è–≤–ª–µ–Ω–Ω—ã–π, —Ç–æ –ª–∏ –ø–æ—Å—ã–ª—å–Ω—ã–π –∫ –∫–Ω—è–∑—é –∫—Ä–∞—Å–Ω–æ–º—É, —Ç–æ –ª–∏ –≥–æ–Ω–µ—Ü –æ—Ç —Å–∞–º–æ–≥–æ
—Å–≤–µ—Ç–ª–µ–π—à–µ–≥–æ. –ê –∫–æ–ª—å –∂–µ–ª–∞–µ—à—å –∏ —Å–∞–º –ø–æ–¥–∞—Ç—å—Å—è –∫–Ω—è–∑—é –≤ —É—Å–ª—É–∂–µ–Ω–∏–µ - –≤–µ–ª–∏–∫–æ –ª–∏
–¥–µ–ª–æ - —Å—Ç—É–ø–∞–π –ø–æ —ç—Ç–æ–π —É–ª–∏—Ü–µ –∏ –∏–¥–∏, –ø–æ–¥ –Ω–æ–≥–∏ –≥–ª—è–¥—é—á–∏, –∏ –±—É–¥—å –¥–æ—Ä–æ–≥–∞ —Ç–≤–æ—è 
—á–∏—Å—Ç–æ–π —Å–∫–∞—Ç–µ—Ä–æ—á–∫–æ–π, –µ–∂–µ –ª—å —è–∑—ã–∫ –ø–æ–¥–≤–µ—à–µ–Ω —É–º–µ–ª–æ - –ø–æ–ø–∞–¥–µ—à—å –≤—Å–∫–æ—Ä–æ—Å—Ç–∏ –≤ –≥—Ä–∞–¥
—Å—Ç–æ–ª—å–Ω—ã–π, –ö–∏–µ–≤–æ–º –Ω–∞—Ä–µ—á–µ–Ω–Ω—ã–π. –ù–∞ –∑–∞–ø–∞–¥ –æ—Ç—Ö–æ–¥–∏—Ç —É–ª–∏—Ü–∞, –≤–µ–¥—É—â–∞—è –≤
–ü–∞—Ö–∞—Ä—Å–∫—É—é —Å–ª–æ–±–æ–¥—É.

[1;33m[1;31m[0;0m
[0;32m143H[0;37m [0;32m100M[0;37m 7886–æ –ó–∞—É—á:0 –í—ã—Ö:–°–Æ–ó> ˇ˘–í—ã –ø–æ–ø–ª–µ–ª–∏—Å—å –Ω–∞ —Å–µ–≤–µ—Ä.
[1;36m–°–∫–∞–∫–æ–≤–∞—è —É–ª–∏—Ü–∞ [4020][0;37m
   –†–∞—Å—Å—Ç—É–ø–∏—Å—å, –≥–æ–ª—ã—Ç—å–±–∞, –µ–¥–µ—Ç –ø–æ —É–ª–∏—Ü–µ –±—Ä–∞–≤—ã–π –º–æ–ª–æ–¥–µ—Ü - —Ç–æ –ª–∏ –≤–æ–∏–Ω-–±–æ–≥–∞—Ç—ã—Ä—å 
–Ω–æ–≤–æ—è–≤–ª–µ–Ω–Ω—ã–π, —Ç–æ –ª–∏ –ø–æ—Å—ã–ª—å–Ω—ã–π –∫ –∫–Ω—è–∑—é –∫—Ä–∞—Å–Ω–æ–º—É, —Ç–æ –ª–∏ –≥–æ–Ω–µ—Ü –æ—Ç —Å–∞–º–æ–≥–æ
—Å–≤–µ—Ç–ª–µ–π—à–µ–≥–æ. –ê –∫–æ–ª—å –∂–µ–ª–∞–µ—à—å –∏ —Å–∞–º –ø–æ–¥–∞—Ç—å—Å—è –∫–Ω—è–∑—é –≤ —É—Å–ª—É–∂–µ–Ω–∏–µ - –≤–µ–ª–∏–∫–æ –ª–∏ 
–¥–µ–ª–æ - —Å—Ç—É–ø–∞–π –ø–æ —ç—Ç–æ–π —É–ª–∏—Ü–µ –∏ –∏–¥–∏, –ø–æ–¥ –Ω–æ–≥–∏ –≥–ª—è–¥—é—á–∏, –∏ –±—É–¥—å –¥–æ—Ä–æ–≥–∞ —Ç–≤–æ—è
—á–∏—Å—Ç–æ–π —Å–∫–∞—Ç–µ—Ä–æ—á–∫–æ–π, –µ–∂–µ–ª—å —è–∑—ã–∫ –ø–æ–¥–≤–µ—à–µ–Ω —É–º–µ–ª–æ - –∏ –ø–æ–ø–∞–¥–µ—à—å –≤—Å–∫–æ—Ä–æ—Å—Ç–∏ –≤ –≥—Ä–∞–¥
—Å—Ç–æ–ª—å–Ω—ã–π, –ö–∏–µ–≤–æ–º –Ω–∞—Ä–µ—á–µ–Ω–Ω—ã–π. –ö –≤–æ—Å—Ç–æ–∫—É —Ä–∞—Å–ø–æ–ª–æ–∂–µ–Ω–∞ —Ö–∏–∂–∏–Ω–∞ –æ—Ö–æ—Ç–Ω–∏–∫–∞.

[1;33m[1;31m[0;0m
[0;32m143H[0;37m [0;32m100M[0;37m 7886–æ –ó–∞—É—á:0 –í—ã—Ö:–°–í–Æ> ˇ˘–í—ã –ø–æ–ø–ª–µ–ª–∏—Å—å –Ω–∞ –≤–æ—Å—Ç–æ–∫.
[1;36m–•–∏–∂–∏–Ω–∞ –æ—Ö–æ—Ç–Ω–∏–∫–∞ [4002][0;37m
      –í—Å—è —Ö–∏–∂–∏–Ω–∞ —Å–æ—Å—Ç–æ–∏—Ç –∏–∑ –æ–¥–Ω–æ–π –∫–æ–º–Ω–∞—Ç—ã. –ù–∞ —Ä–∞—Å–ø–æ–ª–æ–∂–µ–Ω–Ω—ã—Ö –≤–¥–æ–ª—å —Å—Ç–µ–Ω –ª–∞–≤–∫–∞—Ö
–ø–æ—Å—Ç–µ–ª–µ–Ω—ã –∑–≤–µ—Ä–∏–Ω—ã–µ —à–∫—É—Ä—ã, —Ç–∞–∫–∏–µ –∂–µ —à–∫—É—Ä—ã, —Ç–æ–ª—å–∫–æ —á—É—Ç—å –ø–æ—Å–≤–µ–∂–µ–µ, –ª–µ–∂–∞—Ç –∏ –Ω–∞
–∫—Ä–æ–≤–∞—Ç–∏ —Å –ø–æ–ª–æ–≥–æ–º, –≥–¥–µ, –ø–æ-–≤–∏–¥–∏–º–æ–º—É, —Å–ø–∏—Ç —Ö–æ–∑—è–∏–Ω. –í –¥–∞–ª—å–Ω–µ–º –∫–æ–Ω—Ü–µ –∫–æ–º–Ω–∞—Ç—ã
–Ω–∞—Ö–æ–¥–∏—Ç—Å—è –≥—Ä–æ–º–æ–∑–¥–∫–∞—è –∫–∞–º–µ–Ω–Ω–∞—è –ø–µ—á—å, –≤ –∫–æ—Ç–æ—Ä–æ–π —Ç–ª–µ—é—Ç –Ω–µ—Å–∫–æ–ª—å–∫–æ —É–≥–ª–µ–π.  

[1;33m[1;31m[0;0m
[0;32m143H[0;37m [0;32m100M[0;37m 7886–æ –ó–∞—É—á:0 –í—ã—Ö:–ó> ˇ˘–í—ã –ø–æ–ø–ª–µ–ª–∏—Å—å –Ω–∞ –∑–∞–ø–∞–¥.
[1;36m–°–∫–∞–∫–æ–≤–∞—è —É–ª–∏—Ü–∞ [4020][0;37m
   –†–∞—Å—Å—Ç—É–ø–∏—Å—å, –≥–æ–ª—ã—Ç—å–±–∞, –µ–¥–µ—Ç –ø–æ —É–ª–∏—Ü–µ –±—Ä–∞–≤—ã–π –º–æ–ª–æ–¥–µ—Ü - —Ç–æ –ª–∏ –≤–æ–∏–Ω-–±–æ–≥–∞—Ç—ã—Ä—å 
–Ω–æ–≤–æ—è–≤–ª–µ–Ω–Ω—ã–π, —Ç–æ –ª–∏ –ø–æ—Å—ã–ª—å–Ω—ã–π –∫ –∫–Ω—è–∑—é –∫—Ä–∞—Å–Ω–æ–º—É, —Ç–æ –ª–∏ –≥–æ–Ω–µ—Ü –æ—Ç —Å–∞–º–æ–≥–æ
—Å–≤–µ—Ç–ª–µ–π—à–µ–≥–æ. –ê –∫–æ–ª—å –∂–µ–ª–∞–µ—à—å –∏ —Å–∞–º –ø–æ–¥–∞—Ç—å—Å—è –∫–Ω—è–∑—é –≤ —É—Å–ª—É–∂–µ–Ω–∏–µ - –≤–µ–ª–∏–∫–æ –ª–∏ 
–¥–µ–ª–æ - —Å—Ç—É–ø–∞–π –ø–æ —ç—Ç–æ–π —É–ª–∏—Ü–µ –∏ –∏–¥–∏, –ø–æ–¥ –Ω–æ–≥–∏ –≥–ª—è–¥—é—á–∏, –∏ –±—É–¥—å –¥–æ—Ä–æ–≥–∞ —Ç–≤–æ—è
—á–∏—Å—Ç–æ–π —Å–∫–∞—Ç–µ—Ä–æ—á–∫–æ–π, –µ–∂–µ–ª—å —è–∑—ã–∫ –ø–æ–¥–≤–µ—à–µ–Ω —É–º–µ–ª–æ - –∏ –ø–æ–ø–∞–¥–µ—à—å –≤—Å–∫–æ—Ä–æ—Å—Ç–∏ –≤ –≥—Ä–∞–¥
—Å—Ç–æ–ª—å–Ω—ã–π, –ö–∏–µ–≤–æ–º –Ω–∞—Ä–µ—á–µ–Ω–Ω—ã–π. –ö –≤–æ—Å—Ç–æ–∫—É —Ä–∞—Å–ø–æ–ª–æ–∂–µ–Ω–∞ —Ö–∏–∂–∏–Ω–∞ –æ—Ö–æ—Ç–Ω–∏–∫–∞.

[1;33m[1;31m[0;0m
[0;32m143H[0;37m [0;32m100M[0;37m 7886–æ –ó–∞—É—á:0 –í—ã—Ö:–°–í–Æ> ˇ˘–í—ã –ø–æ–ø–ª–µ–ª–∏—Å—å –Ω–∞ —Å–µ–≤–µ—Ä.
[1;36m–ë–∞–∑–∞—Ä–Ω–∞—è –ø–ª–æ—â–∞–¥—å [4014][0;37m
   –¶–µ–Ω—Ç—Ä –≥–æ—Ä–æ–¥–∏—â–∞, –ø–æ–ª—É—á–∏–≤—à–∏–π —Å–≤–æ–µ –Ω–∞–∑–≤–∞–Ω–∏–µ –ø–æ –ø–æ–≤–æ–¥—É –ø—Ä–æ–≤–æ–¥–∏–º—ã—Ö –Ω–∞ –Ω–µ–º
–ø—Ä–∞–∑–¥–Ω–µ—Å—Ç–≤ –∏ –≥—É–ª—è–Ω–∏–π. –ù–µ–º–Ω–æ–≥–æ–ª—é–¥–Ω–∞—è –≤ –±—É–¥–Ω–∏, –æ–Ω–∞ –æ–ø—Ä–∞–≤–¥—ã–≤–∞–µ—Ç –µ–≥–æ –ø–æ –æ—Å–µ–Ω–∏,
–ø–æ—Å–ª–µ —Å–±–æ—Ä–∞ —É—Ä–æ–∂–∞—è, –∫–æ–≥–¥–∞ –≤–µ—Å—å —Ä–∞–±–æ—á–∏–π –¥–∞ –∏ –≥—É–ª—è—â–∏–π –ª—é–¥ –Ω–µ —Ç–æ–ª—å–∫–æ —Å –≥–æ—Ä–æ–¥–∏—â–∞,
–¥–∞ –∏ —Å –æ–∫—Ä–µ—Å—Ç–Ω—ã—Ö —Å–ª–æ–±–æ–¥ –∏ —Å–µ–ª–µ–Ω–∏–π —Å–æ–±–∏—Ä–∞–µ—Ç—Å—è —Å—é–¥–∞ –ª—é–¥–µ–π –ø–æ—Å–º–æ—Ç—Ä–µ—Ç—å, 
—Å–µ–±—è –ø–æ–∫–∞–∑–∞—Ç—å, –ø–æ—Ç–µ—à–∏—Ç—å –±—É–π–Ω—É—é –≥–æ–ª–æ–≤—É—à–∫—É –∑–µ–ª–µ–Ω—ã–º –≤–∏–Ω–æ–º –¥–∞ –∑–∞–≤–æ–∑–Ω—ã–º–∏ –ø–æ–±–∞—Å–µ–Ω–∫–∞–º–∏.
–ö —é–≥—É –æ—Ç—Ö–æ–¥–∏—Ç –¥–æ—Ä–æ–≥–∞ –Ω–∞ –ö–∏–µ–≤, –∞ –Ω–∞ –∑–∞–ø–∞–¥–µ —Ä–∞–∑–º–µ—Å—Ç–∏–ª—Å—è –≥–æ—Å—Ç–∏–Ω—ã–π –¥–≤–æ—Ä, –≤
–∫–æ—Ç–æ—Ä–æ–º –ø—Ä–∏–µ–∑–∂–∏–π –ª—é–¥ –º–æ–∂–µ—Ç —Å–∫–æ—Ä–æ—Ç–∞—Ç—å –Ω–æ—á–∫—É-–¥—Ä—É–≥—É—é.

[1;33m[1;31m[0;0m
[0;32m143H[0;37m [0;32m100M[0;37m 7886–æ –ó–∞—É—á:0 –í—ã—Ö:–°–í–Æ–ó> ˇ˘–í—ã –ø–æ–ø–ª–µ–ª–∏—Å—å –Ω–∞ –∑–∞–ø–∞–¥.
[1;36m–ì–æ—Å—Ç–∏–Ω—ã–π –¥–≤–æ—Ä [4056][0;37m
   –ü–æ—Å–ª–µ –¥–æ—Ä–æ–≥–∏ –¥–∞–ª—å–Ω–µ–π, –ø–æ—Å–∏–¥–µ–≤ –∑–∞ —á–∞—Ä–æ–π –∑–µ–ª–µ–Ω–∞ –≤–∏–Ω–∞, –¥–∞ –ø–æ–≥—É—Ç–∞—Ä–∏–≤ —Å–æ
–¥—Ä—É–∑—å—è–º–∏ - —Ç–æ–≤–∞—Ä–∏—â–∞–º–∏ –æ –ø–æ–¥–≤–∏–≥–∞—Ö —Ä–∞—Ç–Ω—ã—Ö –¥–∞ –æ –¥–µ–≤–∏—Ü–∞—Ö –∫—Ä–∞—Å–Ω—ã—Ö, –Ω–µ—Ç –Ω–∏—á–µ–≥–æ
–∫—Ä–∞—à–µ, —á–µ–º —Ä–∞—Å—Ç—è–Ω—É—Ç—å—Å—è –Ω–∞ –ø–µ—Ä–∏–Ω–µ, –Ω–∞ –ø—É—Ö–æ–≤–æ–π –¥–∞ –∑–∞–±—ã—Ç—å—Å—è —Å–Ω–æ–º –±–æ–≥–∞—Ç—ã—Ä—Å–∫–∏–º.
–í–æ—Ç –∏ –æ–±–ª—é–±–æ–≤–∞–ª–∏ —Å–µ–±–µ —Å–µ–π –¥–≤–æ—Ä –ø–æ—Å–ª—ã –¥–∞–ª—å–Ω–µ–∑–µ–º–Ω—ã–µ, –¥–∞ –±–æ–≥–∞—Ç—ã—Ä–∏ –∑–∞–µ–∑–∂–∏–µ –¥–ª—è 
–æ—Ç–¥–æ—Ö–Ω–æ–≤–µ–Ω–∏—è –æ—Ç –∑–∞–±–æ—Ç –∏ —Å—É–µ—Ç –º–∏—Ä—Å–∫–∏—Ö.
[1;32m–°–æ–≤—Å–µ–º –º–∞–ª—ã—Ö, –¥–∞ –Ω–µ–æ–±—É—á–µ–Ω–Ω—ã—Ö —Ç–∞–∫ –∏ —Ç—è–Ω–µ—Ç [1;33m–≤–æ–π—Ç–∏ [1;32m–≤ [1;33m—à–∫–æ–ª—É[1;32m.[0;0m

[1;33m–ó–¥–µ—Å—å –ª–µ–∂–∏—Ç –º–æ—Ä–∫–æ–≤—å.
–î–æ—Å–∫–∞ –¥–ª—è —Ä–∞–∑–ª–∏—á–Ω—ã—Ö –∑–∞–º–µ—Ç–æ–∫ –∏ –æ–±—ä—è–≤–ª–µ–Ω–∏–π –ø—Ä–∏–±–∏—Ç–∞ —Ç—É—Ç ..–±–ª–µ—Å—Ç–∏—Ç!
[1;31m–ö—Ä–µ—Å—Ç—å—è–Ω–∏–Ω –∏–¥–µ—Ç –ø–æ —Å–≤–æ–∏–º –¥–µ–ª–∞–º.
–ü–æ–ª—è–Ω–∏–Ω –õ–µ—Å–ª–∞–≤ –ª–µ—Ç–∞–µ—Ç –∑–¥–µ—Å—å. 
–ö—Ä–µ—Å—Ç—å—è–Ω–∏–Ω –∏–¥–µ—Ç –ø–æ —Å–≤–æ–∏–º –¥–µ–ª–∞–º.
–ü–æ–ª—è–Ω–∏–Ω –î—É—Ä–æ–º—É—Ç —Å—Ç–æ–∏—Ç –∑–¥–µ—Å—å. 
–°–µ–≤–µ—Ä—è–Ω–∏–Ω –ù–∏–ª–∏–¥ (—Ö—Ä–∞–±—Ä –°–ü) –ª–µ—Ç–∞–µ—Ç –∑–¥–µ—Å—å. 
–í–µ–ª—è–Ω–∏–Ω –ù–µ–¥–≤–∏–¥ (—Ö—Ä–∞–±—Ä –°–ü) –æ—Ç–¥—ã—Ö–∞–µ—Ç –∑–¥–µ—Å—å. 
–•–æ–∑—è–∏–Ω –ø–æ—Å—Ç–æ—è–ª–æ–≥–æ –¥–≤–æ—Ä–∞ —Å –∏–Ω—Ç–µ—Ä–µ—Å–æ–º —Ä–∞—Å—Å–º–∞—Ç—Ä–∏–≤–∞–µ—Ç –í–∞—Å.
[0;0m
[0;32m143H[0;37m [0;32m100M[0;37m 7886–æ –ó–∞—É—á:0 –í—ã—Ö:–í> ˇ˘–í—ã –ø–æ–ø–ª–µ–ª–∏—Å—å –Ω–∞ –≤–æ—Å—Ç–æ–∫.
[1;36m–ë–∞–∑–∞—Ä–Ω–∞—è –ø–ª–æ—â–∞–¥—å [4014][0;37m
   –¶–µ–Ω—Ç—Ä –≥–æ—Ä–æ–¥–∏—â–∞, –ø–æ–ª—É—á–∏–≤—à–∏–π —Å–≤–æ–µ –Ω–∞–∑–≤–∞–Ω–∏–µ –ø–æ –ø–æ–≤–æ–¥—É –ø—Ä–æ–≤–æ–¥–∏–º—ã—Ö –Ω–∞ –Ω–µ–º
–ø—Ä–∞–∑–¥–Ω–µ—Å—Ç–≤ –∏ –≥—É–ª—è–Ω–∏–π. –ù–µ–º–Ω–æ–≥–æ–ª—é–¥–Ω–∞—è –≤ –±—É–¥–Ω–∏, –æ–Ω–∞ –æ–ø—Ä–∞–≤–¥—ã–≤–∞–µ—Ç –µ–≥–æ –ø–æ –æ—Å–µ–Ω–∏,
–ø–æ—Å–ª–µ —Å–±–æ—Ä–∞ —É—Ä–æ–∂–∞—è, –∫–æ–≥–¥–∞ –≤–µ—Å—å —Ä–∞–±–æ—á–∏–π –¥–∞ –∏ –≥—É–ª—è—â–∏–π –ª—é–¥ –Ω–µ —Ç–æ–ª—å–∫–æ —Å –≥–æ—Ä–æ–¥–∏—â–∞,
–¥–∞ –∏ —Å –æ–∫—Ä–µ—Å—Ç–Ω—ã—Ö —Å–ª–æ–±–æ–¥ –∏ —Å–µ–ª–µ–Ω–∏–π —Å–æ–±–∏—Ä–∞–µ—Ç—Å—è —Å—é–¥–∞ –ª—é–¥–µ–π –ø–æ—Å–º–æ—Ç—Ä–µ—Ç—å, 
—Å–µ–±—è –ø–æ–∫–∞–∑–∞—Ç—å, –ø–æ—Ç–µ—à–∏—Ç—å –±—É–π–Ω—É—é –≥–æ–ª–æ–≤—É—à–∫—É –∑–µ–ª–µ–Ω—ã–º –≤–∏–Ω–æ–º –¥–∞ –∑–∞–≤–æ–∑–Ω—ã–º–∏ –ø–æ–±–∞—Å–µ–Ω–∫–∞–º–∏.
–ö —é–≥—É –æ—Ç—Ö–æ–¥–∏—Ç –¥–æ—Ä–æ–≥–∞ –Ω–∞ –ö–∏–µ–≤, –∞ –Ω–∞ –∑–∞–ø–∞–¥–µ —Ä–∞–∑–º–µ—Å—Ç–∏–ª—Å—è –≥–æ—Å—Ç–∏–Ω—ã–π –¥–≤–æ—Ä, –≤
–∫–æ—Ç–æ—Ä–æ–º –ø—Ä–∏–µ–∑–∂–∏–π –ª—é–¥ –º–æ–∂–µ—Ç —Å–∫–æ—Ä–æ—Ç–∞—Ç—å –Ω–æ—á–∫—É-–¥—Ä—É–≥—É—é.

[1;33m[1;31m[0;0m
[0;32m143H[0;37m [0;32m100M[0;37m 7886–æ –ó–∞—É—á:0 –í—ã—Ö:–°–í–Æ–ó> ˇ˘–í—ã –ø–æ–ø–ª–µ–ª–∏—Å—å –Ω–∞ —é–≥.
[1;36m–°–∫–∞–∫–æ–≤–∞—è —É–ª–∏—Ü–∞ [4020][0;37m
   –†–∞—Å—Å—Ç—É–ø–∏—Å—å, –≥–æ–ª—ã—Ç—å–±–∞, –µ–¥–µ—Ç –ø–æ —É–ª–∏—Ü–µ –±—Ä–∞–≤—ã–π –º–æ–ª–æ–¥–µ—Ü - —Ç–æ –ª–∏ –≤–æ–∏–Ω-–±–æ–≥–∞—Ç—ã—Ä—å 
–Ω–æ–≤–æ—è–≤–ª–µ–Ω–Ω—ã–π, —Ç–æ –ª–∏ –ø–æ—Å—ã–ª—å–Ω—ã–π –∫ –∫–Ω—è–∑—é –∫—Ä–∞—Å–Ω–æ–º—É, —Ç–æ –ª–∏ –≥–æ–Ω–µ—Ü –æ—Ç —Å–∞–º–æ–≥–æ
—Å–≤–µ—Ç–ª–µ–π—à–µ–≥–æ. –ê –∫–æ–ª—å –∂–µ–ª–∞–µ—à—å –∏ —Å–∞–º –ø–æ–¥–∞—Ç—å—Å—è –∫–Ω—è–∑—é –≤ —É—Å–ª—É–∂–µ–Ω–∏–µ - –≤–µ–ª–∏–∫–æ –ª–∏ 
–¥–µ–ª–æ - —Å—Ç—É–ø–∞–π –ø–æ —ç—Ç–æ–π —É–ª–∏—Ü–µ –∏ –∏–¥–∏, –ø–æ–¥ –Ω–æ–≥–∏ –≥–ª—è–¥—é—á–∏, –∏ –±—É–¥—å –¥–æ—Ä–æ–≥–∞ —Ç–≤–æ—è
—á–∏—Å—Ç–æ–π —Å–∫–∞—Ç–µ—Ä–æ—á–∫–æ–π, –µ–∂–µ–ª—å —è–∑—ã–∫ –ø–æ–¥–≤–µ—à–µ–Ω —É–º–µ–ª–æ - –∏ –ø–æ–ø–∞–¥–µ—à—å –≤—Å–∫–æ—Ä–æ—Å—Ç–∏ –≤ –≥—Ä–∞–¥
—Å—Ç–æ–ª—å–Ω—ã–π, –ö–∏–µ–≤–æ–º –Ω–∞—Ä–µ—á–µ–Ω–Ω—ã–π. –ö –≤–æ—Å—Ç–æ–∫—É —Ä–∞—Å–ø–æ–ª–æ–∂–µ–Ω–∞ —Ö–∏–∂–∏–Ω–∞ –æ—Ö–æ—Ç–Ω–∏–∫–∞.

[1;33m[1;31m[0;0m
[0;32m143H[0;37m [0;32m99M[0;37m 7886–æ –ó–∞—É—á:0 –í—ã—Ö:–°–í–Æ> ˇ˘–í—ã –ø–æ–ø–ª–µ–ª–∏—Å—å –Ω–∞ —é–≥.
[1;36m–°–∫–∞–∫–æ–≤–∞—è —É–ª–∏—Ü–∞ [4021][0;37m
   –†–∞—Å—Å—Ç—É–ø–∏—Å—å, –≥–æ–ª—ã—Ç—å–±–∞, –µ–¥–µ—Ç –ø–æ —É–ª–∏—Ü–µ –±—Ä–∞–≤—ã–π –º–æ–ª–æ–¥–µ—Ü - —Ç–æ –ª–∏ –≤–æ–∏–Ω-–±–æ–≥–∞—Ç—ã—Ä—å 
–Ω–æ–≤–æ—è–≤–ª–µ–Ω–Ω—ã–π, —Ç–æ –ª–∏ –ø–æ—Å—ã–ª—å–Ω—ã–π –∫ –∫–Ω—è–∑—é –∫—Ä–∞—Å–Ω–æ–º—É, —Ç–æ –ª–∏ –≥–æ–Ω–µ—Ü –æ—Ç —Å–∞–º–æ–≥–æ
—Å–≤–µ—Ç–ª–µ–π—à–µ–≥–æ. –ê –∫–æ–ª—å –∂–µ–ª–∞–µ—à—å –∏ —Å–∞–º –ø–æ–¥–∞—Ç—å—Å—è –∫–Ω—è–∑—é –≤ —É—Å–ª—É–∂–µ–Ω–∏–µ - –≤–µ–ª–∏–∫–æ –ª–∏
–¥–µ–ª–æ - —Å—Ç—É–ø–∞–π –ø–æ —ç—Ç–æ–π —É–ª–∏—Ü–µ –∏ –∏–¥–∏, –ø–æ–¥ –Ω–æ–≥–∏ –≥–ª—è–¥—é—á–∏, –∏ –±—É–¥—å –¥–æ—Ä–æ–≥–∞ —Ç–≤–æ—è 
—á–∏—Å—Ç–æ–π —Å–∫–∞—Ç–µ—Ä–æ—á–∫–æ–π, –µ–∂–µ –ª—å —è–∑—ã–∫ –ø–æ–¥–≤–µ—à–µ–Ω —É–º–µ–ª–æ - –ø–æ–ø–∞–¥–µ—à—å –≤—Å–∫–æ—Ä–æ—Å—Ç–∏ –≤ –≥—Ä–∞–¥
—Å—Ç–æ–ª—å–Ω—ã–π, –ö–∏–µ–≤–æ–º –Ω–∞—Ä–µ—á–µ–Ω–Ω—ã–π. –ù–∞ –∑–∞–ø–∞–¥ –æ—Ç—Ö–æ–¥–∏—Ç —É–ª–∏—Ü–∞, –≤–µ–¥—É—â–∞—è –≤
–ü–∞—Ö–∞—Ä—Å–∫—É—é —Å–ª–æ–±–æ–¥—É.

[1;33m[1;31m[0;0m
[0;32m143H[0;37m [0;32m100M[0;37m 7886–æ –ó–∞—É—á:0 –í—ã—Ö:–°–Æ–ó> ˇ˘–í—ã –ø–æ–ø–ª–µ–ª–∏—Å—å –Ω–∞ –∑–∞–ø–∞–¥.
[1;36m–ü–∞—Ö–∞—Ä—Å–∫–∞—è —Å–ª–æ–±–æ–¥–∞ [4032][0;37m
   –≠—Ö, –∑–µ–º–ª–∏—Ü–∞, –∫–æ—Ä–º–∏–ª–∏—Ü–∞ —Ç—ã –Ω–∞—à–∞. –í—Å—è–∫ —Ç–µ–±—è —Ç–æ–ø—á–µ—Ç - –Ω–µ –≤—Å—è–∫ –ø–æ–¥–Ω—è—Ç—å –º–æ–∂–µ—Ç.
–õ–∏—à—å –¥—É—à–∞ —Å–µ–ª—è–Ω—Å–∫–∞—è, –ø—Ä—è–º–∞—è –∏ –æ—Ç–∫—Ä—ã—Ç–∞—è, –ª–µ–∂–∏—Ç –∫ —Ç–µ–±–µ. –ù–æ —Ç–æ—Ç, –∫—Ç–æ –ø–æ–π–º–µ—Ç 
—Ç–µ–±—è - —É–∂–æ —Ç–æ–≥–æ –Ω–µ –æ–±–¥–µ–ª–∏—à—å —Ç—ã —Å–≤–æ–∏–º–∏ –¥–∞—Ä–∞–º–∏-–≥–æ—Å—Ç–∏–Ω—Ü–∞–º–∏ - –∏ —Å–∞–º–æ–º—É —Ö–≤–∞—Ç–∏—Ç,
–¥–∞ –∏ –ª—é–¥–∏—à–∫–∞–º –¥–æ—Å—Ç–∞–Ω–µ—Ç—Å—è. –£–ª–∏—Ü–∞ —Ç—è–Ω–µ—Ç—Å—è —Å –≤–æ—Å—Ç–æ–∫–∞ –Ω–∞ –∑–∞–ø–∞–¥.

[1;33m[1;31m[0;0m
[0;32m143H[0;37m [0;32m100M[0;37m 7886–æ –ó–∞—É—á:0 –í—ã—Ö:–í–ó> ˇ˘–í—ã –ø–æ–ø–ª–µ–ª–∏—Å—å –Ω–∞ –∑–∞–ø–∞–¥.
[1;36m–ü–∞—Ö–∞—Ä—Å–∫–∞—è —Å–ª–æ–±–æ–¥–∞ [4033][0;37m
   –≠—Ö, –∑–µ–º–ª–∏—Ü–∞, –∫–æ—Ä–º–∏–ª–∏—Ü–∞ —Ç—ã –Ω–∞—à–∞. –í—Å—è–∫ —Ç–µ–±—è —Ç–æ–ø—á–µ—Ç - –Ω–µ –≤—Å—è–∫ –ø–æ–¥–Ω—è—Ç—å –º–æ–∂–µ—Ç.
–õ–∏—à—å –¥—É—à–∞ —Å–µ–ª—è–Ω—Å–∫–∞—è, –ø—Ä—è–º–∞—è –∏ –æ—Ç–∫—Ä—ã—Ç–∞—è, –ª–µ–∂–∏—Ç –∫ —Ç–µ–±–µ. –ù–æ —Ç–æ—Ç, –∫—Ç–æ –ø–æ–π–º–µ—Ç
—Ç–µ–±—è - —É–∂–æ —Ç–æ–≥–æ –Ω–µ –æ–±–¥–µ–ª–∏—à—å —Ç—ã —Å–≤–æ–∏–º–∏ –¥–∞—Ä–∞–º–∏-–≥–æ—Å—Ç–∏–Ω—Ü–∞–º–∏ - –∏ —Å–∞–º–æ–º—É —Ö–≤–∞—Ç–∏—Ç,
–¥–∞ –∏ –ª—é–¥–∏—à–∫–∞–º –¥–æ—Å—Ç–∞–Ω–µ—Ç—Å—è. –ù–∞ —é–≥–µ –≤–∏–¥–Ω–∞ —Å–µ–ª—è–Ω—Å–∫–∞—è —Ö–∏–∂–∏–Ω–∞.

[1;33m[1;31m[0;0m
[0;32m143H[0;37m [0;32m99M[0;37m 7886–æ –ó–∞—É—á:0 –í—ã—Ö:–í–Æ–ó> ˇ˘–í—ã –ø–æ–ø–ª–µ–ª–∏—Å—å –Ω–∞ –∑–∞–ø–∞–¥.
[1;36m–ü–∞—Ö–∞—Ä—Å–∫–∞—è —Å–ª–æ–±–æ–¥–∞ [4034][0;37m
   –≠—Ö, –∑–µ–º–ª–∏—Ü–∞, –∫–æ—Ä–º–∏–ª–∏—Ü–∞ —Ç—ã –Ω–∞—à–∞. –í—Å—è–∫ —Ç–µ–±—è —Ç–æ–ø—á–µ—Ç - –Ω–µ –≤—Å—è–∫ –ø–æ–¥–Ω—è—Ç—å –º–æ–∂–µ—Ç.
–õ–∏—à—å –¥—É—à–∞ —Å–µ–ª—è–Ω—Å–∫–∞—è, –ø—Ä—è–º–∞—è –∏ –æ—Ç–∫—Ä—ã—Ç–∞—è, –ª–µ–∂–∏—Ç –∫ —Ç–µ–±–µ. –ù–æ —Ç–æ—Ç, –∫—Ç–æ –ø–æ–π–º–µ—Ç
—Ç–µ–±—è - —É–∂–æ —Ç–æ–≥–æ –Ω–µ –æ–±–¥–µ–ª–∏—à—å —Ç—ã —Å–≤–æ–∏–º–∏ –¥–∞—Ä–∞–º–∏-–≥–æ—Å—Ç–∏–Ω—Ü–∞–º–∏ - –∏ —Å–∞–º–æ–º—É —Ö–≤–∞—Ç–∏—Ç,
–¥–∞ –∏ –ª—é–¥–∏—à–∫–∞–º –¥–æ—Å—Ç–∞–Ω–µ—Ç—Å—è. –ö—Ä—ã—Ç—ã–µ —Å–æ–ª–æ–º–æ–π –¥–æ–º–∏—à–∫–∏ —Ç–µ—Å–Ω—è—Ç—Å—è –¥—Ä—É–≥ –∫ –¥—Ä—É–∂–∫–µ –≤–¥–æ–ª—å
—É–ª–∏—Ü—ã.

[1;33m[1;31m–ü—å—è–Ω—ã–π –º—É–∂—á–∏–Ω–∞ –±—Ä–µ–¥–µ—Ç –ø–æ—Ç–∏—Ö–æ–Ω—å–∫—É –¥–æ–º–æ–π.
[0;0m
[0;32m143H[0;37m [0;32m100M[0;37m 7886–æ –ó–∞—É—á:0 –í—ã—Ö:–°–í–Æ–ó> ˇ˘
–ü—å—è–Ω–∏—Ü–∞ —É—à–µ–ª –Ω–∞ —é–≥.

[0;32m143H[0;37m [0;32m100M[0;37m 7886–æ –ó–∞—É—á:0 –í—ã—Ö:–°–í–Æ–ó> ˇ˘–í—ã –ø–æ–ø–ª–µ–ª–∏—Å—å –Ω–∞ —é–≥.
[1;36m–ù–∞ –ª—É–≥—É [4064][0;37m
   –í—ã –ø–æ–ø–∞–ª–∏ –Ω–∞ –Ω–µ–±–æ–ª—å—à–æ–π –ª—É–≥ —Ä—è–¥–æ–º —Å –¥–µ—Ä–µ–≤–Ω–µ–π. –°—é–¥–∞ –ª—é–±–∏—Ç –ø—Ä–∏—Ö–æ–¥–∏—Ç—å –¥–µ—Ç–≤–æ—Ä–∞
–ø–æ–∏–≥—Ä–∞—Ç—å –≤ —Å–≤–æ–∏ –∏–≥—Ä—ã. –ü–æ–ª–æ–≥–∏–π —Å–∫–ª–æ–Ω –ª—É–≥–∞ –ø–ª–∞–≤–Ω–æ —É—Ö–æ–¥–∏—Ç –æ—Ç –¥–µ—Ä–µ–≤–Ω–∏ –ø–æ–Ω–∏–∂–∞—è—Å—å
–∫ –æ–≤—Ä–∞–≥—É.

[1;33m[1;31m–ü—å—è–Ω—ã–π –º—É–∂—á–∏–Ω–∞ –±—Ä–µ–¥–µ—Ç –ø–æ—Ç–∏—Ö–æ–Ω—å–∫—É –¥–æ–º–æ–π.
–ú–æ–ª–æ–¥–æ–π —Ü—ã–≥–∞–Ω —Å–∏–¥–∏—Ç –∑–¥–µ—Å—å.
[0;0m[1;36m–ú–æ–ª–æ–¥–æ–π —Ü—ã–≥–∞–Ω —Å–∫–∞–∑–∞–ª –≤–∞–º : '–•–æ—á–µ—à—å –¥–æ–≤–µ–∑—É —Ç–µ–±—è –¥–æ –æ–¥–Ω–æ–≥–æ –º–µ—Å—Ç–∞, —Å–∞–º —Ç—É–¥–∞ —Ç—ã –Ω–µ –ø—Ä–æ–±–µ—Ä–µ—à—å—Å—è!'[0;37m
[1;36m–ú–æ–ª–æ–¥–æ–π —Ü—ã–≥–∞–Ω —Å–∫–∞–∑–∞–ª –≤–∞–º : '–í—Å–µ–≥–æ-—Ç–æ 5 –∫—É–Ω –∏ —Ç—ã —Ç–∞–º!'[0;37m

[0;32m143H[0;37m [0;32m100M[0;37m 7886–æ –ó–∞—É—á:0 –í—ã—Ö:–°> ˇ˘–õ–∞–¥—É—à–∫–∏.
–¶—ã–≥–∞–Ω –æ–±–µ—Ä–Ω—É–ª—Å—è –∫—É–¥–∞-—Ç–æ –∫ –∫—É—Å—Ç–∞–º –∏ –≥—Ä–æ–º–∫–æ —Å–≤–∏—Å—Ç–Ω—É–ª.
–ò–∑-–∑–∞ –∫—É—Å—Ç–æ–≤ –≤—ã—Å–∫–æ—á–∏–ª —Ü—ã–≥–∞–Ω–µ–Ω–æ–∫ —Å —Ç–µ–ª–µ–≥–æ–π.
–° –≤–µ—Ç–µ—Ä–∫–æ–º –¥–æ–≤–µ–∑—É—Ç, –≥–ª–∞–∑–æ–º –º–æ—Ä–≥–Ω—É—Ç—å –Ω–µ —É—Å–ø–µ–µ—à—å!
–¶—ã–≥–∞–Ω–µ–Ω–æ–∫ –±—ã—Å—Ç—Ä–æ –ø–æ–¥–≤–µ–ª –í–∞–º —Ç–µ–ª–µ–≥—É.
–¶—ã–≥–∞–Ω–µ–Ω–æ–∫ –∫—Ä–∏–∫–Ω—É–ª: –ê –Ω—É –∑–∞–ª–µ—Ç–Ω—ã–µ!

[0;32m143H[0;37m [0;32m101M[0;37m 7886–æ –ó–∞—É—á:0 –í—ã—Ö:–°> ˇ˘
[1;36m–ù–∞ –ª—É–≥—É [5052][0;37m
   –í—ã –ø–æ–ø–∞–ª–∏ –Ω–∞ –Ω–µ–±–æ–ª—å—à–æ–π –ª—É–≥ —Ä—è–¥–æ–º —Å –¥–µ—Ä–µ–≤–Ω–µ–π. –°—é–¥–∞ –ª—é–±–∏—Ç –ø—Ä–∏—Ö–æ–¥–∏—Ç—å –¥–µ—Ç–≤–æ—Ä–∞
–ø–æ–∏–≥—Ä–∞—Ç—å –≤ —Å–≤–æ–∏ –∏–≥—Ä—ã. –ü–æ–ª–æ–≥–∏–π —Å–∫–ª–æ–Ω –ª—É–≥–∞ –ø–ª–∞–≤–Ω–æ —É—Ö–æ–¥–∏—Ç –æ—Ç –¥–µ—Ä–µ–≤–Ω–∏ –ø–æ–Ω–∏–∂–∞—è—Å—å
–∫ –æ–≤—Ä–∞–≥—É.

[1;30m–í—ã –ø—Ä–æ—Å—Ç–æ —É–≤—è–∑–∞–µ—Ç–µ –≤ –≥—Ä—è–∑–∏.[0;37m
[1;33m[1;31m–°—Ç–∞—Ä—ã–π —Ü—ã–≥–∞–Ω —Å–∏–¥–∏—Ç –∑–¥–µ—Å—å.
[0;0m
–î–µ—Ä–µ–≤–Ω—è —É —Ä–µ–∫–∏ (2-–∞—è —Ä–æ–¥–æ–≤–∞—è).
–ù–µ —É—Å–ø–µ–ª–∏ –í—ã –∏ –≥–ª–∞–∑–æ–º –º–æ—Ä–≥–Ω—É—Ç—å, —É–∂–µ –ø—Ä–∏–µ—Ö–∞–ª–∏!
–¶—ã–≥–∞–Ω–µ–Ω–æ–∫ –±—ã—Å—Ç—Ä–æ —Ä–∞–∑–≤–µ—Ä–Ω—É–ª —Ç–µ–ª–µ–≥—É –∏ —É–º—á–∞–ª—Å—è –æ–±—Ä–∞—Ç–Ω–æ.

[0;32m143H[0;37m [0;32m101M[0;37m 7886–æ –ó–∞—É—á:0 –í—ã—Ö:–°> ˇ˘–í—ã –ø–æ–ø–ª–µ–ª–∏—Å—å –Ω–∞ —Å–µ–≤–µ—Ä.
[1;36m–í —é–∂–Ω–æ–π —á–∞—Å—Ç–∏ –¥–µ—Ä–µ–≤–Ω–∏ [5034][0;37m
   –í —é–∂–Ω–æ–π —á–∞—Å—Ç–∏ –¥–µ—Ä–µ–≤–Ω–∏ –±–µ–∑–ª—é–¥–Ω–æ –∏ —Ç–∏—Ö–æ. –ü–æ—á—Ç–∏ –Ω–µ –≤–∏–¥–Ω–æ –º–µ—Å—Ç–Ω—ã—Ö –∂–∏—Ç–µ–ª–µ–π, 
–¥–∞ –∏ –∫–æ–≥–æ –≤—Å—Ç—Ä–µ—Ç–∏—à—å, —Ç–µ –±—ã—Å—Ç—Ä–æ –æ—Ç–≤–æ—Ä–∞—á–∏–≤–∞—é—Ç—Å—è –∏ —É—Ö–æ–¥—è—Ç, –∫–∞–∫ –±—É–¥—Ç–æ —Å—Ç–µ—Å–Ω—è—é—Ç—Å—è
—á—Ç–æ –∏—Ö –∑–∞—Å—Ç–∞–ª–∏ –≤ —ç—Ç–æ–º –º–µ—Å—Ç–µ. –¢–æ–ª—å–∫–æ –ø–æ—á—Ç–∏ –∑–∞—Ä–æ—Å—à–∞—è —Ç—Ä–æ–ø–∞ –≤–µ–¥–µ—Ç –≤–¥–æ–ª—å –¥–æ–º–æ–≤.
–ì–æ–≤–æ—Ä—è—Ç –∑–¥–µ—Å—å –∂–∏–≤—É—Ç –∫–æ–ª–¥—É–Ω—ã –∏ –≤–µ–¥—å–º–∞–∫–∏, –∏ –æ–±—ã—á–Ω–æ–º—É –ª—é–¥—É —Å—é–¥–∞ –ø—É—Ç—å –∑–∞–∫–∞–∑–∞–Ω, 
–º–æ–∂–Ω–æ –∏ –ø—Ä–æ–∫–ª—è—Ç–∏–µ –Ω–∞ –≤—Å—é –∂–∏–∑–Ω—å –ø–æ–ª—É—á–∏—Ç—å, –¥–∞ –∏ –≤–æ–≤—Å–µ —Å–≥–∏–Ω—É—Ç—å.

[1;33m–ó–¥–µ—Å—å –ª–µ–∂–∏—Ç –º–æ—Ä–∫–æ–≤—å.
[1;31m–ë–µ–ª–∞—è –∫–æ–∑–∞ —â–∏–ø–ª–µ—Ç —Ç—É—Ç —Ç—Ä–∞–≤–∫—É.
[0;0m
[0;32m143H[0;37m [0;32m99M[0;37m 7886–æ –ó–∞—É—á:0 –í—ã—Ö:–°–í–Æ–ó> ˇ˘–í—ã –ø–æ–ø–ª–µ–ª–∏—Å—å –Ω–∞ —Å–µ–≤–µ—Ä.
[1;36m–ö —Ü–µ–Ω—Ç—Ä—É –¥–µ—Ä–µ–≤–Ω–∏ [5035][0;37m
–û—Ç–æ–π–¥—è –æ—Ç —Ü–µ–Ω—Ç—Ä–∞ –¥–µ—Ä–µ–≤–Ω–∏, –≤—ã –ø–æ–ø–∞–ª–∏ –≤ —é–∂–Ω—É—é –µ–µ —á–∞—Å—Ç—å. –ó–¥–µ—Å—å –ø–æ—á—Ç–∏ –Ω–µ –≤–∏–¥–Ω–æ
–º–µ—Å—Ç–Ω—ã—Ö –∂–∏—Ç–µ–ª–µ–π, –Ω–µ —Å–ª—ã—à–Ω–æ –∑–≤—É–∫–æ–≤ —Ä–∞–±–æ—Ç—ã –ø–æ —Ö–æ–∑—è–π—Å—Ç–≤—É. –¢–æ–ª—å–∫–æ –ø–æ—á—Ç–∏ –∑–∞—Ä–æ—Å—à–∞—è
—Ç—Ä–æ–ø–∞ –≤–µ–¥–µ—Ç –≤–¥–æ–ª—å –¥–æ–º–æ–≤. –ì–æ–≤–æ—Ä—è—Ç, –∑–¥–µ—Å—å –∂–∏–≤—É—Ç –∫–æ–ª–¥—É–Ω—ã –∏ –≤–µ–¥—å–º–∞–∫–∏, –∏ –æ–±—ã—á–Ω–æ–º—É
–ª—é–¥—É —Å—é–¥–∞ –ø—É—Ç—å –∑–∞–∫–∞–∑–∞–Ω, –º–æ–∂–Ω–æ –∏ –ø—Ä–æ–∫–ª—è—Ç–∏–µ –Ω–∞ –≤—Å—é –∂–∏–∑–Ω—å –ø–æ–ª—É—á–∏—Ç—å, –¥–∞ –∏ –≤–æ–≤—Å–µ
—Å–≥–∏–Ω—É—Ç—å.

[1;33m[1;31m[0;0m
[0;32m143H[0;37m [0;32m99M[0;37m 7886–æ –ó–∞—É—á:0 –í—ã—Ö:–°–Æ> ˇ˘–í—ã –ø–æ–ø–ª–µ–ª–∏—Å—å –Ω–∞ —Å–µ–≤–µ—Ä.
[1;36m–¶–µ–Ω—Ç—Ä –¥–µ—Ä–µ–≤–Ω–∏ [5010][0;37m
   –¶–µ–Ω—Ç—Ä–∞–ª—å–Ω–∞—è —á–∞—Å—Ç—å –¥–µ—Ä–µ–≤–Ω–∏ –∑–∞–ø–æ–ª–Ω–µ–Ω–∞ –Ω—É–∂–Ω—ã–º–∏ –≤—Å–µ–º –º–∞—Å—Ç–µ—Ä—Å–∫–∏–º–∏ –∏ –ª–∞–≤–∫–∞–º–∏.
–£–¥–∞—á–Ω–æ–µ –º–µ—Å—Ç–æ –¥–µ—Ä–µ–≤–Ω–∏ –≤ –Ω–µ–∑–∞–ø–∞–º—è—Ç–Ω—ã–µ –≤—Ä–µ–º–µ–Ω–∞ –ø—Ä–∏–≤–ª–µ–∫–ª–æ —Å—é–¥–∞ —Ç–æ—Ä–≥–æ–≤—Ü–µ–≤ –∏
–º–∞—Å—Ç–µ—Ä–æ–≤—ã—Ö, –∏ —Å —Ç–µ—Ö –ø–æ—Ä –ø–æ–≤–µ–ª–æ—Å—å, —á—Ç–æ –≤ —ç—Ç–æ–π —á–∞—Å—Ç–∏ –¥–µ—Ä–µ–≤–Ω–∏ —Å—Ç–æ—è—Ç –±–æ–ª—å—à–∏–µ –∏
–±–æ–≥–∞—Ç—ã–µ –¥–æ–º–∞. –°–æ –≤—Å–µ–π –æ–∫—Ä—É–≥–∏ –∏ –¥–∞–∂–µ –∏–∑ –¥–∞–ª–µ–∫–æ–π –≥–ª—É—à–∏ –ø—Ä–∏—Ö–æ–¥—è—Ç –ª—é–¥–∏ —Å—é–¥–∞
–∑–∞ —Ç–æ–≤–∞—Ä–æ–º –∫—É–ø–∏—Ç—å —á—Ç–æ, –ø—Ä–æ–¥–∞—Ç—å —á—Ç–æ, –∑–∞–∫–∞–∑–∞—Ç—å —á—Ç–æ.

[1;33m[1;31m[0;0m
[0;32m143H[0;37m [0;32m98M[0;37m 7886–æ –ó–∞—É—á:0 –í—ã—Ö:–°–í–Æ–ó> ˇ˘–í—ã –ø–æ–ø–ª–µ–ª–∏—Å—å –Ω–∞ —Å–µ–≤–µ—Ä.
[1;36m–¶–µ–Ω—Ç—Ä –¥–µ—Ä–µ–≤–Ω–∏ [5009][0;37m
   –¶–µ–Ω—Ç—Ä–∞–ª—å–Ω–∞—è —á–∞—Å—Ç—å –¥–µ—Ä–µ–≤–Ω–∏ –∑–∞–ø–æ–ª–Ω–µ–Ω–∞ –Ω—É–∂–Ω—ã–º–∏ –≤—Å–µ–º –º–∞—Å—Ç–µ—Ä—Å–∫–∏–º–∏ –∏ –ª–∞–≤–∫–∞–º–∏.
–£–¥–∞—á–Ω–æ–µ –º–µ—Å—Ç–æ –¥–µ—Ä–µ–≤–Ω–∏ –≤ –Ω–µ–∑–∞–ø–∞–º—è—Ç–Ω—ã–µ –≤—Ä–µ–º–µ–Ω–∞ –ø—Ä–∏–≤–ª–µ–∫–ª–æ —Å—é–¥–∞ —Ç–æ—Ä–≥–æ–≤—Ü–µ–≤ –∏
–º–∞—Å—Ç–µ—Ä–æ–≤—ã—Ö, –∏ —Å —Ç–µ—Ö –ø–æ—Ä –ø–æ–≤–µ–ª–æ—Å—å, —á—Ç–æ –≤ —ç—Ç–æ–π —á–∞—Å—Ç–∏ –¥–µ—Ä–µ–≤–Ω–∏ —Å—Ç–æ—è—Ç –±–æ–ª—å—à–∏–µ –∏
–±–æ–≥–∞—Ç—ã–µ –¥–æ–º–∞. –°–æ –≤—Å–µ–π –æ–∫—Ä—É–≥–∏ –∏ –¥–∞–∂–µ –∏–∑ –¥–∞–ª–µ–∫–æ–π –≥–ª—É—à–∏ –ø—Ä–∏—Ö–æ–¥—è—Ç –ª—é–¥–∏ —Å—é–¥–∞
–∑–∞ —Ç–æ–≤–∞—Ä–æ–º –∫—É–ø–∏—Ç—å —á—Ç–æ, –ø—Ä–æ–¥–∞—Ç—å —á—Ç–æ, –∑–∞–∫–∞–∑–∞—Ç—å —á—Ç–æ.

[1;33m[1;31m–ü–æ–∂–∏–ª–æ–π —à–∏—Ä–æ–∫–æ–ø–ª–µ—á–∏–π –∫—Ä–µ—Å—Ç—å—è–Ω–∏–Ω –≤ –¥–æ–±—Ä–æ—Ç–Ω–æ–π –æ–¥–µ–∂–¥–µ –ø—Ä–æ—Ö–∞–∂–∏–≤–∞–µ—Ç—Å—è —Ç—É—Ç.
[0;0m
[0;32m143H[0;37m [0;32m98M[0;37m 7886–æ –ó–∞—É—á:0 –í—ã—Ö:–°–í–Æ–ó> ˇ˘–í—ã –ø–æ–ø–ª–µ–ª–∏—Å—å –Ω–∞ —Å–µ–≤–µ—Ä.
[1;36m–ü–µ—Ä–µ–¥ –∫–æ–Ω—é—à–Ω–µ–π [5003][0;37m
   –¶–µ–Ω—Ç—Ä–∞–ª—å–Ω–∞—è —á–∞—Å—Ç—å –¥–µ—Ä–µ–≤–Ω–∏ –∑–∞–ø–æ–ª–Ω–µ–Ω–∞ –Ω—É–∂–Ω—ã–º–∏ –≤—Å–µ–º –º–∞—Å—Ç–µ—Ä—Å–∫–∏–º–∏ –∏ –ª–∞–≤–∫–∞–º–∏.
–£–¥–∞—á–Ω–æ–µ –º–µ—Å—Ç–æ –¥–µ—Ä–µ–≤–Ω–∏ –≤ –Ω–µ–∑–∞–ø–∞–º—è—Ç–Ω—ã–µ –≤—Ä–µ–º–µ–Ω–∞ –ø—Ä–∏–≤–ª–µ–∫–ª–æ —Å—é–¥–∞ —Ç–æ—Ä–≥–æ–≤—Ü–µ–≤ –∏
–º–∞—Å—Ç–µ—Ä–æ–≤—ã—Ö, –∏ —Å —Ç–µ—Ö –ø–æ—Ä –ø–æ–≤–µ–ª–æ—Å—å, —á—Ç–æ –≤ —ç—Ç–æ–π —á–∞—Å—Ç–∏ –¥–µ—Ä–µ–≤–Ω–∏ —Å—Ç–æ—è—Ç –±–æ–ª—å—à–∏–µ –∏
–±–æ–≥–∞—Ç—ã–µ –¥–æ–º–∞. –°–æ –≤—Å–µ–π –æ–∫—Ä—É–≥–∏ –∏ –¥–∞–∂–µ –∏–∑ –¥–∞–ª–µ–∫–æ–π –≥–ª—É—à–∏ –ø—Ä–∏—Ö–æ–¥—è—Ç –ª—é–¥–∏ —Å—é–¥–∞
–∑–∞ —Ç–æ–≤–∞—Ä–æ–º –∫—É–ø–∏—Ç—å —á—Ç–æ, –ø—Ä–æ–¥–∞—Ç—å —á—Ç–æ, –∑–∞–∫–∞–∑–∞—Ç—å —á—Ç–æ.

[1;33m–ó–¥–µ—Å—å –ª–µ–∂–∏—Ç –º–æ—Ä–∫–æ–≤—å.
[1;31m[0;0m
[0;32m143H[0;37m [0;32m98M[0;37m 7886–æ –ó–∞—É—á:0 –í—ã—Ö:–°–í–Æ–ó> ˇ˘–í—ã –ø–æ–ø–ª–µ–ª–∏—Å—å –Ω–∞ —Å–µ–≤–µ—Ä.
[1;36m–¶–µ–Ω—Ç—Ä –¥–µ—Ä–µ–≤–Ω–∏ [5004][0;37m
   –¶–µ–Ω—Ç—Ä–∞–ª—å–Ω–∞—è —á–∞—Å—Ç—å –¥–µ—Ä–µ–≤–Ω–∏ –∑–∞–ø–æ–ª–Ω–µ–Ω–∞ –Ω—É–∂–Ω—ã–º–∏ –≤—Å–µ–º –º–∞—Å—Ç–µ—Ä—Å–∫–∏–º–∏ –∏ –ª–∞–≤–∫–∞–º–∏.
–£–¥–∞—á–Ω–æ–µ –º–µ—Å—Ç–æ –¥–µ—Ä–µ–≤–Ω–∏ –≤ –Ω–µ–∑–∞–ø–∞–º—è—Ç–Ω—ã–µ –≤—Ä–µ–º–µ–Ω–∞ –ø—Ä–∏–≤–ª–µ–∫–ª–æ —Å—é–¥–∞ —Ç–æ—Ä–≥–æ–≤—Ü–µ–≤ –∏
–º–∞—Å—Ç–µ—Ä–æ–≤—ã—Ö, –∏ —Å —Ç–µ—Ö –ø–æ—Ä –ø–æ–≤–µ–ª–æ—Å—å, —á—Ç–æ –≤ —ç—Ç–æ–π —á–∞—Å—Ç–∏ –¥–µ—Ä–µ–≤–Ω–∏ —Å—Ç–æ—è—Ç –±–æ–ª—å—à–∏–µ –∏
–±–æ–≥–∞—Ç—ã–µ –¥–æ–º–∞. –°–æ –≤—Å–µ–π –æ–∫—Ä—É–≥–∏ –∏ –¥–∞–∂–µ –∏–∑ –¥–∞–ª–µ–∫–æ–π –≥–ª—É—à–∏ –ø—Ä–∏—Ö–æ–¥—è—Ç –ª—é–¥–∏ —Å—é–¥–∞
–∑–∞ —Ç–æ–≤–∞—Ä–æ–º –∫—É–ø–∏—Ç—å —á—Ç–æ, –ø—Ä–æ–¥–∞—Ç—å —á—Ç–æ, –∑–∞–∫–∞–∑–∞—Ç—å —á—Ç–æ.

[1;33m[1;31m–ë–∞–∑–∞—Ä–Ω—ã–π –∑–∞–∑—ã–≤–∞–ª–∞ —Å—Ç–æ–∏—Ç –∑–¥–µ—Å—å, –∑—ã—á–Ω—ã–º –≥–æ–ª–æ—Å–æ–º —Ä–∞—Å—Ö–≤–∞–ª–∏–≤–∞—è –≤—ã—Å—Ç–∞–≤–ª–µ–Ω–Ω—ã–π —Ç–æ–≤–∞—Ä.
[0;0m
[0;32m143H[0;37m [0;32m100M[0;37m 7886–æ –ó–∞—É—á:0 –í—ã—Ö:–°–Æ–ó> ˇ˘–í—ã –ø–æ–ø–ª–µ–ª–∏—Å—å –Ω–∞ —Å–µ–≤–µ—Ä.
[1;36m–ü–µ—Ä–µ–¥ –ø–æ—Å—Ç–æ—è–ª—ã–º –¥–≤–æ—Ä–æ–º [5005][0;37m
   –ß—É—Ç—å –Ω–µ —Å–ø–æ—Ç–∫–Ω—É–≤—à–∏—Å—å –æ –¥–æ—Å–∫—É, –ª–µ–∂–∞—â—É—é —Å—Ä–∞–∑—É —É –ø–æ—Ä–æ–≥–∞ –ø–æ—Å—Ç–æ—è–ª–æ–≥–æ –¥–≤–æ—Ä–∞,
–≤—ã –æ–∫–∞–∑–∞–ª–∏—Å—å –Ω–∞ —Ü–µ–Ω—Ç—Ä–∞–ª—å–Ω–æ–π —É–ª–∏—Ü–µ –¥–µ—Ä–µ–≤–Ω–∏. –ò–º–µ–Ω–Ω–æ –Ω–∞ —ç—Ç–æ–π —É–ª–∏—Ü–µ –º–æ–∂–Ω–æ 
–±—ã—Å—Ç—Ä–æ –Ω–∞–π—Ç–∏ –ª–∞–≤–∫—É —Ä–µ–º–µ—Å–ª–µ–Ω–Ω–∏–∫–∞, –¥–æ–º –∑–Ω–∞—Ö–∞—Ä—è, –∫–æ–Ω—é—à–Ω—é –∏ –¥–æ–º —Å—Ç–∞—Ä–µ–π—à–∏–Ω—ã.
–í —é–∂–Ω–æ–π —á–∞—Å—Ç–∏ –¥–µ—Ä–µ–≤–Ω–∏ –ø–æ—Å–µ–ª–∏–ª–∏—Å—å –≤–æ—Ä–æ–∂–µ–∏.

[1;33m[1;31m[0;0m
[0;32m143H[0;37m [0;32m100M[0;37m 7886–æ –ó–∞—É—á:0 –í—ã—Ö:–°–í–Æ–ó> ˇ˘–í—ã –ø–æ–ø–ª–µ–ª–∏—Å—å –Ω–∞ –≤–æ—Å—Ç–æ–∫.
[1;36m–ü–æ—Å—Ç–æ—è–ª—ã–π –¥–≤–æ—Ä [5001][0;37m
   –î–µ—Ä–µ–≤–Ω—è —Ö–æ—Ç—å –∏ –Ω–µ–±–æ–ª—å—à–∞—è, –Ω–æ –ø–æ—Å—Ç–æ—è–ª—ã–π –¥–≤–æ—Ä –∏–º–µ–µ—Ç—Å—è, –¥–ª—è –∑–∞–µ–∑–∂–∏—Ö –≥–æ—Å—Ç–µ–π,
—á—Ç–æ–±—ã –±—ã–ª–æ –≥–¥–µ –ø–µ—Ä–µ–≤–µ—Å—Ç–∏ –¥—É—Ö, –µ–¥–æ–π –∏ –ø–∏—Ç—å–µ–º –∑–∞–ø–∞—Å—Ç–∏—Å—å. –ê –µ—Å–ª–∏ –Ω–∞ –¥–≤–æ—Ä–µ —É–∂
–Ω–æ—á—å –∏–ª—å –ø—Ä–æ—Å—Ç–æ –Ω–∞–¥–æ –æ—Å—Ç–∞–Ω–æ–≤–∏—Ç—Å—è –Ω–∞ –¥–µ–Ω—å –¥—Ä—É–≥–æ–π –≤ –¥–µ—Ä–µ–≤–Ω–µ, –∞ —Ä–æ–¥—Å—Ç–≤–µ–Ω–Ω–∏–∫–æ–≤
–Ω–µ—Ç, —Ç–∞–∫ –º–æ–∂–Ω–æ –∏ –ø–µ—Ä–µ–Ω–æ—á–µ–≤–∞—Ç—å –≤ –≥–æ—Ä–Ω–∏—Ü–∞—Ö –Ω–∞–≤–µ—Ä—Ö—É.

[1;33m[1;31m–°–µ–¥–æ–≤–ª–∞—Å—ã–π —Å–∫–∞–∑–∏—Ç–µ–ª—å –≥–æ—Ç–æ–≤ –ø–æ–¥–µ–ª–∏—Ç—å—Å—è —Å –í–∞–º–∏ –∏–Ω—Ç–µ—Ä–µ—Å–Ω–æ–π –∏—Å—Ç–æ—Ä–∏–µ–π.
–¢—Ä–∞–∫—Ç–∏—Ä—â–∏–∫ –æ—Ç–¥—ã—Ö–∞–µ—Ç –∑–∞ —Å—Ç–æ–π–∫–æ–π.
[0;0m
[0;32m143H[0;37m [0;32m100M[0;37m 7886–æ –ó–∞—É—á:0 –í—ã—Ö:–ó^> ˇ˘–í—ã –ø–æ–ø–ª–µ–ª–∏—Å—å –≤–≤–µ—Ä—Ö.
[1;36m–ö–æ–º–Ω–∞—Ç—ã –æ—Ç–¥—ã—Ö–∞ [5000][0;37m
   –•–æ–∑—è–∏–Ω —É—Å—Ç—Ä–æ–∏–ª –∑–¥–µ—Å—å –∫–æ–º–Ω–∞—Ç—ã –¥–ª—è –æ—Ç–¥—ã—Ö–∞. –õ—é–±–æ–π –∂–µ–ª–∞—é—â–∏–π –º–æ–∂–µ—Ç –æ—Å—Ç–∞–Ω–æ–≤–∏—Ç—å—Å—è
–∑–¥–µ—Å—å –∏ –ø–µ—Ä–µ–¥–æ—Ö–Ω—É—Ç—å –ø–æ—Å–ª–µ –¥–∞–ª—å–Ω–µ–π –¥–æ—Ä–æ–≥–∏. –°–≤–µ—Ç–ª—ã–µ –≥–æ—Ä–Ω–∏—Ü—ã —Ç–∞–∫ –∏ –ø—Ä–∏–≥–ª–∞—à–∞—é—Ç
–ø—Ä–æ–π—Ç–∏ –≤ –Ω–∏—Ö –∏ —Ä–∞—Å—Ç—è–Ω—É—Ç—å—Å—è –Ω–∞ –ø–µ—Ä–∏–Ω–µ, –Ω–∞ –ø—É—Ö–æ–≤–æ–π –¥–∞ –∑–∞–±—ã—Ç—å—Å—è —Å–Ω–æ–º –±–æ–≥–∞—Ç—ã—Ä—Å–∫–∏–º.
–ó–¥–µ—Å—å –∂–µ –º–æ–∂–Ω–æ –ø–æ–¥–æ–∂–¥–∞—Ç—å —Å–≤–æ–∏—Ö –∫–æ–º–ø–∞–Ω—å–æ–Ω–æ–≤ –ø–µ—Ä–µ–¥ –¥–æ–ª–≥–æ–π –¥–æ—Ä–æ–≥–æ–π, –ø–æ–≥–æ–≤–æ—Ä–∏—Ç—å
–æ –¥–∞–ª—å–Ω–µ–π—à–∏—Ö –ø–ª–∞–Ω–∞—Ö.
[1;32m–°–æ–≤—Å–µ–º –º–∞–ª—ã—Ö, –¥–∞ –Ω–µ –æ–±—É—á–µ–Ω–Ω—ã—Ö —Ç–∞–∫ –∏ —Ç—è–Ω–µ—Ç [1;33m–≤–æ–π—Ç–∏ [1;32m–≤ [1;33m—à–∫–æ–ª—É[1;32m.[0;0m

[1;33m–î–æ—Å–∫–∞ –¥–ª—è —Ä–∞–∑–ª–∏—á–Ω—ã—Ö –∑–∞–º–µ—Ç–æ–∫ –∏ –æ–±—ä—è–≤–ª–µ–Ω–∏–π –ø—Ä–∏–±–∏—Ç–∞ —Ç—É—Ç ..–±–ª–µ—Å—Ç–∏—Ç!
[1;31m–ú–µ—Å—Ç–Ω—ã–π –∂–∏—Ç–µ–ª—å –∏–¥–µ—Ç –∑–¥–µ—Å—å.
–•–æ–∑—è–π–∫–∞ –ø–æ—Å—Ç–æ—è–ª–æ–≥–æ –¥–≤–æ—Ä–∞ —Ä–∞—Å–ø–æ—Ä—è–∂–∞–µ—Ç—Å—è –∑–¥–µ—Å—å.
[0;0m
[0;32m143H[0;37m [0;32m100M[0;37m 7886–æ –ó–∞—É—á:0 –í—ã—Ö:v> ˇ˘–î–æ —Å–≤–∏–¥–∞–Ω–∏—è, —Å—Ç—Ä–∞–Ω–Ω–∏–∫... –ú—ã –∂–¥–µ–º —Ç–µ–±—è —Å–Ω–æ–≤–∞!

0) –û—Ç—Å–æ–µ–¥–∏–Ω–∏—Ç—å—Å—è.
1) –ù–∞—á–∞—Ç—å –∏–≥—Ä—É.
2) –í–≤–µ—Å—Ç–∏ –æ–ø–∏—Å–∞–Ω–∏–µ –≤–∞—à–µ–≥–æ –ø–µ—Ä—Å–æ–Ω–∞–∂–∞.
3) –£–∑–Ω–∞—Ç—å –∏—Å—Ç–æ—Ä–∏—é.
4) –ò–∑–º–µ–Ω–∏—Ç—å –ø–∞—Ä–æ–ª—å.
5) –£–¥–∞–ª–∏—Ç—å –ø–µ—Ä—Å–æ–Ω–∞–∂–∞.
6) –ò–∑–º–µ–Ω–∏—Ç—å –ø–∞—Ä–∞–º–µ—Ç—Ä—ã –ø–µ—Ä—Å–æ–Ω–∞–∂–∞.
7) –í–∫–ª—é—á–∏—Ç—å/–≤—ã–∫–ª—é—á–∏—Ç—å —Ä–µ–∂–∏–º —Å–ª–µ–ø–æ–≥–æ –∏–≥—Ä–æ–∫–∞.

   –ß–µ–≥–æ –≤–∞—à–∞ –¥—É—à–∞ –∂–µ–ª–∞–µ—Ç? ˇ˘
–î–æ –≤—Å—Ç—Ä–µ—á–∏ –Ω–∞ –∑–µ–º–ª–µ –ö–∏–µ–≤—Å–∫–æ–π.
–í —Å–ª—É—á–∞–µ –≤–∞—à–µ–≥–æ –æ—Ç—Å—É—Ç—Å—Ç–≤–∏—è –ø–µ—Ä—Å–æ–Ω–∞–∂ –±—É–¥–µ—Ç —Ö—Ä–∞–Ω–∏—Ç—å—Å—è –¥–æ 23:56:31 14 –ú–∞—Ä—Ç–∞ 2018 –≥–æ–¥–∞ –Ω–∞—à–µ–π —ç—Ä—ã :).
ˇ˘