яыEяыVяыU
Using keytable
  0) Koi-8
  1) Alt
  2) Windows(JMC,MMC)
  3) Windows(zMUD)
  4) Windows(zMUD ver. 6+)
  5) UTF-8
Select one :     
 -----------------------------------------------------------------------------                   
          Based On CircleMUD v3.0   Created by Jeremy Elson,   
          DikuMUD Gamma 0.0  by Sebastian Hammer, Michael Seifert, 
          Hans Henrik Staerfeldt, Tom Madsen, Katja Nyboe
 _____________________________________________________________________________

    #######
    ##    
    ##        ####    ####      ####  ####  ####  ####  ####  ####    ####
    #######    ######  ##     ## ##    ##  ####    ##    ##    ######  ##
    ##    ##   ##   ## ##    ##  ##    ####  ##    ########    ##   ## ##
    ##    ##   ##   ## ##    ##  ##    ###   ##    ##    ##    ##   ## ##
    #######   ####### ####  ###  ###  ####  ####  ####  ####  ####### ####

                   РџРћ РџР Р•Р”РђРќРРЇРњ Р РЈРЎРЎРљРРҐ РќРђР РћР”РќР«РҐ РЎРљРђР—РћРљ Р Р‘Р«Р›РРќ.

             РџРѕ Р°РґРјРёРЅРёСЃС‚СЂР°С‚РёРІРЅС‹Рј РІРѕРїСЂРѕСЃР°Рј РјРѕР¶РµС‚Рµ СЃРІСЏР·Р°С‚СЊСЃСЏ СЃ РЎС‚СЂРёР±РѕРіРѕРј
                	     e-mail: stribog@bylins.su

                       РџРѕСЃРµС‚РёС‚Рµ РЅР°С€ СЃР°Р№С‚: www.bylins.su
    Р”Р»СЏ Р±РѕР»РµРµ РїРѕРґСЂРѕР±РЅРѕР№ РёРіСЂРѕРІРѕР№ РёРЅС„РѕСЂРјР°С†РёРё РїРѕСЃРµС‚РёС‚Рµ www.bylins.su/?newbies

Р’РІРµРґРёС‚Рµ РёРјСЏ РїРµСЂСЃРѕРЅР°Р¶Р° (РёР»Рё "РЅРѕРІС‹Р№" РґР»СЏ СЃРѕР·РґР°РЅРёСЏ РЅРѕРІРѕРіРѕ): РџРµСЂСЃРѕРЅР°Р¶ СЃ С‚Р°РєРёРј РёРјРµРЅРµРј СѓР¶Рµ СЃСѓС‰РµСЃС‚РІСѓРµС‚. Р’РІРµРґРёС‚Рµ РїР°СЂРѕР»СЊ : ящ

РџРѕСЃР»РµРґРЅРёР№ СЂР°Р· РІС‹ Р·Р°С…РѕРґРёР»Рё Рє РЅР°Рј РІ 05:26:18  4 РЎРµРЅС‚СЏР±СЂСЏ 2017 РіРѕРґР° СЃ Р°РґСЂРµСЃР° (73.202.200.191).

* Р’ СЃРІСЏР·Рё СЃ РїСЂРѕР±Р»РµРјР°РјРё РїРµСЂРµРІРѕРґР° С„СЂР°Р·С‹ ANYKEY РЅР°Р¶РјРёС‚Рµ ENTER *ящ
  Р”РѕР±СЂРѕ РїРѕР¶Р°Р»РѕРІР°С‚СЊ РЅР° Р·РµРјР»СЋ РљРёРµРІСЃРєСѓСЋ, Р±РѕРіР°С‚СѓСЋ РёСЃС‚РѕСЂРёРµР№ Рё СЃР°РјС‹РјРё РЅРµРІРµСЂРѕСЏС‚РЅС‹РјРё
РїСЂРёРєР»СЋС‡РµРЅРёСЏРјРё. Р’РѕР·РјРѕР¶РЅРѕ, РІР°Рј РѕРЅРё РїРѕРЅСЂР°РІСЏС‚СЃСЏ, Рё РІС‹ СЃС‚Р°РЅРµС‚Рµ РІ РѕРґРёРЅ СЂСЏРґ СЃ РіРµСЂРѕСЏРјРё
РґР°РІРЅРѕ РјРёРЅСѓРІС€РёС… РґРЅРµР№.

[1;37mР Р¶Р°РЅРѕР№ РєР°СЂР°РІР°Р№ СЂР°СЃСЃС‹РїР°Р»СЃСЏ РѕС‚ РґР»РёС‚РµР»СЊРЅРѕРіРѕ РёСЃРїРѕР»СЊР·РѕРІР°РЅРёСЏ.
[1;36mРљРѕРјРЅР°С‚С‹ РѕС‚РґС‹С…Р°[0;37m
   РҐРѕР·СЏРёРЅ СѓСЃС‚СЂРѕРёР» Р·РґРµСЃСЊ РєРѕРјРЅР°С‚С‹ РґР»СЏ РѕС‚РґС‹С…Р°. Р›СЋР±РѕР№ Р¶РµР»Р°СЋС‰РёР№ РјРѕР¶РµС‚ РѕСЃС‚Р°РЅРѕРІРёС‚СЊСЃСЏ
Р·РґРµСЃСЊ Рё РїРµСЂРµРґРѕС…РЅСѓС‚СЊ РїРѕСЃР»Рµ РґР°Р»СЊРЅРµР№ РґРѕСЂРѕРіРё. РЎРІРµС‚Р»С‹Рµ РіРѕСЂРЅРёС†С‹ С‚Р°Рє Рё РїСЂРёРіР»Р°С€Р°СЋС‚
РїСЂРѕР№С‚Рё РІ РЅРёС… Рё СЂР°СЃС‚СЏРЅСѓС‚СЊСЃСЏ РЅР° РїРµСЂРёРЅРµ, РЅР° РїСѓС…РѕРІРѕР№ РґР° Р·Р°Р±С‹С‚СЊСЃСЏ СЃРЅРѕРј Р±РѕРіР°С‚С‹СЂСЃРєРёРј.
Р—РґРµСЃСЊ Р¶Рµ РјРѕР¶РЅРѕ РїРѕРґРѕР¶РґР°С‚СЊ СЃРІРѕРёС… РєРѕРјРїР°РЅСЊРѕРЅРѕРІ РїРµСЂРµРґ РґРѕР»РіРѕР№ РґРѕСЂРѕРіРѕР№, РїРѕРіРѕРІРѕСЂРёС‚СЊ
Рѕ РґР°Р»СЊРЅРµР№С€РёС… РїР»Р°РЅР°С….
[1;32mРЎРѕРІСЃРµРј РјР°Р»С‹С…, РґР° РЅРµ РѕР±СѓС‡РµРЅРЅС‹С… С‚Р°Рє Рё С‚СЏРЅРµС‚ [1;33mРІРѕР№С‚Рё [1;32mРІ [1;33mС€РєРѕР»Сѓ[1;32m.[0;0m

[1;33mР”РѕСЃРєР° РґР»СЏ СЂР°Р·Р»РёС‡РЅС‹С… Р·Р°РјРµС‚РѕРє Рё РѕР±СЉСЏРІР»РµРЅРёР№ РїСЂРёР±РёС‚Р° С‚СѓС‚ ..Р±Р»РµСЃС‚РёС‚!
[1;31mРҐРѕР·СЏР№РєР° РїРѕСЃС‚РѕСЏР»РѕРіРѕ РґРІРѕСЂР° СЂР°СЃРїРѕСЂСЏР¶Р°РµС‚СЃСЏ Р·РґРµСЃСЊ.
[0;0m
Р”РµСЂРµРІРЅСЏ Сѓ СЂРµРєРё (2-Р°СЏ СЂРѕРґРѕРІР°СЏ).

Р’Р°СЃ РѕР¶РёРґР°СЋС‚ СЃРѕРѕР±С‰РµРЅРёСЏ:
   1 РІ СЂР°Р·РґРµР»Рµ 'РРґРµРё Рё РёС… РѕР±СЃСѓР¶РґРµРЅРёРµ' [1;37m(РРґРµРё)[0;37m.

[0;32m60H[0;37m [0;32m99M[0;37m 1073Рѕ Р—Р°СѓС‡:0 Р’С‹С…:v> ящР’С‹ РјРѕР¶РµС‚Рµ СѓСЃС‚Р°РЅРѕРІРёС‚СЊ СЃР»РµРґСѓСЋС‰РµРµ.
Р°РІС‚РѕРІС‹С…РѕРґС‹          (autoexits)
РєСЂР°С‚РєРёР№             (brief)
СЃР¶Р°С‚С‹Р№              (compact)
С†РІРµС‚                (color)
РїРѕРІС‚РѕСЂ              (norepeat)
РѕР±СЂР°С‰РµРЅРёСЏ           (notell)
РєС‚Рѕ-С‚Рѕ              (noinvistell)
Р±РѕР»С‚Р°С‚СЊ             (nogossip)
РєСЂРёС‡Р°С‚СЊ             (noshout)
РѕСЂР°С‚СЊ               (noholler)
РїРѕР·РґСЂР°РІР»РµРЅРёСЏ        (nogratz)
Р°СѓРєС†РёРѕРЅ             (noauction)
Р±Р°Р·Р°СЂ               (exchange)
Р·Р°РґР°РЅРёРµ             (quest)
Р°РІС‚РѕР·Р°СѓС‡РёРІР°РЅРёРµ      (automem)
РїСЂРёР·С‹РІ              (nosummon)
Р°РІС‚РѕР·Р°РІРµСЂС€РµРЅРёРµ      (goahead)
РіСЂСѓРїРїР°              (showgroup)
Р±РµР· РґРІРѕР№РЅРёРєРѕРІ       (noclones)
Р°РІС‚РѕРїРѕРјРѕС‰СЊ          (autoassist)
Р°РІС‚РѕРіСЂР°Р±РµР¶          (autoloot)
Р°РІС‚РѕРґРµР»РµР¶           (autosplit)
Р±СЂР°С‚СЊ РєСѓРЅС‹          (automoney)
Р°СЂРµРЅР°               (arena)
С€РёСЂРёРЅР°              (length)
РІС‹СЃРѕС‚Р°              (width)
СЌРєСЂР°РЅ               (screen)
РЅРѕРІРѕСЃС‚Рё             (news)
РґРѕСЃРєРё               (boards)
С…СЂР°РЅРёР»РёС‰Рµ           (chest)
РїРєР»РёСЃС‚              (pklist)
РїРѕР»РёС‚РёРєР°            (politics)
РїРєС„РѕСЂРјР°С‚            (pkformat)
СЃРѕРєР»Р°РЅРѕРІС†С‹          (workmate)
РѕС„С„С‚РѕРї              (offtop)
РїРѕС‚РµСЂСЏ СЃРІСЏР·Рё        (disconnect)
РёРЅРіСЂРµРґРёРµРЅС‚С‹         (ingredient)
РІСЃРїРѕРјРЅРёС‚СЊ           (remember)
СѓРІРµРґРѕРјР»РµРЅРёСЏ         (notify)
РєР°СЂС‚Р°               (map)
РІС…РѕРґ РІ Р·РѕРЅСѓ         (enter zone)
РјР°РіС‰РёС‚С‹             (mageshields)
Р°РІС‚РѕРїСЂРёР·С‹РІ          (autonosummon)
РЅРµР·СЂСЏС‡РёР№            (blind)
РјР°РїРїРµСЂ              (mapper)


[0;32m60H[0;37m [0;32m99M[0;37m 1073Рѕ Р—Р°СѓС‡:0 Р’С‹С…:v> ящ
Р’С‹ РіРѕР»РѕРґРЅС‹.
Р’Р°СЃ РјСѓС‡Р°РµС‚ Р¶Р°Р¶РґР°.

[0;32m60H[0;37m [0;32m99M[0;37m 1073Рѕ Р—Р°СѓС‡:0 Р’С‹С…:v> ящ[1;31mРњРёРЅСѓР» С‡Р°СЃ.[0;37m
Р’С‹ РіРѕР»РѕРґРЅС‹.
Р’Р°СЃ РјСѓС‡Р°РµС‚ Р¶Р°Р¶РґР°.
Р РµР¶РёРј Р°РІС‚РѕР·Р°РІРµСЂС€РµРЅРёСЏ (IAC GA) РІС‹РєР»СЋС‡РµРЅ.

[0;32m60H[0;37m [0;32m99M[0;37m 1073Рѕ Р—Р°СѓС‡:0 Р’С‹С…:v> Р РµР¶РёРј Р°РІС‚РѕР·Р°РІРµСЂС€РµРЅРёСЏ (IAC GA) РІРєР»СЋС‡РµРЅ.

[0;32m60H[0;37m [0;32m99M[0;37m 1073Рѕ Р—Р°СѓС‡:0 Р’С‹С…:v> ящРџРѕР»РЅС‹Р№ [0;31mС†РІРµС‚РѕРІРѕР№[0;37m СЂРµР¶РёРј.

[0;32m60H[0;37m [0;32m99M[0;37m 1073Рѕ Р—Р°СѓС‡:0 Р’С‹С…:v> ящРџРѕР»РЅС‹Р№ [0;31mС†РІРµС‚РѕРІРѕР№[0;37m СЂРµР¶РёРј.

[0;32m60H[0;37m [0;32m99M[0;37m 1073Рѕ Р—Р°СѓС‡:0 Р’С‹С…:v> ящ РђРІС‚РѕРІС‹С…РѕРґС‹    : OFF      РљСЂР°С‚РєРёР№ СЂРµР¶РёРј : OFF      РЎР¶Р°С‚С‹Р№ СЂРµР¶РёРј  : OFF 
 РџРѕРІС‚РѕСЂ РєРѕРјР°РЅРґ : YES      РћР±СЂР°С‰РµРЅРёСЏ     : ON       Р¦РІРµС‚          : РїРѕР»РЅС‹Р№  
 РљС‚Рѕ-С‚Рѕ        : РјРѕР¶РЅРѕ    Р‘РѕР»С‚Р°С‚СЊ       : ON       РћСЂР°С‚СЊ         : ON  
 РђСѓРєС†РёРѕРЅ       : ON       Р‘Р°Р·Р°СЂ         : ON       РђРІС‚РѕР·Р°СѓС‡РёРІР°РЅРёРµ: ON  
 РџСЂРёР·С‹РІ        : OFF      РђРІС‚РѕР·Р°РІРµСЂС€РµРЅРёРµ: ON       Р“СЂСѓРїРїР° (РІРёРґ)  : РєСЂР°С‚РєРёР№ 
 Р‘РµР· РґРІРѕР№РЅРёРєРѕРІ : OFF      РђРІС‚РѕРґРµР»РµР¶     : OFF      РђРІС‚РѕРіСЂР°Р±РµР¶    : ALL     
 Р‘СЂР°С‚СЊ РєСѓРЅС‹    : OFF      РђСЂРµРЅР°         : ON       РўСЂСѓСЃРѕСЃС‚СЊ      : РЅРµС‚ 
 РЁРёСЂРёРЅР° СЌРєСЂР°РЅР° : 80       Р’С‹СЃРѕС‚Р° СЌРєСЂР°РЅР° : 30       РЎР¶Р°С‚РёРµ        : РЅРµС‚    
 РќРѕРІРѕСЃС‚Рё (РІРёРґ) : Р»РµРЅС‚Р°    Р”РѕСЃРєРё         : ON       РҐСЂР°РЅРёР»РёС‰Рµ     : РІС‹РєР»      
 РџРєР»РёСЃС‚        : ON       РџРѕР»РёС‚РёРєР°      : OFF      РџРєС„РѕСЂРјР°С‚      : РїРѕР»РЅС‹Р№    
 РЎРѕРєР»Р°РЅРѕРІС†С‹    : ON       РћС„С„С‚РѕРї        : OFF      РџРѕС‚РµСЂСЏ СЃРІСЏР·Рё  : OFF 
 РРЅРіСЂРµРґРёРµРЅС‚С‹   : OFF      Р’СЃРїРѕРјРЅРёС‚СЊ     : 15       РЈРІРµРґРѕРјР»РµРЅРёСЏ   : РќРµС‚ 
 РљР°СЂС‚Р°         : OFF      Р’С…РѕРґ РІ Р·РѕРЅСѓ   : ON       РњР°РіС‰РёС‚С‹ (РІРёРґ) : РїРѕР»РЅС‹Р№
 РђРІС‚РѕРїСЂРёР·С‹РІ    : OFF      РњР°РїРїРµСЂ        : OFF     

[0;32m60H[0;37m [0;32m99M[0;37m 1073Рѕ Р—Р°СѓС‡:0 Р’С‹С…:v> ящ
[1;33mРђСѓРєС†РёРѕРЅ : РЅРѕРІС‹Р№ Р»РѕС‚ 0 - С€РёРї РѕРјСѓС‚РЅРёРєР° - РЅР°С‡Р°Р»СЊРЅР°СЏ СЃС‚Р°РІРєР° 1 РєСѓРЅР°. 

[0;0m
[0;32m60H[0;37m [0;32m99M[0;37m 1073Рѕ Р—Р°СѓС‡:0 Р’С‹С…:v> ящР РµР¶РёРј РґР»СЏ РјР°РїРїРµСЂРѕРІ РІРєР»СЋС‡РµРЅ.

[0;32m60H[0;37m [0;32m99M[0;37m 1073Рѕ Р—Р°СѓС‡:0 Р’С‹С…:v> ящ
[1;33mРђСѓРєС†РёРѕРЅ : Р»РѕС‚ 0(С€РёРї РѕРјСѓС‚РЅРёРєР°) СЃРЅСЏС‚ СЃ Р°СѓРєС†РёРѕРЅР° РІР»Р°РґРµР»СЊС†РµРј.

[0;0m
[0;32m60H[0;37m [0;32m99M[0;37m 1073Рѕ Р—Р°СѓС‡:0 Р’С‹С…:v> ящ
Р’С‹ РіРѕР»РѕРґРЅС‹.
Р’Р°СЃ РјСѓС‡Р°РµС‚ Р¶Р°Р¶РґР°.

[0;32m60H[0;37m [0;32m99M[0;37m 1073Рѕ Р—Р°СѓС‡:0 Р’С‹С…:v> ящ[1;36mРљРѕРјРЅР°С‚С‹ РѕС‚РґС‹С…Р° [5000][0;37m
   РҐРѕР·СЏРёРЅ СѓСЃС‚СЂРѕРёР» Р·РґРµСЃСЊ РєРѕРјРЅР°С‚С‹ РґР»СЏ РѕС‚РґС‹С…Р°. Р›СЋР±РѕР№ Р¶РµР»Р°СЋС‰РёР№ РјРѕР¶РµС‚ РѕСЃС‚Р°РЅРѕРІРёС‚СЊСЃСЏ
Р·РґРµСЃСЊ Рё РїРµСЂРµРґРѕС…РЅСѓС‚СЊ РїРѕСЃР»Рµ РґР°Р»СЊРЅРµР№ РґРѕСЂРѕРіРё. РЎРІРµС‚Р»С‹Рµ РіРѕСЂРЅРёС†С‹ С‚Р°Рє Рё РїСЂРёРіР»Р°С€Р°СЋС‚
РїСЂРѕР№С‚Рё РІ РЅРёС… Рё СЂР°СЃС‚СЏРЅСѓС‚СЊСЃСЏ РЅР° РїРµСЂРёРЅРµ, РЅР° РїСѓС…РѕРІРѕР№ РґР° Р·Р°Р±С‹С‚СЊСЃСЏ СЃРЅРѕРј Р±РѕРіР°С‚С‹СЂСЃРєРёРј.
Р—РґРµСЃСЊ Р¶Рµ РјРѕР¶РЅРѕ РїРѕРґРѕР¶РґР°С‚СЊ СЃРІРѕРёС… РєРѕРјРїР°РЅСЊРѕРЅРѕРІ РїРµСЂРµРґ РґРѕР»РіРѕР№ РґРѕСЂРѕРіРѕР№, РїРѕРіРѕРІРѕСЂРёС‚СЊ
Рѕ РґР°Р»СЊРЅРµР№С€РёС… РїР»Р°РЅР°С….
[1;32mРЎРѕРІСЃРµРј РјР°Р»С‹С…, РґР° РЅРµ РѕР±СѓС‡РµРЅРЅС‹С… С‚Р°Рє Рё С‚СЏРЅРµС‚ [1;33mРІРѕР№С‚Рё [1;32mРІ [1;33mС€РєРѕР»Сѓ[1;32m.[0;0m

[1;33mР”РѕСЃРєР° РґР»СЏ СЂР°Р·Р»РёС‡РЅС‹С… Р·Р°РјРµС‚РѕРє Рё РѕР±СЉСЏРІР»РµРЅРёР№ РїСЂРёР±РёС‚Р° С‚СѓС‚ ..Р±Р»РµСЃС‚РёС‚!
[1;31mРҐРѕР·СЏР№РєР° РїРѕСЃС‚РѕСЏР»РѕРіРѕ РґРІРѕСЂР° СЂР°СЃРїРѕСЂСЏР¶Р°РµС‚СЃСЏ Р·РґРµСЃСЊ.
[0;0m
Р”РµСЂРµРІРЅСЏ Сѓ СЂРµРєРё (2-Р°СЏ СЂРѕРґРѕРІР°СЏ).

[0;32m60H[0;37m [0;32m99M[0;37m 1073Рѕ Р—Р°СѓС‡:0 Р’С‹С…:v> ящР’С‹ РїРѕРїР»РµР»РёСЃСЊ РІРЅРёР·.
[1;36mРџРѕСЃС‚РѕСЏР»С‹Р№ РґРІРѕСЂ [5001][0;37m
   Р”РµСЂРµРІРЅСЏ С…РѕС‚СЊ Рё РЅРµР±РѕР»СЊС€Р°СЏ, РЅРѕ РїРѕСЃС‚РѕСЏР»С‹Р№ РґРІРѕСЂ РёРјРµРµС‚СЃСЏ, РґР»СЏ Р·Р°РµР·Р¶РёС… РіРѕСЃС‚РµР№,
С‡С‚РѕР±С‹ Р±С‹Р»Рѕ РіРґРµ РїРµСЂРµРІРµСЃС‚Рё РґСѓС…, РµРґРѕР№ Рё РїРёС‚СЊРµРј Р·Р°РїР°СЃС‚РёСЃСЊ. Рђ РµСЃР»Рё РЅР° РґРІРѕСЂРµ СѓР¶
РЅРѕС‡СЊ РёР»СЊ РїСЂРѕСЃС‚Рѕ РЅР°РґРѕ РѕСЃС‚Р°РЅРѕРІРёС‚СЃСЏ РЅР° РґРµРЅСЊ РґСЂСѓРіРѕР№ РІ РґРµСЂРµРІРЅРµ, Р° СЂРѕРґСЃС‚РІРµРЅРЅРёРєРѕРІ
РЅРµС‚, С‚Р°Рє РјРѕР¶РЅРѕ Рё РїРµСЂРµРЅРѕС‡РµРІР°С‚СЊ РІ РіРѕСЂРЅРёС†Р°С… РЅР°РІРµСЂС…Сѓ.

[1;33m[1;31mРЎРµРґРѕРІР»Р°СЃС‹Р№ СЃРєР°Р·РёС‚РµР»СЊ РіРѕС‚РѕРІ РїРѕРґРµР»РёС‚СЊСЃСЏ СЃ Р’Р°РјРё РёРЅС‚РµСЂРµСЃРЅРѕР№ РёСЃС‚РѕСЂРёРµР№.
РўСЂР°РєС‚РёСЂС‰РёРє РѕС‚РґС‹С…Р°РµС‚ Р·Р° СЃС‚РѕР№РєРѕР№.
[0;0m
[0;32m60H[0;37m [0;32m98M[0;37m 1073Рѕ Р—Р°СѓС‡:0 Р’С‹С…:Р—^> ящР’С‹ РїРѕРїР»РµР»РёСЃСЊ РЅР° Р·Р°РїР°Рґ.
[1;36mРџРµСЂРµРґ РїРѕСЃС‚РѕСЏР»С‹Рј РґРІРѕСЂРѕРј [5005][0;37m
   Р§СѓС‚СЊ РЅРµ СЃРїРѕС‚РєРЅСѓРІС€РёСЃСЊ Рѕ РґРѕСЃРєСѓ, Р»РµР¶Р°С‰СѓСЋ СЃСЂР°Р·Сѓ Сѓ РїРѕСЂРѕРіР° РїРѕСЃС‚РѕСЏР»РѕРіРѕ РґРІРѕСЂР°,
РІС‹ РѕРєР°Р·Р°Р»РёСЃСЊ РЅР° С†РµРЅС‚СЂР°Р»СЊРЅРѕР№ СѓР»РёС†Рµ РґРµСЂРµРІРЅРё. РРјРµРЅРЅРѕ РЅР° СЌС‚РѕР№ СѓР»РёС†Рµ РјРѕР¶РЅРѕ 
Р±С‹СЃС‚СЂРѕ РЅР°Р№С‚Рё Р»Р°РІРєСѓ СЂРµРјРµСЃР»РµРЅРЅРёРєР°, РґРѕРј Р·РЅР°С…Р°СЂСЏ, РєРѕРЅСЋС€РЅСЋ Рё РґРѕРј СЃС‚Р°СЂРµР№С€РёРЅС‹.
Р’ СЋР¶РЅРѕР№ С‡Р°СЃС‚Рё РґРµСЂРµРІРЅРё РїРѕСЃРµР»РёР»РёСЃСЊ РІРѕСЂРѕР¶РµРё.

[1;33m[1;31m[0;0m
[0;32m60H[0;37m [0;32m98M[0;37m 1073Рѕ Р—Р°СѓС‡:0 Р’С‹С…:РЎР’Р®Р—> ящР’Р°Рј СЃС‚РѕРёС‚ РґРѕСЃС‚РёС‡СЊ С…РѕС‚СЏ Р±С‹ 8 СѓСЂРѕРІРЅСЏ, С‡С‚РѕР±С‹ РїРѕР»СЊР·РѕРІР°С‚СЊСЃСЏ Р±Р°Р·Р°СЂРѕРј.

[0;32m60H[0;37m [0;32m99M[0;37m 1073Рѕ Р—Р°СѓС‡:0 Р’С‹С…:РЎР’Р®Р—> ящР’С‹ РїРѕРїР»РµР»РёСЃСЊ РЅР° Р·Р°РїР°Рґ.
[1;36mРЇРјР° [5070][0;37m
   РЇРјРѕР№ РЅР°Р·С‹РІР°Р»Р°СЃСЊ РїРѕС‡С‚РѕРІР°СЏ СЃС‚Р°РЅС†РёСЏ, РЅР° РєРѕС‚РѕСЂРѕР№ РІРµС‡РЅРѕ РїСЊСЏРЅС‹Рµ СЏРјС‰РёРєРё РјРµРЅСЏР»Рё
Р»РѕС€Р°РґРµР№ РІРѕ РІСЂРµРјСЏ РґРѕСЂРѕРіРё РґР°Р»СЊРЅРµР№.  РўСѓС‚ Р¶Рµ РјРѕР¶РЅРѕ РЅР°РЅСЏС‚СЊ Рё РіРѕРЅС†Р° РїРѕС‡С‚Рё РІ Р»СЋР±СѓСЋ
С‚РѕС‡РєСѓ Р СѓСЃРё РЅРµРѕР±СЉСЏС‚РЅРѕР№.    

[1;33m[1;31mРЇРјС‰РёРє РіРѕС‚РѕРІ РїРѕРјРѕС‡СЊ РІР°Рј РґРѕСЃС‚Р°РІРёС‚СЊ РІРµСЃС‚РѕС‡РєСѓ СЂРѕРґРЅС‹Рј Рё Р±Р»РёР·РєРёРј.
[0;0m
[0;32m60H[0;37m [0;32m98M[0;37m 1073Рѕ Р—Р°СѓС‡:0 Р’С‹С…:Р’> ящР’С‹ РїРѕРїР»РµР»РёСЃСЊ РЅР° РІРѕСЃС‚РѕРє.
[1;36mРџРµСЂРµРґ РїРѕСЃС‚РѕСЏР»С‹Рј РґРІРѕСЂРѕРј [5005][0;37m
   Р§СѓС‚СЊ РЅРµ СЃРїРѕС‚РєРЅСѓРІС€РёСЃСЊ Рѕ РґРѕСЃРєСѓ, Р»РµР¶Р°С‰СѓСЋ СЃСЂР°Р·Сѓ Сѓ РїРѕСЂРѕРіР° РїРѕСЃС‚РѕСЏР»РѕРіРѕ РґРІРѕСЂР°,
РІС‹ РѕРєР°Р·Р°Р»РёСЃСЊ РЅР° С†РµРЅС‚СЂР°Р»СЊРЅРѕР№ СѓР»РёС†Рµ РґРµСЂРµРІРЅРё. РРјРµРЅРЅРѕ РЅР° СЌС‚РѕР№ СѓР»РёС†Рµ РјРѕР¶РЅРѕ 
Р±С‹СЃС‚СЂРѕ РЅР°Р№С‚Рё Р»Р°РІРєСѓ СЂРµРјРµСЃР»РµРЅРЅРёРєР°, РґРѕРј Р·РЅР°С…Р°СЂСЏ, РєРѕРЅСЋС€РЅСЋ Рё РґРѕРј СЃС‚Р°СЂРµР№С€РёРЅС‹.
Р’ СЋР¶РЅРѕР№ С‡Р°СЃС‚Рё РґРµСЂРµРІРЅРё РїРѕСЃРµР»РёР»РёСЃСЊ РІРѕСЂРѕР¶РµРё.

[1;33m[1;31m[0;0m
[0;32m60H[0;37m [0;32m98M[0;37m 1073Рѕ Р—Р°СѓС‡:0 Р’С‹С…:РЎР’Р®Р—> ящР’Р°Рј СЃС‚РѕРёС‚ РґРѕСЃС‚РёС‡СЊ С…РѕС‚СЏ Р±С‹ 8 СѓСЂРѕРІРЅСЏ, С‡С‚РѕР±С‹ РїРѕР»СЊР·РѕРІР°С‚СЊСЃСЏ Р±Р°Р·Р°СЂРѕРј.

[0;32m60H[0;37m [0;32m99M[0;37m 1073Рѕ Р—Р°СѓС‡:0 Р’С‹С…:РЎР’Р®Р—> ящР’С‹ РїРѕРїР»РµР»РёСЃСЊ РЅР° Р·Р°РїР°Рґ.
[1;36mРЇРјР° [5070][0;37m
   РЇРјРѕР№ РЅР°Р·С‹РІР°Р»Р°СЃСЊ РїРѕС‡С‚РѕРІР°СЏ СЃС‚Р°РЅС†РёСЏ, РЅР° РєРѕС‚РѕСЂРѕР№ РІРµС‡РЅРѕ РїСЊСЏРЅС‹Рµ СЏРјС‰РёРєРё РјРµРЅСЏР»Рё
Р»РѕС€Р°РґРµР№ РІРѕ РІСЂРµРјСЏ РґРѕСЂРѕРіРё РґР°Р»СЊРЅРµР№.  РўСѓС‚ Р¶Рµ РјРѕР¶РЅРѕ РЅР°РЅСЏС‚СЊ Рё РіРѕРЅС†Р° РїРѕС‡С‚Рё РІ Р»СЋР±СѓСЋ
С‚РѕС‡РєСѓ Р СѓСЃРё РЅРµРѕР±СЉСЏС‚РЅРѕР№.    

[1;33m[1;31mРЇРјС‰РёРє РіРѕС‚РѕРІ РїРѕРјРѕС‡СЊ РІР°Рј РґРѕСЃС‚Р°РІРёС‚СЊ РІРµСЃС‚РѕС‡РєСѓ СЂРѕРґРЅС‹Рј Рё Р±Р»РёР·РєРёРј.
[0;0m
[0;32m60H[0;37m [0;32m98M[0;37m 1073Рѕ Р—Р°СѓС‡:0 Р’С‹С…:Р’> ящР’С‹ РїРѕРїР»РµР»РёСЃСЊ РЅР° РІРѕСЃС‚РѕРє.
[1;36mРџРµСЂРµРґ РїРѕСЃС‚РѕСЏР»С‹Рј РґРІРѕСЂРѕРј [5005][0;37m
   Р§СѓС‚СЊ РЅРµ СЃРїРѕС‚РєРЅСѓРІС€РёСЃСЊ Рѕ РґРѕСЃРєСѓ, Р»РµР¶Р°С‰СѓСЋ СЃСЂР°Р·Сѓ Сѓ РїРѕСЂРѕРіР° РїРѕСЃС‚РѕСЏР»РѕРіРѕ РґРІРѕСЂР°,
РІС‹ РѕРєР°Р·Р°Р»РёСЃСЊ РЅР° С†РµРЅС‚СЂР°Р»СЊРЅРѕР№ СѓР»РёС†Рµ РґРµСЂРµРІРЅРё. РРјРµРЅРЅРѕ РЅР° СЌС‚РѕР№ СѓР»РёС†Рµ РјРѕР¶РЅРѕ 
Р±С‹СЃС‚СЂРѕ РЅР°Р№С‚Рё Р»Р°РІРєСѓ СЂРµРјРµСЃР»РµРЅРЅРёРєР°, РґРѕРј Р·РЅР°С…Р°СЂСЏ, РєРѕРЅСЋС€РЅСЋ Рё РґРѕРј СЃС‚Р°СЂРµР№С€РёРЅС‹.
Р’ СЋР¶РЅРѕР№ С‡Р°СЃС‚Рё РґРµСЂРµРІРЅРё РїРѕСЃРµР»РёР»РёСЃСЊ РІРѕСЂРѕР¶РµРё.

[1;33m[1;31m[0;0m
[0;32m60H[0;37m [0;32m98M[0;37m 1073Рѕ Р—Р°СѓС‡:0 Р’С‹С…:РЎР’Р®Р—> ящР’С‹ РїРѕРїР»РµР»РёСЃСЊ РЅР° СЋРі.
[1;36mР¦РµРЅС‚СЂ РґРµСЂРµРІРЅРё [5004][0;37m
   Р¦РµРЅС‚СЂР°Р»СЊРЅР°СЏ С‡Р°СЃС‚СЊ РґРµСЂРµРІРЅРё Р·Р°РїРѕР»РЅРµРЅР° РЅСѓР¶РЅС‹РјРё РІСЃРµРј РјР°СЃС‚РµСЂСЃРєРёРјРё Рё Р»Р°РІРєР°РјРё.
РЈРґР°С‡РЅРѕРµ РјРµСЃС‚Рѕ РґРµСЂРµРІРЅРё РІ РЅРµР·Р°РїР°РјСЏС‚РЅС‹Рµ РІСЂРµРјРµРЅР° РїСЂРёРІР»РµРєР»Рѕ СЃСЋРґР° С‚РѕСЂРіРѕРІС†РµРІ Рё
РјР°СЃС‚РµСЂРѕРІС‹С…, Рё СЃ С‚РµС… РїРѕСЂ РїРѕРІРµР»РѕСЃСЊ, С‡С‚Рѕ РІ СЌС‚РѕР№ С‡Р°СЃС‚Рё РґРµСЂРµРІРЅРё СЃС‚РѕСЏС‚ Р±РѕР»СЊС€РёРµ Рё
Р±РѕРіР°С‚С‹Рµ РґРѕРјР°. РЎРѕ РІСЃРµР№ РѕРєСЂСѓРіРё Рё РґР°Р¶Рµ РёР· РґР°Р»РµРєРѕР№ РіР»СѓС€Рё РїСЂРёС…РѕРґСЏС‚ Р»СЋРґРё СЃСЋРґР°
Р·Р° С‚РѕРІР°СЂРѕРј РєСѓРїРёС‚СЊ С‡С‚Рѕ, РїСЂРѕРґР°С‚СЊ С‡С‚Рѕ, Р·Р°РєР°Р·Р°С‚СЊ С‡С‚Рѕ.

[1;33m[1;31mР‘Р°Р·Р°СЂРЅС‹Р№ Р·Р°Р·С‹РІР°Р»Р° СЃС‚РѕРёС‚ Р·РґРµСЃСЊ, Р·С‹С‡РЅС‹Рј РіРѕР»РѕСЃРѕРј СЂР°СЃС…РІР°Р»РёРІР°СЏ РІС‹СЃС‚Р°РІР»РµРЅРЅС‹Р№ С‚РѕРІР°СЂ.
[0;0m
[0;32m60H[0;37m [0;32m98M[0;37m 1073Рѕ Р—Р°СѓС‡:0 Р’С‹С…:РЎР®Р—> ящР’С‹ РїРѕРїР»РµР»РёСЃСЊ РЅР° Р·Р°РїР°Рґ.
[1;36mРЈ РєРѕР»РѕРґС†Р° [5011][0;37m
   РҐРѕСЂРѕС€Р° РІРѕРґРёС†Р°, СЃРєРѕР»СЊРєРѕ РЅРµ РІС‹РїСЊРµС€СЊ РІСЃРµ СЂР°РІРЅРѕ РјР°Р»Рѕ. РЎС‚Р°СЂС‹Р№ РєРѕР»РѕРґРµС† РіРѕРІРѕСЂСЏС‚
РєРѕРїР°Р» РµС‰Рµ РїРµСЂРІС‹Р№ РѕСЃРЅРѕРІР°С‚РµР»СЊ РґРµСЂРµРІРЅРё. РћРЅ Р»РёС‡РЅРѕ РЅР°С€РµР» РјРµСЃС‚Рѕ, РІС‹РєРѕРїР°Р» Рё СЃРѕРѕСЂСѓРґРёР»
РєРѕР»РѕРґРµС†. РЎ С‚РµС… РїРѕСЂ РЅРµ РёСЃСЃСЏРєР°РµС‚ РІРѕРґР° РІ РєРѕР»РѕРґС†Рµ, Р° РїРѕРїСЂРѕР±РѕРІР°С‚СЊ РµРµ РїСЂРёРµР·Р¶Р°СЋС‚ РёР·
РґР°Р»РµРєРёС… РјРµСЃС‚.

[1;33mРљРѕР»РѕРґРµС† РІС‹РєРѕРїР°РЅ Р·РґРµСЃСЊ.
[1;31m[0;0m
[0;32m60H[0;37m [0;32m98M[0;37m 1073Рѕ Р—Р°СѓС‡:0 Р’С‹С…:Р’> ящР’С‹ РІС‹РїРёР»Рё РІРѕРґС‹ РёР· РєРѕР»РѕРґС†Р°.

[0;32m60H[0;37m [0;32m99M[0;37m 1073Рѕ Р—Р°СѓС‡:0 Р’С‹С…:Р’> ящР’С‹ РІС‹РїРёР»Рё РІРѕРґС‹ РёР· РєРѕР»РѕРґС†Р°.
Р’С‹ РЅРµ С‡СѓРІСЃС‚РІСѓРµС‚Рµ Р¶Р°Р¶РґС‹.

[0;32m60H[0;37m [0;32m99M[0;37m 1073Рѕ Р—Р°СѓС‡:0 Р’С‹С…:Р’> ящР’С‹ РїРѕРїР»РµР»РёСЃСЊ РЅР° РІРѕСЃС‚РѕРє.
[1;36mР¦РµРЅС‚СЂ РґРµСЂРµРІРЅРё [5004][0;37m
   Р¦РµРЅС‚СЂР°Р»СЊРЅР°СЏ С‡Р°СЃС‚СЊ РґРµСЂРµРІРЅРё Р·Р°РїРѕР»РЅРµРЅР° РЅСѓР¶РЅС‹РјРё РІСЃРµРј РјР°СЃС‚РµСЂСЃРєРёРјРё Рё Р»Р°РІРєР°РјРё.
РЈРґР°С‡РЅРѕРµ РјРµСЃС‚Рѕ РґРµСЂРµРІРЅРё РІ РЅРµР·Р°РїР°РјСЏС‚РЅС‹Рµ РІСЂРµРјРµРЅР° РїСЂРёРІР»РµРєР»Рѕ СЃСЋРґР° С‚РѕСЂРіРѕРІС†РµРІ Рё
РјР°СЃС‚РµСЂРѕРІС‹С…, Рё СЃ С‚РµС… РїРѕСЂ РїРѕРІРµР»РѕСЃСЊ, С‡С‚Рѕ РІ СЌС‚РѕР№ С‡Р°СЃС‚Рё РґРµСЂРµРІРЅРё СЃС‚РѕСЏС‚ Р±РѕР»СЊС€РёРµ Рё
Р±РѕРіР°С‚С‹Рµ РґРѕРјР°. РЎРѕ РІСЃРµР№ РѕРєСЂСѓРіРё Рё РґР°Р¶Рµ РёР· РґР°Р»РµРєРѕР№ РіР»СѓС€Рё РїСЂРёС…РѕРґСЏС‚ Р»СЋРґРё СЃСЋРґР°
Р·Р° С‚РѕРІР°СЂРѕРј РєСѓРїРёС‚СЊ С‡С‚Рѕ, РїСЂРѕРґР°С‚СЊ С‡С‚Рѕ, Р·Р°РєР°Р·Р°С‚СЊ С‡С‚Рѕ.

[1;33m[1;31mР‘Р°Р·Р°СЂРЅС‹Р№ Р·Р°Р·С‹РІР°Р»Р° СЃС‚РѕРёС‚ Р·РґРµСЃСЊ, Р·С‹С‡РЅС‹Рј РіРѕР»РѕСЃРѕРј СЂР°СЃС…РІР°Р»РёРІР°СЏ РІС‹СЃС‚Р°РІР»РµРЅРЅС‹Р№ С‚РѕРІР°СЂ.
[0;0m
[0;32m60H[0;37m [0;32m98M[0;37m 1073Рѕ Р—Р°СѓС‡:0 Р’С‹С…:РЎР®Р—> ящР’С‹ РїРѕРїР»РµР»РёСЃСЊ РЅР° СЋРі.
[1;36mРџРµСЂРµРґ РєРѕРЅСЋС€РЅРµР№ [5003][0;37m
   Р¦РµРЅС‚СЂР°Р»СЊРЅР°СЏ С‡Р°СЃС‚СЊ РґРµСЂРµРІРЅРё Р·Р°РїРѕР»РЅРµРЅР° РЅСѓР¶РЅС‹РјРё РІСЃРµРј РјР°СЃС‚РµСЂСЃРєРёРјРё Рё Р»Р°РІРєР°РјРё.
РЈРґР°С‡РЅРѕРµ РјРµСЃС‚Рѕ РґРµСЂРµРІРЅРё РІ РЅРµР·Р°РїР°РјСЏС‚РЅС‹Рµ РІСЂРµРјРµРЅР° РїСЂРёРІР»РµРєР»Рѕ СЃСЋРґР° С‚РѕСЂРіРѕРІС†РµРІ Рё
РјР°СЃС‚РµСЂРѕРІС‹С…, Рё СЃ С‚РµС… РїРѕСЂ РїРѕРІРµР»РѕСЃСЊ, С‡С‚Рѕ РІ СЌС‚РѕР№ С‡Р°СЃС‚Рё РґРµСЂРµРІРЅРё СЃС‚РѕСЏС‚ Р±РѕР»СЊС€РёРµ Рё
Р±РѕРіР°С‚С‹Рµ РґРѕРјР°. РЎРѕ РІСЃРµР№ РѕРєСЂСѓРіРё Рё РґР°Р¶Рµ РёР· РґР°Р»РµРєРѕР№ РіР»СѓС€Рё РїСЂРёС…РѕРґСЏС‚ Р»СЋРґРё СЃСЋРґР°
Р·Р° С‚РѕРІР°СЂРѕРј РєСѓРїРёС‚СЊ С‡С‚Рѕ, РїСЂРѕРґР°С‚СЊ С‡С‚Рѕ, Р·Р°РєР°Р·Р°С‚СЊ С‡С‚Рѕ.

[1;33mР—РґРµСЃСЊ Р»РµР¶РёС‚ РјРѕСЂРєРѕРІСЊ.
[1;31mРњРµСЃС‚РЅР°СЏ Р¶РёС‚РµР»СЊРЅРёС†Р° РёРґРµС‚ РїРѕ СЃРІРѕРёРј РґРµР»Р°Рј.
РњРµСЃС‚РЅС‹Р№ Р¶РёС‚РµР»СЊ РёРґРµС‚ Р·РґРµСЃСЊ.
[0;0m
[0;32m60H[0;37m [0;32m97M[0;37m 1073Рѕ Р—Р°СѓС‡:0 Р’С‹С…:РЎР’Р®Р—> ящР’С‹ РїРѕРїР»РµР»РёСЃСЊ РЅР° РІРѕСЃС‚РѕРє.
[1;36mРљРѕРЅСЋС€РЅСЏ [5002][0;37m
   РџРѕРєРѕСЃРёРІС€РёРµСЃСЏ РІРѕСЂРѕС‚Р° Р¶Р°Р»РѕР±РЅРѕ СЃРєСЂРёРїСЏС‚ РЅР° РЅРµСЃРјР°Р·Р°РЅРЅС‹С… РїРµС‚Р»СЏС…. Р’РґРѕР»СЊ СЃС‚РµРЅ
СЂР°СЃРїРѕР»РѕР¶РµРЅС‹ СЃС‚РѕР№Р»Р° СЃ Р»РѕС€Р°РґСЊРјРё. Р—РґРµСЃСЊ РјРѕР¶РЅРѕ РѕСЃС‚Р°РІРёС‚СЊ СЃРІРѕРµРіРѕ РІРµСЂРЅРѕРіРѕ СЃРєР°РєСѓРЅР°
РёР»Рё РІС‹Р±СЂР°С‚СЊ РЅРѕРІРѕРіРѕ Р·Р° СѓРјРµСЂРµРЅРЅСѓСЋ РїР»Р°С‚Сѓ. Р‘РµР·Р»РѕС€Р°РґРЅС‹Рј РґР°Р»РµРєРѕ РЅРµ СѓР№РґРµС€СЊ РїРѕ
Р±РµСЃРєСЂР°Р№РЅРёРј РїСЂРѕСЃС‚РѕСЂР°Рј СЂСѓСЃСЃРєРёРј.

[1;33mРќРµРјРЅРѕРіРѕ РѕС‚СЂСѓР±РµР№ РїСЂРѕСЃС‹РїР°РЅРѕ Р·РґРµСЃСЊ.
[1;31mРљРѕРЅСЊ СЃС‚РѕРёС‚ Р·РґРµСЃСЊ.
РљРѕРЅСЊ СЃС‚РѕРёС‚ Р·РґРµСЃСЊ.
РљРѕРЅСЊ СЃС‚РѕРёС‚ Р·РґРµСЃСЊ.
РљРѕРЅСЋС… СЃС‚РѕРёС‚ Р·РґРµСЃСЊ, СЃ РёРЅС‚РµСЂРµСЃРѕРј РїРѕРіР»СЏРґС‹РІР°СЏ РїРѕ СЃС‚РѕСЂРѕРЅР°Рј.
[0;0m
[0;32m60H[0;37m [0;32m98M[0;37m 1073Рѕ Р—Р°СѓС‡:0 Р’С‹С…:Р—> ящ
[1;33mР‘Р°Р·Р°СЂ : РЅРѕРІС‹Р№ Р»РѕС‚ (10) - С€С‚Р°РЅС‹ РёР· РґРѕР±СЂРѕС‚РЅРѕР№ С€РєСѓСЂС‹ С…Р°СѓСЃР° СЃ С€РµСЂСЃС‚СЏРЅРѕР№ РЅРёС‚СЊСЋ Рё РєРѕСЃС‚СЏРЅРѕР№ РїСѓРіРѕРІРёС†РµР№ - С†РµРЅР° 7000 РєСѓРЅ. 

[0;0m
[0;32m60H[0;37m [0;32m99M[0;37m 1073Рѕ Р—Р°СѓС‡:0 Р’С‹С…:Р—> ящР’С‹ РїРѕРїР»РµР»РёСЃСЊ РЅР° Р·Р°РїР°Рґ.
[1;36mРџРµСЂРµРґ РєРѕРЅСЋС€РЅРµР№ [5003][0;37m
   Р¦РµРЅС‚СЂР°Р»СЊРЅР°СЏ С‡Р°СЃС‚СЊ РґРµСЂРµРІРЅРё Р·Р°РїРѕР»РЅРµРЅР° РЅСѓР¶РЅС‹РјРё РІСЃРµРј РјР°СЃС‚РµСЂСЃРєРёРјРё Рё Р»Р°РІРєР°РјРё.
РЈРґР°С‡РЅРѕРµ РјРµСЃС‚Рѕ РґРµСЂРµРІРЅРё РІ РЅРµР·Р°РїР°РјСЏС‚РЅС‹Рµ РІСЂРµРјРµРЅР° РїСЂРёРІР»РµРєР»Рѕ СЃСЋРґР° С‚РѕСЂРіРѕРІС†РµРІ Рё
РјР°СЃС‚РµСЂРѕРІС‹С…, Рё СЃ С‚РµС… РїРѕСЂ РїРѕРІРµР»РѕСЃСЊ, С‡С‚Рѕ РІ СЌС‚РѕР№ С‡Р°СЃС‚Рё РґРµСЂРµРІРЅРё СЃС‚РѕСЏС‚ Р±РѕР»СЊС€РёРµ Рё
Р±РѕРіР°С‚С‹Рµ РґРѕРјР°. РЎРѕ РІСЃРµР№ РѕРєСЂСѓРіРё Рё РґР°Р¶Рµ РёР· РґР°Р»РµРєРѕР№ РіР»СѓС€Рё РїСЂРёС…РѕРґСЏС‚ Р»СЋРґРё СЃСЋРґР°
Р·Р° С‚РѕРІР°СЂРѕРј РєСѓРїРёС‚СЊ С‡С‚Рѕ, РїСЂРѕРґР°С‚СЊ С‡С‚Рѕ, Р·Р°РєР°Р·Р°С‚СЊ С‡С‚Рѕ.

[1;33mР—РґРµСЃСЊ Р»РµР¶РёС‚ РјРѕСЂРєРѕРІСЊ.
[1;31mРњРµСЃС‚РЅР°СЏ Р¶РёС‚РµР»СЊРЅРёС†Р° РёРґРµС‚ РїРѕ СЃРІРѕРёРј РґРµР»Р°Рј.
РњРµСЃС‚РЅС‹Р№ Р¶РёС‚РµР»СЊ РёРґРµС‚ Р·РґРµСЃСЊ.
[0;0m
[0;32m60H[0;37m [0;32m98M[0;37m 1073Рѕ Р—Р°СѓС‡:0 Р’С‹С…:РЎР’Р®Р—> ящР’С‹ РїРѕРїР»РµР»РёСЃСЊ РЅР° СЋРі.
[1;36mР¦РµРЅС‚СЂ РґРµСЂРµРІРЅРё [5009][0;37m
   Р¦РµРЅС‚СЂР°Р»СЊРЅР°СЏ С‡Р°СЃС‚СЊ РґРµСЂРµРІРЅРё Р·Р°РїРѕР»РЅРµРЅР° РЅСѓР¶РЅС‹РјРё РІСЃРµРј РјР°СЃС‚РµСЂСЃРєРёРјРё Рё Р»Р°РІРєР°РјРё.
РЈРґР°С‡РЅРѕРµ РјРµСЃС‚Рѕ РґРµСЂРµРІРЅРё РІ РЅРµР·Р°РїР°РјСЏС‚РЅС‹Рµ РІСЂРµРјРµРЅР° РїСЂРёРІР»РµРєР»Рѕ СЃСЋРґР° С‚РѕСЂРіРѕРІС†РµРІ Рё
РјР°СЃС‚РµСЂРѕРІС‹С…, Рё СЃ С‚РµС… РїРѕСЂ РїРѕРІРµР»РѕСЃСЊ, С‡С‚Рѕ РІ СЌС‚РѕР№ С‡Р°СЃС‚Рё РґРµСЂРµРІРЅРё СЃС‚РѕСЏС‚ Р±РѕР»СЊС€РёРµ Рё
Р±РѕРіР°С‚С‹Рµ РґРѕРјР°. РЎРѕ РІСЃРµР№ РѕРєСЂСѓРіРё Рё РґР°Р¶Рµ РёР· РґР°Р»РµРєРѕР№ РіР»СѓС€Рё РїСЂРёС…РѕРґСЏС‚ Р»СЋРґРё СЃСЋРґР°
Р·Р° С‚РѕРІР°СЂРѕРј РєСѓРїРёС‚СЊ С‡С‚Рѕ, РїСЂРѕРґР°С‚СЊ С‡С‚Рѕ, Р·Р°РєР°Р·Р°С‚СЊ С‡С‚Рѕ.

[1;33m[1;31mРњРµСЃС‚РЅР°СЏ Р¶РёС‚РµР»СЊРЅРёС†Р° РёРґРµС‚ РїРѕ СЃРІРѕРёРј РґРµР»Р°Рј.
РњРµСЃС‚РЅС‹Р№ Р¶РёС‚РµР»СЊ РёРґРµС‚ Р·РґРµСЃСЊ.
[0;0m
[0;32m60H[0;37m [0;32m98M[0;37m 1073Рѕ Р—Р°СѓС‡:0 Р’С‹С…:РЎР’Р®Р—> ящР’С‹ РїРѕРїР»РµР»РёСЃСЊ РЅР° РІРѕСЃС‚РѕРє.
[1;36mР”РІРѕСЂ СЃС‚Р°СЂРµР№С€РёРЅС‹ [5030][0;37m
   Р­С‚Рѕ СЃР°РјС‹Р№ Р±РѕР»СЊС€РѕР№ РґРІРѕСЂ РІ РґРµСЂРµРІРЅРё. Р—РґРµСЃСЊ РїСЂРѕРёСЃС…РѕРґСЏС‚ СЃС…РѕРґС‹ Р¶РёС‚РµР»РµР№ РґР»СЏ 
СЂРµС€РµРЅРёСЏ РѕР±С‰РёС… РїСЂРѕР±Р»РµРј. РљР°Р¶РґС‹Р№ РјРѕР¶РµС‚ РІС‹СЃРєР°Р·Р°С‚СЊСЃСЏ РЅР° СЌС‚РѕРј СЃРѕР±СЂР°РЅРёРё РЅРµР·Р°РІРёСЃРёРјРѕ
РѕС‚ СЃРІРѕРµРіРѕ СЃС‚Р°С‚СѓСЃР°. РРјРµРЅРЅРѕ Р·РґРµСЃСЊ СЂРµС€Р°СЋС‚СЃСЏ СЃСЃРѕСЂС‹, РЅР°РєР°Р·С‹РІР°СЋС‚СЃСЏ СЃРѕРІРµСЂС€РёРІС€РёРµ
РїР»РѕС…РёРµ РїСЂРѕСЃС‚СѓРїРєРё.

[1;33mРќРµРјРЅРѕРіРѕ РѕС‚СЂСѓР±РµР№ РїСЂРѕСЃС‹РїР°РЅРѕ Р·РґРµСЃСЊ.
[1;31mР•С„РёРјРёР№, Р±СЂР°С‚ РґРµСЂРµРІРµРЅСЃРєРѕРіРѕ СЃС‚Р°СЂРѕСЃС‚С‹, СЃС‚РѕРёС‚ Р·РґРµСЃСЊ.
[0;0m
[0;32m60H[0;37m [0;32m97M[0;37m 1073Рѕ Р—Р°СѓС‡:0 Р’С‹С…:Р’Р—> ящР’С‹ РїРѕРїР»РµР»РёСЃСЊ РЅР° РІРѕСЃС‚РѕРє.
[1;36mР’ РґРѕРјРµ СЃС‚Р°СЂРµР№С€РёРЅС‹ [5031][0;37m
   РЎРѕСЃС‚РѕСЏС‰РёР№ РёР· РґРІСѓС… РїСЏС‚РёСЃС‚РµРЅРєРѕРІ РґРѕРј РїРѕСЂР°Р¶Р°РµС‚ СЃРІРѕРёРјРё СЂР°Р·РјРµСЂР°РјРё. Р—РґРµСЃСЊ РјРѕРіР»Рё
Р±С‹ СЂР°Р·РјРµСЃС‚РёС‚СЊСЃСЏ С‡РµС‚С‹СЂРµ РёР»Рё РїСЏС‚СЊ РѕР±С‹С‡РЅС‹С… РґРѕРјРѕРј. Р”РІРµ РїРµС‡Рё, РЅРµСЃРєРѕР»СЊРєРѕ РєРѕРјРЅР°С‚,
РІ СЃР°РјРѕР№ Р±РѕР»СЊС€РѕР№ РёР· РєРѕС‚РѕСЂС‹С… РІС‹ СЃРµР№С‡Р°СЃ Рё РЅР°С…РѕРґРёС‚РµСЃСЊ. Р—РґРµСЃСЊ РѕРґРЅРѕРІСЂРµРјРµРЅРЅРѕ РјРѕР¶РµС‚
РЅР°С…РѕРґРёС‚СЃСЏ РЅРµ РѕРґРёРЅ РґРµСЃСЏС‚РѕРє С‡РµР»РѕРІРµРє.

[1;33mРЈ РІР°С€РёС… РЅРѕРі Р»РµР¶РёС‚ РіР»РёРЅСЏРЅР°СЏ РїР»РѕС€РєР°.
[1;31mРЎРµРґРѕР№ РєСЂРµРїРєРёР№ РјСѓР¶С‡РёРЅР° СЃС‚РѕРёС‚ Р·РґРµСЃСЊ.
...СЃРІРµС‚РёС‚СЃСЏ СЏСЂРєРёРј СЃРёСЏРЅРёРµРј 
[0;0m
[0;32m60H[0;37m [0;32m97M[0;37m 1073Рѕ Р—Р°СѓС‡:0 Р’С‹С…:Р®Р—> ящР’С‹ РїРѕРїР»РµР»РёСЃСЊ РЅР° СЋРі.
[1;36mР’ СЃРІРµС‚Р»РѕР№ РєРѕРјРЅР°С‚Рµ [5032][0;37m
   РўРёС…Р°СЏ СЃРІРµС‚Р»Р°СЏ РєРѕРјРЅР°С‚Р° Р·РЅР°С‡РёС‚РµР»СЊРЅРѕ РјРµРЅСЊС€Рµ РїСЂРµРґС‹РґСѓС‰РµР№, РЅРѕ Рё СЃСЋРґР° РїРѕСЃС‚РѕСЏРЅРЅРѕ
Р·Р°С…РѕРґСЏС‚ Р»СЋРґРё. Р—РґРµСЃСЊ РІ СЃР»СѓС‡Р°Рµ РЅРµРѕР±С…РѕРґРёРјРѕСЃС‚Рё РјРѕР¶РЅРѕ РѕСЃС‚Р°РІРёС‚СЊ РЅР° С…СЂР°РЅРµРЅРёРµ СЃРІРѕРё
РґРµРЅСЊРіРё.

[1;33mР’Р°С€ РїРѕС…РѕРґРЅС‹Р№ СЃСѓРЅРґСѓС‡РѕРє СЃС‚РѕРёС‚ Р·РґРµСЃСЊ.
[1;31mР”РѕС‡РєР° СЃС‚Р°СЂРµР№С€РёРЅС‹ СЃС‚РѕРёС‚ Р·РґРµСЃСЊ.
Р”РѕСЂРѕРґРЅР°СЏ Р¶РµРЅС‰РёРЅР° СЃС‚РѕРёС‚ Р·РґРµСЃСЊ.
[0;0m
[0;32m60H[0;37m [0;32m96M[0;37m 1073Рѕ Р—Р°СѓС‡:0 Р’С‹С…:РЎ> ящ
Р”РѕС‡РєР° СЃРєР°Р·Р°Р»Р° Р’Р°Рј:
- Р­С… С‚С‹ РіРѕСЂРµРјС‹С‡РЅС‹Р№, РіРѕР»РѕРґРЅС‹Р№ РЅР°РІРµСЂРЅРѕРµ, РљР°СЂР°Р±С…Р°РЅ.
- Р§С‚Рѕ РјС‹ РЅРµС…СЂРёСЃС‚Рё С‡С‚РѕР±С‹ РЅРµ РЅР°РєРѕСЂРјРёС‚СЊ. 
- РЎРµР№С‡Р°СЃ, РїРѕРґРѕР¶РґРё...
Р’С‹ РїРѕР»РЅРѕСЃС‚СЊСЋ РЅР°СЃС‹С‚РёР»РёСЃСЊ.

[0;32m60H[0;37m [0;32m96M[0;37m 1073Рѕ Р—Р°СѓС‡:0 Р’С‹С…:РЎ> ящР’С‹ РїРѕРїР»РµР»РёСЃСЊ РЅР° СЃРµРІРµСЂ.
[1;36mР’ РґРѕРјРµ СЃС‚Р°СЂРµР№С€РёРЅС‹ [5031][0;37m
   РЎРѕСЃС‚РѕСЏС‰РёР№ РёР· РґРІСѓС… РїСЏС‚РёСЃС‚РµРЅРєРѕРІ РґРѕРј РїРѕСЂР°Р¶Р°РµС‚ СЃРІРѕРёРјРё СЂР°Р·РјРµСЂР°РјРё. Р—РґРµСЃСЊ РјРѕРіР»Рё
Р±С‹ СЂР°Р·РјРµСЃС‚РёС‚СЊСЃСЏ С‡РµС‚С‹СЂРµ РёР»Рё РїСЏС‚СЊ РѕР±С‹С‡РЅС‹С… РґРѕРјРѕРј. Р”РІРµ РїРµС‡Рё, РЅРµСЃРєРѕР»СЊРєРѕ РєРѕРјРЅР°С‚,
РІ СЃР°РјРѕР№ Р±РѕР»СЊС€РѕР№ РёР· РєРѕС‚РѕСЂС‹С… РІС‹ СЃРµР№С‡Р°СЃ Рё РЅР°С…РѕРґРёС‚РµСЃСЊ. Р—РґРµСЃСЊ РѕРґРЅРѕРІСЂРµРјРµРЅРЅРѕ РјРѕР¶РµС‚
РЅР°С…РѕРґРёС‚СЃСЏ РЅРµ РѕРґРёРЅ РґРµСЃСЏС‚РѕРє С‡РµР»РѕРІРµРє.

[1;33mРЈ РІР°С€РёС… РЅРѕРі Р»РµР¶РёС‚ РіР»РёРЅСЏРЅР°СЏ РїР»РѕС€РєР°.
[1;31mРЎРµРґРѕР№ РєСЂРµРїРєРёР№ РјСѓР¶С‡РёРЅР° СЃС‚РѕРёС‚ Р·РґРµСЃСЊ.
...СЃРІРµС‚РёС‚СЃСЏ СЏСЂРєРёРј СЃРёСЏРЅРёРµРј 
[0;0m
[0;32m60H[0;37m [0;32m98M[0;37m 1073Рѕ Р—Р°СѓС‡:0 Р’С‹С…:Р®Р—> ящРЇ РјРѕРіСѓ РЅР°СѓС‡РёС‚СЊ С‚РµР±СЏ СЃР»РµРґСѓСЋС‰РµРјСѓ:
- СѓРјРµРЅРёРµ [0;36m"РєСѓР»Р°С‡РЅС‹Р№ Р±РѕР№"[0;37m
- СѓРјРµРЅРёРµ [0;36m"РїР°Р»РёС†С‹ Рё РґСѓР±РёРЅС‹"[0;37m
- СѓРјРµРЅРёРµ [0;36m"РєРѕСЂРѕС‚РєРёРµ Р»РµР·РІРёСЏ"[0;37m
- СѓРјРµРЅРёРµ [0;36m"РёРЅРѕРµ РѕСЂСѓР¶РёРµ"[0;37m
- СѓРјРµРЅРёРµ [0;36m"РєРѕРїСЊСЏ Рё СЂРѕРіР°С‚РёРЅС‹"[0;37m
- СѓРјРµРЅРёРµ [0;36m"Р»СѓРєРё"[0;37m
- СЃРїРѕСЃРѕР±РЅРѕСЃС‚СЊ [0;36m"СЃР»РµРїРѕР№ Р±РѕР№"[0;37m
- СЃРїРѕСЃРѕР±РЅРѕСЃС‚СЊ [0;36m"РїСЊСЏРЅРёС†Р°"[0;37m
- СЃРїРѕСЃРѕР±РЅРѕСЃС‚СЊ [0;36m"Р»СЋР±РёРјРѕРµ РѕСЂСѓР¶РёРµ: РєРёРЅР¶Р°Р»"[0;37m
- СЃРїРѕСЃРѕР±РЅРѕСЃС‚СЊ [0;36m"РїСЂРёРІС‹С‡РєР° Рє СЏРґСѓ"[0;37m

[0;32m60H[0;37m [0;32m99M[0;37m 1073Рѕ Р—Р°СѓС‡:0 Р’С‹С…:Р®Р—> ящ
[1;31mРњРёРЅСѓР» С‡Р°СЃ.[0;37m

[0;32m60H[0;37m [0;32m99M[0;37m 1073Рѕ Р—Р°СѓС‡:0 Р’С‹С…:Р®Р—> ящР’С‹ РљР°СЂР°Р±С…Р°РЅ (Р СѓСЃРёС‡, РџРѕР»СЏРЅРёРЅ, РЇР·С‹С‡РЅРёРє, С‚Р°С‚СЊ 3 СѓСЂРѕРІРЅСЏ).

[1;31mР’РќРРњРђРќРР•![0;0m Р’Р°С€Рµ РёРјСЏ Р·Р°РїСЂРµС‰РµРЅРѕ Р±РѕРіР°РјРё.
РћС‡РµРЅСЊ СЃРєРѕСЂРѕ РІС‹ РїСЂРµРєСЂР°С‚РёС‚Рµ РїРѕР»СѓС‡Р°С‚СЊ РѕРїС‹С‚.

РЎРµР№С‡Р°СЃ РІР°Рј 17 Р»РµС‚. 
Р’С‹ РјРѕР¶РµС‚Рµ РІС‹РґРµСЂР¶Р°С‚СЊ 60(60) РµРґРёРЅРёС† РїРѕРІСЂРµР¶РґРµРЅРёСЏ, Рё РїСЂРѕР№С‚Рё 99(99) РІРµСЂСЃС‚ РїРѕ СЂРѕРІРЅРѕР№ РјРµСЃС‚РЅРѕСЃС‚Рё.
[1;36mР’Р°С€Рё С…Р°СЂР°РєС‚РµСЂРёСЃС‚РёРєРё :
  РЎРёР»Р° : 19(19)  РџРѕРґРІ : 25(26)  РўРµР»Рѕ : 17(17)  РњСѓРґСЂ :  9( 9)  РЈРј   :  9( 9)  РћР±Р°СЏРЅ: 16(16)
  Р Р°Р·РјРµСЂ  50( 50)  Р РѕСЃС‚   171(171)  Р’РµСЃ    152(152)[0;37m
[1;32mР’Р°С€Рё Р±РѕРµРІС‹Рµ РєР°С‡РµСЃС‚РІР° :
  Р—Р°С‰РёС‚Р°  (AC)     :   -1 - [1;33mР—Р°С‰РёС‚Р° С‡СѓС‚СЊ РІС‹С€Рµ СЃСЂРµРґРЅРµРіРѕ[1;32m
  Р‘СЂРѕРЅСЏ/РџРѕРіР»РѕС‰РµРЅРёРµ :    4/0[0;0m
Р’Р°С€ РѕРїС‹С‚ - 2927 РѕС‡РєРѕРІ, Сѓ РІР°СЃ РЅР° СЂСѓРєР°С… 0 РєСѓРЅ.
Р’Р°Рј РѕСЃС‚Р°Р»РѕСЃСЊ РЅР°Р±СЂР°С‚СЊ 1073 РѕС‡РєР° РґРѕ СЃР»РµРґСѓСЋС‰РµРіРѕ СѓСЂРѕРІРЅСЏ.
Р’С‹ РјРѕР¶РµС‚Рµ РІСЃС‚СѓРїРёС‚СЊ РІ РіСЂСѓРїРїСѓ СЃ РјР°РєСЃРёРјР°Р»СЊРЅРѕР№ СЂР°Р·РЅРёС†РµР№ РІ 5 СѓСЂРѕРІРЅРµР№ Р±РµР· РїРѕС‚РµСЂСЊ РґР»СЏ РѕРїС‹С‚Р°.
Р’С‹ РёРіСЂР°РµС‚Рµ 0 РґРЅРµР№ 1 С‡Р°СЃ СЂРµР°Р»СЊРЅРѕРіРѕ РІСЂРµРјРµРЅРё.
Р’С‹ СЃС‚РѕРёС‚Рµ.
[1;32m[0;37m[1;32mРўСѓС‚ РІС‹ С‡СѓРІСЃС‚РІСѓРµС‚Рµ СЃРµР±СЏ РІ Р±РµР·РѕРїР°СЃРЅРѕСЃС‚Рё.[0;37m

[0;32m60H[0;37m [0;32m99M[0;37m 1073Рѕ Р—Р°СѓС‡:0 Р’С‹С…:Р®Р—> ящР’С‹ РїРѕРїР»РµР»РёСЃСЊ РЅР° Р·Р°РїР°Рґ.
[1;36mР”РІРѕСЂ СЃС‚Р°СЂРµР№С€РёРЅС‹ [5030][0;37m
   Р­С‚Рѕ СЃР°РјС‹Р№ Р±РѕР»СЊС€РѕР№ РґРІРѕСЂ РІ РґРµСЂРµРІРЅРё. Р—РґРµСЃСЊ РїСЂРѕРёСЃС…РѕРґСЏС‚ СЃС…РѕРґС‹ Р¶РёС‚РµР»РµР№ РґР»СЏ 
СЂРµС€РµРЅРёСЏ РѕР±С‰РёС… РїСЂРѕР±Р»РµРј. РљР°Р¶РґС‹Р№ РјРѕР¶РµС‚ РІС‹СЃРєР°Р·Р°С‚СЊСЃСЏ РЅР° СЌС‚РѕРј СЃРѕР±СЂР°РЅРёРё РЅРµР·Р°РІРёСЃРёРјРѕ
РѕС‚ СЃРІРѕРµРіРѕ СЃС‚Р°С‚СѓСЃР°. РРјРµРЅРЅРѕ Р·РґРµСЃСЊ СЂРµС€Р°СЋС‚СЃСЏ СЃСЃРѕСЂС‹, РЅР°РєР°Р·С‹РІР°СЋС‚СЃСЏ СЃРѕРІРµСЂС€РёРІС€РёРµ
РїР»РѕС…РёРµ РїСЂРѕСЃС‚СѓРїРєРё.

[1;33mРќРµРјРЅРѕРіРѕ РѕС‚СЂСѓР±РµР№ РїСЂРѕСЃС‹РїР°РЅРѕ Р·РґРµСЃСЊ.
[1;31mР•С„РёРјРёР№, Р±СЂР°С‚ РґРµСЂРµРІРµРЅСЃРєРѕРіРѕ СЃС‚Р°СЂРѕСЃС‚С‹, СЃС‚РѕРёС‚ Р·РґРµСЃСЊ.
[0;0m
[0;32m60H[0;37m [0;32m98M[0;37m 1073Рѕ Р—Р°СѓС‡:0 Р’С‹С…:Р’Р—> ящР’С‹ РїРѕРїР»РµР»РёСЃСЊ РЅР° Р·Р°РїР°Рґ.
[1;36mР¦РµРЅС‚СЂ РґРµСЂРµРІРЅРё [5009][0;37m
   Р¦РµРЅС‚СЂР°Р»СЊРЅР°СЏ С‡Р°СЃС‚СЊ РґРµСЂРµРІРЅРё Р·Р°РїРѕР»РЅРµРЅР° РЅСѓР¶РЅС‹РјРё РІСЃРµРј РјР°СЃС‚РµСЂСЃРєРёРјРё Рё Р»Р°РІРєР°РјРё.
РЈРґР°С‡РЅРѕРµ РјРµСЃС‚Рѕ РґРµСЂРµРІРЅРё РІ РЅРµР·Р°РїР°РјСЏС‚РЅС‹Рµ РІСЂРµРјРµРЅР° РїСЂРёРІР»РµРєР»Рѕ СЃСЋРґР° С‚РѕСЂРіРѕРІС†РµРІ Рё
РјР°СЃС‚РµСЂРѕРІС‹С…, Рё СЃ С‚РµС… РїРѕСЂ РїРѕРІРµР»РѕСЃСЊ, С‡С‚Рѕ РІ СЌС‚РѕР№ С‡Р°СЃС‚Рё РґРµСЂРµРІРЅРё СЃС‚РѕСЏС‚ Р±РѕР»СЊС€РёРµ Рё
Р±РѕРіР°С‚С‹Рµ РґРѕРјР°. РЎРѕ РІСЃРµР№ РѕРєСЂСѓРіРё Рё РґР°Р¶Рµ РёР· РґР°Р»РµРєРѕР№ РіР»СѓС€Рё РїСЂРёС…РѕРґСЏС‚ Р»СЋРґРё СЃСЋРґР°
Р·Р° С‚РѕРІР°СЂРѕРј РєСѓРїРёС‚СЊ С‡С‚Рѕ, РїСЂРѕРґР°С‚СЊ С‡С‚Рѕ, Р·Р°РєР°Р·Р°С‚СЊ С‡С‚Рѕ.

[1;33m[1;31m[0;0m
[0;32m60H[0;37m [0;32m98M[0;37m 1073Рѕ Р—Р°СѓС‡:0 Р’С‹С…:РЎР’Р®Р—> ящР’С‹ РїРѕРїР»РµР»РёСЃСЊ РЅР° СЃРµРІРµСЂ.
[1;36mРџРµСЂРµРґ РєРѕРЅСЋС€РЅРµР№ [5003][0;37m
   Р¦РµРЅС‚СЂР°Р»СЊРЅР°СЏ С‡Р°СЃС‚СЊ РґРµСЂРµРІРЅРё Р·Р°РїРѕР»РЅРµРЅР° РЅСѓР¶РЅС‹РјРё РІСЃРµРј РјР°СЃС‚РµСЂСЃРєРёРјРё Рё Р»Р°РІРєР°РјРё.
РЈРґР°С‡РЅРѕРµ РјРµСЃС‚Рѕ РґРµСЂРµРІРЅРё РІ РЅРµР·Р°РїР°РјСЏС‚РЅС‹Рµ РІСЂРµРјРµРЅР° РїСЂРёРІР»РµРєР»Рѕ СЃСЋРґР° С‚РѕСЂРіРѕРІС†РµРІ Рё
РјР°СЃС‚РµСЂРѕРІС‹С…, Рё СЃ С‚РµС… РїРѕСЂ РїРѕРІРµР»РѕСЃСЊ, С‡С‚Рѕ РІ СЌС‚РѕР№ С‡Р°СЃС‚Рё РґРµСЂРµРІРЅРё СЃС‚РѕСЏС‚ Р±РѕР»СЊС€РёРµ Рё
Р±РѕРіР°С‚С‹Рµ РґРѕРјР°. РЎРѕ РІСЃРµР№ РѕРєСЂСѓРіРё Рё РґР°Р¶Рµ РёР· РґР°Р»РµРєРѕР№ РіР»СѓС€Рё РїСЂРёС…РѕРґСЏС‚ Р»СЋРґРё СЃСЋРґР°
Р·Р° С‚РѕРІР°СЂРѕРј РєСѓРїРёС‚СЊ С‡С‚Рѕ, РїСЂРѕРґР°С‚СЊ С‡С‚Рѕ, Р·Р°РєР°Р·Р°С‚СЊ С‡С‚Рѕ.

[1;33mР—РґРµСЃСЊ Р»РµР¶РёС‚ РјРѕСЂРєРѕРІСЊ.
[1;31mРњРµСЃС‚РЅР°СЏ Р¶РёС‚РµР»СЊРЅРёС†Р° РёРґРµС‚ РїРѕ СЃРІРѕРёРј РґРµР»Р°Рј.
РњРµСЃС‚РЅС‹Р№ Р¶РёС‚РµР»СЊ РёРґРµС‚ Р·РґРµСЃСЊ.
[0;0m
[0;32m60H[0;37m [0;32m98M[0;37m 1073Рѕ Р—Р°СѓС‡:0 Р’С‹С…:РЎР’Р®Р—> ящР’С‹ РїРѕРїР»РµР»РёСЃСЊ РЅР° СЃРµРІРµСЂ.
[1;36mР¦РµРЅС‚СЂ РґРµСЂРµРІРЅРё [5004][0;37m
   Р¦РµРЅС‚СЂР°Р»СЊРЅР°СЏ С‡Р°СЃС‚СЊ РґРµСЂРµРІРЅРё Р·Р°РїРѕР»РЅРµРЅР° РЅСѓР¶РЅС‹РјРё РІСЃРµРј РјР°СЃС‚РµСЂСЃРєРёРјРё Рё Р»Р°РІРєР°РјРё.
РЈРґР°С‡РЅРѕРµ РјРµСЃС‚Рѕ РґРµСЂРµРІРЅРё РІ РЅРµР·Р°РїР°РјСЏС‚РЅС‹Рµ РІСЂРµРјРµРЅР° РїСЂРёРІР»РµРєР»Рѕ СЃСЋРґР° С‚РѕСЂРіРѕРІС†РµРІ Рё
РјР°СЃС‚РµСЂРѕРІС‹С…, Рё СЃ С‚РµС… РїРѕСЂ РїРѕРІРµР»РѕСЃСЊ, С‡С‚Рѕ РІ СЌС‚РѕР№ С‡Р°СЃС‚Рё РґРµСЂРµРІРЅРё СЃС‚РѕСЏС‚ Р±РѕР»СЊС€РёРµ Рё
Р±РѕРіР°С‚С‹Рµ РґРѕРјР°. РЎРѕ РІСЃРµР№ РѕРєСЂСѓРіРё Рё РґР°Р¶Рµ РёР· РґР°Р»РµРєРѕР№ РіР»СѓС€Рё РїСЂРёС…РѕРґСЏС‚ Р»СЋРґРё СЃСЋРґР°
Р·Р° С‚РѕРІР°СЂРѕРј РєСѓРїРёС‚СЊ С‡С‚Рѕ, РїСЂРѕРґР°С‚СЊ С‡С‚Рѕ, Р·Р°РєР°Р·Р°С‚СЊ С‡С‚Рѕ.

[1;33m[1;31mР‘Р°Р·Р°СЂРЅС‹Р№ Р·Р°Р·С‹РІР°Р»Р° СЃС‚РѕРёС‚ Р·РґРµСЃСЊ, Р·С‹С‡РЅС‹Рј РіРѕР»РѕСЃРѕРј СЂР°СЃС…РІР°Р»РёРІР°СЏ РІС‹СЃС‚Р°РІР»РµРЅРЅС‹Р№ С‚РѕРІР°СЂ.
[0;0m
[0;32m60H[0;37m [0;32m98M[0;37m 1073Рѕ Р—Р°СѓС‡:0 Р’С‹С…:РЎР®Р—> ящР’С‹ РїРѕРїР»РµР»РёСЃСЊ РЅР° Р·Р°РїР°Рґ.
[1;36mРЈ РєРѕР»РѕРґС†Р° [5011][0;37m
   РҐРѕСЂРѕС€Р° РІРѕРґРёС†Р°, СЃРєРѕР»СЊРєРѕ РЅРµ РІС‹РїСЊРµС€СЊ РІСЃРµ СЂР°РІРЅРѕ РјР°Р»Рѕ. РЎС‚Р°СЂС‹Р№ РєРѕР»РѕРґРµС† РіРѕРІРѕСЂСЏС‚
РєРѕРїР°Р» РµС‰Рµ РїРµСЂРІС‹Р№ РѕСЃРЅРѕРІР°С‚РµР»СЊ РґРµСЂРµРІРЅРё. РћРЅ Р»РёС‡РЅРѕ РЅР°С€РµР» РјРµСЃС‚Рѕ, РІС‹РєРѕРїР°Р» Рё СЃРѕРѕСЂСѓРґРёР»
РєРѕР»РѕРґРµС†. РЎ С‚РµС… РїРѕСЂ РЅРµ РёСЃСЃСЏРєР°РµС‚ РІРѕРґР° РІ РєРѕР»РѕРґС†Рµ, Р° РїРѕРїСЂРѕР±РѕРІР°С‚СЊ РµРµ РїСЂРёРµР·Р¶Р°СЋС‚ РёР·
РґР°Р»РµРєРёС… РјРµСЃС‚.

[1;33mРљРѕР»РѕРґРµС† РІС‹РєРѕРїР°РЅ Р·РґРµСЃСЊ.
[1;31m[0;0m
[0;32m60H[0;37m [0;32m98M[0;37m 1073Рѕ Р—Р°СѓС‡:0 Р’С‹С…:Р’> ящР’С‹ РїРѕРїР»РµР»РёСЃСЊ РЅР° РІРѕСЃС‚РѕРє.
[1;36mР¦РµРЅС‚СЂ РґРµСЂРµРІРЅРё [5004][0;37m
   Р¦РµРЅС‚СЂР°Р»СЊРЅР°СЏ С‡Р°СЃС‚СЊ РґРµСЂРµРІРЅРё Р·Р°РїРѕР»РЅРµРЅР° РЅСѓР¶РЅС‹РјРё РІСЃРµРј РјР°СЃС‚РµСЂСЃРєРёРјРё Рё Р»Р°РІРєР°РјРё.
РЈРґР°С‡РЅРѕРµ РјРµСЃС‚Рѕ РґРµСЂРµРІРЅРё РІ РЅРµР·Р°РїР°РјСЏС‚РЅС‹Рµ РІСЂРµРјРµРЅР° РїСЂРёРІР»РµРєР»Рѕ СЃСЋРґР° С‚РѕСЂРіРѕРІС†РµРІ Рё
РјР°СЃС‚РµСЂРѕРІС‹С…, Рё СЃ С‚РµС… РїРѕСЂ РїРѕРІРµР»РѕСЃСЊ, С‡С‚Рѕ РІ СЌС‚РѕР№ С‡Р°СЃС‚Рё РґРµСЂРµРІРЅРё СЃС‚РѕСЏС‚ Р±РѕР»СЊС€РёРµ Рё
Р±РѕРіР°С‚С‹Рµ РґРѕРјР°. РЎРѕ РІСЃРµР№ РѕРєСЂСѓРіРё Рё РґР°Р¶Рµ РёР· РґР°Р»РµРєРѕР№ РіР»СѓС€Рё РїСЂРёС…РѕРґСЏС‚ Р»СЋРґРё СЃСЋРґР°
Р·Р° С‚РѕРІР°СЂРѕРј РєСѓРїРёС‚СЊ С‡С‚Рѕ, РїСЂРѕРґР°С‚СЊ С‡С‚Рѕ, Р·Р°РєР°Р·Р°С‚СЊ С‡С‚Рѕ.

[1;33m[1;31mР‘Р°Р·Р°СЂРЅС‹Р№ Р·Р°Р·С‹РІР°Р»Р° СЃС‚РѕРёС‚ Р·РґРµСЃСЊ, Р·С‹С‡РЅС‹Рј РіРѕР»РѕСЃРѕРј СЂР°СЃС…РІР°Р»РёРІР°СЏ РІС‹СЃС‚Р°РІР»РµРЅРЅС‹Р№ С‚РѕРІР°СЂ.
[0;0m
[0;32m60H[0;37m [0;32m98M[0;37m 1073Рѕ Р—Р°СѓС‡:0 Р’С‹С…:РЎР®Р—> ящР’С‹ РїРѕРїР»РµР»РёСЃСЊ РЅР° СЃРµРІРµСЂ.
[1;36mРџРµСЂРµРґ РїРѕСЃС‚РѕСЏР»С‹Рј РґРІРѕСЂРѕРј [5005][0;37m
   Р§СѓС‚СЊ РЅРµ СЃРїРѕС‚РєРЅСѓРІС€РёСЃСЊ Рѕ РґРѕСЃРєСѓ, Р»РµР¶Р°С‰СѓСЋ СЃСЂР°Р·Сѓ Сѓ РїРѕСЂРѕРіР° РїРѕСЃС‚РѕСЏР»РѕРіРѕ РґРІРѕСЂР°,
РІС‹ РѕРєР°Р·Р°Р»РёСЃСЊ РЅР° С†РµРЅС‚СЂР°Р»СЊРЅРѕР№ СѓР»РёС†Рµ РґРµСЂРµРІРЅРё. РРјРµРЅРЅРѕ РЅР° СЌС‚РѕР№ СѓР»РёС†Рµ РјРѕР¶РЅРѕ 
Р±С‹СЃС‚СЂРѕ РЅР°Р№С‚Рё Р»Р°РІРєСѓ СЂРµРјРµСЃР»РµРЅРЅРёРєР°, РґРѕРј Р·РЅР°С…Р°СЂСЏ, РєРѕРЅСЋС€РЅСЋ Рё РґРѕРј СЃС‚Р°СЂРµР№С€РёРЅС‹.
Р’ СЋР¶РЅРѕР№ С‡Р°СЃС‚Рё РґРµСЂРµРІРЅРё РїРѕСЃРµР»РёР»РёСЃСЊ РІРѕСЂРѕР¶РµРё.

[1;33m[1;31m[0;0m
[0;32m60H[0;37m [0;32m97M[0;37m 1073Рѕ Р—Р°СѓС‡:0 Р’С‹С…:РЎР’Р®Р—> ящР’С‹ РїРѕРїР»РµР»РёСЃСЊ РЅР° Р·Р°РїР°Рґ.
[1;36mРЇРјР° [5070][0;37m
   РЇРјРѕР№ РЅР°Р·С‹РІР°Р»Р°СЃСЊ РїРѕС‡С‚РѕРІР°СЏ СЃС‚Р°РЅС†РёСЏ, РЅР° РєРѕС‚РѕСЂРѕР№ РІРµС‡РЅРѕ РїСЊСЏРЅС‹Рµ СЏРјС‰РёРєРё РјРµРЅСЏР»Рё
Р»РѕС€Р°РґРµР№ РІРѕ РІСЂРµРјСЏ РґРѕСЂРѕРіРё РґР°Р»СЊРЅРµР№.  РўСѓС‚ Р¶Рµ РјРѕР¶РЅРѕ РЅР°РЅСЏС‚СЊ Рё РіРѕРЅС†Р° РїРѕС‡С‚Рё РІ Р»СЋР±СѓСЋ
С‚РѕС‡РєСѓ Р СѓСЃРё РЅРµРѕР±СЉСЏС‚РЅРѕР№.    

[1;33m[1;31mРЇРјС‰РёРє РіРѕС‚РѕРІ РїРѕРјРѕС‡СЊ РІР°Рј РґРѕСЃС‚Р°РІРёС‚СЊ РІРµСЃС‚РѕС‡РєСѓ СЂРѕРґРЅС‹Рј Рё Р±Р»РёР·РєРёРј.
[0;0m
[0;32m60H[0;37m [0;32m97M[0;37m 1073Рѕ Р—Р°СѓС‡:0 Р’С‹С…:Р’> ящР’С‹ РїРѕРїР»РµР»РёСЃСЊ РЅР° РІРѕСЃС‚РѕРє.
[1;36mРџРµСЂРµРґ РїРѕСЃС‚РѕСЏР»С‹Рј РґРІРѕСЂРѕРј [5005][0;37m
   Р§СѓС‚СЊ РЅРµ СЃРїРѕС‚РєРЅСѓРІС€РёСЃСЊ Рѕ РґРѕСЃРєСѓ, Р»РµР¶Р°С‰СѓСЋ СЃСЂР°Р·Сѓ Сѓ РїРѕСЂРѕРіР° РїРѕСЃС‚РѕСЏР»РѕРіРѕ РґРІРѕСЂР°,
РІС‹ РѕРєР°Р·Р°Р»РёСЃСЊ РЅР° С†РµРЅС‚СЂР°Р»СЊРЅРѕР№ СѓР»РёС†Рµ РґРµСЂРµРІРЅРё. РРјРµРЅРЅРѕ РЅР° СЌС‚РѕР№ СѓР»РёС†Рµ РјРѕР¶РЅРѕ 
Р±С‹СЃС‚СЂРѕ РЅР°Р№С‚Рё Р»Р°РІРєСѓ СЂРµРјРµСЃР»РµРЅРЅРёРєР°, РґРѕРј Р·РЅР°С…Р°СЂСЏ, РєРѕРЅСЋС€РЅСЋ Рё РґРѕРј СЃС‚Р°СЂРµР№С€РёРЅС‹.
Р’ СЋР¶РЅРѕР№ С‡Р°СЃС‚Рё РґРµСЂРµРІРЅРё РїРѕСЃРµР»РёР»РёСЃСЊ РІРѕСЂРѕР¶РµРё.

[1;33m[1;31m[0;0m
[0;32m60H[0;37m [0;32m98M[0;37m 1073Рѕ Р—Р°СѓС‡:0 Р’С‹С…:РЎР’Р®Р—> ящР’С‹ РїРѕРїР»РµР»РёСЃСЊ РЅР° СЃРµРІРµСЂ.
[1;36mРљ С†РµРЅС‚СЂСѓ РґРµСЂРµРІРЅРё [5006][0;37m
   РџРѕРЅРµРјРЅРѕРіСѓ РѕСЃС‚Р°СЋС‚СЃСЏ РїРѕР·Р°РґРё РіР»Р°РІРЅС‹Рµ РґРѕРјР° РґРµСЂРµРІРЅРё, Рё РІРѕРєСЂСѓРі РѕС‚РєСЂС‹РІР°РµС‚СЃСЏ РѕР±С‹С‡РЅС‹Р№
РґРµСЂРµРІРµРЅСЃРєРёР№ РІРёРґ. РљСЂРµРїРєРёРµ РґРѕРјР° СЃ РјР°Р»РµРЅСЊРєРёРјРё РѕРєРЅР°РјРё, РЅРѕ РЅРµРёР·РјРµРЅРЅС‹РјРё С‚СЂСѓР±Р°РјРё
РїРµС‡РµР№. РР·РіРѕСЂРѕРґСЊ, СЃС‚РѕСЏС‰Р°СЏ Р·Р° РґРѕРјР°РјРё РІРґРѕР»СЊ Р»РµСЃР° Рё Р·Р°С‰РёС‰Р°СЋС‰Р°СЏ РґРµСЂРµРІРЅСЋ СЃ С‚С‹Р»Р°. 
РќРµС‚РѕСЂРѕРїР»РёРІС‹Р№ Р»СЋРґ, РёРґСѓС‰РёР№ РїРѕ СЃРІРѕРёРј РёР·РІРµС‡РЅС‹Рј РґРµР»Р°Рј.

[1;33m[1;31m[0;0m
[0;32m60H[0;37m [0;32m97M[0;37m 1073Рѕ Р—Р°СѓС‡:0 Р’С‹С…:РЎР’Р®Р—> ящР’С‹ РїРѕРїР»РµР»РёСЃСЊ РЅР° Р·Р°РїР°Рґ.
[1;36mР—Р°Р±СЂРѕС€РµРЅРЅС‹Р№ РґРѕРј [5023][0;37m
   РЎ РІРёРґСѓ С…РѕСЂРѕС€РёР№ РґРѕРј СЃС‚РѕРёС‚ РЅР° С†РµРЅС‚СЂР°Р»СЊРЅРѕР№ СѓР»РёС†Рµ СЃСЂРµРґРё Р±РѕР»СЊС€РёС… Рё Р±РѕРіР°С‚С‹С…
РґРѕРјРѕРІ. Р—Р°РєРѕР»РѕС‡РµРЅС‹ СЃС‚Р°РІРЅРё, Р·Р°РїСѓСЃС‚РµРЅСЊРµ РІРѕ РґРІРѕСЂРµ. Р§С‚Рѕ Р·Р° РЅР°РїР°СЃС‚СЊ Р·Р°СЃС‚Р°РІРёР»Р° 
С…РѕР·СЏРµРІ РїРѕРєРёРЅСѓС‚СЊ СЃРІРѕРµ Р¶РёР»РёС‰Рµ Рё РёСЃРєР°С‚СЊ РЅРѕРІРѕРµ РјРµСЃС‚Рѕ.

[1;33m[1;31m[0;0m
[0;32m60H[0;37m [0;32m97M[0;37m 1073Рѕ Р—Р°СѓС‡:0 Р’С‹С…:Р’Р—> ящР’С‹ РїРѕРїР»РµР»РёСЃСЊ РЅР° Р·Р°РїР°Рґ.
[1;36mРќР° РєСЂС‹Р»СЊС†Рµ [5100][0;37m
   РџРѕРєРѕСЃРёРІС€РµРµСЃСЏ РєСЂС‹Р»СЊС†Рѕ СЃРєСЂРёРїРёС‚ РїРѕРґ РЅРѕРіР°РјРё. Р”РµСЂРµРІРѕ РїРѕС‡РµСЂРЅРµР»Рѕ Рё РѕР±Р»СѓРїРёР»РѕСЃСЊ, РЅРѕ
СЃРѕС…СЂР°РЅРёР»Рѕ РєСЂРµРїРѕСЃС‚СЊ. РҐРѕС‚СЊ Рё РјРѕР¶РЅРѕ Р·РґРµСЃСЊ РїРѕСЃС‚РѕСЏС‚СЊ, РЅРѕ Р’Р°СЃ Р±РѕР»СЊС€Рµ РёРЅС‚РµСЂРµСЃСѓРµС‚ СЃР°Рј
Р·Р°Р±СЂРѕС€РµРЅРЅС‹Р№ РґРѕРј. РҐРѕС‡РµС‚СЃСЏ Р·Р°Р№С‚Рё, РЅРѕ С…РѕР»РѕРґРѕРє РІ РіСЂСѓРґРё Р·Р°СЃС‚Р°РІР»СЏРµС‚ РїРѕРґСѓРјР°С‚СЊ РЅР°Рґ
СЌС‚РёРј С€Р°РіРѕРј. 

[1;33m[1;31m[0;0m
Р—Р°Р±СЂРѕС€РµРЅРЅС‹Р№ РґРѕРј (СЃСЂРµРґРЅРёР№ СѓСЂРѕРІРµРЅСЊ: 2).

[0;32m60H[0;37m [0;32m98M[0;37m 1073Рѕ Р—Р°СѓС‡:0 Р’С‹С…:Р’Р—> ящР’С‹ РїРѕРїР»РµР»РёСЃСЊ РЅР° Р·Р°РїР°Рґ.
[1;36mР’ СЃРµРЅСЏС… [5101][0;37m
   РЎРµРЅРё РєРѕРіРґР°-С‚Рѕ СЃР»СѓР¶РёР»Рё РїСЂРѕРјРµР¶СѓС‚РѕС‡РЅРѕР№ С‡Р°СЃС‚СЊСЋ РјРµР¶РґСѓ РѕС‚Р°РїР»РёРІР°РµРјРѕР№ Рё 
С…РѕР·СЏР№СЃС‚РІРµРЅРЅРѕР№ С‡Р°СЃС‚СЊСЋ РґРѕРјР°. Р—РґРµСЃСЊ РєРѕРіРґР°-С‚Рѕ Р»РµР¶Р°Р»Р° РЅРµС…РёС‚СЂР°СЏ РєСЂРµСЃС‚СЊСЏРЅСЃРєР°СЏ 
СѓС‚РІР°СЂСЊ, РЅРѕ СЃРµР№С‡Р°СЃ С‚РѕР»СЊРєРѕ РїС‹Р»СЊ Рё РіСЂСЏР·СЊ.

[1;33m[1;31mР‘Р»РѕС…Р° РїСЂСЏС‡РµС‚СЃСЏ РІ РјСѓСЃРѕСЂРµ.
РЎРµСЂР°СЏ РјС‹С€СЊ СЋСЂРєРЅСѓР»Р° Р·РґРµСЃСЊ.
[0;0m
[0;32m60H[0;37m [0;32m98M[0;37m 1073Рѕ Р—Р°СѓС‡:0 Р’С‹С…:Р’Р—> ящ
Р‘Р»РѕС…Р° СѓС€Р»Р° РЅР° РІРѕСЃС‚РѕРє.

[0;32m60H[0;37m [0;32m99M[0;37m 1073Рѕ Р—Р°СѓС‡:0 Р’С‹С…:Р’Р—> ящР’С‹ РЅРµ РІРёРґРёС‚Рµ С†РµР»Рё.

[0;32m60H[0;37m [0;32m99M[0;37m 1073Рѕ Р—Р°СѓС‡:0 Р’С‹С…:Р’Р—> ящ[0;33mР’С‹ РїРѕРїС‹С‚Р°Р»РёСЃСЊ РїСЂРѕС‚РєРЅСѓС‚СЊ СЃРµСЂСѓСЋ РјС‹С€СЊ, РЅРѕ РІР°С€ СѓРґР°СЂ РЅРµ РґРѕСЃС‚РёРі С†РµР»Рё.
[0;0m
[0;32m60H[0;37m [0;32m99M[0;37m 1073Рѕ Р—Р°СѓС‡:0 [0;32m[РљР°СЂР°Р±С…Р°РЅ:РќРµРІСЂРµРґРёРј][0;37m [0;32m[СЃРµСЂР°СЏ РјС‹С€СЊ:РќРµРІСЂРµРґРёРјР°][0;37m > ящ
[0;31mРЎРµСЂР°СЏ РјС‹С€СЊ РїРѕРїС‹С‚Р°Р»Р°СЃСЊ С‚РєРЅСѓС‚СЊ РІР°СЃ, РЅРѕ РµРµ СѓРґР°СЂ РЅРµ РґРѕСЃС‚РёРі С†РµР»Рё.
[0;0m[0;33mР’С‹ РїРѕРїС‹С‚Р°Р»РёСЃСЊ СѓРєРѕР»РѕС‚СЊ СЃРµСЂСѓСЋ РјС‹С€СЊ, РЅРѕ РїСЂРѕРјР°С…РЅСѓР»РёСЃСЊ.
[0;0m
[0;32m60H[0;37m [0;32m99M[0;37m 1073Рѕ Р—Р°СѓС‡:0 [0;32m[РљР°СЂР°Р±С…Р°РЅ:РќРµРІСЂРµРґРёРј][0;37m [0;32m[СЃРµСЂР°СЏ РјС‹С€СЊ:РќРµРІСЂРµРґРёРјР°][0;37m > ящ
[0;31mРЎРµСЂР°СЏ РјС‹С€СЊ РїРѕРїС‹С‚Р°Р»Р°СЃСЊ С‚РєРЅСѓС‚СЊ РІР°СЃ, РЅРѕ РµРµ СѓРґР°СЂ РЅРµ РґРѕСЃС‚РёРі С†РµР»Рё.
[0;0m[0;33mР’С‹ РїРѕРїС‹С‚Р°Р»РёСЃСЊ РїСЂРѕС‚РєРЅСѓС‚СЊ СЃРµСЂСѓСЋ РјС‹С€СЊ, РЅРѕ РІР°С€ СѓРґР°СЂ РЅРµ РґРѕСЃС‚РёРі С†РµР»Рё.
[0;0m
[0;32m60H[0;37m [0;32m99M[0;37m 1073Рѕ Р—Р°СѓС‡:0 [0;32m[РљР°СЂР°Р±С…Р°РЅ:РќРµРІСЂРµРґРёРј][0;37m [0;32m[СЃРµСЂР°СЏ РјС‹С€СЊ:РќРµРІСЂРµРґРёРјР°][0;37m > ящ
[0;31mРЎРµСЂР°СЏ РјС‹С€СЊ РїРѕРїС‹С‚Р°Р»Р°СЃСЊ С‚РєРЅСѓС‚СЊ РІР°СЃ, РЅРѕ РµРµ СѓРґР°СЂ РЅРµ РґРѕСЃС‚РёРі С†РµР»Рё.
[0;0m[0;33mР’С‹ РїРѕРїС‹С‚Р°Р»РёСЃСЊ СѓРєРѕР»РѕС‚СЊ СЃРµСЂСѓСЋ РјС‹С€СЊ, РЅРѕ РїСЂРѕРјР°С…РЅСѓР»РёСЃСЊ.
[0;0m
[0;32m60H[0;37m [0;32m99M[0;37m 1073Рѕ Р—Р°СѓС‡:0 [0;32m[РљР°СЂР°Р±С…Р°РЅ:РќРµРІСЂРµРґРёРј][0;37m [0;32m[СЃРµСЂР°СЏ РјС‹С€СЊ:РќРµРІСЂРµРґРёРјР°][0;37m > ящ
[0;33mР’С‹ РїРѕРїС‹С‚Р°Р»РёСЃСЊ РїСЂРѕС‚РєРЅСѓС‚СЊ СЃРµСЂСѓСЋ РјС‹С€СЊ, РЅРѕ РІР°С€ СѓРґР°СЂ РЅРµ РґРѕСЃС‚РёРі С†РµР»Рё.
[0;0m[0;31mРЎРµСЂР°СЏ РјС‹С€СЊ РїРѕРїС‹С‚Р°Р»Р°СЃСЊ С‚РєРЅСѓС‚СЊ РІР°СЃ, РЅРѕ РїСЂРѕРјР°С…РЅСѓР»Р°СЃСЊ.
[0;0m
[0;32m60H[0;37m [0;32m99M[0;37m 1073Рѕ Р—Р°СѓС‡:0 [0;32m[РљР°СЂР°Р±С…Р°РЅ:РќРµРІСЂРµРґРёРј][0;37m [0;32m[СЃРµСЂР°СЏ РјС‹С€СЊ:РќРµРІСЂРµРґРёРјР°][0;37m > ящ
[0;31mРЎРµСЂР°СЏ РјС‹С€СЊ РїРѕРїС‹С‚Р°Р»Р°СЃСЊ С‚РєРЅСѓС‚СЊ РІР°СЃ, РЅРѕ РµРµ СѓРґР°СЂ РЅРµ РґРѕСЃС‚РёРі С†РµР»Рё.
[0;0mРљСЂРѕРІСѓС€РєР° СЃС‚С‹РЅРµС‚ РІ Р¶РёР»Р°С… РѕС‚ С‡СЊРµРіРѕ-С‚Рѕ РїСЂРµРґСЃРјРµСЂС‚РЅРѕРіРѕ РєСЂРёРєР°.
[0;33mР’С‹ РїРѕРїС‹С‚Р°Р»РёСЃСЊ СѓРєРѕР»РѕС‚СЊ СЃРµСЂСѓСЋ РјС‹С€СЊ, РЅРѕ РїСЂРѕРјР°С…РЅСѓР»РёСЃСЊ.
[0;0m
[0;32m60H[0;37m [0;32m99M[0;37m 1073Рѕ Р—Р°СѓС‡:0 [0;32m[РљР°СЂР°Р±С…Р°РЅ:РќРµРІСЂРµРґРёРј][0;37m [0;32m[СЃРµСЂР°СЏ РјС‹С€СЊ:РќРµРІСЂРµРґРёРјР°][0;37m > ящ
[0;31mРЎРµСЂР°СЏ РјС‹С€СЊ РїРѕРїС‹С‚Р°Р»Р°СЃСЊ С‚РєРЅСѓС‚СЊ РІР°СЃ, РЅРѕ РїСЂРѕРјР°С…РЅСѓР»Р°СЃСЊ.
[0;0m[1;33mР’С‹ СЃР»РµРіРєР° СѓРєРѕР»РѕР»Рё СЃРµСЂСѓСЋ РјС‹С€СЊ.
[0;0m
[0;32m60H[0;37m [0;32m99M[0;37m 1073Рѕ Р—Р°СѓС‡:0 [0;32m[РљР°СЂР°Р±С…Р°РЅ:РќРµРІСЂРµРґРёРј][0;37m [1;32m[СЃРµСЂР°СЏ РјС‹С€СЊ:Р›РµРіРєРѕ СЂР°РЅРµРЅР°][0;37m > ящ
[0;31mРЎРµСЂР°СЏ РјС‹С€СЊ РїРѕРїС‹С‚Р°Р»Р°СЃСЊ С‚РєРЅСѓС‚СЊ РІР°СЃ, РЅРѕ РµРµ СѓРґР°СЂ РЅРµ РґРѕСЃС‚РёРі С†РµР»Рё.
[0;0m[0;33mР’С‹ РїРѕРїС‹С‚Р°Р»РёСЃСЊ СѓРєРѕР»РѕС‚СЊ СЃРµСЂСѓСЋ РјС‹С€СЊ, РЅРѕ РїСЂРѕРјР°С…РЅСѓР»РёСЃСЊ.
[0;0m
[0;32m60H[0;37m [0;32m99M[0;37m 1073Рѕ Р—Р°СѓС‡:0 [0;32m[РљР°СЂР°Р±С…Р°РЅ:РќРµРІСЂРµРґРёРј][0;37m [1;32m[СЃРµСЂР°СЏ РјС‹С€СЊ:Р›РµРіРєРѕ СЂР°РЅРµРЅР°][0;37m > ящ
[0;31mРЎРµСЂР°СЏ РјС‹С€СЊ РїРѕРїС‹С‚Р°Р»Р°СЃСЊ С‚РєРЅСѓС‚СЊ РІР°СЃ, РЅРѕ РїСЂРѕРјР°С…РЅСѓР»Р°СЃСЊ.
[0;0m[0;33mР’С‹ РїРѕРїС‹С‚Р°Р»РёСЃСЊ РїСЂРѕС‚РєРЅСѓС‚СЊ СЃРµСЂСѓСЋ РјС‹С€СЊ, РЅРѕ РІР°С€ СѓРґР°СЂ РЅРµ РґРѕСЃС‚РёРі С†РµР»Рё.
[0;0m
[0;32m60H[0;37m [0;32m99M[0;37m 1073Рѕ Р—Р°СѓС‡:0 [0;32m[РљР°СЂР°Р±С…Р°РЅ:РќРµРІСЂРµРґРёРј][0;37m [1;32m[СЃРµСЂР°СЏ РјС‹С€СЊ:Р›РµРіРєРѕ СЂР°РЅРµРЅР°][0;37m > ящ
[0;33mР’С‹ РїРѕРїС‹С‚Р°Р»РёСЃСЊ РїСЂРѕС‚РєРЅСѓС‚СЊ СЃРµСЂСѓСЋ РјС‹С€СЊ, РЅРѕ РІР°С€ СѓРґР°СЂ РЅРµ РґРѕСЃС‚РёРі С†РµР»Рё.
[0;0m[0;31mРЎРµСЂР°СЏ РјС‹С€СЊ РїРѕРїС‹С‚Р°Р»Р°СЃСЊ С‚РєРЅСѓС‚СЊ РІР°СЃ, РЅРѕ РµРµ СѓРґР°СЂ РЅРµ РґРѕСЃС‚РёРі С†РµР»Рё.
[0;0m
[0;32m60H[0;37m [0;32m99M[0;37m 1073Рѕ Р—Р°СѓС‡:0 [0;32m[РљР°СЂР°Р±С…Р°РЅ:РќРµРІСЂРµРґРёРј][0;37m [1;32m[СЃРµСЂР°СЏ РјС‹С€СЊ:Р›РµРіРєРѕ СЂР°РЅРµРЅР°][0;37m > ящ
[0;31mРЎРµСЂР°СЏ РјС‹С€СЊ РїРѕРїС‹С‚Р°Р»Р°СЃСЊ С‚РєРЅСѓС‚СЊ РІР°СЃ, РЅРѕ РµРµ СѓРґР°СЂ РЅРµ РґРѕСЃС‚РёРі С†РµР»Рё.
[0;0m[1;33mР’С‹ СЃР»РµРіРєР° СѓРєРѕР»РѕР»Рё СЃРµСЂСѓСЋ РјС‹С€СЊ.
[0;0m
[0;32m60H[0;37m [0;32m99M[0;37m 1073Рѕ Р—Р°СѓС‡:0 [0;32m[РљР°СЂР°Р±С…Р°РЅ:РќРµРІСЂРµРґРёРј][0;37m [1;32m[СЃРµСЂР°СЏ РјС‹С€СЊ:Р›РµРіРєРѕ СЂР°РЅРµРЅР°][0;37m > ящ
[0;31mРЎРµСЂР°СЏ РјС‹С€СЊ РїРѕРїС‹С‚Р°Р»Р°СЃСЊ С‚РєРЅСѓС‚СЊ РІР°СЃ, РЅРѕ РїСЂРѕРјР°С…РЅСѓР»Р°СЃСЊ.
[0;0m[0;33mР’С‹ РїРѕРїС‹С‚Р°Р»РёСЃСЊ СѓРєРѕР»РѕС‚СЊ СЃРµСЂСѓСЋ РјС‹С€СЊ, РЅРѕ РїСЂРѕРјР°С…РЅСѓР»РёСЃСЊ.
[0;0m
[0;32m60H[0;37m [0;32m99M[0;37m 1073Рѕ Р—Р°СѓС‡:0 [0;32m[РљР°СЂР°Р±С…Р°РЅ:РќРµРІСЂРµРґРёРј][0;37m [1;32m[СЃРµСЂР°СЏ РјС‹С€СЊ:Р›РµРіРєРѕ СЂР°РЅРµРЅР°][0;37m > ящ
[0;33mР’С‹ РїРѕРїС‹С‚Р°Р»РёСЃСЊ РїСЂРѕС‚РєРЅСѓС‚СЊ СЃРµСЂСѓСЋ РјС‹С€СЊ, РЅРѕ РІР°С€ СѓРґР°СЂ РЅРµ РґРѕСЃС‚РёРі С†РµР»Рё.
[0;0m[0;31mРЎРµСЂР°СЏ РјС‹С€СЊ РїРѕРїС‹С‚Р°Р»Р°СЃСЊ С‚РєРЅСѓС‚СЊ РІР°СЃ, РЅРѕ РїСЂРѕРјР°С…РЅСѓР»Р°СЃСЊ.
[0;0m
[0;32m60H[0;37m [0;32m99M[0;37m 1073Рѕ Р—Р°СѓС‡:0 [0;32m[РљР°СЂР°Р±С…Р°РЅ:РќРµРІСЂРµРґРёРј][0;37m [1;32m[СЃРµСЂР°СЏ РјС‹С€СЊ:Р›РµРіРєРѕ СЂР°РЅРµРЅР°][0;37m > ящ
[0;31mРЎРµСЂР°СЏ РјС‹С€СЊ РїРѕРїС‹С‚Р°Р»Р°СЃСЊ С‚РєРЅСѓС‚СЊ РІР°СЃ, РЅРѕ РїСЂРѕРјР°С…РЅСѓР»Р°СЃСЊ.
[0;0m[0;33mР’С‹ РїРѕРїС‹С‚Р°Р»РёСЃСЊ РїСЂРѕС‚РєРЅСѓС‚СЊ СЃРµСЂСѓСЋ РјС‹С€СЊ, РЅРѕ РІР°С€ СѓРґР°СЂ РЅРµ РґРѕСЃС‚РёРі С†РµР»Рё.
[0;0m
[0;32m60H[0;37m [0;32m99M[0;37m 1073Рѕ Р—Р°СѓС‡:0 [0;32m[РљР°СЂР°Р±С…Р°РЅ:РќРµРІСЂРµРґРёРј][0;37m [1;32m[СЃРµСЂР°СЏ РјС‹С€СЊ:Р›РµРіРєРѕ СЂР°РЅРµРЅР°][0;37m > ящ
[0;31mРЎРµСЂР°СЏ РјС‹С€СЊ РїРѕРїС‹С‚Р°Р»Р°СЃСЊ С‚РєРЅСѓС‚СЊ РІР°СЃ, РЅРѕ РїСЂРѕРјР°С…РЅСѓР»Р°СЃСЊ.
[0;0m[0;33mР’С‹ РїРѕРїС‹С‚Р°Р»РёСЃСЊ РїСЂРѕС‚РєРЅСѓС‚СЊ СЃРµСЂСѓСЋ РјС‹С€СЊ, РЅРѕ РІР°С€ СѓРґР°СЂ РЅРµ РґРѕСЃС‚РёРі С†РµР»Рё.
[0;0m
[0;32m60H[0;37m [0;32m99M[0;37m 1073Рѕ Р—Р°СѓС‡:0 [0;32m[РљР°СЂР°Р±С…Р°РЅ:РќРµРІСЂРµРґРёРј][0;37m [1;32m[СЃРµСЂР°СЏ РјС‹С€СЊ:Р›РµРіРєРѕ СЂР°РЅРµРЅР°][0;37m > ящ
[0;31mРЎРµСЂР°СЏ РјС‹С€СЊ РїРѕРїС‹С‚Р°Р»Р°СЃСЊ С‚РєРЅСѓС‚СЊ РІР°СЃ, РЅРѕ РµРµ СѓРґР°СЂ РЅРµ РґРѕСЃС‚РёРі С†РµР»Рё.
[0;0m[1;33mР’С‹ СЃР»РµРіРєР° СѓРєРѕР»РѕР»Рё СЃРµСЂСѓСЋ РјС‹С€СЊ.
[0;0m
[0;32m60H[0;37m [0;32m99M[0;37m 1073Рѕ Р—Р°СѓС‡:0 [0;32m[РљР°СЂР°Р±С…Р°РЅ:РќРµРІСЂРµРґРёРј][0;37m [1;32m[СЃРµСЂР°СЏ РјС‹С€СЊ:Р Р°РЅРµРЅР°][0;37m > ящ
[0;31mРЎРµСЂР°СЏ РјС‹С€СЊ РїРѕРїС‹С‚Р°Р»Р°СЃСЊ С‚РєРЅСѓС‚СЊ РІР°СЃ, РЅРѕ РїСЂРѕРјР°С…РЅСѓР»Р°СЃСЊ.
[0;0m[1;33mР’С‹ СЃР»РµРіРєР° СѓРєРѕР»РѕР»Рё СЃРµСЂСѓСЋ РјС‹С€СЊ.
[0;0m
[0;32m60H[0;37m [0;32m99M[0;37m 1073Рѕ Р—Р°СѓС‡:0 [0;32m[РљР°СЂР°Р±С…Р°РЅ:РќРµРІСЂРµРґРёРј][0;37m [1;33m[СЃРµСЂР°СЏ РјС‹С€СЊ:Р Р°РЅРµРЅР°][0;37m > ящ
[0;33mР’С‹ РїРѕРїС‹С‚Р°Р»РёСЃСЊ СѓРєРѕР»РѕС‚СЊ СЃРµСЂСѓСЋ РјС‹С€СЊ, РЅРѕ РїСЂРѕРјР°С…РЅСѓР»РёСЃСЊ.
[0;0m[0;31mРЎРµСЂР°СЏ РјС‹С€СЊ РїРѕРїС‹С‚Р°Р»Р°СЃСЊ С‚РєРЅСѓС‚СЊ РІР°СЃ, РЅРѕ РїСЂРѕРјР°С…РЅСѓР»Р°СЃСЊ.
[0;0m
[0;32m60H[0;37m [0;32m99M[0;37m 1073Рѕ Р—Р°СѓС‡:0 [0;32m[РљР°СЂР°Р±С…Р°РЅ:РќРµРІСЂРµРґРёРј][0;37m [1;33m[СЃРµСЂР°СЏ РјС‹С€СЊ:Р Р°РЅРµРЅР°][0;37m > ящ
[0;31mРЎРµСЂР°СЏ РјС‹С€СЊ РїРѕРїС‹С‚Р°Р»Р°СЃСЊ С‚РєРЅСѓС‚СЊ РІР°СЃ, РЅРѕ РїСЂРѕРјР°С…РЅСѓР»Р°СЃСЊ.
[0;0m[0;33mР’С‹ РїРѕРїС‹С‚Р°Р»РёСЃСЊ РїСЂРѕС‚РєРЅСѓС‚СЊ СЃРµСЂСѓСЋ РјС‹С€СЊ, РЅРѕ РІР°С€ СѓРґР°СЂ РЅРµ РґРѕСЃС‚РёРі С†РµР»Рё.
[0;0m
[0;32m60H[0;37m [0;32m99M[0;37m 1073Рѕ Р—Р°СѓС‡:0 [0;32m[РљР°СЂР°Р±С…Р°РЅ:РќРµРІСЂРµРґРёРј][0;37m [1;33m[СЃРµСЂР°СЏ РјС‹С€СЊ:Р Р°РЅРµРЅР°][0;37m > ящ
[0;31mРЎРµСЂР°СЏ РјС‹С€СЊ РїРѕРїС‹С‚Р°Р»Р°СЃСЊ С‚РєРЅСѓС‚СЊ РІР°СЃ, РЅРѕ РїСЂРѕРјР°С…РЅСѓР»Р°СЃСЊ.
[0;0m[0;33mР’С‹ РїРѕРїС‹С‚Р°Р»РёСЃСЊ СѓРєРѕР»РѕС‚СЊ СЃРµСЂСѓСЋ РјС‹С€СЊ, РЅРѕ РїСЂРѕРјР°С…РЅСѓР»РёСЃСЊ.
[0;0m
[0;32m60H[0;37m [0;32m99M[0;37m 1073Рѕ Р—Р°СѓС‡:0 [0;32m[РљР°СЂР°Р±С…Р°РЅ:РќРµРІСЂРµРґРёРј][0;37m [1;33m[СЃРµСЂР°СЏ РјС‹С€СЊ:Р Р°РЅРµРЅР°][0;37m > ящ
[0;31mРЎРµСЂР°СЏ РјС‹С€СЊ РїРѕРїС‹С‚Р°Р»Р°СЃСЊ С‚РєРЅСѓС‚СЊ РІР°СЃ, РЅРѕ РµРµ СѓРґР°СЂ РЅРµ РґРѕСЃС‚РёРі С†РµР»Рё.
[0;0m[0;33mР’С‹ РїРѕРїС‹С‚Р°Р»РёСЃСЊ СѓРєРѕР»РѕС‚СЊ СЃРµСЂСѓСЋ РјС‹С€СЊ, РЅРѕ РїСЂРѕРјР°С…РЅСѓР»РёСЃСЊ.
[0;0m
[0;32m60H[0;37m [0;32m99M[0;37m 1073Рѕ Р—Р°СѓС‡:0 [0;32m[РљР°СЂР°Р±С…Р°РЅ:РќРµРІСЂРµРґРёРј][0;37m [1;33m[СЃРµСЂР°СЏ РјС‹С€СЊ:Р Р°РЅРµРЅР°][0;37m > ящ
[0;31mРЎРµСЂР°СЏ РјС‹С€СЊ РїРѕРїС‹С‚Р°Р»Р°СЃСЊ С‚РєРЅСѓС‚СЊ РІР°СЃ, РЅРѕ РїСЂРѕРјР°С…РЅСѓР»Р°СЃСЊ.
[0;0m[0;33mР’С‹ РїРѕРїС‹С‚Р°Р»РёСЃСЊ РїСЂРѕС‚РєРЅСѓС‚СЊ СЃРµСЂСѓСЋ РјС‹С€СЊ, РЅРѕ РІР°С€ СѓРґР°СЂ РЅРµ РґРѕСЃС‚РёРі С†РµР»Рё.
[0;0m
[0;32m60H[0;37m [0;32m99M[0;37m 1073Рѕ Р—Р°СѓС‡:0 [0;32m[РљР°СЂР°Р±С…Р°РЅ:РќРµРІСЂРµРґРёРј][0;37m [1;33m[СЃРµСЂР°СЏ РјС‹С€СЊ:Р Р°РЅРµРЅР°][0;37m > ящ
[0;31mРЎРµСЂР°СЏ РјС‹С€СЊ РїРѕРїС‹С‚Р°Р»Р°СЃСЊ С‚РєРЅСѓС‚СЊ РІР°СЃ, РЅРѕ РµРµ СѓРґР°СЂ РЅРµ РґРѕСЃС‚РёРі С†РµР»Рё.
[0;0m[0;33mР’С‹ РїРѕРїС‹С‚Р°Р»РёСЃСЊ РїСЂРѕС‚РєРЅСѓС‚СЊ СЃРµСЂСѓСЋ РјС‹С€СЊ, РЅРѕ РІР°С€ СѓРґР°СЂ РЅРµ РґРѕСЃС‚РёРі С†РµР»Рё.
[0;0m
[0;32m60H[0;37m [0;32m99M[0;37m 1073Рѕ Р—Р°СѓС‡:0 [0;32m[РљР°СЂР°Р±С…Р°РЅ:РќРµРІСЂРµРґРёРј][0;37m [1;33m[СЃРµСЂР°СЏ РјС‹С€СЊ:Р Р°РЅРµРЅР°][0;37m > ящ
[0;31mРЎРµСЂР°СЏ РјС‹С€СЊ РїРѕРїС‹С‚Р°Р»Р°СЃСЊ С‚РєРЅСѓС‚СЊ РІР°СЃ, РЅРѕ РїСЂРѕРјР°С…РЅСѓР»Р°СЃСЊ.
[0;0m[0;33mР’С‹ РїРѕРїС‹С‚Р°Р»РёСЃСЊ РїСЂРѕС‚РєРЅСѓС‚СЊ СЃРµСЂСѓСЋ РјС‹С€СЊ, РЅРѕ РІР°С€ СѓРґР°СЂ РЅРµ РґРѕСЃС‚РёРі С†РµР»Рё.
[0;0m
[0;32m60H[0;37m [0;32m99M[0;37m 1073Рѕ Р—Р°СѓС‡:0 [0;32m[РљР°СЂР°Р±С…Р°РЅ:РќРµРІСЂРµРґРёРј][0;37m [1;33m[СЃРµСЂР°СЏ РјС‹С€СЊ:Р Р°РЅРµРЅР°][0;37m > ящ
[0;31mРЎРµСЂР°СЏ РјС‹С€СЊ РїРѕРїС‹С‚Р°Р»Р°СЃСЊ С‚РєРЅСѓС‚СЊ РІР°СЃ, РЅРѕ РїСЂРѕРјР°С…РЅСѓР»Р°СЃСЊ.
[0;0m[1;33mР’С‹ СЃР»РµРіРєР° СѓРєРѕР»РѕР»Рё СЃРµСЂСѓСЋ РјС‹С€СЊ.
[0;0m
[0;32m60H[0;37m [0;32m99M[0;37m 1073Рѕ Р—Р°СѓС‡:0 [0;32m[РљР°СЂР°Р±С…Р°РЅ:РќРµРІСЂРµРґРёРј][0;37m [1;31m[СЃРµСЂР°СЏ РјС‹С€СЊ:РўСЏР¶РµР»Рѕ СЂР°РЅРµРЅР°][0;37m > ящ
[0;31mРЎРµСЂР°СЏ РјС‹С€СЊ РїРѕРїС‹С‚Р°Р»Р°СЃСЊ С‚РєРЅСѓС‚СЊ РІР°СЃ, РЅРѕ РµРµ СѓРґР°СЂ РЅРµ РґРѕСЃС‚РёРі С†РµР»Рё.
[0;0m[0;33mР’С‹ РїРѕРїС‹С‚Р°Р»РёСЃСЊ СѓРєРѕР»РѕС‚СЊ СЃРµСЂСѓСЋ РјС‹С€СЊ, РЅРѕ РїСЂРѕРјР°С…РЅСѓР»РёСЃСЊ.
[0;0m
[0;32m60H[0;37m [0;32m99M[0;37m 1073Рѕ Р—Р°СѓС‡:0 [0;32m[РљР°СЂР°Р±С…Р°РЅ:РќРµРІСЂРµРґРёРј][0;37m [1;31m[СЃРµСЂР°СЏ РјС‹С€СЊ:РўСЏР¶РµР»Рѕ СЂР°РЅРµРЅР°][0;37m > ящ
[1;31mРњРёРЅСѓР» С‡Р°СЃ.[0;37m

[0;32m60H[0;37m [0;32m99M[0;37m 1073Рѕ Р—Р°СѓС‡:0 [0;32m[РљР°СЂР°Р±С…Р°РЅ:РќРµРІСЂРµРґРёРј][0;37m [1;33m[СЃРµСЂР°СЏ РјС‹С€СЊ:Р Р°РЅРµРЅР°][0;37m > ящ
[0;31mРЎРµСЂР°СЏ РјС‹С€СЊ РїРѕРїС‹С‚Р°Р»Р°СЃСЊ С‚РєРЅСѓС‚СЊ РІР°СЃ, РЅРѕ РµРµ СѓРґР°СЂ РЅРµ РґРѕСЃС‚РёРі С†РµР»Рё.
[0;0m[0;33mР’С‹ РїРѕРїС‹С‚Р°Р»РёСЃСЊ СѓРєРѕР»РѕС‚СЊ СЃРµСЂСѓСЋ РјС‹С€СЊ, РЅРѕ РїСЂРѕРјР°С…РЅСѓР»РёСЃСЊ.
[0;0m
[0;32m60H[0;37m [0;32m99M[0;37m 1073Рѕ Р—Р°СѓС‡:0 [0;32m[РљР°СЂР°Р±С…Р°РЅ:РќРµРІСЂРµРґРёРј][0;37m [1;33m[СЃРµСЂР°СЏ РјС‹С€СЊ:Р Р°РЅРµРЅР°][0;37m > ящ
[0;31mРЎРµСЂР°СЏ РјС‹С€СЊ РїРѕРїС‹С‚Р°Р»Р°СЃСЊ С‚РєРЅСѓС‚СЊ РІР°СЃ, РЅРѕ РµРµ СѓРґР°СЂ РЅРµ РґРѕСЃС‚РёРі С†РµР»Рё.
[0;0m[0;33mР’С‹ РїРѕРїС‹С‚Р°Р»РёСЃСЊ РїСЂРѕС‚РєРЅСѓС‚СЊ СЃРµСЂСѓСЋ РјС‹С€СЊ, РЅРѕ РІР°С€ СѓРґР°СЂ РЅРµ РґРѕСЃС‚РёРі С†РµР»Рё.
[0;0m
[0;32m60H[0;37m [0;32m99M[0;37m 1073Рѕ Р—Р°СѓС‡:0 [0;32m[РљР°СЂР°Р±С…Р°РЅ:РќРµРІСЂРµРґРёРј][0;37m [1;33m[СЃРµСЂР°СЏ РјС‹С€СЊ:Р Р°РЅРµРЅР°][0;37m > ящ
[0;31mРЎРµСЂР°СЏ РјС‹С€СЊ РїРѕРїС‹С‚Р°Р»Р°СЃСЊ С‚РєРЅСѓС‚СЊ РІР°СЃ, РЅРѕ РµРµ СѓРґР°СЂ РЅРµ РґРѕСЃС‚РёРі С†РµР»Рё.
[0;0m[0;33mР’С‹ РїРѕРїС‹С‚Р°Р»РёСЃСЊ РїСЂРѕС‚РєРЅСѓС‚СЊ СЃРµСЂСѓСЋ РјС‹С€СЊ, РЅРѕ РІР°С€ СѓРґР°СЂ РЅРµ РґРѕСЃС‚РёРі С†РµР»Рё.
[0;0m
[0;32m60H[0;37m [0;32m99M[0;37m 1073Рѕ Р—Р°СѓС‡:0 [0;32m[РљР°СЂР°Р±С…Р°РЅ:РќРµРІСЂРµРґРёРј][0;37m [1;33m[СЃРµСЂР°СЏ РјС‹С€СЊ:Р Р°РЅРµРЅР°][0;37m > ящ
[1;30mРќР° РјРіРЅРѕРІРµРЅРёРµ РІС‹ РёСЃС‡РµР·Р»Рё РёР· РїРѕР»СЏ Р·СЂРµРЅРёСЏ РїСЂРѕС‚РёРІРЅРёРєР°.[0;37m
[0;31mРЎРµСЂР°СЏ РјС‹С€СЊ РїРѕРїС‹С‚Р°Р»Р°СЃСЊ С‚РєРЅСѓС‚СЊ РІР°СЃ, РЅРѕ РїСЂРѕРјР°С…РЅСѓР»Р°СЃСЊ.
[0;0m[0;33mР’С‹ РїРѕРїС‹С‚Р°Р»РёСЃСЊ РїСЂРѕС‚РєРЅСѓС‚СЊ СЃРµСЂСѓСЋ РјС‹С€СЊ, РЅРѕ РІР°С€ СѓРґР°СЂ РЅРµ РґРѕСЃС‚РёРі С†РµР»Рё.
[0;0m
[0;32m60H[0;37m [0;32m99M[0;37m 1073Рѕ Р—Р°СѓС‡:0 [0;32m[РљР°СЂР°Р±С…Р°РЅ:РќРµРІСЂРµРґРёРј][0;37m [1;33m[СЃРµСЂР°СЏ РјС‹С€СЊ:Р Р°РЅРµРЅР°][0;37m > ящ
[0;31mРЎРµСЂР°СЏ РјС‹С€СЊ РїРѕРїС‹С‚Р°Р»Р°СЃСЊ С‚РєРЅСѓС‚СЊ РІР°СЃ, РЅРѕ РїСЂРѕРјР°С…РЅСѓР»Р°СЃСЊ.
[0;0m[1;33mР’С‹ Р»РµРіРѕРЅСЊРєРѕ СѓРєРѕР»РѕР»Рё СЃРµСЂСѓСЋ РјС‹С€СЊ.
[0;0m
[0;32m60H[0;37m [0;32m99M[0;37m 1073Рѕ Р—Р°СѓС‡:0 [0;32m[РљР°СЂР°Р±С…Р°РЅ:РќРµРІСЂРµРґРёРј][0;37m [1;31m[СЃРµСЂР°СЏ РјС‹С€СЊ:РўСЏР¶РµР»Рѕ СЂР°РЅРµРЅР°][0;37m > ящ
[1;31mРЎРµСЂР°СЏ РјС‹С€СЊ СЃР»РµРіРєР° С‚РєРЅСѓР»Р° РІР°СЃ.
[0;0m[0;33mР’С‹ РїРѕРїС‹С‚Р°Р»РёСЃСЊ РїСЂРѕС‚РєРЅСѓС‚СЊ СЃРµСЂСѓСЋ РјС‹С€СЊ, РЅРѕ РІР°С€ СѓРґР°СЂ РЅРµ РґРѕСЃС‚РёРі С†РµР»Рё.
[0;0m
[1;32m53H[0;37m [0;32m99M[0;37m 1073Рѕ Р—Р°СѓС‡:0 [1;32m[РљР°СЂР°Р±С…Р°РЅ:Р›РµРіРєРѕ СЂР°РЅРµРЅ][0;37m [1;31m[СЃРµСЂР°СЏ РјС‹С€СЊ:РўСЏР¶РµР»Рѕ СЂР°РЅРµРЅР°][0;37m > ящ
[1;31mРЎРµСЂР°СЏ РјС‹С€СЊ СЃР»РµРіРєР° С‚РєРЅСѓР»Р° РІР°СЃ.
[0;0m[0;33mР’С‹ РїРѕРїС‹С‚Р°Р»РёСЃСЊ СѓРєРѕР»РѕС‚СЊ СЃРµСЂСѓСЋ РјС‹С€СЊ, РЅРѕ РїСЂРѕРјР°С…РЅСѓР»РёСЃСЊ.
[0;0m
[1;32m48H[0;37m [0;32m99M[0;37m 1073Рѕ Р—Р°СѓС‡:0 [1;32m[РљР°СЂР°Р±С…Р°РЅ:Р›РµРіРєРѕ СЂР°РЅРµРЅ][0;37m [1;31m[СЃРµСЂР°СЏ РјС‹С€СЊ:РўСЏР¶РµР»Рѕ СЂР°РЅРµРЅР°][0;37m > ящ
[0;31mРЎРµСЂР°СЏ РјС‹С€СЊ РїРѕРїС‹С‚Р°Р»Р°СЃСЊ С‚РєРЅСѓС‚СЊ РІР°СЃ, РЅРѕ РїСЂРѕРјР°С…РЅСѓР»Р°СЃСЊ.
[0;0m[0;33mР’С‹ РїРѕРїС‹С‚Р°Р»РёСЃСЊ СѓРєРѕР»РѕС‚СЊ СЃРµСЂСѓСЋ РјС‹С€СЊ, РЅРѕ РїСЂРѕРјР°С…РЅСѓР»РёСЃСЊ.
[0;0m
[1;32m49H[0;37m [0;32m99M[0;37m 1073Рѕ Р—Р°СѓС‡:0 [1;32m[РљР°СЂР°Р±С…Р°РЅ:Р›РµРіРєРѕ СЂР°РЅРµРЅ][0;37m [1;31m[СЃРµСЂР°СЏ РјС‹С€СЊ:РўСЏР¶РµР»Рѕ СЂР°РЅРµРЅР°][0;37m > ящ
[0;31mРЎРµСЂР°СЏ РјС‹С€СЊ РїРѕРїС‹С‚Р°Р»Р°СЃСЊ С‚РєРЅСѓС‚СЊ РІР°СЃ, РЅРѕ РїСЂРѕРјР°С…РЅСѓР»Р°СЃСЊ.
[0;0m[1;33mР’С‹ СЃР»РµРіРєР° СѓРєРѕР»РѕР»Рё СЃРµСЂСѓСЋ РјС‹С€СЊ.
[0;0m
[1;32m51H[0;37m [0;32m99M[0;37m 1073Рѕ Р—Р°СѓС‡:0 [1;32m[РљР°СЂР°Р±С…Р°РЅ:Р›РµРіРєРѕ СЂР°РЅРµРЅ][0;37m [1;31m[СЃРµСЂР°СЏ РјС‹С€СЊ:РўСЏР¶РµР»Рѕ СЂР°РЅРµРЅР°][0;37m > ящ
[0;31mРЎРµСЂР°СЏ РјС‹С€СЊ РїРѕРїС‹С‚Р°Р»Р°СЃСЊ С‚РєРЅСѓС‚СЊ РІР°СЃ, РЅРѕ РїСЂРѕРјР°С…РЅСѓР»Р°СЃСЊ.
[0;0m[0;33mР’С‹ РїРѕРїС‹С‚Р°Р»РёСЃСЊ РїСЂРѕС‚РєРЅСѓС‚СЊ СЃРµСЂСѓСЋ РјС‹С€СЊ, РЅРѕ РІР°С€ СѓРґР°СЂ РЅРµ РґРѕСЃС‚РёРі С†РµР»Рё.
[0;0m
[1;32m53H[0;37m [0;32m99M[0;37m 1073Рѕ Р—Р°СѓС‡:0 [1;32m[РљР°СЂР°Р±С…Р°РЅ:Р›РµРіРєРѕ СЂР°РЅРµРЅ][0;37m [1;31m[СЃРµСЂР°СЏ РјС‹С€СЊ:РўСЏР¶РµР»Рѕ СЂР°РЅРµРЅР°][0;37m > ящ
[0;31mРЎРµСЂР°СЏ РјС‹С€СЊ РїРѕРїС‹С‚Р°Р»Р°СЃСЊ С‚РєРЅСѓС‚СЊ РІР°СЃ, РЅРѕ РїСЂРѕРјР°С…РЅСѓР»Р°СЃСЊ.
[0;0m[0;33mР’С‹ РїРѕРїС‹С‚Р°Р»РёСЃСЊ СѓРєРѕР»РѕС‚СЊ СЃРµСЂСѓСЋ РјС‹С€СЊ, РЅРѕ РїСЂРѕРјР°С…РЅСѓР»РёСЃСЊ.
[0;0m
[0;32m54H[0;37m [0;32m99M[0;37m 1073Рѕ Р—Р°СѓС‡:0 [0;32m[РљР°СЂР°Р±С…Р°РЅ:РЎР»РµРіРєР° СЂР°РЅРµРЅ][0;37m [1;31m[СЃРµСЂР°СЏ РјС‹С€СЊ:РўСЏР¶РµР»Рѕ СЂР°РЅРµРЅР°][0;37m > ящ
[0;31mРЎРµСЂР°СЏ РјС‹С€СЊ РїРѕРїС‹С‚Р°Р»Р°СЃСЊ С‚РєРЅСѓС‚СЊ РІР°СЃ, РЅРѕ РїСЂРѕРјР°С…РЅСѓР»Р°СЃСЊ.
[0;0m[0;33mР’С‹ РїРѕРїС‹С‚Р°Р»РёСЃСЊ РїСЂРѕС‚РєРЅСѓС‚СЊ СЃРµСЂСѓСЋ РјС‹С€СЊ, РЅРѕ РІР°С€ СѓРґР°СЂ РЅРµ РґРѕСЃС‚РёРі С†РµР»Рё.
[0;0m
[0;32m56H[0;37m [0;32m99M[0;37m 1073Рѕ Р—Р°СѓС‡:0 [0;32m[РљР°СЂР°Р±С…Р°РЅ:РЎР»РµРіРєР° СЂР°РЅРµРЅ][0;37m [1;31m[СЃРµСЂР°СЏ РјС‹С€СЊ:РўСЏР¶РµР»Рѕ СЂР°РЅРµРЅР°][0;37m > ящ
[0;33mР’С‹ РїРѕРїС‹С‚Р°Р»РёСЃСЊ РїСЂРѕС‚РєРЅСѓС‚СЊ СЃРµСЂСѓСЋ РјС‹С€СЊ, РЅРѕ РІР°С€ СѓРґР°СЂ РЅРµ РґРѕСЃС‚РёРі С†РµР»Рё.
[0;0m[0;31mРЎРµСЂР°СЏ РјС‹С€СЊ РїРѕРїС‹С‚Р°Р»Р°СЃСЊ С‚РєРЅСѓС‚СЊ РІР°СЃ, РЅРѕ РµРµ СѓРґР°СЂ РЅРµ РґРѕСЃС‚РёРі С†РµР»Рё.
[0;0m
[0;32m58H[0;37m [0;32m99M[0;37m 1073Рѕ Р—Р°СѓС‡:0 [0;32m[РљР°СЂР°Р±С…Р°РЅ:РЎР»РµРіРєР° СЂР°РЅРµРЅ][0;37m [1;31m[СЃРµСЂР°СЏ РјС‹С€СЊ:РўСЏР¶РµР»Рѕ СЂР°РЅРµРЅР°][0;37m > ящ
[0;31mРЎРµСЂР°СЏ РјС‹С€СЊ РїРѕРїС‹С‚Р°Р»Р°СЃСЊ С‚РєРЅСѓС‚СЊ РІР°СЃ, РЅРѕ РїСЂРѕРјР°С…РЅСѓР»Р°СЃСЊ.
[0;0m[0;33mР’С‹ РїРѕРїС‹С‚Р°Р»РёСЃСЊ СѓРєРѕР»РѕС‚СЊ СЃРµСЂСѓСЋ РјС‹С€СЊ, РЅРѕ РїСЂРѕРјР°С…РЅСѓР»РёСЃСЊ.
[0;0m
[0;32m60H[0;37m [0;32m99M[0;37m 1073Рѕ Р—Р°СѓС‡:0 [0;32m[РљР°СЂР°Р±С…Р°РЅ:РќРµРІСЂРµРґРёРј][0;37m [1;31m[СЃРµСЂР°СЏ РјС‹С€СЊ:РўСЏР¶РµР»Рѕ СЂР°РЅРµРЅР°][0;37m > ящ
[0;31mРЎРµСЂР°СЏ РјС‹С€СЊ РїРѕРїС‹С‚Р°Р»Р°СЃСЊ С‚РєРЅСѓС‚СЊ РІР°СЃ, РЅРѕ РµРµ СѓРґР°СЂ РЅРµ РґРѕСЃС‚РёРі С†РµР»Рё.
[0;0m[0;33mР’С‹ РїРѕРїС‹С‚Р°Р»РёСЃСЊ СѓРєРѕР»РѕС‚СЊ СЃРµСЂСѓСЋ РјС‹С€СЊ, РЅРѕ РїСЂРѕРјР°С…РЅСѓР»РёСЃСЊ.
[0;0m
[0;32m60H[0;37m [0;32m99M[0;37m 1073Рѕ Р—Р°СѓС‡:0 [0;32m[РљР°СЂР°Р±С…Р°РЅ:РќРµРІСЂРµРґРёРј][0;37m [1;31m[СЃРµСЂР°СЏ РјС‹С€СЊ:РўСЏР¶РµР»Рѕ СЂР°РЅРµРЅР°][0;37m > ящ
[0;31mРЎРµСЂР°СЏ РјС‹С€СЊ РїРѕРїС‹С‚Р°Р»Р°СЃСЊ С‚РєРЅСѓС‚СЊ РІР°СЃ, РЅРѕ РїСЂРѕРјР°С…РЅСѓР»Р°СЃСЊ.
[0;0m[1;33mР’С‹ СЃР»РµРіРєР° СѓРєРѕР»РѕР»Рё СЃРµСЂСѓСЋ РјС‹С€СЊ.
[0;0m
[0;32m60H[0;37m [0;32m99M[0;37m 1073Рѕ Р—Р°СѓС‡:0 [0;32m[РљР°СЂР°Р±С…Р°РЅ:РќРµРІСЂРµРґРёРј][0;37m [0;31m[СЃРµСЂР°СЏ РјС‹С€СЊ:Рћ.С‚СЏР¶РµР»Рѕ СЂР°РЅРµРЅР°][0;37m > ящ
[0;31mРЎРµСЂР°СЏ РјС‹С€СЊ РїРѕРїС‹С‚Р°Р»Р°СЃСЊ С‚РєРЅСѓС‚СЊ РІР°СЃ, РЅРѕ РµРµ СѓРґР°СЂ РЅРµ РґРѕСЃС‚РёРі С†РµР»Рё.
[0;0m[0;33mР’С‹ РїРѕРїС‹С‚Р°Р»РёСЃСЊ СѓРєРѕР»РѕС‚СЊ СЃРµСЂСѓСЋ РјС‹С€СЊ, РЅРѕ РїСЂРѕРјР°С…РЅСѓР»РёСЃСЊ.
[0;0m
[0;32m60H[0;37m [0;32m99M[0;37m 1073Рѕ Р—Р°СѓС‡:0 [0;32m[РљР°СЂР°Р±С…Р°РЅ:РќРµРІСЂРµРґРёРј][0;37m [0;31m[СЃРµСЂР°СЏ РјС‹С€СЊ:Рћ.С‚СЏР¶РµР»Рѕ СЂР°РЅРµРЅР°][0;37m > ящ
[0;31mРЎРµСЂР°СЏ РјС‹С€СЊ РїРѕРїС‹С‚Р°Р»Р°СЃСЊ С‚РєРЅСѓС‚СЊ РІР°СЃ, РЅРѕ РїСЂРѕРјР°С…РЅСѓР»Р°СЃСЊ.
[0;0m[0;33mР’С‹ РїРѕРїС‹С‚Р°Р»РёСЃСЊ СѓРєРѕР»РѕС‚СЊ СЃРµСЂСѓСЋ РјС‹С€СЊ, РЅРѕ РїСЂРѕРјР°С…РЅСѓР»РёСЃСЊ.
[0;0m
[0;32m60H[0;37m [0;32m99M[0;37m 1073Рѕ Р—Р°СѓС‡:0 [0;32m[РљР°СЂР°Р±С…Р°РЅ:РќРµРІСЂРµРґРёРј][0;37m [0;31m[СЃРµСЂР°СЏ РјС‹С€СЊ:Рћ.С‚СЏР¶РµР»Рѕ СЂР°РЅРµРЅР°][0;37m > ящ
[0;31mРЎРµСЂР°СЏ РјС‹С€СЊ РїРѕРїС‹С‚Р°Р»Р°СЃСЊ С‚РєРЅСѓС‚СЊ РІР°СЃ, РЅРѕ РїСЂРѕРјР°С…РЅСѓР»Р°СЃСЊ.
[0;0m[0;33mР’С‹ РїРѕРїС‹С‚Р°Р»РёСЃСЊ СѓРєРѕР»РѕС‚СЊ СЃРµСЂСѓСЋ РјС‹С€СЊ, РЅРѕ РїСЂРѕРјР°С…РЅСѓР»РёСЃСЊ.
[0;0m
[0;32m60H[0;37m [0;32m99M[0;37m 1073Рѕ Р—Р°СѓС‡:0 [0;32m[РљР°СЂР°Р±С…Р°РЅ:РќРµРІСЂРµРґРёРј][0;37m [0;31m[СЃРµСЂР°СЏ РјС‹С€СЊ:Рћ.С‚СЏР¶РµР»Рѕ СЂР°РЅРµРЅР°][0;37m > ящ
[0;31mРЎРµСЂР°СЏ РјС‹С€СЊ РїРѕРїС‹С‚Р°Р»Р°СЃСЊ С‚РєРЅСѓС‚СЊ РІР°СЃ, РЅРѕ РїСЂРѕРјР°С…РЅСѓР»Р°СЃСЊ.
[0;0m[0;33mР’С‹ РїРѕРїС‹С‚Р°Р»РёСЃСЊ РїСЂРѕС‚РєРЅСѓС‚СЊ СЃРµСЂСѓСЋ РјС‹С€СЊ, РЅРѕ РІР°С€ СѓРґР°СЂ РЅРµ РґРѕСЃС‚РёРі С†РµР»Рё.
[0;0m
[0;32m60H[0;37m [0;32m99M[0;37m 1073Рѕ Р—Р°СѓС‡:0 [0;32m[РљР°СЂР°Р±С…Р°РЅ:РќРµРІСЂРµРґРёРј][0;37m [0;31m[СЃРµСЂР°СЏ РјС‹С€СЊ:Рћ.С‚СЏР¶РµР»Рѕ СЂР°РЅРµРЅР°][0;37m > ящ
[0;31mРЎРµСЂР°СЏ РјС‹С€СЊ РїРѕРїС‹С‚Р°Р»Р°СЃСЊ С‚РєРЅСѓС‚СЊ РІР°СЃ, РЅРѕ РµРµ СѓРґР°СЂ РЅРµ РґРѕСЃС‚РёРі С†РµР»Рё.
[0;0m[0;33mР’С‹ РїРѕРїС‹С‚Р°Р»РёСЃСЊ РїСЂРѕС‚РєРЅСѓС‚СЊ СЃРµСЂСѓСЋ РјС‹С€СЊ, РЅРѕ РІР°С€ СѓРґР°СЂ РЅРµ РґРѕСЃС‚РёРі С†РµР»Рё.
[0;0m
[0;32m60H[0;37m [0;32m99M[0;37m 1073Рѕ Р—Р°СѓС‡:0 [0;32m[РљР°СЂР°Р±С…Р°РЅ:РќРµРІСЂРµРґРёРј][0;37m [0;31m[СЃРµСЂР°СЏ РјС‹С€СЊ:Рћ.С‚СЏР¶РµР»Рѕ СЂР°РЅРµРЅР°][0;37m > ящ
[0;31mРЎРµСЂР°СЏ РјС‹С€СЊ РїРѕРїС‹С‚Р°Р»Р°СЃСЊ С‚РєРЅСѓС‚СЊ РІР°СЃ, РЅРѕ РµРµ СѓРґР°СЂ РЅРµ РґРѕСЃС‚РёРі С†РµР»Рё.
[0;0m[1;33mР’С‹ СЃР»РµРіРєР° СѓРєРѕР»РѕР»Рё СЃРµСЂСѓСЋ РјС‹С€СЊ.
[0;0mРЎРµСЂР°СЏ РјС‹С€СЊ Р±РµР· СЃРѕР·РЅР°РЅРёСЏ, РЅРѕ РІРѕР·РјРѕР¶РЅРѕ РѕРЅР° РµС‰Рµ РїРѕРІРѕСЋРµС‚ (РїРѕРїРѕР·Р¶Рµ :).

[0;32m60H[0;37m [0;32m99M[0;37m 1073Рѕ Р—Р°СѓС‡:0 [0;32m[РљР°СЂР°Р±С…Р°РЅ:РќРµРІСЂРµРґРёРј][0;37m [0;31m[СЃРµСЂР°СЏ РјС‹С€СЊ:РЎРјРµСЂС‚РµР»СЊРЅРѕ СЂР°РЅРµРЅР°][0;37m > ящ
[1;33mР’С‹ РїСЂРѕРЅР·РёР»Рё С‚РµР»Рѕ СЃРµСЂРѕР№ РјС‹С€Рё Рё РѕРЅР° СѓРїР°Р»Р° РЅР° Р·РµРјР»СЋ Р·Р°РјРµСЂС‚РІРѕ.
[0;0mРЎРµСЂР°СЏ РјС‹С€СЊ РјРµСЂС‚РІР°, РµРµ РґСѓС€Р° РјРµРґР»РµРЅРЅРѕ РїРѕРґС‹РјР°РµС‚СЃСЏ РІ РЅРµР±РµСЃР°.
Р’Р°С€Рµ РґРµСЏРЅРёРµ РЅРёРєС‚Рѕ РЅРµ РѕС†РµРЅРёР».
РўСЂСѓРї СЃРµСЂРѕР№ РјС‹С€Рё РїСѓСЃС‚.

[0;32m60H[0;37m [0;32m99M[0;37m 1073Рѕ Р—Р°СѓС‡:0 Р’С‹С…:Р’Р—> ящ[1;36mР’ СЃРµРЅСЏС… [5101][0;37m
   РЎРµРЅРё РєРѕРіРґР°-С‚Рѕ СЃР»СѓР¶РёР»Рё РїСЂРѕРјРµР¶СѓС‚РѕС‡РЅРѕР№ С‡Р°СЃС‚СЊСЋ РјРµР¶РґСѓ РѕС‚Р°РїР»РёРІР°РµРјРѕР№ Рё 
С…РѕР·СЏР№СЃС‚РІРµРЅРЅРѕР№ С‡Р°СЃС‚СЊСЋ РґРѕРјР°. Р—РґРµСЃСЊ РєРѕРіРґР°-С‚Рѕ Р»РµР¶Р°Р»Р° РЅРµС…РёС‚СЂР°СЏ РєСЂРµСЃС‚СЊСЏРЅСЃРєР°СЏ 
СѓС‚РІР°СЂСЊ, РЅРѕ СЃРµР№С‡Р°СЃ С‚РѕР»СЊРєРѕ РїС‹Р»СЊ Рё РіСЂСЏР·СЊ.

[1;33mРўСЂСѓРї СЃРµСЂРѕР№ РјС‹С€Рё Р»РµР¶РёС‚ Р·РґРµСЃСЊ.
[1;31m[0;0m
[0;32m60H[0;37m [0;32m99M[0;37m 1073Рѕ Р—Р°СѓС‡:0 Р’С‹С…:Р’Р—> ящР’С‹ РїРѕРїР»РµР»РёСЃСЊ РЅР° Р·Р°РїР°Рґ.
[1;36mР’ СЃРµРЅСЏС… [5102][0;37m
   Р§С‚Рѕ Р·Р°СЃС‚Р°РІРёР»Рѕ С…РѕР·СЏРµРІ РїРѕРєРёРЅСѓС‚СЊ СЌС‚РѕС‚ РґРѕРј, СЃРѕС…СЂР°РЅРёРІС€РёР№СЃСЏ РІ РїСЂРёР»РёС‡РЅРѕРј СЃРѕСЃС‚РѕСЏРЅРёРё
РґР°Р¶Рµ Р·Р° РґРѕР»РіРѕРµ РІСЂРµРјСЏ Р·Р°РїСѓСЃС‚РµРЅРёСЏ Рё РѕРґРёРЅРѕС‡РµСЃС‚РІР°? Р’ СЌС‚РѕРј РјРµСЃС‚Рµ СЃРµРЅРµР№ РЅР°С…РѕРґСЏС‚СЃСЏ
РґРІРµ РґРІРµСЂРё, РѕРґРЅР° РёР· РєРѕС‚РѕСЂС‹С… РІРµРґРµС‚ РІ РёР·Р±Сѓ, РґСЂСѓРіР°СЏ - РЅР° СЃРµРЅРѕРІР°Р».  

[1;33m[1;31m[0;0m
[0;32m60H[0;37m [0;32m98M[0;37m 1073Рѕ Р—Р°СѓС‡:0 Р’С‹С…:РЎР’Р®> ящР’С‹ РЅРµ СЃРјРѕР¶РµС‚Рµ С‚СѓРґР° РїСЂРѕР№С‚Рё...

[0;32m60H[0;37m [0;32m99M[0;37m 1073Рѕ Р—Р°СѓС‡:0 Р’С‹С…:РЎР’Р®> ящР’С‹ РїРѕРїР»РµР»РёСЃСЊ РЅР° СЋРі.
[1;36mРќР° СЃРµРЅРѕРІР°Р»Рµ [5103][0;37m
   РџРѕРґ РЅРѕРіР°РјРё СЂР°Р·Р±СЂРѕСЃР°РЅР° СЃРѕР»РѕРјР° РІРїРµСЂРµРјРµС€РєСѓ СЃ СЃРµРЅРѕРј, РїРѕ СѓРіР»Р°Рј Р»РµР¶Р°С‚ СЃС‚Р°СЂС‹Рµ
РёРЅСЃС‚СЂСѓРјРµРЅС‚С‹. РЎСЋРґР° Р·Р°Р±СЂР°СЃС‹РІР°РµС‚СЃСЏ РєРѕСЂРј РґР»СЏ РґРѕРјР°С€РЅРµРіРѕ СЃРєРѕС‚Р°, Р° РїРѕС‚РѕРј РїРѕРґР°РµС‚СЃСЏ
РїРѕ СЃС‚РѕР№Р»Р°Рј.

[1;33m[1;31m(Р»РµС‚РёС‚) РњРѕР»СЊ Р»РµС‚Р°РµС‚ Р·РґРµСЃСЊ.
[0;0m
[0;32m60H[0;37m [0;32m98M[0;37m 1073Рѕ Р—Р°СѓС‡:0 Р’С‹С…:РЎР’Р®> ящР’С‹ РїРѕРїР»РµР»РёСЃСЊ РЅР° СЋРі.
[1;36mРќР° СЃРµРЅРѕРІР°Р»Рµ [5105][0;37m
   РљРѕРіРґР°-С‚Рѕ РІРµСЃСЊ Р·Р°РїРѕР»РЅРµРЅРЅС‹Р№ РІРµСЂРµРІРєР°РјРё СЃ СЃСѓС€РµРЅРЅС‹Рј Р»СѓРєРѕРј, С‡РµСЃРЅРѕРєРѕРј Рё РґСЂСѓРіРёРјРё
СЃРїРµС†РёСЏРјРё. РЎРµР№С‡Р°СЃ РґР°Р¶Рµ Р·Р°РїР°С…Р° РѕС‚ РЅРёС… РЅРµ РѕСЃС‚Р°Р»РѕСЃСЊ.

[1;33mРўСЂСѓРї СЃРµСЂРѕР№ РјС‹С€Рё Р»РµР¶РёС‚ Р·РґРµСЃСЊ.
[1;31m[0;0m
[0;32m60H[0;37m [0;32m98M[0;37m 1073Рѕ Р—Р°СѓС‡:0 Р’С‹С…:РЎР’> ящР’С‹ РїРѕРїР»РµР»РёСЃСЊ РЅР° РІРѕСЃС‚РѕРє.
[1;36mРќР° СЃРµРЅРѕРІР°Р»Рµ [5106][0;37m
   Р—РґРµСЃСЊ РєРѕРіРґР°-С‚Рѕ С…СЂР°РЅРёР»РёСЃСЊ РјРµС€РєРё СЃ Р·РµСЂРЅРѕРј Рё РјСѓРєРѕР№. Р”Р°Р¶Рµ СЃРµР№С‡Р°СЃ РµС‰Рµ РЅР°
РїРѕР»Сѓ РїРѕРїР°РґР°СЋС‚СЃСЏ СЂР°Р·Р±СЂРѕСЃР°РЅРЅС‹Рµ Р·РµСЂРЅР° Рё Р±РµР»С‹Рµ РїСЏС‚РЅР° РѕС‚ РјСѓРєРё. Р”Р»СЏ СЂР°С‡РёС‚РµР»СЊРЅС‹С…
С…РѕР·СЏРµРІ РЅРµРїРѕР·РІРѕР»РёС‚РµР»СЊРЅРѕ, С‡С‚РѕР±С‹ С…Р»РµР± С‚Р°Рє Р±СЂРѕСЃР°Р»СЃСЏ.

[1;33m[1;31m[0;0m
[0;32m60H[0;37m [0;32m98M[0;37m 1073Рѕ Р—Р°СѓС‡:0 Р’С‹С…:РЎР—> ящР’С‹ РїРѕРїР»РµР»РёСЃСЊ РЅР° СЃРµРІРµСЂ.
[1;36mРќР° СЃРµРЅРѕРІР°Р»Рµ [5104][0;37m
   РџРѕРґ РЅРѕРіР°РјРё СЂР°Р·Р±СЂРѕСЃР°РЅР° СЃРѕР»РѕРјР° РІРїРµСЂРµРјРµС€РєСѓ СЃ СЃРµРЅРѕРј, РїРѕ СѓРіР»Р°Рј Р»РµР¶Р°С‚ СЃС‚Р°СЂС‹Рµ
РёРЅСЃС‚СЂСѓРјРµРЅС‚С‹. РЎСЋРґР° Р·Р°Р±СЂР°СЃС‹РІР°РµС‚СЃСЏ РєРѕСЂРј РґР»СЏ РґРѕРјР°С€РЅРµРіРѕ СЃРєРѕС‚Р°, Р° РїРѕС‚РѕРј РїРѕРґР°РµС‚СЃСЏ
РїРѕ СЃС‚РѕР№Р»Р°Рј.

[1;33mРўСЂСѓРї С‚Р°СЂР°РєР°РЅР° Р»РµР¶РёС‚ Р·РґРµСЃСЊ.
РўСЂСѓРї РјСѓС…Рё Р»РµР¶РёС‚ Р·РґРµСЃСЊ.
РќР° РїРѕР»Сѓ Р»РµР¶РёС‚ Р»РµСЃС‚РЅРёС†Р°.
[1;31mР‘Р»РѕС…Р° РїСЂСЏС‡РµС‚СЃСЏ РІ РјСѓСЃРѕСЂРµ.
[0;0m
[0;32m60H[0;37m [0;32m98M[0;37m 1073Рѕ Р—Р°СѓС‡:0 Р’С‹С…:Р®Р—> ящР’С‹ РїРѕРїР»РµР»РёСЃСЊ РЅР° Р·Р°РїР°Рґ.
[1;36mРќР° СЃРµРЅРѕРІР°Р»Рµ [5103][0;37m
   РџРѕРґ РЅРѕРіР°РјРё СЂР°Р·Р±СЂРѕСЃР°РЅР° СЃРѕР»РѕРјР° РІРїРµСЂРµРјРµС€РєСѓ СЃ СЃРµРЅРѕРј, РїРѕ СѓРіР»Р°Рј Р»РµР¶Р°С‚ СЃС‚Р°СЂС‹Рµ
РёРЅСЃС‚СЂСѓРјРµРЅС‚С‹. РЎСЋРґР° Р·Р°Р±СЂР°СЃС‹РІР°РµС‚СЃСЏ РєРѕСЂРј РґР»СЏ РґРѕРјР°С€РЅРµРіРѕ СЃРєРѕС‚Р°, Р° РїРѕС‚РѕРј РїРѕРґР°РµС‚СЃСЏ
РїРѕ СЃС‚РѕР№Р»Р°Рј.

[1;33m[1;31m(Р»РµС‚РёС‚) РњРѕР»СЊ Р»РµС‚Р°РµС‚ Р·РґРµСЃСЊ.
[0;0m
[0;32m60H[0;37m [0;32m98M[0;37m 1073Рѕ Р—Р°СѓС‡:0 Р’С‹С…:РЎР’Р®> ящР’С‹ РїРѕРїР»РµР»РёСЃСЊ РЅР° СЋРі.
[1;36mРќР° СЃРµРЅРѕРІР°Р»Рµ [5105][0;37m
   РљРѕРіРґР°-С‚Рѕ РІРµСЃСЊ Р·Р°РїРѕР»РЅРµРЅРЅС‹Р№ РІРµСЂРµРІРєР°РјРё СЃ СЃСѓС€РµРЅРЅС‹Рј Р»СѓРєРѕРј, С‡РµСЃРЅРѕРєРѕРј Рё РґСЂСѓРіРёРјРё
СЃРїРµС†РёСЏРјРё. РЎРµР№С‡Р°СЃ РґР°Р¶Рµ Р·Р°РїР°С…Р° РѕС‚ РЅРёС… РЅРµ РѕСЃС‚Р°Р»РѕСЃСЊ.

[1;33mРўСЂСѓРї СЃРµСЂРѕР№ РјС‹С€Рё Р»РµР¶РёС‚ Р·РґРµСЃСЊ.
[1;31m[0;0m
[0;32m60H[0;37m [0;32m98M[0;37m 1073Рѕ Р—Р°СѓС‡:0 Р’С‹С…:РЎР’> ящР’С‹ РїРѕРїР»РµР»РёСЃСЊ РЅР° РІРѕСЃС‚РѕРє.
[1;36mРќР° СЃРµРЅРѕРІР°Р»Рµ [5106][0;37m
   Р—РґРµСЃСЊ РєРѕРіРґР°-С‚Рѕ С…СЂР°РЅРёР»РёСЃСЊ РјРµС€РєРё СЃ Р·РµСЂРЅРѕРј Рё РјСѓРєРѕР№. Р”Р°Р¶Рµ СЃРµР№С‡Р°СЃ РµС‰Рµ РЅР°
РїРѕР»Сѓ РїРѕРїР°РґР°СЋС‚СЃСЏ СЂР°Р·Р±СЂРѕСЃР°РЅРЅС‹Рµ Р·РµСЂРЅР° Рё Р±РµР»С‹Рµ РїСЏС‚РЅР° РѕС‚ РјСѓРєРё. Р”Р»СЏ СЂР°С‡РёС‚РµР»СЊРЅС‹С…
С…РѕР·СЏРµРІ РЅРµРїРѕР·РІРѕР»РёС‚РµР»СЊРЅРѕ, С‡С‚РѕР±С‹ С…Р»РµР± С‚Р°Рє Р±СЂРѕСЃР°Р»СЃСЏ.

[1;33m[1;31m[0;0m
[0;32m60H[0;37m [0;32m98M[0;37m 1073Рѕ Р—Р°СѓС‡:0 Р’С‹С…:РЎР—> ящР’С‹ РїРѕРїР»РµР»РёСЃСЊ РЅР° СЃРµРІРµСЂ.
[1;36mРќР° СЃРµРЅРѕРІР°Р»Рµ [5104][0;37m
   РџРѕРґ РЅРѕРіР°РјРё СЂР°Р·Р±СЂРѕСЃР°РЅР° СЃРѕР»РѕРјР° РІРїРµСЂРµРјРµС€РєСѓ СЃ СЃРµРЅРѕРј, РїРѕ СѓРіР»Р°Рј Р»РµР¶Р°С‚ СЃС‚Р°СЂС‹Рµ
РёРЅСЃС‚СЂСѓРјРµРЅС‚С‹. РЎСЋРґР° Р·Р°Р±СЂР°СЃС‹РІР°РµС‚СЃСЏ РєРѕСЂРј РґР»СЏ РґРѕРјР°С€РЅРµРіРѕ СЃРєРѕС‚Р°, Р° РїРѕС‚РѕРј РїРѕРґР°РµС‚СЃСЏ
РїРѕ СЃС‚РѕР№Р»Р°Рј.

[1;33mРўСЂСѓРї С‚Р°СЂР°РєР°РЅР° Р»РµР¶РёС‚ Р·РґРµСЃСЊ.
РўСЂСѓРї РјСѓС…Рё Р»РµР¶РёС‚ Р·РґРµСЃСЊ.
РќР° РїРѕР»Сѓ Р»РµР¶РёС‚ Р»РµСЃС‚РЅРёС†Р°.
[1;31mР‘Р»РѕС…Р° РїСЂСЏС‡РµС‚СЃСЏ РІ РјСѓСЃРѕСЂРµ.
[0;0m
[0;32m60H[0;37m [0;32m98M[0;37m 1073Рѕ Р—Р°СѓС‡:0 Р’С‹С…:Р®Р—> ящР’С‹ РїРѕРїР»РµР»РёСЃСЊ РЅР° Р·Р°РїР°Рґ.
[1;36mРќР° СЃРµРЅРѕРІР°Р»Рµ [5103][0;37m
   РџРѕРґ РЅРѕРіР°РјРё СЂР°Р·Р±СЂРѕСЃР°РЅР° СЃРѕР»РѕРјР° РІРїРµСЂРµРјРµС€РєСѓ СЃ СЃРµРЅРѕРј, РїРѕ СѓРіР»Р°Рј Р»РµР¶Р°С‚ СЃС‚Р°СЂС‹Рµ
РёРЅСЃС‚СЂСѓРјРµРЅС‚С‹. РЎСЋРґР° Р·Р°Р±СЂР°СЃС‹РІР°РµС‚СЃСЏ РєРѕСЂРј РґР»СЏ РґРѕРјР°С€РЅРµРіРѕ СЃРєРѕС‚Р°, Р° РїРѕС‚РѕРј РїРѕРґР°РµС‚СЃСЏ
РїРѕ СЃС‚РѕР№Р»Р°Рј.

[1;33m[1;31m[0;0m
[0;32m60H[0;37m [0;32m98M[0;37m 1073Рѕ Р—Р°СѓС‡:0 Р’С‹С…:РЎР’Р®> ящР’С‹ РїРѕРїР»РµР»РёСЃСЊ РЅР° СЃРµРІРµСЂ.
[1;36mР’ СЃРµРЅСЏС… [5102][0;37m
   Р§С‚Рѕ Р·Р°СЃС‚Р°РІРёР»Рѕ С…РѕР·СЏРµРІ РїРѕРєРёРЅСѓС‚СЊ СЌС‚РѕС‚ РґРѕРј, СЃРѕС…СЂР°РЅРёРІС€РёР№СЃСЏ РІ РїСЂРёР»РёС‡РЅРѕРј СЃРѕСЃС‚РѕСЏРЅРёРё
РґР°Р¶Рµ Р·Р° РґРѕР»РіРѕРµ РІСЂРµРјСЏ Р·Р°РїСѓСЃС‚РµРЅРёСЏ Рё РѕРґРёРЅРѕС‡РµСЃС‚РІР°? Р’ СЌС‚РѕРј РјРµСЃС‚Рµ СЃРµРЅРµР№ РЅР°С…РѕРґСЏС‚СЃСЏ
РґРІРµ РґРІРµСЂРё, РѕРґРЅР° РёР· РєРѕС‚РѕСЂС‹С… РІРµРґРµС‚ РІ РёР·Р±Сѓ, РґСЂСѓРіР°СЏ - РЅР° СЃРµРЅРѕРІР°Р».  

[1;33m[1;31m(Р»РµС‚РёС‚) РњРѕР»СЊ Р»РµС‚Р°РµС‚ Р·РґРµСЃСЊ.
[0;0m
[0;32m60H[0;37m [0;32m98M[0;37m 1073Рѕ Р—Р°СѓС‡:0 Р’С‹С…:РЎР’Р®> ящР’С‹ РїРѕРїР»РµР»РёСЃСЊ РЅР° РІРѕСЃС‚РѕРє.
[1;36mР’ СЃРµРЅСЏС… [5101][0;37m
   РЎРµРЅРё РєРѕРіРґР°-С‚Рѕ СЃР»СѓР¶РёР»Рё РїСЂРѕРјРµР¶СѓС‚РѕС‡РЅРѕР№ С‡Р°СЃС‚СЊСЋ РјРµР¶РґСѓ РѕС‚Р°РїР»РёРІР°РµРјРѕР№ Рё 
С…РѕР·СЏР№СЃС‚РІРµРЅРЅРѕР№ С‡Р°СЃС‚СЊСЋ РґРѕРјР°. Р—РґРµСЃСЊ РєРѕРіРґР°-С‚Рѕ Р»РµР¶Р°Р»Р° РЅРµС…РёС‚СЂР°СЏ РєСЂРµСЃС‚СЊСЏРЅСЃРєР°СЏ 
СѓС‚РІР°СЂСЊ, РЅРѕ СЃРµР№С‡Р°СЃ С‚РѕР»СЊРєРѕ РїС‹Р»СЊ Рё РіСЂСЏР·СЊ.

[1;33mРўСЂСѓРї СЃРµСЂРѕР№ РјС‹С€Рё Р»РµР¶РёС‚ Р·РґРµСЃСЊ.
[1;31m[0;0m
[0;32m60H[0;37m [0;32m97M[0;37m 1073Рѕ Р—Р°СѓС‡:0 Р’С‹С…:Р’Р—> ящР’С‹ РїРѕРїР»РµР»РёСЃСЊ РЅР° РІРѕСЃС‚РѕРє.
[1;36mРќР° РєСЂС‹Р»СЊС†Рµ [5100][0;37m
   РџРѕРєРѕСЃРёРІС€РµРµСЃСЏ РєСЂС‹Р»СЊС†Рѕ СЃРєСЂРёРїРёС‚ РїРѕРґ РЅРѕРіР°РјРё. Р”РµСЂРµРІРѕ РїРѕС‡РµСЂРЅРµР»Рѕ Рё РѕР±Р»СѓРїРёР»РѕСЃСЊ, РЅРѕ
СЃРѕС…СЂР°РЅРёР»Рѕ РєСЂРµРїРѕСЃС‚СЊ. РҐРѕС‚СЊ Рё РјРѕР¶РЅРѕ Р·РґРµСЃСЊ РїРѕСЃС‚РѕСЏС‚СЊ, РЅРѕ Р’Р°СЃ Р±РѕР»СЊС€Рµ РёРЅС‚РµСЂРµСЃСѓРµС‚ СЃР°Рј
Р·Р°Р±СЂРѕС€РµРЅРЅС‹Р№ РґРѕРј. РҐРѕС‡РµС‚СЃСЏ Р·Р°Р№С‚Рё, РЅРѕ С…РѕР»РѕРґРѕРє РІ РіСЂСѓРґРё Р·Р°СЃС‚Р°РІР»СЏРµС‚ РїРѕРґСѓРјР°С‚СЊ РЅР°Рґ
СЌС‚РёРј С€Р°РіРѕРј. 

[1;33mРўСЂСѓРї Р±Р»РѕС…Рё Р»РµР¶РёС‚ Р·РґРµСЃСЊ.
[1;31m[0;0m
[0;32m60H[0;37m [0;32m97M[0;37m 1073Рѕ Р—Р°СѓС‡:0 Р’С‹С…:Р’Р—> ящР’С‹ РїРѕРїР»РµР»РёСЃСЊ РЅР° РІРѕСЃС‚РѕРє.
[1;36mР—Р°Р±СЂРѕС€РµРЅРЅС‹Р№ РґРѕРј [5023][0;37m
   РЎ РІРёРґСѓ С…РѕСЂРѕС€РёР№ РґРѕРј СЃС‚РѕРёС‚ РЅР° С†РµРЅС‚СЂР°Р»СЊРЅРѕР№ СѓР»РёС†Рµ СЃСЂРµРґРё Р±РѕР»СЊС€РёС… Рё Р±РѕРіР°С‚С‹С…
РґРѕРјРѕРІ. Р—Р°РєРѕР»РѕС‡РµРЅС‹ СЃС‚Р°РІРЅРё, Р·Р°РїСѓСЃС‚РµРЅСЊРµ РІРѕ РґРІРѕСЂРµ. Р§С‚Рѕ Р·Р° РЅР°РїР°СЃС‚СЊ Р·Р°СЃС‚Р°РІРёР»Р° 
С…РѕР·СЏРµРІ РїРѕРєРёРЅСѓС‚СЊ СЃРІРѕРµ Р¶РёР»РёС‰Рµ Рё РёСЃРєР°С‚СЊ РЅРѕРІРѕРµ РјРµСЃС‚Рѕ.

[1;33m[1;31mРџРѕР¶РёР»РѕР№ С€РёСЂРѕРєРѕРїР»РµС‡РёР№ РєСЂРµСЃС‚СЊСЏРЅРёРЅ РІ РґРѕР±СЂРѕС‚РЅРѕР№ РѕРґРµР¶РґРµ РїСЂРѕС…Р°Р¶РёРІР°РµС‚СЃСЏ С‚СѓС‚.
[0;0m
Р”РµСЂРµРІРЅСЏ Сѓ СЂРµРєРё (2-Р°СЏ СЂРѕРґРѕРІР°СЏ).

[0;32m60H[0;37m [0;32m97M[0;37m 1073Рѕ Р—Р°СѓС‡:0 Р’С‹С…:Р’Р—> ящР’С‹ РїРѕРїР»РµР»РёСЃСЊ РЅР° РІРѕСЃС‚РѕРє.
[1;36mРљ С†РµРЅС‚СЂСѓ РґРµСЂРµРІРЅРё [5006][0;37m
   РџРѕРЅРµРјРЅРѕРіСѓ РѕСЃС‚Р°СЋС‚СЃСЏ РїРѕР·Р°РґРё РіР»Р°РІРЅС‹Рµ РґРѕРјР° РґРµСЂРµРІРЅРё, Рё РІРѕРєСЂСѓРі РѕС‚РєСЂС‹РІР°РµС‚СЃСЏ РѕР±С‹С‡РЅС‹Р№
РґРµСЂРµРІРµРЅСЃРєРёР№ РІРёРґ. РљСЂРµРїРєРёРµ РґРѕРјР° СЃ РјР°Р»РµРЅСЊРєРёРјРё РѕРєРЅР°РјРё, РЅРѕ РЅРµРёР·РјРµРЅРЅС‹РјРё С‚СЂСѓР±Р°РјРё
РїРµС‡РµР№. РР·РіРѕСЂРѕРґСЊ, СЃС‚РѕСЏС‰Р°СЏ Р·Р° РґРѕРјР°РјРё РІРґРѕР»СЊ Р»РµСЃР° Рё Р·Р°С‰РёС‰Р°СЋС‰Р°СЏ РґРµСЂРµРІРЅСЋ СЃ С‚С‹Р»Р°. 
РќРµС‚РѕСЂРѕРїР»РёРІС‹Р№ Р»СЋРґ, РёРґСѓС‰РёР№ РїРѕ СЃРІРѕРёРј РёР·РІРµС‡РЅС‹Рј РґРµР»Р°Рј.

[1;33m[1;31mРРЅРѕР·РµРјРµС† СЃС‚РѕРёС‚ Р·РґРµСЃСЊ.
[0;0m[1;36mРРЅРѕР·РµРјРµС† СЃРєР°Р·Р°Р» РІР°Рј : 'РќРµ РїРѕРґСЃРєР°Р¶РµС‚Рµ, Р»СЋРґРё РґРѕР±СЂС‹Рµ, РєР°Рє РґРѕР±СЂР°С‚СЊСЃСЏ РґРѕ РљРёРµРІР°?'[0;37m
[1;30mРРЅРѕР·РµРјРµС† РѕС‰РµСЂРёР» Р·СѓР±С‹ РІ РіРЅСѓСЃРЅРѕР№ СѓС…РјС‹Р»РєРµ.[0;0m

[0;32m60H[0;37m [0;32m98M[0;37m 1073Рѕ Р—Р°СѓС‡:0 Р’С‹С…:РЎР’Р®Р—> ящР’С‹ РїРѕРїР»РµР»РёСЃСЊ РЅР° СЋРі.
[1;36mРџРµСЂРµРґ РїРѕСЃС‚РѕСЏР»С‹Рј РґРІРѕСЂРѕРј [5005][0;37m
   Р§СѓС‚СЊ РЅРµ СЃРїРѕС‚РєРЅСѓРІС€РёСЃСЊ Рѕ РґРѕСЃРєСѓ, Р»РµР¶Р°С‰СѓСЋ СЃСЂР°Р·Сѓ Сѓ РїРѕСЂРѕРіР° РїРѕСЃС‚РѕСЏР»РѕРіРѕ РґРІРѕСЂР°,
РІС‹ РѕРєР°Р·Р°Р»РёСЃСЊ РЅР° С†РµРЅС‚СЂР°Р»СЊРЅРѕР№ СѓР»РёС†Рµ РґРµСЂРµРІРЅРё. РРјРµРЅРЅРѕ РЅР° СЌС‚РѕР№ СѓР»РёС†Рµ РјРѕР¶РЅРѕ 
Р±С‹СЃС‚СЂРѕ РЅР°Р№С‚Рё Р»Р°РІРєСѓ СЂРµРјРµСЃР»РµРЅРЅРёРєР°, РґРѕРј Р·РЅР°С…Р°СЂСЏ, РєРѕРЅСЋС€РЅСЋ Рё РґРѕРј СЃС‚Р°СЂРµР№С€РёРЅС‹.
Р’ СЋР¶РЅРѕР№ С‡Р°СЃС‚Рё РґРµСЂРµРІРЅРё РїРѕСЃРµР»РёР»РёСЃСЊ РІРѕСЂРѕР¶РµРё.

[1;33m[1;31m[0;0m
[0;32m60H[0;37m [0;32m98M[0;37m 1073Рѕ Р—Р°СѓС‡:0 Р’С‹С…:РЎР’Р®Р—> ящР’С‹ РїРѕРїР»РµР»РёСЃСЊ РЅР° РІРѕСЃС‚РѕРє.
[1;36mРџРѕСЃС‚РѕСЏР»С‹Р№ РґРІРѕСЂ [5001][0;37m
   Р”РµСЂРµРІРЅСЏ С…РѕС‚СЊ Рё РЅРµР±РѕР»СЊС€Р°СЏ, РЅРѕ РїРѕСЃС‚РѕСЏР»С‹Р№ РґРІРѕСЂ РёРјРµРµС‚СЃСЏ, РґР»СЏ Р·Р°РµР·Р¶РёС… РіРѕСЃС‚РµР№,
С‡С‚РѕР±С‹ Р±С‹Р»Рѕ РіРґРµ РїРµСЂРµРІРµСЃС‚Рё РґСѓС…, РµРґРѕР№ Рё РїРёС‚СЊРµРј Р·Р°РїР°СЃС‚РёСЃСЊ. Рђ РµСЃР»Рё РЅР° РґРІРѕСЂРµ СѓР¶
РЅРѕС‡СЊ РёР»СЊ РїСЂРѕСЃС‚Рѕ РЅР°РґРѕ РѕСЃС‚Р°РЅРѕРІРёС‚СЃСЏ РЅР° РґРµРЅСЊ РґСЂСѓРіРѕР№ РІ РґРµСЂРµРІРЅРµ, Р° СЂРѕРґСЃС‚РІРµРЅРЅРёРєРѕРІ
РЅРµС‚, С‚Р°Рє РјРѕР¶РЅРѕ Рё РїРµСЂРµРЅРѕС‡РµРІР°С‚СЊ РІ РіРѕСЂРЅРёС†Р°С… РЅР°РІРµСЂС…Сѓ.

[1;33m[1;31mРЎРµРґРѕРІР»Р°СЃС‹Р№ СЃРєР°Р·РёС‚РµР»СЊ РіРѕС‚РѕРІ РїРѕРґРµР»РёС‚СЊСЃСЏ СЃ Р’Р°РјРё РёРЅС‚РµСЂРµСЃРЅРѕР№ РёСЃС‚РѕСЂРёРµР№.
РўСЂР°РєС‚РёСЂС‰РёРє РѕС‚РґС‹С…Р°РµС‚ Р·Р° СЃС‚РѕР№РєРѕР№.
[0;0m
[0;32m60H[0;37m [0;32m98M[0;37m 1073Рѕ Р—Р°СѓС‡:0 Р’С‹С…:Р—^> ящР’С‹ РїРѕРїР»РµР»РёСЃСЊ РІРІРµСЂС….
[1;36mРљРѕРјРЅР°С‚С‹ РѕС‚РґС‹С…Р° [5000][0;37m
   РҐРѕР·СЏРёРЅ СѓСЃС‚СЂРѕРёР» Р·РґРµСЃСЊ РєРѕРјРЅР°С‚С‹ РґР»СЏ РѕС‚РґС‹С…Р°. Р›СЋР±РѕР№ Р¶РµР»Р°СЋС‰РёР№ РјРѕР¶РµС‚ РѕСЃС‚Р°РЅРѕРІРёС‚СЊСЃСЏ
Р·РґРµСЃСЊ Рё РїРµСЂРµРґРѕС…РЅСѓС‚СЊ РїРѕСЃР»Рµ РґР°Р»СЊРЅРµР№ РґРѕСЂРѕРіРё. РЎРІРµС‚Р»С‹Рµ РіРѕСЂРЅРёС†С‹ С‚Р°Рє Рё РїСЂРёРіР»Р°С€Р°СЋС‚
РїСЂРѕР№С‚Рё РІ РЅРёС… Рё СЂР°СЃС‚СЏРЅСѓС‚СЊСЃСЏ РЅР° РїРµСЂРёРЅРµ, РЅР° РїСѓС…РѕРІРѕР№ РґР° Р·Р°Р±С‹С‚СЊСЃСЏ СЃРЅРѕРј Р±РѕРіР°С‚С‹СЂСЃРєРёРј.
Р—РґРµСЃСЊ Р¶Рµ РјРѕР¶РЅРѕ РїРѕРґРѕР¶РґР°С‚СЊ СЃРІРѕРёС… РєРѕРјРїР°РЅСЊРѕРЅРѕРІ РїРµСЂРµРґ РґРѕР»РіРѕР№ РґРѕСЂРѕРіРѕР№, РїРѕРіРѕРІРѕСЂРёС‚СЊ
Рѕ РґР°Р»СЊРЅРµР№С€РёС… РїР»Р°РЅР°С….
[1;32mРЎРѕРІСЃРµРј РјР°Р»С‹С…, РґР° РЅРµ РѕР±СѓС‡РµРЅРЅС‹С… С‚Р°Рє Рё С‚СЏРЅРµС‚ [1;33mРІРѕР№С‚Рё [1;32mРІ [1;33mС€РєРѕР»Сѓ[1;32m.[0;0m

[1;33mР”РѕСЃРєР° РґР»СЏ СЂР°Р·Р»РёС‡РЅС‹С… Р·Р°РјРµС‚РѕРє Рё РѕР±СЉСЏРІР»РµРЅРёР№ РїСЂРёР±РёС‚Р° С‚СѓС‚ ..Р±Р»РµСЃС‚РёС‚!
[1;31mРҐРѕР·СЏР№РєР° РїРѕСЃС‚РѕСЏР»РѕРіРѕ РґРІРѕСЂР° СЂР°СЃРїРѕСЂСЏР¶Р°РµС‚СЃСЏ Р·РґРµСЃСЊ.
[0;0m
[0;32m60H[0;37m [0;32m98M[0;37m 1073Рѕ Р—Р°СѓС‡:0 Р’С‹С…:v> ящ
[1;31mРњРёРЅСѓР» С‡Р°СЃ.[0;37m

[0;32m60H[0;37m [0;32m99M[0;37m 1073Рѕ Р—Р°СѓС‡:0 Р’С‹С…:v> ящРҐРѕР·СЏР№РєР° СЃРєР°Р·Р°Р»Р° РІР°Рј : "РћРґРµС‚С‹Р№ СЃРїР°С‚СЊ Р±СѓРґРµС€СЊ? РҐРј.. РќСѓ СЃРјРѕС‚СЂРё, С‚РѕРіРґР° РґРµС€РµРІР»Рµ РІРѕР·СЊРјСѓ"
[1;37m - 0 РєСѓРЅ (0 РµСЃР»Рё СЃРЅСЏС‚СЊ) Р·Р° РєРѕР¶Р°РЅС‹Рµ РїРѕСЂС‚РєРё [0;37m
[1;37m - 0 РєСѓРЅ (0 РµСЃР»Рё СЃРЅСЏС‚СЊ) Р·Р° Р±СЂРѕРЅР·РѕРІС‹Р№ РєРёРЅР¶Р°Р» [0;37m
РҐРѕР·СЏР№РєР° СЃРєР°Р·Р°Р»Р° РІР°Рј : "Р­С‚Рѕ СЏ РІ С‡СѓР»Р°РЅРµ Р·Р°РїСЂСѓ:"
 - 0 РєСѓРЅ Р·Р° Р»СѓРєРѕРІРёС†Сѓ 
 - 0 РєСѓРЅ (0 РµСЃР»Рё РЅР°РґРµС‚СЊ) Р·Р° СЃРІРµС‡РєСѓ 
 - 0 РєСѓРЅ Р·Р° РєРѕР¶Р°РЅСѓСЋ С„Р»СЏРіСѓ 
 - 0 РєСѓРЅ (0 РµСЃР»Рё РЅР°РґРµС‚СЊ) Р·Р° С…РѕР»С‰РѕРІС‹Р№ РјРµС€РѕРє 
РҐРѕР·СЏР№РєР° СЃРєР°Р·Р°Р»Р° РІР°Рј : "Р’ СЃСѓРјРјРµ СЌС‚Рѕ СЃРѕСЃС‚Р°РІРёС‚ 0 РєСѓРЅ РІ РґРµРЅСЊ ."
РҐРѕР·СЏР№РєР° СЃРєР°Р·Р°Р»Р° РІР°Рј : "РўР°Рє СѓР¶ Рё Р±С‹С‚СЊ, СЏ СЃРєРѕС‰Сѓ С‚РµР±Рµ РїРѕР»РѕРІРёРЅСѓ."
РўС‹ СЃРјРѕР¶РµС€СЊ Р¶РёС‚СЊ Сѓ РјРµРЅСЏ РґРѕ РІС‚РѕСЂРѕРіРѕ РїСЂРёС€РµСЃС‚РІРёСЏ.
РҐРѕР·СЏР№РєР° Р·Р°РїРµСЂР»Р° РІР°С€Рё РІРµС‰Рё РІ СЃСѓРЅРґСѓРє Рё РїРѕРІРµР»Р° РІ С‚РµСЃРЅСѓСЋ РєР°РјРѕСЂРєСѓ.

0) РћС‚СЃРѕРµРґРёРЅРёС‚СЊСЃСЏ.
1) РќР°С‡Р°С‚СЊ РёРіСЂСѓ.
2) Р’РІРµСЃС‚Рё РѕРїРёСЃР°РЅРёРµ РІР°С€РµРіРѕ РїРµСЂСЃРѕРЅР°Р¶Р°.
3) РЈР·РЅР°С‚СЊ РёСЃС‚РѕСЂРёСЋ.
4) РР·РјРµРЅРёС‚СЊ РїР°СЂРѕР»СЊ.
5) РЈРґР°Р»РёС‚СЊ РїРµСЂСЃРѕРЅР°Р¶Р°.
6) РР·РјРµРЅРёС‚СЊ РїР°СЂР°РјРµС‚СЂС‹ РїРµСЂСЃРѕРЅР°Р¶Р°.
7) Р’РєР»СЋС‡РёС‚СЊ/РІС‹РєР»СЋС‡РёС‚СЊ СЂРµР¶РёРј СЃР»РµРїРѕРіРѕ РёРіСЂРѕРєР°.

   Р§РµРіРѕ РІР°С€Р° РґСѓС€Р° Р¶РµР»Р°РµС‚? ящ
Р”Рѕ РІСЃС‚СЂРµС‡Рё РЅР° Р·РµРјР»Рµ РљРёРµРІСЃРєРѕР№.
Р’ СЃР»СѓС‡Р°Рµ РІР°С€РµРіРѕ РѕС‚СЃСѓС‚СЃС‚РІРёСЏ РїРµСЂСЃРѕРЅР°Р¶ Р±СѓРґРµС‚ С…СЂР°РЅРёС‚СЊСЃСЏ РґРѕ 18:38:34 25 РЎРµРЅС‚СЏР±СЂСЏ 2017 РіРѕРґР° РЅР°С€РµР№ СЌСЂС‹ :).
ящ